timestamp,lpu,event,value
167650.379946,1,sched_state,startup
167650.379948,2,sched_state,startup
167650.379946,6,sched_state,startup
167650.379975,7,sched_state,startup
167650.379975,3,sched_state,startup
167650.380218,0,sched_state,startup
167650.380219,5,sched_state,startup
167650.380249,1,tick,""
167650.380250,6,tick,""
167650.380250,2,tick,""
167650.380293,7,tick,""
167650.380293,3,tick,""
167650.380341,4,sched_state,startup
167650.380347,0,tick,""
167650.380381,5,tick,""
167650.380456,4,tick,""
167650.380521,2,queue_length,0
167650.380521,6,queue_length,0
167650.380527,2,sched_state,waiting
167650.380528,1,queue_length,0
167650.380529,6,sched_state,waiting
167650.380536,1,sched_state,waiting
167650.380541,2,tick,""
167650.380543,6,tick,""
167650.380551,1,tick,""
167650.383826,3,queue_length,0
167650.383826,7,queue_length,0
167650.383833,4,queue_length,0
167650.383836,5,queue_length,0
167650.383838,3,sched_state,waiting
167650.383838,7,sched_state,waiting
167650.383839,4,sched_state,waiting
167650.383843,5,sched_state,waiting
167650.383868,3,tick,""
167650.383868,7,tick,""
167650.383869,4,tick,""
167650.383871,5,tick,""
167650.384029,0,queue_length,0
167650.384362,7,sched_state,waiting
167650.384369,7,tick,""
167650.384390,2,sched_state,waiting
167650.384392,4,sched_state,waiting
167650.384396,2,tick,""
167650.384398,4,tick,""
167650.384440,5,sched_state,waiting
167650.384442,6,sched_state,waiting
167650.384449,5,tick,""
167650.384450,6,tick,""
167650.384454,4,sched_state,waiting
167650.384458,4,tick,""
167650.384458,1,sched_state,waiting
167650.384466,1,tick,""
167650.384482,0,sched_state,running
167650.384517,6,sched_state,waiting
167650.384523,1,sched_state,waiting
167650.384524,5,sched_state,waiting
167650.384525,6,tick,""
167650.384528,5,tick,""
167650.384528,1,tick,""
167650.384538,4,sched_state,waiting
167650.384541,4,tick,""
167650.384572,1,sched_state,waiting
167650.384577,1,tick,""
167650.384585,4,sched_state,waiting
167650.384588,4,tick,""
167650.384604,6,sched_state,waiting
167650.384614,6,tick,""
167650.384638,5,sched_state,waiting
167650.384638,4,sched_state,waiting
167650.384642,4,tick,""
167650.384642,5,tick,""
167650.384652,6,sched_state,waiting
167650.384656,6,tick,""
167650.384656,0,tick,""
167650.384666,0,reduction,""
167650.384670,0,sched_state,running
167650.384679,5,sched_state,waiting
167650.384684,5,tick,""
167650.384685,7,sched_state,waiting
167650.384688,1,sched_state,waiting
167650.384691,7,tick,""
167650.384695,1,tick,""
167650.384698,3,sched_state,waiting
167650.384703,3,tick,""
167650.384716,5,sched_state,waiting
167650.384721,5,tick,""
167650.384726,6,sched_state,waiting
167650.384732,6,tick,""
167650.384744,3,sched_state,waiting
167650.384744,1,sched_state,waiting
167650.384748,3,tick,""
167650.384749,1,tick,""
167650.384768,6,sched_state,waiting
167650.384774,5,sched_state,waiting
167650.384779,0,tick,""
167650.384778,2,sched_state,waiting
167650.384775,6,tick,""
167650.384784,7,sched_state,waiting
167650.384784,2,tick,""
167650.384785,5,tick,""
167650.384786,0,reduction,""
167650.384789,0,sched_state,running
167650.384789,7,tick,""
167650.384805,4,sched_state,waiting
167650.384809,4,tick,""
167650.384823,1,sched_state,waiting
167650.384828,1,tick,""
167650.384851,7,sched_state,waiting
167650.384856,7,tick,""
167650.384864,4,sched_state,waiting
167650.384868,4,tick,""
167650.384873,2,sched_state,waiting
167650.384878,2,tick,""
167650.384891,7,sched_state,waiting
167650.384893,5,sched_state,waiting
167650.384894,1,sched_state,waiting
167650.384896,4,sched_state,waiting
167650.384896,7,tick,""
167650.384897,5,tick,""
167650.384898,1,tick,""
167650.384899,4,tick,""
167650.384907,6,sched_state,waiting
167650.384912,6,tick,""
167650.384927,2,sched_state,waiting
167650.384931,2,tick,""
167650.384937,1,sched_state,waiting
167650.384950,1,tick,""
167650.384953,0,tick,""
167650.384958,3,sched_state,waiting
167650.384962,3,tick,""
167650.384964,0,reduction,""
167650.384969,0,sched_state,running
167650.384976,6,sched_state,waiting
167650.384981,6,tick,""
167650.384987,4,sched_state,waiting
167650.384991,4,tick,""
167650.384993,1,sched_state,waiting
167650.384998,1,tick,""
167650.384998,2,sched_state,waiting
167650.385002,2,tick,""
167650.385014,3,sched_state,waiting
167650.385019,3,tick,""
167650.385020,5,sched_state,waiting
167650.385025,5,tick,""
167650.385041,1,sched_state,waiting
167650.385045,6,sched_state,waiting
167650.385052,6,tick,""
167650.385053,1,tick,""
167650.385094,3,sched_state,waiting
167650.385100,3,tick,""
167650.385115,5,sched_state,waiting
167650.385117,1,sched_state,waiting
167650.385119,4,sched_state,waiting
167650.385119,6,sched_state,waiting
167650.385121,1,tick,""
167650.385122,4,tick,""
167650.385121,5,tick,""
167650.385126,0,tick,""
167650.385130,6,tick,""
167650.385132,0,reduction,""
167650.385137,0,sched_state,running
167650.385137,3,sched_state,waiting
167650.385142,3,tick,""
167650.385168,1,sched_state,waiting
167650.385173,1,tick,""
167650.385179,6,sched_state,waiting
167650.385188,6,tick,""
167650.385209,3,sched_state,waiting
167650.385214,3,tick,""
167650.385217,1,sched_state,waiting
167650.385222,1,tick,""
167650.385233,7,sched_state,waiting
167650.385234,0,tick,""
167650.385238,0,reduction,""
167650.385238,7,tick,""
167650.385241,0,sched_state,running
167650.385254,3,sched_state,waiting
167650.385259,3,tick,""
167650.385273,4,sched_state,waiting
167650.385275,5,sched_state,waiting
167650.385277,4,tick,""
167650.385280,5,tick,""
167650.385287,6,sched_state,waiting
167650.385292,6,tick,""
167650.385307,3,sched_state,waiting
167650.385311,3,tick,""
167650.385332,6,sched_state,waiting
167650.385336,6,tick,""
167650.385339,4,sched_state,waiting
167650.385342,4,tick,""
167650.385358,7,sched_state,waiting
167650.385359,5,sched_state,waiting
167650.385362,7,tick,""
167650.385364,5,tick,""
167650.385375,3,sched_state,waiting
167650.385379,3,tick,""
167650.385404,5,sched_state,waiting
167650.385404,0,tick,""
167650.385406,2,sched_state,waiting
167650.385409,0,reduction,""
167650.385409,5,tick,""
167650.385411,0,sched_state,running
167650.385411,2,tick,""
167650.385413,6,sched_state,waiting
167650.385414,3,sched_state,waiting
167650.385417,6,tick,""
167650.385418,3,tick,""
167650.385435,1,sched_state,waiting
167650.385439,1,tick,""
167650.385440,7,sched_state,waiting
167650.385445,7,tick,""
167650.385470,3,sched_state,waiting
167650.385475,3,tick,""
167650.385484,1,sched_state,waiting
167650.385487,4,sched_state,waiting
167650.385488,0,tick,""
167650.385489,1,tick,""
167650.385491,4,tick,""
167650.385493,0,reduction,""
167650.385500,0,sched_state,running
167650.385508,5,sched_state,waiting
167650.385509,2,sched_state,waiting
167650.385514,5,tick,""
167650.385514,2,tick,""
167650.385525,1,sched_state,waiting
167650.385527,3,sched_state,waiting
167650.385529,1,tick,""
167650.385531,3,tick,""
167650.385538,7,sched_state,waiting
167650.385542,4,sched_state,waiting
167650.385543,7,tick,""
167650.385546,4,tick,""
167650.385571,5,sched_state,waiting
167650.385576,5,tick,""
167650.385584,3,sched_state,waiting
167650.385585,1,sched_state,waiting
167650.385588,3,tick,""
167650.385589,1,tick,""
167650.385599,0,tick,""
167650.385601,6,sched_state,waiting
167650.385602,0,reduction,""
167650.385604,0,sched_state,running
167650.385606,6,tick,""
167650.385622,5,sched_state,waiting
167650.385628,5,tick,""
167650.385629,7,sched_state,waiting
167650.385634,7,tick,""
167650.385648,6,sched_state,waiting
167650.385651,2,sched_state,waiting
167650.385653,6,tick,""
167650.385655,2,tick,""
167650.385674,1,sched_state,waiting
167650.385679,1,tick,""
167650.385707,1,sched_state,waiting
167650.385710,6,sched_state,waiting
167650.385712,1,tick,""
167650.385712,2,sched_state,waiting
167650.385716,6,tick,""
167650.385717,2,tick,""
167650.385721,5,sched_state,waiting
167650.385725,4,sched_state,waiting
167650.385726,0,tick,""
167650.385726,5,tick,""
167650.385729,4,tick,""
167650.385731,0,reduction,""
167650.385737,0,sched_state,running
167650.385740,3,sched_state,waiting
167650.385744,7,sched_state,waiting
167650.385745,3,tick,""
167650.385747,7,tick,""
167650.385759,4,sched_state,waiting
167650.385762,4,tick,""
167650.385774,1,sched_state,waiting
167650.385779,1,tick,""
167650.385795,6,sched_state,waiting
167650.385796,4,sched_state,waiting
167650.385798,4,tick,""
167650.385800,6,tick,""
167650.385816,5,sched_state,waiting
167650.385821,5,tick,""
167650.385831,4,sched_state,waiting
167650.385831,0,tick,""
167650.385834,4,tick,""
167650.385836,0,reduction,""
167650.385838,6,sched_state,waiting
167650.385838,0,sched_state,running
167650.385837,7,sched_state,waiting
167650.385842,6,tick,""
167650.385842,7,tick,""
167650.385865,4,sched_state,waiting
167650.385872,4,tick,""
167650.385886,5,sched_state,waiting
167650.385891,5,tick,""
167650.385895,4,sched_state,waiting
167650.385899,4,tick,""
167650.385904,6,sched_state,waiting
167650.385909,6,tick,""
167650.385942,5,sched_state,waiting
167650.385943,7,sched_state,waiting
167650.385946,5,tick,""
167650.385948,4,sched_state,waiting
167650.385948,7,tick,""
167650.385951,4,tick,""
167650.385948,6,sched_state,waiting
167650.385956,6,tick,""
167650.385980,4,sched_state,waiting
167650.385983,4,tick,""
167650.385993,7,sched_state,waiting
167650.385996,0,tick,""
167650.385997,7,tick,""
167650.386005,0,reduction,""
167650.386009,0,sched_state,running
167650.386013,5,sched_state,waiting
167650.386018,5,tick,""
167650.386028,4,sched_state,waiting
167650.386031,4,tick,""
167650.386039,2,sched_state,waiting
167650.386039,6,sched_state,waiting
167650.386044,2,tick,""
167650.386044,6,tick,""
167650.386087,2,sched_state,waiting
167650.386092,2,tick,""
167650.386100,3,sched_state,waiting
167650.386109,3,tick,""
167650.386129,4,sched_state,waiting
167650.386132,4,tick,""
167650.386139,6,sched_state,waiting
167650.386144,6,tick,""
167650.386145,2,sched_state,waiting
167650.386149,2,tick,""
167650.386162,3,sched_state,waiting
167650.386167,3,tick,""
167650.386170,7,sched_state,waiting
167650.386174,7,tick,""
167650.386175,0,tick,""
167650.386184,0,reduction,""
167650.386187,0,sched_state,running
167650.386218,7,sched_state,waiting
167650.386223,7,tick,""
167650.386232,4,sched_state,waiting
167650.386236,4,tick,""
167650.386240,6,sched_state,waiting
167650.386245,6,tick,""
167650.386256,2,sched_state,waiting
167650.386260,2,tick,""
167650.386270,4,sched_state,waiting
167650.386273,4,tick,""
167650.386276,6,sched_state,waiting
167650.386281,6,tick,""
167650.386281,3,sched_state,waiting
167650.386283,7,sched_state,waiting
167650.386286,7,tick,""
167650.386286,3,tick,""
167650.386289,1,sched_state,waiting
167650.386290,0,tick,""
167650.386294,1,tick,""
167650.386294,0,reduction,""
167650.386304,0,sched_state,running
167650.386317,5,sched_state,waiting
167650.386322,5,tick,""
167650.386324,7,sched_state,waiting
167650.386329,7,tick,""
167650.386359,5,sched_state,waiting
167650.386364,5,tick,""
167650.386369,4,sched_state,waiting
167650.386372,4,tick,""
167650.386372,2,sched_state,waiting
167650.386379,2,tick,""
167650.386391,1,sched_state,waiting
167650.386396,1,tick,""
167650.386406,0,tick,""
167650.386409,4,sched_state,waiting
167650.386413,4,tick,""
167650.386412,3,sched_state,waiting
167650.386415,0,reduction,""
167650.386417,3,tick,""
167650.386418,0,sched_state,running
167650.386425,2,sched_state,waiting
167650.386428,7,sched_state,waiting
167650.386429,2,tick,""
167650.386433,7,tick,""
167650.386443,5,sched_state,waiting
167650.386446,1,sched_state,waiting
167650.386448,5,tick,""
167650.386450,1,tick,""
167650.386479,3,sched_state,waiting
167650.386482,5,sched_state,waiting
167650.386484,3,tick,""
167650.386487,5,tick,""
167650.386499,4,sched_state,waiting
167650.386501,2,sched_state,waiting
167650.386503,4,tick,""
167650.386506,2,tick,""
167650.386514,0,tick,""
167650.386518,1,sched_state,waiting
167650.386520,0,reduction,""
167650.386523,1,tick,""
167650.386523,0,sched_state,running
167650.386532,7,sched_state,waiting
167650.386538,7,tick,""
167650.386554,1,sched_state,waiting
167650.386556,3,sched_state,waiting
167650.386558,5,sched_state,waiting
167650.386559,1,tick,""
167650.386561,3,tick,""
167650.386562,5,tick,""
167650.386575,4,sched_state,waiting
167650.386576,2,sched_state,waiting
167650.386579,4,tick,""
167650.386581,2,tick,""
167650.386618,3,sched_state,waiting
167650.386621,2,sched_state,waiting
167650.386622,3,tick,""
167650.386625,2,tick,""
167650.386647,4,sched_state,waiting
167650.386649,3,sched_state,waiting
167650.386650,4,tick,""
167650.386654,3,tick,""
167650.386675,1,sched_state,waiting
167650.386679,1,tick,""
167650.386682,0,tick,""
167650.386682,6,sched_state,waiting
167650.386688,6,tick,""
167650.386692,2,sched_state,waiting
167650.386697,2,tick,""
167650.386712,7,sched_state,waiting
167650.386714,4,sched_state,waiting
167650.386717,4,tick,""
167650.386716,5,sched_state,waiting
167650.386717,7,tick,""
167650.386722,5,tick,""
167650.386735,1,sched_state,waiting
167650.386736,3,sched_state,waiting
167650.386740,1,tick,""
167650.386740,3,tick,""
167650.386763,5,sched_state,waiting
167650.386764,4,sched_state,waiting
167650.386767,4,tick,""
167650.386767,5,tick,""
167650.386796,3,sched_state,waiting
167650.386800,3,tick,""
167650.386807,6,sched_state,waiting
167650.386811,7,sched_state,waiting
167650.386813,6,tick,""
167650.386814,4,sched_state,waiting
167650.386817,4,tick,""
167650.386816,7,tick,""
167650.386836,1,sched_state,waiting
167650.386841,1,tick,""
167650.386851,4,sched_state,waiting
167650.386854,4,tick,""
167650.386865,7,sched_state,waiting
167650.386870,7,tick,""
167650.386880,4,sched_state,waiting
167650.386883,4,tick,""
167650.386886,0,reduction,""
167650.386891,0,sched_state,running
167650.386899,7,sched_state,waiting
167650.386907,5,sched_state,waiting
167650.386904,7,tick,""
167650.386912,5,tick,""
167650.386917,4,sched_state,waiting
167650.386919,4,tick,""
167650.386928,1,sched_state,waiting
167650.386932,1,tick,""
167650.386956,7,sched_state,waiting
167650.386959,5,sched_state,waiting
167650.386964,5,tick,""
167650.386961,7,tick,""
167650.386979,2,sched_state,waiting
167650.386984,0,tick,""
167650.386984,4,sched_state,waiting
167650.386985,2,tick,""
167650.386988,4,tick,""
167650.387003,5,sched_state,waiting
167650.387002,0,reduction,""
167650.387006,3,sched_state,waiting
167650.387008,5,tick,""
167650.387008,1,sched_state,waiting
167650.387009,0,sched_state,running
167650.387011,3,tick,""
167650.387012,1,tick,""
167650.387017,4,sched_state,waiting
167650.387020,4,tick,""
167650.387047,6,sched_state,waiting
167650.387052,1,sched_state,waiting
167650.387053,6,tick,""
167650.387057,1,tick,""
167650.387068,4,sched_state,waiting
167650.387071,4,tick,""
167650.387071,2,sched_state,waiting
167650.387079,2,tick,""
167650.387088,3,sched_state,waiting
167650.387092,6,sched_state,waiting
167650.387093,3,tick,""
167650.387096,6,tick,""
167650.387106,7,sched_state,waiting
167650.387106,0,tick,""
167650.387109,4,sched_state,waiting
167650.387110,0,reduction,""
167650.387111,7,tick,""
167650.387113,4,tick,""
167650.387113,0,sched_state,running
167650.387128,5,sched_state,waiting
167650.387133,5,tick,""
167650.387142,4,sched_state,waiting
167650.387145,4,tick,""
167650.387163,7,sched_state,waiting
167650.387165,1,sched_state,waiting
167650.387168,7,tick,""
167650.387175,1,tick,""
167650.387188,3,sched_state,waiting
167650.387192,3,tick,""
167650.387204,4,sched_state,waiting
167650.387206,0,tick,""
167650.387207,4,tick,""
167650.387208,2,sched_state,waiting
167650.387210,0,reduction,""
167650.387211,7,sched_state,waiting
167650.387213,2,tick,""
167650.387214,0,sched_state,running
167650.387216,7,tick,""
167650.387223,6,sched_state,waiting
167650.387228,6,tick,""
167650.387229,5,sched_state,waiting
167650.387231,3,sched_state,waiting
167650.387234,5,tick,""
167650.387236,3,tick,""
167650.387254,4,sched_state,waiting
167650.387258,4,tick,""
167650.387261,2,sched_state,waiting
167650.387266,2,tick,""
167650.387281,6,sched_state,waiting
167650.387288,6,tick,""
167650.387293,7,sched_state,waiting
167650.387299,7,tick,""
167650.387319,0,tick,""
167650.387320,1,sched_state,waiting
167650.387322,0,reduction,""
167650.387322,6,sched_state,waiting
167650.387325,0,sched_state,running
167650.387325,1,tick,""
167650.387324,3,sched_state,waiting
167650.387326,6,tick,""
167650.387331,3,tick,""
167650.387360,2,sched_state,waiting
167650.387361,5,sched_state,waiting
167650.387366,2,tick,""
167650.387367,5,tick,""
167650.387392,6,sched_state,waiting
167650.387396,0,tick,""
167650.387396,1,sched_state,waiting
167650.387399,6,tick,""
167650.387399,4,sched_state,waiting
167650.387402,4,tick,""
167650.387402,1,tick,""
167650.387413,2,sched_state,waiting
167650.387418,2,tick,""
167650.387424,3,sched_state,waiting
167650.387429,3,tick,""
167650.387437,6,sched_state,waiting
167650.387441,6,tick,""
167650.387447,5,sched_state,waiting
167650.387452,5,tick,""
167650.387493,5,sched_state,waiting
167650.387498,5,tick,""
167650.387497,2,sched_state,waiting
167650.387507,2,tick,""
167650.387512,1,sched_state,waiting
167650.387514,6,sched_state,waiting
167650.387517,1,tick,""
167650.387518,6,tick,""
167650.387557,1,sched_state,waiting
167650.387562,1,tick,""
167650.387564,2,sched_state,waiting
167650.387569,2,tick,""
167650.387606,2,sched_state,waiting
167650.387609,6,sched_state,waiting
167650.387610,2,tick,""
167650.387614,6,tick,""
167650.387636,1,sched_state,waiting
167650.387644,1,tick,""
167650.387654,2,sched_state,waiting
167650.387659,2,tick,""
167650.387690,2,sched_state,waiting
167650.387694,2,tick,""
167650.387697,6,sched_state,waiting
167650.387702,6,tick,""
167650.387720,7,sched_state,waiting
167650.387725,7,tick,""
167650.387733,5,sched_state,waiting
167650.387736,6,sched_state,waiting
167650.387736,1,sched_state,waiting
167650.387739,5,tick,""
167650.387741,1,tick,""
167650.387741,6,tick,""
167650.387757,7,sched_state,waiting
167650.387762,7,tick,""
167650.387772,5,sched_state,waiting
167650.387777,5,tick,""
167650.387790,4,sched_state,waiting
167650.387794,4,tick,""
167650.387801,1,sched_state,waiting
167650.387806,1,tick,""
167650.387816,7,sched_state,waiting
167650.387818,4,sched_state,waiting
167650.387820,5,sched_state,waiting
167650.387823,7,tick,""
167650.387826,4,tick,""
167650.387827,5,tick,""
167650.387840,1,sched_state,waiting
167650.387846,1,tick,""
167650.387875,5,sched_state,waiting
167650.387875,1,sched_state,waiting
167650.387879,5,tick,""
167650.387879,1,tick,""
167650.387915,5,sched_state,waiting
167650.387920,5,tick,""
167650.387922,1,sched_state,waiting
167650.387926,1,tick,""
167650.387950,0,queue_length,0
167650.387952,3,sched_state,waiting
167650.387957,3,tick,""
167650.387959,1,sched_state,waiting
167650.387964,1,tick,""
167650.387978,6,sched_state,waiting
167650.387983,6,tick,""
167650.387989,4,sched_state,waiting
167650.387993,4,tick,""
167650.388011,3,sched_state,waiting
167650.388016,3,tick,""
167650.388029,2,sched_state,waiting
167650.388034,1,sched_state,waiting
167650.388035,2,tick,""
167650.388039,1,tick,""
167650.388044,7,sched_state,waiting
167650.388046,3,sched_state,waiting
167650.388049,7,tick,""
167650.388050,3,tick,""
167650.388054,4,sched_state,waiting
167650.388058,4,tick,""
167650.388082,7,sched_state,waiting
167650.388087,7,tick,""
167650.388120,3,sched_state,waiting
167650.388126,3,tick,""
167650.388135,4,sched_state,waiting
167650.388142,4,tick,""
167650.388150,2,sched_state,waiting
167650.388156,2,tick,""
167650.388163,3,sched_state,waiting
167650.388168,3,tick,""
167650.388184,2,sched_state,waiting
167650.388190,2,tick,""
167650.388211,2,sched_state,waiting
167650.388219,2,tick,""
167650.388393,1,sched_state,waiting
167650.388401,3,sched_state,waiting
167650.388402,1,tick,""
167650.388405,5,sched_state,waiting
167650.388407,3,tick,""
167650.388411,5,tick,""
167650.388436,6,sched_state,waiting
167650.388441,6,tick,""
167650.388444,7,sched_state,waiting
167650.388450,7,tick,""
167650.388453,2,sched_state,waiting
167650.388459,2,tick,""
167650.388462,3,sched_state,waiting
167650.388466,3,tick,""
167650.388485,5,sched_state,waiting
167650.388491,5,tick,""
167650.388514,3,sched_state,waiting
167650.388524,3,tick,""
167650.388537,7,sched_state,waiting
167650.388538,6,sched_state,waiting
167650.388543,7,tick,""
167650.388545,6,tick,""
167650.388541,5,sched_state,waiting
167650.388558,5,tick,""
167650.388573,2,sched_state,waiting
167650.388574,3,sched_state,waiting
167650.388578,2,tick,""
167650.388579,3,tick,""
167650.388595,5,sched_state,waiting
167650.388603,5,tick,""
167650.388606,7,sched_state,waiting
167650.388613,7,tick,""
167650.388623,2,sched_state,waiting
167650.388629,2,tick,""
167650.388640,6,sched_state,waiting
167650.388645,3,sched_state,waiting
167650.388646,6,tick,""
167650.388650,3,tick,""
167650.388683,6,sched_state,waiting
167650.388688,3,sched_state,waiting
167650.388689,6,tick,""
167650.388692,4,sched_state,waiting
167650.388694,0,sched_state,running
167650.388695,3,tick,""
167650.388703,7,sched_state,waiting
167650.388708,7,tick,""
167650.388720,6,sched_state,waiting
167650.388727,2,sched_state,waiting
167650.388729,6,tick,""
167650.388730,3,sched_state,waiting
167650.388733,2,tick,""
167650.388734,3,tick,""
167650.388760,2,sched_state,waiting
167650.388764,2,tick,""
167650.388775,6,sched_state,waiting
167650.388780,6,tick,""
167650.388791,2,sched_state,waiting
167650.388796,2,tick,""
167650.388805,7,sched_state,waiting
167650.388807,6,sched_state,waiting
167650.388810,7,tick,""
167650.388812,6,tick,""
167650.388857,6,sched_state,waiting
167650.388860,7,sched_state,waiting
167650.388861,6,tick,""
167650.388865,7,tick,""
167650.388908,7,sched_state,waiting
167650.388913,7,tick,""
167650.388961,4,tick,""
167650.388966,0,tick,""
167650.388971,0,reduction,""
167650.388975,0,sched_state,running
167650.389128,0,tick,""
167650.389228,0,reduction,""
167650.389236,4,sched_state,waiting
167650.389238,0,sched_state,running
167650.389242,4,tick,""
167650.389487,0,tick,""
167650.389494,0,reduction,""
167650.389499,0,sched_state,running
167650.389513,1,sched_state,waiting
167650.389517,5,sched_state,waiting
167650.389520,1,tick,""
167650.389522,5,tick,""
167650.389530,6,sched_state,waiting
167650.389532,2,sched_state,waiting
167650.389537,6,tick,""
167650.389540,2,tick,""
167650.389540,3,sched_state,waiting
167650.389547,3,tick,""
167650.389572,5,sched_state,waiting
167650.389572,1,sched_state,waiting
167650.389578,1,tick,""
167650.389578,5,tick,""
167650.389595,2,sched_state,waiting
167650.389598,3,sched_state,waiting
167650.389600,4,sched_state,waiting
167650.389603,3,tick,""
167650.389605,2,tick,""
167650.389605,4,tick,""
167650.389629,1,sched_state,waiting
167650.389634,1,tick,""
167650.389636,5,sched_state,waiting
167650.389646,5,tick,""
167650.389656,6,sched_state,waiting
167650.389659,4,sched_state,waiting
167650.389663,4,tick,""
167650.389662,6,tick,""
167650.389682,2,sched_state,waiting
167650.389686,2,tick,""
167650.389691,3,sched_state,waiting
167650.389697,3,tick,""
167650.389698,6,sched_state,waiting
167650.389707,6,tick,""
167650.389716,1,sched_state,waiting
167650.389723,1,tick,""
167650.389730,4,sched_state,waiting
167650.389735,4,tick,""
167650.389736,5,sched_state,waiting
167650.389740,3,sched_state,waiting
167650.389741,5,tick,""
167650.389745,3,tick,""
167650.389749,6,sched_state,waiting
167650.389754,6,tick,""
167650.389769,2,sched_state,waiting
167650.389774,2,tick,""
167650.389786,4,sched_state,waiting
167650.389789,4,tick,""
167650.389826,4,sched_state,waiting
167650.389829,4,tick,""
167650.389870,7,sched_state,waiting
167650.389874,0,tick,""
167650.389881,7,tick,""
167650.389894,4,sched_state,waiting
167650.389898,4,tick,""
167650.389910,2,sched_state,waiting
167650.389911,6,sched_state,waiting
167650.389907,1,sched_state,waiting
167650.389913,3,sched_state,waiting
167650.389916,2,tick,""
167650.389916,6,tick,""
167650.389917,1,tick,""
167650.389919,3,tick,""
167650.389959,4,sched_state,waiting
167650.389964,4,tick,""
167650.389964,2,sched_state,waiting
167650.389969,2,tick,""
167650.389973,1,sched_state,waiting
167650.389979,1,tick,""
167650.389993,3,sched_state,waiting
167650.389999,6,sched_state,waiting
167650.389999,3,tick,""
167650.390006,7,sched_state,waiting
167650.390007,6,tick,""
167650.390011,7,tick,""
167650.390013,2,sched_state,waiting
167650.390017,2,tick,""
167650.390019,4,sched_state,waiting
167650.390023,4,tick,""
167650.390029,0,reduction,""
167650.390035,0,sched_state,running
167650.390044,1,sched_state,waiting
167650.390050,1,tick,""
167650.390052,7,sched_state,waiting
167650.390058,7,tick,""
167650.390061,3,sched_state,waiting
167650.390068,3,tick,""
167650.390078,1,sched_state,waiting
167650.390084,1,tick,""
167650.390085,4,sched_state,waiting
167650.390089,4,tick,""
167650.390094,7,sched_state,waiting
167650.390096,6,sched_state,waiting
167650.390099,7,tick,""
167650.390102,6,tick,""
167650.390130,1,sched_state,waiting
167650.390132,3,sched_state,waiting
167650.390137,1,tick,""
167650.390138,3,tick,""
167650.390144,4,sched_state,waiting
167650.390145,6,sched_state,waiting
167650.390149,4,tick,""
167650.390151,6,tick,""
167650.390188,7,sched_state,waiting
167650.390193,4,sched_state,waiting
167650.390196,4,tick,""
167650.390198,7,tick,""
167650.390208,1,sched_state,waiting
167650.390213,1,tick,""
167650.390224,6,sched_state,waiting
167650.390230,6,tick,""
167650.390253,1,sched_state,waiting
167650.390258,7,sched_state,waiting
167650.390259,1,tick,""
167650.390265,7,tick,""
167650.390275,4,sched_state,waiting
167650.390279,4,tick,""
167650.390309,4,sched_state,waiting
167650.390313,4,tick,""
167650.390314,1,sched_state,waiting
167650.390320,1,tick,""
167650.390344,1,sched_state,waiting
167650.390347,4,sched_state,waiting
167650.390353,4,tick,""
167650.390356,1,tick,""
167650.390391,1,sched_state,waiting
167650.390396,0,tick,""
167650.390396,5,sched_state,waiting
167650.390399,1,tick,""
167650.390402,5,tick,""
167650.390403,0,reduction,""
167650.390406,0,sched_state,running
167650.390431,1,sched_state,waiting
167650.390436,6,sched_state,waiting
167650.390437,1,tick,""
167650.390438,7,sched_state,waiting
167650.390439,4,sched_state,waiting
167650.390442,3,sched_state,waiting
167650.390443,6,tick,""
167650.390444,4,tick,""
167650.390444,7,tick,""
167650.390447,3,tick,""
167650.390510,7,sched_state,waiting
167650.390516,7,tick,""
167650.390525,6,sched_state,waiting
167650.390531,6,tick,""
167650.390540,1,sched_state,waiting
167650.390545,4,sched_state,waiting
167650.390546,1,tick,""
167650.390550,4,tick,""
167650.390557,7,sched_state,waiting
167650.390563,7,tick,""
167650.390571,6,sched_state,waiting
167650.390571,3,sched_state,waiting
167650.390576,3,tick,""
167650.390577,6,tick,""
167650.390605,3,sched_state,waiting
167650.390615,3,tick,""
167650.390622,7,sched_state,waiting
167650.390627,7,tick,""
167650.390649,3,sched_state,waiting
167650.390654,3,tick,""
167650.390733,2,sched_state,waiting
167650.390736,6,sched_state,waiting
167650.390737,0,tick,""
167650.390741,6,tick,""
167650.390741,2,tick,""
167650.390760,0,reduction,""
167650.390765,0,sched_state,running
167650.390770,1,sched_state,waiting
167650.390772,3,sched_state,waiting
167650.390771,7,sched_state,waiting
167650.390775,1,tick,""
167650.390776,7,tick,""
167650.390776,3,tick,""
167650.390792,4,sched_state,waiting
167650.390796,4,tick,""
167650.390884,2,sched_state,waiting
167650.390891,2,tick,""
167650.390903,4,sched_state,waiting
167650.390904,7,sched_state,waiting
167650.390907,4,tick,""
167650.390909,7,tick,""
167650.390936,2,sched_state,waiting
167650.390941,2,tick,""
167650.390952,4,sched_state,waiting
167650.390956,4,tick,""
167650.390966,7,sched_state,waiting
167650.390968,3,sched_state,waiting
167650.390971,7,tick,""
167650.390973,3,tick,""
167650.390974,2,sched_state,waiting
167650.390979,2,tick,""
167650.390995,4,sched_state,waiting
167650.390999,4,tick,""
167650.391026,7,sched_state,waiting
167650.391032,7,tick,""
167650.391035,2,sched_state,waiting
167650.391040,2,tick,""
167650.391044,3,sched_state,waiting
167650.391051,3,tick,""
167650.391063,4,sched_state,waiting
167650.391066,2,sched_state,waiting
167650.391067,4,tick,""
167650.391071,2,tick,""
167650.391108,2,sched_state,waiting
167650.391109,3,sched_state,waiting
167650.391113,2,tick,""
167650.391114,3,tick,""
167650.391132,4,sched_state,waiting
167650.391135,4,tick,""
167650.391162,4,sched_state,waiting
167650.391163,3,sched_state,waiting
167650.391165,4,tick,""
167650.391168,3,tick,""
167650.391177,5,sched_state,waiting
167650.391179,0,tick,""
167650.391180,2,sched_state,waiting
167650.391186,2,tick,""
167650.391186,5,tick,""
167650.391196,0,reduction,""
167650.391199,0,sched_state,running
167650.391207,6,sched_state,waiting
167650.391212,6,tick,""
167650.391212,1,sched_state,waiting
167650.391218,1,tick,""
167650.391231,7,sched_state,waiting
167650.391235,2,sched_state,waiting
167650.391236,3,sched_state,waiting
167650.391236,7,tick,""
167650.391241,2,tick,""
167650.391241,3,tick,""
167650.391284,3,sched_state,waiting
167650.391290,3,tick,""
167650.391295,2,sched_state,waiting
167650.391300,6,sched_state,waiting
167650.391300,2,tick,""
167650.391300,1,sched_state,waiting
167650.391304,6,tick,""
167650.391306,1,tick,""
167650.391333,0,tick,""
167650.391334,4,sched_state,waiting
167650.391338,4,tick,""
167650.391344,2,sched_state,waiting
167650.391346,1,sched_state,waiting
167650.391347,0,reduction,""
167650.391350,2,tick,""
167650.391350,6,sched_state,waiting
167650.391351,1,tick,""
167650.391352,5,sched_state,waiting
167650.391353,0,sched_state,running
167650.391357,6,tick,""
167650.391356,5,tick,""
167650.391389,4,sched_state,waiting
167650.391396,4,tick,""
167650.391398,7,sched_state,waiting
167650.391404,7,tick,""
167650.391409,5,sched_state,waiting
167650.391414,5,tick,""
167650.391426,2,sched_state,waiting
167650.391426,6,sched_state,waiting
167650.391432,2,tick,""
167650.391432,6,tick,""
167650.391438,1,sched_state,waiting
167650.391444,1,tick,""
167650.391448,7,sched_state,waiting
167650.391453,7,tick,""
167650.391471,2,sched_state,waiting
167650.391479,2,tick,""
167650.391500,1,sched_state,waiting
167650.391505,1,tick,""
167650.391510,5,sched_state,waiting
167650.391515,5,tick,""
167650.391517,2,sched_state,waiting
167650.391522,2,tick,""
167650.391529,6,sched_state,waiting
167650.391534,6,tick,""
167650.391540,5,sched_state,waiting
167650.391548,5,tick,""
167650.391549,2,sched_state,waiting
167650.391555,2,tick,""
167650.391561,6,sched_state,waiting
167650.391567,6,tick,""
167650.391571,5,sched_state,waiting
167650.391576,5,tick,""
167650.391599,6,sched_state,waiting
167650.391604,6,tick,""
167650.391640,6,sched_state,waiting
167650.391643,5,sched_state,waiting
167650.391646,6,tick,""
167650.391648,5,tick,""
167650.391670,0,tick,""
167650.391670,3,sched_state,waiting
167650.391676,3,tick,""
167650.391688,6,sched_state,waiting
167650.391693,6,tick,""
167650.391704,2,sched_state,waiting
167650.391705,1,sched_state,waiting
167650.391708,7,sched_state,waiting
167650.391709,2,tick,""
167650.391710,1,tick,""
167650.391715,7,tick,""
167650.391737,3,sched_state,waiting
167650.391742,3,tick,""
167650.391755,7,sched_state,waiting
167650.391757,5,sched_state,waiting
167650.391758,6,sched_state,waiting
167650.391760,7,tick,""
167650.391763,6,tick,""
167650.391763,5,tick,""
167650.391773,1,sched_state,waiting
167650.391778,1,tick,""
167650.391796,2,sched_state,waiting
167650.391798,4,sched_state,waiting
167650.391802,7,sched_state,waiting
167650.391804,2,tick,""
167650.391803,4,tick,""
167650.391806,3,sched_state,waiting
167650.391812,7,tick,""
167650.391812,3,tick,""
167650.391833,6,sched_state,waiting
167650.391839,6,tick,""
167650.391845,2,sched_state,waiting
167650.391850,2,tick,""
167650.391860,7,sched_state,waiting
167650.391865,7,tick,""
167650.391877,4,sched_state,waiting
167650.391881,4,tick,""
167650.391891,1,sched_state,waiting
167650.391894,3,sched_state,waiting
167650.391900,3,tick,""
167650.391899,1,tick,""
167650.391914,2,sched_state,waiting
167650.391920,2,tick,""
167650.391923,7,sched_state,waiting
167650.391926,5,sched_state,waiting
167650.391929,7,tick,""
167650.391930,6,sched_state,waiting
167650.391931,5,tick,""
167650.391936,6,tick,""
167650.391950,1,sched_state,waiting
167650.391955,1,tick,""
167650.391964,7,sched_state,waiting
167650.391969,7,tick,""
167650.391970,4,sched_state,waiting
167650.391972,0,reduction,""
167650.391974,4,tick,""
167650.391975,2,sched_state,waiting
167650.391977,3,sched_state,waiting
167650.391977,0,sched_state,running
167650.391980,2,tick,""
167650.391982,3,tick,""
167650.391993,1,sched_state,waiting
167650.391998,1,tick,""
167650.392020,6,sched_state,waiting
167650.392026,2,sched_state,waiting
167650.392026,6,tick,""
167650.392027,3,sched_state,waiting
167650.392031,2,tick,""
167650.392032,3,tick,""
167650.392035,4,sched_state,waiting
167650.392039,4,tick,""
167650.392066,7,sched_state,waiting
167650.392072,7,tick,""
167650.392073,3,sched_state,waiting
167650.392077,3,tick,""
167650.392087,4,sched_state,waiting
167650.392087,6,sched_state,waiting
167650.392091,4,tick,""
167650.392094,6,tick,""
167650.392105,3,sched_state,waiting
167650.392115,3,tick,""
167650.392124,4,sched_state,waiting
167650.392127,7,sched_state,waiting
167650.392130,4,tick,""
167650.392131,1,sched_state,waiting
167650.392133,7,tick,""
167650.392137,1,tick,""
167650.392147,0,tick,""
167650.392147,5,sched_state,waiting
167650.392152,5,tick,""
167650.392154,0,reduction,""
167650.392155,6,sched_state,waiting
167650.392156,0,sched_state,running
167650.392160,3,sched_state,waiting
167650.392160,6,tick,""
167650.392165,3,tick,""
167650.392204,1,sched_state,waiting
167650.392208,6,sched_state,waiting
167650.392209,1,tick,""
167650.392213,6,tick,""
167650.392215,3,sched_state,waiting
167650.392220,3,tick,""
167650.392234,2,sched_state,waiting
167650.392240,2,tick,""
167650.392261,6,sched_state,waiting
167650.392263,7,sched_state,waiting
167650.392267,6,tick,""
167650.392270,3,sched_state,waiting
167650.392274,7,tick,""
167650.392276,3,tick,""
167650.392297,2,sched_state,waiting
167650.392302,2,tick,""
167650.392323,3,sched_state,waiting
167650.392329,3,tick,""
167650.392337,1,sched_state,waiting
167650.392343,1,tick,""
167650.392353,4,sched_state,waiting
167650.392357,0,tick,""
167650.392358,4,tick,""
167650.392359,3,sched_state,waiting
167650.392365,3,tick,""
167650.392372,5,sched_state,waiting
167650.392373,0,reduction,""
167650.392376,6,sched_state,waiting
167650.392376,7,sched_state,waiting
167650.392377,0,sched_state,running
167650.392378,5,tick,""
167650.392382,6,tick,""
167650.392382,7,tick,""
167650.392417,1,sched_state,waiting
167650.392423,1,tick,""
167650.392492,6,sched_state,waiting
167650.392499,6,tick,""
167650.392503,7,sched_state,waiting
167650.392509,7,tick,""
167650.392509,4,sched_state,waiting
167650.392514,4,tick,""
167650.392514,1,sched_state,waiting
167650.392522,1,tick,""
167650.392525,5,sched_state,waiting
167650.392530,5,tick,""
167650.392539,6,sched_state,waiting
167650.392545,6,tick,""
167650.392561,3,sched_state,waiting
167650.392564,4,sched_state,waiting
167650.392567,3,tick,""
167650.392568,4,tick,""
167650.392575,6,sched_state,waiting
167650.392579,6,tick,""
167650.392581,7,sched_state,waiting
167650.392585,7,tick,""
167650.392590,1,sched_state,waiting
167650.392595,1,tick,""
167650.392604,5,sched_state,waiting
167650.392610,5,tick,""
167650.392622,1,sched_state,waiting
167650.392623,4,sched_state,waiting
167650.392624,6,sched_state,waiting
167650.392627,4,tick,""
167650.392628,1,tick,""
167650.392629,6,tick,""
167650.392643,5,sched_state,waiting
167650.392649,5,tick,""
167650.392667,3,sched_state,waiting
167650.392673,3,tick,""
167650.392692,1,sched_state,waiting
167650.392697,1,tick,""
167650.392700,4,sched_state,waiting
167650.392705,4,tick,""
167650.392710,7,sched_state,waiting
167650.392715,6,sched_state,waiting
167650.392716,7,tick,""
167650.392721,6,tick,""
167650.392736,2,sched_state,waiting
167650.392739,0,tick,""
167650.392744,5,sched_state,waiting
167650.392750,5,tick,""
167650.392754,0,reduction,""
167650.392758,0,sched_state,running
167650.392761,1,sched_state,waiting
167650.392763,6,sched_state,waiting
167650.392765,3,sched_state,waiting
167650.392767,1,tick,""
167650.392768,6,tick,""
167650.392771,3,tick,""
167650.392782,4,sched_state,waiting
167650.392786,4,tick,""
167650.392789,7,sched_state,waiting
167650.392795,7,tick,""
167650.392820,3,sched_state,waiting
167650.392824,4,sched_state,waiting
167650.392825,3,tick,""
167650.392828,4,tick,""
167650.392834,5,sched_state,waiting
167650.392841,5,tick,""
167650.392854,7,sched_state,waiting
167650.392859,7,tick,""
167650.392881,1,sched_state,waiting
167650.392887,1,tick,""
167650.392889,5,sched_state,waiting
167650.392895,5,tick,""
167650.392895,3,sched_state,waiting
167650.392904,3,tick,""
167650.392909,7,sched_state,waiting
167650.392909,6,sched_state,waiting
167650.392915,7,tick,""
167650.392915,6,tick,""
167650.392951,6,sched_state,waiting
167650.392956,6,tick,""
167650.392962,5,sched_state,waiting
167650.392964,7,sched_state,waiting
167650.392968,5,tick,""
167650.392970,7,tick,""
167650.392985,3,sched_state,waiting
167650.392989,1,sched_state,waiting
167650.392991,3,tick,""
167650.392995,1,tick,""
167650.392999,6,sched_state,waiting
167650.393005,6,tick,""
167650.393027,3,sched_state,waiting
167650.393031,3,tick,""
167650.393031,0,tick,""
167650.393035,2,tick,""
167650.393040,7,sched_state,waiting
167650.393045,1,sched_state,waiting
167650.393047,0,reduction,""
167650.393050,1,tick,""
167650.393048,7,tick,""
167650.393053,0,sched_state,running
167650.393063,3,sched_state,waiting
167650.393068,3,tick,""
167650.393075,4,sched_state,waiting
167650.393080,4,tick,""
167650.393092,5,sched_state,waiting
167650.393098,5,tick,""
167650.393119,4,sched_state,waiting
167650.393122,4,tick,""
167650.393123,3,sched_state,waiting
167650.393128,3,tick,""
167650.393133,2,sched_state,waiting
167650.393138,2,tick,""
167650.393143,7,sched_state,waiting
167650.393149,7,tick,""
167650.393152,4,sched_state,waiting
167650.393156,4,tick,""
167650.393184,2,sched_state,waiting
167650.393186,5,sched_state,waiting
167650.393189,2,tick,""
167650.393192,5,tick,""
167650.393202,4,sched_state,waiting
167650.393206,4,tick,""
167650.393230,7,sched_state,waiting
167650.393232,2,sched_state,waiting
167650.393236,7,tick,""
167650.393239,2,tick,""
167650.393260,4,sched_state,waiting
167650.393264,4,tick,""
167650.393280,2,sched_state,waiting
167650.393280,5,sched_state,waiting
167650.393285,2,tick,""
167650.393286,5,tick,""
167650.393299,4,sched_state,waiting
167650.393302,4,tick,""
167650.393317,2,sched_state,waiting
167650.393321,5,sched_state,waiting
167650.393322,2,tick,""
167650.393326,5,tick,""
167650.393334,0,tick,""
167650.393336,6,sched_state,waiting
167650.393342,6,tick,""
167650.393353,4,sched_state,waiting
167650.393353,0,reduction,""
167650.393356,4,tick,""
167650.393360,0,sched_state,running
167650.393363,5,sched_state,waiting
167650.393364,3,sched_state,waiting
167650.393369,5,tick,""
167650.393369,3,tick,""
167650.393375,1,sched_state,waiting
167650.393381,1,tick,""
167650.393385,4,sched_state,waiting
167650.393388,4,tick,""
167650.393429,6,sched_state,waiting
167650.393428,2,sched_state,waiting
167650.393430,1,sched_state,waiting
167650.393434,6,tick,""
167650.393434,2,tick,""
167650.393435,1,tick,""
167650.393448,5,sched_state,waiting
167650.393449,4,sched_state,waiting
167650.393453,4,tick,""
167650.393454,5,tick,""
167650.393478,6,sched_state,waiting
167650.393479,3,sched_state,waiting
167650.393484,6,tick,""
167650.393485,3,tick,""
167650.393510,5,sched_state,waiting
167650.393514,4,sched_state,waiting
167650.393516,5,tick,""
167650.393518,4,tick,""
167650.393520,6,sched_state,waiting
167650.393526,6,tick,""
167650.393551,4,sched_state,waiting
167650.393555,4,tick,""
167650.393573,6,sched_state,waiting
167650.393579,6,tick,""
167650.393593,3,sched_state,waiting
167650.393598,3,tick,""
167650.393605,6,sched_state,waiting
167650.393609,0,tick,""
167650.393611,6,tick,""
167650.393613,4,sched_state,waiting
167650.393612,7,sched_state,waiting
167650.393617,4,tick,""
167650.393618,7,tick,""
167650.393623,0,reduction,""
167650.393627,0,sched_state,running
167650.393634,2,sched_state,waiting
167650.393639,2,tick,""
167650.393644,3,sched_state,waiting
167650.393649,3,tick,""
167650.393655,1,sched_state,waiting
167650.393661,1,tick,""
167650.393669,7,sched_state,waiting
167650.393674,7,tick,""
167650.393686,2,sched_state,waiting
167650.393691,2,tick,""
167650.393699,3,sched_state,waiting
167650.393704,3,tick,""
167650.393706,1,sched_state,waiting
167650.393710,6,sched_state,waiting
167650.393711,1,tick,""
167650.393712,7,sched_state,waiting
167650.393716,6,tick,""
167650.393716,7,tick,""
167650.393739,4,sched_state,waiting
167650.393739,2,sched_state,waiting
167650.393743,4,tick,""
167650.393745,2,tick,""
167650.393765,3,sched_state,waiting
167650.393767,7,sched_state,waiting
167650.393770,3,tick,""
167650.393771,7,tick,""
167650.393817,7,sched_state,waiting
167650.393822,7,tick,""
167650.393827,6,sched_state,waiting
167650.393834,6,tick,""
167650.393845,1,sched_state,waiting
167650.393847,4,sched_state,waiting
167650.393850,7,sched_state,waiting
167650.393850,4,tick,""
167650.393851,1,tick,""
167650.393855,7,tick,""
167650.393873,6,sched_state,waiting
167650.393873,3,sched_state,waiting
167650.393878,6,tick,""
167650.393879,3,tick,""
167650.393881,5,sched_state,waiting
167650.393885,1,sched_state,waiting
167650.393886,4,sched_state,waiting
167650.393887,5,tick,""
167650.393889,1,tick,""
167650.393890,4,tick,""
167650.393889,0,tick,""
167650.393903,0,reduction,""
167650.393906,0,sched_state,running
167650.393916,1,sched_state,waiting
167650.393921,1,tick,""
167650.393926,2,sched_state,waiting
167650.393933,2,tick,""
167650.393941,5,sched_state,waiting
167650.393942,4,sched_state,waiting
167650.393948,5,tick,""
167650.393947,4,tick,""
167650.393961,1,sched_state,waiting
167650.393967,1,tick,""
167650.393970,3,sched_state,waiting
167650.393976,3,tick,""
167650.393992,5,sched_state,waiting
167650.393998,5,tick,""
167650.394014,2,sched_state,waiting
167650.394021,2,tick,""
167650.394035,4,sched_state,waiting
167650.394039,4,tick,""
167650.394043,3,sched_state,waiting
167650.394049,3,tick,""
167650.394063,5,sched_state,waiting
167650.394069,5,tick,""
167650.394088,2,sched_state,waiting
167650.394093,2,tick,""
167650.394101,4,sched_state,waiting
167650.394106,4,tick,""
167650.394123,3,sched_state,waiting
167650.394130,3,tick,""
167650.394147,2,sched_state,waiting
167650.394152,2,tick,""
167650.394178,7,sched_state,waiting
167650.394179,0,tick,""
167650.394183,7,tick,""
167650.394188,3,sched_state,waiting
167650.394188,2,sched_state,waiting
167650.394191,0,reduction,""
167650.394193,3,tick,""
167650.394193,2,tick,""
167650.394194,0,sched_state,running
167650.394197,1,sched_state,waiting
167650.394198,5,sched_state,waiting
167650.394203,1,tick,""
167650.394204,5,tick,""
167650.394232,4,sched_state,waiting
167650.394236,4,tick,""
167650.394248,2,sched_state,waiting
167650.394254,2,tick,""
167650.394265,4,sched_state,waiting
167650.394268,4,tick,""
167650.394272,3,sched_state,waiting
167650.394278,3,tick,""
167650.394285,5,sched_state,waiting
167650.394292,5,tick,""
167650.394295,1,sched_state,waiting
167650.394302,1,tick,""
167650.394315,3,sched_state,waiting
167650.394322,3,tick,""
167650.394329,7,sched_state,waiting
167650.394335,7,tick,""
167650.394339,1,sched_state,waiting
167650.394344,2,sched_state,waiting
167650.394344,4,sched_state,waiting
167650.394345,1,tick,""
167650.394347,4,tick,""
167650.394349,2,tick,""
167650.394381,5,sched_state,waiting
167650.394387,5,tick,""
167650.394392,7,sched_state,waiting
167650.394394,2,sched_state,waiting
167650.394399,2,tick,""
167650.394397,7,tick,""
167650.394403,4,sched_state,waiting
167650.394407,4,tick,""
167650.394420,1,sched_state,waiting
167650.394427,1,tick,""
167650.394427,3,sched_state,waiting
167650.394433,3,tick,""
167650.394447,5,sched_state,waiting
167650.394453,5,tick,""
167650.394474,0,tick,""
167650.394475,1,sched_state,waiting
167650.394475,6,sched_state,waiting
167650.394480,1,tick,""
167650.394483,6,tick,""
167650.394483,7,sched_state,waiting
167650.394485,4,sched_state,waiting
167650.394486,0,reduction,""
167650.394492,0,sched_state,running
167650.394493,7,tick,""
167650.394494,4,tick,""
167650.394495,3,sched_state,waiting
167650.394500,3,tick,""
167650.394538,6,sched_state,waiting
167650.394543,6,tick,""
167650.394549,7,sched_state,waiting
167650.394554,7,tick,""
167650.394555,3,sched_state,waiting
167650.394559,3,tick,""
167650.394561,1,sched_state,waiting
167650.394563,4,sched_state,waiting
167650.394567,1,tick,""
167650.394568,4,tick,""
167650.394607,5,sched_state,waiting
167650.394613,4,sched_state,waiting
167650.394613,5,tick,""
167650.394616,4,tick,""
167650.394630,7,sched_state,waiting
167650.394635,7,tick,""
167650.394650,0,tick,""
167650.394651,2,sched_state,waiting
167650.394656,2,tick,""
167650.394658,0,reduction,""
167650.394659,3,sched_state,waiting
167650.394663,0,sched_state,running
167650.394671,3,tick,""
167650.394673,6,sched_state,waiting
167650.394679,6,tick,""
167650.394694,4,sched_state,waiting
167650.394698,4,tick,""
167650.394721,2,sched_state,waiting
167650.394727,2,tick,""
167650.394738,6,sched_state,waiting
167650.394744,3,sched_state,waiting
167650.394743,6,tick,""
167650.394749,3,tick,""
167650.394758,2,sched_state,waiting
167650.394763,2,tick,""
167650.394793,3,sched_state,waiting
167650.394798,3,tick,""
167650.394801,6,sched_state,waiting
167650.394806,6,tick,""
167650.394843,6,sched_state,waiting
167650.394846,3,sched_state,waiting
167650.394849,6,tick,""
167650.394852,3,tick,""
167650.394891,3,sched_state,waiting
167650.394894,6,sched_state,waiting
167650.394896,3,tick,""
167650.394899,6,tick,""
167650.394929,6,sched_state,waiting
167650.394939,3,sched_state,waiting
167650.394940,6,tick,""
167650.394944,3,tick,""
167650.394950,0,tick,""
167650.394950,1,sched_state,waiting
167650.394956,1,tick,""
167650.394960,0,reduction,""
167650.394964,0,sched_state,running
167650.394969,7,sched_state,waiting
167650.394974,4,sched_state,waiting
167650.394975,7,tick,""
167650.394978,4,tick,""
167650.394980,3,sched_state,waiting
167650.394981,2,sched_state,waiting
167650.394985,3,tick,""
167650.394986,2,tick,""
167650.395006,5,sched_state,waiting
167650.395013,5,tick,""
167650.395026,3,sched_state,waiting
167650.395027,1,sched_state,waiting
167650.395032,3,tick,""
167650.395034,1,tick,""
167650.395042,4,sched_state,waiting
167650.395046,5,sched_state,waiting
167650.395051,5,tick,""
167650.395051,4,tick,""
167650.395076,1,sched_state,waiting
167650.395081,1,tick,""
167650.395086,2,sched_state,waiting
167650.395089,7,sched_state,waiting
167650.395092,2,tick,""
167650.395095,7,tick,""
167650.395114,0,tick,""
167650.395120,3,sched_state,waiting
167650.395127,3,tick,""
167650.395140,4,sched_state,waiting
167650.395140,7,sched_state,waiting
167650.395143,4,tick,""
167650.395145,7,tick,""
167650.395147,1,sched_state,waiting
167650.395152,1,tick,""
167650.395159,6,sched_state,waiting
167650.395165,6,tick,""
167650.395166,5,sched_state,waiting
167650.395172,5,tick,""
167650.395181,3,sched_state,waiting
167650.395187,3,tick,""
167650.395204,4,sched_state,waiting
167650.395208,4,tick,""
167650.395255,7,sched_state,waiting
167650.395259,6,sched_state,waiting
167650.395261,7,tick,""
167650.395265,6,tick,""
167650.395269,4,sched_state,waiting
167650.395272,4,tick,""
167650.395272,1,sched_state,waiting
167650.395278,1,tick,""
167650.395308,3,sched_state,waiting
167650.395315,3,tick,""
167650.395332,1,sched_state,waiting
167650.395336,4,sched_state,waiting
167650.395338,1,tick,""
167650.395339,4,tick,""
167650.395349,3,sched_state,waiting
167650.395354,3,tick,""
167650.395393,6,sched_state,waiting
167650.395399,6,tick,""
167650.395411,1,sched_state,waiting
167650.395417,1,tick,""
167650.395435,6,sched_state,waiting
167650.395439,1,sched_state,waiting
167650.395440,6,tick,""
167650.395444,1,tick,""
167650.395467,3,sched_state,waiting
167650.395469,1,sched_state,waiting
167650.395473,3,tick,""
167650.395475,1,tick,""
167650.395508,2,sched_state,waiting
167650.395514,3,sched_state,waiting
167650.395515,2,tick,""
167650.395521,3,tick,""
167650.395541,4,sched_state,waiting
167650.395542,6,sched_state,waiting
167650.395544,5,sched_state,waiting
167650.395546,4,tick,""
167650.395548,6,tick,""
167650.395550,5,tick,""
167650.395569,7,sched_state,waiting
167650.395570,2,sched_state,waiting
167650.395575,7,tick,""
167650.395576,2,tick,""
167650.395591,6,sched_state,waiting
167650.395597,6,tick,""
167650.395619,4,sched_state,waiting
167650.395622,4,tick,""
167650.395622,7,sched_state,waiting
167650.395629,7,tick,""
167650.395638,6,sched_state,waiting
167650.395644,6,tick,""
167650.395653,5,sched_state,waiting
167650.395654,4,sched_state,waiting
167650.395657,4,tick,""
167650.395661,5,tick,""
167650.395661,7,sched_state,waiting
167650.395667,7,tick,""
167650.395693,4,sched_state,waiting
167650.395697,4,tick,""
167650.395707,7,sched_state,waiting
167650.395709,6,sched_state,waiting
167650.395712,7,tick,""
167650.395714,6,tick,""
167650.395724,4,sched_state,waiting
167650.395728,4,tick,""
167650.395750,5,sched_state,waiting
167650.395752,1,sched_state,waiting
167650.395755,0,queue_length,0
167650.395758,5,tick,""
167650.395758,1,tick,""
167650.395800,5,sched_state,waiting
167650.395807,5,tick,""
167650.395810,1,sched_state,waiting
167650.395811,7,sched_state,waiting
167650.395815,1,tick,""
167650.395817,7,tick,""
167650.395860,7,sched_state,waiting
167650.395863,1,sched_state,waiting
167650.395866,7,tick,""
167650.395868,1,tick,""
167650.395909,7,sched_state,waiting
167650.395914,7,tick,""
167650.395915,4,sched_state,waiting
167650.395919,4,tick,""
167650.395954,4,sched_state,waiting
167650.395958,4,tick,""
167650.395963,1,sched_state,waiting
167650.395969,1,tick,""
167650.396007,1,sched_state,waiting
167650.396014,1,tick,""
167650.396015,4,sched_state,waiting
167650.396019,4,tick,""
167650.396039,1,sched_state,waiting
167650.396044,1,tick,""
167650.396046,4,sched_state,waiting
167650.396049,4,tick,""
167650.396069,1,sched_state,waiting
167650.396074,1,tick,""
167650.396125,0,sched_state,running
167650.396128,3,sched_state,waiting
167650.396134,3,tick,""
167650.396157,1,sched_state,waiting
167650.396158,6,sched_state,waiting
167650.396164,1,tick,""
167650.396164,6,tick,""
167650.396178,5,sched_state,waiting
167650.396182,7,sched_state,waiting
167650.396184,5,tick,""
167650.396188,7,tick,""
167650.396196,4,sched_state,waiting
167650.396201,4,tick,""
167650.396216,1,sched_state,waiting
167650.396223,1,tick,""
167650.396232,5,sched_state,waiting
167650.396238,5,tick,""
167650.396259,1,sched_state,waiting
167650.396264,1,tick,""
167650.396278,7,sched_state,waiting
167650.396283,7,tick,""
167650.396289,2,sched_state,waiting
167650.396292,0,tick,""
167650.396295,2,tick,""
167650.396300,0,reduction,""
167650.396304,0,sched_state,running
167650.396324,3,sched_state,waiting
167650.396324,6,sched_state,waiting
167650.396327,4,sched_state,waiting
167650.396330,3,tick,""
167650.396331,4,tick,""
167650.396332,6,tick,""
167650.396351,5,sched_state,waiting
167650.396359,5,tick,""
167650.396368,1,sched_state,waiting
167650.396374,1,tick,""
167650.396391,4,sched_state,waiting
167650.396395,4,tick,""
167650.396395,5,sched_state,waiting
167650.396401,5,tick,""
167650.396420,2,sched_state,waiting
167650.396427,2,tick,""
167650.396428,5,sched_state,waiting
167650.396434,5,tick,""
167650.396439,4,sched_state,waiting
167650.396439,3,sched_state,waiting
167650.396443,4,tick,""
167650.396444,3,tick,""
167650.396462,2,sched_state,waiting
167650.396465,0,tick,""
167650.396469,2,tick,""
167650.396473,0,reduction,""
167650.396482,0,sched_state,running
167650.396483,3,sched_state,waiting
167650.396486,6,sched_state,waiting
167650.396490,3,tick,""
167650.396490,4,sched_state,waiting
167650.396493,4,tick,""
167650.396501,7,sched_state,waiting
167650.396504,5,sched_state,waiting
167650.396505,2,sched_state,waiting
167650.396508,7,tick,""
167650.396510,2,tick,""
167650.396511,5,tick,""
167650.396526,1,sched_state,waiting
167650.396527,4,sched_state,waiting
167650.396530,4,tick,""
167650.396532,1,tick,""
167650.396551,5,sched_state,waiting
167650.396556,5,tick,""
167650.396584,5,sched_state,waiting
167650.396589,7,sched_state,waiting
167650.396591,5,tick,""
167650.396596,7,tick,""
167650.396619,5,sched_state,waiting
167650.396624,5,tick,""
167650.396626,7,sched_state,waiting
167650.396631,7,tick,""
167650.396643,0,tick,""
167650.396645,6,tick,""
167650.396649,0,reduction,""
167650.396652,0,sched_state,running
167650.396658,4,sched_state,waiting
167650.396657,3,sched_state,waiting
167650.396661,1,sched_state,waiting
167650.396662,4,tick,""
167650.396662,7,sched_state,waiting
167650.396663,3,tick,""
167650.396667,1,tick,""
167650.396667,7,tick,""
167650.396705,2,sched_state,waiting
167650.396712,2,tick,""
167650.396711,7,sched_state,waiting
167650.396717,7,tick,""
167650.396720,1,sched_state,waiting
167650.396721,4,sched_state,waiting
167650.396724,4,tick,""
167650.396726,1,tick,""
167650.396756,4,sched_state,waiting
167650.396759,4,tick,""
167650.396761,6,sched_state,waiting
167650.396768,2,sched_state,waiting
167650.396768,6,tick,""
167650.396769,1,sched_state,waiting
167650.396779,1,tick,""
167650.396780,2,tick,""
167650.396793,4,sched_state,waiting
167650.396797,4,tick,""
167650.396810,7,sched_state,waiting
167650.396815,7,tick,""
167650.396816,0,tick,""
167650.396817,5,sched_state,waiting
167650.396822,1,sched_state,waiting
167650.396823,5,tick,""
167650.396823,0,reduction,""
167650.396826,0,sched_state,running
167650.396827,1,tick,""
167650.396839,3,sched_state,waiting
167650.396845,3,tick,""
167650.396846,6,sched_state,waiting
167650.396852,6,tick,""
167650.396859,7,sched_state,waiting
167650.396866,7,tick,""
167650.396878,4,sched_state,waiting
167650.396882,4,tick,""
167650.396885,3,sched_state,waiting
167650.396891,3,tick,""
167650.396910,7,sched_state,waiting
167650.396916,7,tick,""
167650.396931,1,sched_state,waiting
167650.396936,1,tick,""
167650.396937,5,sched_state,waiting
167650.396943,5,tick,""
167650.396950,6,sched_state,waiting
167650.396956,6,tick,""
167650.396960,4,sched_state,waiting
167650.396965,4,tick,""
167650.396977,7,sched_state,waiting
167650.396977,0,tick,""
167650.396979,2,sched_state,waiting
167650.396984,2,tick,""
167650.396985,7,tick,""
167650.396987,0,reduction,""
167650.396991,0,sched_state,running
167650.397000,3,sched_state,waiting
167650.397006,3,tick,""
167650.397030,5,sched_state,waiting
167650.397038,5,tick,""
167650.397054,3,sched_state,waiting
167650.397055,4,sched_state,waiting
167650.397056,6,sched_state,waiting
167650.397060,4,tick,""
167650.397061,3,tick,""
167650.397062,6,tick,""
167650.397080,2,sched_state,waiting
167650.397086,2,tick,""
167650.397116,6,sched_state,waiting
167650.397121,6,tick,""
167650.397127,4,sched_state,waiting
167650.397130,4,tick,""
167650.397144,6,sched_state,waiting
167650.397144,0,tick,""
167650.397146,1,sched_state,waiting
167650.397149,6,tick,""
167650.397150,0,reduction,""
167650.397153,1,tick,""
167650.397159,0,sched_state,running
167650.397160,4,sched_state,waiting
167650.397163,4,tick,""
167650.397165,7,sched_state,waiting
167650.397170,3,sched_state,waiting
167650.397175,3,tick,""
167650.397176,5,sched_state,waiting
167650.397177,7,tick,""
167650.397182,5,tick,""
167650.397196,1,sched_state,waiting
167650.397201,1,tick,""
167650.397213,7,sched_state,waiting
167650.397218,7,tick,""
167650.397227,2,sched_state,waiting
167650.397231,1,sched_state,waiting
167650.397234,2,tick,""
167650.397237,1,tick,""
167650.397247,5,sched_state,waiting
167650.397254,5,tick,""
167650.397256,7,sched_state,waiting
167650.397261,7,tick,""
167650.397266,3,sched_state,waiting
167650.397272,3,tick,""
167650.397275,2,sched_state,waiting
167650.397280,2,tick,""
167650.397311,5,sched_state,waiting
167650.397313,0,tick,""
167650.397317,0,reduction,""
167650.397317,5,tick,""
167650.397319,0,sched_state,running
167650.397325,1,sched_state,waiting
167650.397327,2,sched_state,waiting
167650.397329,3,sched_state,waiting
167650.397331,1,tick,""
167650.397333,2,tick,""
167650.397335,3,tick,""
167650.397367,7,sched_state,waiting
167650.397373,7,tick,""
167650.397411,6,sched_state,waiting
167650.397417,6,tick,""
167650.397424,5,sched_state,waiting
167650.397432,5,tick,""
167650.397433,4,sched_state,waiting
167650.397434,0,tick,""
167650.397437,4,tick,""
167650.397439,0,reduction,""
167650.397443,0,sched_state,running
167650.397445,1,sched_state,waiting
167650.397446,2,sched_state,waiting
167650.397450,1,tick,""
167650.397451,2,tick,""
167650.397461,6,sched_state,waiting
167650.397463,3,sched_state,waiting
167650.397467,6,tick,""
167650.397470,3,tick,""
167650.397484,7,sched_state,waiting
167650.397489,7,tick,""
167650.397498,1,sched_state,waiting
167650.397503,1,tick,""
167650.397505,4,sched_state,waiting
167650.397511,3,sched_state,waiting
167650.397515,4,tick,""
167650.397518,3,tick,""
167650.397549,4,sched_state,waiting
167650.397552,4,tick,""
167650.397552,2,sched_state,waiting
167650.397558,2,tick,""
167650.397569,3,sched_state,waiting
167650.397575,3,tick,""
167650.397591,4,sched_state,waiting
167650.397595,4,tick,""
167650.397603,0,tick,""
167650.397606,0,reduction,""
167650.397609,0,sched_state,running
167650.397617,6,sched_state,waiting
167650.397622,7,sched_state,waiting
167650.397623,6,tick,""
167650.397627,5,sched_state,waiting
167650.397629,7,tick,""
167650.397635,4,sched_state,waiting
167650.397635,5,tick,""
167650.397635,1,sched_state,waiting
167650.397640,1,tick,""
167650.397642,4,tick,""
167650.397652,2,sched_state,waiting
167650.397658,2,tick,""
167650.397716,4,sched_state,waiting
167650.397720,4,tick,""
167650.397721,7,sched_state,waiting
167650.397727,7,tick,""
167650.397742,4,sched_state,waiting
167650.397747,4,tick,""
167650.397747,1,sched_state,waiting
167650.397754,1,tick,""
167650.397766,2,sched_state,waiting
167650.397771,2,tick,""
167650.397771,0,tick,""
167650.397771,3,sched_state,waiting
167650.397776,0,sched_state,stop
167650.397777,3,tick,""
167650.397780,4,sched_state,waiting
167650.397783,4,tick,""
