timestamp,lpu,event,value
156640.423109,7,sched_state,startup
156640.423111,5,sched_state,startup
156640.423113,1,sched_state,startup
156640.423138,6,sched_state,startup
156640.423142,2,sched_state,startup
156640.423148,4,sched_state,startup
156640.423323,0,sched_state,startup
156640.423368,4,tick,""
156640.423391,7,tick,""
156640.423392,1,tick,""
156640.423392,5,tick,""
156640.423395,4,queue_length,0
156640.423401,4,sched_state,waiting
156640.423401,7,queue_length,0
156640.423404,1,queue_length,0
156640.423406,5,queue_length,0
156640.423407,7,sched_state,waiting
156640.423410,4,tick,""
156640.423410,1,sched_state,waiting
156640.423410,5,sched_state,waiting
156640.423419,7,tick,""
156640.423420,6,tick,""
156640.423420,2,tick,""
156640.423424,1,tick,""
156640.423424,5,tick,""
156640.423432,2,queue_length,0
156640.423433,6,queue_length,0
156640.423437,2,sched_state,waiting
156640.423437,6,sched_state,waiting
156640.423450,2,tick,""
156640.423450,6,tick,""
156640.423468,7,sched_state,waiting
156640.423471,1,sched_state,waiting
156640.423471,5,sched_state,waiting
156640.423475,4,sched_state,waiting
156640.423477,7,tick,""
156640.423480,4,tick,""
156640.423480,1,tick,""
156640.423480,5,tick,""
156640.423487,2,sched_state,waiting
156640.423487,6,sched_state,waiting
156640.423498,6,tick,""
156640.423498,2,tick,""
156640.423499,3,sched_state,startup
156640.423503,2,sched_state,waiting
156640.423519,2,tick,""
156640.423524,2,sched_state,waiting
156640.423528,2,tick,""
156640.423615,0,tick,""
156640.423657,3,tick,""
156640.423665,3,queue_length,0
156640.423670,3,sched_state,waiting
156640.423684,3,tick,""
156640.423696,0,queue_length,1
156640.423701,0,queue_length,0
156640.423714,3,sched_state,waiting
156640.423718,3,tick,""
156640.423723,3,sched_state,waiting
156640.423726,3,tick,""
156640.423964,0,sched_state,running
156640.424103,0,tick,""
156640.424131,0,reduction,""
156640.424132,0,sched_state,running
156640.424208,0,tick,""
156640.424213,0,reduction,""
156640.424217,0,sched_state,running
156640.424326,0,tick,""
156640.424332,0,reduction,""
156640.424334,0,sched_state,running
156640.424399,0,tick,""
156640.424403,0,reduction,""
156640.424404,0,sched_state,running
156640.424466,0,tick,""
156640.424470,0,reduction,""
156640.424471,0,sched_state,running
156640.424531,0,tick,""
156640.424536,0,reduction,""
156640.424537,0,sched_state,running
156640.424598,0,tick,""
156640.424602,0,reduction,""
156640.424604,0,sched_state,running
156640.424662,0,tick,""
156640.424666,0,reduction,""
156640.424667,0,sched_state,running
156640.424727,0,tick,""
156640.424732,0,reduction,""
156640.424733,0,sched_state,running
156640.424837,0,tick,""
156640.424842,0,reduction,""
156640.424844,0,sched_state,running
156640.424903,0,tick,""
156640.424906,0,reduction,""
156640.424907,0,sched_state,running
156640.424965,0,tick,""
156640.424972,0,reduction,""
156640.424973,0,sched_state,running
156640.425034,0,tick,""
156640.425037,0,reduction,""
156640.425038,0,sched_state,running
156640.425098,0,tick,""
156640.425100,0,reduction,""
156640.425102,0,sched_state,running
156640.425160,0,tick,""
156640.425165,0,reduction,""
156640.425166,0,sched_state,running
156640.425224,0,tick,""
156640.425358,0,reduction,""
156640.425360,0,sched_state,running
156640.425424,0,tick,""
156640.425436,0,reduction,""
156640.425438,0,sched_state,running
156640.425497,0,tick,""
156640.425499,0,reduction,""
156640.425501,0,sched_state,running
156640.425559,0,tick,""
156640.425563,0,reduction,""
156640.425564,0,sched_state,running
156640.425687,0,tick,""
156640.425690,0,reduction,""
156640.425691,0,sched_state,running
156640.425755,0,tick,""
156640.425761,0,queue_length,0
156640.426292,0,queue_length,0
156640.426945,0,sched_state,running
156640.427117,0,tick,""
156640.427122,0,reduction,""
156640.427124,0,sched_state,running
156640.427270,0,tick,""
156640.427367,0,reduction,""
156640.427371,0,sched_state,running
156640.427612,0,tick,""
156640.427617,0,reduction,""
156640.427621,0,sched_state,running
156640.427755,0,tick,""
156640.427832,0,reduction,""
156640.427834,0,sched_state,running
156640.427968,0,tick,""
156640.427972,0,reduction,""
156640.427973,0,sched_state,running
156640.428101,0,tick,""
156640.428120,0,reduction,""
156640.428121,0,sched_state,running
156640.428247,0,tick,""
156640.428262,0,reduction,""
156640.428263,0,sched_state,running
156640.428381,0,tick,""
156640.428391,0,reduction,""
156640.428393,0,sched_state,running
156640.428499,0,tick,""
156640.428804,0,reduction,""
156640.428807,0,sched_state,running
156640.428914,0,tick,""
156640.428926,0,reduction,""
156640.428928,0,sched_state,running
156640.429113,0,tick,""
156640.429128,0,reduction,""
156640.429130,0,sched_state,running
156640.429303,0,tick,""
156640.429319,0,reduction,""
156640.429321,0,sched_state,running
156640.429418,0,tick,""
156640.429429,0,reduction,""
156640.429430,0,sched_state,running
156640.429526,0,tick,""
156640.429537,0,reduction,""
156640.429538,0,sched_state,running
156640.429633,0,tick,""
156640.429643,0,reduction,""
156640.429645,0,sched_state,running
156640.429740,0,tick,""
156640.429749,0,reduction,""
156640.429751,0,sched_state,running
156640.429846,0,tick,""
156640.429857,0,reduction,""
156640.429858,0,sched_state,running
156640.429954,0,tick,""
156640.429963,0,reduction,""
156640.429965,0,sched_state,running
156640.430060,0,tick,""
156640.430069,0,reduction,""
156640.430071,0,sched_state,running
156640.430167,0,tick,""
156640.430176,0,reduction,""
156640.430177,0,sched_state,running
156640.430272,0,tick,""
156640.430526,0,queue_length,0
156640.430763,0,sched_state,running
156640.430871,0,tick,""
156640.430881,0,reduction,""
156640.430882,0,sched_state,running
156640.430984,0,tick,""
156640.430993,0,reduction,""
156640.430995,0,sched_state,running
156640.431094,0,tick,""
156640.431103,0,reduction,""
156640.431105,0,sched_state,running
156640.431203,0,tick,""
156640.431211,0,reduction,""
156640.431213,0,sched_state,running
156640.431309,0,tick,""
156640.431317,0,reduction,""
156640.431318,0,sched_state,running
156640.431415,0,tick,""
156640.431423,0,reduction,""
156640.431424,0,sched_state,running
156640.431520,0,tick,""
156640.431528,0,reduction,""
156640.431529,0,sched_state,running
156640.431624,0,tick,""
156640.431631,0,reduction,""
156640.431633,0,sched_state,running
156640.431729,0,tick,""
156640.431736,0,reduction,""
156640.431738,0,sched_state,running
156640.431833,0,tick,""
156640.431840,0,reduction,""
156640.431841,0,sched_state,running
156640.431936,0,tick,""
156640.431943,0,reduction,""
156640.431944,0,sched_state,running
156640.432041,0,tick,""
156640.432047,0,reduction,""
156640.432049,0,sched_state,running
156640.432155,0,tick,""
156640.432162,0,reduction,""
156640.432163,0,sched_state,running
156640.432259,0,tick,""
156640.432265,0,reduction,""
156640.432266,0,sched_state,running
156640.432362,0,tick,""
156640.432368,0,reduction,""
156640.432369,0,sched_state,running
156640.432464,0,tick,""
156640.432470,0,reduction,""
156640.432471,0,sched_state,running
156640.432566,0,tick,""
156640.432571,0,reduction,""
156640.432572,0,sched_state,running
156640.432668,0,tick,""
156640.432673,0,reduction,""
156640.432674,0,sched_state,running
156640.432769,0,tick,""
156640.432774,0,reduction,""
156640.432775,0,sched_state,running
156640.432869,0,tick,""
156640.432874,0,reduction,""
156640.432875,0,sched_state,running
156640.432970,0,tick,""
156640.433249,0,queue_length,0
156640.433496,0,sched_state,running
156640.433604,0,tick,""
156640.433610,0,reduction,""
156640.433612,0,sched_state,running
156640.433716,0,tick,""
156640.433720,0,reduction,""
156640.433722,0,sched_state,running
156640.433821,0,tick,""
156640.433825,0,reduction,""
156640.433827,0,sched_state,running
156640.433925,0,tick,""
156640.433929,0,reduction,""
156640.433930,0,sched_state,running
156640.434027,0,tick,""
156640.434030,0,reduction,""
156640.434032,0,sched_state,running
156640.434129,0,tick,""
156640.434132,0,reduction,""
156640.434133,0,sched_state,running
156640.434229,0,tick,""
156640.434232,0,reduction,""
156640.434233,0,sched_state,running
156640.434329,0,tick,""
156640.434331,0,reduction,""
156640.434332,0,sched_state,running
156640.434429,0,tick,""
156640.434431,0,reduction,""
156640.434432,0,sched_state,running
156640.434528,0,tick,""
156640.434531,0,sched_state,stop
