timestamp,lpu,event,value
179159.346009,7,sched_state,startup
179159.346012,1,sched_state,startup
179159.346013,3,sched_state,startup
179159.346012,6,sched_state,startup
179159.346039,5,sched_state,startup
179159.346039,4,sched_state,startup
179159.346440,0,sched_state,startup
179159.346488,4,tick,""
179159.346499,4,queue_length,0
179159.346501,3,tick,""
179159.346501,7,tick,""
179159.346504,4,sched_state,waiting
179159.346508,1,tick,""
179159.346508,5,tick,""
179159.346512,7,queue_length,0
179159.346512,3,queue_length,0
179159.346514,4,tick,""
179159.346518,1,queue_length,0
179159.346518,3,sched_state,waiting
179159.346518,7,sched_state,waiting
179159.346524,1,sched_state,waiting
179159.346532,3,tick,""
179159.346534,7,tick,""
179159.346536,1,tick,""
179159.346544,5,queue_length,0
179159.346545,4,sched_state,waiting
179159.346545,6,tick,""
179159.346549,5,sched_state,waiting
179159.346551,4,tick,""
179159.346554,6,queue_length,0
179159.346560,6,sched_state,waiting
179159.346560,5,tick,""
179159.346567,3,sched_state,waiting
179159.346567,7,sched_state,waiting
179159.346572,6,tick,""
179159.346573,1,sched_state,waiting
179159.346577,7,tick,""
179159.346578,3,tick,""
179159.346584,1,tick,""
179159.346589,1,sched_state,waiting
179159.346596,1,tick,""
179159.346601,5,sched_state,waiting
179159.346605,2,sched_state,startup
179159.346607,5,tick,""
179159.346610,6,sched_state,waiting
179159.346616,6,tick,""
179159.346760,2,tick,""
179159.346769,2,queue_length,0
179159.346773,2,sched_state,waiting
179159.346781,0,tick,""
179159.346787,2,tick,""
179159.346815,2,sched_state,waiting
179159.346822,2,tick,""
179159.346827,2,sched_state,waiting
179159.346831,2,tick,""
179159.346836,2,sched_state,waiting
179159.346839,2,tick,""
179159.346857,0,queue_length,1
179159.346864,0,queue_length,0
179159.347169,0,sched_state,running
179159.347347,0,tick,""
179159.347357,0,reduction,""
179159.347359,0,sched_state,running
179159.347469,0,tick,""
179159.347474,0,reduction,""
179159.347478,0,sched_state,running
179159.347631,0,tick,""
179159.347635,0,reduction,""
179159.347637,0,sched_state,running
179159.347737,0,tick,""
179159.347741,0,reduction,""
179159.347742,0,sched_state,running
179159.347838,0,tick,""
179159.347841,0,reduction,""
179159.347843,0,sched_state,running
179159.347937,0,tick,""
179159.347942,0,reduction,""
179159.347943,0,sched_state,running
179159.348038,0,tick,""
179159.348043,0,reduction,""
179159.348045,0,sched_state,running
179159.348146,0,tick,""
179159.348150,0,reduction,""
179159.348152,0,sched_state,running
179159.348335,0,tick,""
179159.348357,0,reduction,""
179159.348363,0,sched_state,running
179159.348501,0,tick,""
179159.348507,0,reduction,""
179159.348508,0,sched_state,running
179159.348621,0,tick,""
179159.348627,0,reduction,""
179159.348629,0,sched_state,running
179159.348695,0,tick,""
179159.348700,0,reduction,""
179159.348703,0,sched_state,running
179159.348807,0,tick,""
179159.348810,0,reduction,""
179159.348811,0,sched_state,running
179159.348872,0,tick,""
179159.348875,0,reduction,""
179159.348876,0,sched_state,running
179159.348935,0,tick,""
179159.348939,0,reduction,""
179159.348940,0,sched_state,running
179159.348998,0,tick,""
179159.349131,0,reduction,""
179159.349133,0,sched_state,running
179159.349196,0,tick,""
179159.349209,0,reduction,""
179159.349211,0,sched_state,running
179159.349365,0,tick,""
179159.349369,0,reduction,""
179159.349371,0,sched_state,running
179159.349467,0,tick,""
179159.349472,0,reduction,""
179159.349474,0,sched_state,running
179159.349563,0,tick,""
179159.350532,0,reduction,""
179159.350536,0,sched_state,running
179159.350711,0,tick,""
179159.351252,0,queue_length,0
179159.352554,0,sched_state,running
179159.353027,0,tick,""
179159.353046,0,reduction,""
179159.353048,0,sched_state,running
179159.353679,0,tick,""
179159.353703,0,spawn,""
179159.353710,0,reduction,""
179159.353716,0,sched_state,running
179159.354867,0,tick,""
179159.354871,0,queue_length,1
179159.354872,0,reduction,""
179159.354874,0,sched_state,running
179159.355070,0,tick,""
179159.355093,0,reduction,""
179159.355101,0,sched_state,running
179159.355738,0,tick,""
179159.355759,0,reduction,""
179159.355771,0,sched_state,running
179159.356339,0,tick,""
179159.356344,0,reduction,""
179159.356346,0,sched_state,running
179159.356511,0,tick,""
179159.356517,0,reduction,""
179159.356518,0,sched_state,running
179159.356677,0,tick,""
179159.356735,0,reduction,""
179159.356738,0,sched_state,running
179159.356897,0,tick,""
179159.356903,0,reduction,""
179159.356905,0,sched_state,running
179159.357063,0,tick,""
179159.357068,0,spawn,""
179159.357071,0,reduction,""
179159.357073,0,sched_state,running
179159.357763,0,tick,""
179159.357768,0,reduction,""
179159.357770,0,sched_state,running
179159.357928,0,tick,""
179159.357937,0,reduction,""
179159.357939,0,sched_state,running
179159.358090,0,tick,""
179159.358094,0,reduction,""
179159.358096,0,sched_state,running
179159.358243,0,tick,""
179159.358247,0,reduction,""
179159.358248,0,sched_state,running
179159.358309,0,queue_length,2
179159.358401,0,tick,""
179159.358413,0,reduction,""
179159.358415,0,sched_state,running
179159.358575,0,tick,""
179159.358582,0,reduction,""
179159.358584,0,sched_state,running
179159.358743,0,tick,""
179159.359578,0,channel_blocked,87
179159.359581,0,yield,""
179159.359583,0,sched_state,running
179159.359589,0,tick,""
179159.359596,0,queue_length,1
179159.360017,4,sched_state,waiting
179159.360025,0,sched_state,running
179159.360029,4,tick,""
179159.360035,4,sched_state,waiting
179159.360039,4,tick,""
179159.360042,4,sched_state,waiting
179159.360042,3,sched_state,waiting
179159.360044,4,tick,""
179159.360044,1,sched_state,waiting
179159.360044,7,sched_state,waiting
179159.360053,1,tick,""
179159.360055,3,tick,""
179159.360059,7,tick,""
179159.360062,7,sched_state,waiting
179159.360065,4,sched_state,waiting
179159.360068,4,tick,""
179159.360071,7,tick,""
179159.360094,3,sched_state,waiting
179159.360094,7,sched_state,waiting
179159.360101,7,tick,""
179159.360101,3,tick,""
179159.360122,7,sched_state,waiting
179159.360127,7,tick,""
179159.360145,1,sched_state,waiting
179159.360158,1,tick,""
179159.360204,0,tick,""
179159.360209,0,reduction,""
179159.360212,0,sched_state,running
179159.360373,0,tick,""
179159.360378,0,reduction,""
179159.360380,0,sched_state,running
179159.360532,0,tick,""
179159.360539,0,reduction,""
179159.360541,0,sched_state,running
179159.360818,0,tick,""
179159.360823,0,reduction,""
179159.360825,0,sched_state,running
179159.361091,0,tick,""
179159.361096,0,reduction,""
179159.361098,0,sched_state,running
179159.361264,0,tick,""
179159.361269,0,reduction,""
179159.361271,0,sched_state,running
179159.361431,0,tick,""
179159.361450,0,reduction,""
179159.361452,0,sched_state,running
179159.361620,0,tick,""
179159.361625,0,reduction,""
179159.361627,0,sched_state,running
179159.361789,0,tick,""
179159.361809,0,reduction,""
179159.361812,0,sched_state,running
179159.361976,0,tick,""
179159.361995,0,reduction,""
179159.361997,0,sched_state,running
179159.362161,0,tick,""
179159.362167,0,reduction,""
179159.362169,0,sched_state,running
179159.362322,0,tick,""
179159.362483,0,reduction,""
179159.362486,0,sched_state,running
179159.362653,0,tick,""
179159.362670,0,reduction,""
179159.362672,0,sched_state,running
179159.362829,0,tick,""
179159.362832,0,reduction,""
179159.362834,0,sched_state,running
179159.362977,0,tick,""
179159.362989,0,reduction,""
179159.362991,0,sched_state,running
179159.363144,0,tick,""
179159.363205,0,reduction,""
179159.363208,0,sched_state,running
179159.363424,0,tick,""
179159.363442,0,reduction,""
179159.363445,0,sched_state,running
179159.363705,0,tick,""
179159.363712,0,spawn,""
179159.363717,0,reduction,""
179159.363719,0,sched_state,running
179159.364351,0,tick,""
179159.364354,0,queue_length,2
179159.364357,0,reduction,""
179159.364359,0,sched_state,running
179159.364520,0,tick,""
179159.364526,0,reduction,""
179159.364528,0,sched_state,running
179159.364684,0,tick,""
179159.366015,0,queue_length,2
179159.366931,0,sched_state,running
179159.367298,0,tick,""
179159.367302,0,reduction,""
179159.367304,0,sched_state,running
179159.367471,0,tick,""
179159.367474,0,reduction,""
179159.367475,0,sched_state,running
179159.367809,0,tick,""
179159.367815,0,reduction,""
179159.367817,0,sched_state,running
179159.367983,0,tick,""
179159.367986,0,reduction,""
179159.367987,0,sched_state,running
179159.368193,0,tick,""
179159.368199,0,reduction,""
179159.368201,0,sched_state,running
179159.368405,0,tick,""
179159.368514,0,reduction,""
179159.368516,0,sched_state,running
179159.368714,0,tick,""
179159.368723,0,reduction,""
179159.368725,0,sched_state,running
179159.368927,0,tick,""
179159.369012,0,reduction,""
179159.369015,0,sched_state,running
179159.369206,0,tick,""
179159.369212,0,reduction,""
179159.369214,0,sched_state,running
179159.369416,0,tick,""
179159.369429,0,reduction,""
179159.369432,0,sched_state,running
179159.369582,0,tick,""
179159.369598,0,reduction,""
179159.369599,0,sched_state,running
179159.369732,0,tick,""
179159.369742,0,reduction,""
179159.369743,0,sched_state,running
179159.369875,0,tick,""
179159.370032,0,reduction,""
179159.370034,0,sched_state,running
179159.370184,0,tick,""
179159.370190,0,reduction,""
179159.370191,0,sched_state,running
179159.370330,0,tick,""
179159.370334,0,reduction,""
179159.370336,0,sched_state,running
179159.370475,0,tick,""
179159.370479,0,reduction,""
179159.370481,0,sched_state,running
179159.370617,0,tick,""
179159.370621,0,reduction,""
179159.370622,0,sched_state,running
179159.370757,0,tick,""
179159.370761,0,reduction,""
179159.370762,0,sched_state,running
179159.370898,0,tick,""
179159.370901,0,reduction,""
179159.370902,0,sched_state,running
179159.371022,2,sched_state,waiting
179159.371022,5,sched_state,waiting
179159.371030,2,tick,""
179159.371031,5,tick,""
179159.371033,2,sched_state,waiting
179159.371036,2,tick,""
179159.371046,3,sched_state,waiting
179159.371053,0,tick,""
179159.371054,1,sched_state,waiting
179159.371056,6,sched_state,waiting
179159.371056,3,tick,""
179159.371059,0,reduction,""
179159.371060,1,tick,""
179159.371061,0,sched_state,running
179159.371061,3,sched_state,waiting
179159.371062,5,sched_state,waiting
179159.371065,6,tick,""
179159.371066,3,tick,""
179159.371068,5,tick,""
179159.371073,5,sched_state,waiting
179159.371078,5,tick,""
179159.371087,2,sched_state,waiting
179159.371089,1,sched_state,waiting
179159.371090,6,sched_state,waiting
179159.371093,2,tick,""
179159.371094,1,tick,""
179159.371097,6,tick,""
179159.371102,6,sched_state,waiting
179159.371107,6,tick,""
179159.371160,3,sched_state,waiting
179159.371167,3,tick,""
179159.371337,0,tick,""
179159.371346,0,queue_length,1
179159.372668,0,queue_length,1
179159.373491,0,sched_state,running
179159.373752,0,tick,""
179159.373759,0,reduction,""
179159.373761,0,sched_state,running
179159.374033,0,tick,""
179159.374038,0,reduction,""
179159.374039,0,sched_state,running
179159.374315,0,tick,""
179159.374320,0,reduction,""
179159.374322,0,sched_state,running
179159.374454,0,tick,""
179159.374506,0,reduction,""
179159.374508,0,sched_state,running
179159.374638,0,tick,""
179159.374642,0,reduction,""
179159.374643,0,sched_state,running
179159.374774,0,tick,""
179159.374779,0,spawn,""
179159.374780,0,reduction,""
179159.374781,0,sched_state,running
179159.375622,0,tick,""
179159.375627,0,reduction,""
179159.375629,0,sched_state,running
179159.375795,0,tick,""
179159.375802,0,reduction,""
179159.375803,0,sched_state,running
179159.376006,0,tick,""
179159.376011,0,reduction,""
179159.376012,0,sched_state,running
179159.376219,0,tick,""
179159.376223,0,reduction,""
179159.376225,0,sched_state,running
179159.376378,0,tick,""
179159.376382,0,reduction,""
179159.376383,0,sched_state,running
179159.376578,0,tick,""
179159.376583,0,reduction,""
179159.376585,0,sched_state,running
179159.376786,0,tick,""
179159.377562,0,queue_length,2
179159.377668,2,channel_blocked,155
179159.377671,0,yield,""
179159.377674,0,sched_state,running
179159.377682,0,tick,""
179159.377689,0,queue_length,1
179159.378347,0,sched_state,running
179159.378626,0,tick,""
179159.378634,0,reduction,""
179159.378636,0,sched_state,running
179159.378949,0,tick,""
179159.378953,0,reduction,""
179159.378957,0,sched_state,running
179159.379107,0,tick,""
179159.379112,0,reduction,""
179159.379113,0,sched_state,running
179159.379254,0,tick,""
179159.379760,1,channel_blocked,182
179159.379763,0,yield,""
179159.379765,0,sched_state,running
179159.379798,0,tick,""
179159.379806,0,queue_length,0
179159.380321,0,sched_state,running
179159.380719,0,tick,""
179159.380732,0,reduction,""
179159.380735,0,sched_state,running
179159.381043,0,tick,""
179159.381048,0,reduction,""
179159.381050,0,sched_state,running
179159.381221,0,tick,""
179159.381225,0,reduction,""
179159.381226,0,sched_state,running
179159.381384,0,tick,""
179159.381387,0,reduction,""
179159.381388,0,sched_state,running
179159.381547,0,tick,""
179159.381551,0,reduction,""
179159.381552,0,sched_state,running
179159.381707,0,tick,""
179159.381821,0,reduction,""
179159.381824,0,sched_state,running
179159.381984,0,tick,""
179159.381990,0,reduction,""
179159.381992,0,sched_state,running
179159.382043,5,sched_state,waiting
179159.382048,7,sched_state,waiting
179159.382248,5,tick,""
179159.382275,0,tick,""
179159.382064,4,sched_state,waiting
179159.382380,0,reduction,""
179159.382383,0,sched_state,running
179159.382777,3,sched_state,running
179159.382780,7,tick,""
179159.382817,7,sched_state,waiting
179159.382903,7,tick,""
179159.382965,4,tick,""
179159.382993,4,sched_state,waiting
179159.383008,4,tick,""
179159.383119,0,tick,""
179159.383129,0,reduction,""
179159.383133,0,sched_state,running
179159.383244,3,tick,""
179159.383249,3,reduction,""
179159.383254,3,sched_state,running
179159.383574,3,tick,""
179159.383579,3,reduction,""
179159.383581,3,sched_state,running
179159.383613,0,tick,""
179159.383638,0,reduction,""
179159.383641,0,sched_state,running
179159.383718,3,tick,""
179159.383723,3,reduction,""
179159.383724,3,sched_state,running
179159.383858,3,tick,""
179159.383861,3,reduction,""
179159.383863,3,sched_state,running
179159.383907,0,tick,""
179159.383929,0,reduction,""
179159.383931,0,sched_state,running
179159.384048,3,tick,""
179159.384053,3,reduction,""
179159.384055,3,sched_state,running
179159.384195,0,tick,""
179159.384211,0,reduction,""
179159.384213,0,sched_state,running
179159.384277,3,tick,""
179159.384283,3,reduction,""
179159.384285,3,sched_state,running
179159.384458,3,tick,""
179159.384471,0,tick,""
179159.384478,3,reduction,""
179159.384480,3,sched_state,running
179159.384615,3,tick,""
179159.384620,3,reduction,""
179159.384621,3,sched_state,running
179159.384732,0,reduction,""
179159.384736,0,sched_state,running
179159.384810,3,tick,""
179159.384824,3,reduction,""
179159.384826,3,sched_state,running
179159.385001,0,tick,""
179159.385010,0,reduction,""
179159.385013,0,sched_state,running
179159.385029,3,tick,""
179159.385048,3,reduction,""
179159.385050,3,sched_state,running
179159.385207,3,tick,""
179159.385212,3,reduction,""
179159.385213,3,sched_state,running
179159.385342,3,tick,""
179159.385443,0,tick,""
179159.385456,0,reduction,""
179159.385458,0,sched_state,running
179159.385460,3,reduction,""
179159.385462,3,sched_state,running
179159.385670,3,tick,""
179159.385687,3,reduction,""
179159.385690,3,sched_state,running
179159.385786,0,tick,""
179159.385794,0,reduction,""
179159.385795,0,sched_state,running
179159.385895,3,tick,""
179159.385899,3,reduction,""
179159.385900,3,sched_state,running
179159.386042,3,tick,""
179159.386049,0,tick,""
179159.386053,3,reduction,""
179159.386055,3,sched_state,running
179159.386056,0,reduction,""
179159.386058,0,sched_state,running
179159.386187,3,tick,""
179159.386248,3,reduction,""
179159.386250,3,sched_state,running
179159.386315,0,tick,""
179159.386322,0,reduction,""
179159.386323,0,sched_state,running
179159.386447,3,tick,""
179159.386462,3,reduction,""
179159.386464,3,sched_state,running
179159.386578,0,tick,""
179159.386584,0,reduction,""
179159.386585,0,sched_state,running
179159.386667,3,tick,""
179159.386673,3,spawn,""
179159.386675,3,reduction,""
179159.386677,3,sched_state,running
179159.386838,0,tick,""
179159.386842,0,reduction,""
179159.386845,0,sched_state,running
179159.387101,0,tick,""
179159.387280,3,tick,""
179159.387286,3,reduction,""
179159.387287,3,sched_state,running
179159.387430,3,tick,""
179159.387434,3,reduction,""
179159.387436,3,sched_state,running
179159.387550,0,queue_length,0
179159.387570,3,tick,""
179159.388023,0,sched_state,running
179159.388214,0,tick,""
179159.388219,0,reduction,""
179159.388221,0,sched_state,running
179159.388393,0,tick,""
179159.388396,0,reduction,""
179159.388398,0,sched_state,running
179159.388509,3,queue_length,1
179159.388517,3,queue_length,1
179159.388565,0,tick,""
179159.388568,0,reduction,""
179159.388569,0,sched_state,running
179159.388735,0,tick,""
179159.389302,3,sched_state,running
179159.389565,3,channel_blocked,480
179159.389568,0,yield,""
179159.389570,0,sched_state,running
179159.389577,0,tick,""
179159.389582,0,queue_length,0
179159.389585,0,sched_state,waiting
179159.389635,0,tick,""
179159.389668,0,sched_state,waiting
179159.389674,3,tick,""
179159.389676,0,tick,""
179159.389679,3,reduction,""
179159.389682,0,sched_state,waiting
179159.389682,3,sched_state,running
179159.389686,0,tick,""
179159.389691,0,sched_state,waiting
179159.389696,0,tick,""
179159.389701,0,sched_state,waiting
179159.389705,0,tick,""
179159.389706,0,sched_state,waiting
179159.389710,0,tick,""
179159.390094,3,tick,""
179159.390100,3,reduction,""
179159.390103,3,sched_state,running
179159.390323,3,tick,""
179159.390328,3,reduction,""
179159.390331,3,sched_state,running
179159.390549,3,tick,""
179159.390553,3,reduction,""
179159.390555,3,sched_state,running
179159.390772,3,tick,""
179159.390777,3,reduction,""
179159.390783,3,sched_state,running
179159.391003,3,tick,""
179159.391008,3,reduction,""
179159.391012,3,sched_state,running
179159.391234,3,tick,""
179159.391258,3,reduction,""
179159.391260,3,sched_state,running
179159.391481,3,tick,""
179159.391487,3,reduction,""
179159.391489,3,sched_state,running
179159.391709,3,tick,""
179159.391726,3,reduction,""
179159.391729,3,sched_state,running
179159.391948,3,tick,""
179159.391968,3,reduction,""
179159.391970,3,sched_state,running
179159.392202,3,tick,""
179159.392208,3,reduction,""
179159.392210,3,sched_state,running
179159.392428,3,tick,""
179159.392593,3,reduction,""
179159.392596,3,sched_state,running
179159.392817,3,tick,""
179159.392835,3,reduction,""
179159.392837,3,sched_state,running
179159.393015,1,sched_state,waiting
179159.393018,5,sched_state,waiting
179159.393031,2,sched_state,waiting
179159.393036,6,sched_state,waiting
179159.393045,6,tick,""
179159.393048,6,sched_state,waiting
179159.393058,3,tick,""
179159.393064,3,reduction,""
179159.393066,3,sched_state,running
179159.393044,2,tick,""
179159.393124,2,sched_state,waiting
179159.393153,6,tick,""
179159.393193,2,tick,""
179159.393196,1,tick,""
179159.393196,5,tick,""
179159.393201,5,sched_state,waiting
179159.393207,5,tick,""
179159.393214,6,sched_state,waiting
179159.393219,6,tick,""
179159.393227,1,sched_state,waiting
179159.393227,5,sched_state,waiting
179159.393233,5,tick,""
179159.393233,1,tick,""
179159.393306,3,tick,""
179159.393322,3,reduction,""
179159.393325,3,sched_state,running
179159.393569,3,tick,""
179159.393628,3,reduction,""
179159.393631,3,sched_state,running
179159.393874,3,tick,""
179159.393889,3,reduction,""
179159.393891,3,sched_state,running
179159.394007,4,sched_state,waiting
179159.394016,4,tick,""
179159.394034,4,sched_state,waiting
179159.394038,4,tick,""
179159.394138,3,tick,""
179159.394144,3,spawn,""
179159.394146,3,reduction,""
179159.394148,3,sched_state,running
179159.394944,3,tick,""
179159.394949,3,reduction,""
179159.394950,3,sched_state,running
179159.395123,3,tick,""
179159.395129,3,reduction,""
179159.395132,3,sched_state,running
179159.395378,3,tick,""
179159.396797,3,queue_length,2
179159.396803,3,queue_length,2
179159.397357,3,sched_state,running
179159.397528,3,tick,""
179159.397533,3,reduction,""
179159.397535,3,sched_state,running
179159.397697,3,tick,""
179159.397703,3,reduction,""
179159.397704,3,sched_state,running
179159.397946,3,tick,""
179159.397951,3,reduction,""
179159.397953,3,sched_state,running
179159.398182,3,tick,""
179159.398230,3,reduction,""
179159.398233,3,sched_state,running
179159.398474,3,tick,""
179159.398480,3,reduction,""
179159.398482,3,sched_state,running
179159.398718,3,tick,""
179159.398724,3,spawn,""
179159.398726,3,reduction,""
179159.398728,3,sched_state,running
179159.399535,3,tick,""
179159.399539,3,reduction,""
179159.399541,3,sched_state,running
179159.399704,3,tick,""
179159.399712,3,reduction,""
179159.399714,3,sched_state,running
179159.399953,3,tick,""
179159.399958,3,reduction,""
179159.399960,3,sched_state,running
179159.400012,0,sched_state,waiting
179159.400018,0,tick,""
179159.400033,0,sched_state,waiting
179159.400037,0,tick,""
179159.400040,0,sched_state,waiting
179159.400044,0,tick,""
179159.400048,0,sched_state,waiting
179159.400052,0,tick,""
179159.400057,0,sched_state,waiting
179159.400061,0,tick,""
179159.400202,3,tick,""
179159.400208,3,reduction,""
179159.400210,3,sched_state,running
179159.400449,3,tick,""
179159.400454,3,reduction,""
179159.400456,3,sched_state,running
179159.400693,3,tick,""
179159.400698,3,reduction,""
179159.400700,3,sched_state,running
179159.400936,3,tick,""
179159.401516,3,queue_length,3
179159.401841,4,channel_blocked,294
179159.401843,3,yield,""
179159.401846,3,sched_state,running
179159.401853,3,tick,""
179159.401860,3,queue_length,2
179159.402775,3,sched_state,running
179159.402984,3,tick,""
179159.402988,3,reduction,""
179159.402990,3,sched_state,running
179159.403319,3,tick,""
179159.403324,3,reduction,""
179159.403326,3,sched_state,running
179159.403605,3,tick,""
179159.403610,3,reduction,""
179159.403612,3,sched_state,running
179159.403855,3,tick,""
179159.403859,3,reduction,""
179159.403861,3,sched_state,running
179159.404013,5,sched_state,waiting
179159.404013,1,sched_state,waiting
179159.404015,6,sched_state,waiting
179159.404020,1,tick,""
179159.404020,5,tick,""
179159.404021,6,tick,""
179159.404023,1,sched_state,waiting
179159.404024,7,sched_state,waiting
179159.404026,1,tick,""
179159.404036,7,tick,""
179159.404042,7,sched_state,waiting
179159.404046,7,tick,""
179159.404052,5,sched_state,waiting
179159.404052,1,sched_state,waiting
179159.404054,6,sched_state,waiting
179159.404057,3,tick,""
179159.404058,1,tick,""
179159.404058,5,tick,""
179159.404060,6,tick,""
179159.404063,3,reduction,""
179159.404064,6,sched_state,waiting
179159.404065,3,sched_state,running
179159.404067,6,tick,""
179159.404358,3,tick,""
179159.404366,3,reduction,""
179159.404368,3,sched_state,running
179159.404624,3,tick,""
179159.404648,3,reduction,""
179159.404650,3,sched_state,running
179159.404934,3,tick,""
179159.404939,3,reduction,""
179159.404948,3,sched_state,running
179159.405007,4,sched_state,waiting
179159.405014,4,tick,""
179159.405034,4,sched_state,waiting
179159.405037,4,tick,""
179159.405244,3,tick,""
179159.405262,3,reduction,""
179159.405264,3,sched_state,running
179159.405541,3,tick,""
179159.405562,3,reduction,""
179159.405564,3,sched_state,running
179159.405833,3,tick,""
179159.405846,3,reduction,""
179159.405848,3,sched_state,running
179159.406147,3,tick,""
179159.406313,3,reduction,""
179159.406316,3,sched_state,running
179159.406509,3,tick,""
179159.406527,3,reduction,""
179159.406530,3,sched_state,running
179159.406813,3,tick,""
179159.406817,3,reduction,""
179159.406818,3,sched_state,running
179159.407054,3,tick,""
179159.407066,3,reduction,""
179159.407068,3,sched_state,running
179159.407259,3,tick,""
179159.407324,3,reduction,""
179159.407327,3,sched_state,running
179159.407584,3,tick,""
179159.407599,3,reduction,""
179159.407601,3,sched_state,running
179159.407858,3,tick,""
179159.407865,3,spawn,""
179159.407868,3,reduction,""
179159.407870,3,sched_state,running
179159.408905,3,tick,""
179159.408911,3,reduction,""
179159.408914,3,sched_state,running
179159.409185,3,tick,""
179159.409192,3,reduction,""
179159.409195,3,sched_state,running
179159.409462,3,tick,""
179159.410055,3,queue_length,3
179159.411029,0,sched_state,waiting
179159.411039,0,tick,""
179159.411060,0,sched_state,waiting
179159.411064,0,tick,""
179159.411865,3,queue_length,3
179159.412434,3,sched_state,running
179159.412725,3,tick,""
179159.412732,3,reduction,""
179159.412735,3,sched_state,running
179159.412975,3,tick,""
179159.412980,3,reduction,""
179159.412982,3,sched_state,running
179159.413165,3,tick,""
179159.413171,3,reduction,""
179159.413173,3,sched_state,running
179159.413446,3,tick,""
179159.413505,3,reduction,""
179159.413507,3,sched_state,running
179159.413786,3,tick,""
179159.413792,3,reduction,""
179159.413794,3,sched_state,running
179159.414043,3,tick,""
179159.414056,3,spawn,""
179159.414058,3,reduction,""
179159.414059,3,sched_state,running
179159.414948,3,tick,""
179159.414954,3,reduction,""
179159.414957,3,sched_state,running
179159.415009,6,sched_state,waiting
179159.415014,1,sched_state,waiting
179159.415017,6,tick,""
179159.415022,2,sched_state,waiting
179159.415023,1,tick,""
179159.415026,1,sched_state,waiting
179159.415031,1,tick,""
179159.415033,2,tick,""
179159.415081,1,sched_state,waiting
179159.415081,2,sched_state,waiting
179159.415086,1,tick,""
179159.415089,2,tick,""
179159.415228,3,tick,""
179159.415237,3,reduction,""
179159.415239,3,sched_state,running
179159.415515,3,tick,""
179159.415521,3,reduction,""
179159.415523,3,sched_state,running
179159.415796,3,tick,""
179159.415802,3,reduction,""
179159.415804,3,sched_state,running
179159.416015,4,sched_state,waiting
179159.416023,4,tick,""
179159.416026,4,sched_state,waiting
179159.416028,4,tick,""
179159.416046,4,sched_state,waiting
179159.416049,4,tick,""
179159.416079,3,tick,""
179159.416084,3,reduction,""
179159.416086,3,sched_state,running
179159.416378,3,tick,""
179159.416384,3,reduction,""
179159.416386,3,sched_state,running
179159.416664,3,tick,""
179159.417237,3,queue_length,4
179159.417627,5,channel_blocked,634
179159.417629,3,yield,""
179159.417631,3,sched_state,running
179159.417640,3,tick,""
179159.417669,3,queue_length,3
179159.418912,3,sched_state,running
179159.419137,3,tick,""
179159.419141,3,reduction,""
179159.419143,3,sched_state,running
179159.419483,3,tick,""
179159.419489,3,reduction,""
179159.419491,3,sched_state,running
179159.419794,3,tick,""
179159.419798,3,reduction,""
179159.419801,3,sched_state,running
179159.420047,3,tick,""
179159.420051,3,reduction,""
179159.420053,3,sched_state,running
179159.420249,3,tick,""
179159.420254,3,reduction,""
179159.420255,3,sched_state,running
179159.420449,3,tick,""
179159.420565,3,reduction,""
179159.420567,3,sched_state,running
179159.420762,3,tick,""
179159.420768,3,reduction,""
179159.420769,3,sched_state,running
179159.420961,3,tick,""
179159.421034,3,reduction,""
179159.421038,3,sched_state,running
179159.421232,3,tick,""
179159.421237,3,reduction,""
179159.421239,3,sched_state,running
179159.421428,3,tick,""
179159.421440,3,reduction,""
179159.421442,3,sched_state,running
179159.421633,3,tick,""
179159.421647,3,reduction,""
179159.421648,3,sched_state,running
179159.421838,3,tick,""
179159.421848,3,reduction,""
179159.421850,3,sched_state,running
179159.422040,3,tick,""
179159.422045,0,sched_state,waiting
179159.422054,0,tick,""
179159.422058,0,sched_state,waiting
179159.422064,0,tick,""
179159.422089,0,sched_state,waiting
179159.422095,0,tick,""
179159.422260,3,reduction,""
179159.422263,3,sched_state,running
179159.422566,3,tick,""
179159.422573,3,reduction,""
179159.422575,3,sched_state,running
179159.422772,3,tick,""
179159.422780,3,reduction,""
179159.422781,3,sched_state,running
179159.423076,3,tick,""
179159.423082,3,reduction,""
179159.423084,3,sched_state,running
179159.423332,3,tick,""
179159.423337,3,reduction,""
179159.423339,3,sched_state,running
179159.423532,3,tick,""
179159.423539,3,reduction,""
179159.423541,3,sched_state,running
179159.423834,3,tick,""
179159.423840,3,reduction,""
179159.423842,3,sched_state,running
179159.424091,3,tick,""
179159.424096,3,reduction,""
179159.424097,3,sched_state,running
179159.424292,3,tick,""
179159.424924,3,queue_length,3
179159.426013,1,sched_state,waiting
179159.426020,5,sched_state,waiting
179159.426021,1,tick,""
179159.426029,5,tick,""
179159.426035,5,sched_state,waiting
179159.426040,1,sched_state,waiting
179159.426045,1,tick,""
179159.426040,5,tick,""
179159.426039,6,sched_state,waiting
179159.426039,2,sched_state,waiting
179159.426058,6,tick,""
179159.426057,2,tick,""
179159.426087,6,sched_state,waiting
179159.426094,6,tick,""
179159.426097,3,sched_state,running
179159.426099,6,sched_state,waiting
179159.426103,6,tick,""
179159.426149,2,sched_state,waiting
179159.426154,2,tick,""
179159.426643,3,tick,""
179159.426648,3,reduction,""
179159.426650,3,sched_state,running
179159.426870,3,tick,""
179159.426875,3,reduction,""
179159.426877,3,sched_state,running
179159.427006,4,sched_state,waiting
179159.427014,4,tick,""
179159.427034,4,sched_state,waiting
179159.427038,4,tick,""
179159.427419,3,tick,""
179159.427425,3,reduction,""
179159.427427,3,sched_state,running
179159.427745,3,tick,""
179159.427749,3,reduction,""
179159.427752,3,sched_state,running
179159.428069,3,tick,""
179159.428074,3,reduction,""
179159.428075,3,sched_state,running
179159.428345,3,tick,""
179159.428352,3,reduction,""
179159.428356,3,sched_state,running
179159.428678,3,tick,""
179159.428702,3,reduction,""
179159.428704,3,sched_state,running
179159.428952,3,tick,""
179159.428957,3,reduction,""
179159.428959,3,sched_state,running
179159.429167,3,tick,""
179159.429182,3,reduction,""
179159.429184,3,sched_state,running
179159.429502,3,tick,""
179159.429523,3,reduction,""
179159.429525,3,sched_state,running
179159.429771,3,tick,""
179159.429776,3,reduction,""
179159.429778,3,sched_state,running
179159.429982,3,tick,""
179159.430140,3,reduction,""
179159.430142,3,sched_state,running
179159.430466,3,tick,""
179159.430480,3,reduction,""
179159.430482,3,sched_state,running
179159.430693,3,tick,""
179159.430697,3,reduction,""
179159.430700,3,sched_state,running
179159.431018,3,tick,""
179159.431034,3,reduction,""
179159.431036,3,sched_state,running
179159.431286,3,tick,""
179159.431335,3,reduction,""
179159.431338,3,sched_state,running
179159.431658,3,tick,""
179159.431675,3,reduction,""
179159.431677,3,sched_state,running
179159.431930,3,tick,""
179159.431936,3,spawn,""
179159.431939,3,reduction,""
179159.431941,3,sched_state,running
179159.432927,3,tick,""
179159.432933,3,reduction,""
179159.432935,3,sched_state,running
179159.433010,0,sched_state,waiting
179159.433016,0,tick,""
179159.433018,0,sched_state,waiting
179159.433021,0,tick,""
179159.433041,0,sched_state,waiting
179159.433046,0,tick,""
179159.433228,3,tick,""
179159.433234,3,reduction,""
179159.433236,3,sched_state,running
179159.433557,3,tick,""
179159.433564,3,queue_length,4
179159.433567,3,queue_length,3
179159.437019,6,sched_state,waiting
179159.437039,5,sched_state,waiting
179159.437039,1,sched_state,waiting
179159.437047,1,tick,""
179159.437047,5,tick,""
179159.437606,7,sched_state,waiting
179159.437606,6,tick,""
179159.437639,6,sched_state,waiting
179159.437785,6,tick,""
179159.438374,7,tick,""
179159.438412,3,queue_length,3
179159.440358,3,sched_state,running
179159.440862,3,tick,""
179159.440869,3,reduction,""
179159.440872,3,sched_state,running
179159.441161,2,sched_state,waiting
179159.441177,2,tick,""
179159.441208,2,sched_state,waiting
179159.441213,2,tick,""
179159.441215,3,tick,""
179159.441221,3,reduction,""
179159.441223,3,sched_state,running
179159.441557,3,tick,""
179159.441563,3,reduction,""
179159.441565,3,sched_state,running
179159.441901,3,tick,""
179159.441906,3,reduction,""
179159.441909,3,sched_state,running
179159.442247,3,tick,""
179159.442254,3,reduction,""
179159.442256,3,sched_state,running
179159.442567,3,tick,""
179159.442716,3,reduction,""
179159.442719,3,sched_state,running
179159.443066,3,tick,""
179159.443073,3,reduction,""
179159.443075,3,sched_state,running
179159.443296,3,tick,""
179159.443407,3,reduction,""
179159.443409,3,sched_state,running
179159.443741,3,tick,""
179159.443748,3,reduction,""
179159.443750,3,sched_state,running
179159.443968,3,tick,""
179159.443980,3,reduction,""
179159.443982,3,sched_state,running
179159.444205,3,tick,""
179159.444228,3,reduction,""
179159.444232,3,sched_state,running
179159.444446,3,tick,""
179159.444457,3,reduction,""
179159.444458,3,sched_state,running
179159.444484,0,sched_state,running
179159.444677,3,tick,""
179159.444853,3,reduction,""
179159.444857,3,sched_state,running
179159.445025,0,tick,""
179159.445032,0,reduction,""
179159.445034,0,sched_state,running
179159.445064,3,tick,""
179159.445080,3,reduction,""
179159.445082,3,sched_state,running
179159.445415,3,tick,""
179159.445422,3,reduction,""
179159.445424,3,sched_state,running
179159.445551,0,tick,""
179159.445559,0,reduction,""
179159.445562,0,sched_state,running
179159.445673,3,tick,""
179159.445686,3,reduction,""
179159.445688,3,sched_state,running
179159.445851,0,tick,""
179159.445858,0,reduction,""
179159.445860,0,sched_state,running
179159.445899,3,tick,""
179159.445904,3,reduction,""
179159.445905,3,sched_state,running
179159.446120,3,tick,""
179159.446124,3,reduction,""
179159.446125,3,sched_state,running
179159.446146,0,tick,""
179159.446222,0,reduction,""
179159.446225,0,sched_state,running
179159.446399,3,tick,""
179159.446405,3,reduction,""
179159.446407,3,sched_state,running
179159.446511,0,tick,""
179159.446517,0,reduction,""
179159.446520,0,sched_state,running
179159.446737,3,tick,""
179159.446744,3,reduction,""
179159.446746,3,sched_state,running
179159.446802,0,tick,""
179159.446809,0,spawn,""
179159.446811,0,reduction,""
179159.446813,0,sched_state,running
179159.447075,3,tick,""
179159.447927,3,queue_length,3
179159.447993,0,tick,""
179159.447997,0,queue_length,1
179159.447999,0,reduction,""
179159.448002,0,sched_state,running
179159.448523,0,tick,""
179159.448535,0,reduction,""
179159.448537,0,sched_state,running
179159.448581,1,sched_state,waiting
179159.448590,1,tick,""
179159.448613,1,sched_state,waiting
179159.448617,1,tick,""
179159.448635,5,sched_state,waiting
179159.448670,5,tick,""
179159.448675,5,sched_state,waiting
179159.448680,5,tick,""
179159.449204,3,sched_state,running
179159.449204,7,sched_state,waiting
179159.449232,0,tick,""
179159.449238,0,reduction,""
179159.449240,0,sched_state,running
179159.449263,7,tick,""
179159.449326,4,sched_state,waiting
179159.449402,4,tick,""
179159.449429,4,sched_state,waiting
179159.449435,4,tick,""
179159.449524,3,tick,""
179159.449532,3,reduction,""
179159.449535,3,sched_state,running
179159.449834,3,tick,""
179159.449840,3,reduction,""
179159.449842,3,sched_state,running
179159.449895,0,tick,""
179159.449900,0,reduction,""
179159.449902,0,sched_state,running
179159.450139,3,tick,""
179159.450144,3,reduction,""
179159.450146,3,sched_state,running
179159.450269,0,tick,""
179159.450274,0,reduction,""
179159.450275,0,sched_state,running
179159.450443,3,tick,""
179159.450497,0,tick,""
179159.450503,0,reduction,""
179159.450505,0,sched_state,running
179159.450818,0,tick,""
179159.451451,6,channel_blocked,815
179159.451453,3,yield,""
179159.451455,3,sched_state,running
179159.451464,3,tick,""
179159.451470,3,queue_length,2
179159.452302,2,sched_state,waiting
179159.452312,2,tick,""
179159.452329,7,channel_blocked,748
179159.452333,0,yield,""
179159.452335,0,sched_state,running
179159.452346,0,tick,""
179159.452348,2,sched_state,waiting
179159.452353,2,tick,""
179159.452353,0,queue_length,0
179159.453362,3,sched_state,running
179159.453710,0,sched_state,running
179159.453724,3,tick,""
179159.453730,3,reduction,""
179159.453732,3,sched_state,running
179159.454215,3,tick,""
179159.454220,3,reduction,""
179159.454222,3,sched_state,running
179159.454335,0,tick,""
179159.454339,0,reduction,""
179159.454341,0,sched_state,running
179159.454453,3,tick,""
179159.454459,3,reduction,""
179159.454461,3,sched_state,running
179159.454782,0,tick,""
179159.454787,0,reduction,""
179159.454789,0,sched_state,running
179159.454817,3,tick,""
179159.454822,3,reduction,""
179159.454823,3,sched_state,running
179159.455030,0,tick,""
179159.455034,0,reduction,""
179159.455035,0,sched_state,running
179159.455084,3,tick,""
179159.455090,3,reduction,""
179159.455091,3,sched_state,running
179159.455382,0,tick,""
179159.455387,0,reduction,""
179159.455390,0,sched_state,running
179159.455446,3,tick,""
179159.455451,3,reduction,""
179159.455453,3,sched_state,running
179159.455686,0,tick,""
179159.455692,0,reduction,""
179159.455693,0,sched_state,running
179159.455717,3,tick,""
179159.455741,3,reduction,""
179159.455743,3,sched_state,running
179159.455929,0,tick,""
179159.456054,0,reduction,""
179159.456056,0,sched_state,running
179159.456100,3,tick,""
179159.456105,3,reduction,""
179159.456113,3,sched_state,running
179159.456321,0,tick,""
179159.456327,0,reduction,""
179159.456328,0,sched_state,running
179159.456373,3,tick,""
179159.456389,3,reduction,""
179159.456391,3,sched_state,running
179159.456566,0,tick,""
179159.456640,0,reduction,""
179159.456642,0,sched_state,running
179159.456747,3,tick,""
179159.456769,3,reduction,""
179159.456771,3,sched_state,running
179159.456880,0,tick,""
179159.456885,0,reduction,""
179159.456886,0,sched_state,running
179159.457023,3,tick,""
179159.457029,3,reduction,""
179159.457031,3,sched_state,running
179159.457119,0,tick,""
179159.457130,0,reduction,""
179159.457131,0,sched_state,running
179159.457367,0,tick,""
179159.457380,0,reduction,""
179159.457382,0,sched_state,running
179159.457387,3,tick,""
179159.457533,3,reduction,""
179159.457536,3,sched_state,running
179159.457619,0,tick,""
179159.457629,0,reduction,""
179159.457631,0,sched_state,running
179159.457773,3,tick,""
179159.457790,3,reduction,""
179159.457793,3,sched_state,running
179159.457867,0,tick,""
179159.458032,0,reduction,""
179159.458034,0,sched_state,running
179159.458150,3,tick,""
179159.458155,3,reduction,""
179159.458156,3,sched_state,running
179159.458277,0,tick,""
179159.458283,0,reduction,""
179159.458284,0,sched_state,running
179159.458412,3,tick,""
179159.458425,3,reduction,""
179159.458427,3,sched_state,running
179159.458519,0,tick,""
179159.458524,0,reduction,""
179159.458525,0,sched_state,running
179159.458651,3,tick,""
179159.458714,3,reduction,""
179159.458716,3,sched_state,running
179159.458816,0,tick,""
179159.458823,0,reduction,""
179159.458825,0,sched_state,running
179159.459008,1,sched_state,waiting
179159.459015,1,tick,""
179159.459019,6,sched_state,waiting
179159.459039,1,sched_state,waiting
179159.459048,1,tick,""
179159.459053,1,sched_state,waiting
179159.459058,1,tick,""
179159.459073,6,tick,""
179159.459078,3,tick,""
179159.459096,3,reduction,""
179159.459099,3,sched_state,running
179159.459099,6,sched_state,waiting
179159.459106,6,tick,""
179159.459110,6,sched_state,waiting
179159.459116,6,tick,""
179159.459203,0,tick,""
179159.459211,0,reduction,""
179159.459212,0,sched_state,running
179159.459455,3,tick,""
179159.459463,3,spawn,""
179159.459466,3,reduction,""
179159.459468,3,sched_state,running
179159.459584,0,tick,""
179159.459589,0,reduction,""
179159.459591,0,sched_state,running
179159.459958,0,tick,""
179159.459963,0,reduction,""
179159.459966,0,sched_state,running
179159.460010,7,sched_state,waiting
179159.460025,7,tick,""
179159.460038,4,sched_state,waiting
179159.460045,4,tick,""
179159.460063,4,sched_state,waiting
179159.460066,4,tick,""
179159.460311,0,tick,""
179159.460318,0,reduction,""
179159.460320,0,sched_state,running
179159.460650,0,tick,""
179159.460743,3,tick,""
179159.460748,3,reduction,""
179159.460750,3,sched_state,running
179159.460989,3,tick,""
179159.460994,3,reduction,""
179159.460995,3,sched_state,running
179159.461224,3,tick,""
179159.461230,3,queue_length,3
179159.461235,3,queue_length,2
179159.461447,0,queue_length,0
179159.462194,0,sched_state,running
179159.462674,0,tick,""
179159.462681,0,reduction,""
179159.462683,0,sched_state,running
179159.463033,2,sched_state,waiting
179159.463041,2,tick,""
179159.463064,2,sched_state,waiting
179159.463068,2,tick,""
179159.463312,0,tick,""
179159.463316,0,reduction,""
179159.463318,0,sched_state,running
179159.463562,0,tick,""
179159.463562,3,queue_length,2
179159.463566,0,reduction,""
179159.463568,0,sched_state,running
179159.463944,0,tick,""
179159.465160,10,channel_blocked,1311
179159.465166,0,yield,""
179159.465168,0,sched_state,running
179159.465183,0,tick,""
179159.465189,0,queue_length,0
179159.465192,0,sched_state,waiting
179159.465196,0,tick,""
179159.465222,0,sched_state,waiting
179159.465227,0,tick,""
179159.465625,3,sched_state,running
179159.466064,3,tick,""
179159.466071,3,reduction,""
179159.466073,3,sched_state,running
179159.466301,3,tick,""
179159.466305,3,reduction,""
179159.466306,3,sched_state,running
179159.466522,3,tick,""
179159.466525,3,reduction,""
179159.466526,3,sched_state,running
179159.466740,3,tick,""
179159.467543,8,channel_blocked,1003
179159.467548,3,yield,""
179159.467549,3,sched_state,running
179159.467559,3,tick,""
179159.467565,3,queue_length,1
179159.469200,3,sched_state,running
179159.469605,3,tick,""
179159.469610,3,reduction,""
179159.469612,3,sched_state,running
179159.470044,6,sched_state,waiting
179159.470309,5,sched_state,waiting
179159.470319,5,tick,""
179159.470390,6,tick,""
179159.470421,6,sched_state,waiting
179159.470455,6,tick,""
179159.470522,3,tick,""
179159.470529,3,reduction,""
179159.470531,3,sched_state,running
179159.470777,1,sched_state,running
179159.470887,3,tick,""
179159.470892,3,reduction,""
179159.470894,3,sched_state,running
179159.471011,7,sched_state,waiting
179159.471148,1,tick,""
179159.471154,1,reduction,""
179159.471157,1,sched_state,running
179159.471294,3,tick,""
179159.471300,3,reduction,""
179159.471302,3,sched_state,running
179159.471363,7,tick,""
179159.471466,4,sched_state,waiting
179159.471482,4,tick,""
179159.471485,4,sched_state,waiting
179159.471488,4,tick,""
179159.471507,4,sched_state,waiting
179159.471510,4,tick,""
179159.471699,3,tick,""
179159.471705,3,reduction,""
179159.471706,3,sched_state,running
179159.471781,1,tick,""
179159.471789,1,reduction,""
179159.471791,1,sched_state,running
179159.472103,3,tick,""
179159.472115,3,reduction,""
179159.472115,1,tick,""
179159.472117,3,sched_state,running
179159.472122,1,reduction,""
179159.472124,1,sched_state,running
179159.472435,1,tick,""
179159.472504,1,reduction,""
179159.472507,1,sched_state,running
179159.472514,3,tick,""
179159.472538,3,reduction,""
179159.472540,3,sched_state,running
179159.472821,1,tick,""
179159.472828,1,reduction,""
179159.472830,1,sched_state,running
179159.472941,3,tick,""
179159.472949,3,reduction,""
179159.472951,3,sched_state,running
179159.473141,1,tick,""
179159.473147,1,spawn,""
179159.473149,1,reduction,""
179159.473151,1,sched_state,running
179159.473346,3,tick,""
179159.473367,3,reduction,""
179159.473369,3,sched_state,running
179159.473707,3,tick,""
179159.473727,3,reduction,""
179159.473729,3,sched_state,running
179159.473979,3,tick,""
179159.473984,3,reduction,""
179159.473986,3,sched_state,running
179159.474239,3,tick,""
179159.474316,2,sched_state,waiting
179159.474356,2,tick,""
179159.474364,2,sched_state,waiting
179159.474505,2,tick,""
179159.474510,2,sched_state,waiting
179159.474516,2,tick,""
179159.474545,2,sched_state,waiting
179159.474551,2,tick,""
179159.474681,3,reduction,""
179159.474684,3,sched_state,running
179159.474753,1,tick,""
179159.474759,1,reduction,""
179159.474761,1,sched_state,running
179159.475069,3,tick,""
179159.475085,3,reduction,""
179159.475086,3,sched_state,running
179159.475089,1,tick,""
179159.475097,1,reduction,""
179159.475099,1,sched_state,running
179159.475338,3,tick,""
179159.475344,3,reduction,""
179159.475346,3,sched_state,running
179159.475411,1,tick,""
179159.475416,1,reduction,""
179159.475419,1,sched_state,running
179159.475723,1,tick,""
179159.475728,1,reduction,""
179159.475730,1,sched_state,running
179159.475736,3,tick,""
179159.475741,3,reduction,""
179159.475743,3,sched_state,running
179159.476039,1,tick,""
179159.476045,1,reduction,""
179159.476047,1,sched_state,running
179159.476147,3,tick,""
179159.476153,3,reduction,""
179159.476154,3,sched_state,running
179159.476365,0,sched_state,waiting
179159.476375,1,tick,""
179159.476381,1,reduction,""
179159.476383,1,sched_state,running
179159.476390,0,tick,""
179159.476415,0,sched_state,waiting
179159.476429,0,tick,""
179159.476553,3,tick,""
179159.476559,3,reduction,""
179159.476561,3,sched_state,running
179159.476696,1,tick,""
179159.476952,3,tick,""
179159.477067,3,reduction,""
179159.477069,3,sched_state,running
179159.477448,3,tick,""
179159.477455,3,reduction,""
179159.477456,3,sched_state,running
179159.477705,3,tick,""
179159.477784,3,reduction,""
179159.477786,3,sched_state,running
179159.478034,3,tick,""
179159.478044,3,queue_length,0
179159.478349,9,channel_blocked,961
179159.478352,1,yield,""
179159.478354,1,sched_state,running
179159.478374,1,tick,""
179159.478382,1,queue_length,1
179159.478385,1,queue_length,0
179159.479377,1,sched_state,running
179159.479922,1,tick,""
179159.479928,1,reduction,""
179159.479938,1,sched_state,running
179159.480592,1,tick,""
179159.480607,1,reduction,""
179159.480610,1,sched_state,running
179159.481022,6,sched_state,waiting
179159.481025,1,tick,""
179159.481031,1,reduction,""
179159.481033,1,sched_state,running
179159.481049,6,tick,""
179159.481079,6,sched_state,waiting
179159.481084,6,tick,""
179159.481444,1,tick,""
179159.481449,1,reduction,""
179159.481451,1,sched_state,running
179159.481499,3,queue_length,0
179159.481719,1,tick,""
179159.481725,1,reduction,""
179159.481727,1,sched_state,running
179159.481987,1,tick,""
179159.482043,4,sched_state,waiting
179159.482053,4,tick,""
179159.482078,4,sched_state,waiting
179159.482083,4,tick,""
179159.482118,1,reduction,""
179159.482120,1,sched_state,running
179159.482385,1,tick,""
179159.482391,1,reduction,""
179159.482395,1,sched_state,running
179159.482655,1,tick,""
179159.482752,1,reduction,""
179159.482755,1,sched_state,running
179159.483178,1,tick,""
179159.483186,1,reduction,""
179159.483188,1,sched_state,running
179159.483450,1,tick,""
179159.483463,1,reduction,""
179159.483465,1,sched_state,running
179159.483724,1,tick,""
179159.483738,1,reduction,""
179159.483740,1,sched_state,running
179159.483996,1,tick,""
179159.484007,1,reduction,""
179159.484009,1,sched_state,running
179159.484277,1,tick,""
179159.484281,3,sched_state,running
179159.484512,1,reduction,""
179159.484515,1,sched_state,running
179159.484780,1,tick,""
179159.484787,1,reduction,""
179159.484788,1,sched_state,running
179159.485013,2,sched_state,waiting
179159.485045,1,tick,""
179159.485049,1,reduction,""
179159.485051,1,sched_state,running
179159.485221,3,tick,""
179159.485232,3,reduction,""
179159.485234,3,sched_state,running
179159.485234,2,tick,""
179159.485238,2,sched_state,running
179159.485309,1,tick,""
179159.485314,1,reduction,""
179159.485315,1,sched_state,running
179159.485573,1,tick,""
179159.485577,1,reduction,""
179159.485579,1,sched_state,running
179159.485720,3,tick,""
179159.485743,3,reduction,""
179159.485746,3,sched_state,running
179159.485751,2,tick,""
179159.485756,2,reduction,""
179159.485758,2,sched_state,running
179159.485836,1,tick,""
179159.485840,1,reduction,""
179159.485841,1,sched_state,running
179159.486266,3,tick,""
179159.486292,3,reduction,""
179159.486295,3,sched_state,running
179159.486434,2,tick,""
179159.486443,2,reduction,""
179159.486446,2,sched_state,running
179159.486607,1,tick,""
179159.486614,1,reduction,""
179159.486616,1,sched_state,running
179159.486729,3,tick,""
179159.486747,3,reduction,""
179159.486750,3,sched_state,running
179159.486864,2,tick,""
179159.486872,2,reduction,""
179159.486874,2,sched_state,running
179159.486896,1,tick,""
179159.486900,1,reduction,""
179159.486901,1,sched_state,running
179159.487190,3,tick,""
179159.487193,1,tick,""
179159.487212,2,tick,""
179159.487280,2,reduction,""
179159.487282,2,sched_state,running
179159.487443,3,reduction,""
179159.487447,3,sched_state,running
179159.487531,2,tick,""
179159.487536,2,reduction,""
179159.487538,2,sched_state,running
179159.487809,2,tick,""
179159.487817,2,spawn,""
179159.487819,2,reduction,""
179159.487821,2,sched_state,running
179159.487856,3,tick,""
179159.487865,3,reduction,""
179159.487867,3,sched_state,running
179159.488152,3,tick,""
179159.488160,3,reduction,""
179159.488163,3,sched_state,running
179159.488429,3,tick,""
179159.488435,3,reduction,""
179159.488436,3,sched_state,running
179159.488621,1,queue_length,0
179159.488701,3,tick,""
179159.488706,3,reduction,""
179159.488708,3,sched_state,running
179159.488965,3,tick,""
179159.488969,3,reduction,""
179159.488970,3,sched_state,running
179159.489068,2,tick,""
179159.489073,2,reduction,""
179159.489074,2,sched_state,running
179159.489207,1,sched_state,running
179159.489230,3,tick,""
179159.489234,3,reduction,""
179159.489235,3,sched_state,running
179159.489330,2,tick,""
179159.489339,2,reduction,""
179159.489341,2,sched_state,running
179159.489497,3,tick,""
179159.489501,3,reduction,""
179159.489502,3,sched_state,running
179159.489635,2,tick,""
179159.489641,2,reduction,""
179159.489643,2,sched_state,running
179159.489742,1,tick,""
179159.489747,1,reduction,""
179159.489750,1,sched_state,running
179159.489769,3,tick,""
179159.489774,3,reduction,""
179159.489776,3,sched_state,running
179159.490009,2,tick,""
179159.490015,2,reduction,""
179159.490016,2,sched_state,running
179159.490038,3,tick,""
179159.490043,3,reduction,""
179159.490044,3,sched_state,running
179159.490157,1,tick,""
179159.490162,1,reduction,""
179159.490163,1,sched_state,running
179159.490258,2,tick,""
179159.490262,2,reduction,""
179159.490263,2,sched_state,running
179159.490302,3,tick,""
179159.490305,3,reduction,""
179159.490306,3,sched_state,running
179159.490450,1,tick,""
179159.490454,1,reduction,""
179159.490455,1,sched_state,running
179159.490564,3,tick,""
179159.490625,2,tick,""
179159.490632,2,reduction,""
179159.490633,2,sched_state,running
179159.490712,1,tick,""
179159.490926,2,tick,""
179159.491641,12,channel_blocked,1645
179159.491644,1,yield,""
179159.491646,1,sched_state,running
179159.491656,1,tick,""
179159.491662,1,queue_length,0
179159.491665,1,sched_state,waiting
179159.491668,1,tick,""
179159.491701,1,sched_state,waiting
179159.491704,1,tick,""
179159.491734,11,channel_blocked,1492
179159.491737,3,yield,""
179159.491740,3,sched_state,running
179159.491756,3,tick,""
179159.491762,3,queue_length,0
179159.491772,3,sched_state,waiting
179159.491779,3,tick,""
179159.491800,3,sched_state,waiting
179159.491809,3,tick,""
179159.491812,3,sched_state,waiting
179159.491817,3,tick,""
179159.491821,3,sched_state,waiting
179159.491826,3,tick,""
179159.491828,3,sched_state,waiting
179159.491833,3,tick,""
179159.491837,3,sched_state,waiting
179159.491842,3,tick,""
179159.492396,2,queue_length,1
179159.492894,5,sched_state,waiting
179159.492907,5,tick,""
179159.492911,5,sched_state,waiting
179159.492918,5,tick,""
179159.492942,5,sched_state,waiting
179159.492948,5,tick,""
179159.492953,5,sched_state,waiting
179159.492957,5,tick,""
179159.493593,4,sched_state,waiting
179159.493697,4,tick,""
179159.493701,4,sched_state,waiting
179159.493781,4,tick,""
179159.493808,4,sched_state,waiting
179159.493813,4,tick,""
179159.496752,11,channel_unblocked,1206
179159.496759,2,yield,""
179159.497265,2,sched_state,running
179159.497880,2,tick,""
179159.497888,2,reduction,""
179159.497891,2,sched_state,running
179159.498012,7,sched_state,waiting
179159.498182,7,tick,""
179159.498215,7,sched_state,waiting
179159.498304,7,tick,""
179159.498389,2,tick,""
179159.498398,2,reduction,""
179159.498400,2,sched_state,running
179159.498774,2,tick,""
179159.499005,0,sched_state,waiting
179159.499084,0,tick,""
179159.499108,0,sched_state,waiting
179159.499157,0,tick,""
179159.501191,2,queue_length,2
179159.501207,13,channel_blocked,1206
179159.501210,2,yield,""
179159.501213,2,sched_state,running
179159.501332,2,tick,""
179159.501344,2,queue_length,1
179159.502014,3,sched_state,waiting
179159.502014,1,sched_state,waiting
179159.502023,3,tick,""
179159.502023,1,tick,""
179159.502025,3,sched_state,waiting
179159.502030,3,tick,""
179159.502055,3,sched_state,waiting
179159.502185,3,tick,""
179159.502700,2,sched_state,running
179159.503008,5,sched_state,waiting
179159.503011,6,sched_state,waiting
179159.503016,5,tick,""
179159.503019,5,sched_state,waiting
179159.503024,5,tick,""
179159.503034,2,tick,""
179159.503040,2,reduction,""
179159.503044,2,sched_state,running
179159.503045,5,sched_state,waiting
179159.503046,6,tick,""
179159.503051,5,tick,""
179159.503073,6,sched_state,waiting
179159.503115,6,tick,""
179159.503121,6,sched_state,waiting
179159.503127,6,tick,""
179159.503742,2,tick,""
179159.503748,2,reduction,""
179159.503750,2,sched_state,running
179159.504011,4,sched_state,waiting
179159.504020,4,tick,""
179159.504041,4,sched_state,waiting
179159.504045,4,tick,""
179159.504049,4,sched_state,waiting
179159.504051,4,tick,""
179159.504203,2,tick,""
179159.504209,2,reduction,""
179159.504211,2,sched_state,running
179159.504657,2,tick,""
179159.504661,2,reduction,""
179159.504664,2,sched_state,running
179159.504947,2,tick,""
179159.504953,2,reduction,""
179159.504954,2,sched_state,running
179159.505239,2,tick,""
179159.505405,2,reduction,""
179159.505407,2,sched_state,running
179159.505801,2,tick,""
179159.505807,2,reduction,""
179159.505809,2,sched_state,running
179159.506091,2,tick,""
179159.506165,2,reduction,""
179159.506167,2,sched_state,running
179159.506449,2,tick,""
179159.506456,2,reduction,""
179159.506459,2,sched_state,running
179159.506898,2,tick,""
179159.506914,2,reduction,""
179159.506916,2,sched_state,running
179159.507199,2,tick,""
179159.507213,2,reduction,""
179159.507215,2,sched_state,running
179159.507496,2,tick,""
179159.507510,2,reduction,""
179159.507512,2,sched_state,running
179159.507953,2,tick,""
179159.508132,2,reduction,""
179159.508135,2,sched_state,running
179159.508426,2,tick,""
179159.508434,2,reduction,""
179159.508436,2,sched_state,running
179159.508878,2,tick,""
179159.508885,2,reduction,""
179159.508887,2,sched_state,running
179159.509011,7,sched_state,waiting
179159.509019,7,tick,""
179159.509258,2,tick,""
179159.509266,2,reduction,""
179159.509268,2,sched_state,running
179159.509710,2,tick,""
179159.509717,2,reduction,""
179159.509720,2,sched_state,running
179159.510006,0,sched_state,waiting
179159.510015,0,tick,""
179159.510053,0,sched_state,waiting
179159.510060,0,tick,""
179159.510158,2,tick,""
179159.510165,2,reduction,""
179159.510167,2,sched_state,running
179159.510617,2,tick,""
179159.510623,2,reduction,""
179159.510625,2,sched_state,running
179159.510937,2,tick,""
179159.510943,2,reduction,""
179159.510945,2,sched_state,running
179159.511391,2,tick,""
179159.511399,2,queue_length,0
179159.513076,3,sched_state,waiting
179159.513084,3,tick,""
179159.513815,2,queue_length,0
179159.514008,5,sched_state,waiting
179159.514015,6,sched_state,waiting
179159.514016,5,tick,""
179159.514022,6,tick,""
179159.514026,6,sched_state,waiting
179159.514029,6,tick,""
179159.514052,6,sched_state,waiting
179159.514056,6,tick,""
179159.514105,5,sched_state,waiting
179159.514110,5,tick,""
179159.515858,2,sched_state,running
179159.516647,2,tick,""
179159.516659,2,reduction,""
179159.516663,2,sched_state,running
179159.517092,2,tick,""
179159.517098,2,reduction,""
179159.517101,2,sched_state,running
179159.517521,2,tick,""
179159.517527,2,reduction,""
179159.517529,2,sched_state,running
179159.517949,2,tick,""
179159.518466,3,sched_state,waiting
179159.519156,3,tick,""
179159.520475,7,sched_state,waiting
179159.520503,7,tick,""
179159.521469,0,sched_state,running
179159.522064,0,tick,""
179159.522069,0,sched_state,running
179159.522157,0,tick,""
179159.522171,0,queue_length,0
179159.522175,0,sched_state,waiting
179159.522181,0,tick,""
179159.522214,0,sched_state,waiting
179159.522218,0,tick,""
179159.523849,13,channel_unblocked,1820
179159.523858,2,yield,""
179159.524878,2,sched_state,running
179159.525933,2,tick,""
179159.525941,2,sched_state,running
179159.525951,2,tick,""
179159.526277,4,sched_state,waiting
179159.526307,4,tick,""
179159.526442,4,sched_state,waiting
179159.526514,4,tick,""
179159.526522,4,sched_state,waiting
179159.526527,4,tick,""
179159.526531,4,sched_state,waiting
179159.526530,2,queue_length,1
179159.526533,4,tick,""
179159.526535,2,queue_length,0
179159.526536,4,sched_state,waiting
179159.526539,4,tick,""
179159.527716,2,sched_state,running
179159.528614,2,tick,""
179159.528628,2,reduction,""
179159.528630,2,sched_state,running
179159.529171,2,tick,""
179159.529178,2,reduction,""
179159.529180,2,sched_state,running
179159.529626,2,tick,""
179159.530009,3,sched_state,waiting
179159.530035,3,tick,""
179159.530056,3,sched_state,waiting
179159.530122,3,tick,""
179159.533011,0,sched_state,waiting
179159.533022,0,tick,""
179159.533046,0,sched_state,waiting
179159.533051,0,tick,""
179159.534471,9,channel_unblocked,1206
179159.534479,2,yield,""
179159.535016,1,sched_state,waiting
179159.535037,1,tick,""
179159.535188,2,sched_state,running
179159.535910,2,tick,""
179159.535915,2,sched_state,running
179159.536000,2,tick,""
179159.536008,2,queue_length,1
179159.536011,6,sched_state,waiting
179159.536012,2,queue_length,0
179159.536011,5,sched_state,waiting
179159.536140,6,tick,""
179159.536145,6,sched_state,waiting
179159.536147,5,tick,""
179159.536154,6,tick,""
179159.536178,6,sched_state,waiting
179159.536179,5,sched_state,waiting
179159.536184,6,tick,""
179159.536186,5,tick,""
179159.536954,2,sched_state,running
179159.537006,4,sched_state,waiting
179159.537014,4,tick,""
179159.537033,4,sched_state,waiting
179159.537036,4,tick,""
179159.537039,4,sched_state,waiting
179159.537041,4,tick,""
179159.537351,2,tick,""
179159.537358,2,reduction,""
179159.537361,2,sched_state,running
179159.537779,2,tick,""
179159.537785,2,reduction,""
179159.537787,2,sched_state,running
179159.538060,2,tick,""
179159.541029,3,sched_state,waiting
179159.541041,3,tick,""
179159.541066,3,sched_state,waiting
179159.541074,3,tick,""
179159.542044,7,sched_state,waiting
179159.542234,7,tick,""
179159.543429,12,channel_unblocked,961
179159.543436,2,yield,""
179159.544291,2,sched_state,running
179159.544973,2,tick,""
179159.544985,2,reduction,""
179159.544991,2,sched_state,running
179159.545387,2,tick,""
179159.545393,2,reduction,""
179159.545396,2,sched_state,running
179159.545780,2,tick,""
179159.546015,1,sched_state,waiting
179159.546022,1,tick,""
179159.546526,2,queue_length,1
179159.547009,5,sched_state,waiting
179159.547010,6,sched_state,waiting
179159.547016,5,tick,""
179159.547018,6,tick,""
179159.547047,6,sched_state,waiting
179159.547048,5,sched_state,waiting
179159.547052,6,tick,""
179159.547054,5,tick,""
179159.548012,4,sched_state,waiting
179159.548019,4,tick,""
179159.548035,4,sched_state,waiting
179159.548039,4,tick,""
179159.550133,7,channel_unblocked,961
179159.550142,2,yield,""
179159.550951,2,sched_state,running
179159.551660,2,tick,""
179159.551666,2,sched_state,running
179159.551732,2,tick,""
179159.552487,2,queue_length,2
179159.552493,2,queue_length,1
179159.553890,2,sched_state,running
179159.554628,2,tick,""
179159.554633,2,sched_state,running
179159.554712,2,tick,""
179159.554721,2,queue_length,0
179159.555015,0,sched_state,waiting
179159.555024,0,tick,""
179159.555029,0,sched_state,waiting
179159.555033,0,tick,""
179159.555712,2,sched_state,running
179159.556119,2,tick,""
179159.556126,2,reduction,""
179159.556129,2,sched_state,running
179159.556782,2,tick,""
179159.556792,2,reduction,""
179159.556795,2,sched_state,running
179159.557145,2,tick,""
179159.558009,5,sched_state,waiting
179159.558017,5,tick,""
179159.558044,5,sched_state,waiting
179159.558049,5,tick,""
179159.559010,4,sched_state,waiting
179159.559018,4,tick,""
179159.559045,4,sched_state,waiting
179159.559049,4,tick,""
179159.559052,4,sched_state,waiting
179159.559055,4,tick,""
179159.561442,10,channel_unblocked,748
179159.561447,2,yield,""
179159.562124,2,sched_state,running
179159.562620,2,tick,""
179159.562635,2,reduction,""
179159.562638,2,sched_state,running
179159.563019,2,tick,""
179159.563026,2,reduction,""
179159.563028,2,sched_state,running
179159.563045,3,sched_state,waiting
179159.563055,3,tick,""
179159.563398,2,tick,""
179159.564226,2,queue_length,1
179159.567472,5,channel_unblocked,748
179159.567480,2,yield,""
179159.568210,2,sched_state,running
179159.568826,2,tick,""
179159.568833,2,sched_state,running
179159.568893,2,tick,""
179159.568900,2,queue_length,2
179159.568904,2,queue_length,1
179159.569009,5,sched_state,waiting
179159.569015,5,tick,""
179159.569037,5,sched_state,waiting
179159.569043,5,tick,""
179159.570010,4,sched_state,waiting
179159.570021,4,tick,""
179159.570042,4,sched_state,waiting
179159.570046,4,tick,""
179159.570049,4,sched_state,waiting
179159.570052,4,tick,""
179159.570633,2,sched_state,running
179159.570914,2,tick,""
179159.570918,2,sched_state,running
179159.571066,2,tick,""
179159.571077,2,queue_length,0
179159.572044,2,sched_state,running
179159.572306,2,tick,""
179159.572312,2,reduction,""
179159.572315,2,sched_state,running
179159.572699,2,tick,""
179159.572706,2,reduction,""
179159.572709,2,sched_state,running
179159.573044,2,tick,""
179159.576481,8,channel_unblocked,634
179159.576487,2,yield,""
179159.577054,2,sched_state,running
179159.577554,2,tick,""
179159.577564,2,reduction,""
179159.577565,2,sched_state,running
179159.577978,2,tick,""
179159.577984,2,reduction,""
179159.577986,2,sched_state,running
179159.578303,2,tick,""
179159.578954,2,queue_length,1
179159.580041,5,sched_state,waiting
179159.580050,5,tick,""
179159.580054,5,sched_state,waiting
179159.580059,5,tick,""
179159.580092,5,sched_state,waiting
179159.580097,5,tick,""
179159.581009,4,sched_state,waiting
179159.581025,4,tick,""
179159.581041,4,sched_state,waiting
179159.581044,4,tick,""
179159.582079,4,channel_unblocked,634
179159.582086,2,yield,""
179159.582724,2,sched_state,running
179159.583147,2,tick,""
179159.583151,2,sched_state,running
179159.583187,2,tick,""
179159.583197,2,queue_length,2
179159.583201,2,queue_length,1
179159.584694,2,sched_state,running
179159.585127,2,tick,""
179159.585132,2,sched_state,running
179159.585179,2,tick,""
179159.585186,2,queue_length,0
179159.585748,2,sched_state,running
179159.585976,2,tick,""
179159.585981,2,reduction,""
179159.585982,2,sched_state,running
179159.586050,7,sched_state,waiting
179159.586064,7,tick,""
179159.586067,7,sched_state,waiting
179159.586071,7,tick,""
179159.586436,2,tick,""
179159.586443,2,reduction,""
179159.586445,2,sched_state,running
179159.586683,2,tick,""
179159.589901,6,channel_unblocked,294
179159.589910,2,yield,""
179159.590532,2,sched_state,running
179159.590901,2,tick,""
179159.590910,2,reduction,""
179159.590912,2,sched_state,running
179159.591039,5,sched_state,waiting
179159.591048,5,tick,""
179159.591080,5,sched_state,waiting
179159.591084,5,tick,""
179159.591180,2,tick,""
179159.591186,2,reduction,""
179159.591188,2,sched_state,running
179159.591490,2,tick,""
179159.592010,4,sched_state,waiting
179159.592017,4,tick,""
179159.592041,2,queue_length,1
179159.592044,4,sched_state,waiting
179159.592048,4,tick,""
179159.595800,2,channel_unblocked,294
179159.595807,2,yield,""
179159.596272,2,sched_state,running
179159.596696,2,tick,""
179159.596700,2,sched_state,running
179159.596707,2,tick,""
179159.597371,2,queue_length,2
179159.597375,2,queue_length,1
179159.598523,2,sched_state,running
179159.598747,2,tick,""
179159.598751,2,sched_state,running
179159.599027,2,tick,""
179159.599042,0,sched_state,waiting
179159.599049,0,tick,""
179159.599056,2,queue_length,0
179159.599720,2,sched_state,running
179159.599999,2,tick,""
179159.600012,2,reduction,""
179159.600015,2,sched_state,running
179159.600358,2,tick,""
179159.600365,2,reduction,""
179159.600368,2,sched_state,running
179159.600539,2,tick,""
179159.603010,4,sched_state,waiting
179159.603017,4,tick,""
179159.603054,4,sched_state,waiting
179159.603058,4,tick,""
179159.603279,3,channel_unblocked,155
179159.603285,2,yield,""
179159.603840,2,sched_state,running
179159.604181,2,tick,""
179159.604189,2,reduction,""
179159.604191,2,sched_state,running
179159.604366,2,tick,""
179159.604378,2,reduction,""
179159.604380,2,sched_state,running
179159.604552,2,tick,""
179159.604888,2,queue_length,1
179159.606680,0,channel_unblocked,155
179159.606685,2,yield,""
179159.607031,2,sched_state,running
179159.607334,2,tick,""
179159.607337,2,sched_state,running
179159.607369,2,tick,""
179159.607375,2,queue_length,2
179159.607378,2,queue_length,1
179159.608145,2,sched_state,running
179159.608347,2,tick,""
179159.608350,2,sched_state,running
179159.608412,2,tick,""
179159.608420,2,queue_length,0
179159.608914,2,sched_state,running
179159.609087,2,tick,""
179159.609092,2,reduction,""
179159.609094,2,sched_state,running
179159.609352,2,tick,""
179159.609359,2,reduction,""
179159.609361,2,sched_state,running
179159.609505,2,tick,""
179159.611806,1,channel_unblocked,87
179159.611813,2,yield,""
179159.612039,1,sched_state,waiting
179159.612048,1,tick,""
179159.612251,2,sched_state,running
179159.612624,2,tick,""
179159.612634,2,reduction,""
179159.612637,2,sched_state,running
179159.612994,2,tick,""
179159.613002,2,sched_state,stop
