timestamp,lpu,event,value
179160.707997,6,sched_state,startup
179160.707999,5,sched_state,startup
179160.707999,1,sched_state,startup
179160.708001,2,sched_state,startup
179160.708032,4,sched_state,startup
179160.708535,4,tick,""
179160.708549,4,queue_length,0
179160.708553,4,sched_state,waiting
179160.708555,0,sched_state,startup
179160.708556,7,sched_state,startup
179160.708563,4,tick,""
179160.708576,2,tick,""
179160.708576,6,tick,""
179160.708590,6,queue_length,0
179160.708592,4,sched_state,waiting
179160.708596,6,sched_state,waiting
179160.708608,6,tick,""
179160.708598,5,tick,""
179160.708599,4,tick,""
179160.708598,1,tick,""
179160.708613,2,queue_length,0
179160.708618,2,sched_state,waiting
179160.708617,5,queue_length,0
179160.708621,1,queue_length,0
179160.708625,5,sched_state,waiting
179160.708625,1,sched_state,waiting
179160.708631,2,tick,""
179160.708636,6,sched_state,waiting
179160.708640,1,tick,""
179160.708640,5,tick,""
179160.708648,6,tick,""
179160.708656,2,sched_state,waiting
179160.708663,2,tick,""
179160.708666,5,sched_state,waiting
179160.708666,1,sched_state,waiting
179160.708673,5,tick,""
179160.708674,1,tick,""
179160.708687,5,sched_state,waiting
179160.708691,1,sched_state,waiting
179160.708700,1,tick,""
179160.708700,5,tick,""
179160.708703,5,sched_state,waiting
179160.708706,5,tick,""
179160.708724,5,sched_state,waiting
179160.708726,3,sched_state,startup
179160.708731,7,tick,""
179160.708734,5,tick,""
179160.708738,5,sched_state,waiting
179160.708739,7,queue_length,0
179160.708743,5,tick,""
179160.708747,7,sched_state,waiting
179160.708771,7,tick,""
179160.708800,7,sched_state,waiting
179160.708806,7,tick,""
179160.708811,7,sched_state,waiting
179160.708814,7,tick,""
179160.708886,3,tick,""
179160.708900,3,queue_length,0
179160.708907,3,sched_state,waiting
179160.708908,0,tick,""
179160.708919,3,tick,""
179160.708949,3,sched_state,waiting
179160.708956,3,tick,""
179160.708961,3,sched_state,waiting
179160.708966,3,tick,""
179160.708987,0,queue_length,1
179160.708999,0,queue_length,0
179160.709283,0,sched_state,running
179160.709473,0,tick,""
179160.709485,0,reduction,""
179160.709487,0,sched_state,running
179160.709591,0,tick,""
179160.709595,0,reduction,""
179160.709597,0,sched_state,running
179160.709916,0,tick,""
179160.709929,0,reduction,""
179160.709935,0,sched_state,running
179160.710295,0,tick,""
179160.710307,0,reduction,""
179160.710312,0,sched_state,running
179160.710890,0,tick,""
179160.710913,0,reduction,""
179160.710924,0,sched_state,running
179160.711160,0,tick,""
179160.711164,0,reduction,""
179160.711165,0,sched_state,running
179160.711230,0,tick,""
179160.711233,0,reduction,""
179160.711238,0,sched_state,running
179160.711299,0,tick,""
179160.711302,0,reduction,""
179160.711303,0,sched_state,running
179160.711365,0,tick,""
179160.711368,0,reduction,""
179160.711369,0,sched_state,running
179160.711429,0,tick,""
179160.711432,0,reduction,""
179160.711434,0,sched_state,running
179160.711492,0,tick,""
179160.711494,0,reduction,""
179160.711496,0,sched_state,running
179160.711554,0,tick,""
179160.711557,0,reduction,""
179160.711558,0,sched_state,running
179160.711617,0,tick,""
179160.711620,0,reduction,""
179160.711621,0,sched_state,running
179160.711679,0,tick,""
179160.711757,0,reduction,""
179160.711761,0,sched_state,running
179160.711895,0,tick,""
179160.711905,0,reduction,""
179160.711907,0,sched_state,running
179160.712016,0,tick,""
179160.712194,0,reduction,""
179160.712196,0,sched_state,running
179160.712265,0,tick,""
179160.712280,0,reduction,""
179160.712283,0,sched_state,running
179160.712371,0,tick,""
179160.712375,0,reduction,""
179160.712378,0,sched_state,running
179160.712440,0,tick,""
179160.712444,0,reduction,""
179160.712445,0,sched_state,running
179160.712510,0,tick,""
179160.713292,0,reduction,""
179160.713297,0,sched_state,running
179160.713403,0,tick,""
179160.713940,0,queue_length,0
179160.714482,0,sched_state,running
179160.714721,0,tick,""
179160.714735,0,reduction,""
179160.714737,0,sched_state,running
179160.714939,0,tick,""
179160.714944,0,spawn,""
179160.714945,0,reduction,""
179160.714946,0,sched_state,running
179160.715471,0,tick,""
179160.715476,0,reduction,""
179160.715477,0,sched_state,running
179160.715592,0,tick,""
179160.715596,0,reduction,""
179160.715597,0,sched_state,running
179160.715706,0,tick,""
179160.715710,0,reduction,""
179160.715711,0,sched_state,running
179160.715817,0,tick,""
179160.715820,0,reduction,""
179160.715821,0,sched_state,running
179160.715928,0,tick,""
179160.715931,0,reduction,""
179160.715932,0,sched_state,running
179160.716036,0,tick,""
179160.716046,0,queue_length,1
179160.716096,0,reduction,""
179160.716099,0,sched_state,running
179160.716324,0,tick,""
179160.716330,0,reduction,""
179160.716332,0,sched_state,running
179160.716611,0,tick,""
179160.716616,0,spawn,""
179160.716619,0,reduction,""
179160.716621,0,sched_state,running
179160.717333,0,tick,""
179160.717339,0,reduction,""
179160.717341,0,sched_state,running
179160.717513,0,tick,""
179160.717523,0,reduction,""
179160.717524,0,sched_state,running
179160.717686,0,tick,""
179160.717691,0,reduction,""
179160.717693,0,sched_state,running
179160.717854,0,tick,""
179160.717858,0,reduction,""
179160.717860,0,sched_state,running
179160.717916,0,queue_length,2
179160.718021,0,tick,""
179160.718033,0,reduction,""
179160.718035,0,sched_state,running
179160.718195,0,tick,""
179160.718200,0,reduction,""
179160.718202,0,sched_state,running
179160.718362,0,tick,""
179160.719097,0,channel_blocked,87
179160.719099,0,yield,""
179160.719100,0,sched_state,running
179160.719106,0,tick,""
179160.719114,0,queue_length,1
179160.719671,0,sched_state,running
179160.719854,0,tick,""
179160.719858,0,reduction,""
179160.719860,0,sched_state,running
179160.720128,0,tick,""
179160.720133,0,reduction,""
179160.720135,0,sched_state,running
179160.720304,0,tick,""
179160.720309,0,reduction,""
179160.720310,0,sched_state,running
179160.720475,0,tick,""
179160.720479,0,reduction,""
179160.720481,0,sched_state,running
179160.720643,0,tick,""
179160.720648,0,reduction,""
179160.720650,0,sched_state,running
179160.720813,0,tick,""
179160.720818,0,reduction,""
179160.720819,0,sched_state,running
179160.720981,0,tick,""
179160.721000,0,reduction,""
179160.721002,0,sched_state,running
179160.721152,0,tick,""
179160.721158,0,reduction,""
179160.721159,0,sched_state,running
179160.721322,0,tick,""
179160.721341,0,reduction,""
179160.721344,0,sched_state,running
179160.721508,0,tick,""
179160.721527,0,reduction,""
179160.721529,0,sched_state,running
179160.721668,0,tick,""
179160.721672,0,reduction,""
179160.721673,0,sched_state,running
179160.721779,0,tick,""
179160.721895,0,reduction,""
179160.721897,0,sched_state,running
179160.722007,0,tick,""
179160.722020,5,sched_state,waiting
179160.722022,1,sched_state,waiting
179160.722020,6,sched_state,waiting
179160.722024,0,reduction,""
179160.722026,0,sched_state,running
179160.722028,1,tick,""
179160.722028,5,tick,""
179160.722029,6,tick,""
179160.722032,2,sched_state,waiting
179160.722041,2,tick,""
179160.722047,2,sched_state,waiting
179160.722045,4,sched_state,waiting
179160.722052,2,tick,""
179160.722055,2,sched_state,waiting
179160.722056,4,tick,""
179160.722058,2,tick,""
179160.722059,6,sched_state,waiting
179160.722060,5,sched_state,waiting
179160.722064,6,tick,""
179160.722066,5,tick,""
179160.722082,2,sched_state,waiting
179160.722084,4,sched_state,waiting
179160.722088,2,tick,""
179160.722092,4,tick,""
179160.722096,4,sched_state,waiting
179160.722099,4,tick,""
179160.722194,3,sched_state,waiting
179160.722205,3,tick,""
179160.722210,0,tick,""
179160.722215,0,reduction,""
179160.722218,0,sched_state,running
179160.722229,3,sched_state,waiting
179160.722234,3,tick,""
179160.722400,0,tick,""
179160.722415,0,reduction,""
179160.722417,0,sched_state,running
179160.722590,0,tick,""
179160.722640,0,reduction,""
179160.722643,0,sched_state,running
179160.722820,0,tick,""
179160.722833,0,reduction,""
179160.722835,0,sched_state,running
179160.723003,0,tick,""
179160.723008,0,spawn,""
179160.723010,0,reduction,""
179160.723012,0,sched_state,running
179160.723706,0,tick,""
179160.723714,0,reduction,""
179160.723717,0,sched_state,running
179160.723727,0,queue_length,2
179160.723900,0,tick,""
179160.723905,0,reduction,""
179160.723906,0,sched_state,running
179160.724018,0,tick,""
179160.725129,0,queue_length,2
179160.725771,0,sched_state,running
179160.726047,0,tick,""
179160.726052,0,reduction,""
179160.726054,0,sched_state,running
179160.726204,0,tick,""
179160.726208,0,reduction,""
179160.726210,0,sched_state,running
179160.726475,0,tick,""
179160.726480,0,reduction,""
179160.726482,0,sched_state,running
179160.726626,0,tick,""
179160.726629,0,reduction,""
179160.726631,0,sched_state,running
179160.726773,0,tick,""
179160.726777,0,reduction,""
179160.726778,0,sched_state,running
179160.726920,0,tick,""
179160.727021,0,reduction,""
179160.727024,0,sched_state,running
179160.727170,0,tick,""
179160.727177,0,reduction,""
179160.727178,0,sched_state,running
179160.727320,0,tick,""
179160.727394,0,reduction,""
179160.727396,0,sched_state,running
179160.727536,0,tick,""
179160.727541,0,reduction,""
179160.727542,0,sched_state,running
179160.727679,0,tick,""
179160.727690,0,reduction,""
179160.727691,0,sched_state,running
179160.727834,0,tick,""
179160.727850,0,reduction,""
179160.727851,0,sched_state,running
179160.727992,0,tick,""
179160.728002,0,reduction,""
179160.728004,0,sched_state,running
179160.728149,0,tick,""
179160.728318,0,reduction,""
179160.728320,0,sched_state,running
179160.728462,0,tick,""
179160.728468,0,reduction,""
179160.728469,0,sched_state,running
179160.728608,0,tick,""
179160.728612,0,reduction,""
179160.728613,0,sched_state,running
179160.728752,0,tick,""
179160.728756,0,reduction,""
179160.728757,0,sched_state,running
179160.728895,0,tick,""
179160.728899,0,reduction,""
179160.728900,0,sched_state,running
179160.729035,0,tick,""
179160.729039,0,reduction,""
179160.729041,0,sched_state,running
179160.729177,0,tick,""
179160.729181,0,reduction,""
179160.729182,0,sched_state,running
179160.729318,0,tick,""
179160.729322,0,reduction,""
179160.729323,0,sched_state,running
179160.729458,0,tick,""
179160.729838,0,queue_length,2
179160.730284,0,sched_state,running
179160.730469,0,tick,""
179160.730473,0,reduction,""
179160.730474,0,sched_state,running
179160.730611,0,tick,""
179160.730616,0,reduction,""
179160.730618,0,sched_state,running
179160.730821,0,tick,""
179160.730826,0,reduction,""
179160.730827,0,sched_state,running
179160.731030,0,tick,""
179160.731034,0,reduction,""
179160.731036,0,sched_state,running
179160.731186,0,tick,""
179160.731191,0,reduction,""
179160.731193,0,sched_state,running
179160.731398,0,tick,""
179160.731403,0,reduction,""
179160.731404,0,sched_state,running
179160.731607,0,tick,""
179160.731624,0,reduction,""
179160.731626,0,sched_state,running
179160.731772,0,tick,""
179160.731778,0,reduction,""
179160.731779,0,sched_state,running
179160.731983,0,tick,""
179160.731996,0,reduction,""
179160.731999,0,sched_state,running
179160.732204,0,tick,""
179160.732220,0,reduction,""
179160.732222,0,sched_state,running
179160.732362,0,tick,""
179160.732369,0,reduction,""
179160.732370,0,sched_state,running
179160.732570,0,tick,""
179160.732699,0,reduction,""
179160.732701,0,sched_state,running
179160.732883,0,tick,""
179160.732896,0,reduction,""
179160.732898,0,sched_state,running
179160.733021,7,sched_state,waiting
179160.733023,5,sched_state,waiting
179160.733026,6,sched_state,waiting
179160.733030,7,tick,""
179160.733031,5,tick,""
179160.733034,5,sched_state,waiting
179160.733035,6,tick,""
179160.733037,5,tick,""
179160.733040,0,tick,""
179160.733044,0,reduction,""
179160.733046,0,sched_state,running
179160.733067,5,sched_state,waiting
179160.733068,1,sched_state,waiting
179160.733071,7,sched_state,waiting
179160.733072,5,tick,""
179160.733075,1,tick,""
179160.733077,7,tick,""
179160.733082,7,sched_state,waiting
179160.733087,7,tick,""
179160.733097,1,sched_state,waiting
179160.733105,1,tick,""
179160.733109,1,sched_state,waiting
179160.733113,1,tick,""
179160.733116,1,sched_state,waiting
179160.733119,1,tick,""
179160.733236,0,tick,""
179160.733251,0,reduction,""
179160.733254,0,sched_state,running
179160.733441,0,tick,""
179160.733502,0,reduction,""
179160.733505,0,sched_state,running
179160.733791,0,tick,""
179160.733808,0,reduction,""
179160.733810,0,sched_state,running
179160.734055,0,tick,""
179160.734060,0,spawn,""
179160.734062,0,reduction,""
179160.734064,0,sched_state,running
179160.734642,0,tick,""
179160.734647,0,reduction,""
179160.734648,0,sched_state,running
179160.734785,0,tick,""
179160.734798,0,reduction,""
179160.734800,0,sched_state,running
179160.734937,0,tick,""
179160.735736,0,queue_length,3
179160.736063,0,queue_length,3
179160.736561,0,sched_state,running
179160.736773,0,tick,""
179160.736780,0,reduction,""
179160.736782,0,sched_state,running
179160.736973,0,tick,""
179160.736978,0,reduction,""
179160.736980,0,sched_state,running
179160.737171,0,tick,""
179160.737177,0,reduction,""
179160.737178,0,sched_state,running
179160.737373,0,tick,""
179160.737434,0,reduction,""
179160.737438,0,sched_state,running
179160.737776,0,tick,""
179160.737782,0,reduction,""
179160.737784,0,sched_state,running
179160.738130,0,tick,""
179160.738144,0,spawn,""
179160.738147,0,reduction,""
179160.738149,0,sched_state,running
179160.738939,0,tick,""
179160.738942,0,queue_length,4
179160.738945,0,reduction,""
179160.738948,0,sched_state,running
179160.739132,0,tick,""
179160.739140,0,reduction,""
179160.739141,0,sched_state,running
179160.739319,0,tick,""
179160.739332,0,reduction,""
179160.739334,0,sched_state,running
179160.739520,0,tick,""
179160.739525,0,reduction,""
179160.739526,0,sched_state,running
179160.739717,0,tick,""
179160.739722,0,reduction,""
179160.739724,0,sched_state,running
179160.739899,0,tick,""
179160.739912,0,reduction,""
179160.739913,0,sched_state,running
179160.740096,0,tick,""
179160.741020,2,channel_blocked,159
179160.741023,0,yield,""
179160.741026,0,sched_state,running
179160.741036,0,tick,""
179160.741044,0,queue_length,3
179160.741930,0,sched_state,running
179160.742280,0,tick,""
179160.742288,0,reduction,""
179160.742291,0,sched_state,running
179160.742628,0,tick,""
179160.742633,0,reduction,""
179160.742638,0,sched_state,running
179160.742829,0,tick,""
179160.742833,0,reduction,""
179160.742834,0,sched_state,running
179160.743021,0,tick,""
179160.743586,1,channel_blocked,189
179160.743589,0,yield,""
179160.743592,0,sched_state,running
179160.743600,0,tick,""
179160.743607,0,queue_length,2
179160.744024,7,sched_state,waiting
179160.744024,3,sched_state,waiting
179160.744023,2,sched_state,waiting
179160.744033,3,tick,""
179160.744033,7,tick,""
179160.744036,2,tick,""
179160.744060,4,sched_state,waiting
179160.744061,7,sched_state,waiting
179160.744061,3,sched_state,waiting
179160.744064,2,sched_state,waiting
179160.744070,4,tick,""
179160.744067,3,tick,""
179160.744067,7,tick,""
179160.744075,4,sched_state,waiting
179160.744079,2,tick,""
179160.744080,4,tick,""
179160.744114,4,sched_state,waiting
179160.744135,4,tick,""
179160.744140,4,sched_state,waiting
179160.744142,4,tick,""
179160.744191,6,sched_state,waiting
179160.744198,6,tick,""
179160.744218,6,sched_state,waiting
179160.744222,6,tick,""
179160.744610,0,sched_state,running
179160.744861,0,tick,""
179160.744866,0,reduction,""
179160.744868,0,sched_state,running
179160.745360,0,tick,""
179160.745366,0,reduction,""
179160.745369,0,sched_state,running
179160.745596,0,tick,""
179160.745601,0,reduction,""
179160.745604,0,sched_state,running
179160.745795,0,tick,""
179160.745801,0,reduction,""
179160.745803,0,sched_state,running
179160.746279,0,tick,""
179160.746287,0,reduction,""
179160.746289,0,sched_state,running
179160.746635,0,tick,""
179160.746640,0,reduction,""
179160.746642,0,sched_state,running
179160.746947,0,tick,""
179160.746980,0,reduction,""
179160.746983,0,sched_state,running
179160.747295,0,tick,""
179160.747302,0,reduction,""
179160.747305,0,sched_state,running
179160.747506,0,tick,""
179160.747527,0,reduction,""
179160.747529,0,sched_state,running
179160.747802,0,tick,""
179160.747833,0,reduction,""
179160.747836,0,sched_state,running
179160.748147,0,tick,""
179160.748153,0,reduction,""
179160.748156,0,sched_state,running
179160.748335,0,tick,""
179160.748515,0,reduction,""
179160.748518,0,sched_state,running
179160.748767,0,tick,""
179160.748784,0,reduction,""
179160.748787,0,sched_state,running
179160.748949,0,tick,""
179160.748953,0,reduction,""
179160.748954,0,sched_state,running
179160.749113,0,tick,""
179160.749125,0,reduction,""
179160.749126,0,sched_state,running
179160.749284,0,tick,""
179160.749341,0,reduction,""
179160.749344,0,sched_state,running
179160.749572,0,tick,""
179160.749588,0,reduction,""
179160.749591,0,sched_state,running
179160.749809,0,tick,""
179160.749815,0,spawn,""
179160.749818,0,reduction,""
179160.749820,0,sched_state,running
179160.750672,0,tick,""
179160.750677,0,reduction,""
179160.750679,0,sched_state,running
179160.750712,0,queue_length,3
179160.750911,0,tick,""
179160.750917,0,reduction,""
179160.750919,0,sched_state,running
179160.751162,0,tick,""
179160.752999,0,queue_length,3
179160.753546,0,sched_state,running
179160.753830,0,tick,""
179160.753844,0,reduction,""
179160.753846,0,sched_state,running
179160.754013,0,tick,""
179160.754019,0,reduction,""
179160.754022,0,sched_state,running
179160.754265,0,tick,""
179160.754271,0,reduction,""
179160.754273,0,sched_state,running
179160.754504,0,tick,""
179160.754563,0,reduction,""
179160.754566,0,sched_state,running
179160.754866,0,tick,""
179160.754872,0,reduction,""
179160.754874,0,sched_state,running
179160.755015,1,sched_state,waiting
179160.755017,7,sched_state,waiting
179160.755016,3,sched_state,waiting
179160.755019,2,sched_state,waiting
179160.755023,1,tick,""
179160.755024,7,tick,""
179160.755024,3,tick,""
179160.755027,5,sched_state,waiting
179160.755028,2,tick,""
179160.755029,3,sched_state,waiting
179160.755033,3,tick,""
179160.755035,5,tick,""
179160.755057,5,sched_state,waiting
179160.755057,1,sched_state,waiting
179160.755063,5,tick,""
179160.755067,1,tick,""
179160.755069,5,sched_state,waiting
179160.755075,5,tick,""
179160.755175,4,sched_state,waiting
179160.755180,4,tick,""
179160.755182,0,tick,""
179160.755188,0,spawn,""
179160.755194,0,reduction,""
179160.755196,0,sched_state,running
179160.755198,4,sched_state,waiting
179160.755201,4,tick,""
179160.756319,0,tick,""
179160.756324,0,reduction,""
179160.756323,0,queue_length,4
179160.756325,0,sched_state,running
179160.756492,0,tick,""
179160.756501,0,reduction,""
179160.756503,0,sched_state,running
179160.756747,0,tick,""
179160.756752,0,reduction,""
179160.756755,0,sched_state,running
179160.756996,0,tick,""
179160.757001,0,reduction,""
179160.757002,0,sched_state,running
179160.757239,0,tick,""
179160.757243,0,reduction,""
179160.757245,0,sched_state,running
179160.757401,0,tick,""
179160.757406,0,reduction,""
179160.757408,0,sched_state,running
179160.757642,0,tick,""
179160.758678,3,channel_blocked,311
179160.758681,0,yield,""
179160.758683,0,sched_state,running
179160.758693,0,tick,""
179160.758702,0,queue_length,3
179160.760086,0,sched_state,running
179160.760346,0,tick,""
179160.760350,0,reduction,""
179160.760352,0,sched_state,running
179160.760655,0,tick,""
179160.760659,0,reduction,""
179160.760661,0,sched_state,running
179160.760835,0,tick,""
179160.760839,0,reduction,""
179160.760840,0,sched_state,running
179160.761010,0,tick,""
179160.761013,0,reduction,""
179160.761014,0,sched_state,running
179160.761184,0,tick,""
179160.761189,0,reduction,""
179160.761191,0,sched_state,running
179160.761361,0,tick,""
179160.761482,0,reduction,""
179160.761484,0,sched_state,running
179160.761661,0,tick,""
179160.761665,0,reduction,""
179160.761667,0,sched_state,running
179160.761829,0,tick,""
179160.761918,0,reduction,""
179160.761920,0,sched_state,running
179160.762079,0,tick,""
179160.762084,0,reduction,""
179160.762085,0,sched_state,running
179160.762239,0,tick,""
179160.762250,0,reduction,""
179160.762252,0,sched_state,running
179160.762409,0,tick,""
179160.762422,0,reduction,""
179160.762423,0,sched_state,running
179160.762583,0,tick,""
179160.762593,0,reduction,""
179160.762594,0,sched_state,running
179160.762752,0,tick,""
179160.762887,0,reduction,""
179160.762889,0,sched_state,running
179160.763048,0,tick,""
179160.763053,0,reduction,""
179160.763054,0,sched_state,running
179160.763210,0,tick,""
179160.763216,0,reduction,""
179160.763217,0,sched_state,running
179160.763371,0,tick,""
179160.763376,0,reduction,""
179160.763377,0,sched_state,running
179160.763533,0,tick,""
179160.763538,0,reduction,""
179160.763539,0,sched_state,running
179160.763694,0,tick,""
179160.763697,0,reduction,""
179160.763699,0,sched_state,running
179160.763855,0,tick,""
179160.763858,0,reduction,""
179160.763860,0,sched_state,running
179160.764015,0,tick,""
179160.764019,0,reduction,""
179160.764020,0,sched_state,running
179160.764180,0,tick,""
179160.764189,0,queue_length,2
179160.765694,0,queue_length,2
179160.766018,5,sched_state,waiting
179160.766021,3,sched_state,waiting
179160.766026,5,tick,""
179160.766027,6,sched_state,waiting
179160.766030,3,tick,""
179160.766036,6,tick,""
179160.766066,6,sched_state,waiting
179160.766067,3,sched_state,waiting
179160.766070,6,tick,""
179160.766071,3,tick,""
179160.766457,2,sched_state,waiting
179160.766464,2,tick,""
179160.766482,2,sched_state,waiting
179160.766486,2,tick,""
179160.766489,2,sched_state,waiting
179160.766491,2,tick,""
179160.767372,0,sched_state,running
179160.767887,0,tick,""
179160.767895,0,reduction,""
179160.767899,0,sched_state,running
179160.768371,0,tick,""
179160.768378,0,reduction,""
179160.768381,0,sched_state,running
179160.768640,0,tick,""
179160.768647,0,reduction,""
179160.768650,0,sched_state,running
179160.768905,0,tick,""
179160.768982,0,reduction,""
179160.768984,0,sched_state,running
179160.769246,0,tick,""
179160.769252,0,reduction,""
179160.769255,0,sched_state,running
179160.769509,0,tick,""
179160.769515,0,spawn,""
179160.769518,0,reduction,""
179160.769520,0,sched_state,running
179160.769885,7,sched_state,waiting
179160.770582,7,tick,""
179160.770612,7,sched_state,waiting
179160.770625,0,tick,""
179160.770627,0,queue_length,3
179160.770631,0,reduction,""
179160.770631,7,tick,""
179160.770633,0,sched_state,running
179160.770636,7,sched_state,waiting
179160.770640,7,tick,""
179160.770899,0,tick,""
179160.770909,0,reduction,""
179160.770912,0,sched_state,running
179160.771175,0,tick,""
179160.771188,0,reduction,""
179160.771189,0,sched_state,running
179160.771445,0,tick,""
179160.771452,0,reduction,""
179160.771454,0,sched_state,running
179160.771709,0,tick,""
179160.771714,0,reduction,""
179160.771715,0,sched_state,running
179160.771971,0,tick,""
179160.771977,0,reduction,""
179160.771978,0,sched_state,running
179160.772239,0,tick,""
179160.773447,5,channel_blocked,512
179160.773450,0,yield,""
179160.773453,0,sched_state,running
179160.773464,0,tick,""
179160.773472,0,queue_length,2
179160.774614,0,sched_state,running
179160.774937,0,tick,""
179160.774942,0,reduction,""
179160.774945,0,sched_state,running
179160.775409,0,tick,""
179160.775414,0,reduction,""
179160.775417,0,sched_state,running
179160.775695,0,tick,""
179160.775701,0,reduction,""
179160.775703,0,sched_state,running
179160.775979,0,tick,""
179160.775984,0,reduction,""
179160.775987,0,sched_state,running
179160.776268,0,tick,""
179160.776277,0,reduction,""
179160.776280,0,sched_state,running
179160.776552,0,tick,""
179160.776723,0,reduction,""
179160.776726,0,sched_state,running
179160.777251,0,tick,""
179160.777267,0,reduction,""
179160.777269,0,sched_state,running
179160.777578,4,sched_state,waiting
179160.777591,4,tick,""
179160.777610,5,sched_state,waiting
179160.777621,5,tick,""
179160.777623,4,sched_state,waiting
179160.777624,5,sched_state,waiting
179160.777629,4,tick,""
179160.777630,5,tick,""
179160.777634,0,tick,""
179160.777646,3,sched_state,waiting
179160.777653,5,sched_state,waiting
179160.777658,3,tick,""
179160.777659,5,tick,""
179160.777663,5,sched_state,waiting
179160.777666,5,tick,""
179160.777672,1,sched_state,running
179160.777690,3,sched_state,waiting
179160.777697,3,tick,""
179160.777702,3,sched_state,waiting
179160.777706,3,tick,""
179160.777729,0,reduction,""
179160.777732,0,sched_state,running
179160.777975,0,tick,""
179160.777981,1,tick,""
179160.777983,0,reduction,""
179160.777984,0,sched_state,running
179160.777985,1,reduction,""
179160.777988,1,sched_state,running
179160.778471,0,tick,""
179160.778491,0,reduction,""
179160.778494,0,sched_state,running
179160.778593,1,tick,""
179160.778598,1,reduction,""
179160.778601,1,sched_state,running
179160.778692,0,tick,""
179160.778709,0,reduction,""
179160.778710,0,sched_state,running
179160.778870,1,tick,""
179160.778875,1,reduction,""
179160.778876,1,sched_state,running
179160.778905,0,tick,""
179160.778916,0,reduction,""
179160.778917,0,sched_state,running
179160.779109,0,tick,""
179160.779113,1,tick,""
179160.779117,1,reduction,""
179160.779119,1,sched_state,running
179160.779279,0,reduction,""
179160.779282,0,sched_state,running
179160.779392,1,tick,""
179160.779397,1,reduction,""
179160.779398,1,sched_state,running
179160.779481,0,tick,""
179160.779487,0,reduction,""
179160.779489,0,sched_state,running
179160.779679,0,tick,""
179160.779679,1,tick,""
179160.779684,0,reduction,""
179160.779684,1,reduction,""
179160.779685,0,sched_state,running
179160.779686,1,sched_state,running
179160.779874,0,tick,""
179160.779879,0,reduction,""
179160.779881,0,sched_state,running
179160.779932,1,tick,""
179160.779954,1,reduction,""
179160.779956,1,sched_state,running
179160.780069,0,tick,""
179160.780074,0,reduction,""
179160.780075,0,sched_state,running
179160.780242,1,tick,""
179160.780250,1,reduction,""
179160.780252,1,sched_state,running
179160.780296,0,tick,""
179160.780301,0,reduction,""
179160.780302,0,sched_state,running
179160.780489,1,tick,""
179160.780491,0,tick,""
179160.780495,0,reduction,""
179160.780496,0,sched_state,running
179160.780501,1,reduction,""
179160.780503,1,sched_state,running
179160.780680,1,tick,""
179160.780683,0,tick,""
179160.780687,0,reduction,""
179160.780688,0,sched_state,running
179160.780700,1,reduction,""
179160.780703,1,sched_state,running
179160.780879,0,tick,""
179160.780888,0,queue_length,1
179160.780981,1,tick,""
179160.780988,1,reduction,""
179160.780989,1,sched_state,running
179160.781230,1,tick,""
179160.781341,1,reduction,""
179160.781344,1,sched_state,running
179160.781530,1,tick,""
179160.781543,1,reduction,""
179160.781544,1,sched_state,running
179160.781724,1,tick,""
179160.781728,1,reduction,""
179160.781729,1,sched_state,running
179160.781909,1,tick,""
179160.781921,1,reduction,""
179160.781922,1,sched_state,running
179160.782099,1,tick,""
179160.782167,1,reduction,""
179160.782169,1,sched_state,running
179160.782449,1,tick,""
179160.782465,1,reduction,""
179160.782466,1,sched_state,running
179160.782707,1,tick,""
179160.782713,1,spawn,""
179160.782715,1,reduction,""
179160.782716,1,sched_state,running
179160.782914,0,queue_length,1
179160.783318,1,tick,""
179160.783322,1,reduction,""
179160.783324,1,sched_state,running
179160.783512,1,tick,""
179160.783516,1,reduction,""
179160.783517,1,sched_state,running
179160.783702,1,tick,""
179160.785221,1,queue_length,1
179160.785227,1,queue_length,1
179160.785288,0,sched_state,running
179160.785870,0,tick,""
179160.785876,0,reduction,""
179160.785878,0,sched_state,running
179160.786194,0,tick,""
179160.786200,0,reduction,""
179160.786202,0,sched_state,running
179160.786567,0,tick,""
179160.786573,0,reduction,""
179160.786577,0,sched_state,running
179160.786837,0,tick,""
179160.786841,0,reduction,""
179160.786842,0,sched_state,running
179160.787072,1,sched_state,running
179160.787091,0,tick,""
179160.787098,0,reduction,""
179160.787099,0,sched_state,running
179160.787434,0,tick,""
179160.787595,0,reduction,""
179160.787599,0,sched_state,running
179160.787765,1,tick,""
179160.787768,1,reduction,""
179160.787770,1,sched_state,running
179160.787825,0,tick,""
179160.787840,0,reduction,""
179160.787842,0,sched_state,running
179160.788018,4,sched_state,waiting
179160.788019,6,sched_state,waiting
179160.788022,5,sched_state,waiting
179160.788392,5,tick,""
179160.788406,6,tick,""
179160.788417,0,tick,""
179160.788422,1,tick,""
179160.788428,1,reduction,""
179160.788431,1,sched_state,running
179160.788455,6,sched_state,waiting
179160.788558,0,reduction,""
179160.788562,0,sched_state,running
179160.788675,6,tick,""
179160.788743,1,tick,""
179160.788749,1,reduction,""
179160.788752,1,sched_state,running
179160.788761,4,tick,""
179160.788788,4,sched_state,waiting
179160.788795,4,tick,""
179160.788799,4,sched_state,waiting
179160.788803,4,tick,""
179160.788806,4,sched_state,waiting
179160.788808,4,tick,""
179160.789090,1,tick,""
179160.789095,1,reduction,""
179160.789097,1,sched_state,running
179160.789265,5,sched_state,waiting
179160.789276,5,tick,""
179160.789279,0,tick,""
179160.789291,0,reduction,""
179160.789295,0,sched_state,running
179160.789417,1,tick,""
179160.789423,1,reduction,""
179160.789425,1,sched_state,running
179160.789748,1,tick,""
179160.789754,1,reduction,""
179160.789753,0,tick,""
179160.789756,1,sched_state,running
179160.789772,0,reduction,""
179160.789774,0,sched_state,running
179160.790075,1,tick,""
179160.790100,1,reduction,""
179160.790102,1,sched_state,running
179160.790187,0,tick,""
179160.790205,0,reduction,""
179160.790207,0,sched_state,running
179160.790359,1,tick,""
179160.790363,1,reduction,""
179160.790364,1,sched_state,running
179160.790427,0,tick,""
179160.790438,0,reduction,""
179160.790440,0,sched_state,running
179160.790574,1,tick,""
179160.790585,1,reduction,""
179160.790587,1,sched_state,running
179160.790657,0,tick,""
179160.790840,0,reduction,""
179160.790843,0,sched_state,running
179160.790859,1,tick,""
179160.790879,1,reduction,""
179160.790882,1,sched_state,running
179160.791065,0,tick,""
179160.791071,0,reduction,""
179160.791073,0,sched_state,running
179160.791180,1,tick,""
179160.791185,1,reduction,""
179160.791186,1,sched_state,running
179160.791286,0,tick,""
179160.791290,0,reduction,""
179160.791292,0,sched_state,running
179160.791389,1,tick,""
179160.791506,0,tick,""
179160.791512,0,reduction,""
179160.791513,0,sched_state,running
179160.791576,1,reduction,""
179160.791580,1,sched_state,running
179160.791819,0,tick,""
179160.791827,0,reduction,""
179160.791828,0,sched_state,running
179160.791892,1,tick,""
179160.791906,1,reduction,""
179160.791908,1,sched_state,running
179160.792117,0,tick,""
179160.792122,0,reduction,""
179160.792123,0,sched_state,running
179160.792123,1,tick,""
179160.792127,1,reduction,""
179160.792128,1,sched_state,running
179160.792175,7,sched_state,running
179160.792342,0,tick,""
179160.792347,0,reduction,""
179160.792348,0,sched_state,running
179160.792429,1,tick,""
179160.792446,1,reduction,""
179160.792448,1,sched_state,running
179160.792495,7,tick,""
179160.792501,7,reduction,""
179160.792503,7,sched_state,running
179160.792565,0,tick,""
179160.792569,0,reduction,""
179160.792570,0,sched_state,running
179160.792725,1,tick,""
179160.792782,1,reduction,""
179160.792783,1,sched_state,running
179160.792791,0,tick,""
179160.792802,0,queue_length,0
179160.792928,7,tick,""
179160.792933,7,reduction,""
179160.792935,7,sched_state,running
179160.793071,1,tick,""
179160.793088,1,reduction,""
179160.793090,1,sched_state,running
179160.793175,7,tick,""
179160.793180,7,reduction,""
179160.793183,7,sched_state,running
179160.793386,1,tick,""
179160.793393,1,spawn,""
179160.793395,1,reduction,""
179160.793397,1,sched_state,running
179160.793413,7,tick,""
179160.794062,4,channel_blocked,572
179160.794065,7,yield,""
179160.794067,7,sched_state,running
179160.794075,7,tick,""
179160.794084,7,queue_length,0
179160.794089,7,sched_state,waiting
179160.794136,7,tick,""
179160.794168,7,sched_state,waiting
179160.794179,7,tick,""
179160.794771,1,tick,""
179160.794777,1,reduction,""
179160.794779,1,sched_state,running
179160.795122,1,tick,""
179160.795130,1,reduction,""
179160.795132,1,sched_state,running
179160.795429,1,tick,""
179160.795966,0,queue_length,0
179160.797860,0,sched_state,running
179160.798491,0,tick,""
179160.798493,1,queue_length,2
179160.798499,1,queue_length,2
179160.798503,0,reduction,""
179160.798506,0,sched_state,running
179160.799017,6,sched_state,waiting
179160.799022,3,sched_state,waiting
179160.799025,2,sched_state,waiting
179160.799314,6,tick,""
179160.799343,0,tick,""
179160.799350,0,reduction,""
179160.799353,0,sched_state,running
179160.799359,6,sched_state,waiting
179160.799422,6,tick,""
179160.799561,3,tick,""
179160.799591,3,sched_state,waiting
179160.799643,3,tick,""
179160.799651,3,sched_state,waiting
179160.799656,3,tick,""
179160.799704,0,tick,""
179160.799709,0,reduction,""
179160.799711,0,sched_state,running
179160.799943,1,sched_state,running
179160.799978,2,tick,""
179160.800084,0,tick,""
179160.800593,5,sched_state,running
179160.800642,1,tick,""
179160.800650,1,reduction,""
179160.800651,1,sched_state,running
179160.800967,1,tick,""
179160.800975,1,reduction,""
179160.800978,1,sched_state,running
179160.801223,7,channel_blocked,898
179160.801226,0,yield,""
179160.801228,0,sched_state,running
179160.801245,5,tick,""
179160.801251,5,reduction,""
179160.801253,5,sched_state,running
179160.801287,1,tick,""
179160.801294,1,reduction,""
179160.801296,1,sched_state,running
179160.801419,0,tick,""
179160.801430,0,queue_length,0
179160.801433,0,sched_state,waiting
179160.801438,0,tick,""
179160.801468,0,sched_state,waiting
179160.801474,0,tick,""
179160.801483,0,sched_state,waiting
179160.801489,0,tick,""
179160.801492,0,sched_state,waiting
179160.801496,0,tick,""
179160.801500,0,sched_state,waiting
179160.801505,0,tick,""
179160.801507,0,sched_state,waiting
179160.801511,0,tick,""
179160.801513,0,sched_state,waiting
179160.801518,0,tick,""
179160.801590,1,tick,""
179160.801663,1,reduction,""
179160.801666,1,sched_state,running
179160.801882,5,tick,""
179160.801888,5,reduction,""
179160.801890,5,sched_state,running
179160.801978,1,tick,""
179160.801984,1,reduction,""
179160.801986,1,sched_state,running
179160.802208,5,tick,""
179160.802213,5,reduction,""
179160.802214,5,sched_state,running
179160.802303,1,tick,""
179160.802310,1,spawn,""
179160.802312,1,reduction,""
179160.802314,1,sched_state,running
179160.802523,5,tick,""
179160.803539,6,channel_blocked,743
179160.803542,5,yield,""
179160.803544,5,sched_state,running
179160.803552,5,tick,""
179160.803560,5,queue_length,0
179160.803564,5,sched_state,waiting
179160.803568,5,tick,""
179160.803581,1,tick,""
179160.803586,1,reduction,""
179160.803588,1,sched_state,running
179160.803591,5,sched_state,waiting
179160.803595,5,tick,""
179160.803600,5,sched_state,waiting
179160.803603,5,tick,""
179160.803911,1,tick,""
179160.803920,1,reduction,""
179160.803922,1,sched_state,running
179160.804244,1,tick,""
179160.804249,1,reduction,""
179160.804251,1,sched_state,running
179160.804503,1,tick,""
179160.804507,1,reduction,""
179160.804508,1,sched_state,running
179160.804712,1,tick,""
179160.804718,1,reduction,""
179160.804720,1,sched_state,running
179160.805034,1,tick,""
179160.805041,1,reduction,""
179160.805043,1,sched_state,running
179160.805291,1,tick,""
179160.805471,7,sched_state,waiting
179160.805494,7,tick,""
179160.805512,7,sched_state,waiting
179160.805518,7,tick,""
179160.805524,7,sched_state,waiting
179160.805527,7,tick,""
179160.806136,1,queue_length,3
179160.806747,8,channel_blocked,707
179160.806750,1,yield,""
179160.806753,1,sched_state,running
179160.806762,1,tick,""
179160.806769,1,queue_length,2
179160.808196,1,sched_state,running
179160.808572,1,tick,""
179160.808577,1,reduction,""
179160.808579,1,sched_state,running
179160.809305,1,tick,""
179160.809309,1,reduction,""
179160.809311,1,sched_state,running
179160.809534,1,tick,""
179160.809540,1,reduction,""
179160.809542,1,sched_state,running
179160.809899,1,tick,""
179160.809903,1,reduction,""
179160.809905,1,sched_state,running
179160.810011,2,sched_state,waiting
179160.810012,3,sched_state,waiting
179160.810019,6,sched_state,waiting
179160.810020,3,tick,""
179160.810044,3,sched_state,waiting
179160.810054,3,tick,""
179160.810028,6,tick,""
179160.810088,2,tick,""
179160.810098,6,sched_state,waiting
179160.810107,6,tick,""
179160.810107,2,sched_state,waiting
179160.810124,2,tick,""
179160.810129,2,sched_state,waiting
179160.810133,2,tick,""
179160.810208,1,tick,""
179160.810212,1,reduction,""
179160.810214,1,sched_state,running
179160.810447,1,tick,""
179160.810453,1,reduction,""
179160.810455,1,sched_state,running
179160.810686,1,tick,""
179160.810704,1,reduction,""
179160.810706,1,sched_state,running
179160.810932,1,tick,""
179160.810936,1,reduction,""
179160.810938,1,sched_state,running
179160.811161,1,tick,""
179160.811180,1,reduction,""
179160.811182,1,sched_state,running
179160.811408,1,tick,""
179160.811425,1,reduction,""
179160.811427,1,sched_state,running
179160.811744,1,tick,""
179160.811751,1,reduction,""
179160.811753,1,sched_state,running
179160.812010,0,sched_state,waiting
179160.812015,0,tick,""
179160.812040,0,sched_state,waiting
179160.812047,0,tick,""
179160.812092,1,tick,""
179160.812279,1,reduction,""
179160.812283,1,sched_state,running
179160.812608,1,tick,""
179160.812623,1,reduction,""
179160.812625,1,sched_state,running
179160.812855,1,tick,""
179160.812859,1,reduction,""
179160.812860,1,sched_state,running
179160.813088,1,tick,""
179160.813101,1,reduction,""
179160.813102,1,sched_state,running
179160.813328,1,tick,""
179160.813379,1,reduction,""
179160.813382,1,sched_state,running
179160.813740,1,tick,""
179160.813758,1,reduction,""
179160.813760,1,sched_state,running
179160.814017,5,sched_state,waiting
179160.814022,1,tick,""
179160.814026,5,tick,""
179160.814028,1,spawn,""
179160.814029,5,sched_state,waiting
179160.814031,1,reduction,""
179160.814032,1,sched_state,running
179160.814033,5,tick,""
179160.814058,5,sched_state,waiting
179160.814062,5,tick,""
179160.815264,1,tick,""
179160.815272,1,reduction,""
179160.815274,1,sched_state,running
179160.815513,1,tick,""
179160.815520,1,reduction,""
179160.815522,1,sched_state,running
179160.815877,1,tick,""
179160.815887,1,queue_length,3
179160.815891,1,queue_length,2
179160.816010,7,sched_state,waiting
179160.816016,7,tick,""
179160.816033,7,sched_state,waiting
179160.816038,7,tick,""
179160.818187,1,queue_length,2
179160.819815,1,sched_state,running
179160.820367,1,tick,""
179160.820381,1,reduction,""
179160.820385,1,sched_state,running
179160.820636,1,tick,""
179160.820641,1,reduction,""
179160.820643,1,sched_state,running
179160.820880,1,tick,""
179160.820884,1,reduction,""
179160.820886,1,sched_state,running
179160.821053,4,sched_state,waiting
179160.821127,1,tick,""
179160.821131,1,reduction,""
179160.821133,1,sched_state,running
179160.821372,1,tick,""
179160.821377,1,reduction,""
179160.821378,1,sched_state,running
179160.821534,4,tick,""
179160.821544,4,sched_state,waiting
179160.821587,4,tick,""
179160.821621,1,tick,""
179160.821734,1,reduction,""
179160.821736,1,sched_state,running
179160.821976,1,tick,""
179160.821981,1,reduction,""
179160.821982,1,sched_state,running
179160.822161,3,sched_state,waiting
179160.822264,1,tick,""
179160.822374,1,reduction,""
179160.822376,1,sched_state,running
179160.822709,3,tick,""
179160.822712,1,tick,""
179160.822718,1,reduction,""
179160.822720,1,sched_state,running
179160.822757,3,sched_state,waiting
179160.822769,3,tick,""
179160.823097,1,tick,""
179160.823113,1,reduction,""
179160.823115,1,sched_state,running
179160.823402,1,tick,""
179160.823417,1,reduction,""
179160.823418,1,sched_state,running
179160.823510,0,sched_state,waiting
179160.823535,0,tick,""
179160.823554,0,sched_state,waiting
179160.823561,0,tick,""
179160.823715,1,tick,""
179160.823729,1,reduction,""
179160.823731,1,sched_state,running
179160.824084,1,tick,""
179160.824333,1,reduction,""
179160.824337,1,sched_state,running
179160.824661,1,tick,""
179160.824668,1,reduction,""
179160.824669,1,sched_state,running
179160.824909,1,tick,""
179160.824914,1,reduction,""
179160.824915,1,sched_state,running
179160.825244,1,tick,""
179160.825251,1,reduction,""
179160.825254,1,sched_state,running
179160.825373,5,sched_state,running
179160.825640,1,tick,""
179160.825648,1,reduction,""
179160.825651,1,sched_state,running
179160.825790,5,tick,""
179160.825796,5,reduction,""
179160.825798,5,sched_state,running
179160.826028,1,tick,""
179160.826035,1,reduction,""
179160.826037,1,sched_state,running
179160.826392,1,tick,""
179160.826398,1,reduction,""
179160.826401,1,sched_state,running
179160.826439,5,tick,""
179160.826445,5,reduction,""
179160.826447,5,sched_state,running
179160.826788,1,tick,""
179160.826793,5,tick,""
179160.826794,1,reduction,""
179160.826796,1,sched_state,running
179160.826799,5,reduction,""
179160.826801,5,sched_state,running
179160.827156,5,tick,""
179160.827166,1,tick,""
179160.827176,1,queue_length,1
179160.827223,5,reduction,""
179160.827225,5,sched_state,running
179160.827550,5,tick,""
179160.827556,5,reduction,""
179160.827558,5,sched_state,running
179160.827883,5,tick,""
179160.827889,5,spawn,""
179160.827892,5,reduction,""
179160.827894,5,sched_state,running
179160.829418,5,tick,""
179160.829433,5,reduction,""
179160.829436,5,sched_state,running
179160.829795,5,tick,""
179160.829805,5,reduction,""
179160.829808,5,sched_state,running
179160.830138,5,tick,""
179160.830143,5,reduction,""
179160.830145,5,sched_state,running
179160.830508,5,tick,""
179160.830514,5,reduction,""
179160.830516,5,sched_state,running
179160.830865,5,tick,""
179160.830871,5,reduction,""
179160.830874,5,sched_state,running
179160.831195,5,tick,""
179160.831201,5,reduction,""
179160.831204,5,sched_state,running
179160.831538,5,tick,""
179160.832044,6,sched_state,waiting
179160.832126,6,tick,""
179160.832187,6,sched_state,waiting
179160.832194,6,tick,""
179160.832415,1,queue_length,1
179160.833878,5,queue_length,1
179160.834580,9,channel_blocked,1046
179160.834584,5,yield,""
179160.834588,5,sched_state,running
179160.835043,5,tick,""
179160.835079,5,queue_length,0
179160.835622,1,sched_state,running
179160.836425,1,tick,""
179160.836436,1,reduction,""
179160.836440,1,sched_state,running
179160.836676,5,sched_state,running
179160.836804,3,sched_state,waiting
179160.836853,1,tick,""
179160.836860,1,reduction,""
179160.836862,1,sched_state,running
179160.837137,5,tick,""
179160.837141,5,reduction,""
179160.837144,5,sched_state,running
179160.837257,3,tick,""
179160.837262,3,sched_state,waiting
179160.837264,1,tick,""
179160.837272,1,reduction,""
179160.837274,1,sched_state,running
179160.837276,3,tick,""
179160.837572,5,tick,""
179160.837577,5,reduction,""
179160.837580,5,sched_state,running
179160.837668,1,tick,""
179160.837753,1,reduction,""
179160.837756,1,sched_state,running
179160.837995,5,tick,""
179160.838001,5,reduction,""
179160.838003,5,sched_state,running
179160.838160,1,tick,""
179160.838168,1,reduction,""
179160.838170,1,sched_state,running
179160.838437,5,tick,""
179160.838442,5,reduction,""
179160.838444,5,sched_state,running
179160.838568,1,tick,""
179160.838575,1,spawn,""
179160.838577,1,reduction,""
179160.838579,1,sched_state,running
179160.838686,7,sched_state,running
179160.838877,5,tick,""
179160.838883,5,reduction,""
179160.838885,5,sched_state,running
179160.839311,5,tick,""
179160.839318,7,tick,""
179160.839323,7,reduction,""
179160.839326,7,sched_state,running
179160.839461,5,reduction,""
179160.839464,5,sched_state,running
179160.839582,7,tick,""
179160.839586,7,reduction,""
179160.839587,7,sched_state,running
179160.839831,7,tick,""
179160.839834,7,reduction,""
179160.839836,7,sched_state,running
179160.839884,5,tick,""
179160.839892,5,reduction,""
179160.839895,5,sched_state,running
179160.840082,7,tick,""
179160.840085,7,reduction,""
179160.840086,7,sched_state,running
179160.840212,1,tick,""
179160.840218,1,reduction,""
179160.840220,1,sched_state,running
179160.840316,5,tick,""
179160.840350,7,tick,""
179160.840353,7,reduction,""
179160.840355,7,sched_state,running
179160.840431,5,reduction,""
179160.840434,5,sched_state,running
179160.840602,7,tick,""
179160.840606,7,reduction,""
179160.840607,7,sched_state,running
179160.840635,1,tick,""
179160.840645,1,reduction,""
179160.840648,1,sched_state,running
179160.840859,7,tick,""
179160.840861,5,tick,""
179160.840868,5,reduction,""
179160.840870,5,sched_state,running
179160.840883,7,reduction,""
179160.840885,7,sched_state,running
179160.841055,1,tick,""
179160.841060,1,reduction,""
179160.841063,1,sched_state,running
179160.841177,7,tick,""
179160.841182,7,reduction,""
179160.841184,7,sched_state,running
179160.841297,5,tick,""
179160.841313,5,reduction,""
179160.841315,5,sched_state,running
179160.841464,1,tick,""
179160.841469,1,reduction,""
179160.841471,1,sched_state,running
179160.841561,7,tick,""
179160.841574,7,reduction,""
179160.841575,7,sched_state,running
179160.841744,5,tick,""
179160.841763,5,reduction,""
179160.841765,5,sched_state,running
179160.841818,7,tick,""
179160.841832,7,reduction,""
179160.841834,7,sched_state,running
179160.841867,1,tick,""
179160.841873,1,reduction,""
179160.841874,1,sched_state,running
179160.842078,7,tick,""
179160.842083,7,reduction,""
179160.842084,7,sched_state,running
179160.842198,5,tick,""
179160.842212,5,reduction,""
179160.842215,5,sched_state,running
179160.842266,1,tick,""
179160.842273,1,reduction,""
179160.842275,1,sched_state,running
179160.842364,7,tick,""
179160.842503,7,reduction,""
179160.842506,7,sched_state,running
179160.842645,5,tick,""
179160.842664,1,tick,""
179160.842846,7,tick,""
179160.842859,7,reduction,""
179160.842861,7,sched_state,running
179160.842863,5,reduction,""
179160.842866,5,sched_state,running
179160.843112,7,tick,""
179160.843116,7,reduction,""
179160.843117,7,sched_state,running
179160.843216,5,tick,""
179160.843223,5,reduction,""
179160.843224,5,sched_state,running
179160.843415,7,tick,""
179160.843440,7,reduction,""
179160.843443,7,sched_state,running
179160.843648,5,tick,""
179160.843657,5,reduction,""
179160.843659,5,sched_state,running
179160.843840,7,tick,""
179160.843887,6,sched_state,waiting
179160.843920,7,reduction,""
179160.843923,7,sched_state,running
179160.843931,6,tick,""
179160.843966,6,sched_state,waiting
179160.843972,6,tick,""
179160.844056,5,tick,""
179160.844063,5,reduction,""
179160.844066,5,sched_state,running
179160.844330,7,tick,""
179160.844352,7,reduction,""
179160.844355,7,sched_state,running
179160.844370,1,queue_length,2
179160.844475,5,tick,""
179160.844482,5,reduction,""
179160.844484,5,sched_state,running
179160.844768,7,tick,""
179160.844774,7,spawn,""
179160.844777,7,reduction,""
179160.844779,7,sched_state,running
179160.844805,11,channel_blocked,1183
179160.844812,1,yield,""
179160.844815,1,sched_state,running
179160.844831,1,tick,""
179160.844840,1,queue_length,1
179160.844884,5,tick,""
179160.844892,5,reduction,""
179160.844894,5,sched_state,running
179160.845275,5,tick,""
179160.845281,5,reduction,""
179160.845283,5,sched_state,running
179160.845669,5,tick,""
179160.845675,5,reduction,""
179160.845677,5,sched_state,running
179160.845684,0,sched_state,waiting
179160.845772,0,tick,""
179160.845809,0,sched_state,waiting
179160.845869,0,tick,""
179160.846097,5,tick,""
179160.846772,7,tick,""
179160.846779,7,reduction,""
179160.846783,7,sched_state,running
179160.846820,1,sched_state,running
179160.847192,7,tick,""
179160.847199,7,reduction,""
179160.847201,7,sched_state,running
179160.847236,1,tick,""
179160.847243,1,reduction,""
179160.847245,1,sched_state,running
179160.847599,7,tick,""
179160.847624,5,queue_length,0
179160.847997,1,tick,""
179160.848005,1,reduction,""
179160.848008,1,sched_state,running
179160.848020,3,sched_state,waiting
179160.848094,3,tick,""
179160.848418,1,tick,""
179160.848423,1,reduction,""
179160.848426,1,sched_state,running
179160.848498,5,sched_state,running
179160.848804,1,tick,""
179160.849238,7,queue_length,1
179160.849242,7,queue_length,1
179160.849265,5,tick,""
179160.849272,5,reduction,""
179160.849275,5,sched_state,running
179160.849707,5,tick,""
179160.849713,5,reduction,""
179160.849716,5,sched_state,running
179160.849946,10,channel_blocked,1320
179160.849948,1,yield,""
179160.849951,1,sched_state,running
179160.849964,1,tick,""
179160.849976,1,queue_length,0
179160.850077,7,sched_state,running
179160.850133,5,tick,""
179160.850138,5,reduction,""
179160.850140,5,sched_state,running
179160.850518,5,tick,""
179160.850955,7,tick,""
179160.850961,7,reduction,""
179160.850970,7,sched_state,running
179160.851241,7,tick,""
179160.851246,7,reduction,""
179160.851249,7,sched_state,running
179160.851520,7,tick,""
179160.851526,7,reduction,""
179160.851527,7,sched_state,running
179160.851698,12,channel_blocked,1595
179160.851700,5,yield,""
179160.851704,5,sched_state,running
179160.851714,5,tick,""
179160.851721,5,queue_length,0
179160.851725,5,sched_state,waiting
179160.851729,5,tick,""
179160.851765,5,sched_state,waiting
179160.851770,5,tick,""
179160.851778,5,sched_state,waiting
179160.851782,5,tick,""
179160.851828,7,tick,""
179160.851832,7,reduction,""
179160.851835,7,sched_state,running
179160.852049,1,sched_state,running
179160.852271,7,tick,""
179160.852277,7,reduction,""
179160.852284,7,sched_state,running
179160.852442,1,tick,""
179160.852446,1,reduction,""
179160.852448,1,sched_state,running
179160.852654,7,tick,""
179160.852660,7,reduction,""
179160.852662,7,sched_state,running
179160.852992,1,tick,""
179160.852998,1,reduction,""
179160.853001,1,sched_state,running
179160.853088,7,tick,""
179160.853118,7,reduction,""
179160.853121,7,sched_state,running
179160.853285,1,tick,""
179160.853289,1,reduction,""
179160.853291,1,sched_state,running
179160.853400,7,tick,""
179160.853406,7,reduction,""
179160.853408,7,sched_state,running
179160.853687,1,tick,""
179160.853692,1,reduction,""
179160.853694,1,sched_state,running
179160.853839,7,tick,""
179160.853860,7,reduction,""
179160.853863,7,sched_state,running
179160.854022,4,sched_state,waiting
179160.854114,1,tick,""
179160.854120,1,reduction,""
179160.854130,4,tick,""
179160.854131,1,sched_state,running
179160.854136,4,sched_state,waiting
179160.854180,4,tick,""
179160.854192,7,tick,""
179160.854213,7,reduction,""
179160.854216,7,sched_state,running
179160.854430,1,tick,""
179160.854551,1,reduction,""
179160.854554,1,sched_state,running
179160.854648,7,tick,""
179160.854654,7,reduction,""
179160.854656,7,sched_state,running
179160.854848,1,tick,""
179160.854854,1,reduction,""
179160.854856,1,sched_state,running
179160.854929,7,tick,""
179160.855064,7,reduction,""
179160.855068,7,sched_state,running
179160.855142,1,tick,""
179160.855216,1,reduction,""
179160.855218,1,sched_state,running
179160.855465,7,tick,""
179160.855478,7,reduction,""
179160.855480,7,sched_state,running
179160.855501,1,tick,""
179160.855506,1,reduction,""
179160.855507,1,sched_state,running
179160.855754,7,tick,""
179160.855757,7,reduction,""
179160.855758,7,sched_state,running
179160.855834,1,tick,""
179160.855849,1,reduction,""
179160.855852,1,sched_state,running
179160.856010,0,sched_state,waiting
179160.856018,0,tick,""
179160.856023,7,tick,""
179160.856027,7,reduction,""
179160.856030,7,sched_state,running
179160.856045,0,sched_state,waiting
179160.856053,0,tick,""
179160.856309,1,tick,""
179160.856327,1,reduction,""
179160.856329,1,sched_state,running
179160.856457,7,tick,""
179160.856462,7,reduction,""
179160.856463,7,sched_state,running
179160.856756,7,tick,""
179160.856761,7,reduction,""
179160.856762,7,sched_state,running
179160.856775,1,tick,""
179160.856788,1,reduction,""
179160.856790,1,sched_state,running
179160.857024,7,tick,""
179160.857099,7,reduction,""
179160.857101,7,sched_state,running
179160.857236,1,tick,""
179160.857369,7,tick,""
179160.857377,7,reduction,""
179160.857378,7,sched_state,running
179160.857408,1,reduction,""
179160.857410,1,sched_state,running
179160.857698,1,tick,""
179160.857704,1,reduction,""
179160.857705,1,sched_state,running
179160.857801,7,tick,""
179160.857884,7,reduction,""
179160.857887,7,sched_state,running
179160.858098,1,tick,""
179160.858105,1,reduction,""
179160.858107,1,sched_state,running
179160.858153,7,tick,""
179160.858448,1,tick,""
179160.858454,1,reduction,""
179160.858455,1,sched_state,running
179160.858732,1,tick,""
179160.858737,1,reduction,""
179160.858738,1,sched_state,running
179160.859016,1,tick,""
179160.859016,3,sched_state,waiting
179160.859020,1,reduction,""
179160.859021,1,sched_state,running
179160.859026,3,tick,""
179160.859053,3,sched_state,waiting
179160.859059,3,tick,""
179160.859064,3,sched_state,waiting
179160.859068,3,tick,""
179160.859448,1,tick,""
179160.859455,1,reduction,""
179160.859457,1,sched_state,running
179160.859772,1,tick,""
179160.859778,1,reduction,""
179160.859780,1,sched_state,running
179160.860226,1,tick,""
179160.860541,7,queue_length,1
179160.861208,1,queue_length,0
179160.861402,7,sched_state,running
179160.861849,7,tick,""
179160.861858,7,reduction,""
179160.861861,7,sched_state,running
179160.861960,1,sched_state,running
179160.862017,5,sched_state,waiting
179160.862027,5,tick,""
179160.862062,5,sched_state,waiting
179160.862068,5,tick,""
179160.862188,7,tick,""
179160.862194,7,reduction,""
179160.862196,7,sched_state,running
179160.862403,1,tick,""
179160.862410,1,reduction,""
179160.862412,1,sched_state,running
179160.862593,7,tick,""
179160.862599,7,reduction,""
179160.862600,7,sched_state,running
179160.862854,1,tick,""
179160.862858,1,reduction,""
179160.862861,1,sched_state,running
179160.862865,7,tick,""
179160.862933,7,reduction,""
179160.862936,7,sched_state,running
179160.863308,1,tick,""
179160.863313,1,reduction,""
179160.863314,1,sched_state,running
179160.863359,7,tick,""
179160.863365,7,reduction,""
179160.863367,7,sched_state,running
179160.863624,1,tick,""
179160.863644,7,tick,""
179160.863650,7,spawn,""
179160.863651,7,reduction,""
179160.863652,7,sched_state,running
179160.864596,13,channel_blocked,1667
179160.864600,1,yield,""
179160.864610,1,sched_state,running
179160.864621,1,tick,""
179160.864626,1,queue_length,0
179160.864632,1,sched_state,waiting
179160.864635,1,tick,""
179160.864659,1,sched_state,waiting
179160.864664,1,tick,""
179160.864667,1,sched_state,waiting
179160.864671,1,tick,""
179160.864675,1,sched_state,waiting
179160.864679,1,tick,""
179160.864682,1,sched_state,waiting
179160.864686,1,tick,""
179160.864691,1,sched_state,waiting
179160.864695,1,tick,""
179160.864908,7,tick,""
179160.864914,7,reduction,""
179160.864916,7,sched_state,running
179160.865013,6,sched_state,waiting
179160.865014,4,sched_state,waiting
179160.865022,6,tick,""
179160.865024,4,tick,""
179160.865026,4,sched_state,waiting
179160.865029,4,tick,""
179160.865047,4,sched_state,waiting
179160.865047,6,sched_state,waiting
179160.865050,4,tick,""
179160.865050,2,sched_state,waiting
179160.865053,4,sched_state,waiting
179160.865053,6,tick,""
179160.865055,4,tick,""
179160.865182,2,tick,""
179160.865188,2,sched_state,waiting
179160.865199,2,tick,""
179160.865202,2,sched_state,waiting
179160.865206,2,tick,""
179160.865226,2,sched_state,waiting
179160.865236,2,tick,""
179160.865312,7,tick,""
179160.865322,7,reduction,""
179160.865324,7,sched_state,running
179160.865749,7,tick,""
179160.865754,7,reduction,""
179160.865756,7,sched_state,running
179160.866176,7,tick,""
179160.866182,7,reduction,""
179160.866184,7,sched_state,running
179160.866609,7,tick,""
179160.866615,7,reduction,""
179160.866617,7,sched_state,running
179160.867016,0,sched_state,waiting
179160.867024,0,tick,""
179160.867037,7,tick,""
179160.867042,0,sched_state,waiting
179160.867044,7,reduction,""
179160.867046,7,sched_state,running
179160.867047,0,tick,""
179160.867469,7,tick,""
179160.868130,7,queue_length,2
179160.868944,14,channel_blocked,1471
179160.868947,7,yield,""
179160.868950,7,sched_state,running
179160.868959,7,tick,""
179160.868966,7,queue_length,1
179160.870024,3,sched_state,waiting
179160.870040,3,tick,""
179160.870068,3,sched_state,waiting
179160.870074,3,tick,""
179160.871432,7,sched_state,running
179160.872029,7,tick,""
179160.872038,7,reduction,""
179160.872040,7,sched_state,running
179160.872776,7,tick,""
179160.872798,7,reduction,""
179160.872800,7,sched_state,running
179160.873012,5,sched_state,waiting
179160.873022,5,tick,""
179160.873049,5,sched_state,waiting
179160.873055,5,tick,""
179160.873061,5,sched_state,waiting
179160.873065,5,tick,""
179160.873153,7,tick,""
179160.873172,7,reduction,""
179160.873175,7,sched_state,running
179160.873657,7,tick,""
179160.873672,7,reduction,""
179160.873674,7,sched_state,running
179160.874143,7,tick,""
179160.874359,7,reduction,""
179160.874362,7,sched_state,running
179160.874800,7,tick,""
179160.874807,7,reduction,""
179160.874809,7,sched_state,running
179160.875009,1,sched_state,waiting
179160.875016,1,tick,""
179160.875036,1,sched_state,waiting
179160.875041,1,tick,""
179160.875114,7,tick,""
179160.875122,7,reduction,""
179160.875124,7,sched_state,running
179160.875567,7,tick,""
179160.875573,7,reduction,""
179160.875576,7,sched_state,running
179160.875857,7,tick,""
179160.875861,7,reduction,""
179160.875863,7,sched_state,running
179160.876018,4,sched_state,waiting
179160.876025,4,tick,""
179160.876027,4,sched_state,waiting
179160.876030,4,tick,""
179160.876032,4,sched_state,waiting
179160.876034,4,tick,""
179160.876035,4,sched_state,waiting
179160.876037,4,tick,""
179160.876061,4,sched_state,waiting
179160.876064,4,tick,""
179160.876195,7,tick,""
179160.876201,7,reduction,""
179160.876203,7,sched_state,running
179160.876617,7,tick,""
179160.876624,7,reduction,""
179160.876626,7,sched_state,running
179160.877075,7,tick,""
179160.877081,7,reduction,""
179160.877083,7,sched_state,running
179160.877362,7,tick,""
179160.877366,7,reduction,""
179160.877367,7,sched_state,running
179160.877644,7,tick,""
179160.877649,7,reduction,""
179160.877651,7,sched_state,running
179160.878008,0,sched_state,waiting
179160.878013,0,tick,""
179160.878033,0,sched_state,waiting
179160.878040,0,tick,""
179160.878045,0,sched_state,waiting
179160.878049,0,tick,""
179160.878097,7,tick,""
179160.878102,7,reduction,""
179160.878104,7,sched_state,running
179160.878553,7,tick,""
179160.881011,3,sched_state,waiting
179160.881020,3,tick,""
179160.881058,3,sched_state,waiting
179160.881062,3,tick,""
179160.884103,14,channel_unblocked,1773
179160.884132,7,yield,""
179160.884807,7,sched_state,running
179160.885380,7,tick,""
179160.885384,7,sched_state,running
179160.885389,7,tick,""
179160.886028,1,sched_state,waiting
179160.886038,1,tick,""
179160.886067,1,sched_state,waiting
179160.886071,1,tick,""
179160.886413,7,queue_length,2
179160.886419,7,queue_length,1
179160.887016,6,sched_state,waiting
179160.887016,2,sched_state,waiting
179160.887027,2,tick,""
179160.887027,6,tick,""
179160.887046,4,sched_state,waiting
179160.887054,4,tick,""
179160.887057,2,sched_state,waiting
179160.887062,6,sched_state,waiting
179160.887063,2,tick,""
179160.887066,6,tick,""
179160.887067,2,sched_state,waiting
179160.887070,6,sched_state,waiting
179160.887071,2,tick,""
179160.887075,6,tick,""
179160.887483,7,sched_state,running
179160.888017,7,tick,""
179160.888023,7,reduction,""
179160.888025,7,sched_state,running
179160.888785,7,tick,""
179160.888792,7,reduction,""
179160.888795,7,sched_state,running
179160.889015,0,sched_state,waiting
179160.889027,0,tick,""
179160.889055,0,sched_state,waiting
179160.889062,0,tick,""
179160.889234,7,tick,""
179160.889240,7,reduction,""
179160.889243,7,sched_state,running
179160.889692,7,tick,""
179160.889697,7,reduction,""
179160.889699,7,sched_state,running
179160.890154,7,tick,""
179160.890161,7,reduction,""
179160.890164,7,sched_state,running
179160.890619,7,tick,""
179160.890784,7,reduction,""
179160.890787,7,sched_state,running
179160.891239,7,tick,""
179160.891246,7,reduction,""
179160.891249,7,sched_state,running
179160.891724,7,tick,""
179160.891799,7,reduction,""
179160.891801,7,sched_state,running
179160.892016,3,sched_state,waiting
179160.892024,3,tick,""
179160.892053,3,sched_state,waiting
179160.892058,3,tick,""
179160.892172,7,tick,""
179160.892180,7,reduction,""
179160.892182,7,sched_state,running
179160.892662,7,tick,""
179160.892675,7,reduction,""
179160.892677,7,sched_state,running
179160.892986,7,tick,""
179160.892999,7,reduction,""
179160.893001,7,sched_state,running
179160.893307,7,tick,""
179160.893321,7,reduction,""
179160.893323,7,sched_state,running
179160.893800,7,tick,""
179160.893973,7,reduction,""
179160.893976,7,sched_state,running
179160.894292,7,tick,""
179160.894301,7,reduction,""
179160.894303,7,sched_state,running
179160.894778,7,tick,""
179160.894784,7,reduction,""
179160.894786,7,sched_state,running
179160.895011,5,sched_state,waiting
179160.895020,5,tick,""
179160.895025,5,sched_state,waiting
179160.895030,5,tick,""
179160.895034,5,sched_state,waiting
179160.895038,5,tick,""
179160.895132,7,tick,""
179160.895139,7,reduction,""
179160.895142,7,sched_state,running
179160.895588,7,tick,""
179160.895595,7,reduction,""
179160.895597,7,sched_state,running
179160.896074,7,tick,""
179160.896079,7,reduction,""
179160.896080,7,sched_state,running
179160.896386,7,tick,""
179160.896391,7,reduction,""
179160.896392,7,sched_state,running
179160.896694,7,tick,""
179160.896698,7,reduction,""
179160.896699,7,sched_state,running
179160.896999,7,tick,""
179160.897006,7,queue_length,0
179160.897014,1,sched_state,waiting
179160.897020,1,tick,""
179160.897023,1,sched_state,waiting
179160.897028,1,tick,""
179160.897052,1,sched_state,waiting
179160.897058,1,tick,""
179160.898016,4,sched_state,waiting
179160.898023,4,tick,""
179160.898043,4,sched_state,waiting
179160.898044,6,sched_state,waiting
179160.898046,4,tick,""
179160.898049,2,sched_state,waiting
179160.898054,2,tick,""
179160.898055,6,tick,""
179160.898083,6,sched_state,waiting
179160.898089,6,tick,""
179160.898095,6,sched_state,waiting
179160.898100,6,tick,""
179160.900016,0,sched_state,waiting
179160.900031,0,tick,""
179160.900059,0,sched_state,waiting
179160.900067,0,tick,""
179160.900810,7,queue_length,0
179160.901413,7,sched_state,running
179160.902079,7,tick,""
179160.902088,7,reduction,""
179160.902091,7,sched_state,running
179160.902536,7,tick,""
179160.902542,7,reduction,""
179160.902545,7,sched_state,running
179160.903012,3,sched_state,waiting
179160.903022,3,tick,""
179160.903053,3,sched_state,waiting
179160.903058,3,tick,""
179160.903373,7,tick,""
179160.903378,7,reduction,""
179160.903380,7,sched_state,running
179160.903684,7,tick,""
179160.904934,15,channel_blocked,2047
179160.904939,7,yield,""
179160.904941,7,sched_state,running
179160.904953,7,tick,""
179160.904959,7,queue_length,0
179160.904962,7,sched_state,waiting
179160.905017,7,tick,""
179160.905047,7,sched_state,waiting
179160.905056,7,tick,""
179160.905062,7,sched_state,waiting
179160.905069,7,tick,""
179160.905075,7,sched_state,waiting
179160.905079,7,tick,""
179160.905082,7,sched_state,waiting
179160.905086,7,tick,""
179160.906616,5,sched_state,waiting
179160.906633,5,tick,""
179160.906660,5,sched_state,waiting
179160.906664,5,tick,""
179160.908047,1,sched_state,waiting
179160.908936,1,tick,""
179160.908965,1,sched_state,waiting
179160.908981,1,tick,""
179160.909011,4,sched_state,waiting
179160.909474,4,tick,""
179160.909503,4,sched_state,waiting
179160.909538,4,tick,""
179160.909623,6,sched_state,waiting
179160.909654,2,sched_state,running
179160.909661,6,tick,""
179160.909684,6,sched_state,waiting
179160.909690,6,tick,""
179160.909695,6,sched_state,waiting
179160.909700,6,tick,""
179160.910205,2,tick,""
179160.910214,2,reduction,""
179160.910217,2,sched_state,running
179160.910844,2,tick,""
179160.910855,2,reduction,""
179160.910858,2,sched_state,running
179160.911177,2,tick,""
179160.911394,0,sched_state,waiting
179160.911668,0,tick,""
179160.914740,3,sched_state,waiting
179160.914781,3,tick,""
179160.914788,3,sched_state,waiting
179160.914799,3,tick,""
179160.916017,7,sched_state,waiting
179160.916028,7,tick,""
179160.916032,7,sched_state,waiting
179160.916036,7,tick,""
179160.916071,7,sched_state,waiting
179160.916076,7,tick,""
179160.916080,7,sched_state,waiting
179160.916083,7,tick,""
179160.916728,15,channel_unblocked,1471
179160.916740,2,yield,""
179160.917014,5,sched_state,waiting
179160.917023,5,tick,""
179160.917044,5,sched_state,waiting
179160.917050,5,tick,""
179160.918016,2,sched_state,running
179160.918738,2,tick,""
179160.918754,2,reduction,""
179160.918757,2,sched_state,running
179160.919011,1,sched_state,waiting
179160.919020,1,tick,""
179160.919041,1,sched_state,waiting
179160.919047,1,tick,""
179160.919546,2,tick,""
179160.919552,2,reduction,""
179160.919555,2,sched_state,running
179160.920014,6,sched_state,waiting
179160.920024,6,tick,""
179160.920037,2,tick,""
179160.920050,6,sched_state,waiting
179160.920055,6,tick,""
179160.920060,6,sched_state,waiting
179160.920064,6,tick,""
179160.921450,2,queue_length,1
179160.922763,0,sched_state,waiting
179160.922780,0,tick,""
179160.922847,0,sched_state,waiting
179160.922862,0,tick,""
179160.922870,0,sched_state,waiting
179160.922877,0,tick,""
179160.925448,3,sched_state,waiting
179160.925462,3,tick,""
179160.925501,11,channel_unblocked,1471
179160.925511,3,sched_state,waiting
179160.925517,2,yield,""
179160.925521,3,tick,""
179160.925532,3,sched_state,waiting
179160.925540,3,tick,""
179160.926472,2,sched_state,running
179160.926925,2,tick,""
179160.926930,2,sched_state,running
179160.926936,2,tick,""
179160.927011,7,sched_state,waiting
179160.927019,7,tick,""
179160.927156,7,sched_state,waiting
179160.927163,7,tick,""
179160.928019,5,sched_state,waiting
179160.928030,5,tick,""
179160.928085,5,sched_state,waiting
179160.928090,5,tick,""
179160.928094,5,sched_state,waiting
179160.928099,5,tick,""
179160.928105,5,sched_state,waiting
179160.928128,5,tick,""
179160.928702,2,queue_length,2
179160.928707,2,queue_length,1
179160.929927,2,sched_state,running
179160.930016,1,sched_state,waiting
179160.930027,1,tick,""
179160.930032,1,sched_state,waiting
179160.930037,1,tick,""
179160.930040,1,sched_state,waiting
179160.930045,1,tick,""
179160.930063,1,sched_state,waiting
179160.930067,1,tick,""
179160.930071,1,sched_state,waiting
179160.930074,1,tick,""
179160.930821,2,tick,""
179160.930826,2,sched_state,running
179160.930848,2,tick,""
179160.930858,2,queue_length,0
179160.931011,6,sched_state,waiting
179160.931018,6,tick,""
179160.931044,6,sched_state,waiting
179160.931049,6,tick,""
179160.932043,2,sched_state,running
179160.932402,2,tick,""
179160.932408,2,reduction,""
179160.932410,2,sched_state,running
179160.932933,2,tick,""
179160.932940,2,reduction,""
179160.932942,2,sched_state,running
179160.933011,0,sched_state,waiting
179160.933020,0,tick,""
179160.933044,0,sched_state,waiting
179160.933050,0,tick,""
179160.933275,2,tick,""
179160.936014,3,sched_state,waiting
179160.936021,3,tick,""
179160.936053,3,sched_state,waiting
179160.936058,3,tick,""
179160.938013,7,sched_state,waiting
179160.938030,7,tick,""
179160.938060,7,sched_state,waiting
179160.938067,7,tick,""
179160.938072,7,sched_state,waiting
179160.938077,7,tick,""
179160.938080,7,sched_state,waiting
179160.938085,7,tick,""
179160.939009,5,sched_state,waiting
179160.939017,5,tick,""
179160.939037,5,sched_state,waiting
179160.939041,5,tick,""
179160.939774,13,channel_unblocked,1183
179160.939783,2,yield,""
179160.940673,2,sched_state,running
179160.941018,1,sched_state,waiting
179160.941029,1,tick,""
179160.941045,1,sched_state,waiting
179160.941051,1,tick,""
179160.941054,1,sched_state,waiting
179160.941058,1,tick,""
179160.941079,1,sched_state,waiting
179160.941084,1,tick,""
179160.941088,1,sched_state,waiting
179160.941093,1,tick,""
179160.941313,2,tick,""
179160.941325,2,reduction,""
179160.941327,2,sched_state,running
179160.941739,2,tick,""
179160.941744,2,reduction,""
179160.941746,2,sched_state,running
179160.942013,6,sched_state,waiting
179160.942021,6,tick,""
179160.942046,4,sched_state,waiting
179160.942049,6,sched_state,waiting
179160.942056,4,tick,""
179160.942056,6,tick,""
179160.942158,2,tick,""
179160.943114,2,queue_length,1
179160.944021,0,sched_state,waiting
179160.944041,0,tick,""
179160.944050,0,sched_state,waiting
179160.944059,0,tick,""
179160.944064,0,sched_state,waiting
179160.944074,0,tick,""
179160.944139,0,sched_state,waiting
179160.944152,0,tick,""
179160.947572,3,sched_state,waiting
179160.947574,9,channel_unblocked,1183
179160.947582,2,yield,""
179160.947584,3,tick,""
179160.947606,3,sched_state,waiting
179160.947610,3,tick,""
179160.948243,2,sched_state,running
179160.948814,2,tick,""
179160.948818,2,sched_state,running
179160.948824,2,tick,""
179160.949045,7,sched_state,waiting
179160.949053,7,tick,""
179160.949073,7,sched_state,waiting
179160.949079,7,tick,""
179160.949082,7,sched_state,waiting
179160.949086,7,tick,""
179160.949704,2,queue_length,2
179160.949709,2,queue_length,1
179160.950010,5,sched_state,waiting
179160.950021,5,tick,""
179160.950041,5,sched_state,waiting
179160.950045,5,tick,""
179160.950049,5,sched_state,waiting
179160.950053,5,tick,""
179160.950958,2,sched_state,running
179160.951283,2,tick,""
179160.951287,2,sched_state,running
179160.951454,2,tick,""
179160.951464,2,queue_length,0
179160.952012,1,sched_state,waiting
179160.952023,1,tick,""
179160.952048,1,sched_state,waiting
179160.952055,1,tick,""
179160.952534,2,sched_state,running
179160.952993,2,tick,""
179160.953001,2,reduction,""
179160.953004,2,sched_state,running
179160.953016,6,sched_state,waiting
179160.953023,6,tick,""
179160.953045,6,sched_state,waiting
179160.953050,6,tick,""
179160.953049,4,sched_state,waiting
179160.953060,4,tick,""
179160.953067,4,sched_state,waiting
179160.953085,4,tick,""
179160.953689,2,tick,""
179160.953695,2,reduction,""
179160.953697,2,sched_state,running
179160.953956,2,tick,""
179160.955019,0,sched_state,waiting
179160.955032,0,tick,""
179160.955036,0,sched_state,waiting
179160.955041,0,tick,""
179160.955066,0,sched_state,waiting
179160.955072,0,tick,""
179160.958028,3,sched_state,waiting
179160.958035,3,tick,""
179160.958069,3,sched_state,waiting
179160.958074,3,tick,""
179160.958086,3,sched_state,waiting
179160.958090,3,tick,""
179160.958379,12,channel_unblocked,1046
179160.958385,2,yield,""
179160.959220,2,sched_state,running
179160.959878,2,tick,""
179160.959892,2,reduction,""
179160.959896,2,sched_state,running
179160.960011,7,sched_state,waiting
179160.960018,7,tick,""
179160.960034,7,sched_state,waiting
179160.960038,7,tick,""
179160.960042,7,sched_state,waiting
179160.960047,7,tick,""
179160.960284,2,tick,""
179160.960290,2,reduction,""
179160.960293,2,sched_state,running
179160.960664,2,tick,""
179160.961010,5,sched_state,waiting
179160.961016,5,tick,""
179160.961032,5,sched_state,waiting
179160.961036,5,tick,""
179160.961718,2,queue_length,1
179160.963016,1,sched_state,waiting
179160.963026,1,tick,""
179160.963047,1,sched_state,waiting
179160.963052,1,tick,""
179160.964013,6,sched_state,waiting
179160.964024,6,tick,""
179160.964123,6,sched_state,waiting
179160.964130,6,tick,""
179160.965983,8,channel_unblocked,1046
179160.965989,2,yield,""
179160.966012,0,sched_state,waiting
179160.966021,0,tick,""
179160.966025,0,sched_state,waiting
179160.966031,0,tick,""
179160.966033,0,sched_state,waiting
179160.966037,0,tick,""
179160.966076,0,sched_state,waiting
179160.966082,0,tick,""
179160.966754,2,sched_state,running
179160.967271,2,tick,""
179160.967277,2,sched_state,running
179160.967338,2,tick,""
179160.967346,2,queue_length,2
179160.967350,2,queue_length,1
179160.968959,2,sched_state,running
179160.969013,3,sched_state,waiting
179160.969024,3,tick,""
179160.969027,3,sched_state,waiting
179160.969032,3,tick,""
179160.969054,3,sched_state,waiting
179160.969058,3,tick,""
179160.969063,3,sched_state,waiting
179160.969067,3,tick,""
179160.969375,2,tick,""
179160.969380,2,sched_state,running
179160.969500,2,tick,""
179160.969508,2,queue_length,0
179160.970513,2,sched_state,running
179160.970924,2,tick,""
179160.970931,2,reduction,""
179160.970934,2,sched_state,running
179160.971010,7,sched_state,waiting
179160.971016,7,tick,""
179160.971031,7,sched_state,waiting
179160.971034,7,tick,""
179160.971500,2,tick,""
179160.971510,2,reduction,""
179160.971514,2,sched_state,running
179160.971883,2,tick,""
179160.972013,5,sched_state,waiting
179160.972020,5,tick,""
179160.972040,5,sched_state,waiting
179160.972046,5,tick,""
179160.975068,6,sched_state,waiting
179160.975085,6,tick,""
179160.975098,6,sched_state,waiting
179160.975108,6,tick,""
179160.975114,6,sched_state,waiting
179160.975122,6,tick,""
179160.975172,6,sched_state,waiting
179160.975176,6,tick,""
179160.977419,10,channel_unblocked,707
179160.977426,2,yield,""
179160.977485,0,sched_state,waiting
179160.977495,0,tick,""
179160.977497,0,sched_state,waiting
179160.977502,0,tick,""
179160.977521,0,sched_state,waiting
179160.977526,0,tick,""
179160.978092,2,sched_state,running
179160.978597,2,tick,""
179160.978613,2,reduction,""
179160.978616,2,sched_state,running
179160.978864,2,tick,""
179160.978869,2,reduction,""
179160.978871,2,sched_state,running
179160.979116,2,tick,""
179160.979818,2,queue_length,1
179160.982015,7,sched_state,waiting
179160.982024,7,tick,""
179160.982203,7,sched_state,waiting
179160.982208,7,tick,""
179160.983010,5,sched_state,waiting
179160.983018,5,tick,""
179160.983036,5,sched_state,waiting
179160.983039,5,tick,""
179160.983042,5,sched_state,waiting
179160.983044,5,tick,""
179160.983563,5,channel_unblocked,707
179160.983571,2,yield,""
179160.984263,2,sched_state,running
179160.984767,2,tick,""
179160.984773,2,sched_state,running
179160.984779,2,tick,""
179160.984787,2,queue_length,2
179160.984790,2,queue_length,1
179160.986018,6,sched_state,waiting
179160.986027,6,tick,""
179160.986047,4,sched_state,waiting
179160.986056,4,tick,""
179160.986401,2,sched_state,running
179160.986793,2,tick,""
179160.986798,2,sched_state,running
179160.986822,2,tick,""
179160.986830,2,queue_length,0
179160.987813,2,sched_state,running
179160.988010,0,sched_state,waiting
179160.988019,0,tick,""
179160.988039,0,sched_state,waiting
179160.988046,0,tick,""
179160.988391,2,tick,""
179160.988398,2,reduction,""
179160.988401,2,sched_state,running
179160.989008,2,tick,""
179160.989015,2,reduction,""
179160.989018,2,sched_state,running
179160.989330,2,tick,""
179160.993010,7,sched_state,waiting
179160.993021,7,tick,""
179160.993065,7,sched_state,waiting
179160.993070,7,tick,""
179160.993847,7,channel_unblocked,512
179160.993854,2,yield,""
179160.994009,5,sched_state,waiting
179160.994016,5,tick,""
179160.994034,5,sched_state,waiting
179160.994039,5,tick,""
179160.994684,2,sched_state,running
179160.995130,2,tick,""
179160.995142,2,reduction,""
179160.995145,2,sched_state,running
179160.995658,2,tick,""
179160.995663,2,reduction,""
179160.995665,2,sched_state,running
179160.995882,2,tick,""
179160.997021,6,sched_state,waiting
179160.997032,6,tick,""
179160.998016,1,sched_state,waiting
179160.998027,1,tick,""
179160.998233,2,queue_length,1
179160.999019,0,sched_state,waiting
179160.999038,0,tick,""
179160.999081,0,sched_state,waiting
179160.999092,0,tick,""
179161.000315,3,channel_unblocked,512
179161.000323,2,yield,""
179161.000811,2,sched_state,running
179161.001239,2,tick,""
179161.001243,2,sched_state,running
179161.001281,2,tick,""
179161.001293,2,queue_length,2
179161.001297,2,queue_length,1
179161.002424,2,sched_state,running
179161.002856,2,tick,""
179161.002861,2,sched_state,running
179161.002906,2,tick,""
179161.002915,2,queue_length,0
179161.003581,2,sched_state,running
179161.003904,2,tick,""
179161.003911,2,reduction,""
179161.003913,2,sched_state,running
179161.004015,7,sched_state,waiting
179161.004024,7,tick,""
179161.004026,7,sched_state,waiting
179161.004030,7,tick,""
179161.004052,7,sched_state,waiting
179161.004057,7,tick,""
179161.004451,2,tick,""
179161.004459,2,reduction,""
179161.004461,2,sched_state,running
179161.004766,2,tick,""
179161.005010,5,sched_state,waiting
179161.005015,5,tick,""
179161.005038,5,sched_state,waiting
179161.005042,5,tick,""
179161.008023,6,sched_state,waiting
179161.008032,6,tick,""
179161.008290,6,channel_unblocked,311
179161.008298,2,yield,""
179161.008962,2,sched_state,running
179161.009457,2,tick,""
179161.009467,2,reduction,""
179161.009469,2,sched_state,running
179161.009681,2,tick,""
179161.009685,2,reduction,""
179161.009688,2,sched_state,running
179161.009984,2,tick,""
179161.010566,2,queue_length,1
179161.012698,2,channel_unblocked,311
179161.012706,2,yield,""
179161.013136,2,sched_state,running
179161.013562,2,tick,""
179161.013569,2,sched_state,running
179161.013623,2,tick,""
179161.013632,2,queue_length,2
179161.013636,2,queue_length,1
179161.014560,2,sched_state,running
179161.014878,2,tick,""
179161.014882,2,sched_state,running
179161.014978,2,tick,""
179161.014986,2,queue_length,0
179161.015168,7,sched_state,waiting
179161.015175,7,tick,""
179161.015218,7,sched_state,waiting
179161.015223,7,tick,""
179161.015576,2,sched_state,running
179161.015847,2,tick,""
179161.015853,2,reduction,""
179161.015855,2,sched_state,running
179161.016143,2,tick,""
179161.016149,2,reduction,""
179161.016150,2,sched_state,running
179161.016322,2,tick,""
179161.019448,4,channel_unblocked,159
179161.019456,2,yield,""
179161.019888,2,sched_state,running
179161.020228,2,tick,""
179161.020237,2,reduction,""
179161.020239,2,sched_state,running
179161.020422,2,tick,""
179161.020426,2,reduction,""
179161.020427,2,sched_state,running
179161.020598,2,tick,""
179161.021024,2,queue_length,1
179161.023072,0,channel_unblocked,159
179161.023078,2,yield,""
179161.023346,2,sched_state,running
179161.023684,2,tick,""
179161.023688,2,sched_state,running
179161.023694,2,tick,""
179161.024023,3,sched_state,waiting
179161.024031,3,tick,""
179161.024381,2,queue_length,2
179161.024388,2,queue_length,1
179161.025018,2,sched_state,running
179161.025206,2,tick,""
179161.025209,2,sched_state,running
179161.025362,2,tick,""
179161.025369,2,queue_length,0
179161.025736,2,sched_state,running
179161.025896,2,tick,""
179161.025900,2,reduction,""
179161.025902,2,sched_state,running
179161.026010,7,sched_state,waiting
179161.026017,7,tick,""
179161.026044,7,sched_state,waiting
179161.026057,7,tick,""
179161.026181,2,tick,""
179161.026188,2,reduction,""
179161.026190,2,sched_state,running
179161.026409,2,tick,""
179161.029096,1,channel_unblocked,87
179161.029110,2,yield,""
179161.029595,2,sched_state,running
179161.029871,2,tick,""
179161.029879,2,reduction,""
179161.029881,2,sched_state,running
179161.030051,4,sched_state,waiting
179161.030059,4,tick,""
179161.030207,2,tick,""
179161.030214,2,sched_state,stop
