timestamp,lpu,event,value
179159.760801,5,sched_state,startup
179159.760804,1,sched_state,startup
179159.760811,7,sched_state,startup
179159.760816,3,sched_state,startup
179159.760833,4,sched_state,startup
179159.760929,0,sched_state,startup
179159.760960,6,sched_state,startup
179159.760989,4,tick,""
179159.760999,4,queue_length,0
179159.761003,4,sched_state,waiting
179159.761014,4,tick,""
179159.761016,1,tick,""
179159.761019,5,tick,""
179159.761026,1,queue_length,0
179159.761029,5,queue_length,0
179159.761031,1,sched_state,waiting
179159.761033,5,sched_state,waiting
179159.761033,7,tick,""
179159.761033,3,tick,""
179159.761042,7,queue_length,0
179159.761043,1,tick,""
179159.761043,5,tick,""
179159.761044,3,queue_length,0
179159.761045,4,sched_state,waiting
179159.761048,3,sched_state,waiting
179159.761048,7,sched_state,waiting
179159.761052,4,tick,""
179159.761063,7,tick,""
179159.761063,3,tick,""
179159.761082,5,sched_state,waiting
179159.761090,5,tick,""
179159.761098,7,sched_state,waiting
179159.761099,3,sched_state,waiting
179159.761100,2,sched_state,startup
179159.761102,1,sched_state,waiting
179159.761105,7,tick,""
179159.761107,3,tick,""
179159.761110,7,sched_state,waiting
179159.761110,3,sched_state,waiting
179159.761111,1,tick,""
179159.761113,3,tick,""
179159.761114,7,tick,""
179159.761115,1,sched_state,waiting
179159.761117,3,sched_state,waiting
179159.761119,1,tick,""
179159.761120,3,tick,""
179159.761126,6,tick,""
179159.761135,6,queue_length,0
179159.761140,6,sched_state,waiting
179159.761153,6,tick,""
179159.761178,6,sched_state,waiting
179159.761183,6,tick,""
179159.761251,0,tick,""
179159.761253,2,tick,""
179159.761260,2,queue_length,0
179159.761264,2,sched_state,waiting
179159.761274,2,tick,""
179159.761308,2,sched_state,waiting
179159.761314,2,tick,""
179159.761322,0,queue_length,1
179159.761325,0,queue_length,0
179159.761589,0,sched_state,running
179159.761748,0,tick,""
179159.761758,0,reduction,""
179159.761759,0,sched_state,running
179159.761861,0,tick,""
179159.761865,0,reduction,""
179159.761866,0,sched_state,running
179159.762088,0,tick,""
179159.762092,0,reduction,""
179159.762094,0,sched_state,running
179159.762188,0,tick,""
179159.762191,0,reduction,""
179159.762193,0,sched_state,running
179159.762288,0,tick,""
179159.762291,0,reduction,""
179159.762293,0,sched_state,running
179159.762383,0,tick,""
179159.762386,0,reduction,""
179159.762389,0,sched_state,running
179159.762481,0,tick,""
179159.762485,0,reduction,""
179159.762487,0,sched_state,running
179159.762577,0,tick,""
179159.762580,0,reduction,""
179159.762582,0,sched_state,running
179159.762667,0,tick,""
179159.762684,0,reduction,""
179159.762692,0,sched_state,running
179159.762923,0,tick,""
179159.762935,0,reduction,""
179159.762939,0,sched_state,running
179159.763169,0,tick,""
179159.763181,0,reduction,""
179159.763185,0,sched_state,running
179159.763412,0,tick,""
179159.763426,0,reduction,""
179159.763431,0,sched_state,running
179159.763661,0,tick,""
179159.763671,0,reduction,""
179159.763676,0,sched_state,running
179159.763908,0,tick,""
179159.763918,0,reduction,""
179159.763922,0,sched_state,running
179159.764192,0,tick,""
179159.764207,0,reduction,""
179159.764212,0,sched_state,running
179159.764357,0,tick,""
179159.764470,0,reduction,""
179159.764472,0,sched_state,running
179159.764534,0,tick,""
179159.764547,0,reduction,""
179159.764548,0,sched_state,running
179159.764655,0,tick,""
179159.764658,0,reduction,""
179159.764660,0,sched_state,running
179159.764745,0,tick,""
179159.764758,0,reduction,""
179159.764761,0,sched_state,running
179159.764850,0,tick,""
179159.765545,0,reduction,""
179159.765548,0,sched_state,running
179159.765648,0,tick,""
179159.766135,0,queue_length,0
179159.766765,0,sched_state,running
179159.767000,0,tick,""
179159.767014,0,reduction,""
179159.767015,0,sched_state,running
179159.767222,0,tick,""
179159.767229,0,spawn,""
179159.767231,0,reduction,""
179159.767233,0,sched_state,running
179159.767758,0,tick,""
179159.767758,0,queue_length,1
179159.767762,0,reduction,""
179159.767764,0,sched_state,running
179159.767879,0,tick,""
179159.767882,0,reduction,""
179159.767884,0,sched_state,running
179159.767995,0,tick,""
179159.767999,0,reduction,""
179159.768001,0,sched_state,running
179159.768176,0,tick,""
179159.768180,0,reduction,""
179159.768182,0,sched_state,running
179159.768347,0,tick,""
179159.768352,0,reduction,""
179159.768353,0,sched_state,running
179159.768500,0,tick,""
179159.768551,0,reduction,""
179159.768553,0,sched_state,running
179159.768717,0,tick,""
179159.768721,0,reduction,""
179159.768723,0,sched_state,running
179159.768881,0,tick,""
179159.768885,0,spawn,""
179159.768887,0,reduction,""
179159.768889,0,sched_state,running
179159.769332,0,tick,""
179159.769335,0,reduction,""
179159.769336,0,sched_state,running
179159.769449,0,tick,""
179159.769455,0,reduction,""
179159.769456,0,sched_state,running
179159.769563,0,tick,""
179159.769567,0,reduction,""
179159.769568,0,sched_state,running
179159.769673,0,tick,""
179159.769676,0,reduction,""
179159.769677,0,sched_state,running
179159.769746,0,queue_length,2
179159.769785,0,tick,""
179159.769791,0,reduction,""
179159.769792,0,sched_state,running
179159.769896,0,tick,""
179159.769900,0,reduction,""
179159.769901,0,sched_state,running
179159.770005,0,tick,""
179159.770492,0,channel_blocked,87
179159.770494,0,yield,""
179159.770496,0,sched_state,running
179159.770501,0,tick,""
179159.770506,0,queue_length,1
179159.770840,0,sched_state,running
179159.770970,0,tick,""
179159.770973,0,reduction,""
179159.770975,0,sched_state,running
179159.771188,0,tick,""
179159.771192,0,reduction,""
179159.771193,0,sched_state,running
179159.771303,0,tick,""
179159.771307,0,reduction,""
179159.771308,0,sched_state,running
179159.771417,0,tick,""
179159.771420,0,reduction,""
179159.771422,0,sched_state,running
179159.771529,0,tick,""
179159.771533,0,reduction,""
179159.771535,0,sched_state,running
179159.771643,0,tick,""
179159.771646,0,reduction,""
179159.771647,0,sched_state,running
179159.771754,0,tick,""
179159.771766,0,reduction,""
179159.771767,0,sched_state,running
179159.771878,0,tick,""
179159.771882,0,reduction,""
179159.771883,0,sched_state,running
179159.771992,0,tick,""
179159.772009,0,reduction,""
179159.772011,0,sched_state,running
179159.772124,0,tick,""
179159.772138,0,reduction,""
179159.772140,0,sched_state,running
179159.772247,0,tick,""
179159.772251,0,reduction,""
179159.772252,0,sched_state,running
179159.772360,0,tick,""
179159.772471,0,reduction,""
179159.772473,0,sched_state,running
179159.772583,0,tick,""
179159.772596,0,reduction,""
179159.772598,0,sched_state,running
179159.772705,0,tick,""
179159.772708,0,reduction,""
179159.772709,0,sched_state,running
179159.772815,0,tick,""
179159.772825,0,reduction,""
179159.772826,0,sched_state,running
179159.772932,0,tick,""
179159.772970,0,reduction,""
179159.772972,0,sched_state,running
179159.773010,4,sched_state,waiting
179159.773017,4,tick,""
179159.773040,4,sched_state,waiting
179159.773045,4,tick,""
179159.773111,0,tick,""
179159.773122,0,reduction,""
179159.773124,0,sched_state,running
179159.773232,0,tick,""
179159.773236,0,spawn,""
179159.773238,0,reduction,""
179159.773239,0,sched_state,running
179159.773685,0,tick,""
179159.773689,0,reduction,""
179159.773689,0,queue_length,2
179159.773691,0,sched_state,running
179159.773806,0,tick,""
179159.773810,0,reduction,""
179159.773811,0,sched_state,running
179159.773923,0,tick,""
179159.775016,7,sched_state,waiting
179159.775025,2,sched_state,waiting
179159.775026,7,tick,""
179159.775022,5,sched_state,waiting
179159.775032,2,tick,""
179159.775037,5,tick,""
179159.775042,5,sched_state,waiting
179159.775049,5,tick,""
179159.775055,3,sched_state,waiting
179159.775059,7,sched_state,waiting
179159.775063,3,tick,""
179159.775065,7,tick,""
179159.775070,7,sched_state,waiting
179159.775073,5,sched_state,waiting
179159.775074,7,tick,""
179159.775078,7,sched_state,waiting
179159.775079,5,tick,""
179159.775081,7,tick,""
179159.775110,0,queue_length,2
179159.775115,1,sched_state,waiting
179159.775125,1,tick,""
179159.775127,3,sched_state,waiting
179159.775136,3,tick,""
179159.775147,1,sched_state,waiting
179159.775153,1,tick,""
179159.776005,0,sched_state,running
179159.776468,0,tick,""
179159.776473,0,reduction,""
179159.776475,0,sched_state,running
179159.776670,0,tick,""
179159.776682,0,reduction,""
179159.776685,0,sched_state,running
179159.777011,0,tick,""
179159.777016,0,reduction,""
179159.777019,0,sched_state,running
179159.777218,0,tick,""
179159.777223,0,reduction,""
179159.777224,0,sched_state,running
179159.777429,0,tick,""
179159.777435,0,reduction,""
179159.777436,0,sched_state,running
179159.777639,0,tick,""
179159.777785,0,reduction,""
179159.777790,0,sched_state,running
179159.777994,0,tick,""
179159.778003,0,reduction,""
179159.778004,0,sched_state,running
179159.778204,0,tick,""
179159.778313,0,reduction,""
179159.778317,0,sched_state,running
179159.778515,0,tick,""
179159.778522,0,reduction,""
179159.778524,0,sched_state,running
179159.778722,0,tick,""
179159.778737,0,reduction,""
179159.778739,0,sched_state,running
179159.778947,0,tick,""
179159.778973,0,reduction,""
179159.778975,0,sched_state,running
179159.779175,0,tick,""
179159.779188,0,reduction,""
179159.779190,0,sched_state,running
179159.779386,0,tick,""
179159.779696,0,reduction,""
179159.779699,0,sched_state,running
179159.779899,0,tick,""
179159.779912,0,reduction,""
179159.779915,0,sched_state,running
179159.780117,0,tick,""
179159.780127,0,reduction,""
179159.780128,0,sched_state,running
179159.780326,0,tick,""
179159.780337,0,reduction,""
179159.780338,0,sched_state,running
179159.780531,0,tick,""
179159.780542,0,reduction,""
179159.780545,0,sched_state,running
179159.780740,0,tick,""
179159.780749,0,reduction,""
179159.780750,0,sched_state,running
179159.780945,0,tick,""
179159.780954,0,reduction,""
179159.780955,0,sched_state,running
179159.781146,0,tick,""
179159.781155,0,reduction,""
179159.781157,0,sched_state,running
179159.781350,0,tick,""
179159.781358,0,queue_length,1
179159.782704,0,queue_length,1
179159.783673,0,sched_state,running
179159.784041,0,tick,""
179159.784043,4,sched_state,waiting
179159.784048,0,reduction,""
179159.784051,0,sched_state,running
179159.784258,0,tick,""
179159.784264,0,reduction,""
179159.784266,0,sched_state,running
179159.784321,4,tick,""
179159.784353,4,sched_state,waiting
179159.784358,4,tick,""
179159.784362,4,sched_state,waiting
179159.784365,4,tick,""
179159.784456,0,tick,""
179159.784462,0,reduction,""
179159.784464,0,sched_state,running
179159.784647,0,tick,""
179159.784719,0,reduction,""
179159.784721,0,sched_state,running
179159.784904,0,tick,""
179159.784910,0,reduction,""
179159.784913,0,sched_state,running
179159.785099,0,tick,""
179159.785105,0,spawn,""
179159.785107,0,reduction,""
179159.785109,0,sched_state,running
179159.785911,0,tick,""
179159.785917,0,reduction,""
179159.785919,0,sched_state,running
179159.786075,2,sched_state,waiting
179159.786259,2,tick,""
179159.786406,3,sched_state,running
179159.786467,1,sched_state,waiting
179159.786473,0,tick,""
179159.786484,0,reduction,""
179159.786486,0,sched_state,running
179159.786531,2,sched_state,waiting
179159.786538,2,tick,""
179159.786671,1,tick,""
179159.786697,1,sched_state,waiting
179159.786703,1,tick,""
179159.786706,6,sched_state,waiting
179159.787019,3,tick,""
179159.787028,3,reduction,""
179159.787031,3,sched_state,running
179159.787063,0,tick,""
179159.787069,0,reduction,""
179159.787071,0,sched_state,running
179159.787132,6,tick,""
179159.787138,6,sched_state,waiting
179159.787209,6,tick,""
179159.787215,6,sched_state,waiting
179159.787219,6,tick,""
179159.787221,6,sched_state,waiting
179159.787226,6,tick,""
179159.787248,6,sched_state,waiting
179159.787252,6,tick,""
179159.787467,3,tick,""
179159.787474,3,reduction,""
179159.787476,3,sched_state,running
179159.787494,0,tick,""
179159.787500,0,reduction,""
179159.787502,0,sched_state,running
179159.787636,0,queue_length,2
179159.787678,3,tick,""
179159.787683,3,reduction,""
179159.787686,3,sched_state,running
179159.787706,0,tick,""
179159.787710,0,reduction,""
179159.787712,0,sched_state,running
179159.787888,3,tick,""
179159.787893,3,reduction,""
179159.787895,3,sched_state,running
179159.787913,0,tick,""
179159.787918,0,reduction,""
179159.787921,0,sched_state,running
179159.788097,3,tick,""
179159.788102,3,reduction,""
179159.788104,3,sched_state,running
179159.788145,0,tick,""
179159.788324,3,tick,""
179159.788330,3,reduction,""
179159.788332,3,sched_state,running
179159.788533,3,tick,""
179159.788557,3,reduction,""
179159.788559,3,sched_state,running
179159.788764,3,tick,""
179159.788770,3,reduction,""
179159.788772,3,sched_state,running
179159.788975,3,tick,""
179159.788997,3,reduction,""
179159.788999,3,sched_state,running
179159.789002,2,channel_blocked,146
179159.789005,0,yield,""
179159.789006,0,sched_state,running
179159.789019,0,tick,""
179159.789026,0,queue_length,1
179159.789198,3,tick,""
179159.789219,3,reduction,""
179159.789221,3,sched_state,running
179159.789437,3,tick,""
179159.789443,3,reduction,""
179159.789444,3,sched_state,running
179159.789653,3,tick,""
179159.789671,0,sched_state,running
179159.789864,3,reduction,""
179159.789867,3,sched_state,running
179159.789973,0,tick,""
179159.789982,0,reduction,""
179159.789985,0,sched_state,running
179159.790076,3,tick,""
179159.790095,3,reduction,""
179159.790097,3,sched_state,running
179159.790239,3,tick,""
179159.790242,3,reduction,""
179159.790243,3,sched_state,running
179159.790341,0,tick,""
179159.790353,0,reduction,""
179159.790355,0,sched_state,running
179159.790388,3,tick,""
179159.790402,3,reduction,""
179159.790404,3,sched_state,running
179159.790535,0,tick,""
179159.790540,0,reduction,""
179159.790542,0,sched_state,running
179159.790606,3,tick,""
179159.790675,3,reduction,""
179159.790677,3,sched_state,running
179159.790694,0,tick,""
179159.790702,0,reduction,""
179159.790704,0,sched_state,running
179159.790880,3,tick,""
179159.790895,3,reduction,""
179159.790896,3,sched_state,running
179159.790920,0,tick,""
179159.790928,0,reduction,""
179159.790931,0,sched_state,running
179159.791096,3,tick,""
179159.791102,3,spawn,""
179159.791104,3,reduction,""
179159.791106,3,sched_state,running
179159.791143,0,tick,""
179159.791151,0,reduction,""
179159.791154,0,sched_state,running
179159.791498,0,tick,""
179159.791507,0,reduction,""
179159.791509,0,sched_state,running
179159.791719,3,tick,""
179159.791724,3,reduction,""
179159.791725,3,sched_state,running
179159.791866,3,tick,""
179159.791870,3,reduction,""
179159.791870,0,tick,""
179159.791871,3,sched_state,running
179159.791878,0,reduction,""
179159.791880,0,sched_state,running
179159.792005,3,tick,""
179159.792041,0,tick,""
179159.792046,0,reduction,""
179159.792047,0,sched_state,running
179159.792189,0,tick,""
179159.792193,0,reduction,""
179159.792194,0,sched_state,running
179159.792331,0,tick,""
179159.792334,0,reduction,""
179159.792336,0,sched_state,running
179159.792474,0,tick,""
179159.792477,0,reduction,""
179159.792478,0,sched_state,running
179159.792647,0,tick,""
179159.792651,0,reduction,""
179159.792653,0,sched_state,running
179159.792867,0,tick,""
179159.793067,3,queue_length,1
179159.793073,3,queue_length,1
179159.793655,1,channel_blocked,180
179159.793658,0,yield,""
179159.793659,0,sched_state,running
179159.793666,0,tick,""
179159.793674,0,queue_length,0
179159.794055,3,sched_state,running
179159.794481,3,tick,""
179159.794485,3,reduction,""
179159.794487,3,sched_state,running
179159.794580,0,sched_state,running
179159.794933,0,tick,""
179159.794937,0,reduction,""
179159.794939,0,sched_state,running
179159.794968,3,tick,""
179159.794974,3,reduction,""
179159.794976,3,sched_state,running
179159.795013,4,sched_state,waiting
179159.795021,4,tick,""
179159.795045,4,sched_state,waiting
179159.795049,4,tick,""
179159.795200,3,tick,""
179159.795205,3,reduction,""
179159.795207,3,sched_state,running
179159.795256,0,tick,""
179159.795260,0,reduction,""
179159.795261,0,sched_state,running
179159.795433,0,tick,""
179159.795436,0,reduction,""
179159.795438,0,sched_state,running
179159.795455,3,tick,""
179159.795459,3,reduction,""
179159.795461,3,sched_state,running
179159.795614,0,tick,""
179159.795618,0,reduction,""
179159.795620,0,sched_state,running
179159.795640,3,tick,""
179159.795646,3,reduction,""
179159.795647,3,sched_state,running
179159.795789,0,tick,""
179159.795793,0,reduction,""
179159.795794,0,sched_state,running
179159.795891,3,tick,""
179159.795896,3,reduction,""
179159.795900,3,sched_state,running
179159.795962,0,tick,""
179159.796076,0,reduction,""
179159.796080,0,sched_state,running
179159.796140,3,tick,""
179159.796193,3,reduction,""
179159.796195,3,sched_state,running
179159.796356,3,tick,""
179159.796360,3,reduction,""
179159.796362,3,sched_state,running
179159.796485,0,tick,""
179159.796494,0,reduction,""
179159.796495,0,sched_state,running
179159.796525,3,tick,""
179159.796540,3,reduction,""
179159.796542,3,sched_state,running
179159.796781,3,tick,""
179159.796786,0,tick,""
179159.796802,3,reduction,""
179159.796804,3,sched_state,running
179159.796886,0,reduction,""
179159.796888,0,sched_state,running
179159.797020,7,sched_state,waiting
179159.797034,3,tick,""
179159.797040,3,reduction,""
179159.797040,7,tick,""
179159.797042,3,sched_state,running
179159.797043,2,sched_state,waiting
179159.797049,2,tick,""
179159.797061,0,tick,""
179159.797066,0,reduction,""
179159.797067,0,sched_state,running
179159.797068,2,sched_state,waiting
179159.797071,2,tick,""
179159.797081,7,sched_state,waiting
179159.797087,7,tick,""
179159.797236,0,tick,""
179159.797247,0,reduction,""
179159.797249,0,sched_state,running
179159.797283,3,tick,""
179159.797418,0,tick,""
179159.797434,0,reduction,""
179159.797436,0,sched_state,running
179159.797445,3,reduction,""
179159.797448,3,sched_state,running
179159.797606,0,tick,""
179159.797616,0,reduction,""
179159.797619,0,sched_state,running
179159.797696,3,tick,""
179159.797714,3,reduction,""
179159.797717,3,sched_state,running
179159.797786,0,tick,""
179159.797960,3,tick,""
179159.797965,3,reduction,""
179159.797967,3,sched_state,running
179159.798031,0,reduction,""
179159.798034,0,sched_state,running
179159.798193,3,tick,""
179159.798209,3,reduction,""
179159.798211,3,sched_state,running
179159.798450,3,tick,""
179159.798525,3,reduction,""
179159.798528,3,sched_state,running
179159.798566,0,tick,""
179159.798582,0,reduction,""
179159.798585,0,sched_state,running
179159.798763,3,tick,""
179159.798779,3,reduction,""
179159.798781,3,sched_state,running
179159.799017,3,tick,""
179159.799023,3,spawn,""
179159.799025,3,reduction,""
179159.799027,3,sched_state,running
179159.799074,0,tick,""
179159.799088,0,reduction,""
179159.799090,0,sched_state,running
179159.799354,0,tick,""
179159.799365,0,reduction,""
179159.799366,0,sched_state,running
179159.799641,0,tick,""
179159.799652,0,reduction,""
179159.799654,0,sched_state,running
179159.799843,3,tick,""
179159.799849,3,reduction,""
179159.799850,3,sched_state,running
179159.799928,0,tick,""
179159.799938,0,reduction,""
179159.799940,0,sched_state,running
179159.800128,3,tick,""
179159.800134,3,reduction,""
179159.800135,3,sched_state,running
179159.800219,0,tick,""
179159.800229,0,reduction,""
179159.800230,0,sched_state,running
179159.800392,3,tick,""
179159.800486,0,tick,""
179159.800495,0,reduction,""
179159.800497,0,sched_state,running
179159.800751,0,tick,""
179159.800769,0,queue_length,0
179159.801297,3,queue_length,2
179159.801302,3,queue_length,1
179159.801432,0,queue_length,0
179159.802052,0,sched_state,running
179159.802339,0,tick,""
179159.802349,0,reduction,""
179159.802352,0,sched_state,running
179159.802608,0,tick,""
179159.802616,0,reduction,""
179159.802617,0,sched_state,running
179159.802879,0,tick,""
179159.802886,0,reduction,""
179159.802888,0,sched_state,running
179159.803144,0,tick,""
179159.803153,0,reduction,""
179159.803155,0,sched_state,running
179159.803224,3,queue_length,1
179159.803407,0,tick,""
179159.803414,0,reduction,""
179159.803416,0,sched_state,running
179159.803665,0,tick,""
179159.803673,0,reduction,""
179159.803675,0,sched_state,running
179159.803935,0,tick,""
179159.803941,0,reduction,""
179159.803943,0,sched_state,running
179159.804197,0,tick,""
179159.804205,0,reduction,""
179159.804208,0,sched_state,running
179159.804469,0,tick,""
179159.804475,0,reduction,""
179159.804477,0,sched_state,running
179159.804733,0,tick,""
179159.804739,0,reduction,""
179159.804740,0,sched_state,running
179159.804995,0,tick,""
179159.805000,0,reduction,""
179159.805002,0,sched_state,running
179159.805020,3,sched_state,running
179159.805259,0,tick,""
179159.805264,0,reduction,""
179159.805269,0,sched_state,running
179159.805528,0,tick,""
179159.805532,0,reduction,""
179159.805535,0,sched_state,running
179159.805560,3,tick,""
179159.805563,3,reduction,""
179159.805565,3,sched_state,running
179159.805808,0,tick,""
179159.805840,3,tick,""
179159.805845,3,reduction,""
179159.805847,3,sched_state,running
179159.806119,3,tick,""
179159.806125,3,reduction,""
179159.806127,3,sched_state,running
179159.806412,3,tick,""
179159.806417,3,reduction,""
179159.806419,3,sched_state,running
179159.806709,3,tick,""
179159.806713,3,reduction,""
179159.806715,3,sched_state,running
179159.806814,3,channel_blocked,432
179159.806817,0,yield,""
179159.806819,0,sched_state,running
179159.806977,3,tick,""
179159.806982,3,reduction,""
179159.806984,3,sched_state,running
179159.807038,0,tick,""
179159.807048,0,queue_length,0
179159.807052,0,sched_state,waiting
179159.807108,0,tick,""
179159.807140,0,sched_state,waiting
179159.807149,0,tick,""
179159.807154,0,sched_state,waiting
179159.807160,0,tick,""
179159.807164,0,sched_state,waiting
179159.807169,0,tick,""
179159.807171,0,sched_state,waiting
179159.807175,0,tick,""
179159.807255,3,tick,""
179159.807285,3,reduction,""
179159.807287,3,sched_state,running
179159.807571,3,tick,""
179159.807577,3,reduction,""
179159.807579,3,sched_state,running
179159.807871,3,tick,""
179159.807892,3,reduction,""
179159.807895,3,sched_state,running
179159.808019,1,sched_state,waiting
179159.808153,3,tick,""
179159.808170,3,reduction,""
179159.808172,3,sched_state,running
179159.808199,1,tick,""
179159.808203,1,sched_state,waiting
179159.808265,1,tick,""
179159.808297,1,sched_state,waiting
179159.808302,1,tick,""
179159.808439,3,tick,""
179159.808447,3,reduction,""
179159.808449,3,sched_state,running
179159.808593,2,sched_state,waiting
179159.808611,2,tick,""
179159.808626,5,sched_state,waiting
179159.808632,7,sched_state,running
179159.808633,2,sched_state,waiting
179159.808640,2,tick,""
179159.808687,5,tick,""
179159.808691,5,sched_state,waiting
179159.808695,5,tick,""
179159.808715,5,sched_state,waiting
179159.808720,5,tick,""
179159.808737,3,tick,""
179159.808901,7,tick,""
179159.808902,3,reduction,""
179159.808905,3,sched_state,running
179159.808907,7,reduction,""
179159.808909,7,sched_state,running
179159.809205,3,tick,""
179159.809225,3,reduction,""
179159.809227,3,sched_state,running
179159.809368,7,tick,""
179159.809378,7,reduction,""
179159.809380,7,sched_state,running
179159.809384,6,sched_state,waiting
179159.809392,6,tick,""
179159.809517,3,tick,""
179159.809522,3,reduction,""
179159.809524,3,sched_state,running
179159.809630,7,tick,""
179159.809636,7,reduction,""
179159.809638,7,sched_state,running
179159.809822,3,tick,""
179159.809840,3,reduction,""
179159.809842,3,sched_state,running
179159.809880,7,tick,""
179159.809947,7,reduction,""
179159.809949,7,sched_state,running
179159.810130,3,tick,""
179159.810190,7,tick,""
179159.810197,7,reduction,""
179159.810199,7,sched_state,running
179159.810210,3,reduction,""
179159.810212,3,sched_state,running
179159.810449,7,tick,""
179159.810456,7,spawn,""
179159.810457,7,reduction,""
179159.810459,7,sched_state,running
179159.810493,3,tick,""
179159.810509,3,reduction,""
179159.810511,3,sched_state,running
179159.810795,3,tick,""
179159.810801,3,spawn,""
179159.810803,3,reduction,""
179159.810805,3,sched_state,running
179159.811530,7,tick,""
179159.811536,7,reduction,""
179159.811538,7,sched_state,running
179159.811791,7,tick,""
179159.811800,7,reduction,""
179159.811802,7,sched_state,running
179159.811938,3,tick,""
179159.811944,3,reduction,""
179159.811946,3,sched_state,running
179159.812051,7,tick,""
179159.812056,7,reduction,""
179159.812058,7,sched_state,running
179159.812266,3,tick,""
179159.812272,3,reduction,""
179159.812274,3,sched_state,running
179159.812315,7,tick,""
179159.812320,7,reduction,""
179159.812322,7,sched_state,running
179159.812558,7,tick,""
179159.812563,7,reduction,""
179159.812564,3,tick,""
179159.812564,7,sched_state,running
179159.812813,7,tick,""
179159.812821,7,reduction,""
179159.812823,7,sched_state,running
179159.813061,7,tick,""
179159.814097,4,channel_blocked,265
179159.814100,7,yield,""
179159.814103,7,sched_state,running
179159.814112,7,tick,""
179159.814119,7,queue_length,1
179159.814122,7,queue_length,0
179159.815096,3,queue_length,2
179159.815101,3,queue_length,2
179159.815356,7,sched_state,running
179159.815867,3,sched_state,running
179159.815875,7,tick,""
179159.815881,7,reduction,""
179159.815883,7,sched_state,running
179159.816178,3,tick,""
179159.816185,3,reduction,""
179159.816187,3,sched_state,running
179159.816399,7,tick,""
179159.816405,7,reduction,""
179159.816407,7,sched_state,running
179159.816463,3,tick,""
179159.816469,3,reduction,""
179159.816470,3,sched_state,running
179159.816718,7,tick,""
179159.816723,7,reduction,""
179159.816724,7,sched_state,running
179159.816747,3,tick,""
179159.816753,3,reduction,""
179159.816755,3,sched_state,running
179159.817018,4,sched_state,waiting
179159.817028,3,tick,""
179159.817029,4,tick,""
179159.817039,7,tick,""
179159.817044,7,reduction,""
179159.817046,7,sched_state,running
179159.817114,3,reduction,""
179159.817117,3,sched_state,running
179159.817360,7,tick,""
179159.817366,7,reduction,""
179159.817368,7,sched_state,running
179159.817395,3,tick,""
179159.817400,3,reduction,""
179159.817401,3,sched_state,running
179159.817675,3,tick,""
179159.817676,7,tick,""
179159.817680,3,spawn,""
179159.817682,3,reduction,""
179159.817684,3,sched_state,running
179159.817842,7,reduction,""
179159.817846,7,sched_state,running
179159.818010,0,sched_state,waiting
179159.818020,0,tick,""
179159.818044,0,sched_state,waiting
179159.818050,0,tick,""
179159.818163,7,tick,""
179159.818171,7,reduction,""
179159.818173,7,sched_state,running
179159.818477,7,tick,""
179159.818588,7,reduction,""
179159.818592,7,sched_state,running
179159.818826,3,tick,""
179159.818831,3,reduction,""
179159.818833,3,sched_state,running
179159.818896,7,tick,""
179159.818902,7,reduction,""
179159.818904,7,sched_state,running
179159.819012,5,sched_state,waiting
179159.819012,1,sched_state,waiting
179159.819018,5,tick,""
179159.819018,1,tick,""
179159.819036,1,sched_state,waiting
179159.819041,1,tick,""
179159.819045,2,sched_state,waiting
179159.819055,2,tick,""
179159.819080,2,sched_state,waiting
179159.819086,2,tick,""
179159.819131,3,tick,""
179159.819140,3,reduction,""
179159.819142,3,sched_state,running
179159.819204,7,tick,""
179159.819220,7,reduction,""
179159.819222,7,sched_state,running
179159.819437,3,tick,""
179159.819442,3,reduction,""
179159.819444,3,sched_state,running
179159.819527,7,tick,""
179159.819548,7,reduction,""
179159.819551,7,sched_state,running
179159.819733,3,tick,""
179159.819738,3,reduction,""
179159.819740,3,sched_state,running
179159.819857,7,tick,""
179159.819871,7,reduction,""
179159.819873,7,sched_state,running
179159.820026,3,tick,""
179159.820032,3,reduction,""
179159.820033,3,sched_state,running
179159.820183,7,tick,""
179159.820314,3,tick,""
179159.820320,3,reduction,""
179159.820322,3,sched_state,running
179159.820512,7,reduction,""
179159.820515,7,sched_state,running
179159.820603,3,tick,""
179159.820835,7,tick,""
179159.820846,7,reduction,""
179159.820848,7,sched_state,running
179159.821143,7,tick,""
179159.821154,7,reduction,""
179159.821156,7,sched_state,running
179159.821458,7,tick,""
179159.821468,7,reduction,""
179159.821470,7,sched_state,running
179159.821507,3,queue_length,3
179159.821740,7,tick,""
179159.821751,7,reduction,""
179159.821754,7,sched_state,running
179159.822051,7,tick,""
179159.822061,7,reduction,""
179159.822062,7,sched_state,running
179159.822142,5,channel_blocked,521
179159.822144,3,yield,""
179159.822146,3,sched_state,running
179159.822155,3,tick,""
179159.822161,3,queue_length,2
179159.822346,7,tick,""
179159.822356,7,reduction,""
179159.822357,7,sched_state,running
179159.822631,7,tick,""
179159.822639,7,reduction,""
179159.822642,7,sched_state,running
179159.822948,7,tick,""
179159.823685,3,sched_state,running
179159.824025,3,tick,""
179159.824029,3,reduction,""
179159.824031,3,sched_state,running
179159.824293,7,queue_length,0
179159.824595,3,tick,""
179159.824600,3,reduction,""
179159.824601,3,sched_state,running
179159.824903,3,tick,""
179159.824908,3,reduction,""
179159.824910,3,sched_state,running
179159.824961,7,sched_state,running
179159.825228,3,tick,""
179159.825233,3,reduction,""
179159.825234,3,sched_state,running
179159.825500,7,tick,""
179159.825511,7,reduction,""
179159.825514,7,sched_state,running
179159.825537,3,tick,""
179159.825542,3,reduction,""
179159.825543,3,sched_state,running
179159.825825,7,tick,""
179159.825833,7,reduction,""
179159.825835,7,sched_state,running
179159.825859,3,tick,""
179159.825864,3,reduction,""
179159.825865,3,sched_state,running
179159.826146,7,tick,""
179159.826153,7,reduction,""
179159.826155,7,sched_state,running
179159.826182,3,tick,""
179159.826203,3,reduction,""
179159.826204,3,sched_state,running
179159.826461,7,tick,""
179159.826468,7,reduction,""
179159.826470,7,sched_state,running
179159.826524,3,tick,""
179159.826533,3,reduction,""
179159.826534,3,sched_state,running
179159.826780,7,tick,""
179159.826787,7,reduction,""
179159.826789,7,sched_state,running
179159.826867,3,tick,""
179159.826887,3,reduction,""
179159.826889,3,sched_state,running
179159.827094,7,tick,""
179159.827109,7,reduction,""
179159.827110,7,sched_state,running
179159.827211,3,tick,""
179159.827234,3,reduction,""
179159.827236,3,sched_state,running
179159.827417,7,tick,""
179159.827423,7,reduction,""
179159.827425,7,sched_state,running
179159.827566,3,tick,""
179159.827572,3,reduction,""
179159.827574,3,sched_state,running
179159.827733,7,tick,""
179159.827740,7,reduction,""
179159.827741,7,sched_state,running
179159.827906,3,tick,""
179159.828039,7,tick,""
179159.828046,7,reduction,""
179159.828048,7,sched_state,running
179159.828082,3,reduction,""
179159.828084,3,sched_state,running
179159.828365,7,tick,""
179159.828371,7,reduction,""
179159.828373,7,sched_state,running
179159.828412,3,tick,""
179159.828429,3,reduction,""
179159.828432,3,sched_state,running
179159.828687,7,tick,""
179159.828693,7,reduction,""
179159.828695,7,sched_state,running
179159.828755,3,tick,""
179159.828759,3,reduction,""
179159.828760,3,sched_state,running
179159.829007,7,tick,""
179159.829011,7,reduction,""
179159.829010,0,sched_state,waiting
179159.829013,7,sched_state,running
179159.829020,0,tick,""
179159.829045,0,sched_state,waiting
179159.829050,0,tick,""
179159.829086,3,tick,""
179159.829102,3,reduction,""
179159.829104,3,sched_state,running
179159.829324,7,tick,""
179159.829328,7,reduction,""
179159.829330,7,sched_state,running
179159.829433,3,tick,""
179159.829499,3,reduction,""
179159.829501,3,sched_state,running
179159.829630,7,tick,""
179159.829836,3,tick,""
179159.829853,3,reduction,""
179159.829855,3,sched_state,running
179159.830200,3,tick,""
179159.830207,3,spawn,""
179159.830209,3,reduction,""
179159.830211,3,sched_state,running
179159.830464,6,channel_blocked,838
179159.830467,7,yield,""
179159.830469,7,sched_state,running
179159.830476,7,tick,""
179159.830482,7,queue_length,0
179159.830486,7,sched_state,waiting
179159.830490,7,tick,""
179159.830508,7,sched_state,waiting
179159.830513,7,tick,""
179159.830518,7,sched_state,waiting
179159.830522,7,tick,""
179159.831294,3,tick,""
179159.831299,3,reduction,""
179159.831301,3,sched_state,running
179159.831518,3,tick,""
179159.831523,3,reduction,""
179159.831524,3,sched_state,running
179159.831733,3,tick,""
179159.832504,3,queue_length,3
179159.832508,3,queue_length,3
179159.833736,3,sched_state,running
179159.834297,3,tick,""
179159.834312,3,reduction,""
179159.834314,3,sched_state,running
179159.834525,3,tick,""
179159.834531,3,reduction,""
179159.834533,3,sched_state,running
179159.834926,3,tick,""
179159.834935,3,reduction,""
179159.834938,3,sched_state,running
179159.835256,3,tick,""
179159.835331,3,reduction,""
179159.835334,3,sched_state,running
179159.835649,3,tick,""
179159.835655,3,reduction,""
179159.835657,3,sched_state,running
179159.835906,3,tick,""
179159.835911,3,spawn,""
179159.835913,3,reduction,""
179159.835914,3,sched_state,running
179159.836767,3,tick,""
179159.836772,3,reduction,""
179159.836781,3,sched_state,running
179159.836987,3,tick,""
179159.836994,3,reduction,""
179159.836995,3,sched_state,running
179159.837197,3,tick,""
179159.837201,3,reduction,""
179159.837202,3,sched_state,running
179159.837401,3,tick,""
179159.837405,3,reduction,""
179159.837406,3,sched_state,running
179159.837605,3,tick,""
179159.837609,3,reduction,""
179159.837610,3,sched_state,running
179159.837809,3,tick,""
179159.837813,3,reduction,""
179159.837814,3,sched_state,running
179159.838012,3,tick,""
179159.838677,3,queue_length,4
179159.839023,4,sched_state,waiting
179159.839032,4,tick,""
179159.839194,7,channel_blocked,667
179159.839197,3,yield,""
179159.839199,3,sched_state,running
179159.839209,3,tick,""
179159.839233,3,queue_length,3
179159.840015,0,sched_state,waiting
179159.840021,0,tick,""
179159.840023,0,sched_state,waiting
179159.840026,0,tick,""
179159.840062,0,sched_state,waiting
179159.840070,0,tick,""
179159.840874,3,sched_state,running
179159.841013,5,sched_state,waiting
179159.841017,7,sched_state,waiting
179159.841021,5,tick,""
179159.841026,7,tick,""
179159.841047,5,sched_state,waiting
179159.841051,5,tick,""
179159.841111,7,sched_state,waiting
179159.841117,7,tick,""
179159.841418,3,tick,""
179159.841422,3,reduction,""
179159.841424,3,sched_state,running
179159.841850,3,tick,""
179159.841854,3,reduction,""
179159.841856,3,sched_state,running
179159.842071,3,tick,""
179159.842078,3,reduction,""
179159.842079,3,sched_state,running
179159.842297,3,tick,""
179159.842302,3,reduction,""
179159.842304,3,sched_state,running
179159.842640,3,tick,""
179159.842647,3,reduction,""
179159.842649,3,sched_state,running
179159.842906,3,tick,""
179159.843028,3,reduction,""
179159.843030,3,sched_state,running
179159.843250,3,tick,""
179159.843259,3,reduction,""
179159.843261,3,sched_state,running
179159.843595,3,tick,""
179159.843706,3,reduction,""
179159.843709,3,sched_state,running
179159.843929,3,tick,""
179159.843935,3,reduction,""
179159.843936,3,sched_state,running
179159.844158,3,tick,""
179159.844173,3,reduction,""
179159.844175,3,sched_state,running
179159.844511,3,tick,""
179159.844533,3,reduction,""
179159.844535,3,sched_state,running
179159.844790,3,tick,""
179159.844813,3,reduction,""
179159.844815,3,sched_state,running
179159.845148,3,tick,""
179159.845414,3,reduction,""
179159.845418,3,sched_state,running
179159.845640,3,tick,""
179159.845649,3,reduction,""
179159.845651,3,sched_state,running
179159.845862,3,tick,""
179159.845871,3,reduction,""
179159.845872,3,sched_state,running
179159.846083,3,tick,""
179159.846091,3,reduction,""
179159.846093,3,sched_state,running
179159.846305,3,tick,""
179159.846313,3,reduction,""
179159.846315,3,sched_state,running
179159.846524,3,tick,""
179159.846532,3,reduction,""
179159.846534,3,sched_state,running
179159.846744,3,tick,""
179159.846752,3,reduction,""
179159.846754,3,sched_state,running
179159.846965,3,tick,""
179159.846973,3,reduction,""
179159.846975,3,sched_state,running
179159.847186,3,tick,""
179159.849449,3,queue_length,3
179159.850017,4,sched_state,waiting
179159.850023,4,tick,""
179159.850955,3,sched_state,running
179159.851025,0,sched_state,waiting
179159.851031,0,tick,""
179159.851056,0,sched_state,waiting
179159.851061,0,tick,""
179159.851534,3,tick,""
179159.851539,3,reduction,""
179159.851542,3,sched_state,running
179159.851784,3,tick,""
179159.851789,3,reduction,""
179159.851790,3,sched_state,running
179159.852017,5,sched_state,waiting
179159.852017,1,sched_state,waiting
179159.852023,5,tick,""
179159.852029,1,tick,""
179159.852051,2,sched_state,waiting
179159.852065,2,tick,""
179159.852300,3,tick,""
179159.852306,3,reduction,""
179159.852308,3,sched_state,running
179159.852622,3,tick,""
179159.852627,3,reduction,""
179159.852630,3,sched_state,running
179159.852981,3,tick,""
179159.852986,3,reduction,""
179159.852988,3,sched_state,running
179159.853251,3,tick,""
179159.853256,3,reduction,""
179159.853257,3,sched_state,running
179159.853490,3,tick,""
179159.853517,3,reduction,""
179159.853519,3,sched_state,running
179159.853879,3,tick,""
179159.853887,3,reduction,""
179159.853889,3,sched_state,running
179159.854141,3,tick,""
179159.854156,3,reduction,""
179159.854158,3,sched_state,running
179159.854388,3,tick,""
179159.854410,3,reduction,""
179159.854412,3,sched_state,running
179159.854768,3,tick,""
179159.854774,3,reduction,""
179159.854776,3,sched_state,running
179159.855029,3,tick,""
179159.855157,3,reduction,""
179159.855160,3,sched_state,running
179159.855524,3,tick,""
179159.855540,3,reduction,""
179159.855543,3,sched_state,running
179159.855796,3,tick,""
179159.855800,3,reduction,""
179159.855802,3,sched_state,running
179159.856028,3,tick,""
179159.856040,3,reduction,""
179159.856041,3,sched_state,running
179159.856272,3,tick,""
179159.856324,3,reduction,""
179159.856327,3,sched_state,running
179159.856686,3,tick,""
179159.856703,3,reduction,""
179159.856705,3,sched_state,running
179159.856968,3,tick,""
179159.856975,3,spawn,""
179159.856978,3,reduction,""
179159.856979,3,sched_state,running
179159.858003,3,tick,""
179159.858016,3,reduction,""
179159.858018,3,sched_state,running
179159.858255,3,tick,""
179159.858260,3,reduction,""
179159.858262,3,sched_state,running
179159.858494,3,tick,""
179159.859297,3,queue_length,4
179159.859302,3,queue_length,4
179159.860207,3,sched_state,running
179159.860453,3,tick,""
179159.860459,3,reduction,""
179159.860461,3,sched_state,running
179159.860816,3,tick,""
179159.860821,3,reduction,""
179159.860823,3,sched_state,running
179159.861082,3,tick,""
179159.861086,3,reduction,""
179159.861088,3,sched_state,running
179159.861309,3,tick,""
179159.861352,3,reduction,""
179159.861355,3,sched_state,running
179159.861708,3,tick,""
179159.861714,3,reduction,""
179159.861717,3,sched_state,running
179159.861981,3,tick,""
179159.861987,3,spawn,""
179159.861989,3,reduction,""
179159.861992,3,sched_state,running
179159.862009,0,sched_state,waiting
179159.862018,0,tick,""
179159.862040,0,sched_state,waiting
179159.862046,0,tick,""
179159.863016,5,sched_state,waiting
179159.863019,7,sched_state,waiting
179159.863024,5,tick,""
179159.863028,7,tick,""
179159.863049,7,sched_state,waiting
179159.863050,5,sched_state,waiting
179159.863054,7,tick,""
179159.863055,5,tick,""
179159.863317,3,tick,""
179159.863324,3,reduction,""
179159.863326,3,sched_state,running
179159.863697,3,tick,""
179159.863705,3,reduction,""
179159.863708,3,sched_state,running
179159.864053,3,tick,""
179159.864058,3,reduction,""
179159.864059,3,sched_state,running
179159.864289,3,tick,""
179159.864295,3,reduction,""
179159.864297,3,sched_state,running
179159.864521,3,tick,""
179159.864525,3,reduction,""
179159.864527,3,sched_state,running
179159.864749,3,tick,""
179159.864753,3,reduction,""
179159.864755,3,sched_state,running
179159.864980,3,tick,""
179159.865726,3,queue_length,5
179159.866058,9,channel_blocked,845
179159.866061,3,yield,""
179159.866063,3,sched_state,running
179159.866072,3,tick,""
179159.866100,3,queue_length,4
179159.867548,3,sched_state,running
179159.867834,3,tick,""
179159.867837,3,reduction,""
179159.867838,3,sched_state,running
179159.868252,3,tick,""
179159.868256,3,reduction,""
179159.868257,3,sched_state,running
179159.868502,3,tick,""
179159.868506,3,reduction,""
179159.868507,3,sched_state,running
179159.868742,3,tick,""
179159.868745,3,reduction,""
179159.868747,3,sched_state,running
179159.868988,3,tick,""
179159.868992,3,reduction,""
179159.868994,3,sched_state,running
179159.869231,3,tick,""
179159.869347,3,reduction,""
179159.869349,3,sched_state,running
179159.869594,3,tick,""
179159.869599,3,reduction,""
179159.869601,3,sched_state,running
179159.869842,3,tick,""
179159.869915,3,reduction,""
179159.869917,3,sched_state,running
179159.870152,3,tick,""
179159.870157,3,reduction,""
179159.870159,3,sched_state,running
179159.870393,3,tick,""
179159.870405,3,reduction,""
179159.870406,3,sched_state,running
179159.870643,3,tick,""
179159.870656,3,reduction,""
179159.870657,3,sched_state,running
179159.870896,3,tick,""
179159.870906,3,reduction,""
179159.870908,3,sched_state,running
179159.871145,3,tick,""
179159.871458,3,reduction,""
179159.871461,3,sched_state,running
179159.871850,3,tick,""
179159.871861,3,reduction,""
179159.871863,3,sched_state,running
179159.872254,3,tick,""
179159.872265,3,reduction,""
179159.872267,3,sched_state,running
179159.872646,3,tick,""
179159.872657,3,reduction,""
179159.872658,3,sched_state,running
179159.873016,0,sched_state,waiting
179159.873025,0,tick,""
179159.873035,3,tick,""
179159.873045,3,reduction,""
179159.873047,3,sched_state,running
179159.873418,3,tick,""
179159.873427,3,reduction,""
179159.873429,3,sched_state,running
179159.873717,3,tick,""
179159.873724,3,reduction,""
179159.873726,3,sched_state,running
179159.873962,3,tick,""
179159.873968,3,reduction,""
179159.873969,3,sched_state,running
179159.874017,7,sched_state,waiting
179159.874021,2,sched_state,waiting
179159.874025,7,tick,""
179159.874031,2,tick,""
179159.874056,7,sched_state,waiting
179159.874061,7,tick,""
179159.874314,3,tick,""
179159.874322,3,queue_length,3
179159.876616,3,queue_length,3
179159.878458,3,sched_state,running
179159.879007,3,tick,""
179159.879012,3,reduction,""
179159.879015,3,sched_state,running
179159.879259,3,tick,""
179159.879263,3,reduction,""
179159.879264,3,sched_state,running
179159.879516,3,tick,""
179159.879520,3,reduction,""
179159.879522,3,sched_state,running
179159.879777,3,tick,""
179159.879780,3,reduction,""
179159.879781,3,sched_state,running
179159.880010,3,tick,""
179159.880013,3,reduction,""
179159.880015,3,sched_state,running
179159.880254,3,tick,""
179159.880257,3,reduction,""
179159.880259,3,sched_state,running
179159.880493,3,tick,""
179159.880516,3,reduction,""
179159.880518,3,sched_state,running
179159.880752,3,tick,""
179159.880756,3,reduction,""
179159.880757,3,sched_state,running
179159.881011,3,tick,""
179159.881029,3,reduction,""
179159.881031,3,sched_state,running
179159.881295,3,tick,""
179159.881316,3,reduction,""
179159.881318,3,sched_state,running
179159.881728,3,tick,""
179159.881734,3,reduction,""
179159.881736,3,sched_state,running
179159.881999,3,tick,""
179159.882134,3,reduction,""
179159.882137,3,sched_state,running
179159.882554,3,tick,""
179159.882569,3,reduction,""
179159.882571,3,sched_state,running
179159.882834,3,tick,""
179159.882838,3,reduction,""
179159.882839,3,sched_state,running
179159.883089,3,tick,""
179159.883095,3,reduction,""
179159.883097,3,sched_state,running
179159.883488,3,tick,""
179159.883492,3,reduction,""
179159.883494,3,sched_state,running
179159.883757,3,tick,""
179159.883762,3,reduction,""
179159.883764,3,sched_state,running
179159.884006,3,tick,""
179159.884081,3,reduction,""
179159.884082,3,sched_state,running
179159.884339,3,tick,""
179159.884345,3,reduction,""
179159.884346,3,sched_state,running
179159.884491,0,sched_state,running
179159.884650,3,tick,""
179159.884758,3,reduction,""
179159.884761,3,sched_state,running
179159.885013,5,sched_state,waiting
179159.885052,2,sched_state,waiting
179159.885113,3,tick,""
179159.885341,2,tick,""
179159.885399,5,tick,""
179159.885430,5,sched_state,waiting
179159.885508,5,tick,""
179159.885510,0,tick,""
179159.885525,0,reduction,""
179159.885527,0,sched_state,running
179159.885800,7,sched_state,waiting
179159.885811,7,tick,""
179159.885833,7,sched_state,waiting
179159.885841,7,tick,""
179159.886127,0,tick,""
179159.886141,0,reduction,""
179159.886144,0,sched_state,running
179159.886493,3,queue_length,3
179159.886746,0,tick,""
179159.886757,0,reduction,""
179159.886760,0,sched_state,running
179159.887226,0,tick,""
179159.887235,0,reduction,""
179159.887237,0,sched_state,running
179159.887455,0,tick,""
179159.887460,0,reduction,""
179159.887461,0,sched_state,running
179159.887610,3,sched_state,running
179159.887715,0,tick,""
179159.887721,0,reduction,""
179159.887723,0,sched_state,running
179159.887888,3,tick,""
179159.887895,3,reduction,""
179159.887896,3,sched_state,running
179159.888054,0,tick,""
179159.888060,0,reduction,""
179159.888062,0,sched_state,running
179159.888294,3,tick,""
179159.888300,3,reduction,""
179159.888302,3,sched_state,running
179159.888405,0,tick,""
179159.888411,0,reduction,""
179159.888412,0,sched_state,running
179159.888573,3,tick,""
179159.888578,3,reduction,""
179159.888579,3,sched_state,running
179159.888624,0,tick,""
179159.888628,0,reduction,""
179159.888629,0,sched_state,running
179159.888829,3,tick,""
179159.888849,0,tick,""
179159.888854,0,reduction,""
179159.888856,0,sched_state,running
179159.888962,3,reduction,""
179159.888965,3,sched_state,running
179159.889188,0,tick,""
179159.889193,0,reduction,""
179159.889195,0,sched_state,running
179159.889353,3,tick,""
179159.889359,3,reduction,""
179159.889361,3,sched_state,running
179159.889529,0,tick,""
179159.889535,0,reduction,""
179159.889537,0,sched_state,running
179159.889630,3,tick,""
179159.889637,3,spawn,""
179159.889639,3,reduction,""
179159.889640,3,sched_state,running
179159.889869,0,tick,""
179159.889874,0,reduction,""
179159.889875,0,sched_state,running
179159.890205,0,tick,""
179159.891133,3,tick,""
179159.891139,3,reduction,""
179159.891140,3,sched_state,running
179159.891395,3,tick,""
179159.891402,3,reduction,""
179159.891405,3,sched_state,running
179159.891430,8,channel_blocked,975
179159.891433,0,yield,""
179159.891435,0,sched_state,running
179159.891446,0,tick,""
179159.891454,0,queue_length,0
179159.891461,0,sched_state,waiting
179159.891467,0,tick,""
179159.891492,0,sched_state,waiting
179159.891497,0,tick,""
179159.891741,3,tick,""
179159.891746,3,reduction,""
179159.891748,3,sched_state,running
179159.892143,3,tick,""
179159.892149,3,reduction,""
179159.892151,3,sched_state,running
179159.892416,3,tick,""
179159.892420,3,reduction,""
179159.892422,3,sched_state,running
179159.892664,3,tick,""
179159.892668,3,reduction,""
179159.892669,3,sched_state,running
179159.892910,3,tick,""
179159.893735,3,queue_length,4
179159.894013,4,sched_state,waiting
179159.894163,4,tick,""
179159.894457,11,channel_blocked,1223
179159.894460,3,yield,""
179159.894462,3,sched_state,running
179159.894474,3,tick,""
179159.894482,3,queue_length,3
179159.896023,5,sched_state,waiting
179159.896034,5,tick,""
179159.896038,5,sched_state,waiting
179159.896042,5,tick,""
179159.896068,5,sched_state,waiting
179159.896072,5,tick,""
179159.896192,3,sched_state,running
179159.896609,3,tick,""
179159.896613,3,reduction,""
179159.896615,3,sched_state,running
179159.897275,3,tick,""
179159.897280,3,reduction,""
179159.897281,3,sched_state,running
179159.897567,3,tick,""
179159.897571,3,reduction,""
179159.897573,3,sched_state,running
179159.897838,3,tick,""
179159.897843,3,reduction,""
179159.897845,3,sched_state,running
179159.898110,3,tick,""
179159.898115,3,reduction,""
179159.898117,3,sched_state,running
179159.898381,3,tick,""
179159.898504,3,reduction,""
179159.898506,3,sched_state,running
179159.898776,3,tick,""
179159.898783,3,reduction,""
179159.898786,3,sched_state,running
179159.899054,3,tick,""
179159.899128,3,reduction,""
179159.899130,3,sched_state,running
179159.899396,3,tick,""
179159.899401,3,reduction,""
179159.899403,3,sched_state,running
179159.899663,3,tick,""
179159.899679,3,reduction,""
179159.899681,3,sched_state,running
179159.899942,3,tick,""
179159.899955,3,reduction,""
179159.899957,3,sched_state,running
179159.900223,3,tick,""
179159.900234,3,reduction,""
179159.900236,3,sched_state,running
179159.900502,3,tick,""
179159.900701,3,reduction,""
179159.900703,3,sched_state,running
179159.900951,3,tick,""
179159.900959,3,reduction,""
179159.900961,3,sched_state,running
179159.901204,3,tick,""
179159.901210,3,reduction,""
179159.901212,3,sched_state,running
179159.901453,3,tick,""
179159.901460,3,reduction,""
179159.901461,3,sched_state,running
179159.901801,3,tick,""
179159.901810,3,reduction,""
179159.901813,3,sched_state,running
179159.902131,3,tick,""
179159.902138,3,reduction,""
179159.902140,3,sched_state,running
179159.902384,3,tick,""
179159.902390,3,reduction,""
179159.902391,3,sched_state,running
179159.902636,3,tick,""
179159.902642,3,reduction,""
179159.902643,3,sched_state,running
179159.902887,3,tick,""
179159.902894,3,queue_length,2
179159.907026,7,sched_state,waiting
179159.907065,2,sched_state,waiting
179159.907081,2,tick,""
179159.907686,3,queue_length,2
179159.907712,7,tick,""
179159.907744,7,sched_state,waiting
179159.907864,7,tick,""
179159.910648,3,sched_state,running
179159.911484,3,tick,""
179159.911506,3,reduction,""
179159.911509,3,sched_state,running
179159.911949,3,tick,""
179159.911974,3,reduction,""
179159.911976,3,sched_state,running
179159.912467,3,tick,""
179159.912488,3,reduction,""
179159.912490,3,sched_state,running
179159.912926,3,tick,""
179159.912938,3,reduction,""
179159.912940,3,sched_state,running
179159.913208,3,tick,""
179159.913454,3,reduction,""
179159.913457,3,sched_state,running
179159.913605,0,sched_state,running
179159.913743,3,tick,""
179159.913755,3,reduction,""
179159.913757,3,sched_state,running
179159.914167,3,tick,""
179159.914177,3,reduction,""
179159.914179,3,sched_state,running
179159.914270,0,tick,""
179159.914281,0,reduction,""
179159.914283,0,sched_state,running
179159.914432,3,tick,""
179159.914439,3,reduction,""
179159.914440,3,sched_state,running
179159.914682,3,tick,""
179159.914688,3,reduction,""
179159.914689,3,sched_state,running
179159.914845,0,tick,""
179159.914854,0,reduction,""
179159.914856,0,sched_state,running
179159.914930,3,tick,""
179159.914944,3,reduction,""
179159.914946,3,sched_state,running
179159.915197,0,tick,""
179159.915205,3,tick,""
179159.915206,0,reduction,""
179159.915209,0,sched_state,running
179159.915214,3,reduction,""
179159.915215,3,sched_state,running
179159.915536,0,tick,""
179159.915543,0,reduction,""
179159.915545,0,sched_state,running
179159.915608,3,tick,""
179159.915616,3,reduction,""
179159.915618,3,sched_state,running
179159.915864,0,tick,""
179159.915871,0,reduction,""
179159.915872,0,sched_state,running
179159.915875,3,tick,""
179159.915889,3,reduction,""
179159.915890,3,sched_state,running
179159.916149,3,tick,""
179159.916155,3,reduction,""
179159.916156,3,sched_state,running
179159.916219,0,tick,""
179159.916228,0,reduction,""
179159.916231,0,sched_state,running
179159.916426,3,tick,""
179159.916434,3,reduction,""
179159.916436,3,sched_state,running
179159.916577,0,tick,""
179159.916585,0,reduction,""
179159.916587,0,sched_state,running
179159.916849,3,tick,""
179159.916855,3,reduction,""
179159.916856,3,sched_state,running
179159.916914,0,tick,""
179159.916920,0,reduction,""
179159.916921,0,sched_state,running
179159.917125,3,tick,""
179159.917131,3,reduction,""
179159.917132,3,sched_state,running
179159.917255,0,tick,""
179159.917262,0,reduction,""
179159.917265,0,sched_state,running
179159.917390,3,tick,""
179159.917394,3,reduction,""
179159.917395,3,sched_state,running
179159.917600,0,tick,""
179159.917606,0,reduction,""
179159.917607,0,sched_state,running
179159.917649,3,tick,""
179159.917654,3,reduction,""
179159.917655,3,sched_state,running
179159.917914,3,tick,""
179159.917918,3,reduction,""
179159.917919,3,sched_state,running
179159.917938,0,tick,""
179159.917944,0,reduction,""
179159.917945,0,sched_state,running
179159.918285,3,tick,""
179159.918332,0,tick,""
179159.918338,0,reduction,""
179159.918340,0,sched_state,running
179159.918440,5,sched_state,waiting
179159.918500,5,tick,""
179159.918528,5,sched_state,waiting
179159.918531,5,tick,""
179159.918683,0,tick,""
179159.918688,0,reduction,""
179159.918690,0,sched_state,running
179159.919025,0,tick,""
179159.919600,3,queue_length,2
179159.920348,10,channel_blocked,1278
179159.920351,0,yield,""
179159.920354,0,sched_state,running
179159.920376,0,tick,""
179159.920387,0,queue_length,0
179159.920392,0,sched_state,waiting
179159.920397,0,tick,""
179159.920427,0,sched_state,waiting
179159.920432,0,tick,""
179159.920437,0,sched_state,waiting
179159.920441,0,tick,""
179159.921193,3,sched_state,running
179159.921501,3,tick,""
179159.921504,3,reduction,""
179159.921506,3,sched_state,running
179159.921792,3,tick,""
179159.921798,3,reduction,""
179159.921800,3,sched_state,running
179159.922242,3,tick,""
179159.922247,3,reduction,""
179159.922251,3,sched_state,running
179159.922542,3,tick,""
179159.922546,3,reduction,""
179159.922548,3,sched_state,running
179159.922831,3,tick,""
179159.922838,3,reduction,""
179159.922840,3,sched_state,running
179159.923287,3,tick,""
179159.923393,3,reduction,""
179159.923396,3,sched_state,running
179159.923685,3,tick,""
179159.923691,3,reduction,""
179159.923692,3,sched_state,running
179159.923982,3,tick,""
179159.924091,3,reduction,""
179159.924093,3,sched_state,running
179159.924514,3,tick,""
179159.924519,3,reduction,""
179159.924521,3,sched_state,running
179159.924805,3,tick,""
179159.924817,3,reduction,""
179159.924818,3,sched_state,running
179159.925106,3,tick,""
179159.925123,3,reduction,""
179159.925126,3,sched_state,running
179159.925573,3,tick,""
179159.925593,3,reduction,""
179159.925595,3,sched_state,running
179159.925879,3,tick,""
179159.926091,3,reduction,""
179159.926094,3,sched_state,running
179159.926385,3,tick,""
179159.926401,3,reduction,""
179159.926403,3,sched_state,running
179159.926686,3,tick,""
179159.926693,3,reduction,""
179159.926695,3,sched_state,running
179159.926972,3,tick,""
179159.926978,3,reduction,""
179159.926980,3,sched_state,running
179159.927244,3,tick,""
179159.927258,3,reduction,""
179159.927260,3,sched_state,running
179159.927541,3,tick,""
179159.927548,3,reduction,""
179159.927549,3,sched_state,running
179159.927824,3,tick,""
179159.927830,3,reduction,""
179159.927831,3,sched_state,running
179159.928093,3,tick,""
179159.928099,3,reduction,""
179159.928100,3,sched_state,running
179159.928367,3,tick,""
179159.928373,3,queue_length,1
179159.929025,7,sched_state,waiting
179159.929035,7,tick,""
179159.929060,7,sched_state,waiting
179159.929065,7,tick,""
179159.930026,1,sched_state,waiting
179159.930041,6,sched_state,waiting
179159.930226,1,tick,""
179159.930229,6,tick,""
179159.931015,0,sched_state,waiting
179159.931025,0,tick,""
179159.931045,0,sched_state,waiting
179159.931051,0,tick,""
179159.931788,3,queue_length,1
179159.933070,3,sched_state,running
179159.933507,3,tick,""
179159.933516,3,reduction,""
179159.933520,3,sched_state,running
179159.933908,3,tick,""
179159.933915,3,reduction,""
179159.933918,3,sched_state,running
179159.934302,3,tick,""
179159.934308,3,reduction,""
179159.934310,3,sched_state,running
179159.934693,3,tick,""
179159.934699,3,reduction,""
179159.934702,3,sched_state,running
179159.935085,3,tick,""
179159.935090,3,reduction,""
179159.935093,3,sched_state,running
179159.935476,3,tick,""
179159.938045,11,channel_unblocked,1459
179159.938055,3,yield,""
179159.938945,3,sched_state,running
179159.939631,3,tick,""
179159.939636,3,sched_state,running
179159.939656,3,tick,""
179159.939667,3,queue_length,2
179159.939671,3,queue_length,1
179159.940011,7,sched_state,waiting
179159.940385,5,sched_state,running
179159.940956,7,tick,""
179159.940961,2,sched_state,waiting
179159.941011,7,sched_state,waiting
179159.941013,2,tick,""
179159.941049,7,tick,""
179159.941071,5,tick,""
179159.941094,5,reduction,""
179159.941098,5,sched_state,running
179159.941609,3,sched_state,running
179159.942198,5,tick,""
179159.942209,5,reduction,""
179159.942210,5,sched_state,running
179159.942477,5,tick,""
179159.942477,0,sched_state,waiting
179159.942482,5,reduction,""
179159.942484,5,sched_state,running
179159.942546,0,tick,""
179159.942582,0,sched_state,waiting
179159.942591,0,tick,""
179159.942667,3,tick,""
179159.942679,3,reduction,""
179159.942682,3,sched_state,running
179159.942768,5,tick,""
179159.942775,5,reduction,""
179159.942777,5,sched_state,running
179159.943037,5,tick,""
179159.943042,5,reduction,""
179159.943043,5,sched_state,running
179159.943300,5,tick,""
179159.943305,5,reduction,""
179159.943307,5,sched_state,running
179159.943486,3,tick,""
179159.943498,3,reduction,""
179159.943500,3,sched_state,running
179159.943563,5,tick,""
179159.943567,5,reduction,""
179159.943568,5,sched_state,running
179159.943889,5,tick,""
179159.943896,5,reduction,""
179159.943898,5,sched_state,running
179159.943948,3,tick,""
179159.943957,3,reduction,""
179159.943960,3,sched_state,running
179159.944216,5,tick,""
179159.944221,5,reduction,""
179159.944223,5,sched_state,running
179159.944389,3,tick,""
179159.944397,3,reduction,""
179159.944399,3,sched_state,running
179159.944490,5,tick,""
179159.944495,5,reduction,""
179159.944496,5,sched_state,running
179159.944502,4,sched_state,waiting
179159.944564,4,tick,""
179159.944773,5,tick,""
179159.944777,5,reduction,""
179159.944778,5,sched_state,running
179159.944805,3,tick,""
179159.944814,3,reduction,""
179159.944817,3,sched_state,running
179159.945038,5,tick,""
179159.945042,5,reduction,""
179159.945043,5,sched_state,running
179159.945213,3,tick,""
179159.945220,3,reduction,""
179159.945222,3,sched_state,running
179159.945298,5,tick,""
179159.945301,5,reduction,""
179159.945302,5,sched_state,running
179159.945559,5,tick,""
179159.945616,3,tick,""
179159.945622,3,reduction,""
179159.945623,3,sched_state,running
179159.946024,3,tick,""
179159.946031,3,reduction,""
179159.946033,3,sched_state,running
179159.946452,3,tick,""
179159.946459,3,reduction,""
179159.946461,3,sched_state,running
179159.946876,3,tick,""
179159.946879,12,channel_blocked,1491
179159.946881,3,reduction,""
179159.946881,5,yield,""
179159.946883,3,sched_state,running
179159.946884,5,sched_state,running
179159.946906,5,tick,""
179159.946912,5,queue_length,0
179159.946915,5,sched_state,waiting
179159.946918,5,tick,""
179159.946939,5,sched_state,waiting
179159.946942,5,tick,""
179159.947293,3,tick,""
179159.947299,3,reduction,""
179159.947301,3,sched_state,running
179159.947708,3,tick,""
179159.947713,3,reduction,""
179159.947714,3,sched_state,running
179159.948121,3,tick,""
179159.948126,3,reduction,""
179159.948127,3,sched_state,running
179159.948529,3,tick,""
179159.949703,13,channel_blocked,1741
179159.949705,3,yield,""
179159.949708,3,sched_state,running
179159.949720,3,tick,""
179159.949735,3,queue_length,0
179159.951365,3,sched_state,running
179159.951809,3,tick,""
179159.951815,3,reduction,""
179159.951818,3,sched_state,running
179159.952055,7,sched_state,waiting
179159.952063,7,tick,""
179159.952067,2,sched_state,waiting
179159.952089,2,tick,""
179159.952093,7,sched_state,waiting
179159.952099,7,tick,""
179159.952104,7,sched_state,waiting
179159.952112,7,tick,""
179159.952579,3,tick,""
179159.952587,3,reduction,""
179159.952589,3,sched_state,running
179159.953011,0,sched_state,waiting
179159.953018,0,tick,""
179159.953025,3,tick,""
179159.953052,0,sched_state,waiting
179159.953061,0,tick,""
179159.957030,5,sched_state,waiting
179159.957042,5,tick,""
179159.957071,5,sched_state,waiting
179159.957076,5,tick,""
179159.957080,5,sched_state,waiting
179159.957083,5,tick,""
179159.958070,13,channel_unblocked,1223
179159.958085,3,yield,""
179159.958958,3,sched_state,running
179159.959517,3,tick,""
179159.959530,3,reduction,""
179159.959531,3,sched_state,running
179159.959825,3,tick,""
179159.959829,3,reduction,""
179159.959831,3,sched_state,running
179159.960123,3,tick,""
179159.961051,3,queue_length,1
179159.963044,2,sched_state,waiting
179159.963053,2,tick,""
179159.964049,0,sched_state,waiting
179159.964073,0,tick,""
179159.964079,0,sched_state,waiting
179159.964089,0,tick,""
179159.964157,0,sched_state,waiting
179159.964168,0,tick,""
179159.965569,9,channel_unblocked,1223
179159.965579,3,yield,""
179159.966448,3,sched_state,running
179159.967278,3,tick,""
179159.967284,3,sched_state,running
179159.967296,3,tick,""
179159.967306,3,queue_length,2
179159.967311,3,queue_length,1
179159.968043,5,sched_state,waiting
179159.968055,5,tick,""
179159.968085,5,sched_state,waiting
179159.968090,5,tick,""
179159.969481,3,sched_state,running
179159.969941,3,tick,""
179159.969949,3,sched_state,running
179159.969975,3,tick,""
179159.969983,3,queue_length,0
179159.970907,3,sched_state,running
179159.971339,3,tick,""
179159.971346,3,reduction,""
179159.971348,3,sched_state,running
179159.971988,3,tick,""
179159.971997,3,reduction,""
179159.971998,3,sched_state,running
179159.972276,3,tick,""
179159.974016,7,sched_state,waiting
179159.974027,1,sched_state,waiting
179159.974028,7,tick,""
179159.974055,7,sched_state,waiting
179159.974061,7,tick,""
179159.974124,1,tick,""
179159.975037,0,sched_state,waiting
179159.975056,0,tick,""
179159.975089,0,sched_state,waiting
179159.975104,0,tick,""
179159.977001,12,channel_unblocked,845
179159.977010,3,yield,""
179159.977017,4,sched_state,waiting
179159.977094,4,tick,""
179159.977934,3,sched_state,running
179159.978584,3,tick,""
179159.978598,3,reduction,""
179159.978601,3,sched_state,running
179159.979023,3,tick,""
179159.979028,3,reduction,""
179159.979030,3,sched_state,running
179159.979048,5,sched_state,waiting
179159.979055,5,tick,""
179159.979444,3,tick,""
179159.980359,3,queue_length,1
179159.984086,7,channel_unblocked,845
179159.984095,3,yield,""
179159.984900,3,sched_state,running
179159.985022,7,sched_state,waiting
179159.985030,7,tick,""
179159.985060,7,sched_state,waiting
179159.985065,7,tick,""
179159.985603,3,tick,""
179159.985607,3,sched_state,running
179159.985662,3,tick,""
179159.985669,3,queue_length,2
179159.985672,3,queue_length,1
179159.986011,0,sched_state,waiting
179159.986019,0,tick,""
179159.986051,0,sched_state,waiting
179159.986066,0,tick,""
179159.987597,3,sched_state,running
179159.988015,4,sched_state,waiting
179159.988022,4,tick,""
179159.988035,3,tick,""
179159.988040,3,sched_state,running
179159.988167,3,tick,""
179159.988179,3,queue_length,0
179159.989072,3,sched_state,running
179159.989472,3,tick,""
179159.989478,3,reduction,""
179159.989481,3,sched_state,running
179159.989933,3,tick,""
179159.989942,3,reduction,""
179159.989944,3,sched_state,running
179159.990319,3,tick,""
179159.994201,10,channel_unblocked,667
179159.994211,3,yield,""
179159.994915,3,sched_state,running
179159.995378,3,tick,""
179159.995397,3,reduction,""
179159.995399,3,sched_state,running
179159.995637,3,tick,""
179159.995642,3,reduction,""
179159.995644,3,sched_state,running
179159.995882,3,tick,""
179159.996051,1,sched_state,waiting
179159.996150,1,tick,""
179159.996756,3,queue_length,1
179159.997015,0,sched_state,waiting
179159.997024,0,tick,""
179159.997059,0,sched_state,waiting
179159.997067,0,tick,""
179160.000043,5,channel_unblocked,667
179160.000051,3,yield,""
179160.000593,3,sched_state,running
179160.001015,5,sched_state,waiting
179160.001022,5,tick,""
179160.001073,3,tick,""
179160.001079,3,sched_state,running
179160.001133,3,tick,""
179160.001141,3,queue_length,2
179160.001144,3,queue_length,1
179160.002499,3,sched_state,running
179160.002895,3,tick,""
179160.002899,3,sched_state,running
179160.002998,3,tick,""
179160.003004,3,queue_length,0
179160.003913,3,sched_state,running
179160.004186,3,tick,""
179160.004192,3,reduction,""
179160.004194,3,sched_state,running
179160.004582,3,tick,""
179160.004589,3,reduction,""
179160.004591,3,sched_state,running
179160.004930,3,tick,""
179160.007025,7,sched_state,waiting
179160.007036,7,tick,""
179160.007060,7,sched_state,waiting
179160.007066,7,tick,""
179160.008035,0,sched_state,waiting
179160.008064,0,tick,""
179160.008091,0,sched_state,waiting
179160.008097,0,tick,""
179160.008690,8,channel_unblocked,521
179160.008695,3,yield,""
179160.009252,3,sched_state,running
179160.009691,3,tick,""
179160.009702,3,reduction,""
179160.009704,3,sched_state,running
179160.010016,4,sched_state,waiting
179160.010024,4,tick,""
179160.010295,3,tick,""
179160.010300,3,reduction,""
179160.010302,3,sched_state,running
179160.010643,3,tick,""
179160.011390,3,queue_length,1
179160.015242,4,channel_unblocked,521
179160.015250,3,yield,""
179160.015712,3,sched_state,running
179160.016131,3,tick,""
179160.016135,3,sched_state,running
179160.016152,3,tick,""
179160.016185,3,queue_length,2
179160.016191,3,queue_length,1
179160.017335,3,sched_state,running
179160.017745,3,tick,""
179160.017756,3,sched_state,running
179160.017922,3,tick,""
179160.017937,3,queue_length,0
179160.018093,2,sched_state,waiting
179160.018106,2,tick,""
179160.018846,3,sched_state,running
179160.019014,0,sched_state,waiting
179160.019023,0,tick,""
179160.019049,0,sched_state,waiting
179160.019055,0,tick,""
179160.019097,3,tick,""
179160.019103,3,reduction,""
179160.019106,3,sched_state,running
179160.019589,3,tick,""
179160.019595,3,reduction,""
179160.019597,3,sched_state,running
179160.019797,3,tick,""
179160.022974,6,channel_unblocked,265
179160.022985,3,yield,""
179160.023582,3,sched_state,running
179160.023948,3,tick,""
179160.023959,3,reduction,""
179160.023962,3,sched_state,running
179160.024473,3,tick,""
179160.024486,3,reduction,""
179160.024488,3,sched_state,running
179160.024688,3,tick,""
179160.025326,3,queue_length,1
179160.027894,2,channel_unblocked,265
179160.027911,3,yield,""
179160.028524,3,sched_state,running
179160.028722,3,tick,""
179160.028725,3,sched_state,running
179160.028732,3,tick,""
179160.028752,3,queue_length,2
179160.028754,3,queue_length,1
179160.029027,7,sched_state,waiting
179160.029035,7,tick,""
179160.029056,1,sched_state,waiting
179160.029063,7,sched_state,waiting
179160.029064,1,tick,""
179160.029068,7,tick,""
179160.030010,0,sched_state,waiting
179160.030018,0,tick,""
179160.030038,0,sched_state,waiting
179160.030045,0,tick,""
179160.030114,3,sched_state,running
179160.030659,3,tick,""
179160.030663,3,sched_state,running
179160.030724,3,tick,""
179160.030733,3,queue_length,0
179160.031501,3,sched_state,running
179160.031790,3,tick,""
179160.031797,3,reduction,""
179160.031799,3,sched_state,running
179160.032050,4,sched_state,waiting
179160.032058,4,tick,""
179160.032286,3,tick,""
179160.032295,3,reduction,""
179160.032298,3,sched_state,running
179160.032563,3,tick,""
179160.035119,3,channel_unblocked,146
179160.035126,3,yield,""
179160.035714,3,sched_state,running
179160.036178,3,tick,""
179160.036189,3,reduction,""
179160.036191,3,sched_state,running
179160.036445,3,tick,""
179160.036450,3,reduction,""
179160.036452,3,sched_state,running
179160.036694,3,tick,""
179160.037319,3,queue_length,1
179160.039460,0,channel_unblocked,146
179160.039466,3,yield,""
179160.039953,3,sched_state,running
179160.040048,2,sched_state,waiting
179160.040060,2,tick,""
179160.040408,3,tick,""
179160.040413,3,sched_state,running
179160.040422,3,tick,""
179160.041009,0,sched_state,waiting
179160.041028,0,tick,""
179160.041056,0,sched_state,waiting
179160.041063,0,tick,""
179160.041249,3,queue_length,2
179160.041256,3,queue_length,1
179160.042188,3,sched_state,running
179160.042465,3,tick,""
179160.042469,3,sched_state,running
179160.043402,3,tick,""
179160.043414,3,queue_length,0
179160.044169,3,sched_state,running
179160.044416,3,tick,""
179160.044422,3,reduction,""
179160.044425,3,sched_state,running
179160.044832,3,tick,""
179160.044841,3,reduction,""
179160.044844,3,sched_state,running
179160.045051,3,tick,""
179160.048193,1,channel_unblocked,87
179160.048200,3,yield,""
179160.048698,3,sched_state,running
179160.049063,3,tick,""
179160.049074,3,reduction,""
179160.049077,3,sched_state,running
179160.049460,3,tick,""
179160.049468,3,sched_state,stop
