timestamp,lpu,event,value
181075.293986,2,sched_state,startup
181075.293986,6,sched_state,startup
181075.293986,1,sched_state,startup
181075.293987,5,sched_state,startup
181075.293991,7,sched_state,startup
181075.293992,0,sched_state,startup
181075.294017,4,sched_state,startup
181075.294481,4,tick,""
181075.294536,6,tick,""
181075.294536,2,tick,""
181075.294546,5,tick,""
181075.294546,1,tick,""
181075.294549,3,sched_state,startup
181075.294547,7,tick,""
181075.294554,0,tick,""
181075.294668,3,tick,""
181075.295064,6,queue_length,0
181075.295064,2,queue_length,0
181075.295076,5,queue_length,0
181075.295090,2,sched_state,waiting
181075.295108,6,sched_state,waiting
181075.295109,5,sched_state,waiting
181075.295129,4,queue_length,0
181075.295133,1,queue_length,0
181075.295134,6,tick,""
181075.295134,2,tick,""
181075.295139,1,sched_state,waiting
181075.295142,4,sched_state,waiting
181075.295139,5,tick,""
181075.295139,7,queue_length,0
181075.295153,7,sched_state,waiting
181075.295154,4,tick,""
181075.295155,1,tick,""
181075.295164,7,tick,""
181075.298453,3,queue_length,0
181075.298477,3,sched_state,waiting
181075.298512,3,tick,""
181075.298858,0,sched_state,running
181075.298960,0,tick,""
181075.298968,0,reduction,""
181075.298971,0,sched_state,running
181075.299063,0,tick,""
181075.299068,0,reduction,""
181075.299070,0,sched_state,running
181075.299637,0,tick,""
181075.299642,0,reduction,""
181075.299645,0,sched_state,running
181075.299682,3,sched_state,waiting
181075.299685,6,sched_state,waiting
181075.299685,2,sched_state,waiting
181075.299688,3,tick,""
181075.299692,2,tick,""
181075.299693,4,sched_state,waiting
181075.299691,6,tick,""
181075.299695,1,sched_state,waiting
181075.299696,7,sched_state,waiting
181075.299698,4,tick,""
181075.299701,1,tick,""
181075.299702,7,tick,""
181075.299754,0,tick,""
181075.299763,0,reduction,""
181075.299766,0,sched_state,running
181075.299776,5,sched_state,waiting
181075.299782,5,tick,""
181075.299860,0,tick,""
181075.299867,0,reduction,""
181075.299870,0,sched_state,running
181075.299974,0,tick,""
181075.299979,0,reduction,""
181075.299981,0,sched_state,running
181075.300083,0,tick,""
181075.300088,0,reduction,""
181075.300090,0,sched_state,running
181075.300255,0,tick,""
181075.300260,0,reduction,""
181075.300263,0,sched_state,running
181075.300361,0,tick,""
181075.300366,0,reduction,""
181075.300368,0,sched_state,running
181075.300473,0,tick,""
181075.300487,0,reduction,""
181075.300491,0,sched_state,running
181075.300756,0,tick,""
181075.300766,0,reduction,""
181075.300770,0,sched_state,running
181075.300935,0,tick,""
181075.300942,0,reduction,""
181075.300945,0,sched_state,running
181075.301036,0,tick,""
181075.301042,0,reduction,""
181075.301043,0,sched_state,running
181075.301135,0,tick,""
181075.301138,0,reduction,""
181075.301141,0,sched_state,running
181075.301231,0,tick,""
181075.301236,0,reduction,""
181075.301238,0,sched_state,running
181075.301327,0,tick,""
181075.301508,0,reduction,""
181075.301511,0,sched_state,running
181075.301605,0,tick,""
181075.301621,0,reduction,""
181075.301623,0,sched_state,running
181075.301714,0,tick,""
181075.301717,0,reduction,""
181075.301719,0,sched_state,running
181075.301808,0,tick,""
181075.301813,0,reduction,""
181075.301814,0,sched_state,running
181075.301904,0,tick,""
181075.302753,0,reduction,""
181075.302757,0,sched_state,running
181075.302851,0,tick,""
181075.303276,0,queue_length,0
181075.304015,0,sched_state,running
181075.304337,0,tick,""
181075.304353,0,reduction,""
181075.304356,0,sched_state,running
181075.304554,0,tick,""
181075.304559,0,spawn,""
181075.304561,0,reduction,""
181075.304562,0,sched_state,running
181075.304954,0,tick,""
181075.304958,0,reduction,""
181075.304959,0,sched_state,running
181075.305075,0,tick,""
181075.305079,0,reduction,""
181075.305081,0,sched_state,running
181075.305196,0,tick,""
181075.305200,0,reduction,""
181075.305202,0,sched_state,running
181075.305310,0,tick,""
181075.305313,0,reduction,""
181075.305314,0,sched_state,running
181075.305421,0,tick,""
181075.305424,0,reduction,""
181075.305425,0,sched_state,running
181075.305532,0,tick,""
181075.305535,0,reduction,""
181075.305536,0,sched_state,running
181075.305723,0,tick,""
181075.305756,0,reduction,""
181075.305760,0,sched_state,running
181075.305973,0,tick,""
181075.305985,0,reduction,""
181075.305987,0,sched_state,running
181075.306196,0,tick,""
181075.306222,0,reduction,""
181075.306224,0,sched_state,running
181075.306432,0,tick,""
181075.306458,0,reduction,""
181075.306461,0,sched_state,running
181075.306673,0,tick,""
181075.306682,0,reduction,""
181075.306684,0,sched_state,running
181075.306891,0,tick,""
181075.307101,0,reduction,""
181075.307105,0,sched_state,running
181075.307320,0,tick,""
181075.307345,0,reduction,""
181075.307347,0,sched_state,running
181075.307558,0,tick,""
181075.307565,0,reduction,""
181075.307568,0,sched_state,running
181075.307778,0,tick,""
181075.307796,0,reduction,""
181075.307799,0,sched_state,running
181075.308012,0,tick,""
181075.308091,0,reduction,""
181075.308094,0,sched_state,running
181075.308301,0,tick,""
181075.308312,0,reduction,""
181075.308314,0,sched_state,running
181075.308423,0,tick,""
181075.308427,0,spawn,""
181075.308428,0,reduction,""
181075.308429,0,sched_state,running
181075.308540,0,tick,""
181075.308542,0,reduction,""
181075.308543,0,sched_state,running
181075.308651,0,tick,""
181075.308655,0,reduction,""
181075.308657,0,sched_state,running
181075.308765,0,tick,""
181075.308769,0,reduction,""
181075.308770,0,sched_state,running
181075.308879,0,tick,""
181075.308881,0,reduction,""
181075.308883,0,sched_state,running
181075.308991,0,tick,""
181075.308995,0,reduction,""
181075.308996,0,sched_state,running
181075.309205,0,tick,""
181075.309212,0,reduction,""
181075.309214,0,sched_state,running
181075.309344,0,tick,""
181075.309356,0,reduction,""
181075.309357,0,sched_state,running
181075.309470,0,tick,""
181075.309474,0,reduction,""
181075.309475,0,sched_state,running
181075.309584,0,tick,""
181075.309594,0,reduction,""
181075.309596,0,sched_state,running
181075.309704,0,tick,""
181075.309715,0,reduction,""
181075.309716,0,sched_state,running
181075.309843,0,tick,""
181075.309851,0,reduction,""
181075.309853,0,sched_state,running
181075.310065,0,tick,""
181075.310153,0,reduction,""
181075.310155,0,sched_state,running
181075.310274,0,tick,""
181075.310291,0,reduction,""
181075.310293,0,sched_state,running
181075.310570,0,tick,""
181075.310578,0,reduction,""
181075.310581,0,sched_state,running
181075.310907,0,tick,""
181075.310934,0,reduction,""
181075.310938,0,sched_state,running
181075.311031,7,sched_state,waiting
181075.311046,7,tick,""
181075.311069,2,sched_state,waiting
181075.311101,2,tick,""
181075.311112,2,sched_state,waiting
181075.311121,2,tick,""
181075.311206,3,sched_state,waiting
181075.311212,0,tick,""
181075.311213,3,tick,""
181075.311216,3,sched_state,waiting
181075.311221,3,tick,""
181075.311243,3,sched_state,waiting
181075.311248,3,tick,""
181075.311253,3,sched_state,waiting
181075.311256,3,tick,""
181075.311260,3,sched_state,waiting
181075.311265,3,tick,""
181075.311268,0,reduction,""
181075.311272,0,sched_state,running
181075.311564,0,tick,""
181075.311582,0,reduction,""
181075.311584,0,sched_state,running
181075.311879,0,tick,""
181075.311885,0,spawn,""
181075.311888,0,reduction,""
181075.311890,0,sched_state,running
181075.312063,0,tick,""
181075.312066,0,reduction,""
181075.312068,0,sched_state,running
181075.312292,0,tick,""
181075.312296,0,reduction,""
181075.312297,0,sched_state,running
181075.312504,0,tick,""
181075.312508,0,reduction,""
181075.312509,0,sched_state,running
181075.312625,0,tick,""
181075.312628,0,reduction,""
181075.312629,0,sched_state,running
181075.312744,0,tick,""
181075.312747,0,reduction,""
181075.312749,0,sched_state,running
181075.312862,0,tick,""
181075.312865,0,reduction,""
181075.312866,0,sched_state,running
181075.312978,0,tick,""
181075.312996,0,reduction,""
181075.312998,0,sched_state,running
181075.313112,0,tick,""
181075.313116,0,reduction,""
181075.313118,0,sched_state,running
181075.313233,0,tick,""
181075.313245,0,reduction,""
181075.313246,0,sched_state,running
181075.313357,0,tick,""
181075.313373,0,reduction,""
181075.313374,0,sched_state,running
181075.313487,0,tick,""
181075.313491,0,reduction,""
181075.313492,0,sched_state,running
181075.313603,0,tick,""
181075.313713,0,reduction,""
181075.313718,0,sched_state,running
181075.313832,0,tick,""
181075.313845,0,reduction,""
181075.313847,0,sched_state,running
181075.313958,0,tick,""
181075.313961,0,reduction,""
181075.313962,0,sched_state,running
181075.314073,0,tick,""
181075.314083,0,reduction,""
181075.314084,0,sched_state,running
181075.314194,0,tick,""
181075.314244,0,reduction,""
181075.314248,0,sched_state,running
181075.314660,0,tick,""
181075.314681,0,reduction,""
181075.314685,0,sched_state,running
181075.314963,0,tick,""
181075.314969,0,spawn,""
181075.314972,0,reduction,""
181075.314974,0,sched_state,running
181075.315094,0,tick,""
181075.315096,0,reduction,""
181075.315097,0,sched_state,running
181075.315210,0,tick,""
181075.315213,0,reduction,""
181075.315214,0,sched_state,running
181075.315326,0,tick,""
181075.315329,0,reduction,""
181075.315330,0,sched_state,running
181075.315443,0,tick,""
181075.315446,0,reduction,""
181075.315447,0,sched_state,running
181075.315558,0,tick,""
181075.315561,0,reduction,""
181075.315562,0,sched_state,running
181075.315672,0,tick,""
181075.315676,0,reduction,""
181075.315677,0,sched_state,running
181075.315789,0,tick,""
181075.315804,0,reduction,""
181075.315806,0,sched_state,running
181075.315918,0,tick,""
181075.315922,0,reduction,""
181075.315923,0,sched_state,running
181075.316035,0,tick,""
181075.316047,0,reduction,""
181075.316048,0,sched_state,running
181075.316165,0,tick,""
181075.316181,0,reduction,""
181075.316182,0,sched_state,running
181075.316295,0,tick,""
181075.316299,0,reduction,""
181075.316300,0,sched_state,running
181075.316411,0,tick,""
181075.316521,0,reduction,""
181075.316524,0,sched_state,running
181075.316798,0,tick,""
181075.316831,0,reduction,""
181075.316837,0,sched_state,running
181075.317127,0,tick,""
181075.317136,0,reduction,""
181075.317140,0,sched_state,running
181075.317428,0,tick,""
181075.317455,0,reduction,""
181075.317459,0,sched_state,running
181075.317751,0,tick,""
181075.317881,0,reduction,""
181075.317888,0,sched_state,running
181075.318105,0,tick,""
181075.318120,0,reduction,""
181075.318122,0,sched_state,running
181075.318293,0,tick,""
181075.318299,0,spawn,""
181075.318301,0,reduction,""
181075.318303,0,sched_state,running
181075.318452,0,tick,""
181075.318455,0,reduction,""
181075.318456,0,sched_state,running
181075.318568,0,tick,""
181075.318571,0,reduction,""
181075.318572,0,sched_state,running
181075.318685,0,tick,""
181075.318688,0,reduction,""
181075.318690,0,sched_state,running
181075.318801,0,tick,""
181075.318805,0,reduction,""
181075.318806,0,sched_state,running
181075.318918,0,tick,""
181075.318921,0,reduction,""
181075.318923,0,sched_state,running
181075.319036,0,tick,""
181075.319039,0,reduction,""
181075.319041,0,sched_state,running
181075.319153,0,tick,""
181075.319168,0,reduction,""
181075.319170,0,sched_state,running
181075.319284,0,tick,""
181075.319288,0,reduction,""
181075.319289,0,sched_state,running
181075.319404,0,tick,""
181075.319415,0,reduction,""
181075.319416,0,sched_state,running
181075.319529,0,tick,""
181075.319542,0,reduction,""
181075.319543,0,sched_state,running
181075.319657,0,tick,""
181075.319662,0,reduction,""
181075.319663,0,sched_state,running
181075.319780,0,tick,""
181075.319869,0,reduction,""
181075.319871,0,sched_state,running
181075.319987,0,tick,""
181075.320000,0,reduction,""
181075.320002,0,sched_state,running
181075.320120,0,tick,""
181075.320123,0,reduction,""
181075.320124,0,sched_state,running
181075.320238,0,tick,""
181075.320250,0,reduction,""
181075.320251,0,sched_state,running
181075.320365,0,tick,""
181075.320405,0,reduction,""
181075.320407,0,sched_state,running
181075.320579,0,tick,""
181075.320594,0,reduction,""
181075.320596,0,sched_state,running
181075.320765,0,tick,""
181075.320770,0,spawn,""
181075.320772,0,reduction,""
181075.320773,0,sched_state,running
181075.320925,0,tick,""
181075.320928,0,reduction,""
181075.320929,0,sched_state,running
181075.321042,0,tick,""
181075.321045,0,reduction,""
181075.321047,0,sched_state,running
181075.321157,0,tick,""
181075.321161,0,reduction,""
181075.321162,0,sched_state,running
181075.321274,0,tick,""
181075.321277,0,reduction,""
181075.321278,0,sched_state,running
181075.321392,0,tick,""
181075.321396,0,reduction,""
181075.321397,0,sched_state,running
181075.321511,0,tick,""
181075.321515,0,reduction,""
181075.321516,0,sched_state,running
181075.321629,0,tick,""
181075.321642,0,reduction,""
181075.321644,0,sched_state,running
181075.321759,0,tick,""
181075.321763,0,reduction,""
181075.321764,0,sched_state,running
181075.321879,0,tick,""
181075.321889,0,reduction,""
181075.321890,0,sched_state,running
181075.322002,0,tick,""
181075.322019,0,reduction,""
181075.322021,0,sched_state,running
181075.322020,7,sched_state,waiting
181075.322025,6,sched_state,waiting
181075.322024,1,sched_state,waiting
181075.322026,5,sched_state,waiting
181075.322029,7,tick,""
181075.322035,5,tick,""
181075.322036,6,tick,""
181075.322037,1,tick,""
181075.322038,5,sched_state,waiting
181075.322042,5,tick,""
181075.322050,4,sched_state,waiting
181075.322061,4,tick,""
181075.322064,5,sched_state,waiting
181075.322066,7,sched_state,waiting
181075.322066,6,sched_state,waiting
181075.322069,5,tick,""
181075.322074,7,tick,""
181075.322074,6,tick,""
181075.322088,4,sched_state,waiting
181075.322093,4,tick,""
181075.322125,1,sched_state,waiting
181075.322137,1,tick,""
181075.322141,1,sched_state,waiting
181075.322145,1,tick,""
181075.322193,0,tick,""
181075.322199,0,reduction,""
181075.322205,0,sched_state,running
181075.322363,0,tick,""
181075.322494,0,reduction,""
181075.322497,0,sched_state,running
181075.322661,0,tick,""
181075.322678,0,reduction,""
181075.322680,0,sched_state,running
181075.322955,0,tick,""
181075.322961,0,reduction,""
181075.322964,0,sched_state,running
181075.323251,0,tick,""
181075.323273,0,reduction,""
181075.323275,0,sched_state,running
181075.323449,0,tick,""
181075.323495,0,reduction,""
181075.323499,0,sched_state,running
181075.323796,0,tick,""
181075.323818,0,reduction,""
181075.323821,0,sched_state,running
181075.324144,0,tick,""
181075.324153,0,spawn,""
181075.324156,0,reduction,""
181075.324158,0,sched_state,running
181075.324342,0,tick,""
181075.324345,0,reduction,""
181075.324347,0,sched_state,running
181075.324521,0,tick,""
181075.324526,0,reduction,""
181075.324528,0,sched_state,running
181075.324705,0,tick,""
181075.324710,0,reduction,""
181075.324712,0,sched_state,running
181075.324888,0,tick,""
181075.324892,0,reduction,""
181075.324894,0,sched_state,running
181075.325068,0,tick,""
181075.325075,0,reduction,""
181075.325077,0,sched_state,running
181075.325379,0,tick,""
181075.325388,0,reduction,""
181075.325392,0,sched_state,running
181075.325691,0,tick,""
181075.325733,0,reduction,""
181075.325738,0,sched_state,running
181075.326041,0,tick,""
181075.326052,0,reduction,""
181075.326055,0,sched_state,running
181075.326353,0,tick,""
181075.326379,0,reduction,""
181075.326382,0,sched_state,running
181075.326682,0,tick,""
181075.326727,0,reduction,""
181075.326730,0,sched_state,running
181075.327032,0,tick,""
181075.327043,0,reduction,""
181075.327046,0,sched_state,running
181075.327348,0,tick,""
181075.327628,0,reduction,""
181075.327633,0,sched_state,running
181075.327941,0,tick,""
181075.327969,0,reduction,""
181075.327973,0,sched_state,running
181075.328281,0,tick,""
181075.328288,0,reduction,""
181075.328292,0,sched_state,running
181075.328594,0,tick,""
181075.328618,0,reduction,""
181075.328622,0,sched_state,running
181075.328844,0,tick,""
181075.328938,0,reduction,""
181075.328942,0,sched_state,running
181075.329209,0,tick,""
181075.329229,0,reduction,""
181075.329231,0,sched_state,running
181075.329406,0,tick,""
181075.329412,0,spawn,""
181075.329414,0,reduction,""
181075.329415,0,sched_state,running
181075.329693,0,tick,""
181075.329699,0,reduction,""
181075.329701,0,sched_state,running
181075.329978,0,tick,""
181075.329985,0,reduction,""
181075.329988,0,sched_state,running
181075.330265,0,tick,""
181075.330274,0,reduction,""
181075.330278,0,sched_state,running
181075.330558,0,tick,""
181075.330567,0,reduction,""
181075.330570,0,sched_state,running
181075.330849,0,tick,""
181075.330859,0,reduction,""
181075.330862,0,sched_state,running
181075.331143,0,tick,""
181075.331152,0,reduction,""
181075.331154,0,sched_state,running
181075.331431,0,tick,""
181075.331471,0,reduction,""
181075.331474,0,sched_state,running
181075.331756,0,tick,""
181075.331766,0,reduction,""
181075.331770,0,sched_state,running
181075.332053,0,tick,""
181075.332077,0,reduction,""
181075.332080,0,sched_state,running
181075.332364,0,tick,""
181075.332397,0,reduction,""
181075.332400,0,sched_state,running
181075.332595,0,tick,""
181075.332600,0,reduction,""
181075.332602,0,sched_state,running
181075.332760,0,tick,""
181075.332957,0,reduction,""
181075.332962,0,sched_state,running
181075.333029,5,sched_state,waiting
181075.333038,7,sched_state,waiting
181075.333046,5,tick,""
181075.333048,7,tick,""
181075.333052,5,sched_state,waiting
181075.333059,5,tick,""
181075.333086,7,sched_state,waiting
181075.333091,5,sched_state,waiting
181075.333094,7,tick,""
181075.333100,5,tick,""
181075.333220,0,tick,""
181075.333225,3,sched_state,waiting
181075.333233,3,tick,""
181075.333236,0,reduction,""
181075.333238,0,sched_state,running
181075.333253,3,sched_state,waiting
181075.333258,3,tick,""
181075.333263,3,sched_state,waiting
181075.333267,3,tick,""
181075.333272,3,sched_state,waiting
181075.333276,3,tick,""
181075.333287,3,sched_state,waiting
181075.333291,3,tick,""
181075.333370,0,tick,""
181075.333374,0,reduction,""
181075.333375,0,sched_state,running
181075.333567,0,tick,""
181075.333571,0,reduction,""
181075.333572,0,sched_state,running
181075.333686,0,tick,""
181075.333689,0,reduction,""
181075.333690,0,sched_state,running
181075.333806,0,tick,""
181075.333810,0,reduction,""
181075.333812,0,sched_state,running
181075.333927,0,tick,""
181075.334007,0,reduction,""
181075.334009,0,sched_state,running
181075.334126,0,tick,""
181075.334134,0,reduction,""
181075.334135,0,sched_state,running
181075.334277,0,tick,""
181075.334353,0,reduction,""
181075.334356,0,sched_state,running
181075.334471,0,tick,""
181075.334478,0,queue_length,0
181075.335260,0,sched_state,running
181075.335582,0,tick,""
181075.335589,0,reduction,""
181075.335591,0,sched_state,running
181075.335710,0,tick,""
181075.335714,0,reduction,""
181075.335715,0,sched_state,running
181075.335831,0,tick,""
181075.335834,0,reduction,""
181075.335835,0,sched_state,running
181075.335902,0,queue_length,1
181075.335950,0,tick,""
181075.335954,0,reduction,""
181075.335955,0,sched_state,running
181075.336069,0,tick,""
181075.336072,0,reduction,""
181075.336075,0,sched_state,running
181075.336200,0,tick,""
181075.336258,0,reduction,""
181075.336273,0,sched_state,running
181075.336415,0,tick,""
181075.336421,0,reduction,""
181075.336423,0,sched_state,running
181075.336713,0,tick,""
181075.336719,0,spawn,""
181075.336721,0,reduction,""
181075.336723,0,sched_state,running
181075.336957,0,tick,""
181075.336961,0,reduction,""
181075.336964,0,sched_state,running
181075.337140,0,tick,""
181075.337145,0,reduction,""
181075.337146,0,sched_state,running
181075.337321,0,tick,""
181075.337326,0,reduction,""
181075.337327,0,sched_state,running
181075.337503,0,tick,""
181075.337507,0,reduction,""
181075.337509,0,sched_state,running
181075.337685,0,tick,""
181075.337691,0,reduction,""
181075.337693,0,sched_state,running
181075.337851,0,tick,""
181075.337994,0,reduction,""
181075.337999,0,sched_state,running
181075.338178,0,tick,""
181075.338185,0,reduction,""
181075.338187,0,sched_state,running
181075.338352,0,tick,""
181075.338461,0,reduction,""
181075.338464,0,sched_state,running
181075.338637,0,tick,""
181075.338643,0,reduction,""
181075.338645,0,sched_state,running
181075.338815,0,tick,""
181075.338829,0,reduction,""
181075.338831,0,sched_state,running
181075.338949,0,tick,""
181075.338968,0,reduction,""
181075.338971,0,sched_state,running
181075.339144,0,tick,""
181075.339157,0,reduction,""
181075.339159,0,sched_state,running
181075.339333,0,tick,""
181075.339578,0,reduction,""
181075.339581,0,sched_state,running
181075.339703,0,tick,""
181075.339711,0,reduction,""
181075.339713,0,sched_state,running
181075.339827,0,tick,""
181075.339834,0,reduction,""
181075.339835,0,sched_state,running
181075.339948,0,tick,""
181075.339955,0,reduction,""
181075.339956,0,sched_state,running
181075.340069,0,tick,""
181075.340075,0,reduction,""
181075.340077,0,sched_state,running
181075.340199,0,tick,""
181075.340206,0,reduction,""
181075.340207,0,sched_state,running
181075.340320,0,tick,""
181075.340326,0,reduction,""
181075.340327,0,sched_state,running
181075.340439,0,tick,""
181075.340445,0,reduction,""
181075.340446,0,sched_state,running
181075.340559,0,tick,""
181075.340943,0,sched_state,running
181075.341063,0,tick,""
181075.341067,0,reduction,""
181075.341068,0,sched_state,running
181075.341180,0,tick,""
181075.341184,0,reduction,""
181075.341185,0,sched_state,running
181075.341295,0,tick,""
181075.341298,0,reduction,""
181075.341299,0,sched_state,running
181075.341410,0,tick,""
181075.341413,0,reduction,""
181075.341414,0,sched_state,running
181075.341525,0,tick,""
181075.341528,0,reduction,""
181075.341529,0,sched_state,running
181075.341636,0,tick,""
181075.341654,0,queue_length,2
181075.341700,0,reduction,""
181075.341703,0,sched_state,running
181075.341879,0,tick,""
181075.341886,0,reduction,""
181075.341888,0,sched_state,running
181075.342063,0,tick,""
181075.342068,0,spawn,""
181075.342071,0,reduction,""
181075.342072,0,sched_state,running
181075.342251,0,tick,""
181075.342254,0,reduction,""
181075.342255,0,sched_state,running
181075.342432,0,tick,""
181075.342436,0,reduction,""
181075.342437,0,sched_state,running
181075.342613,0,tick,""
181075.342618,0,reduction,""
181075.342620,0,sched_state,running
181075.342794,0,tick,""
181075.342798,0,reduction,""
181075.342800,0,sched_state,running
181075.342961,0,tick,""
181075.342965,0,reduction,""
181075.342966,0,sched_state,running
181075.343139,0,tick,""
181075.343251,0,reduction,""
181075.343254,0,sched_state,running
181075.343431,0,tick,""
181075.343438,0,reduction,""
181075.343440,0,sched_state,running
181075.343616,0,tick,""
181075.343726,0,reduction,""
181075.343728,0,sched_state,running
181075.343907,0,tick,""
181075.343914,0,reduction,""
181075.343916,0,sched_state,running
181075.344016,1,sched_state,waiting
181075.344016,6,sched_state,waiting
181075.344018,7,sched_state,waiting
181075.344024,6,tick,""
181075.344025,1,tick,""
181075.344028,7,tick,""
181075.344040,4,sched_state,waiting
181075.344047,4,tick,""
181075.344049,4,sched_state,waiting
181075.344052,4,tick,""
181075.344059,1,sched_state,waiting
181075.344062,6,sched_state,waiting
181075.344066,1,tick,""
181075.344069,6,tick,""
181075.344088,5,sched_state,waiting
181075.344089,0,tick,""
181075.344094,5,tick,""
181075.344105,0,reduction,""
181075.344105,4,sched_state,waiting
181075.344113,4,tick,""
181075.344116,4,sched_state,waiting
181075.344118,4,tick,""
181075.344120,0,sched_state,running
181075.344119,5,sched_state,waiting
181075.344129,5,tick,""
181075.344314,0,tick,""
181075.344328,0,reduction,""
181075.344330,0,sched_state,running
181075.344461,0,tick,""
181075.344475,0,reduction,""
181075.344477,0,sched_state,running
181075.344599,0,tick,""
181075.344790,0,reduction,""
181075.344792,0,sched_state,running
181075.344917,0,tick,""
181075.344927,0,reduction,""
181075.344929,0,sched_state,running
181075.345048,0,tick,""
181075.345055,0,reduction,""
181075.345056,0,sched_state,running
181075.345174,0,tick,""
181075.345181,0,reduction,""
181075.345182,0,sched_state,running
181075.345299,0,tick,""
181075.345305,0,reduction,""
181075.345306,0,sched_state,running
181075.345422,0,tick,""
181075.345428,0,reduction,""
181075.345430,0,sched_state,running
181075.345547,0,tick,""
181075.345553,0,reduction,""
181075.345555,0,sched_state,running
181075.345671,0,tick,""
181075.345677,0,reduction,""
181075.345678,0,sched_state,running
181075.345794,0,tick,""
181075.345802,0,queue_length,1
181075.349032,0,sched_state,running
181075.349291,0,tick,""
181075.349299,0,reduction,""
181075.349300,0,sched_state,running
181075.349429,0,tick,""
181075.349434,0,reduction,""
181075.349436,0,sched_state,running
181075.349554,0,tick,""
181075.349557,0,reduction,""
181075.349558,0,sched_state,running
181075.349670,0,tick,""
181075.349673,0,reduction,""
181075.349675,0,sched_state,running
181075.349787,0,tick,""
181075.349791,0,reduction,""
181075.349792,0,sched_state,running
181075.349902,0,tick,""
181075.350001,0,reduction,""
181075.350003,0,sched_state,running
181075.350365,0,tick,""
181075.350373,0,reduction,""
181075.350378,0,sched_state,running
181075.350725,0,queue_length,2
181075.350735,0,tick,""
181075.350741,0,spawn,""
181075.350746,0,reduction,""
181075.350748,0,sched_state,running
181075.350919,0,tick,""
181075.350923,0,reduction,""
181075.350926,0,sched_state,running
181075.351090,0,tick,""
181075.351094,0,reduction,""
181075.351096,0,sched_state,running
181075.351257,0,tick,""
181075.351262,0,reduction,""
181075.351264,0,sched_state,running
181075.351428,0,tick,""
181075.351432,0,reduction,""
181075.351434,0,sched_state,running
181075.351598,0,tick,""
181075.351605,0,reduction,""
181075.351606,0,sched_state,running
181075.351770,0,tick,""
181075.351921,0,reduction,""
181075.351924,0,sched_state,running
181075.352086,0,tick,""
181075.352093,0,reduction,""
181075.352095,0,sched_state,running
181075.352269,0,tick,""
181075.352374,0,reduction,""
181075.352379,0,sched_state,running
181075.352540,0,tick,""
181075.352547,0,reduction,""
181075.352549,0,sched_state,running
181075.352707,0,tick,""
181075.352722,0,reduction,""
181075.352724,0,sched_state,running
181075.352880,0,tick,""
181075.352896,0,reduction,""
181075.352898,0,sched_state,running
181075.353055,0,tick,""
181075.353069,0,reduction,""
181075.353071,0,sched_state,running
181075.353230,0,tick,""
181075.353535,0,reduction,""
181075.353539,0,sched_state,running
181075.353704,0,tick,""
181075.353715,0,reduction,""
181075.353717,0,sched_state,running
181075.353878,0,tick,""
181075.353889,0,reduction,""
181075.353891,0,sched_state,running
181075.354051,0,tick,""
181075.354060,0,reduction,""
181075.354062,0,sched_state,running
181075.354220,0,tick,""
181075.354231,0,reduction,""
181075.354234,0,sched_state,running
181075.354393,0,tick,""
181075.354402,0,reduction,""
181075.354404,0,sched_state,running
181075.354563,0,tick,""
181075.354573,0,reduction,""
181075.354575,0,sched_state,running
181075.354733,0,tick,""
181075.354742,0,reduction,""
181075.354744,0,sched_state,running
181075.354900,0,tick,""
181075.354910,0,queue_length,1
181075.355017,6,sched_state,waiting
181075.355021,7,sched_state,waiting
181075.355027,2,sched_state,waiting
181075.355050,2,tick,""
181075.355617,5,sched_state,running
181075.355904,3,sched_state,waiting
181075.355978,7,tick,""
181075.356004,6,tick,""
181075.356146,6,sched_state,waiting
181075.356250,6,tick,""
181075.356665,7,sched_state,waiting
181075.356693,7,tick,""
181075.356716,3,tick,""
181075.356766,3,sched_state,waiting
181075.356770,5,tick,""
181075.356854,5,reduction,""
181075.356860,5,sched_state,running
181075.356880,3,tick,""
181075.357607,5,tick,""
181075.357635,5,reduction,""
181075.357638,5,sched_state,running
181075.358032,5,tick,""
181075.358049,5,reduction,""
181075.358050,5,sched_state,running
181075.358196,0,sched_state,running
181075.358388,5,tick,""
181075.358405,5,reduction,""
181075.358408,5,sched_state,running
181075.358646,0,tick,""
181075.358656,0,reduction,""
181075.358658,0,sched_state,running
181075.358714,5,tick,""
181075.358911,0,tick,""
181075.358920,0,reduction,""
181075.358923,0,sched_state,running
181075.359011,5,reduction,""
181075.359014,5,sched_state,running
181075.359128,0,tick,""
181075.359134,0,reduction,""
181075.359136,0,sched_state,running
181075.359327,0,tick,""
181075.359336,0,reduction,""
181075.359338,0,sched_state,running
181075.359567,5,tick,""
181075.359582,5,reduction,""
181075.359584,5,sched_state,running
181075.359589,0,tick,""
181075.359597,0,reduction,""
181075.359599,0,sched_state,running
181075.359838,0,tick,""
181075.359856,0,queue_length,2
181075.359932,0,reduction,""
181075.359935,0,sched_state,running
181075.359965,5,tick,""
181075.359976,5,reduction,""
181075.359978,5,sched_state,running
181075.360188,0,tick,""
181075.360195,0,reduction,""
181075.360197,0,sched_state,running
181075.360318,5,tick,""
181075.360326,5,reduction,""
181075.360328,5,sched_state,running
181075.360376,0,tick,""
181075.360382,0,spawn,""
181075.360385,0,reduction,""
181075.360387,0,sched_state,running
181075.360568,0,tick,""
181075.360572,0,reduction,""
181075.360573,0,sched_state,running
181075.360603,5,tick,""
181075.360611,5,reduction,""
181075.360612,5,sched_state,running
181075.360762,0,tick,""
181075.360767,0,reduction,""
181075.360769,0,sched_state,running
181075.360892,5,tick,""
181075.360899,5,reduction,""
181075.360900,5,sched_state,running
181075.360947,0,tick,""
181075.360952,0,reduction,""
181075.360954,0,sched_state,running
181075.361133,0,tick,""
181075.361137,0,reduction,""
181075.361139,0,sched_state,running
181075.361175,5,tick,""
181075.361181,5,reduction,""
181075.361183,5,sched_state,running
181075.361326,0,tick,""
181075.361331,0,reduction,""
181075.361334,0,sched_state,running
181075.361457,5,tick,""
181075.361463,5,reduction,""
181075.361465,5,sched_state,running
181075.361514,0,tick,""
181075.361666,0,reduction,""
181075.361671,0,sched_state,running
181075.361742,5,tick,""
181075.361749,5,reduction,""
181075.361750,5,sched_state,running
181075.361992,0,tick,""
181075.361999,0,reduction,""
181075.362001,0,sched_state,running
181075.362177,5,tick,""
181075.362186,5,reduction,""
181075.362187,5,sched_state,running
181075.362205,0,tick,""
181075.362302,0,reduction,""
181075.362307,0,sched_state,running
181075.362432,0,tick,""
181075.362437,0,reduction,""
181075.362438,0,sched_state,running
181075.362499,5,tick,""
181075.362507,5,reduction,""
181075.362509,5,sched_state,running
181075.362563,0,tick,""
181075.362576,0,reduction,""
181075.362577,0,sched_state,running
181075.362694,0,tick,""
181075.362708,0,reduction,""
181075.362710,0,sched_state,running
181075.362831,0,tick,""
181075.362840,0,reduction,""
181075.362842,0,sched_state,running
181075.362957,5,tick,""
181075.362961,0,tick,""
181075.362965,5,reduction,""
181075.362967,5,sched_state,running
181075.363180,0,reduction,""
181075.363183,0,sched_state,running
181075.363247,5,tick,""
181075.363252,5,reduction,""
181075.363254,5,sched_state,running
181075.363309,0,tick,""
181075.363318,0,reduction,""
181075.363320,0,sched_state,running
181075.363440,0,tick,""
181075.363448,0,reduction,""
181075.363449,0,sched_state,running
181075.363538,5,tick,""
181075.363545,5,reduction,""
181075.363547,5,sched_state,running
181075.363573,0,tick,""
181075.363581,0,reduction,""
181075.363582,0,sched_state,running
181075.363700,0,tick,""
181075.363707,0,reduction,""
181075.363708,0,sched_state,running
181075.363825,0,tick,""
181075.363831,0,reduction,""
181075.363833,0,sched_state,running
181075.363951,0,tick,""
181075.363957,0,reduction,""
181075.363958,0,sched_state,running
181075.363991,5,tick,""
181075.363998,5,reduction,""
181075.364000,5,sched_state,running
181075.364074,0,tick,""
181075.364080,0,reduction,""
181075.364081,0,sched_state,running
181075.364212,0,tick,""
181075.364290,5,tick,""
181075.364295,5,reduction,""
181075.364296,5,sched_state,running
181075.364571,5,tick,""
181075.364577,5,sched_state,running
181075.364789,0,sched_state,running
181075.364790,0,queue_length,3
181075.364861,5,tick,""
181075.364867,5,reduction,""
181075.364868,5,sched_state,running
181075.364921,0,tick,""
181075.364925,0,reduction,""
181075.364927,0,sched_state,running
181075.365051,0,tick,""
181075.365055,0,reduction,""
181075.365056,0,sched_state,running
181075.365149,5,tick,""
181075.365155,5,reduction,""
181075.365157,5,sched_state,running
181075.365195,0,tick,""
181075.365200,0,reduction,""
181075.365202,0,sched_state,running
181075.365385,0,tick,""
181075.365391,0,reduction,""
181075.365393,0,sched_state,running
181075.365575,0,tick,""
181075.365581,0,reduction,""
181075.365583,0,sched_state,running
181075.365604,5,tick,""
181075.365609,5,reduction,""
181075.365611,5,sched_state,running
181075.365765,0,tick,""
181075.365822,0,reduction,""
181075.365825,0,sched_state,running
181075.365930,5,tick,""
181075.365935,5,reduction,""
181075.365936,5,sched_state,running
181075.366000,0,tick,""
181075.366006,0,reduction,""
181075.366008,0,sched_state,running
181075.366176,0,tick,""
181075.366184,0,spawn,""
181075.366186,0,reduction,""
181075.366188,0,sched_state,running
181075.366372,0,tick,""
181075.366375,0,reduction,""
181075.366377,0,sched_state,running
181075.366378,5,tick,""
181075.366382,5,reduction,""
181075.366384,5,sched_state,running
181075.366553,0,tick,""
181075.366557,0,reduction,""
181075.366559,0,sched_state,running
181075.366735,0,tick,""
181075.366740,0,reduction,""
181075.366742,0,sched_state,running
181075.366829,5,tick,""
181075.366918,0,tick,""
181075.366923,0,reduction,""
181075.366925,0,sched_state,running
181075.367019,3,sched_state,waiting
181075.367019,7,sched_state,waiting
181075.367440,1,sched_state,waiting
181075.367490,0,tick,""
181075.367498,0,reduction,""
181075.367500,0,sched_state,running
181075.367640,3,tick,""
181075.367653,7,tick,""
181075.367658,7,sched_state,waiting
181075.367706,7,tick,""
181075.367731,6,sched_state,waiting
181075.367740,7,sched_state,waiting
181075.367741,6,tick,""
181075.367764,6,sched_state,waiting
181075.367769,6,tick,""
181075.367797,7,tick,""
181075.367803,7,sched_state,waiting
181075.367807,7,tick,""
181075.367905,0,tick,""
181075.367989,1,tick,""
181075.368014,1,sched_state,waiting
181075.368022,1,tick,""
181075.368027,1,sched_state,waiting
181075.368031,1,tick,""
181075.368053,0,reduction,""
181075.368055,0,sched_state,running
181075.368257,0,tick,""
181075.368265,0,reduction,""
181075.368267,0,sched_state,running
181075.368267,4,sched_state,running
181075.368646,0,tick,""
181075.368732,4,tick,""
181075.368743,4,reduction,""
181075.368744,4,sched_state,running
181075.368842,0,reduction,""
181075.368845,0,sched_state,running
181075.368899,4,tick,""
181075.368905,4,reduction,""
181075.368906,4,sched_state,running
181075.369026,0,tick,""
181075.369033,0,reduction,""
181075.369034,0,sched_state,running
181075.369050,4,tick,""
181075.369055,4,reduction,""
181075.369056,4,sched_state,running
181075.369197,4,tick,""
181075.369202,4,reduction,""
181075.369203,4,sched_state,running
181075.369210,0,tick,""
181075.369225,0,reduction,""
181075.369227,0,sched_state,running
181075.369307,7,channel_blocked,540
181075.369310,5,yield,""
181075.369342,4,tick,""
181075.369346,4,reduction,""
181075.369348,4,sched_state,running
181075.369391,0,tick,""
181075.369410,0,reduction,""
181075.369412,0,sched_state,running
181075.369487,4,tick,""
181075.369491,4,reduction,""
181075.369492,4,sched_state,running
181075.369588,0,tick,""
181075.369603,0,reduction,""
181075.369606,0,sched_state,running
181075.369699,5,sched_state,running
181075.369714,5,tick,""
181075.369723,5,queue_length,0
181075.369728,5,sched_state,waiting
181075.369727,4,tick,""
181075.369733,5,tick,""
181075.369735,4,reduction,""
181075.369737,4,sched_state,running
181075.369756,5,sched_state,waiting
181075.369760,5,tick,""
181075.369866,0,tick,""
181075.370124,4,tick,""
181075.370129,4,reduction,""
181075.370131,4,sched_state,running
181075.370276,4,tick,""
181075.370280,4,reduction,""
181075.370282,4,sched_state,running
181075.370388,0,reduction,""
181075.370392,0,sched_state,running
181075.370422,4,tick,""
181075.370426,4,reduction,""
181075.370427,4,sched_state,running
181075.370564,4,tick,""
181075.370568,4,reduction,""
181075.370569,4,sched_state,running
181075.370582,0,tick,""
181075.370594,0,reduction,""
181075.370596,0,sched_state,running
181075.370735,4,tick,""
181075.370740,4,reduction,""
181075.370741,4,sched_state,running
181075.370779,0,tick,""
181075.370789,0,reduction,""
181075.370791,0,sched_state,running
181075.370879,4,tick,""
181075.370883,4,reduction,""
181075.370884,4,sched_state,running
181075.370970,0,tick,""
181075.370981,0,reduction,""
181075.370983,0,sched_state,running
181075.371023,4,tick,""
181075.371126,0,tick,""
181075.371136,0,reduction,""
181075.371138,0,sched_state,running
181075.371316,0,tick,""
181075.371325,0,reduction,""
181075.371327,0,sched_state,running
181075.371488,8,channel_blocked,635
181075.371490,4,yield,""
181075.371493,4,sched_state,running
181075.371498,4,tick,""
181075.371504,4,queue_length,0
181075.371507,0,tick,""
181075.371514,4,queue_length,0
181075.371516,0,reduction,""
181075.371518,0,sched_state,running
181075.371518,4,sched_state,waiting
181075.371547,4,tick,""
181075.371569,4,sched_state,waiting
181075.371572,4,tick,""
181075.371692,0,tick,""
181075.371702,0,reduction,""
181075.371704,0,sched_state,running
181075.371884,0,tick,""
181075.372658,0,sched_state,running
181075.372795,0,tick,""
181075.372801,0,reduction,""
181075.372803,0,sched_state,running
181075.372987,0,tick,""
181075.372993,0,reduction,""
181075.372995,0,sched_state,running
181075.373177,0,tick,""
181075.373181,0,reduction,""
181075.373183,0,sched_state,running
181075.373359,0,tick,""
181075.373365,0,reduction,""
181075.373367,0,sched_state,running
181075.373544,0,tick,""
181075.373549,0,reduction,""
181075.373551,0,sched_state,running
181075.373569,0,queue_length,4
181075.373700,0,tick,""
181075.373766,0,reduction,""
181075.373769,0,sched_state,running
181075.373944,0,tick,""
181075.373950,0,reduction,""
181075.373952,0,sched_state,running
181075.374130,0,tick,""
181075.374135,0,spawn,""
181075.374137,0,reduction,""
181075.374139,0,sched_state,running
181075.374318,0,tick,""
181075.374322,0,reduction,""
181075.374323,0,sched_state,running
181075.374502,0,tick,""
181075.374506,0,reduction,""
181075.374508,0,sched_state,running
181075.374656,0,tick,""
181075.374661,0,reduction,""
181075.374662,0,sched_state,running
181075.374837,0,tick,""
181075.374841,0,reduction,""
181075.374843,0,sched_state,running
181075.375021,0,tick,""
181075.375026,0,reduction,""
181075.375028,0,sched_state,running
181075.375177,0,tick,""
181075.375294,0,reduction,""
181075.375297,0,sched_state,running
181075.375477,0,tick,""
181075.375484,0,reduction,""
181075.375485,0,sched_state,running
181075.375657,0,tick,""
181075.375766,0,reduction,""
181075.375769,0,sched_state,running
181075.375948,0,tick,""
181075.375955,0,reduction,""
181075.375957,0,sched_state,running
181075.376134,0,tick,""
181075.376148,0,reduction,""
181075.376150,0,sched_state,running
181075.376324,0,tick,""
181075.376339,0,reduction,""
181075.376342,0,sched_state,running
181075.376482,0,tick,""
181075.376493,0,reduction,""
181075.376494,0,sched_state,running
181075.376612,0,tick,""
181075.376814,0,reduction,""
181075.376816,0,sched_state,running
181075.376939,0,tick,""
181075.376947,0,reduction,""
181075.376948,0,sched_state,running
181075.377066,0,tick,""
181075.377073,0,reduction,""
181075.377074,0,sched_state,running
181075.377190,0,tick,""
181075.377197,0,reduction,""
181075.377198,0,sched_state,running
181075.377313,0,tick,""
181075.377320,0,reduction,""
181075.377321,0,sched_state,running
181075.377437,0,tick,""
181075.377443,0,reduction,""
181075.377444,0,sched_state,running
181075.377559,0,tick,""
181075.377565,0,reduction,""
181075.377567,0,sched_state,running
181075.377681,0,tick,""
181075.377687,0,reduction,""
181075.377688,0,sched_state,running
181075.377803,0,tick,""
181075.378015,3,sched_state,waiting
181075.378030,6,sched_state,waiting
181075.378039,6,tick,""
181075.378041,3,tick,""
181075.378066,3,sched_state,waiting
181075.378072,3,tick,""
181075.378120,6,sched_state,waiting
181075.378127,6,tick,""
181075.378132,6,sched_state,waiting
181075.378137,6,tick,""
181075.378142,6,sched_state,waiting
181075.378146,6,tick,""
181075.378773,0,sched_state,running
181075.378968,0,tick,""
181075.378973,7,sched_state,waiting
181075.378974,0,reduction,""
181075.378976,0,sched_state,running
181075.378981,7,tick,""
181075.378986,7,sched_state,waiting
181075.378991,7,tick,""
181075.378994,7,sched_state,waiting
181075.378998,7,tick,""
181075.379009,1,sched_state,waiting
181075.379017,1,tick,""
181075.379019,7,sched_state,waiting
181075.379023,7,tick,""
181075.379028,7,sched_state,waiting
181075.379031,7,tick,""
181075.379047,1,sched_state,waiting
181075.379053,1,tick,""
181075.379112,0,tick,""
181075.379117,0,reduction,""
181075.379119,0,sched_state,running
181075.379318,0,tick,""
181075.379324,0,reduction,""
181075.379326,0,sched_state,running
181075.379447,0,tick,""
181075.379452,0,reduction,""
181075.379453,0,sched_state,running
181075.379573,0,tick,""
181075.379577,0,reduction,""
181075.379578,0,sched_state,running
181075.379694,0,tick,""
181075.379745,0,reduction,""
181075.379749,0,sched_state,running
181075.379940,0,tick,""
181075.379947,0,reduction,""
181075.379949,0,sched_state,running
181075.380348,5,sched_state,waiting
181075.380354,5,tick,""
181075.380360,0,tick,""
181075.380366,0,spawn,""
181075.380368,0,reduction,""
181075.380370,0,sched_state,running
181075.380560,5,sched_state,waiting
181075.380565,5,tick,""
181075.380574,0,tick,""
181075.380577,0,reduction,""
181075.380578,0,sched_state,running
181075.380701,0,tick,""
181075.380704,0,reduction,""
181075.380706,0,sched_state,running
181075.380915,0,tick,""
181075.380919,0,reduction,""
181075.380921,0,sched_state,running
181075.381037,0,tick,""
181075.381040,0,reduction,""
181075.381042,0,sched_state,running
181075.381157,0,tick,""
181075.381162,0,reduction,""
181075.381163,0,sched_state,running
181075.381278,0,tick,""
181075.381400,0,reduction,""
181075.381404,0,sched_state,running
181075.381524,0,tick,""
181075.381531,0,reduction,""
181075.381533,0,sched_state,running
181075.381572,0,queue_length,5
181075.381651,0,tick,""
181075.381725,0,reduction,""
181075.381728,0,sched_state,running
181075.382008,4,sched_state,waiting
181075.382020,4,tick,""
181075.382038,4,sched_state,waiting
181075.382045,4,tick,""
181075.382163,0,tick,""
181075.382174,0,reduction,""
181075.382177,0,sched_state,running
181075.382486,0,tick,""
181075.382505,0,reduction,""
181075.382508,0,sched_state,running
181075.382636,0,tick,""
181075.382654,0,reduction,""
181075.382656,0,sched_state,running
181075.382836,0,tick,""
181075.382851,0,reduction,""
181075.382853,0,sched_state,running
181075.383031,0,tick,""
181075.383343,0,reduction,""
181075.383347,0,sched_state,running
181075.383533,0,tick,""
181075.383547,0,reduction,""
181075.383548,0,sched_state,running
181075.383684,0,tick,""
181075.383696,0,reduction,""
181075.383698,0,sched_state,running
181075.383884,0,tick,""
181075.383894,0,reduction,""
181075.383896,0,sched_state,running
181075.384074,0,tick,""
181075.384084,0,reduction,""
181075.384086,0,sched_state,running
181075.384241,0,tick,""
181075.384248,0,reduction,""
181075.384250,0,sched_state,running
181075.384369,0,tick,""
181075.384376,0,reduction,""
181075.384377,0,sched_state,running
181075.384495,0,tick,""
181075.384501,0,reduction,""
181075.384502,0,sched_state,running
181075.384620,0,tick,""
181075.385381,0,sched_state,running
181075.385382,0,queue_length,6
181075.385510,0,tick,""
181075.385514,0,reduction,""
181075.385516,0,sched_state,running
181075.385637,0,tick,""
181075.385642,0,reduction,""
181075.385643,0,sched_state,running
181075.385763,0,tick,""
181075.385767,0,reduction,""
181075.385768,0,sched_state,running
181075.385891,0,tick,""
181075.385895,0,reduction,""
181075.385897,0,sched_state,running
181075.386015,0,tick,""
181075.386019,0,reduction,""
181075.386021,0,sched_state,running
181075.386139,0,tick,""
181075.386197,0,reduction,""
181075.386199,0,sched_state,running
181075.386375,0,tick,""
181075.386381,0,reduction,""
181075.386383,0,sched_state,running
181075.386560,0,tick,""
181075.386566,0,spawn,""
181075.386568,0,reduction,""
181075.386570,0,sched_state,running
181075.386764,0,tick,""
181075.386768,0,reduction,""
181075.386770,0,sched_state,running
181075.387063,0,tick,""
181075.387068,0,reduction,""
181075.387071,0,sched_state,running
181075.387249,0,tick,""
181075.387254,0,reduction,""
181075.387255,0,sched_state,running
181075.387374,0,tick,""
181075.387378,0,reduction,""
181075.387379,0,sched_state,running
181075.387549,0,tick,""
181075.387555,0,reduction,""
181075.387557,0,sched_state,running
181075.387733,0,tick,""
181075.387874,0,reduction,""
181075.387878,0,sched_state,running
181075.388052,0,tick,""
181075.388059,0,reduction,""
181075.388061,0,sched_state,running
181075.388241,0,tick,""
181075.388350,0,reduction,""
181075.388352,0,sched_state,running
181075.388474,0,tick,""
181075.388480,0,reduction,""
181075.388482,0,sched_state,running
181075.388641,0,tick,""
181075.388655,0,reduction,""
181075.388657,0,sched_state,running
181075.388832,0,tick,""
181075.388847,0,reduction,""
181075.388850,0,sched_state,running
181075.389013,3,sched_state,waiting
181075.389014,6,sched_state,waiting
181075.389020,3,tick,""
181075.389022,6,tick,""
181075.389029,0,tick,""
181075.389043,0,reduction,""
181075.389044,3,sched_state,waiting
181075.389046,0,sched_state,running
181075.389048,3,tick,""
181075.389052,3,sched_state,waiting
181075.389056,3,tick,""
181075.389061,3,sched_state,waiting
181075.389073,3,tick,""
181075.389237,6,sched_state,waiting
181075.389244,6,tick,""
181075.389247,0,tick,""
181075.389248,6,sched_state,waiting
181075.389254,6,tick,""
181075.389258,6,sched_state,waiting
181075.389263,6,tick,""
181075.389457,0,reduction,""
181075.389460,0,sched_state,running
181075.389597,0,tick,""
181075.389605,0,reduction,""
181075.389607,0,sched_state,running
181075.389732,0,tick,""
181075.389739,0,reduction,""
181075.389741,0,sched_state,running
181075.389861,0,tick,""
181075.389870,0,reduction,""
181075.389872,0,sched_state,running
181075.389990,0,tick,""
181075.389997,0,reduction,""
181075.389998,0,sched_state,running
181075.390011,1,sched_state,waiting
181075.390017,1,tick,""
181075.390032,1,sched_state,waiting
181075.390035,1,tick,""
181075.390050,7,sched_state,waiting
181075.390063,7,tick,""
181075.390066,7,sched_state,waiting
181075.390071,7,tick,""
181075.390090,7,sched_state,waiting
181075.390094,7,tick,""
181075.390116,0,tick,""
181075.390123,0,reduction,""
181075.390124,0,sched_state,running
181075.390240,0,tick,""
181075.390246,0,reduction,""
181075.390247,0,sched_state,running
181075.390363,0,tick,""
181075.390369,0,reduction,""
181075.390370,0,sched_state,running
181075.390486,0,tick,""
181075.391011,5,sched_state,waiting
181075.391019,5,tick,""
181075.391039,5,sched_state,waiting
181075.391044,5,tick,""
181075.391071,0,sched_state,running
181075.391196,0,tick,""
181075.391200,0,reduction,""
181075.391201,0,sched_state,running
181075.391317,0,tick,""
181075.391325,0,reduction,""
181075.391326,0,sched_state,running
181075.391441,0,tick,""
181075.391444,0,reduction,""
181075.391446,0,sched_state,running
181075.391559,0,tick,""
181075.391562,0,reduction,""
181075.391563,0,sched_state,running
181075.391677,0,tick,""
181075.391680,0,reduction,""
181075.391681,0,sched_state,running
181075.391794,0,tick,""
181075.391797,0,reduction,""
181075.391798,0,sched_state,running
181075.391911,0,tick,""
181075.392497,0,channel_blocked,87
181075.392500,0,yield,""
181075.392503,0,sched_state,running
181075.392630,0,tick,""
181075.392635,0,sched_state,running
181075.392753,0,tick,""
181075.392757,0,reduction,""
181075.392759,0,sched_state,running
181075.392874,0,tick,""
181075.392880,0,reduction,""
181075.392881,0,sched_state,running
181075.392997,0,tick,""
181075.393000,0,reduction,""
181075.393001,0,sched_state,running
181075.393119,4,sched_state,waiting
181075.393124,4,tick,""
181075.393132,0,tick,""
181075.393136,0,reduction,""
181075.393138,0,sched_state,running
181075.393263,4,sched_state,waiting
181075.393267,4,tick,""
181075.393270,4,sched_state,waiting
181075.393272,0,tick,""
181075.393275,0,reduction,""
181075.393276,0,sched_state,running
181075.393279,4,tick,""
181075.393396,0,tick,""
181075.393401,0,reduction,""
181075.393402,0,sched_state,running
181075.393520,0,tick,""
181075.394177,1,channel_blocked,180
181075.394179,0,yield,""
181075.394182,0,sched_state,running
181075.394312,0,tick,""
181075.394417,0,queue_length,7
181075.394422,0,queue_length,6
181075.396266,0,sched_state,running
181075.396585,0,tick,""
181075.396594,0,reduction,""
181075.396596,0,sched_state,running
181075.396792,0,tick,""
181075.396802,0,reduction,""
181075.396804,0,sched_state,running
181075.396993,0,tick,""
181075.396999,0,reduction,""
181075.397000,0,sched_state,running
181075.397176,0,tick,""
181075.397181,0,reduction,""
181075.397184,0,sched_state,running
181075.397362,0,tick,""
181075.397367,0,reduction,""
181075.397369,0,sched_state,running
181075.397557,0,tick,""
181075.397562,0,reduction,""
181075.397564,0,sched_state,running
181075.397740,0,tick,""
181075.398810,2,channel_blocked,228
181075.398813,0,yield,""
181075.398817,0,sched_state,running
181075.399138,0,tick,""
181075.399144,0,sched_state,running
181075.399323,0,tick,""
181075.399328,0,reduction,""
181075.399330,0,sched_state,running
181075.399519,0,tick,""
181075.399544,0,reduction,""
181075.399548,0,sched_state,running
181075.399775,0,tick,""
181075.399780,0,reduction,""
181075.399784,0,sched_state,running
181075.400013,6,sched_state,waiting
181075.400143,3,sched_state,waiting
181075.400309,6,tick,""
181075.400318,0,tick,""
181075.400323,0,reduction,""
181075.400326,0,sched_state,running
181075.400336,3,tick,""
181075.400362,3,sched_state,waiting
181075.400421,3,tick,""
181075.400690,0,tick,""
181075.400698,0,reduction,""
181075.400700,0,sched_state,running
181075.400828,0,tick,""
181075.400834,0,reduction,""
181075.400835,0,sched_state,running
181075.400866,2,sched_state,waiting
181075.401009,7,sched_state,waiting
181075.401015,1,sched_state,waiting
181075.401144,0,tick,""
181075.401254,1,tick,""
181075.401258,1,sched_state,waiting
181075.401265,1,tick,""
181075.401269,7,tick,""
181075.401270,2,tick,""
181075.401295,7,sched_state,waiting
181075.401296,1,sched_state,waiting
181075.401301,1,tick,""
181075.401302,7,tick,""
181075.402192,5,sched_state,waiting
181075.402220,5,tick,""
181075.402249,5,sched_state,waiting
181075.402263,5,tick,""
181075.402390,3,channel_blocked,281
181075.402393,0,yield,""
181075.402396,0,sched_state,running
181075.402551,0,tick,""
181075.402559,0,queue_length,5
181075.404292,0,sched_state,running
181075.404811,0,tick,""
181075.404818,0,reduction,""
181075.404819,0,sched_state,running
181075.404970,4,sched_state,running
181075.404987,0,tick,""
181075.405000,0,reduction,""
181075.405003,0,sched_state,running
181075.405188,0,tick,""
181075.405193,0,reduction,""
181075.405194,0,sched_state,running
181075.405291,4,tick,""
181075.405300,4,reduction,""
181075.405301,4,sched_state,running
181075.405375,0,tick,""
181075.405380,0,reduction,""
181075.405381,0,sched_state,running
181075.405522,0,tick,""
181075.405526,0,reduction,""
181075.405527,0,sched_state,running
181075.405623,4,tick,""
181075.405633,4,reduction,""
181075.405634,4,sched_state,running
181075.405645,0,tick,""
181075.405649,0,reduction,""
181075.405650,0,sched_state,running
181075.405765,0,tick,""
181075.405807,4,tick,""
181075.405812,4,reduction,""
181075.405814,4,sched_state,running
181075.405987,4,tick,""
181075.405993,4,reduction,""
181075.405994,4,sched_state,running
181075.406157,4,tick,""
181075.406162,4,reduction,""
181075.406163,4,sched_state,running
181075.406326,4,tick,""
181075.406331,4,reduction,""
181075.406332,4,sched_state,running
181075.406495,4,tick,""
181075.406500,4,reduction,""
181075.406501,4,sched_state,running
181075.406666,4,tick,""
181075.406671,4,reduction,""
181075.406672,4,sched_state,running
181075.406835,4,tick,""
181075.406839,4,reduction,""
181075.406840,4,sched_state,running
181075.407017,4,tick,""
181075.407022,4,reduction,""
181075.407023,4,sched_state,running
181075.407074,4,channel_blocked,329
181075.407076,0,yield,""
181075.407079,0,sched_state,running
181075.407189,4,tick,""
181075.407193,4,reduction,""
181075.407194,4,sched_state,running
181075.407358,4,tick,""
181075.407362,4,reduction,""
181075.407363,4,sched_state,running
181075.407527,4,tick,""
181075.407529,4,reduction,""
181075.407530,4,sched_state,running
181075.407574,0,tick,""
181075.407580,0,sched_state,running
181075.407695,4,tick,""
181075.407905,0,tick,""
181075.407911,0,reduction,""
181075.407913,0,sched_state,running
181075.408076,0,tick,""
181075.408085,0,reduction,""
181075.408087,0,sched_state,running
181075.408202,9,channel_blocked,735
181075.408204,4,yield,""
181075.408206,4,sched_state,running
181075.408213,4,tick,""
181075.408218,4,queue_length,0
181075.408226,4,queue_length,0
181075.408229,4,sched_state,waiting
181075.408263,0,tick,""
181075.408266,4,tick,""
181075.408269,0,reduction,""
181075.408272,0,sched_state,running
181075.408292,4,sched_state,waiting
181075.408295,4,tick,""
181075.408431,0,tick,""
181075.408438,0,reduction,""
181075.408440,0,sched_state,running
181075.408598,0,tick,""
181075.408604,0,reduction,""
181075.408607,0,sched_state,running
181075.408767,0,tick,""
181075.408773,0,reduction,""
181075.408776,0,sched_state,running
181075.408935,0,tick,""
181075.410600,5,channel_blocked,374
181075.410605,0,yield,""
181075.410609,0,sched_state,running
181075.410806,0,tick,""
181075.410818,0,queue_length,4
181075.411008,6,sched_state,waiting
181075.411360,3,sched_state,waiting
181075.411381,3,tick,""
181075.411404,3,sched_state,waiting
181075.411408,3,tick,""
181075.411440,6,tick,""
181075.411462,6,sched_state,waiting
181075.411546,6,tick,""
181075.411553,6,sched_state,waiting
181075.411557,6,tick,""
181075.411561,6,sched_state,waiting
181075.411564,6,tick,""
181075.412012,2,sched_state,waiting
181075.412075,2,tick,""
181075.412308,7,sched_state,waiting
181075.412384,7,tick,""
181075.412411,7,sched_state,waiting
181075.412450,7,tick,""
181075.412630,1,sched_state,running
181075.413167,1,tick,""
181075.413183,1,reduction,""
181075.413186,1,sched_state,running
181075.413327,5,sched_state,waiting
181075.413425,5,tick,""
181075.413430,5,sched_state,waiting
181075.413440,0,sched_state,running
181075.413443,5,tick,""
181075.413471,5,sched_state,waiting
181075.413477,5,tick,""
181075.413813,0,tick,""
181075.413819,0,reduction,""
181075.413821,0,sched_state,running
181075.413828,1,tick,""
181075.413839,1,reduction,""
181075.413841,1,sched_state,running
181075.414001,0,tick,""
181075.414011,0,reduction,""
181075.414012,0,sched_state,running
181075.414138,1,tick,""
181075.414146,1,reduction,""
181075.414148,1,sched_state,running
181075.414178,0,tick,""
181075.414183,0,reduction,""
181075.414186,0,sched_state,running
181075.414348,0,tick,""
181075.414355,0,reduction,""
181075.414356,0,sched_state,running
181075.414443,1,tick,""
181075.414451,1,reduction,""
181075.414453,1,sched_state,running
181075.414518,0,tick,""
181075.414524,0,reduction,""
181075.414526,0,sched_state,running
181075.414662,1,tick,""
181075.414668,1,reduction,""
181075.414669,1,sched_state,running
181075.414682,0,tick,""
181075.414689,0,reduction,""
181075.414691,0,sched_state,running
181075.414847,0,tick,""
181075.414859,1,tick,""
181075.414863,1,reduction,""
181075.414864,1,sched_state,running
181075.415055,1,tick,""
181075.415060,1,reduction,""
181075.415061,1,sched_state,running
181075.415250,1,tick,""
181075.415254,1,reduction,""
181075.415255,1,sched_state,running
181075.415444,1,tick,""
181075.415448,1,reduction,""
181075.415449,1,sched_state,running
181075.415736,1,tick,""
181075.415741,1,reduction,""
181075.415743,1,sched_state,running
181075.416026,1,tick,""
181075.416033,1,reduction,""
181075.416035,1,sched_state,running
181075.416305,1,tick,""
181075.416311,1,reduction,""
181075.416313,1,sched_state,running
181075.416493,6,channel_blocked,421
181075.416495,0,yield,""
181075.416499,0,sched_state,running
181075.416579,1,tick,""
181075.416584,1,reduction,""
181075.416585,1,sched_state,running
181075.416628,0,tick,""
181075.416639,0,queue_length,3
181075.416864,1,tick,""
181075.417980,10,channel_blocked,885
181075.417984,1,yield,""
181075.417988,1,sched_state,running
181075.417999,1,tick,""
181075.418008,1,queue_length,0
181075.418017,1,sched_state,waiting
181075.418023,1,tick,""
181075.418054,1,sched_state,waiting
181075.418059,1,tick,""
181075.419104,0,sched_state,running
181075.419388,0,tick,""
181075.419398,0,reduction,""
181075.419400,0,sched_state,running
181075.419533,0,tick,""
181075.419542,0,reduction,""
181075.419544,0,sched_state,running
181075.419665,0,tick,""
181075.419670,0,reduction,""
181075.419672,0,sched_state,running
181075.419769,4,sched_state,running
181075.419789,0,tick,""
181075.419793,0,reduction,""
181075.419794,0,sched_state,running
181075.419909,0,tick,""
181075.419913,0,reduction,""
181075.419914,0,sched_state,running
181075.420026,0,tick,""
181075.420031,0,reduction,""
181075.420032,0,sched_state,running
181075.420174,0,tick,""
181075.420249,4,tick,""
181075.420259,4,reduction,""
181075.420261,4,sched_state,running
181075.420492,4,tick,""
181075.420498,4,reduction,""
181075.420500,4,sched_state,running
181075.421032,4,tick,""
181075.421047,4,reduction,""
181075.421051,4,sched_state,running
181075.421289,4,tick,""
181075.421296,4,reduction,""
181075.421297,4,sched_state,running
181075.421511,4,tick,""
181075.421516,4,reduction,""
181075.421517,4,sched_state,running
181075.421732,4,tick,""
181075.421737,4,reduction,""
181075.421738,4,sched_state,running
181075.421949,4,tick,""
181075.421953,4,reduction,""
181075.421955,4,sched_state,running
181075.422020,3,sched_state,waiting
181075.422170,4,tick,""
181075.422174,4,reduction,""
181075.422176,4,sched_state,running
181075.422390,4,tick,""
181075.422395,4,reduction,""
181075.422396,4,sched_state,running
181075.422422,3,tick,""
181075.422461,3,sched_state,waiting
181075.422577,3,tick,""
181075.422847,4,tick,""
181075.422852,4,reduction,""
181075.422854,4,sched_state,running
181075.423077,4,tick,""
181075.423081,4,reduction,""
181075.423082,4,sched_state,running
181075.423306,4,tick,""
181075.423310,4,reduction,""
181075.423312,4,sched_state,running
181075.423528,4,tick,""
181075.423532,4,reduction,""
181075.423533,4,sched_state,running
181075.423746,4,tick,""
181075.423943,7,sched_state,running
181075.424596,11,channel_blocked,1022
181075.424599,4,yield,""
181075.424603,4,sched_state,running
181075.424653,4,tick,""
181075.424663,4,queue_length,0
181075.424666,4,sched_state,waiting
181075.424708,4,tick,""
181075.424739,4,sched_state,waiting
181075.424743,4,tick,""
181075.424835,7,tick,""
181075.424848,7,reduction,""
181075.424851,7,sched_state,running
181075.425204,7,tick,""
181075.425218,7,reduction,""
181075.425221,7,sched_state,running
181075.425514,6,sched_state,waiting
181075.426038,7,tick,""
181075.426055,7,reduction,""
181075.426058,7,sched_state,running
181075.426399,7,channel_unblocked,481
181075.426410,0,yield,""
181075.426411,7,tick,""
181075.426415,0,sched_state,running
181075.426421,7,reduction,""
181075.426424,7,sched_state,running
181075.426430,6,tick,""
181075.426462,6,sched_state,waiting
181075.426475,6,tick,""
181075.426763,7,tick,""
181075.426771,7,reduction,""
181075.426774,7,sched_state,running
181075.427105,7,tick,""
181075.427112,7,reduction,""
181075.427114,7,sched_state,running
181075.427445,7,tick,""
181075.427452,7,reduction,""
181075.427454,7,sched_state,running
181075.427690,0,tick,""
181075.427695,0,reduction,""
181075.427696,0,sched_state,running
181075.427792,7,tick,""
181075.427799,7,reduction,""
181075.427801,7,sched_state,running
181075.428141,7,tick,""
181075.428149,7,reduction,""
181075.428151,7,sched_state,running
181075.428486,7,tick,""
181075.428491,7,reduction,""
181075.428493,7,sched_state,running
181075.428823,7,tick,""
181075.428828,7,reduction,""
181075.428830,7,sched_state,running
181075.428874,0,tick,""
181075.428882,0,reduction,""
181075.428884,0,sched_state,running
181075.429169,7,tick,""
181075.429175,7,reduction,""
181075.429177,7,sched_state,running
181075.429448,0,tick,""
181075.429513,7,tick,""
181075.429520,7,reduction,""
181075.429522,7,sched_state,running
181075.429858,7,tick,""
181075.431511,15,channel_blocked,481
181075.431515,0,yield,""
181075.431520,0,sched_state,running
181075.431553,12,channel_blocked,1128
181075.431556,7,yield,""
181075.431559,7,sched_state,running
181075.431568,7,tick,""
181075.431576,7,queue_length,0
181075.431580,7,sched_state,waiting
181075.431644,7,tick,""
181075.431681,7,sched_state,waiting
181075.431687,7,tick,""
181075.431846,0,tick,""
181075.431855,0,queue_length,2
181075.433656,0,sched_state,running
181075.433702,3,sched_state,waiting
181075.433886,3,tick,""
181075.433892,3,sched_state,waiting
181075.433967,0,tick,""
181075.433970,3,tick,""
181075.433971,0,sched_state,running
181075.434217,0,tick,""
181075.434227,0,queue_length,1
181075.434756,2,sched_state,waiting
181075.434854,2,tick,""
181075.434861,2,sched_state,waiting
181075.434878,2,tick,""
181075.436490,0,queue_length,0
181075.438118,0,sched_state,running
181075.438492,0,tick,""
181075.438504,0,reduction,""
181075.438507,0,sched_state,running
181075.439353,0,tick,""
181075.439366,0,reduction,""
181075.439369,0,sched_state,running
181075.440235,0,tick,""
181075.440246,0,reduction,""
181075.440249,0,sched_state,running
181075.440753,0,tick,""
181075.440761,0,reduction,""
181075.440762,0,sched_state,running
181075.441251,0,tick,""
181075.441258,0,reduction,""
181075.441260,0,sched_state,running
181075.441736,0,tick,""
181075.441743,0,reduction,""
181075.441745,0,sched_state,running
181075.442181,0,tick,""
181075.442188,0,reduction,""
181075.442190,0,sched_state,running
181075.442684,0,tick,""
181075.442692,0,reduction,""
181075.442695,0,sched_state,running
181075.442795,7,sched_state,waiting
181075.442808,7,tick,""
181075.442847,7,sched_state,waiting
181075.442951,7,tick,""
181075.443101,6,sched_state,waiting
181075.443125,0,tick,""
181075.443132,0,reduction,""
181075.443133,0,sched_state,running
181075.443352,6,tick,""
181075.443380,6,sched_state,waiting
181075.443392,6,tick,""
181075.443579,0,tick,""
181075.443586,0,reduction,""
181075.443588,0,sched_state,running
181075.444075,0,tick,""
181075.444081,0,reduction,""
181075.444083,0,sched_state,running
181075.444559,0,tick,""
181075.444565,0,reduction,""
181075.444568,0,sched_state,running
181075.445523,0,tick,""
181075.445530,0,reduction,""
181075.445532,0,sched_state,running
181075.446288,4,sched_state,waiting
181075.446479,4,tick,""
181075.446514,4,sched_state,waiting
181075.446518,0,tick,""
181075.446528,4,tick,""
181075.449651,5,sched_state,running
181075.450380,3,sched_state,waiting
181075.450504,5,tick,""
181075.450520,5,reduction,""
181075.450523,5,sched_state,running
181075.450974,5,tick,""
181075.450983,5,reduction,""
181075.450987,5,sched_state,running
181075.451062,3,tick,""
181075.451090,3,sched_state,waiting
181075.451199,3,tick,""
181075.451385,5,tick,""
181075.451394,5,reduction,""
181075.451396,5,sched_state,running
181075.451830,5,tick,""
181075.451838,5,reduction,""
181075.451840,5,sched_state,running
181075.452273,5,tick,""
181075.452280,5,reduction,""
181075.452283,5,sched_state,running
181075.452553,15,channel_unblocked,1470
181075.452559,0,yield,""
181075.452621,0,sched_state,running
181075.452699,5,tick,""
181075.452707,5,reduction,""
181075.452709,5,sched_state,running
181075.453179,5,tick,""
181075.453188,5,reduction,""
181075.453194,5,sched_state,running
181075.453519,0,tick,""
181075.453524,0,sched_state,running
181075.453659,5,tick,""
181075.453667,5,reduction,""
181075.453669,5,sched_state,running
181075.454005,1,sched_state,running
181075.454118,5,tick,""
181075.454126,5,reduction,""
181075.454129,5,sched_state,running
181075.454189,0,tick,""
181075.454202,0,queue_length,0
181075.454217,0,sched_state,running
181075.454390,6,sched_state,waiting
181075.454469,6,tick,""
181075.454521,5,tick,""
181075.454527,5,reduction,""
181075.454529,5,sched_state,running
181075.454545,0,tick,""
181075.454558,0,reduction,""
181075.454560,0,sched_state,running
181075.454868,0,tick,""
181075.454871,0,reduction,""
181075.454873,0,sched_state,running
181075.454955,5,tick,""
181075.454960,5,reduction,""
181075.454962,5,sched_state,running
181075.455178,0,tick,""
181075.455396,5,tick,""
181075.455401,5,reduction,""
181075.455404,5,sched_state,running
181075.455832,5,tick,""
181075.455837,5,reduction,""
181075.455839,5,sched_state,running
181075.455984,1,tick,""
181075.455996,1,reduction,""
181075.455999,1,sched_state,running
181075.456331,5,tick,""
181075.456515,1,tick,""
181075.456526,1,reduction,""
181075.456529,1,sched_state,running
181075.456932,1,tick,""
181075.456942,1,reduction,""
181075.456945,1,sched_state,running
181075.457367,1,tick,""
181075.457385,1,reduction,""
181075.457386,1,sched_state,running
181075.457789,1,tick,""
181075.457796,1,reduction,""
181075.457798,1,sched_state,running
181075.458206,1,tick,""
181075.458214,1,reduction,""
181075.458216,1,sched_state,running
181075.458484,14,channel_blocked,1361
181075.458487,5,yield,""
181075.458492,5,sched_state,running
181075.458505,5,tick,""
181075.458518,5,queue_length,0
181075.458531,5,queue_length,0
181075.458532,1,tick,""
181075.458535,5,sched_state,waiting
181075.458539,1,reduction,""
181075.458539,5,tick,""
181075.458541,1,sched_state,running
181075.458822,1,tick,""
181075.458828,1,reduction,""
181075.458829,1,sched_state,running
181075.459084,1,tick,""
181075.459088,1,reduction,""
181075.459090,1,sched_state,running
181075.459346,1,tick,""
181075.459350,1,reduction,""
181075.459351,1,sched_state,running
181075.459526,6,channel_unblocked,481
181075.459532,0,yield,""
181075.459536,0,sched_state,running
181075.459648,1,tick,""
181075.459654,1,reduction,""
181075.459656,1,sched_state,running
181075.459957,1,tick,""
181075.459962,1,reduction,""
181075.459965,1,sched_state,running
181075.460345,1,tick,""
181075.460353,1,reduction,""
181075.460355,1,sched_state,running
181075.460753,1,tick,""
181075.461657,5,sched_state,waiting
181075.461666,5,tick,""
181075.461675,0,tick,""
181075.461677,0,sched_state,running
181075.462011,3,sched_state,waiting
181075.462021,3,tick,""
181075.462048,3,sched_state,waiting
181075.462058,3,tick,""
181075.462062,3,sched_state,waiting
181075.462066,3,tick,""
181075.462147,0,tick,""
181075.462607,13,channel_blocked,1257
181075.462611,1,yield,""
181075.462615,1,sched_state,running
181075.462627,1,tick,""
181075.462636,1,queue_length,0
181075.462646,1,queue_length,0
181075.462650,1,sched_state,waiting
181075.462654,1,tick,""
181075.462675,1,sched_state,waiting
181075.462680,1,tick,""
181075.463110,0,queue_length,0
181075.463700,0,sched_state,running
181075.464008,7,sched_state,waiting
181075.464033,7,tick,""
181075.464056,7,sched_state,waiting
181075.464062,7,tick,""
181075.464213,0,tick,""
181075.464220,0,reduction,""
181075.464222,0,sched_state,running
181075.464631,0,tick,""
181075.464638,0,reduction,""
181075.464640,0,sched_state,running
181075.465008,6,sched_state,waiting
181075.465093,0,tick,""
181075.465104,6,tick,""
181075.465150,6,sched_state,waiting
181075.465160,6,tick,""
181075.465165,6,sched_state,waiting
181075.465170,6,tick,""
181075.467046,2,sched_state,waiting
181075.467092,2,tick,""
181075.468010,4,sched_state,waiting
181075.468092,4,tick,""
181075.468127,4,sched_state,waiting
181075.468197,4,tick,""
181075.469271,14,channel_unblocked,421
181075.469275,0,yield,""
181075.469280,0,sched_state,running
181075.469938,0,tick,""
181075.469957,0,reduction,""
181075.469961,0,sched_state,running
181075.471469,0,tick,""
181075.471477,0,reduction,""
181075.471479,0,sched_state,running
181075.472008,0,tick,""
181075.472011,5,sched_state,waiting
181075.472021,5,tick,""
181075.472024,5,sched_state,waiting
181075.472028,5,tick,""
181075.472428,5,sched_state,waiting
181075.472433,5,tick,""
181075.473011,1,sched_state,waiting
181075.473020,1,tick,""
181075.473023,1,sched_state,waiting
181075.473027,1,tick,""
181075.473046,1,sched_state,waiting
181075.473050,1,tick,""
181075.474035,3,sched_state,waiting
181075.474047,3,tick,""
181075.475017,7,sched_state,waiting
181075.475028,7,tick,""
181075.475089,7,sched_state,waiting
181075.475095,7,tick,""
181075.476043,6,sched_state,waiting
181075.476059,6,tick,""
181075.476113,3,sched_state,waiting
181075.476118,3,tick,""
181075.476121,3,sched_state,waiting
181075.476123,3,tick,""
181075.476106,6,sched_state,waiting
181075.476149,6,tick,""
181075.478536,5,channel_unblocked,421
181075.478549,0,yield,""
181075.478556,0,sched_state,running
181075.479044,4,sched_state,waiting
181075.479053,4,tick,""
181075.480903,0,tick,""
181075.480911,0,sched_state,running
181075.482295,0,tick,""
181075.482312,0,queue_length,0
181075.482329,0,sched_state,running
181075.483012,5,sched_state,waiting
181075.483018,5,tick,""
181075.483040,5,sched_state,waiting
181075.483044,5,tick,""
181075.483163,0,tick,""
181075.483167,0,sched_state,running
181075.483904,0,tick,""
181075.483915,0,queue_length,0
181075.484009,1,sched_state,waiting
181075.484019,1,tick,""
181075.484022,1,sched_state,waiting
181075.484025,1,tick,""
181075.484044,1,sched_state,waiting
181075.484047,1,tick,""
181075.484052,1,sched_state,waiting
181075.484055,1,tick,""
181075.485053,0,queue_length,0
181075.486019,7,sched_state,waiting
181075.486034,7,tick,""
181075.486038,7,sched_state,waiting
181075.486043,7,tick,""
181075.486171,0,sched_state,running
181075.487015,6,sched_state,waiting
181075.487020,3,sched_state,waiting
181075.487026,6,tick,""
181075.487031,3,tick,""
181075.487058,6,sched_state,waiting
181075.487059,3,sched_state,waiting
181075.487063,6,tick,""
181075.487066,3,tick,""
181075.487069,0,tick,""
181075.487076,0,reduction,""
181075.487076,7,sched_state,waiting
181075.487078,0,sched_state,running
181075.487084,7,tick,""
181075.487897,0,tick,""
181075.487904,0,reduction,""
181075.487906,0,sched_state,running
181075.488592,0,tick,""
181075.490044,4,sched_state,waiting
181075.490058,4,tick,""
181075.490092,4,sched_state,waiting
181075.490099,4,tick,""
181075.490104,4,sched_state,waiting
181075.490107,4,tick,""
181075.490111,4,sched_state,waiting
181075.490116,4,tick,""
181075.490119,4,sched_state,waiting
181075.490131,4,tick,""
181075.494011,5,sched_state,waiting
181075.494024,5,tick,""
181075.494053,5,sched_state,waiting
181075.494058,5,tick,""
181075.494432,13,channel_unblocked,374
181075.494438,0,yield,""
181075.494446,0,sched_state,running
181075.495013,1,sched_state,waiting
181075.495023,1,tick,""
181075.495025,1,sched_state,waiting
181075.495028,1,tick,""
181075.495050,1,sched_state,waiting
181075.495054,1,tick,""
181075.495691,0,tick,""
181075.495703,0,reduction,""
181075.495705,0,sched_state,running
181075.496379,0,tick,""
181075.496384,0,reduction,""
181075.496386,0,sched_state,running
181075.497407,0,tick,""
181075.498013,3,sched_state,waiting
181075.498022,3,tick,""
181075.498041,6,sched_state,waiting
181075.498048,3,sched_state,waiting
181075.498050,6,tick,""
181075.498053,3,tick,""
181075.498085,6,sched_state,waiting
181075.498094,6,tick,""
181075.498421,7,sched_state,waiting
181075.498431,7,tick,""
181075.498436,7,sched_state,waiting
181075.498440,7,tick,""
181075.498454,7,sched_state,waiting
181075.498458,7,tick,""
181075.498479,7,sched_state,waiting
181075.498484,7,tick,""
181075.500860,4,channel_unblocked,374
181075.500867,0,yield,""
181075.500873,0,sched_state,running
181075.501011,4,sched_state,waiting
181075.501019,4,tick,""
181075.501021,4,sched_state,waiting
181075.501024,4,tick,""
181075.501047,4,sched_state,waiting
181075.501051,4,tick,""
181075.501053,4,sched_state,waiting
181075.501055,4,tick,""
181075.502771,0,tick,""
181075.502781,0,sched_state,running
181075.504326,0,tick,""
181075.504343,0,sched_state,running
181075.505028,5,sched_state,waiting
181075.505040,5,tick,""
181075.505068,5,sched_state,waiting
181075.505074,5,tick,""
181075.505077,5,sched_state,waiting
181075.505080,5,tick,""
181075.505127,0,tick,""
181075.505131,0,sched_state,running
181075.505514,0,tick,""
181075.506035,1,sched_state,waiting
181075.506046,1,tick,""
181075.506052,1,sched_state,waiting
181075.506057,1,tick,""
181075.506074,1,sched_state,waiting
181075.506080,1,tick,""
181075.506107,1,sched_state,waiting
181075.506112,1,tick,""
181075.506400,0,queue_length,0
181075.507077,0,sched_state,running
181075.507465,0,tick,""
181075.507472,0,reduction,""
181075.507475,0,sched_state,running
181075.508063,0,tick,""
181075.508070,0,reduction,""
181075.508075,0,sched_state,running
181075.508446,0,tick,""
181075.509032,7,sched_state,waiting
181075.509044,7,tick,""
181075.509126,6,sched_state,waiting
181075.509141,6,tick,""
181075.509147,6,sched_state,waiting
181075.509152,6,tick,""
181075.509180,6,sched_state,waiting
181075.509185,6,tick,""
181075.509461,3,sched_state,waiting
181075.509469,3,tick,""
181075.509491,3,sched_state,waiting
181075.509495,3,tick,""
181075.512047,4,sched_state,waiting
181075.512057,4,tick,""
181075.512093,4,sched_state,waiting
181075.512098,4,tick,""
181075.512103,4,sched_state,waiting
181075.512106,4,tick,""
181075.513403,12,channel_unblocked,329
181075.513416,0,yield,""
181075.513424,0,sched_state,running
181075.514901,0,tick,""
181075.514925,0,reduction,""
181075.514928,0,sched_state,running
181075.515441,0,tick,""
181075.515446,0,reduction,""
181075.515448,0,sched_state,running
181075.515898,0,tick,""
181075.516789,5,sched_state,waiting
181075.516798,5,tick,""
181075.516820,5,sched_state,waiting
181075.516824,5,tick,""
181075.517007,1,sched_state,waiting
181075.517017,1,tick,""
181075.517039,1,sched_state,waiting
181075.517045,1,tick,""
181075.520014,7,sched_state,waiting
181075.520025,7,tick,""
181075.520050,6,sched_state,waiting
181075.520062,6,tick,""
181075.520095,7,sched_state,waiting
181075.520101,7,tick,""
181075.520103,6,sched_state,waiting
181075.520126,6,tick,""
181075.520132,6,sched_state,waiting
181075.520136,6,tick,""
181075.520260,3,channel_unblocked,329
181075.520266,0,yield,""
181075.520271,0,sched_state,running
181075.521316,0,tick,""
181075.521322,0,sched_state,running
181075.521776,0,tick,""
181075.521787,0,queue_length,0
181075.521805,0,sched_state,running
181075.522010,2,sched_state,waiting
181075.522023,2,tick,""
181075.522029,2,sched_state,waiting
181075.522035,2,tick,""
181075.522039,2,sched_state,waiting
181075.522043,2,tick,""
181075.522482,0,tick,""
181075.522486,0,sched_state,running
181075.522833,0,tick,""
181075.523008,4,sched_state,waiting
181075.523016,4,tick,""
181075.523035,4,sched_state,waiting
181075.523040,4,tick,""
181075.524037,0,queue_length,0
181075.524836,0,sched_state,running
181075.525295,0,tick,""
181075.525302,0,reduction,""
181075.525305,0,sched_state,running
181075.525777,0,tick,""
181075.525793,0,reduction,""
181075.525796,0,sched_state,running
181075.526137,0,tick,""
181075.527544,5,sched_state,waiting
181075.527553,5,tick,""
181075.528018,1,sched_state,waiting
181075.528028,1,tick,""
181075.528031,1,sched_state,waiting
181075.528035,1,tick,""
181075.528058,1,sched_state,waiting
181075.528063,1,tick,""
181075.528859,5,sched_state,waiting
181075.528865,5,tick,""
181075.528868,5,sched_state,waiting
181075.528870,5,tick,""
181075.529714,11,channel_unblocked,281
181075.529723,0,yield,""
181075.529731,0,sched_state,running
181075.530900,0,tick,""
181075.530917,0,reduction,""
181075.530921,0,sched_state,running
181075.531016,3,sched_state,waiting
181075.531025,3,tick,""
181075.531042,6,sched_state,waiting
181075.531052,6,tick,""
181075.531082,6,sched_state,waiting
181075.531087,6,tick,""
181075.531123,3,sched_state,waiting
181075.531131,3,tick,""
181075.531136,3,sched_state,waiting
181075.531141,3,tick,""
181075.531897,7,sched_state,waiting
181075.531906,7,tick,""
181075.531912,0,tick,""
181075.531916,0,reduction,""
181075.531917,0,sched_state,running
181075.531934,7,sched_state,waiting
181075.531939,7,tick,""
181075.531944,7,sched_state,waiting
181075.531948,7,tick,""
181075.532801,0,tick,""
181075.534040,4,sched_state,waiting
181075.534052,4,tick,""
181075.534081,4,sched_state,waiting
181075.534087,4,tick,""
181075.535650,2,channel_unblocked,281
181075.535662,0,yield,""
181075.535673,0,sched_state,running
181075.536346,0,tick,""
181075.536350,0,sched_state,running
181075.536735,0,tick,""
181075.536741,0,sched_state,running
181075.537126,0,tick,""
181075.537129,0,sched_state,running
181075.537333,0,tick,""
181075.537855,0,queue_length,0
181075.538392,0,sched_state,running
181075.538699,0,tick,""
181075.538705,0,reduction,""
181075.538708,0,sched_state,running
181075.539011,1,sched_state,waiting
181075.539016,5,sched_state,waiting
181075.539023,1,tick,""
181075.539023,5,tick,""
181075.539028,5,sched_state,waiting
181075.539032,5,tick,""
181075.539037,5,sched_state,waiting
181075.539041,5,tick,""
181075.539044,5,sched_state,waiting
181075.539047,5,tick,""
181075.539061,1,sched_state,waiting
181075.539064,5,sched_state,waiting
181075.539070,5,tick,""
181075.539071,1,tick,""
181075.539325,0,tick,""
181075.539332,0,reduction,""
181075.539335,0,sched_state,running
181075.539619,0,tick,""
181075.541557,10,channel_unblocked,228
181075.541566,0,yield,""
181075.541571,0,sched_state,running
181075.542009,7,sched_state,waiting
181075.542017,7,tick,""
181075.542021,6,sched_state,waiting
181075.542030,6,tick,""
181075.542033,6,sched_state,waiting
181075.542036,6,tick,""
181075.542064,6,sched_state,waiting
181075.542069,6,tick,""
181075.542121,7,sched_state,waiting
181075.542128,7,tick,""
181075.542289,3,sched_state,waiting
181075.542295,0,tick,""
181075.542297,3,tick,""
181075.542305,0,reduction,""
181075.542311,0,sched_state,running
181075.542322,3,sched_state,waiting
181075.542326,3,tick,""
181075.542855,0,tick,""
181075.542860,0,reduction,""
181075.542861,0,sched_state,running
181075.543532,0,tick,""
181075.545019,4,sched_state,waiting
181075.545040,4,tick,""
181075.545081,4,sched_state,waiting
181075.545089,4,tick,""
181075.545094,4,sched_state,waiting
181075.545099,4,tick,""
181075.545109,4,sched_state,waiting
181075.545114,4,tick,""
181075.548634,1,channel_unblocked,228
181075.548649,0,yield,""
181075.548658,0,sched_state,running
181075.550024,1,sched_state,waiting
181075.550043,1,tick,""
181075.550096,1,sched_state,waiting
181075.550105,1,tick,""
181075.550180,5,sched_state,waiting
181075.550189,5,tick,""
181075.550193,0,tick,""
181075.550205,0,sched_state,running
181075.550206,5,sched_state,waiting
181075.550212,5,tick,""
181075.550750,0,tick,""
181075.550762,0,queue_length,0
181075.550777,0,sched_state,running
181075.552017,0,tick,""
181075.552033,0,sched_state,running
181075.552569,0,tick,""
181075.552579,0,queue_length,0
181075.553009,7,sched_state,waiting
181075.553010,3,sched_state,waiting
181075.553010,6,sched_state,waiting
181075.553017,7,tick,""
181075.553018,3,tick,""
181075.553019,6,tick,""
181075.553021,3,sched_state,waiting
181075.553025,3,tick,""
181075.553039,7,sched_state,waiting
181075.553043,7,tick,""
181075.553045,3,sched_state,waiting
181075.553045,6,sched_state,waiting
181075.553049,3,tick,""
181075.553051,6,tick,""
181075.553216,0,queue_length,0
181075.553819,0,sched_state,running
181075.554098,0,tick,""
181075.554105,0,reduction,""
181075.554108,0,sched_state,running
181075.554376,0,tick,""
181075.554382,0,reduction,""
181075.554385,0,sched_state,running
181075.554621,0,tick,""
181075.555127,2,sched_state,waiting
181075.555139,2,tick,""
181075.555166,2,sched_state,waiting
181075.555174,2,tick,""
181075.557488,4,sched_state,waiting
181075.557517,4,tick,""
181075.557529,4,sched_state,waiting
181075.557539,4,tick,""
181075.557544,4,sched_state,waiting
181075.557552,4,tick,""
181075.557603,4,sched_state,waiting
181075.557613,4,tick,""
181075.558984,9,channel_unblocked,180
181075.558995,0,yield,""
181075.559004,0,sched_state,running
181075.560002,0,tick,""
181075.560021,0,reduction,""
181075.560026,0,sched_state,running
181075.560568,0,tick,""
181075.560573,0,reduction,""
181075.560576,0,sched_state,running
181075.561007,5,sched_state,waiting
181075.561011,1,sched_state,waiting
181075.561017,5,tick,""
181075.561018,1,tick,""
181075.561020,1,sched_state,waiting
181075.561024,1,tick,""
181075.561043,5,sched_state,waiting
181075.561044,1,sched_state,waiting
181075.561048,1,tick,""
181075.561048,5,tick,""
181075.561053,5,sched_state,waiting
181075.561057,5,tick,""
181075.561474,0,tick,""
181075.563960,0,channel_unblocked,180
181075.563975,0,yield,""
181075.563982,0,sched_state,running
181075.564023,6,sched_state,waiting
181075.564042,6,tick,""
181075.564096,6,sched_state,waiting
181075.564103,6,tick,""
181075.564141,7,sched_state,waiting
181075.564153,7,tick,""
181075.564253,7,sched_state,waiting
181075.564259,7,tick,""
181075.564864,3,sched_state,waiting
181075.564870,0,tick,""
181075.564872,3,tick,""
181075.564873,0,sched_state,running
181075.564875,3,sched_state,waiting
181075.564879,3,tick,""
181075.565330,0,tick,""
181075.565340,0,queue_length,0
181075.565353,0,sched_state,running
181075.565807,0,tick,""
181075.565811,0,sched_state,running
181075.566011,2,sched_state,waiting
181075.566020,2,tick,""
181075.566024,2,sched_state,waiting
181075.566029,2,tick,""
181075.566036,0,tick,""
181075.566053,0,queue_length,0
181075.566059,2,sched_state,waiting
181075.566064,2,tick,""
181075.567197,0,queue_length,0
181075.567593,0,sched_state,running
181075.567949,0,tick,""
181075.567955,0,reduction,""
181075.567958,0,sched_state,running
181075.568032,4,sched_state,waiting
181075.568042,4,tick,""
181075.568045,4,sched_state,waiting
181075.568048,4,tick,""
181075.568083,4,sched_state,waiting
181075.568087,4,tick,""
181075.568169,0,tick,""
181075.568176,0,reduction,""
181075.568178,0,sched_state,running
181075.568378,0,tick,""
181075.570954,8,channel_unblocked,87
181075.570964,0,yield,""
181075.570970,0,sched_state,running
181075.571664,0,tick,""
181075.571673,0,reduction,""
181075.571676,0,sched_state,running
181075.572025,5,sched_state,waiting
181075.572025,1,sched_state,waiting
181075.572035,1,tick,""
181075.572035,5,tick,""
181075.572070,1,sched_state,waiting
181075.572070,5,sched_state,waiting
181075.572084,5,tick,""
181075.572084,1,tick,""
181075.572089,5,sched_state,waiting
181075.572094,5,tick,""
181075.572350,0,tick,""
181075.572357,0,sched_state,stop
