timestamp,lpu,event,value
181073.743531,2,sched_state,startup
181073.743532,6,sched_state,startup
181073.743532,7,sched_state,startup
181073.743534,5,sched_state,startup
181073.743538,1,sched_state,startup
181073.743564,4,sched_state,startup
181073.743876,0,sched_state,startup
181073.743906,4,tick,""
181073.743944,5,tick,""
181073.743944,1,tick,""
181073.743972,7,tick,""
181073.743976,6,tick,""
181073.743976,2,tick,""
181073.744194,3,sched_state,startup
181073.744234,0,tick,""
181073.744780,3,tick,""
181073.745672,1,queue_length,0
181073.745706,1,sched_state,waiting
181073.745706,5,queue_length,0
181073.745734,5,sched_state,waiting
181073.745741,4,queue_length,0
181073.745753,1,tick,""
181073.745771,5,tick,""
181073.745776,4,sched_state,waiting
181073.745819,4,tick,""
181073.745851,7,queue_length,0
181073.745859,7,sched_state,waiting
181073.745872,7,tick,""
181073.749143,3,queue_length,0
181073.749171,3,sched_state,waiting
181073.749197,2,queue_length,0
181073.749197,6,queue_length,0
181073.749231,3,tick,""
181073.749246,2,sched_state,waiting
181073.749246,6,sched_state,waiting
181073.749298,2,tick,""
181073.749298,6,tick,""
181073.749557,7,sched_state,waiting
181073.749556,5,sched_state,waiting
181073.749563,5,tick,""
181073.749563,7,tick,""
181073.749590,4,sched_state,waiting
181073.749594,1,sched_state,waiting
181073.749598,4,tick,""
181073.749601,1,tick,""
181073.749821,0,sched_state,running
181073.749844,3,sched_state,waiting
181073.749847,6,sched_state,waiting
181073.749855,3,tick,""
181073.749859,6,tick,""
181073.749861,3,sched_state,waiting
181073.749864,6,sched_state,waiting
181073.749875,6,tick,""
181073.749876,3,tick,""
181073.749879,6,sched_state,waiting
181073.749879,3,sched_state,waiting
181073.749882,6,tick,""
181073.749886,3,tick,""
181073.749918,3,sched_state,waiting
181073.749923,3,tick,""
181073.749928,0,tick,""
181073.749938,0,reduction,""
181073.749941,0,sched_state,running
181073.749963,2,sched_state,waiting
181073.749975,2,tick,""
181073.749980,2,sched_state,waiting
181073.749985,2,tick,""
181073.750021,0,tick,""
181073.750027,0,reduction,""
181073.750029,0,sched_state,running
181073.750124,0,tick,""
181073.750129,0,reduction,""
181073.750132,0,sched_state,running
181073.750227,0,tick,""
181073.750233,0,reduction,""
181073.750235,0,sched_state,running
181073.750381,0,tick,""
181073.750385,0,reduction,""
181073.750387,0,sched_state,running
181073.750482,0,tick,""
181073.750486,0,reduction,""
181073.750488,0,sched_state,running
181073.750582,0,tick,""
181073.750586,0,reduction,""
181073.750591,0,sched_state,running
181073.751206,0,tick,""
181073.751238,0,reduction,""
181073.751251,0,sched_state,running
181073.751525,0,tick,""
181073.751531,0,reduction,""
181073.751532,0,sched_state,running
181073.751628,0,tick,""
181073.751632,0,reduction,""
181073.751634,0,sched_state,running
181073.751728,0,tick,""
181073.751733,0,reduction,""
181073.751735,0,sched_state,running
181073.751827,0,tick,""
181073.751831,0,reduction,""
181073.751832,0,sched_state,running
181073.751931,0,tick,""
181073.751935,0,reduction,""
181073.751936,0,sched_state,running
181073.752029,0,tick,""
181073.752032,0,reduction,""
181073.752034,0,sched_state,running
181073.752139,0,tick,""
181073.752145,0,reduction,""
181073.752147,0,sched_state,running
181073.752236,0,tick,""
181073.752418,0,reduction,""
181073.752422,0,sched_state,running
181073.752516,0,tick,""
181073.752534,0,reduction,""
181073.752535,0,sched_state,running
181073.752629,0,tick,""
181073.752632,0,reduction,""
181073.752634,0,sched_state,running
181073.752725,0,tick,""
181073.752730,0,reduction,""
181073.752732,0,sched_state,running
181073.752821,0,tick,""
181073.753617,0,reduction,""
181073.753621,0,sched_state,running
181073.753729,0,tick,""
181073.754365,0,queue_length,0
181073.755028,0,sched_state,running
181073.755325,0,tick,""
181073.755342,0,reduction,""
181073.755345,0,sched_state,running
181073.755622,0,tick,""
181073.755629,0,spawn,""
181073.755631,0,reduction,""
181073.755633,0,sched_state,running
181073.756117,0,tick,""
181073.756122,0,reduction,""
181073.756124,0,sched_state,running
181073.756294,0,tick,""
181073.756299,0,reduction,""
181073.756301,0,sched_state,running
181073.756466,0,tick,""
181073.756471,0,reduction,""
181073.756472,0,sched_state,running
181073.756639,0,tick,""
181073.756642,0,reduction,""
181073.756644,0,sched_state,running
181073.756808,0,tick,""
181073.756812,0,reduction,""
181073.756814,0,sched_state,running
181073.756978,0,tick,""
181073.756984,0,reduction,""
181073.756986,0,sched_state,running
181073.757149,0,tick,""
181073.757169,0,reduction,""
181073.757172,0,sched_state,running
181073.757336,0,tick,""
181073.757344,0,reduction,""
181073.757346,0,sched_state,running
181073.757511,0,tick,""
181073.757528,0,reduction,""
181073.757530,0,sched_state,running
181073.757669,0,tick,""
181073.757687,0,reduction,""
181073.757689,0,sched_state,running
181073.757855,0,tick,""
181073.757860,0,reduction,""
181073.757862,0,sched_state,running
181073.758025,0,tick,""
181073.758173,0,reduction,""
181073.758175,0,sched_state,running
181073.758334,0,tick,""
181073.758350,0,reduction,""
181073.758352,0,sched_state,running
181073.758517,0,tick,""
181073.758521,0,reduction,""
181073.758523,0,sched_state,running
181073.758683,0,tick,""
181073.758693,0,reduction,""
181073.758695,0,sched_state,running
181073.758804,0,tick,""
181073.758859,0,reduction,""
181073.758862,0,sched_state,running
181073.759020,0,tick,""
181073.759033,0,reduction,""
181073.759035,0,sched_state,running
181073.759150,0,tick,""
181073.759154,0,spawn,""
181073.759156,0,reduction,""
181073.759157,0,sched_state,running
181073.759267,0,tick,""
181073.759270,0,reduction,""
181073.759271,0,sched_state,running
181073.759380,0,tick,""
181073.759385,0,reduction,""
181073.759387,0,sched_state,running
181073.759497,0,tick,""
181073.759500,0,reduction,""
181073.759501,0,sched_state,running
181073.759609,0,tick,""
181073.759612,0,reduction,""
181073.759614,0,sched_state,running
181073.759724,0,tick,""
181073.759730,0,reduction,""
181073.759732,0,sched_state,running
181073.759852,0,tick,""
181073.759864,0,reduction,""
181073.759866,0,sched_state,running
181073.759975,0,tick,""
181073.759987,0,reduction,""
181073.759989,0,sched_state,running
181073.760101,0,tick,""
181073.760112,0,reduction,""
181073.760114,0,sched_state,running
181073.760246,0,tick,""
181073.760257,0,reduction,""
181073.760259,0,sched_state,running
181073.760369,0,tick,""
181073.760380,0,reduction,""
181073.760382,0,sched_state,running
181073.760494,0,tick,""
181073.760501,0,reduction,""
181073.760503,0,sched_state,running
181073.760615,0,tick,""
181073.760703,0,reduction,""
181073.760705,0,sched_state,running
181073.760817,0,tick,""
181073.760829,0,reduction,""
181073.760831,0,sched_state,running
181073.760940,0,tick,""
181073.760943,0,reduction,""
181073.760944,0,sched_state,running
181073.761053,0,tick,""
181073.761063,0,reduction,""
181073.761064,0,sched_state,running
181073.761173,0,tick,""
181073.761211,0,reduction,""
181073.761213,0,sched_state,running
181073.761363,0,tick,""
181073.761377,0,reduction,""
181073.761379,0,sched_state,running
181073.761544,0,tick,""
181073.761549,0,spawn,""
181073.761552,0,reduction,""
181073.761554,0,sched_state,running
181073.761722,0,tick,""
181073.761725,0,reduction,""
181073.761726,0,sched_state,running
181073.761836,0,tick,""
181073.761838,0,reduction,""
181073.761839,0,sched_state,running
181073.761947,0,tick,""
181073.761951,0,reduction,""
181073.761952,0,sched_state,running
181073.762018,4,sched_state,waiting
181073.762027,1,sched_state,waiting
181073.762027,5,sched_state,waiting
181073.762029,4,tick,""
181073.762036,5,tick,""
181073.762036,1,tick,""
181073.762040,5,sched_state,waiting
181073.762041,1,sched_state,waiting
181073.762044,1,tick,""
181073.762046,5,tick,""
181073.762047,4,sched_state,waiting
181073.762052,4,tick,""
181073.762085,6,sched_state,waiting
181073.762089,0,tick,""
181073.762093,6,tick,""
181073.762096,0,reduction,""
181073.762099,0,sched_state,running
181073.762116,6,sched_state,waiting
181073.762122,6,tick,""
181073.762132,5,sched_state,waiting
181073.762139,5,tick,""
181073.762143,5,sched_state,waiting
181073.762148,5,tick,""
181073.762151,5,sched_state,waiting
181073.762155,5,tick,""
181073.762391,0,tick,""
181073.762397,0,reduction,""
181073.762399,0,sched_state,running
181073.762685,0,tick,""
181073.762691,0,reduction,""
181073.762693,0,sched_state,running
181073.762858,0,tick,""
181073.762879,0,reduction,""
181073.762881,0,sched_state,running
181073.763153,0,tick,""
181073.763160,0,reduction,""
181073.763163,0,sched_state,running
181073.763324,0,tick,""
181073.763339,0,reduction,""
181073.763342,0,sched_state,running
181073.763499,0,tick,""
181073.763521,0,reduction,""
181073.763523,0,sched_state,running
181073.763680,0,tick,""
181073.763685,0,reduction,""
181073.763687,0,sched_state,running
181073.763842,0,tick,""
181073.763996,0,reduction,""
181073.764000,0,sched_state,running
181073.764173,0,tick,""
181073.764189,0,reduction,""
181073.764191,0,sched_state,running
181073.764349,0,tick,""
181073.764353,0,reduction,""
181073.764355,0,sched_state,running
181073.764511,0,tick,""
181073.764526,0,reduction,""
181073.764529,0,sched_state,running
181073.764683,0,tick,""
181073.764729,0,reduction,""
181073.764732,0,sched_state,running
181073.764889,0,tick,""
181073.764903,0,reduction,""
181073.764905,0,sched_state,running
181073.765061,0,tick,""
181073.765067,0,spawn,""
181073.765070,0,reduction,""
181073.765072,0,sched_state,running
181073.765228,0,tick,""
181073.765232,0,reduction,""
181073.765234,0,sched_state,running
181073.765387,0,tick,""
181073.765391,0,reduction,""
181073.765393,0,sched_state,running
181073.765543,0,tick,""
181073.765548,0,reduction,""
181073.765550,0,sched_state,running
181073.765700,0,tick,""
181073.765705,0,reduction,""
181073.765707,0,sched_state,running
181073.765863,0,tick,""
181073.765868,0,reduction,""
181073.765870,0,sched_state,running
181073.766021,0,tick,""
181073.766026,0,reduction,""
181073.766028,0,sched_state,running
181073.766180,0,tick,""
181073.766198,0,reduction,""
181073.766201,0,sched_state,running
181073.766356,0,tick,""
181073.766361,0,reduction,""
181073.766363,0,sched_state,running
181073.766518,0,tick,""
181073.766531,0,reduction,""
181073.766533,0,sched_state,running
181073.766685,0,tick,""
181073.766702,0,reduction,""
181073.766704,0,sched_state,running
181073.766861,0,tick,""
181073.766867,0,reduction,""
181073.766869,0,sched_state,running
181073.767020,0,tick,""
181073.767145,0,reduction,""
181073.767148,0,sched_state,running
181073.767421,0,tick,""
181073.767440,0,reduction,""
181073.767442,0,sched_state,running
181073.767758,0,tick,""
181073.767762,0,reduction,""
181073.767764,0,sched_state,running
181073.767905,0,tick,""
181073.767920,0,reduction,""
181073.767923,0,sched_state,running
181073.768084,0,tick,""
181073.768145,0,reduction,""
181073.768150,0,sched_state,running
181073.768327,0,tick,""
181073.768346,0,reduction,""
181073.768348,0,sched_state,running
181073.768513,0,tick,""
181073.768520,0,spawn,""
181073.768523,0,reduction,""
181073.768525,0,sched_state,running
181073.768691,0,tick,""
181073.768694,0,reduction,""
181073.768695,0,sched_state,running
181073.768845,0,tick,""
181073.768849,0,reduction,""
181073.768851,0,sched_state,running
181073.768998,0,tick,""
181073.769003,0,reduction,""
181073.769005,0,sched_state,running
181073.769150,0,tick,""
181073.769154,0,reduction,""
181073.769156,0,sched_state,running
181073.769303,0,tick,""
181073.769307,0,reduction,""
181073.769309,0,sched_state,running
181073.769455,0,tick,""
181073.769460,0,reduction,""
181073.769461,0,sched_state,running
181073.769607,0,tick,""
181073.769634,0,reduction,""
181073.769636,0,sched_state,running
181073.769782,0,tick,""
181073.769787,0,reduction,""
181073.769789,0,sched_state,running
181073.769936,0,tick,""
181073.769949,0,reduction,""
181073.769952,0,sched_state,running
181073.770097,0,tick,""
181073.770117,0,reduction,""
181073.770119,0,sched_state,running
181073.770267,0,tick,""
181073.770273,0,reduction,""
181073.770275,0,sched_state,running
181073.770421,0,tick,""
181073.770563,0,reduction,""
181073.770565,0,sched_state,running
181073.770714,0,tick,""
181073.770729,0,reduction,""
181073.770732,0,sched_state,running
181073.770879,0,tick,""
181073.770883,0,reduction,""
181073.770884,0,sched_state,running
181073.771030,0,tick,""
181073.771044,0,reduction,""
181073.771047,0,sched_state,running
181073.771196,0,tick,""
181073.771255,0,reduction,""
181073.771259,0,sched_state,running
181073.771442,0,tick,""
181073.771459,0,reduction,""
181073.771461,0,sched_state,running
181073.771638,0,tick,""
181073.771643,0,spawn,""
181073.771646,0,reduction,""
181073.771647,0,sched_state,running
181073.771826,0,tick,""
181073.771829,0,reduction,""
181073.771831,0,sched_state,running
181073.772011,0,tick,""
181073.772015,0,reduction,""
181073.772017,0,sched_state,running
181073.772193,0,tick,""
181073.772198,0,reduction,""
181073.772200,0,sched_state,running
181073.772378,0,tick,""
181073.772382,0,reduction,""
181073.772384,0,sched_state,running
181073.772556,0,tick,""
181073.772562,0,reduction,""
181073.772564,0,sched_state,running
181073.772736,0,tick,""
181073.772742,0,reduction,""
181073.772744,0,sched_state,running
181073.772915,0,tick,""
181073.772934,0,reduction,""
181073.772936,0,sched_state,running
181073.773022,3,sched_state,waiting
181073.773022,7,sched_state,waiting
181073.773029,2,sched_state,waiting
181073.773030,3,tick,""
181073.773033,7,tick,""
181073.773038,2,tick,""
181073.773042,1,sched_state,waiting
181073.773053,1,tick,""
181073.773066,2,sched_state,waiting
181073.773072,2,tick,""
181073.773072,7,sched_state,waiting
181073.773076,2,sched_state,waiting
181073.773079,7,tick,""
181073.773080,2,tick,""
181073.773081,1,sched_state,waiting
181073.773087,1,tick,""
181073.773105,3,sched_state,waiting
181073.773109,0,tick,""
181073.773109,6,sched_state,waiting
181073.773113,3,tick,""
181073.773115,0,reduction,""
181073.773117,6,tick,""
181073.773117,0,sched_state,running
181073.773152,6,sched_state,waiting
181073.773162,6,tick,""
181073.773293,0,tick,""
181073.773311,0,reduction,""
181073.773314,0,sched_state,running
181073.773485,0,tick,""
181073.773507,0,reduction,""
181073.773509,0,sched_state,running
181073.773685,0,tick,""
181073.773691,0,reduction,""
181073.773693,0,sched_state,running
181073.773848,0,tick,""
181073.774001,0,reduction,""
181073.774004,0,sched_state,running
181073.774183,0,tick,""
181073.774198,0,reduction,""
181073.774201,0,sched_state,running
181073.774359,0,tick,""
181073.774363,0,reduction,""
181073.774365,0,sched_state,running
181073.774541,0,tick,""
181073.774559,0,reduction,""
181073.774562,0,sched_state,running
181073.774736,0,tick,""
181073.774787,0,reduction,""
181073.774789,0,sched_state,running
181073.774965,0,tick,""
181073.774981,0,reduction,""
181073.774984,0,sched_state,running
181073.775158,0,tick,""
181073.775163,0,spawn,""
181073.775165,0,reduction,""
181073.775167,0,sched_state,running
181073.775316,0,tick,""
181073.775318,0,reduction,""
181073.775321,0,sched_state,running
181073.775436,0,tick,""
181073.775439,0,reduction,""
181073.775440,0,sched_state,running
181073.775552,0,tick,""
181073.775555,0,reduction,""
181073.775556,0,sched_state,running
181073.775670,0,tick,""
181073.775674,0,reduction,""
181073.775675,0,sched_state,running
181073.775788,0,tick,""
181073.775791,0,reduction,""
181073.775793,0,sched_state,running
181073.775906,0,tick,""
181073.775910,0,reduction,""
181073.775911,0,sched_state,running
181073.776027,0,tick,""
181073.776042,0,reduction,""
181073.776044,0,sched_state,running
181073.776169,0,tick,""
181073.776173,0,reduction,""
181073.776175,0,sched_state,running
181073.776289,0,tick,""
181073.776299,0,reduction,""
181073.776301,0,sched_state,running
181073.776415,0,tick,""
181073.776429,0,reduction,""
181073.776430,0,sched_state,running
181073.776544,0,tick,""
181073.776549,0,reduction,""
181073.776550,0,sched_state,running
181073.776662,0,tick,""
181073.776751,0,reduction,""
181073.776753,0,sched_state,running
181073.776871,0,tick,""
181073.776882,0,reduction,""
181073.776883,0,sched_state,running
181073.776999,0,tick,""
181073.777002,0,reduction,""
181073.777003,0,sched_state,running
181073.777116,0,tick,""
181073.777119,0,reduction,""
181073.777121,0,sched_state,running
181073.777231,0,tick,""
181073.777234,0,reduction,""
181073.777235,0,sched_state,running
181073.777346,0,tick,""
181073.777351,0,reduction,""
181073.777352,0,sched_state,running
181073.777463,0,tick,""
181073.777537,0,reduction,""
181073.777539,0,sched_state,running
181073.777654,0,tick,""
181073.777659,0,reduction,""
181073.777660,0,sched_state,running
181073.777772,0,tick,""
181073.777845,0,reduction,""
181073.777847,0,sched_state,running
181073.777963,0,tick,""
181073.778774,0,sched_state,running
181073.778901,0,tick,""
181073.778906,0,reduction,""
181073.778907,0,sched_state,running
181073.779023,0,tick,""
181073.779027,0,reduction,""
181073.779029,0,sched_state,running
181073.779145,0,tick,""
181073.779148,0,reduction,""
181073.779150,0,sched_state,running
181073.779266,0,tick,""
181073.779269,0,reduction,""
181073.779271,0,sched_state,running
181073.779277,0,queue_length,1
181073.779385,0,tick,""
181073.779388,0,reduction,""
181073.779390,0,sched_state,running
181073.779500,0,tick,""
181073.779559,0,reduction,""
181073.779562,0,sched_state,running
181073.779746,0,tick,""
181073.779752,0,reduction,""
181073.779754,0,sched_state,running
181073.779926,0,tick,""
181073.779931,0,spawn,""
181073.779934,0,reduction,""
181073.779936,0,sched_state,running
181073.780125,0,tick,""
181073.780128,0,reduction,""
181073.780130,0,sched_state,running
181073.780303,0,tick,""
181073.780307,0,reduction,""
181073.780309,0,sched_state,running
181073.780480,0,tick,""
181073.780484,0,reduction,""
181073.780486,0,sched_state,running
181073.780657,0,tick,""
181073.780662,0,reduction,""
181073.780663,0,sched_state,running
181073.780831,0,tick,""
181073.780838,0,reduction,""
181073.780840,0,sched_state,running
181073.781139,0,tick,""
181073.781285,0,reduction,""
181073.781287,0,sched_state,running
181073.781640,0,tick,""
181073.781647,0,reduction,""
181073.781649,0,sched_state,running
181073.781824,0,tick,""
181073.781904,0,reduction,""
181073.781908,0,sched_state,running
181073.782081,0,tick,""
181073.782087,0,reduction,""
181073.782089,0,sched_state,running
181073.782257,0,tick,""
181073.782271,0,reduction,""
181073.782273,0,sched_state,running
181073.782419,0,tick,""
181073.782436,0,reduction,""
181073.782438,0,sched_state,running
181073.782551,0,tick,""
181073.782562,0,reduction,""
181073.782564,0,sched_state,running
181073.782679,0,tick,""
181073.782843,0,reduction,""
181073.782846,0,sched_state,running
181073.782964,0,tick,""
181073.782969,0,reduction,""
181073.782970,0,sched_state,running
181073.783083,0,tick,""
181073.783088,0,reduction,""
181073.783089,0,sched_state,running
181073.783205,0,tick,""
181073.783210,0,reduction,""
181073.783211,0,sched_state,running
181073.783317,0,tick,""
181073.783321,0,reduction,""
181073.783322,0,sched_state,running
181073.783427,0,tick,""
181073.783431,0,reduction,""
181073.783432,0,sched_state,running
181073.783537,0,tick,""
181073.783540,0,reduction,""
181073.783541,0,sched_state,running
181073.783654,0,tick,""
181073.783658,0,reduction,""
181073.783659,0,sched_state,running
181073.783772,0,tick,""
181073.784024,5,sched_state,waiting
181073.784033,5,tick,""
181073.784036,5,sched_state,waiting
181073.784041,5,tick,""
181073.784047,2,sched_state,waiting
181073.784057,2,tick,""
181073.784067,5,sched_state,waiting
181073.784072,5,tick,""
181073.784187,0,sched_state,running
181073.784192,0,queue_length,2
181073.784323,3,sched_state,waiting
181073.784329,0,tick,""
181073.784329,3,tick,""
181073.784334,0,reduction,""
181073.784337,0,sched_state,running
181073.784479,0,tick,""
181073.784484,0,reduction,""
181073.784485,0,sched_state,running
181073.784608,0,tick,""
181073.784612,0,reduction,""
181073.784614,0,sched_state,running
181073.784734,0,tick,""
181073.784738,0,reduction,""
181073.784739,0,sched_state,running
181073.784858,0,tick,""
181073.784862,0,reduction,""
181073.784864,0,sched_state,running
181073.784983,0,tick,""
181073.785034,0,reduction,""
181073.785037,0,sched_state,running
181073.785250,0,tick,""
181073.785255,0,reduction,""
181073.785256,0,sched_state,running
181073.785472,0,tick,""
181073.785477,0,spawn,""
181073.785479,0,reduction,""
181073.785480,0,sched_state,running
181073.785599,0,tick,""
181073.785602,0,reduction,""
181073.785604,0,sched_state,running
181073.785723,0,tick,""
181073.785726,0,reduction,""
181073.785727,0,sched_state,running
181073.785844,0,tick,""
181073.785848,0,reduction,""
181073.785849,0,sched_state,running
181073.785964,0,tick,""
181073.785967,0,reduction,""
181073.785968,0,sched_state,running
181073.786084,0,tick,""
181073.786088,0,reduction,""
181073.786089,0,sched_state,running
181073.786204,0,tick,""
181073.786305,0,reduction,""
181073.786308,0,sched_state,running
181073.786427,0,tick,""
181073.786432,0,reduction,""
181073.786433,0,sched_state,running
181073.786548,0,tick,""
181073.786622,0,reduction,""
181073.786626,0,sched_state,running
181073.786742,0,tick,""
181073.786747,0,reduction,""
181073.786748,0,sched_state,running
181073.786862,0,tick,""
181073.786873,0,reduction,""
181073.786874,0,sched_state,running
181073.787028,0,tick,""
181073.787062,0,reduction,""
181073.787069,0,sched_state,running
181073.787285,0,tick,""
181073.787295,0,reduction,""
181073.787297,0,sched_state,running
181073.787415,0,tick,""
181073.787632,0,reduction,""
181073.787642,0,sched_state,running
181073.787909,0,tick,""
181073.787923,0,reduction,""
181073.787926,0,sched_state,running
181073.788230,0,tick,""
181073.788243,0,reduction,""
181073.788245,0,sched_state,running
181073.788374,0,tick,""
181073.788379,0,reduction,""
181073.788380,0,sched_state,running
181073.788494,0,tick,""
181073.788499,0,reduction,""
181073.788500,0,sched_state,running
181073.788614,0,tick,""
181073.788618,0,reduction,""
181073.788619,0,sched_state,running
181073.788733,0,tick,""
181073.788737,0,reduction,""
181073.788738,0,sched_state,running
181073.788852,0,tick,""
181073.788856,0,reduction,""
181073.788857,0,sched_state,running
181073.788971,0,tick,""
181073.789423,0,sched_state,running
181073.789452,0,queue_length,3
181073.789549,0,tick,""
181073.789553,0,reduction,""
181073.789555,0,sched_state,running
181073.789674,0,tick,""
181073.789678,0,reduction,""
181073.789680,0,sched_state,running
181073.789796,0,tick,""
181073.789800,0,reduction,""
181073.789801,0,sched_state,running
181073.789917,0,tick,""
181073.789920,0,reduction,""
181073.789922,0,sched_state,running
181073.790037,0,tick,""
181073.790041,0,reduction,""
181073.790042,0,sched_state,running
181073.790155,0,tick,""
181073.790211,0,reduction,""
181073.790213,0,sched_state,running
181073.790334,0,tick,""
181073.790339,0,reduction,""
181073.790340,0,sched_state,running
181073.790457,0,tick,""
181073.790461,0,spawn,""
181073.790463,0,reduction,""
181073.790464,0,sched_state,running
181073.790582,0,tick,""
181073.790585,0,reduction,""
181073.790586,0,sched_state,running
181073.790702,0,tick,""
181073.790705,0,reduction,""
181073.790706,0,sched_state,running
181073.790821,0,tick,""
181073.790824,0,reduction,""
181073.790825,0,sched_state,running
181073.790942,0,tick,""
181073.790946,0,reduction,""
181073.790947,0,sched_state,running
181073.791064,0,tick,""
181073.791068,0,reduction,""
181073.791069,0,sched_state,running
181073.791184,0,tick,""
181073.791262,0,reduction,""
181073.791264,0,sched_state,running
181073.791383,0,tick,""
181073.791388,0,reduction,""
181073.791390,0,sched_state,running
181073.791505,0,tick,""
181073.791579,0,reduction,""
181073.791581,0,sched_state,running
181073.791696,0,tick,""
181073.791701,0,reduction,""
181073.791702,0,sched_state,running
181073.791816,0,tick,""
181073.791826,0,reduction,""
181073.791828,0,sched_state,running
181073.791944,0,tick,""
181073.791956,0,reduction,""
181073.791957,0,sched_state,running
181073.792071,0,tick,""
181073.792081,0,reduction,""
181073.792083,0,sched_state,running
181073.792203,0,tick,""
181073.792352,0,reduction,""
181073.792355,0,sched_state,running
181073.792474,0,tick,""
181073.792479,0,reduction,""
181073.792481,0,sched_state,running
181073.792594,0,tick,""
181073.792599,0,reduction,""
181073.792601,0,sched_state,running
181073.792716,0,tick,""
181073.792721,0,reduction,""
181073.792722,0,sched_state,running
181073.792836,0,tick,""
181073.792840,0,reduction,""
181073.792841,0,sched_state,running
181073.792954,0,tick,""
181073.792958,0,reduction,""
181073.792959,0,sched_state,running
181073.793073,0,tick,""
181073.793076,0,reduction,""
181073.793078,0,sched_state,running
181073.793191,0,tick,""
181073.793194,0,reduction,""
181073.793196,0,sched_state,running
181073.793308,0,tick,""
181073.793829,0,sched_state,running
181073.793957,0,tick,""
181073.793962,0,reduction,""
181073.793963,0,sched_state,running
181073.794083,0,tick,""
181073.794088,0,reduction,""
181073.794089,0,sched_state,running
181073.794209,0,tick,""
181073.794213,0,reduction,""
181073.794214,0,sched_state,running
181073.794329,0,tick,""
181073.794332,0,reduction,""
181073.794334,0,sched_state,running
181073.794448,0,tick,""
181073.794452,0,reduction,""
181073.794453,0,sched_state,running
181073.794568,0,tick,""
181073.794617,0,reduction,""
181073.794619,0,sched_state,running
181073.794734,0,tick,""
181073.794739,0,reduction,""
181073.794740,0,sched_state,running
181073.794855,0,tick,""
181073.794859,0,spawn,""
181073.794861,0,reduction,""
181073.794862,0,sched_state,running
181073.794980,0,tick,""
181073.794982,0,reduction,""
181073.794984,0,sched_state,running
181073.795013,5,sched_state,waiting
181073.795013,6,sched_state,waiting
181073.795013,7,sched_state,waiting
181073.795021,5,tick,""
181073.795024,6,tick,""
181073.795030,7,tick,""
181073.795056,7,sched_state,waiting
181073.795058,5,sched_state,waiting
181073.795054,6,sched_state,waiting
181073.795070,7,tick,""
181073.795071,6,tick,""
181073.795073,5,tick,""
181073.795104,0,tick,""
181073.795108,0,reduction,""
181073.795109,0,sched_state,running
181073.795224,0,tick,""
181073.795228,0,reduction,""
181073.795229,0,sched_state,running
181073.795348,0,tick,""
181073.795351,0,reduction,""
181073.795353,0,sched_state,running
181073.795469,0,tick,""
181073.795473,0,reduction,""
181073.795475,0,sched_state,running
181073.795543,0,queue_length,4
181073.795590,0,tick,""
181073.795673,0,reduction,""
181073.795677,0,sched_state,running
181073.795871,0,tick,""
181073.795879,0,reduction,""
181073.795881,0,sched_state,running
181073.796063,0,tick,""
181073.796192,0,reduction,""
181073.796196,0,sched_state,running
181073.796378,0,tick,""
181073.796384,0,reduction,""
181073.796386,0,sched_state,running
181073.796561,0,tick,""
181073.796576,0,reduction,""
181073.796579,0,sched_state,running
181073.796747,0,tick,""
181073.796766,0,reduction,""
181073.796768,0,sched_state,running
181073.796972,0,tick,""
181073.796985,0,reduction,""
181073.796988,0,sched_state,running
181073.797162,0,tick,""
181073.797377,0,reduction,""
181073.797380,0,sched_state,running
181073.797559,0,tick,""
181073.797566,0,reduction,""
181073.797568,0,sched_state,running
181073.797744,0,tick,""
181073.797749,0,reduction,""
181073.797750,0,sched_state,running
181073.797901,0,tick,""
181073.797906,0,reduction,""
181073.797908,0,sched_state,running
181073.798022,0,tick,""
181073.798026,0,reduction,""
181073.798027,0,sched_state,running
181073.798142,0,tick,""
181073.798156,0,reduction,""
181073.798158,0,sched_state,running
181073.798313,0,tick,""
181073.798318,0,reduction,""
181073.798320,0,sched_state,running
181073.798473,0,tick,""
181073.798478,0,reduction,""
181073.798480,0,sched_state,running
181073.798636,0,tick,""
181073.798650,0,queue_length,3
181073.802327,0,sched_state,running
181073.802642,0,tick,""
181073.802648,0,reduction,""
181073.802651,0,sched_state,running
181073.802788,0,tick,""
181073.802793,0,reduction,""
181073.802794,0,sched_state,running
181073.802918,0,tick,""
181073.802921,0,reduction,""
181073.802922,0,sched_state,running
181073.803041,0,tick,""
181073.803045,0,reduction,""
181073.803047,0,sched_state,running
181073.803167,0,tick,""
181073.803172,0,reduction,""
181073.803173,0,sched_state,running
181073.803289,0,tick,""
181073.803346,0,reduction,""
181073.803348,0,sched_state,running
181073.803467,0,tick,""
181073.803472,0,reduction,""
181073.803473,0,sched_state,running
181073.803591,0,tick,""
181073.803596,0,spawn,""
181073.803597,0,reduction,""
181073.803599,0,sched_state,running
181073.803717,0,tick,""
181073.803719,0,reduction,""
181073.803720,0,sched_state,running
181073.803836,0,tick,""
181073.803840,0,reduction,""
181073.803841,0,sched_state,running
181073.803957,0,tick,""
181073.803960,0,reduction,""
181073.803961,0,sched_state,running
181073.804073,0,tick,""
181073.804076,0,reduction,""
181073.804077,0,sched_state,running
181073.804198,0,tick,""
181073.804202,0,reduction,""
181073.804203,0,sched_state,running
181073.804317,0,tick,""
181073.804439,0,reduction,""
181073.804442,0,sched_state,running
181073.804558,0,tick,""
181073.804563,0,reduction,""
181073.804564,0,sched_state,running
181073.804680,0,tick,""
181073.804754,0,reduction,""
181073.804756,0,sched_state,running
181073.804871,0,tick,""
181073.804875,0,reduction,""
181073.804877,0,sched_state,running
181073.804988,0,tick,""
181073.805000,0,reduction,""
181073.805001,0,sched_state,running
181073.805115,0,tick,""
181073.805121,0,queue_length,4
181073.805131,0,reduction,""
181073.805134,0,sched_state,running
181073.805308,0,tick,""
181073.805321,0,reduction,""
181073.805323,0,sched_state,running
181073.805498,0,tick,""
181073.805703,0,reduction,""
181073.805705,0,sched_state,running
181073.805827,0,tick,""
181073.805833,0,reduction,""
181073.805834,0,sched_state,running
181073.805950,0,tick,""
181073.805956,0,reduction,""
181073.805957,0,sched_state,running
181073.806066,5,sched_state,waiting
181073.806086,0,tick,""
181073.806096,0,reduction,""
181073.806098,0,sched_state,running
181073.806681,0,tick,""
181073.806697,0,reduction,""
181073.806700,0,sched_state,running
181073.807137,0,tick,""
181073.807150,0,reduction,""
181073.807153,0,sched_state,running
181073.807272,5,tick,""
181073.807281,5,sched_state,running
181073.807331,0,tick,""
181073.807337,0,reduction,""
181073.807339,0,sched_state,running
181073.807517,0,tick,""
181073.807522,0,reduction,""
181073.807524,0,sched_state,running
181073.807699,0,tick,""
181073.808141,5,tick,""
181073.808154,5,reduction,""
181073.808156,5,sched_state,running
181073.808401,0,sched_state,running
181073.808403,0,queue_length,5
181073.808532,0,tick,""
181073.808537,0,reduction,""
181073.808539,0,sched_state,running
181073.808662,0,tick,""
181073.808667,0,reduction,""
181073.808669,0,sched_state,running
181073.808789,0,tick,""
181073.808793,0,reduction,""
181073.808795,0,sched_state,running
181073.808913,0,tick,""
181073.808917,0,reduction,""
181073.808918,0,sched_state,running
181073.808977,5,tick,""
181073.809004,5,reduction,""
181073.809006,5,sched_state,running
181073.809034,0,tick,""
181073.809039,0,reduction,""
181073.809040,0,sched_state,running
181073.809155,0,tick,""
181073.809220,0,reduction,""
181073.809222,0,sched_state,running
181073.809337,0,tick,""
181073.809341,0,reduction,""
181073.809343,0,sched_state,running
181073.809460,0,tick,""
181073.809461,5,tick,""
181073.809465,0,spawn,""
181073.809466,0,reduction,""
181073.809468,0,sched_state,running
181073.809480,5,reduction,""
181073.809483,5,sched_state,running
181073.809587,0,tick,""
181073.809589,0,reduction,""
181073.809590,0,sched_state,running
181073.809705,0,tick,""
181073.809708,0,reduction,""
181073.809710,0,sched_state,running
181073.809826,0,tick,""
181073.809829,0,reduction,""
181073.809830,0,sched_state,running
181073.809924,5,tick,""
181073.809940,5,reduction,""
181073.809944,5,sched_state,running
181073.809947,0,tick,""
181073.809950,0,reduction,""
181073.809952,0,sched_state,running
181073.810115,0,tick,""
181073.810121,0,reduction,""
181073.810123,0,sched_state,running
181073.810297,0,tick,""
181073.810372,5,tick,""
181073.810462,0,reduction,""
181073.810465,0,sched_state,running
181073.810588,5,reduction,""
181073.810591,5,sched_state,running
181073.810618,0,tick,""
181073.810624,0,reduction,""
181073.810625,0,sched_state,running
181073.810721,1,sched_state,waiting
181073.810743,0,tick,""
181073.810818,0,reduction,""
181073.810819,0,sched_state,running
181073.810935,0,tick,""
181073.810940,0,reduction,""
181073.810941,0,sched_state,running
181073.811010,5,tick,""
181073.811019,5,reduction,""
181073.811021,5,sched_state,running
181073.811053,0,tick,""
181073.811066,0,reduction,""
181073.811067,0,sched_state,running
181073.811182,0,tick,""
181073.811195,0,reduction,""
181073.811196,0,sched_state,running
181073.811312,0,tick,""
181073.811322,0,reduction,""
181073.811324,0,sched_state,running
181073.811437,5,tick,""
181073.811439,0,tick,""
181073.811445,5,reduction,""
181073.811447,5,sched_state,running
181073.811605,1,tick,""
181073.811608,0,reduction,""
181073.811611,0,sched_state,running
181073.811787,0,tick,""
181073.811794,0,reduction,""
181073.811796,0,sched_state,running
181073.811862,5,tick,""
181073.811869,5,reduction,""
181073.811871,5,sched_state,running
181073.811975,0,tick,""
181073.811982,0,reduction,""
181073.811983,0,sched_state,running
181073.812172,0,tick,""
181073.812179,0,reduction,""
181073.812182,0,sched_state,running
181073.812236,5,tick,""
181073.812242,5,reduction,""
181073.812243,5,sched_state,running
181073.812328,0,tick,""
181073.812334,0,reduction,""
181073.812336,0,sched_state,running
181073.812512,0,tick,""
181073.812519,0,reduction,""
181073.812520,0,sched_state,running
181073.812591,5,tick,""
181073.812597,5,reduction,""
181073.812599,5,sched_state,running
181073.812695,0,tick,""
181073.812700,0,reduction,""
181073.812702,0,sched_state,running
181073.812851,0,tick,""
181073.812855,0,reduction,""
181073.812856,0,sched_state,running
181073.812969,0,tick,""
181073.813009,5,tick,""
181073.813014,5,reduction,""
181073.813016,5,sched_state,running
181073.813284,5,tick,""
181073.813289,5,reduction,""
181073.813290,5,sched_state,running
181073.813544,5,tick,""
181073.813548,5,reduction,""
181073.813549,5,sched_state,running
181073.813675,0,sched_state,running
181073.813707,0,queue_length,6
181073.813803,0,tick,""
181073.813805,5,tick,""
181073.813807,0,reduction,""
181073.813808,5,reduction,""
181073.813808,0,sched_state,running
181073.813809,5,sched_state,running
181073.813931,0,tick,""
181073.813937,0,reduction,""
181073.813939,0,sched_state,running
181073.814115,0,tick,""
181073.814119,0,reduction,""
181073.814121,0,sched_state,running
181073.814144,5,tick,""
181073.814149,5,reduction,""
181073.814151,5,sched_state,running
181073.814298,0,tick,""
181073.814303,0,reduction,""
181073.814306,0,sched_state,running
181073.814456,0,tick,""
181073.814460,0,reduction,""
181073.814462,0,sched_state,running
181073.814502,5,tick,""
181073.814579,0,tick,""
181073.814634,0,reduction,""
181073.814636,0,sched_state,running
181073.814812,0,tick,""
181073.814819,0,reduction,""
181073.814821,0,sched_state,running
181073.814996,0,tick,""
181073.815001,0,spawn,""
181073.815004,0,reduction,""
181073.815005,0,sched_state,running
181073.815265,0,tick,""
181073.815271,0,reduction,""
181073.815272,0,sched_state,running
181073.815522,0,tick,""
181073.815528,0,reduction,""
181073.815529,0,sched_state,running
181073.815649,0,tick,""
181073.815654,0,reduction,""
181073.815656,0,sched_state,running
181073.815772,0,tick,""
181073.815775,0,reduction,""
181073.815777,0,sched_state,running
181073.815896,0,tick,""
181073.815900,0,reduction,""
181073.815901,0,sched_state,running
181073.816017,0,tick,""
181073.816133,0,reduction,""
181073.816135,0,sched_state,running
181073.816218,6,channel_blocked,507
181073.816220,5,yield,""
181073.816254,0,tick,""
181073.816259,0,reduction,""
181073.816260,0,sched_state,running
181073.816377,0,tick,""
181073.816451,0,reduction,""
181073.816452,0,sched_state,running
181073.817078,0,tick,""
181073.817081,7,sched_state,waiting
181073.817085,0,reduction,""
181073.817087,0,sched_state,running
181073.817090,5,sched_state,running
181073.817116,7,tick,""
181073.817120,5,tick,""
181073.817148,5,queue_length,0
181073.817153,5,sched_state,waiting
181073.817158,5,tick,""
181073.817182,5,sched_state,waiting
181073.817187,5,tick,""
181073.817220,0,tick,""
181073.817221,7,sched_state,waiting
181073.817229,7,tick,""
181073.817234,0,reduction,""
181073.817236,0,sched_state,running
181073.817355,0,tick,""
181073.817374,0,reduction,""
181073.817376,0,sched_state,running
181073.817494,0,tick,""
181073.817505,0,reduction,""
181073.817506,0,sched_state,running
181073.817624,0,tick,""
181073.817804,0,reduction,""
181073.817806,0,sched_state,running
181073.817925,0,tick,""
181073.817931,0,reduction,""
181073.817933,0,sched_state,running
181073.818014,6,sched_state,waiting
181073.818048,0,tick,""
181073.818053,0,reduction,""
181073.818055,0,sched_state,running
181073.818137,6,tick,""
181073.818165,6,sched_state,waiting
181073.818173,0,tick,""
181073.818178,0,reduction,""
181073.818179,0,sched_state,running
181073.818219,6,tick,""
181073.818296,0,tick,""
181073.818301,0,reduction,""
181073.818302,0,sched_state,running
181073.818420,0,tick,""
181073.818424,0,reduction,""
181073.818426,0,sched_state,running
181073.818539,0,tick,""
181073.818543,0,reduction,""
181073.818545,0,sched_state,running
181073.818657,0,tick,""
181073.818661,0,reduction,""
181073.818662,0,sched_state,running
181073.818777,0,tick,""
181073.818785,0,queue_length,5
181073.820950,0,queue_length,6
181073.820952,0,sched_state,running
181073.821184,0,tick,""
181073.821191,0,reduction,""
181073.821193,0,sched_state,running
181073.821321,0,tick,""
181073.821329,0,reduction,""
181073.821330,0,sched_state,running
181073.821449,0,tick,""
181073.821452,0,reduction,""
181073.821454,0,sched_state,running
181073.821571,0,tick,""
181073.821574,0,reduction,""
181073.821575,0,sched_state,running
181073.821691,0,tick,""
181073.821694,0,reduction,""
181073.821695,0,sched_state,running
181073.821807,0,tick,""
181073.821810,0,reduction,""
181073.821812,0,sched_state,running
181073.821924,0,tick,""
181073.822564,0,channel_blocked,87
181073.822566,0,yield,""
181073.822569,0,sched_state,running
181073.822695,0,tick,""
181073.822700,0,sched_state,running
181073.822819,0,tick,""
181073.822823,0,reduction,""
181073.822825,0,sched_state,running
181073.822938,0,tick,""
181073.822944,0,reduction,""
181073.822945,0,sched_state,running
181073.823035,1,sched_state,waiting
181073.823059,0,tick,""
181073.823063,0,reduction,""
181073.823064,0,sched_state,running
181073.823177,0,tick,""
181073.823180,0,reduction,""
181073.823181,0,sched_state,running
181073.823294,0,tick,""
181073.823297,0,reduction,""
181073.823299,0,sched_state,running
181073.823307,1,tick,""
181073.823411,0,tick,""
181073.823416,0,reduction,""
181073.823417,0,sched_state,running
181073.823531,0,tick,""
181073.824182,1,channel_blocked,186
181073.824184,0,yield,""
181073.824186,0,sched_state,running
181073.824394,0,tick,""
181073.824398,0,sched_state,running
181073.824517,0,tick,""
181073.824521,0,reduction,""
181073.824522,0,sched_state,running
181073.824642,0,tick,""
181073.824651,0,reduction,""
181073.824653,0,sched_state,running
181073.824972,0,tick,""
181073.824977,0,reduction,""
181073.824979,0,sched_state,running
181073.825216,0,tick,""
181073.825220,0,reduction,""
181073.825222,0,sched_state,running
181073.825339,0,tick,""
181073.825343,0,reduction,""
181073.825344,0,sched_state,running
181073.825459,0,tick,""
181073.825464,0,reduction,""
181073.825465,0,sched_state,running
181073.825582,0,tick,""
181073.826334,2,channel_blocked,251
181073.826336,0,yield,""
181073.826338,0,sched_state,running
181073.826549,0,tick,""
181073.826560,0,queue_length,5
181073.828024,7,sched_state,waiting
181073.828178,5,sched_state,waiting
181073.828187,5,tick,""
181073.828210,5,sched_state,waiting
181073.828214,5,tick,""
181073.828459,0,sched_state,running
181073.828749,7,tick,""
181073.828755,7,sched_state,running
181073.828759,2,sched_state,waiting
181073.828846,2,tick,""
181073.828896,0,tick,""
181073.828903,0,reduction,""
181073.828905,0,sched_state,running
181073.829096,0,tick,""
181073.829106,0,reduction,""
181073.829108,0,sched_state,running
181073.829276,7,tick,""
181073.829281,7,reduction,""
181073.829283,7,sched_state,running
181073.829468,6,sched_state,waiting
181073.829475,6,tick,""
181073.829527,0,tick,""
181073.829532,0,reduction,""
181073.829534,0,sched_state,running
181073.829705,0,tick,""
181073.829711,0,reduction,""
181073.829714,0,sched_state,running
181073.829892,0,tick,""
181073.829896,0,reduction,""
181073.829898,0,sched_state,running
181073.830023,7,tick,""
181073.830030,7,reduction,""
181073.830032,7,sched_state,running
181073.830063,0,tick,""
181073.830070,0,reduction,""
181073.830072,0,sched_state,running
181073.830256,0,tick,""
181073.830373,7,tick,""
181073.830377,7,reduction,""
181073.830378,7,sched_state,running
181073.830671,7,tick,""
181073.831119,6,sched_state,waiting
181073.831329,7,channel_blocked,590
181073.831331,7,yield,""
181073.831334,7,sched_state,running
181073.831339,7,tick,""
181073.831347,7,queue_length,0
181073.831349,7,sched_state,waiting
181073.831352,7,tick,""
181073.831397,6,tick,""
181073.831418,7,sched_state,waiting
181073.831421,7,tick,""
181073.831433,3,channel_blocked,297
181073.831436,0,yield,""
181073.831440,0,sched_state,running
181073.831744,0,tick,""
181073.831761,0,queue_length,4
181073.833977,0,sched_state,running
181073.834374,0,tick,""
181073.834382,0,reduction,""
181073.834384,0,sched_state,running
181073.834577,0,tick,""
181073.834587,0,reduction,""
181073.834589,0,sched_state,running
181073.834772,0,tick,""
181073.834777,0,reduction,""
181073.834779,0,sched_state,running
181073.834967,0,tick,""
181073.834973,0,reduction,""
181073.834975,0,sched_state,running
181073.835158,0,tick,""
181073.835163,0,reduction,""
181073.835165,0,sched_state,running
181073.835346,0,tick,""
181073.835352,0,reduction,""
181073.835354,0,sched_state,running
181073.835538,0,tick,""
181073.837067,4,channel_blocked,349
181073.837070,0,yield,""
181073.837074,0,sched_state,running
181073.837267,0,tick,""
181073.837276,0,queue_length,3
181073.839283,2,sched_state,waiting
181073.839364,5,sched_state,waiting
181073.839465,1,sched_state,running
181073.839615,5,tick,""
181073.839640,2,tick,""
181073.839656,5,sched_state,waiting
181073.839726,5,tick,""
181073.839907,0,sched_state,running
181073.840284,1,tick,""
181073.840293,1,reduction,""
181073.840295,1,sched_state,running
181073.840358,3,sched_state,running
181073.840907,1,tick,""
181073.840915,1,reduction,""
181073.840917,1,sched_state,running
181073.841217,1,tick,""
181073.841221,1,reduction,""
181073.841223,1,sched_state,running
181073.841465,1,tick,""
181073.841642,0,tick,""
181073.841652,0,reduction,""
181073.841655,0,sched_state,running
181073.842150,3,tick,""
181073.842163,3,reduction,""
181073.842166,3,sched_state,running
181073.842468,9,channel_blocked,765
181073.842471,1,yield,""
181073.842475,1,sched_state,running
181073.842539,1,tick,""
181073.842550,1,queue_length,0
181073.842563,1,sched_state,waiting
181073.842705,1,tick,""
181073.842715,0,tick,""
181073.842728,0,reduction,""
181073.842731,0,sched_state,running
181073.842980,3,tick,""
181073.842986,3,reduction,""
181073.842988,3,sched_state,running
181073.843103,0,tick,""
181073.843109,0,reduction,""
181073.843112,0,sched_state,running
181073.843474,1,sched_state,waiting
181073.843482,1,tick,""
181073.843487,0,tick,""
181073.843492,0,reduction,""
181073.843494,0,sched_state,running
181073.843523,3,tick,""
181073.843528,3,reduction,""
181073.843530,3,sched_state,running
181073.843560,7,sched_state,running
181073.843658,0,tick,""
181073.843664,0,reduction,""
181073.843665,0,sched_state,running
181073.843794,3,tick,""
181073.843822,0,tick,""
181073.843828,0,reduction,""
181073.843830,0,sched_state,running
181073.843987,0,tick,""
181073.844266,7,tick,""
181073.844275,7,reduction,""
181073.844278,7,sched_state,running
181073.844601,7,tick,""
181073.844605,7,reduction,""
181073.844665,7,sched_state,running
181073.845138,5,channel_blocked,403
181073.845141,0,yield,""
181073.845146,0,sched_state,running
181073.845268,8,channel_blocked,684
181073.845272,3,yield,""
181073.845276,3,sched_state,running
181073.845323,0,tick,""
181073.845334,0,queue_length,2
181073.845335,7,tick,""
181073.845341,7,reduction,""
181073.845344,7,sched_state,running
181073.845422,6,sched_state,waiting
181073.845674,7,tick,""
181073.845703,3,tick,""
181073.845711,3,queue_length,0
181073.845718,3,sched_state,waiting
181073.845725,3,tick,""
181073.845758,3,sched_state,waiting
181073.845763,3,tick,""
181073.845912,6,tick,""
181073.845978,6,sched_state,waiting
181073.845994,6,tick,""
181073.847064,10,channel_blocked,847
181073.847067,7,yield,""
181073.847069,7,sched_state,running
181073.847076,7,tick,""
181073.847084,7,queue_length,0
181073.847087,7,sched_state,waiting
181073.847089,7,tick,""
181073.847109,7,sched_state,waiting
181073.847114,7,tick,""
181073.848248,0,sched_state,running
181073.848481,0,tick,""
181073.848487,0,reduction,""
181073.848489,0,sched_state,running
181073.848729,0,tick,""
181073.848740,0,reduction,""
181073.848743,0,sched_state,running
181073.848920,0,tick,""
181073.848924,0,reduction,""
181073.848926,0,sched_state,running
181073.849097,0,tick,""
181073.849102,0,reduction,""
181073.849104,0,sched_state,running
181073.849222,0,tick,""
181073.849226,0,reduction,""
181073.849227,0,sched_state,running
181073.849339,0,tick,""
181073.849344,0,reduction,""
181073.849345,0,sched_state,running
181073.849458,0,tick,""
181073.850057,4,sched_state,waiting
181073.850581,4,tick,""
181073.850585,5,sched_state,waiting
181073.850725,5,tick,""
181073.850730,5,sched_state,waiting
181073.850733,5,tick,""
181073.850736,5,sched_state,waiting
181073.850739,5,tick,""
181073.854541,1,sched_state,waiting
181073.854576,1,tick,""
181073.854616,1,sched_state,waiting
181073.854669,1,tick,""
181073.854785,6,channel_unblocked,451
181073.854794,0,yield,""
181073.854799,0,sched_state,running
181073.856287,3,sched_state,waiting
181073.856342,3,tick,""
181073.856372,3,sched_state,waiting
181073.856391,3,tick,""
181073.856662,0,tick,""
181073.856677,0,reduction,""
181073.856680,0,sched_state,running
181073.857898,0,tick,""
181073.857906,0,reduction,""
181073.857909,0,sched_state,running
181073.858422,7,sched_state,waiting
181073.858519,7,tick,""
181073.858560,7,sched_state,waiting
181073.858565,7,tick,""
181073.859127,0,tick,""
181073.860698,13,channel_blocked,451
181073.860701,0,yield,""
181073.860707,0,sched_state,running
181073.861133,2,sched_state,running
181073.861219,0,tick,""
181073.861230,0,queue_length,1
181073.861313,5,sched_state,waiting
181073.861342,5,tick,""
181073.861371,5,sched_state,waiting
181073.861449,5,tick,""
181073.861656,2,tick,""
181073.861665,2,reduction,""
181073.861668,2,sched_state,running
181073.862025,2,tick,""
181073.862031,2,reduction,""
181073.862034,2,sched_state,running
181073.862656,2,tick,""
181073.862662,2,reduction,""
181073.862665,2,sched_state,running
181073.863010,2,tick,""
181073.863042,0,sched_state,running
181073.863700,0,tick,""
181073.863704,0,sched_state,running
181073.863784,0,tick,""
181073.863795,0,queue_length,0
181073.864853,11,channel_blocked,989
181073.864858,2,yield,""
181073.864862,2,sched_state,running
181073.864886,2,tick,""
181073.864895,2,queue_length,0
181073.864910,2,queue_length,0
181073.864914,2,sched_state,waiting
181073.864918,2,tick,""
181073.864945,2,sched_state,waiting
181073.864950,2,tick,""
181073.866580,0,queue_length,0
181073.866591,0,sched_state,waiting
181073.866605,0,tick,""
181073.866630,0,sched_state,waiting
181073.866709,0,tick,""
181073.866716,0,sched_state,waiting
181073.866724,0,tick,""
181073.866725,0,sched_state,waiting
181073.866730,0,tick,""
181073.866732,0,sched_state,waiting
181073.866737,0,tick,""
181073.866738,0,sched_state,waiting
181073.866742,0,tick,""
181073.866745,0,sched_state,waiting
181073.866750,0,tick,""
181073.866751,0,sched_state,waiting
181073.866756,0,tick,""
181073.866758,0,sched_state,waiting
181073.866763,0,tick,""
181073.869255,7,sched_state,running
181073.870011,7,tick,""
181073.870025,7,reduction,""
181073.870028,7,sched_state,running
181073.870757,7,tick,""
181073.870765,7,reduction,""
181073.870768,7,sched_state,running
181073.871156,7,tick,""
181073.871161,7,reduction,""
181073.871164,7,sched_state,running
181073.872055,4,sched_state,waiting
181073.872312,7,tick,""
181073.872748,4,tick,""
181073.873804,12,channel_blocked,1083
181073.873809,7,yield,""
181073.873813,7,sched_state,running
181073.873827,7,tick,""
181073.873835,7,queue_length,0
181073.873846,7,queue_length,0
181073.873849,7,sched_state,waiting
181073.873853,7,tick,""
181073.873875,7,sched_state,waiting
181073.873879,7,tick,""
181073.888206,4,sched_state,waiting
181073.888227,4,tick,""
181073.888269,6,sched_state,waiting
181073.888275,2,sched_state,waiting
181073.888326,4,sched_state,waiting
181073.888518,4,tick,""
181073.888557,2,tick,""
181073.888563,2,sched_state,waiting
181073.888571,2,tick,""
181073.888603,2,sched_state,waiting
181073.888608,2,tick,""
181073.888747,6,tick,""
181073.888784,6,sched_state,waiting
181073.888874,6,tick,""
181073.888881,6,sched_state,waiting
181073.888886,6,tick,""
181073.889623,5,sched_state,waiting
181073.889623,1,sched_state,running
181073.889724,5,tick,""
181073.889757,5,sched_state,waiting
181073.889851,5,tick,""
181073.889861,5,sched_state,waiting
181073.889866,5,tick,""
181073.890054,3,sched_state,waiting
181073.890164,1,tick,""
181073.890173,1,reduction,""
181073.890176,1,sched_state,running
181073.890692,3,tick,""
181073.890717,3,sched_state,waiting
181073.890811,3,tick,""
181073.890818,3,sched_state,waiting
181073.890877,3,tick,""
181073.891057,1,tick,""
181073.891066,1,reduction,""
181073.891068,1,sched_state,running
181073.891365,1,tick,""
181073.891370,1,reduction,""
181073.891373,1,sched_state,running
181073.891659,1,tick,""
181073.897907,13,channel_unblocked,1184
181073.897918,1,yield,""
181073.897925,1,sched_state,running
181073.899026,1,tick,""
181073.899034,1,sched_state,running
181073.899064,2,sched_state,waiting
181073.899064,4,sched_state,waiting
181073.899071,0,sched_state,waiting
181073.899074,4,tick,""
181073.899075,2,tick,""
181073.899079,7,sched_state,waiting
181073.899083,0,tick,""
181073.899086,7,tick,""
181073.899117,4,sched_state,waiting
181073.899122,4,tick,""
181073.899124,0,sched_state,waiting
181073.899125,2,sched_state,waiting
181073.899131,2,tick,""
181073.899133,0,tick,""
181073.899476,1,tick,""
181073.899485,1,queue_length,0
181073.899496,1,sched_state,running
181073.899903,1,tick,""
181073.899918,1,reduction,""
181073.899921,1,sched_state,running
181073.900054,5,sched_state,waiting
181073.900063,5,tick,""
181073.900161,5,sched_state,waiting
181073.900167,5,tick,""
181073.900374,1,tick,""
181073.900380,1,reduction,""
181073.900383,1,sched_state,running
181073.900831,1,tick,""
181073.901011,3,sched_state,waiting
181073.901020,3,tick,""
181073.901044,3,sched_state,waiting
181073.901050,3,tick,""
181073.901062,3,sched_state,waiting
181073.901072,3,tick,""
181073.905265,5,channel_unblocked,451
181073.905274,1,yield,""
181073.905280,1,sched_state,running
181073.906300,1,tick,""
181073.906306,1,sched_state,running
181073.906745,1,tick,""
181073.906766,1,queue_length,0
181073.908092,1,queue_length,0
181073.908595,1,sched_state,running
181073.909026,1,tick,""
181073.909033,1,reduction,""
181073.909036,1,sched_state,running
181073.909306,1,tick,""
181073.909311,1,reduction,""
181073.909313,1,sched_state,running
181073.909575,1,tick,""
181073.910021,7,sched_state,waiting
181073.910030,7,tick,""
181073.910034,7,sched_state,waiting
181073.910037,7,tick,""
181073.910055,2,sched_state,waiting
181073.910060,0,sched_state,waiting
181073.910057,6,sched_state,waiting
181073.910065,2,tick,""
181073.910066,7,sched_state,waiting
181073.910071,7,tick,""
181073.910071,0,tick,""
181073.910071,6,tick,""
181073.910076,7,sched_state,waiting
181073.910079,7,tick,""
181073.910104,6,sched_state,waiting
181073.910104,2,sched_state,waiting
181073.910112,6,tick,""
181073.910112,2,tick,""
181073.910118,6,sched_state,waiting
181073.910122,6,tick,""
181073.911019,5,sched_state,waiting
181073.911034,5,tick,""
181073.911078,5,sched_state,waiting
181073.911087,5,tick,""
181073.912011,3,sched_state,waiting
181073.912019,3,tick,""
181073.912084,3,sched_state,waiting
181073.912095,3,tick,""
181073.912103,3,sched_state,waiting
181073.912145,3,tick,""
181073.915540,12,channel_unblocked,403
181073.915548,1,yield,""
181073.915552,1,sched_state,running
181073.916617,1,tick,""
181073.916628,1,reduction,""
181073.916630,1,sched_state,running
181073.917103,1,tick,""
181073.917108,1,reduction,""
181073.917110,1,sched_state,running
181073.918111,1,tick,""
181073.921109,7,sched_state,waiting
181073.921127,7,tick,""
181073.921125,6,sched_state,waiting
181073.921135,4,sched_state,waiting
181073.921137,2,sched_state,waiting
181073.921140,0,sched_state,waiting
181073.921143,6,tick,""
181073.921153,2,tick,""
181073.921154,4,tick,""
181073.921161,0,tick,""
181073.921167,0,sched_state,waiting
181073.921181,0,tick,""
181073.921219,6,sched_state,waiting
181073.921235,0,sched_state,waiting
181073.921247,6,tick,""
181073.921250,0,tick,""
181073.921286,4,sched_state,waiting
181073.921291,4,tick,""
181073.921686,4,channel_unblocked,403
181073.921693,1,yield,""
181073.921702,1,sched_state,running
181073.922012,5,sched_state,waiting
181073.922021,5,tick,""
181073.922049,5,sched_state,waiting
181073.922054,5,tick,""
181073.923015,3,sched_state,waiting
181073.923023,3,tick,""
181073.923047,3,sched_state,waiting
181073.923051,3,tick,""
181073.923077,1,tick,""
181073.923084,1,sched_state,running
181073.923781,1,tick,""
181073.923790,1,queue_length,0
181073.923801,1,sched_state,running
181073.924456,1,tick,""
181073.924460,1,sched_state,running
181073.924705,1,tick,""
181073.924712,1,queue_length,0
181073.925538,1,queue_length,0
181073.925992,1,sched_state,running
181073.926684,1,tick,""
181073.926691,1,reduction,""
181073.926696,1,sched_state,running
181073.926940,1,tick,""
181073.926945,1,reduction,""
181073.926947,1,sched_state,running
181073.927189,1,tick,""
181073.931047,11,channel_unblocked,349
181073.931058,1,yield,""
181073.931062,1,sched_state,running
181073.931886,1,tick,""
181073.931899,1,reduction,""
181073.931901,1,sched_state,running
181073.932026,2,sched_state,waiting
181073.932027,0,sched_state,waiting
181073.932037,2,tick,""
181073.932039,0,tick,""
181073.932042,0,sched_state,waiting
181073.932048,0,tick,""
181073.932051,4,sched_state,waiting
181073.932057,7,sched_state,waiting
181073.932060,4,tick,""
181073.932064,4,sched_state,waiting
181073.932065,7,tick,""
181073.932069,4,tick,""
181073.932079,0,sched_state,waiting
181073.932086,7,sched_state,waiting
181073.932089,4,sched_state,waiting
181073.932091,0,tick,""
181073.932092,7,tick,""
181073.932094,4,tick,""
181073.932920,1,tick,""
181073.932925,1,reduction,""
181073.932927,1,sched_state,running
181073.933017,5,sched_state,waiting
181073.933026,5,tick,""
181073.933048,5,sched_state,waiting
181073.933053,5,tick,""
181073.933602,1,tick,""
181073.934010,3,sched_state,waiting
181073.934017,3,tick,""
181073.934033,3,sched_state,waiting
181073.934036,3,tick,""
181073.934040,3,sched_state,waiting
181073.934044,3,tick,""
181073.934048,3,sched_state,waiting
181073.934051,3,tick,""
181073.936724,3,channel_unblocked,349
181073.936732,1,yield,""
181073.936736,1,sched_state,running
181073.937774,1,tick,""
181073.937779,1,sched_state,running
181073.938425,1,tick,""
181073.938437,1,queue_length,0
181073.938450,1,sched_state,running
181073.939112,1,tick,""
181073.939115,1,sched_state,running
181073.939437,1,tick,""
181073.939448,1,queue_length,0
181073.940081,1,queue_length,0
181073.940657,1,sched_state,running
181073.941198,1,tick,""
181073.941209,1,reduction,""
181073.941212,1,sched_state,running
181073.941797,1,tick,""
181073.941805,1,reduction,""
181073.941807,1,sched_state,running
181073.942023,1,tick,""
181073.943018,6,sched_state,waiting
181073.943019,7,sched_state,waiting
181073.943025,7,tick,""
181073.943028,6,tick,""
181073.943029,2,sched_state,waiting
181073.943035,0,sched_state,waiting
181073.943037,2,tick,""
181073.943040,2,sched_state,waiting
181073.943043,0,tick,""
181073.943044,2,tick,""
181073.943061,7,sched_state,waiting
181073.943067,7,tick,""
181073.943068,0,sched_state,waiting
181073.943070,2,sched_state,waiting
181073.943070,6,sched_state,waiting
181073.943074,2,tick,""
181073.943076,6,tick,""
181073.943076,0,tick,""
181073.943091,6,sched_state,waiting
181073.943095,6,tick,""
181073.944019,5,sched_state,waiting
181073.944030,5,tick,""
181073.944035,5,sched_state,waiting
181073.944040,5,tick,""
181073.944042,5,sched_state,waiting
181073.944046,5,tick,""
181073.944067,5,sched_state,waiting
181073.944071,5,tick,""
181073.945010,3,sched_state,waiting
181073.945024,3,tick,""
181073.945104,3,sched_state,waiting
181073.945109,3,tick,""
181073.946208,10,channel_unblocked,297
181073.946214,1,yield,""
181073.946220,1,sched_state,running
181073.946971,1,tick,""
181073.946983,1,reduction,""
181073.946985,1,sched_state,running
181073.947830,1,tick,""
181073.947835,1,reduction,""
181073.947837,1,sched_state,running
181073.948227,1,tick,""
181073.950839,2,channel_unblocked,297
181073.950845,1,yield,""
181073.950849,1,sched_state,running
181073.951518,1,tick,""
181073.951530,1,sched_state,running
181073.951927,1,tick,""
181073.951934,1,sched_state,running
181073.952482,1,tick,""
181073.952487,1,sched_state,running
181073.952674,1,tick,""
181073.953202,1,queue_length,0
181073.953542,1,sched_state,running
181073.954018,6,sched_state,waiting
181073.954023,7,sched_state,waiting
181073.954024,2,sched_state,waiting
181073.954028,6,tick,""
181073.954032,7,tick,""
181073.954033,2,tick,""
181073.954035,1,tick,""
181073.954041,1,reduction,""
181073.954044,1,sched_state,running
181073.954055,4,sched_state,waiting
181073.954065,4,tick,""
181073.954068,6,sched_state,waiting
181073.954074,6,tick,""
181073.954092,4,sched_state,waiting
181073.954098,4,tick,""
181073.954102,4,sched_state,waiting
181073.954105,4,tick,""
181073.954108,4,sched_state,waiting
181073.954111,4,tick,""
181073.954130,2,sched_state,waiting
181073.954137,2,tick,""
181073.954143,2,sched_state,waiting
181073.954148,2,tick,""
181073.954152,2,sched_state,waiting
181073.954156,2,tick,""
181073.954162,2,sched_state,waiting
181073.954165,2,tick,""
181073.954341,1,tick,""
181073.954348,1,reduction,""
181073.954350,1,sched_state,running
181073.954649,1,tick,""
181073.955011,5,sched_state,waiting
181073.955019,5,tick,""
181073.955043,5,sched_state,waiting
181073.955048,5,tick,""
181073.956011,3,sched_state,waiting
181073.956017,3,tick,""
181073.956035,3,sched_state,waiting
181073.956039,3,tick,""
181073.956043,3,sched_state,waiting
181073.956047,3,tick,""
181073.957956,9,channel_unblocked,251
181073.957963,1,yield,""
181073.957966,1,sched_state,running
181073.958638,1,tick,""
181073.958653,1,reduction,""
181073.958655,1,sched_state,running
181073.959013,1,tick,""
181073.959017,1,reduction,""
181073.959019,1,sched_state,running
181073.959652,1,tick,""
181073.962804,1,channel_unblocked,251
181073.962822,1,yield,""
181073.962832,1,sched_state,running
181073.963530,1,tick,""
181073.963535,1,sched_state,running
181073.963872,1,tick,""
181073.963878,1,sched_state,running
181073.964217,1,tick,""
181073.964221,1,sched_state,running
181073.964489,1,tick,""
181073.965050,7,sched_state,waiting
181073.965050,0,sched_state,waiting
181073.965060,7,tick,""
181073.965060,4,sched_state,waiting
181073.965063,0,tick,""
181073.965069,4,tick,""
181073.965068,6,sched_state,waiting
181073.965080,6,tick,""
181073.965084,6,sched_state,waiting
181073.965089,6,tick,""
181073.965099,7,sched_state,waiting
181073.965100,0,sched_state,waiting
181073.965106,7,tick,""
181073.965114,1,queue_length,0
181073.965109,0,tick,""
181073.965119,0,sched_state,waiting
181073.965120,7,sched_state,waiting
181073.965122,6,sched_state,waiting
181073.965125,0,tick,""
181073.965125,7,tick,""
181073.965128,7,sched_state,waiting
181073.965129,6,tick,""
181073.965131,7,tick,""
181073.965139,4,sched_state,waiting
181073.965144,4,tick,""
181073.965153,7,sched_state,waiting
181073.965206,4,sched_state,waiting
181073.965212,7,tick,""
181073.965213,4,tick,""
181073.965216,7,sched_state,waiting
181073.965220,7,tick,""
181073.965240,7,sched_state,waiting
181073.965245,7,tick,""
181073.965560,1,sched_state,running
181073.965801,1,tick,""
181073.965807,1,reduction,""
181073.965810,1,sched_state,running
181073.966014,5,sched_state,waiting
181073.966024,5,tick,""
181073.966030,5,sched_state,waiting
181073.966034,5,tick,""
181073.966036,5,sched_state,waiting
181073.966039,5,tick,""
181073.966061,5,sched_state,waiting
181073.966066,5,tick,""
181073.966066,1,tick,""
181073.966072,1,reduction,""
181073.966074,1,sched_state,running
181073.966334,1,tick,""
181073.967056,3,sched_state,waiting
181073.967063,3,tick,""
181073.967086,3,sched_state,waiting
181073.967090,3,tick,""
181073.968707,8,channel_unblocked,186
181073.968712,1,yield,""
181073.968715,1,sched_state,running
181073.969075,1,tick,""
181073.969083,1,reduction,""
181073.969084,1,sched_state,running
181073.969398,1,tick,""
181073.969403,1,reduction,""
181073.969406,1,sched_state,running
181073.970204,1,tick,""
181073.971800,0,channel_unblocked,186
181073.971807,1,yield,""
181073.971811,1,sched_state,running
181073.972251,1,tick,""
181073.972255,1,sched_state,running
181073.972546,1,tick,""
181073.972552,1,sched_state,running
181073.972835,1,tick,""
181073.972838,1,sched_state,running
181073.972988,1,tick,""
181073.973378,1,queue_length,0
181073.973650,1,sched_state,running
181073.973982,1,tick,""
181073.973995,1,reduction,""
181073.973997,1,sched_state,running
181073.974141,1,tick,""
181073.974145,1,reduction,""
181073.974146,1,sched_state,running
181073.974287,1,tick,""
181073.976012,7,sched_state,waiting
181073.976020,7,tick,""
181073.976022,2,sched_state,waiting
181073.976026,6,sched_state,waiting
181073.976033,6,tick,""
181073.976034,2,tick,""
181073.976039,4,sched_state,waiting
181073.976041,0,sched_state,waiting
181073.976046,4,tick,""
181073.976052,0,tick,""
181073.976083,2,sched_state,waiting
181073.976082,0,sched_state,waiting
181073.976089,2,tick,""
181073.976090,0,tick,""
181073.976095,2,sched_state,waiting
181073.976099,2,tick,""
181073.976112,2,sched_state,waiting
181073.976117,2,tick,""
181073.976126,7,sched_state,waiting
181073.976133,7,tick,""
181073.976839,7,channel_unblocked,87
181073.976845,1,yield,""
181073.976849,1,sched_state,running
181073.977011,5,sched_state,waiting
181073.977022,5,tick,""
181073.977046,5,sched_state,waiting
181073.977051,5,tick,""
181073.977057,5,sched_state,waiting
181073.977061,5,tick,""
181073.977535,1,tick,""
181073.977545,1,reduction,""
181073.977547,1,sched_state,running
181073.978011,3,sched_state,waiting
181073.978019,3,tick,""
181073.978033,1,tick,""
181073.978041,1,sched_state,stop
181073.978043,3,sched_state,waiting
181073.978049,3,tick,""
181073.978053,3,sched_state,waiting
181073.978056,3,tick,""
