timestamp,lpu,event,value
181073.293824,6,sched_state,startup
181073.293824,2,sched_state,startup
181073.293835,5,sched_state,startup
181073.293851,1,sched_state,startup
181073.293983,4,sched_state,startup
181073.294000,0,sched_state,startup
181073.294101,7,sched_state,startup
181073.294135,1,tick,""
181073.294140,5,tick,""
181073.294150,4,tick,""
181073.294155,6,tick,""
181073.294155,2,tick,""
181073.294188,3,sched_state,startup
181073.294196,0,tick,""
181073.294271,7,tick,""
181073.294291,3,tick,""
181073.294681,1,queue_length,0
181073.294682,5,queue_length,0
181073.294687,1,sched_state,waiting
181073.294690,5,sched_state,waiting
181073.294691,6,queue_length,0
181073.294693,2,queue_length,0
181073.294698,6,sched_state,waiting
181073.294699,1,tick,""
181073.294700,2,sched_state,waiting
181073.294700,5,tick,""
181073.294710,6,tick,""
181073.294710,2,tick,""
181073.294723,4,queue_length,0
181073.294732,4,sched_state,waiting
181073.294744,4,tick,""
181073.296747,3,queue_length,0
181073.296750,7,queue_length,0
181073.296755,7,sched_state,waiting
181073.296755,3,sched_state,waiting
181073.296771,3,tick,""
181073.296774,7,tick,""
181073.297107,2,sched_state,waiting
181073.297108,5,sched_state,waiting
181073.297115,2,tick,""
181073.297116,5,tick,""
181073.297122,4,sched_state,waiting
181073.297129,4,tick,""
181073.297149,1,sched_state,waiting
181073.297155,6,sched_state,waiting
181073.297157,1,tick,""
181073.297161,6,tick,""
181073.297161,1,sched_state,waiting
181073.297166,6,sched_state,waiting
181073.297166,1,tick,""
181073.297170,6,tick,""
181073.297332,0,sched_state,running
181073.297367,3,sched_state,waiting
181073.297376,3,tick,""
181073.297387,7,sched_state,waiting
181073.297398,7,tick,""
181073.297439,0,tick,""
181073.297447,0,reduction,""
181073.297449,0,sched_state,running
181073.297550,0,tick,""
181073.297554,0,reduction,""
181073.297556,0,sched_state,running
181073.297699,0,tick,""
181073.297704,0,reduction,""
181073.297706,0,sched_state,running
181073.297799,0,tick,""
181073.297802,0,reduction,""
181073.297804,0,sched_state,running
181073.297891,0,tick,""
181073.297896,0,reduction,""
181073.297897,0,sched_state,running
181073.297984,0,tick,""
181073.297988,0,reduction,""
181073.297989,0,sched_state,running
181073.298078,0,tick,""
181073.298082,0,reduction,""
181073.298084,0,sched_state,running
181073.298218,0,tick,""
181073.298453,0,reduction,""
181073.298472,0,sched_state,running
181073.298688,0,tick,""
181073.298693,0,reduction,""
181073.298695,0,sched_state,running
181073.298789,0,tick,""
181073.298795,0,reduction,""
181073.298798,0,sched_state,running
181073.298890,0,tick,""
181073.298896,0,reduction,""
181073.298899,0,sched_state,running
181073.298988,0,tick,""
181073.298996,0,reduction,""
181073.298999,0,sched_state,running
181073.299095,0,tick,""
181073.299099,0,reduction,""
181073.299100,0,sched_state,running
181073.299192,0,tick,""
181073.299196,0,reduction,""
181073.299198,0,sched_state,running
181073.299337,0,tick,""
181073.299346,0,reduction,""
181073.299348,0,sched_state,running
181073.299436,0,tick,""
181073.299621,0,reduction,""
181073.299624,0,sched_state,running
181073.299716,0,tick,""
181073.299732,0,reduction,""
181073.299734,0,sched_state,running
181073.299825,0,tick,""
181073.299828,0,reduction,""
181073.299829,0,sched_state,running
181073.299919,0,tick,""
181073.299923,0,reduction,""
181073.299925,0,sched_state,running
181073.300014,0,tick,""
181073.300705,0,reduction,""
181073.300710,0,sched_state,running
181073.300793,0,tick,""
181073.301236,0,queue_length,0
181073.301712,0,sched_state,running
181073.301922,0,tick,""
181073.301936,0,reduction,""
181073.301938,0,sched_state,running
181073.302143,0,tick,""
181073.302148,0,spawn,""
181073.302150,0,reduction,""
181073.302151,0,sched_state,running
181073.302533,0,tick,""
181073.302537,0,reduction,""
181073.302539,0,sched_state,running
181073.302656,0,tick,""
181073.302660,0,reduction,""
181073.302661,0,sched_state,running
181073.302768,0,tick,""
181073.302772,0,reduction,""
181073.302773,0,sched_state,running
181073.302880,0,tick,""
181073.302883,0,reduction,""
181073.302884,0,sched_state,running
181073.302992,0,tick,""
181073.302995,0,reduction,""
181073.302996,0,sched_state,running
181073.303102,0,tick,""
181073.303105,0,reduction,""
181073.303107,0,sched_state,running
181073.303214,0,tick,""
181073.303229,0,reduction,""
181073.303231,0,sched_state,running
181073.303342,0,tick,""
181073.303347,0,reduction,""
181073.303349,0,sched_state,running
181073.303456,0,tick,""
181073.303470,0,reduction,""
181073.303473,0,sched_state,running
181073.303580,0,tick,""
181073.303595,0,reduction,""
181073.303597,0,sched_state,running
181073.303706,0,tick,""
181073.303710,0,reduction,""
181073.303711,0,sched_state,running
181073.303818,0,tick,""
181073.303929,0,reduction,""
181073.303931,0,sched_state,running
181073.304041,0,tick,""
181073.304054,0,reduction,""
181073.304055,0,sched_state,running
181073.304174,0,tick,""
181073.304179,0,reduction,""
181073.304180,0,sched_state,running
181073.304287,0,tick,""
181073.304297,0,reduction,""
181073.304299,0,sched_state,running
181073.304408,0,tick,""
181073.304452,0,reduction,""
181073.304455,0,sched_state,running
181073.304591,0,tick,""
181073.304602,0,reduction,""
181073.304603,0,sched_state,running
181073.304713,0,tick,""
181073.304717,0,spawn,""
181073.304719,0,reduction,""
181073.304720,0,sched_state,running
181073.304831,0,tick,""
181073.304834,0,reduction,""
181073.304835,0,sched_state,running
181073.304945,0,tick,""
181073.304948,0,reduction,""
181073.304949,0,sched_state,running
181073.305057,0,tick,""
181073.305060,0,reduction,""
181073.305061,0,sched_state,running
181073.305168,0,tick,""
181073.305172,0,reduction,""
181073.305173,0,sched_state,running
181073.305284,0,tick,""
181073.305288,0,reduction,""
181073.305289,0,sched_state,running
181073.305400,0,tick,""
181073.305404,0,reduction,""
181073.305405,0,sched_state,running
181073.305515,0,tick,""
181073.305526,0,reduction,""
181073.305528,0,sched_state,running
181073.305641,0,tick,""
181073.305645,0,reduction,""
181073.305646,0,sched_state,running
181073.305757,0,tick,""
181073.305767,0,reduction,""
181073.305769,0,sched_state,running
181073.305877,0,tick,""
181073.305888,0,reduction,""
181073.305889,0,sched_state,running
181073.306001,0,tick,""
181073.306005,0,reduction,""
181073.306007,0,sched_state,running
181073.306116,0,tick,""
181073.306204,0,reduction,""
181073.306206,0,sched_state,running
181073.306317,0,tick,""
181073.306330,0,reduction,""
181073.306332,0,sched_state,running
181073.306442,0,tick,""
181073.306445,0,reduction,""
181073.306447,0,sched_state,running
181073.306555,0,tick,""
181073.306565,0,reduction,""
181073.306566,0,sched_state,running
181073.306678,0,tick,""
181073.306713,0,reduction,""
181073.306715,0,sched_state,running
181073.306842,0,tick,""
181073.306853,0,reduction,""
181073.306855,0,sched_state,running
181073.306966,0,tick,""
181073.306970,0,spawn,""
181073.306972,0,reduction,""
181073.306973,0,sched_state,running
181073.307086,0,tick,""
181073.307088,0,reduction,""
181073.307092,0,sched_state,running
181073.307203,0,tick,""
181073.307206,0,reduction,""
181073.307207,0,sched_state,running
181073.307316,0,tick,""
181073.307319,0,reduction,""
181073.307320,0,sched_state,running
181073.307428,0,tick,""
181073.307432,0,reduction,""
181073.307433,0,sched_state,running
181073.307545,0,tick,""
181073.307549,0,reduction,""
181073.307550,0,sched_state,running
181073.307659,0,tick,""
181073.307663,0,reduction,""
181073.307664,0,sched_state,running
181073.307774,0,tick,""
181073.307788,0,reduction,""
181073.307790,0,sched_state,running
181073.307904,0,tick,""
181073.307908,0,reduction,""
181073.307909,0,sched_state,running
181073.308020,0,tick,""
181073.308030,0,reduction,""
181073.308031,0,sched_state,running
181073.308157,0,tick,""
181073.308170,0,reduction,""
181073.308171,0,sched_state,running
181073.308285,0,tick,""
181073.308290,0,reduction,""
181073.308291,0,sched_state,running
181073.308402,0,tick,""
181073.308490,0,reduction,""
181073.308492,0,sched_state,running
181073.308608,0,tick,""
181073.308620,0,reduction,""
181073.308621,0,sched_state,running
181073.308734,0,tick,""
181073.308737,0,reduction,""
181073.308738,0,sched_state,running
181073.308872,0,tick,""
181073.308877,0,reduction,""
181073.308880,0,sched_state,running
181073.309014,2,sched_state,waiting
181073.309018,5,sched_state,waiting
181073.309022,6,sched_state,waiting
181073.309024,2,tick,""
181073.309028,5,tick,""
181073.309028,6,tick,""
181073.309031,5,sched_state,waiting
181073.309035,5,tick,""
181073.309038,4,sched_state,waiting
181073.309044,4,tick,""
181073.309047,1,sched_state,waiting
181073.309047,0,tick,""
181073.309053,2,sched_state,waiting
181073.309054,1,tick,""
181073.309057,1,sched_state,waiting
181073.309056,0,reduction,""
181073.309061,2,tick,""
181073.309063,5,sched_state,waiting
181073.309061,1,tick,""
181073.309064,4,sched_state,waiting
181073.309065,0,sched_state,running
181073.309068,4,tick,""
181073.309069,5,tick,""
181073.309073,5,sched_state,waiting
181073.309077,5,tick,""
181073.309085,1,sched_state,waiting
181073.309090,1,tick,""
181073.309094,1,sched_state,waiting
181073.309097,1,tick,""
181073.309405,0,tick,""
181073.309412,0,reduction,""
181073.309414,0,sched_state,running
181073.309693,0,tick,""
181073.309829,0,reduction,""
181073.309832,0,sched_state,running
181073.310121,0,tick,""
181073.310128,0,reduction,""
181073.310130,0,sched_state,running
181073.310310,0,tick,""
181073.310388,0,reduction,""
181073.310390,0,sched_state,running
181073.310563,0,tick,""
181073.310579,0,queue_length,0
181073.311311,0,sched_state,running
181073.311491,0,tick,""
181073.311498,0,reduction,""
181073.311500,0,sched_state,running
181073.311671,0,tick,""
181073.311677,0,reduction,""
181073.311679,0,sched_state,running
181073.311804,0,queue_length,1
181073.311845,0,tick,""
181073.311850,0,reduction,""
181073.311852,0,sched_state,running
181073.312123,0,tick,""
181073.312128,0,reduction,""
181073.312129,0,sched_state,running
181073.312397,0,tick,""
181073.312402,0,reduction,""
181073.312404,0,sched_state,running
181073.312570,0,tick,""
181073.312626,0,reduction,""
181073.312628,0,sched_state,running
181073.312794,0,tick,""
181073.312798,0,reduction,""
181073.312800,0,sched_state,running
181073.312965,0,tick,""
181073.312969,0,spawn,""
181073.312971,0,reduction,""
181073.312973,0,sched_state,running
181073.313139,0,tick,""
181073.313143,0,reduction,""
181073.313144,0,sched_state,running
181073.313307,0,tick,""
181073.313312,0,reduction,""
181073.313314,0,sched_state,running
181073.313477,0,tick,""
181073.313481,0,reduction,""
181073.313483,0,sched_state,running
181073.313648,0,tick,""
181073.313652,0,reduction,""
181073.313653,0,sched_state,running
181073.313805,0,tick,""
181073.313809,0,reduction,""
181073.313810,0,sched_state,running
181073.313968,0,tick,""
181073.314105,0,reduction,""
181073.314108,0,sched_state,running
181073.314279,0,tick,""
181073.314288,0,reduction,""
181073.314291,0,sched_state,running
181073.314458,0,tick,""
181073.314575,0,reduction,""
181073.314577,0,sched_state,running
181073.314743,0,tick,""
181073.314750,0,reduction,""
181073.314752,0,sched_state,running
181073.314915,0,tick,""
181073.314932,0,reduction,""
181073.314935,0,sched_state,running
181073.315100,0,tick,""
181073.315116,0,reduction,""
181073.315118,0,sched_state,running
181073.315272,0,tick,""
181073.315283,0,reduction,""
181073.315284,0,sched_state,running
181073.315443,0,tick,""
181073.315727,0,reduction,""
181073.315730,0,sched_state,running
181073.315905,0,tick,""
181073.315921,0,reduction,""
181073.315922,0,sched_state,running
181073.316090,0,tick,""
181073.316101,0,reduction,""
181073.316103,0,sched_state,running
181073.316233,0,tick,""
181073.316241,0,reduction,""
181073.316242,0,sched_state,running
181073.316397,0,tick,""
181073.316407,0,reduction,""
181073.316409,0,sched_state,running
181073.316573,0,tick,""
181073.316582,0,reduction,""
181073.316584,0,sched_state,running
181073.316747,0,tick,""
181073.316754,0,reduction,""
181073.316755,0,sched_state,running
181073.316856,0,tick,""
181073.316861,0,reduction,""
181073.316862,0,sched_state,running
181073.316965,0,tick,""
181073.317328,0,sched_state,running
181073.317330,0,queue_length,2
181073.317496,0,tick,""
181073.317501,0,reduction,""
181073.317503,0,sched_state,running
181073.317662,0,tick,""
181073.317667,0,reduction,""
181073.317668,0,sched_state,running
181073.317826,0,tick,""
181073.317831,0,reduction,""
181073.317832,0,sched_state,running
181073.317988,0,tick,""
181073.317992,0,reduction,""
181073.317994,0,sched_state,running
181073.318149,0,tick,""
181073.318153,0,reduction,""
181073.318155,0,sched_state,running
181073.318296,0,tick,""
181073.318353,0,reduction,""
181073.318355,0,sched_state,running
181073.318523,0,tick,""
181073.318529,0,reduction,""
181073.318531,0,sched_state,running
181073.318698,0,tick,""
181073.318703,0,spawn,""
181073.318705,0,reduction,""
181073.318707,0,sched_state,running
181073.318875,0,tick,""
181073.318878,0,reduction,""
181073.318879,0,sched_state,running
181073.319030,0,tick,""
181073.319034,0,reduction,""
181073.319035,0,sched_state,running
181073.319202,0,tick,""
181073.319207,0,reduction,""
181073.319208,0,sched_state,running
181073.319374,0,tick,""
181073.319378,0,reduction,""
181073.319379,0,sched_state,running
181073.319545,0,tick,""
181073.319550,0,reduction,""
181073.319551,0,sched_state,running
181073.319703,0,tick,""
181073.319813,0,reduction,""
181073.319816,0,sched_state,running
181073.319985,0,tick,""
181073.319991,0,reduction,""
181073.319993,0,sched_state,running
181073.320013,2,sched_state,waiting
181073.320016,7,sched_state,waiting
181073.320015,3,sched_state,waiting
181073.320021,2,tick,""
181073.320029,7,tick,""
181073.320029,3,tick,""
181073.320032,7,sched_state,waiting
181073.320040,7,tick,""
181073.320040,5,sched_state,waiting
181073.320040,1,sched_state,waiting
181073.320050,5,tick,""
181073.320050,1,tick,""
181073.320067,3,sched_state,waiting
181073.320067,7,sched_state,waiting
181073.320073,3,tick,""
181073.320072,7,tick,""
181073.320077,3,sched_state,waiting
181073.320080,3,tick,""
181073.320084,1,sched_state,waiting
181073.320084,5,sched_state,waiting
181073.320092,1,tick,""
181073.320092,5,tick,""
181073.320169,0,tick,""
181073.320174,6,sched_state,waiting
181073.320186,6,tick,""
181073.320209,6,sched_state,waiting
181073.320213,6,tick,""
181073.320218,6,sched_state,waiting
181073.320222,6,tick,""
181073.320251,0,reduction,""
181073.320256,0,sched_state,running
181073.320480,0,tick,""
181073.320488,0,reduction,""
181073.320489,0,sched_state,running
181073.320697,0,tick,""
181073.320713,0,reduction,""
181073.320715,0,sched_state,running
181073.320829,0,tick,""
181073.320848,0,reduction,""
181073.320852,0,sched_state,running
181073.320967,0,tick,""
181073.320977,0,reduction,""
181073.320979,0,sched_state,running
181073.321093,0,tick,""
181073.321322,0,reduction,""
181073.321324,0,sched_state,running
181073.321445,0,tick,""
181073.321455,0,reduction,""
181073.321457,0,sched_state,running
181073.321570,0,tick,""
181073.321577,0,reduction,""
181073.321578,0,sched_state,running
181073.321696,0,tick,""
181073.321704,0,reduction,""
181073.321705,0,sched_state,running
181073.321817,0,tick,""
181073.321824,0,reduction,""
181073.321825,0,sched_state,running
181073.321936,0,tick,""
181073.321942,0,reduction,""
181073.321943,0,sched_state,running
181073.322060,0,tick,""
181073.322067,0,reduction,""
181073.322068,0,sched_state,running
181073.322180,0,tick,""
181073.322186,0,reduction,""
181073.322186,0,sched_state,running
181073.322297,0,tick,""
181073.322305,0,queue_length,1
181073.323955,0,sched_state,running
181073.324297,0,tick,""
181073.324304,0,reduction,""
181073.324309,0,sched_state,running
181073.324424,0,tick,""
181073.324429,0,reduction,""
181073.324430,0,sched_state,running
181073.324542,0,tick,""
181073.324546,0,reduction,""
181073.324547,0,sched_state,running
181073.324659,0,tick,""
181073.324664,0,reduction,""
181073.324665,0,sched_state,running
181073.324776,0,tick,""
181073.324780,0,reduction,""
181073.324781,0,sched_state,running
181073.324891,0,tick,""
181073.324958,0,reduction,""
181073.324961,0,sched_state,running
181073.325138,0,tick,""
181073.325144,0,reduction,""
181073.325147,0,sched_state,running
181073.325305,0,tick,""
181073.325311,0,spawn,""
181073.325313,0,reduction,""
181073.325315,0,sched_state,running
181073.325472,0,queue_length,2
181073.325473,0,tick,""
181073.325477,0,reduction,""
181073.325478,0,sched_state,running
181073.325630,0,tick,""
181073.325635,0,reduction,""
181073.325637,0,sched_state,running
181073.325790,0,tick,""
181073.325795,0,reduction,""
181073.325797,0,sched_state,running
181073.325952,0,tick,""
181073.325956,0,reduction,""
181073.325958,0,sched_state,running
181073.326111,0,tick,""
181073.326116,0,reduction,""
181073.326118,0,sched_state,running
181073.326275,0,tick,""
181073.326429,0,reduction,""
181073.326432,0,sched_state,running
181073.326557,0,tick,""
181073.326564,0,reduction,""
181073.326565,0,sched_state,running
181073.326855,0,tick,""
181073.326954,0,reduction,""
181073.326957,0,sched_state,running
181073.327072,0,tick,""
181073.327077,0,reduction,""
181073.327078,0,sched_state,running
181073.327187,0,tick,""
181073.327199,0,reduction,""
181073.327201,0,sched_state,running
181073.327314,0,tick,""
181073.327330,0,reduction,""
181073.327332,0,sched_state,running
181073.327444,0,tick,""
181073.327454,0,reduction,""
181073.327455,0,sched_state,running
181073.327566,0,tick,""
181073.327788,0,reduction,""
181073.327790,0,sched_state,running
181073.327907,0,tick,""
181073.327915,0,reduction,""
181073.327916,0,sched_state,running
181073.328027,0,tick,""
181073.328036,0,reduction,""
181073.328037,0,sched_state,running
181073.328212,0,tick,""
181073.328223,0,reduction,""
181073.328224,0,sched_state,running
181073.328398,0,tick,""
181073.328408,0,reduction,""
181073.328409,0,sched_state,running
181073.328592,0,tick,""
181073.328602,0,reduction,""
181073.328604,0,sched_state,running
181073.328777,0,tick,""
181073.328789,0,reduction,""
181073.328791,0,sched_state,running
181073.328956,0,tick,""
181073.328964,0,reduction,""
181073.328966,0,sched_state,running
181073.329123,0,tick,""
181073.329640,0,sched_state,running
181073.329644,0,queue_length,3
181073.329766,0,tick,""
181073.329772,0,reduction,""
181073.329774,0,sched_state,running
181073.329944,0,tick,""
181073.329953,0,reduction,""
181073.329954,0,sched_state,running
181073.330113,0,tick,""
181073.330117,0,reduction,""
181073.330119,0,sched_state,running
181073.330259,0,tick,""
181073.330270,0,reduction,""
181073.330272,0,sched_state,running
181073.330438,0,tick,""
181073.330442,0,reduction,""
181073.330444,0,sched_state,running
181073.330609,0,tick,""
181073.330614,0,reduction,""
181073.330616,0,sched_state,running
181073.330767,0,tick,""
181073.331017,3,sched_state,waiting
181073.331021,7,sched_state,waiting
181073.331023,2,sched_state,waiting
181073.331052,4,sched_state,waiting
181073.331842,5,sched_state,waiting
181073.332563,2,tick,""
181073.332572,6,sched_state,running
181073.332580,4,tick,""
181073.332620,3,tick,""
181073.332626,7,tick,""
181073.332634,4,sched_state,waiting
181073.332638,2,sched_state,waiting
181073.332648,2,tick,""
181073.332655,3,sched_state,waiting
181073.332713,1,sched_state,waiting
181073.332725,1,tick,""
181073.332751,1,sched_state,waiting
181073.332751,4,tick,""
181073.332751,3,tick,""
181073.332759,1,tick,""
181073.332811,0,channel_blocked,87
181073.332816,0,yield,""
181073.332965,5,tick,""
181073.332972,5,sched_state,waiting
181073.332979,5,tick,""
181073.332982,5,sched_state,waiting
181073.332986,5,tick,""
181073.333016,5,sched_state,waiting
181073.333021,5,tick,""
181073.333054,6,tick,""
181073.333064,6,reduction,""
181073.333067,6,sched_state,running
181073.333544,6,tick,""
181073.333552,0,sched_state,running
181073.333568,6,reduction,""
181073.333570,6,sched_state,running
181073.333768,0,tick,""
181073.333778,0,queue_length,2
181073.333880,6,tick,""
181073.333898,6,reduction,""
181073.333901,6,sched_state,running
181073.334193,6,tick,""
181073.334206,6,reduction,""
181073.334208,6,sched_state,running
181073.334442,6,tick,""
181073.334649,0,sched_state,running
181073.334708,6,reduction,""
181073.334712,6,sched_state,running
181073.334886,0,tick,""
181073.334892,0,reduction,""
181073.334894,0,sched_state,running
181073.334999,6,tick,""
181073.335009,0,tick,""
181073.335012,6,reduction,""
181073.335014,6,sched_state,running
181073.335016,0,reduction,""
181073.335018,0,sched_state,running
181073.335129,0,tick,""
181073.335134,0,reduction,""
181073.335135,0,sched_state,running
181073.335244,0,tick,""
181073.335248,0,reduction,""
181073.335249,0,sched_state,running
181073.335290,6,tick,""
181073.335301,6,reduction,""
181073.335303,6,sched_state,running
181073.335360,0,tick,""
181073.335363,0,reduction,""
181073.335364,0,sched_state,running
181073.335471,0,tick,""
181073.335474,0,reduction,""
181073.335476,0,sched_state,running
181073.335568,6,tick,""
181073.335577,6,reduction,""
181073.335585,0,tick,""
181073.335579,6,sched_state,running
181073.335851,6,tick,""
181073.335861,6,reduction,""
181073.335863,6,sched_state,running
181073.336383,1,channel_blocked,183
181073.336386,0,yield,""
181073.336388,0,sched_state,running
181073.336428,6,tick,""
181073.336441,6,reduction,""
181073.336443,6,sched_state,running
181073.336510,0,tick,""
181073.336516,0,queue_length,1
181073.336727,6,tick,""
181073.336736,6,reduction,""
181073.336738,6,sched_state,running
181073.337007,6,tick,""
181073.337017,6,reduction,""
181073.337019,6,sched_state,running
181073.337296,6,tick,""
181073.337305,6,reduction,""
181073.337308,6,sched_state,running
181073.337426,0,sched_state,running
181073.337547,0,tick,""
181073.337552,0,reduction,""
181073.337553,0,sched_state,running
181073.337577,6,tick,""
181073.337585,6,reduction,""
181073.337587,6,sched_state,running
181073.337665,0,tick,""
181073.337671,0,reduction,""
181073.337672,0,sched_state,running
181073.337800,0,tick,""
181073.337804,0,reduction,""
181073.337806,0,sched_state,running
181073.337861,6,tick,""
181073.337869,6,reduction,""
181073.337871,6,sched_state,running
181073.337915,0,tick,""
181073.337919,0,reduction,""
181073.337920,0,sched_state,running
181073.338028,0,tick,""
181073.338032,0,reduction,""
181073.338033,0,sched_state,running
181073.338139,6,tick,""
181073.338141,0,tick,""
181073.338145,0,reduction,""
181073.338147,0,sched_state,running
181073.338147,6,reduction,""
181073.338149,6,sched_state,running
181073.338255,0,tick,""
181073.338418,6,tick,""
181073.338425,6,reduction,""
181073.338427,6,sched_state,running
181073.338669,6,tick,""
181073.338676,6,reduction,""
181073.338677,6,sched_state,running
181073.338928,6,tick,""
181073.338934,6,reduction,""
181073.338936,6,sched_state,running
181073.339185,6,tick,""
181073.339191,6,reduction,""
181073.339193,6,sched_state,running
181073.339438,2,channel_blocked,231
181073.339441,0,yield,""
181073.339445,0,sched_state,running
181073.339448,6,tick,""
181073.339455,6,sched_state,running
181073.339575,0,tick,""
181073.339597,0,queue_length,0
181073.339677,6,tick,""
181073.339684,6,reduction,""
181073.339686,6,sched_state,running
181073.339952,6,tick,""
181073.339965,6,reduction,""
181073.339967,6,sched_state,running
181073.340253,6,tick,""
181073.340258,6,reduction,""
181073.340260,6,sched_state,running
181073.340523,6,tick,""
181073.340528,6,reduction,""
181073.340529,6,sched_state,running
181073.340902,0,sched_state,running
181073.341019,6,tick,""
181073.341025,6,reduction,""
181073.341028,6,sched_state,running
181073.341306,6,tick,""
181073.341416,0,tick,""
181073.341427,0,reduction,""
181073.341430,0,sched_state,running
181073.341953,0,tick,""
181073.341965,0,reduction,""
181073.341968,0,sched_state,running
181073.342250,0,tick,""
181073.342259,0,reduction,""
181073.342260,0,sched_state,running
181073.342529,0,tick,""
181073.342536,0,reduction,""
181073.342537,0,sched_state,running
181073.342812,0,tick,""
181073.342820,0,reduction,""
181073.342822,0,sched_state,running
181073.343024,3,sched_state,waiting
181073.343050,4,sched_state,waiting
181073.343272,0,tick,""
181073.343279,0,reduction,""
181073.343281,0,sched_state,running
181073.343572,0,tick,""
181073.343580,0,reduction,""
181073.343581,0,sched_state,running
181073.343866,0,tick,""
181073.343875,0,reduction,""
181073.343878,0,sched_state,running
181073.343888,4,tick,""
181073.343898,4,sched_state,running
181073.344167,7,sched_state,running
181073.344173,0,tick,""
181073.344173,3,tick,""
181073.344178,3,sched_state,waiting
181073.344179,0,reduction,""
181073.344181,0,sched_state,running
181073.344389,3,tick,""
181073.344430,0,tick,""
181073.344435,3,sched_state,waiting
181073.344436,0,reduction,""
181073.344438,0,sched_state,running
181073.344441,3,tick,""
181073.344508,4,tick,""
181073.344520,4,reduction,""
181073.344521,4,sched_state,running
181073.344630,2,sched_state,waiting
181073.344679,4,tick,""
181073.344685,4,reduction,""
181073.344686,4,sched_state,running
181073.344741,0,tick,""
181073.344747,0,reduction,""
181073.344750,0,sched_state,running
181073.345020,0,tick,""
181073.345025,0,reduction,""
181073.345026,0,sched_state,running
181073.345058,7,tick,""
181073.345070,7,reduction,""
181073.345073,7,sched_state,running
181073.345140,4,tick,""
181073.345149,4,reduction,""
181073.345150,4,sched_state,running
181073.345295,4,tick,""
181073.345300,4,reduction,""
181073.345302,4,sched_state,running
181073.345317,5,sched_state,waiting
181073.345320,0,tick,""
181073.345324,0,reduction,""
181073.345325,0,sched_state,running
181073.345334,7,tick,""
181073.345344,7,reduction,""
181073.345347,7,sched_state,running
181073.345351,5,tick,""
181073.345393,5,sched_state,waiting
181073.345399,5,tick,""
181073.345444,4,tick,""
181073.345450,4,reduction,""
181073.345451,4,sched_state,running
181073.345566,2,tick,""
181073.345576,2,sched_state,waiting
181073.345587,7,tick,""
181073.345592,4,tick,""
181073.345593,0,tick,""
181073.345596,2,tick,""
181073.345597,7,reduction,""
181073.345598,4,reduction,""
181073.345599,2,sched_state,waiting
181073.345600,4,sched_state,running
181073.345599,7,sched_state,running
181073.345603,2,tick,""
181073.345627,2,sched_state,waiting
181073.345632,2,tick,""
181073.345740,4,tick,""
181073.345745,4,reduction,""
181073.345746,4,sched_state,running
181073.345839,7,tick,""
181073.345848,7,reduction,""
181073.345850,7,sched_state,running
181073.345884,4,tick,""
181073.345888,4,reduction,""
181073.345889,4,sched_state,running
181073.346024,4,tick,""
181073.346028,4,reduction,""
181073.346030,4,sched_state,running
181073.346085,7,tick,""
181073.346093,7,reduction,""
181073.346095,7,sched_state,running
181073.346169,4,tick,""
181073.346173,4,reduction,""
181073.346174,4,sched_state,running
181073.346314,4,tick,""
181073.346318,4,reduction,""
181073.346319,4,sched_state,running
181073.346333,7,tick,""
181073.346341,7,reduction,""
181073.346344,7,sched_state,running
181073.346355,2,channel_unblocked,275
181073.346361,6,yield,""
181073.346365,6,sched_state,running
181073.346455,4,tick,""
181073.346458,4,reduction,""
181073.346459,4,sched_state,running
181073.346576,7,tick,""
181073.346580,5,channel_blocked,615
181073.346582,0,yield,""
181073.346583,7,reduction,""
181073.346586,0,sched_state,running
181073.346586,7,sched_state,running
181073.346598,4,tick,""
181073.346601,4,reduction,""
181073.346602,4,sched_state,running
181073.346604,0,tick,""
181073.346612,0,queue_length,0
181073.346615,0,sched_state,waiting
181073.346620,0,tick,""
181073.346641,0,sched_state,waiting
181073.346647,0,tick,""
181073.346650,0,sched_state,waiting
181073.346655,0,tick,""
181073.346739,4,tick,""
181073.346819,7,tick,""
181073.346830,7,reduction,""
181073.346832,7,sched_state,running
181073.347066,7,tick,""
181073.347072,7,reduction,""
181073.347074,7,sched_state,running
181073.347284,6,tick,""
181073.347291,6,sched_state,running
181073.347476,7,tick,""
181073.347482,7,reduction,""
181073.347485,7,sched_state,running
181073.347570,3,channel_blocked,390
181073.347572,4,yield,""
181073.347574,4,sched_state,running
181073.347585,4,tick,""
181073.347590,4,queue_length,0
181073.347593,4,sched_state,waiting
181073.347596,4,tick,""
181073.347606,6,tick,""
181073.347614,4,sched_state,waiting
181073.347618,4,tick,""
181073.347716,7,tick,""
181073.347722,7,reduction,""
181073.347724,7,sched_state,running
181073.347959,7,tick,""
181073.347964,7,reduction,""
181073.347966,7,sched_state,running
181073.348204,7,tick,""
181073.348209,7,reduction,""
181073.348211,7,sched_state,running
181073.348444,7,tick,""
181073.348788,6,queue_length,0
181073.349106,4,channel_blocked,501
181073.349108,7,yield,""
181073.349111,7,sched_state,running
181073.349157,7,tick,""
181073.349164,7,queue_length,0
181073.349176,7,queue_length,0
181073.349180,7,sched_state,waiting
181073.349248,7,tick,""
181073.349269,7,sched_state,waiting
181073.349274,7,tick,""
181073.349279,7,sched_state,waiting
181073.349283,7,tick,""
181073.349328,6,sched_state,running
181073.349659,6,tick,""
181073.349665,6,reduction,""
181073.349668,6,sched_state,running
181073.349970,6,tick,""
181073.349977,6,reduction,""
181073.349979,6,sched_state,running
181073.350278,6,tick,""
181073.353489,5,channel_unblocked,231
181073.353497,6,yield,""
181073.353501,6,sched_state,running
181073.354321,1,sched_state,waiting
181073.354378,1,tick,""
181073.354400,6,tick,""
181073.354402,1,sched_state,waiting
181073.354407,1,tick,""
181073.354413,6,reduction,""
181073.354415,6,sched_state,running
181073.354948,6,tick,""
181073.354952,6,reduction,""
181073.354954,6,sched_state,running
181073.355049,3,sched_state,waiting
181073.355058,3,tick,""
181073.355081,3,sched_state,waiting
181073.355086,3,tick,""
181073.355099,3,sched_state,waiting
181073.355104,3,tick,""
181073.355757,6,tick,""
181073.356012,2,sched_state,waiting
181073.356022,2,tick,""
181073.356025,2,sched_state,waiting
181073.356028,2,tick,""
181073.356046,2,sched_state,waiting
181073.356051,2,tick,""
181073.356069,5,sched_state,waiting
181073.356077,5,tick,""
181073.356103,5,sched_state,waiting
181073.356126,5,tick,""
181073.356141,5,sched_state,waiting
181073.356149,5,tick,""
181073.356153,5,sched_state,waiting
181073.356159,5,tick,""
181073.357013,0,sched_state,waiting
181073.357024,0,tick,""
181073.357027,0,sched_state,waiting
181073.357032,0,tick,""
181073.357059,0,sched_state,waiting
181073.357065,0,tick,""
181073.358007,4,sched_state,waiting
181073.358024,4,tick,""
181073.358045,4,sched_state,waiting
181073.358049,4,tick,""
181073.358606,1,channel_unblocked,231
181073.358612,6,yield,""
181073.358619,6,sched_state,running
181073.359269,6,tick,""
181073.359273,6,sched_state,running
181073.359794,6,tick,""
181073.359803,6,queue_length,0
181073.359814,6,sched_state,running
181073.360011,7,sched_state,waiting
181073.360025,7,tick,""
181073.360028,7,sched_state,waiting
181073.360033,7,tick,""
181073.360052,7,sched_state,waiting
181073.360058,7,tick,""
181073.360342,6,tick,""
181073.360346,6,sched_state,running
181073.360583,6,tick,""
181073.360593,6,queue_length,0
181073.361644,6,queue_length,0
181073.361960,6,sched_state,running
181073.362458,6,tick,""
181073.362464,6,reduction,""
181073.362466,6,sched_state,running
181073.362639,6,tick,""
181073.362644,6,reduction,""
181073.362645,6,sched_state,running
181073.362814,6,tick,""
181073.365012,1,sched_state,waiting
181073.365026,1,tick,""
181073.365051,1,sched_state,waiting
181073.365057,1,tick,""
181073.365866,4,channel_unblocked,183
181073.365871,6,yield,""
181073.365874,6,sched_state,running
181073.366008,3,sched_state,waiting
181073.366014,3,tick,""
181073.366044,3,sched_state,waiting
181073.366051,3,tick,""
181073.366607,6,tick,""
181073.366616,6,reduction,""
181073.366618,6,sched_state,running
181073.366932,6,tick,""
181073.366935,6,reduction,""
181073.366937,6,sched_state,running
181073.367013,5,sched_state,waiting
181073.367015,2,sched_state,waiting
181073.367021,5,tick,""
181073.367024,2,tick,""
181073.367046,2,sched_state,waiting
181073.367051,2,tick,""
181073.367662,6,tick,""
181073.368010,0,sched_state,waiting
181073.368018,0,tick,""
181073.368021,0,sched_state,waiting
181073.368026,0,tick,""
181073.368047,0,sched_state,waiting
181073.368052,0,tick,""
181073.369007,4,sched_state,waiting
181073.369014,4,tick,""
181073.369042,4,sched_state,waiting
181073.369046,4,tick,""
181073.369723,0,channel_unblocked,183
181073.369734,6,yield,""
181073.369739,6,sched_state,running
181073.370295,6,tick,""
181073.370299,6,sched_state,running
181073.370751,6,tick,""
181073.370783,6,queue_length,0
181073.370795,6,sched_state,running
181073.371015,7,sched_state,waiting
181073.371023,7,tick,""
181073.371026,7,sched_state,waiting
181073.371030,7,tick,""
181073.371051,7,sched_state,waiting
181073.371056,7,tick,""
181073.371189,6,tick,""
181073.371193,6,sched_state,running
181073.371342,6,tick,""
181073.371735,6,queue_length,0
181073.371998,6,sched_state,running
181073.372163,6,tick,""
181073.372168,6,reduction,""
181073.372170,6,sched_state,running
181073.372316,6,tick,""
181073.372320,6,reduction,""
181073.372321,6,sched_state,running
181073.372464,6,tick,""
181073.374251,3,channel_unblocked,87
181073.374256,6,yield,""
181073.374260,6,sched_state,running
181073.374790,6,tick,""
181073.374798,6,reduction,""
181073.374800,6,sched_state,running
181073.375277,6,tick,""
181073.375282,6,sched_state,stop
