timestamp,lpu,event,value
181072.474661,2,sched_state,startup
181072.474663,1,sched_state,startup
181072.474666,6,sched_state,startup
181072.474663,5,sched_state,startup
181072.474814,4,sched_state,startup
181072.474899,5,tick,""
181072.474954,0,sched_state,startup
181072.474956,7,sched_state,startup
181072.474963,1,tick,""
181072.474969,6,tick,""
181072.474969,2,tick,""
181072.474974,4,tick,""
181072.475124,7,tick,""
181072.475124,3,sched_state,startup
181072.475137,0,tick,""
181072.475277,3,tick,""
181072.475435,5,queue_length,0
181072.475443,5,sched_state,waiting
181072.475456,5,tick,""
181072.478577,2,queue_length,0
181072.478577,6,queue_length,0
181072.478587,1,queue_length,0
181072.478589,4,queue_length,0
181072.478600,3,queue_length,0
181072.478610,6,sched_state,waiting
181072.478622,1,sched_state,waiting
181072.478624,2,sched_state,waiting
181072.478627,3,sched_state,waiting
181072.478631,4,sched_state,waiting
181072.478663,2,tick,""
181072.478721,6,tick,""
181072.478727,1,tick,""
181072.478746,4,tick,""
181072.478764,3,tick,""
181072.478784,7,queue_length,0
181072.478789,7,sched_state,waiting
181072.478803,7,tick,""
181072.479271,5,sched_state,waiting
181072.479276,5,tick,""
181072.479545,0,sched_state,running
181072.479576,2,sched_state,waiting
181072.479576,6,sched_state,waiting
181072.479580,7,sched_state,waiting
181072.479584,2,tick,""
181072.479584,6,tick,""
181072.479589,7,tick,""
181072.479601,4,sched_state,waiting
181072.479606,3,sched_state,waiting
181072.479611,4,tick,""
181072.479613,3,tick,""
181072.479648,0,tick,""
181072.479658,0,reduction,""
181072.479661,0,sched_state,running
181072.479669,1,sched_state,waiting
181072.479676,1,tick,""
181072.479680,1,sched_state,waiting
181072.479684,1,tick,""
181072.479688,1,sched_state,waiting
181072.479691,1,tick,""
181072.479696,1,sched_state,waiting
181072.479703,1,tick,""
181072.479771,0,tick,""
181072.479775,0,reduction,""
181072.479778,0,sched_state,running
181072.479877,0,tick,""
181072.479881,0,reduction,""
181072.479882,0,sched_state,running
181072.479977,0,tick,""
181072.479980,0,reduction,""
181072.479982,0,sched_state,running
181072.480073,0,tick,""
181072.480076,0,reduction,""
181072.480077,0,sched_state,running
181072.480181,0,tick,""
181072.480186,0,reduction,""
181072.480187,0,sched_state,running
181072.480277,0,tick,""
181072.480281,0,reduction,""
181072.480282,0,sched_state,running
181072.480341,0,tick,""
181072.480344,0,reduction,""
181072.480345,0,sched_state,running
181072.480489,0,tick,""
181072.480495,0,reduction,""
181072.480497,0,sched_state,running
181072.480594,0,tick,""
181072.480600,0,reduction,""
181072.480602,0,sched_state,running
181072.480716,0,tick,""
181072.480721,0,reduction,""
181072.480723,0,sched_state,running
181072.480790,0,tick,""
181072.480794,0,reduction,""
181072.480795,0,sched_state,running
181072.480862,0,tick,""
181072.480865,0,reduction,""
181072.480866,0,sched_state,running
181072.480931,0,tick,""
181072.480934,0,reduction,""
181072.480935,0,sched_state,running
181072.480995,0,tick,""
181072.480999,0,reduction,""
181072.481000,0,sched_state,running
181072.481063,0,tick,""
181072.481200,0,reduction,""
181072.481204,0,sched_state,running
181072.481268,0,tick,""
181072.481282,0,reduction,""
181072.481283,0,sched_state,running
181072.481342,0,tick,""
181072.481345,0,reduction,""
181072.481346,0,sched_state,running
181072.481409,0,tick,""
181072.481414,0,reduction,""
181072.481415,0,sched_state,running
181072.481478,0,tick,""
181072.482150,0,reduction,""
181072.482154,0,sched_state,running
181072.482259,0,tick,""
181072.482670,0,queue_length,0
181072.483109,0,sched_state,running
181072.483327,0,tick,""
181072.483342,0,reduction,""
181072.483343,0,sched_state,running
181072.483542,0,tick,""
181072.483547,0,spawn,""
181072.483548,0,reduction,""
181072.483549,0,sched_state,running
181072.483894,0,tick,""
181072.483897,0,reduction,""
181072.483898,0,sched_state,running
181072.484003,0,tick,""
181072.484014,0,reduction,""
181072.484016,0,sched_state,running
181072.484132,0,tick,""
181072.484137,0,reduction,""
181072.484138,0,sched_state,running
181072.484247,0,tick,""
181072.484250,0,reduction,""
181072.484251,0,sched_state,running
181072.484358,0,tick,""
181072.484362,0,reduction,""
181072.484363,0,sched_state,running
181072.484469,0,tick,""
181072.484473,0,reduction,""
181072.484474,0,sched_state,running
181072.484583,0,tick,""
181072.484598,0,reduction,""
181072.484599,0,sched_state,running
181072.484711,0,tick,""
181072.484718,0,reduction,""
181072.484719,0,sched_state,running
181072.484827,0,tick,""
181072.484843,0,reduction,""
181072.484845,0,sched_state,running
181072.484954,0,tick,""
181072.484968,0,reduction,""
181072.484970,0,sched_state,running
181072.485080,0,tick,""
181072.485084,0,reduction,""
181072.485085,0,sched_state,running
181072.485192,0,tick,""
181072.485303,0,reduction,""
181072.485305,0,sched_state,running
181072.485418,0,tick,""
181072.485431,0,reduction,""
181072.485433,0,sched_state,running
181072.485540,0,tick,""
181072.485543,0,reduction,""
181072.485545,0,sched_state,running
181072.485652,0,tick,""
181072.485661,0,reduction,""
181072.485662,0,sched_state,running
181072.485773,0,tick,""
181072.485817,0,reduction,""
181072.485819,0,sched_state,running
181072.485967,0,tick,""
181072.485981,0,reduction,""
181072.485983,0,sched_state,running
181072.486147,0,tick,""
181072.486152,0,spawn,""
181072.486154,0,reduction,""
181072.486156,0,sched_state,running
181072.486322,0,tick,""
181072.486327,0,reduction,""
181072.486329,0,sched_state,running
181072.486440,0,tick,""
181072.486443,0,reduction,""
181072.486445,0,sched_state,running
181072.486556,0,tick,""
181072.486559,0,reduction,""
181072.486561,0,sched_state,running
181072.486668,0,tick,""
181072.486671,0,reduction,""
181072.486672,0,sched_state,running
181072.486781,0,tick,""
181072.486784,0,reduction,""
181072.486785,0,sched_state,running
181072.486894,0,tick,""
181072.486897,0,reduction,""
181072.486898,0,sched_state,running
181072.487007,0,tick,""
181072.487018,0,reduction,""
181072.487020,0,sched_state,running
181072.487131,0,tick,""
181072.487135,0,reduction,""
181072.487136,0,sched_state,running
181072.487248,0,tick,""
181072.487258,0,reduction,""
181072.487260,0,sched_state,running
181072.487367,0,tick,""
181072.487378,0,reduction,""
181072.487379,0,sched_state,running
181072.487489,0,tick,""
181072.487493,0,reduction,""
181072.487495,0,sched_state,running
181072.487605,0,tick,""
181072.487693,0,reduction,""
181072.487695,0,sched_state,running
181072.487806,0,tick,""
181072.487818,0,reduction,""
181072.487820,0,sched_state,running
181072.487928,0,tick,""
181072.487931,0,reduction,""
181072.487932,0,sched_state,running
181072.488044,0,tick,""
181072.488048,0,reduction,""
181072.488049,0,sched_state,running
181072.488172,0,tick,""
181072.488175,0,reduction,""
181072.488176,0,sched_state,running
181072.488276,0,tick,""
181072.488279,0,reduction,""
181072.488281,0,sched_state,running
181072.488380,0,tick,""
181072.488450,0,reduction,""
181072.488452,0,sched_state,running
181072.488554,0,tick,""
181072.488558,0,reduction,""
181072.488559,0,sched_state,running
181072.488661,0,tick,""
181072.488731,0,reduction,""
181072.488733,0,sched_state,running
181072.488836,0,tick,""
181072.489165,0,sched_state,running
181072.489278,0,tick,""
181072.489282,0,reduction,""
181072.489283,0,sched_state,running
181072.489387,0,tick,""
181072.489390,0,reduction,""
181072.489391,0,sched_state,running
181072.489494,0,tick,""
181072.489497,0,reduction,""
181072.489498,0,sched_state,running
181072.489599,0,tick,""
181072.489602,0,reduction,""
181072.489603,0,sched_state,running
181072.489704,0,tick,""
181072.489707,0,reduction,""
181072.489708,0,sched_state,running
181072.489809,0,tick,""
181072.490013,0,queue_length,1
181072.490056,0,reduction,""
181072.490058,0,sched_state,running
181072.490327,0,tick,""
181072.490335,0,reduction,""
181072.490337,0,sched_state,running
181072.490502,0,tick,""
181072.490507,0,spawn,""
181072.490509,0,reduction,""
181072.490511,0,sched_state,running
181072.490626,0,tick,""
181072.490629,0,reduction,""
181072.490630,0,sched_state,running
181072.490739,0,tick,""
181072.490742,0,reduction,""
181072.490743,0,sched_state,running
181072.490850,0,tick,""
181072.490853,0,reduction,""
181072.490855,0,sched_state,running
181072.490963,0,tick,""
181072.490966,0,reduction,""
181072.490968,0,sched_state,running
181072.491019,3,sched_state,waiting
181072.491022,5,sched_state,waiting
181072.491022,6,sched_state,waiting
181072.491029,3,tick,""
181072.491031,5,tick,""
181072.491032,6,tick,""
181072.491034,5,sched_state,waiting
181072.491039,5,tick,""
181072.491045,4,sched_state,waiting
181072.491059,5,sched_state,waiting
181072.491062,6,sched_state,waiting
181072.491063,5,tick,""
181072.491068,4,tick,""
181072.491069,6,tick,""
181072.491076,5,sched_state,waiting
181072.491082,5,tick,""
181072.491087,5,sched_state,waiting
181072.491090,5,tick,""
181072.491106,4,sched_state,waiting
181072.491112,4,tick,""
181072.491118,0,tick,""
181072.491123,0,reduction,""
181072.491124,0,sched_state,running
181072.491126,7,sched_state,waiting
181072.491140,7,tick,""
181072.491166,7,sched_state,waiting
181072.491172,7,tick,""
181072.491336,0,tick,""
181072.491435,0,reduction,""
181072.491437,0,sched_state,running
181072.491645,0,tick,""
181072.491651,0,reduction,""
181072.491653,0,sched_state,running
181072.491765,0,tick,""
181072.491840,0,reduction,""
181072.491847,0,sched_state,running
181072.491956,0,tick,""
181072.491961,0,reduction,""
181072.491962,0,sched_state,running
181072.492068,0,tick,""
181072.492079,0,reduction,""
181072.492081,0,sched_state,running
181072.492217,0,tick,""
181072.492234,0,reduction,""
181072.492236,0,sched_state,running
181072.492348,0,tick,""
181072.492358,0,reduction,""
181072.492360,0,sched_state,running
181072.492470,0,tick,""
181072.492644,0,reduction,""
181072.492646,0,sched_state,running
181072.492760,0,tick,""
181072.492766,0,reduction,""
181072.492768,0,sched_state,running
181072.492876,0,tick,""
181072.492881,0,reduction,""
181072.492882,0,sched_state,running
181072.492990,0,tick,""
181072.492995,0,reduction,""
181072.492996,0,sched_state,running
181072.493103,0,tick,""
181072.493107,0,reduction,""
181072.493109,0,sched_state,running
181072.493215,0,tick,""
181072.493219,0,reduction,""
181072.493220,0,sched_state,running
181072.493327,0,tick,""
181072.493331,0,reduction,""
181072.493332,0,sched_state,running
181072.493438,0,tick,""
181072.493441,0,reduction,""
181072.493442,0,sched_state,running
181072.493557,0,tick,""
181072.493569,0,queue_length,0
181072.495067,0,sched_state,running
181072.495071,0,queue_length,1
181072.495413,0,tick,""
181072.495422,0,reduction,""
181072.495425,0,sched_state,running
181072.495728,0,tick,""
181072.495736,0,reduction,""
181072.495737,0,sched_state,running
181072.495954,0,tick,""
181072.495960,0,reduction,""
181072.495961,0,sched_state,running
181072.496186,0,tick,""
181072.496193,0,reduction,""
181072.496194,0,sched_state,running
181072.496309,0,tick,""
181072.496313,0,reduction,""
181072.496315,0,sched_state,running
181072.496426,0,tick,""
181072.496487,0,reduction,""
181072.496488,0,sched_state,running
181072.496599,0,tick,""
181072.496603,0,reduction,""
181072.496604,0,sched_state,running
181072.496713,0,tick,""
181072.496717,0,spawn,""
181072.496718,0,reduction,""
181072.496719,0,sched_state,running
181072.496830,0,tick,""
181072.496832,0,reduction,""
181072.496833,0,sched_state,running
181072.496940,0,tick,""
181072.496944,0,reduction,""
181072.496945,0,sched_state,running
181072.497068,0,tick,""
181072.497073,0,reduction,""
181072.497074,0,sched_state,running
181072.497183,0,tick,""
181072.497186,0,reduction,""
181072.497188,0,sched_state,running
181072.497299,0,tick,""
181072.497303,0,reduction,""
181072.497305,0,sched_state,running
181072.497414,0,tick,""
181072.497525,0,reduction,""
181072.497527,0,sched_state,running
181072.497638,0,tick,""
181072.497643,0,reduction,""
181072.497644,0,sched_state,running
181072.497754,0,tick,""
181072.497828,0,reduction,""
181072.497830,0,sched_state,running
181072.497938,0,tick,""
181072.497943,0,reduction,""
181072.497944,0,sched_state,running
181072.498050,0,tick,""
181072.498061,0,reduction,""
181072.498062,0,sched_state,running
181072.498171,0,tick,""
181072.498188,0,reduction,""
181072.498191,0,sched_state,running
181072.498301,0,tick,""
181072.498311,0,reduction,""
181072.498313,0,sched_state,running
181072.498423,0,tick,""
181072.498595,0,reduction,""
181072.498598,0,sched_state,running
181072.498711,0,tick,""
181072.498717,0,reduction,""
181072.498718,0,sched_state,running
181072.498828,0,tick,""
181072.498833,0,reduction,""
181072.498835,0,sched_state,running
181072.498958,0,tick,""
181072.498965,0,reduction,""
181072.498967,0,sched_state,running
181072.499136,0,tick,""
181072.499142,0,reduction,""
181072.499144,0,sched_state,running
181072.499308,0,tick,""
181072.499314,0,reduction,""
181072.499316,0,sched_state,running
181072.499451,0,tick,""
181072.499455,0,reduction,""
181072.499457,0,sched_state,running
181072.499566,0,tick,""
181072.499570,0,reduction,""
181072.499572,0,sched_state,running
181072.499679,0,tick,""
181072.500138,0,sched_state,running
181072.500251,0,tick,""
181072.500255,0,reduction,""
181072.500257,0,sched_state,running
181072.500361,0,tick,""
181072.500369,0,reduction,""
181072.500370,0,sched_state,running
181072.500473,0,tick,""
181072.500476,0,reduction,""
181072.500478,0,sched_state,running
181072.500579,0,tick,""
181072.500582,0,reduction,""
181072.500583,0,sched_state,running
181072.500688,0,tick,""
181072.500691,0,reduction,""
181072.500692,0,sched_state,running
181072.500729,0,queue_length,2
181072.500807,0,tick,""
181072.500811,0,reduction,""
181072.500812,0,sched_state,running
181072.500919,0,tick,""
181072.501436,0,channel_blocked,87
181072.501438,0,yield,""
181072.502155,1,sched_state,waiting
181072.502158,6,sched_state,waiting
181072.502166,2,sched_state,waiting
181072.502120,3,sched_state,waiting
181072.503325,0,sched_state,running
181072.503329,7,sched_state,running
181072.503332,2,tick,""
181072.503338,6,tick,""
181072.503376,6,sched_state,waiting
181072.503388,6,tick,""
181072.503491,1,tick,""
181072.503496,0,tick,""
181072.503506,0,queue_length,1
181072.503521,1,sched_state,waiting
181072.503531,1,tick,""
181072.503537,1,sched_state,waiting
181072.503541,1,tick,""
181072.503649,7,tick,""
181072.503659,7,reduction,""
181072.503661,7,sched_state,running
181072.503852,3,tick,""
181072.503885,3,sched_state,waiting
181072.503946,3,tick,""
181072.504074,7,tick,""
181072.504101,7,reduction,""
181072.504105,7,sched_state,running
181072.504394,7,tick,""
181072.504412,7,reduction,""
181072.504414,7,sched_state,running
181072.504559,0,sched_state,running
181072.504586,7,tick,""
181072.504599,7,reduction,""
181072.504602,7,sched_state,running
181072.504761,7,tick,""
181072.504929,7,reduction,""
181072.504932,7,sched_state,running
181072.504946,0,tick,""
181072.504954,0,reduction,""
181072.504956,0,sched_state,running
181072.505114,0,tick,""
181072.505123,0,reduction,""
181072.505125,0,sched_state,running
181072.505279,0,tick,""
181072.505284,0,reduction,""
181072.505285,0,sched_state,running
181072.505286,7,tick,""
181072.505294,7,reduction,""
181072.505295,7,sched_state,running
181072.505436,0,tick,""
181072.505441,0,reduction,""
181072.505443,0,sched_state,running
181072.505446,7,tick,""
181072.505451,7,reduction,""
181072.505452,7,sched_state,running
181072.505593,0,tick,""
181072.505598,0,reduction,""
181072.505598,7,tick,""
181072.505599,0,sched_state,running
181072.505603,7,reduction,""
181072.505604,7,sched_state,running
181072.505748,7,tick,""
181072.505748,0,tick,""
181072.505753,7,reduction,""
181072.505754,7,sched_state,running
181072.505755,0,reduction,""
181072.505756,0,sched_state,running
181072.505898,7,tick,""
181072.505902,7,reduction,""
181072.505903,7,sched_state,running
181072.505906,0,tick,""
181072.506046,7,tick,""
181072.506050,7,reduction,""
181072.506051,7,sched_state,running
181072.506196,7,tick,""
181072.506199,7,reduction,""
181072.506200,7,sched_state,running
181072.506344,7,tick,""
181072.506347,7,reduction,""
181072.506348,7,sched_state,running
181072.506493,7,tick,""
181072.506496,7,reduction,""
181072.506498,7,sched_state,running
181072.506698,7,tick,""
181072.506702,7,reduction,""
181072.506704,7,sched_state,running
181072.506733,1,channel_blocked,163
181072.506736,0,yield,""
181072.506740,0,sched_state,running
181072.506750,0,tick,""
181072.506761,0,queue_length,0
181072.506926,7,tick,""
181072.507954,0,sched_state,running
181072.508316,0,tick,""
181072.508323,0,reduction,""
181072.508328,0,sched_state,running
181072.508781,0,tick,""
181072.508786,0,reduction,""
181072.508788,0,sched_state,running
181072.508992,0,tick,""
181072.508996,0,reduction,""
181072.508997,0,sched_state,running
181072.509166,0,tick,""
181072.509657,3,channel_blocked,405
181072.509660,0,yield,""
181072.509665,0,sched_state,running
181072.509674,0,tick,""
181072.509680,0,queue_length,0
181072.509690,0,queue_length,0
181072.509693,0,sched_state,waiting
181072.509697,0,tick,""
181072.509725,0,sched_state,waiting
181072.509730,0,tick,""
181072.509775,1,channel_unblocked,208
181072.509782,7,yield,""
181072.509787,7,sched_state,running
181072.510484,7,tick,""
181072.510488,7,sched_state,running
181072.510835,7,tick,""
181072.510842,7,queue_length,0
181072.510851,7,sched_state,running
181072.511109,7,tick,""
181072.511115,7,reduction,""
181072.511117,7,sched_state,running
181072.511364,7,tick,""
181072.511370,7,reduction,""
181072.511371,7,sched_state,running
181072.511535,7,tick,""
181072.513225,3,channel_unblocked,163
181072.513229,7,yield,""
181072.513234,7,sched_state,running
181072.513805,7,tick,""
181072.513815,7,reduction,""
181072.513817,7,sched_state,running
181072.514017,6,sched_state,waiting
181072.514017,5,sched_state,waiting
181072.514022,4,sched_state,waiting
181072.514139,7,tick,""
181072.514144,7,reduction,""
181072.514146,7,sched_state,running
181072.514596,4,tick,""
181072.514605,4,sched_state,running
181072.514655,7,tick,""
181072.514704,6,tick,""
181072.514704,2,sched_state,waiting
181072.514706,5,tick,""
181072.514708,6,sched_state,waiting
181072.514709,3,sched_state,waiting
181072.514717,6,tick,""
181072.514741,6,sched_state,waiting
181072.514741,5,sched_state,waiting
181072.514745,6,tick,""
181072.514901,2,tick,""
181072.514909,5,tick,""
181072.514909,3,tick,""
181072.514935,3,sched_state,waiting
181072.514942,3,tick,""
181072.514947,3,sched_state,waiting
181072.514950,3,tick,""
181072.514925,2,sched_state,waiting
181072.515014,2,tick,""
181072.515017,2,sched_state,waiting
181072.515021,2,tick,""
181072.515040,2,sched_state,waiting
181072.515044,2,tick,""
181072.515049,2,sched_state,waiting
181072.515052,2,tick,""
181072.515157,4,tick,""
181072.515163,4,reduction,""
181072.515164,4,sched_state,running
181072.515309,4,tick,""
181072.515312,4,reduction,""
181072.515314,4,sched_state,running
181072.515456,4,tick,""
181072.515459,4,reduction,""
181072.515460,4,sched_state,running
181072.515598,4,tick,""
181072.516155,2,channel_blocked,289
181072.516157,4,yield,""
181072.516159,4,sched_state,running
181072.516164,4,tick,""
181072.516170,4,queue_length,0
181072.516173,4,sched_state,waiting
181072.516178,4,tick,""
181072.516204,4,sched_state,waiting
181072.516208,4,tick,""
181072.517435,0,channel_unblocked,163
181072.517444,7,yield,""
181072.517447,7,sched_state,running
181072.518349,7,tick,""
181072.518353,7,sched_state,running
181072.518898,7,tick,""
181072.520016,0,sched_state,waiting
181072.520028,0,tick,""
181072.520054,0,sched_state,waiting
181072.520062,0,tick,""
181072.520066,0,sched_state,waiting
181072.520071,0,tick,""
181072.520495,7,queue_length,0
181072.521539,7,sched_state,running
181072.522377,7,tick,""
181072.522382,7,sched_state,running
181072.522583,7,tick,""
181072.522590,7,sched_state,running
181072.522956,7,tick,""
181072.522962,7,reduction,""
181072.522964,7,sched_state,running
181072.523331,7,tick,""
181072.523338,7,reduction,""
181072.523341,7,sched_state,running
181072.523536,7,tick,""
181072.525017,6,sched_state,waiting
181072.525018,1,sched_state,waiting
181072.525026,6,tick,""
181072.525028,6,sched_state,waiting
181072.525031,6,tick,""
181072.525034,5,sched_state,waiting
181072.525042,5,tick,""
181072.525050,6,sched_state,waiting
181072.525057,6,tick,""
181072.525144,1,tick,""
181072.525166,1,sched_state,waiting
181072.525230,1,tick,""
181072.526016,2,sched_state,waiting
181072.526025,2,tick,""
181072.526031,2,sched_state,waiting
181072.526035,2,tick,""
181072.526037,2,sched_state,waiting
181072.526040,2,tick,""
181072.526061,2,sched_state,waiting
181072.526065,2,tick,""
181072.526069,2,sched_state,waiting
181072.526082,2,tick,""
181072.526738,2,channel_unblocked,87
181072.526744,7,yield,""
181072.526749,7,sched_state,running
181072.527011,4,sched_state,waiting
181072.527019,4,tick,""
181072.527091,4,sched_state,waiting
181072.527095,4,tick,""
181072.527444,7,tick,""
181072.527454,7,reduction,""
181072.527456,7,sched_state,running
181072.527961,7,tick,""
181072.527968,7,sched_state,stop
