timestamp,lpu,event,value
181074.106887,6,sched_state,startup
181074.106887,2,sched_state,startup
181074.106895,4,sched_state,startup
181074.106901,3,sched_state,startup
181074.106921,5,sched_state,startup
181074.107400,0,sched_state,startup
181074.107472,7,sched_state,startup
181074.107504,5,tick,""
181074.107504,4,tick,""
181074.107549,3,tick,""
181074.107550,6,tick,""
181074.107550,2,tick,""
181074.107577,1,sched_state,startup
181074.107594,0,tick,""
181074.107639,7,tick,""
181074.107725,1,tick,""
181074.107958,5,queue_length,0
181074.107969,5,sched_state,waiting
181074.107981,5,tick,""
181074.107982,4,queue_length,0
181074.107989,4,sched_state,waiting
181074.108010,4,tick,""
181074.109155,1,queue_length,0
181074.109154,3,queue_length,0
181074.109154,2,queue_length,0
181074.109154,6,queue_length,0
181074.109163,1,sched_state,waiting
181074.109169,3,sched_state,waiting
181074.109169,6,sched_state,waiting
181074.109173,2,sched_state,waiting
181074.109188,1,tick,""
181074.109191,6,tick,""
181074.109191,2,tick,""
181074.109195,3,tick,""
181074.109215,7,queue_length,0
181074.109221,7,sched_state,waiting
181074.109233,7,tick,""
181074.109574,4,sched_state,waiting
181074.109576,5,sched_state,waiting
181074.109579,4,tick,""
181074.109582,5,tick,""
181074.109817,0,sched_state,running
181074.109856,6,sched_state,waiting
181074.109861,1,sched_state,waiting
181074.109864,6,tick,""
181074.109870,1,tick,""
181074.109875,1,sched_state,waiting
181074.109880,1,tick,""
181074.109891,3,sched_state,waiting
181074.109896,7,sched_state,waiting
181074.109900,3,tick,""
181074.109905,7,tick,""
181074.109922,0,tick,""
181074.109930,0,reduction,""
181074.109937,0,sched_state,running
181074.109958,2,sched_state,waiting
181074.109976,2,tick,""
181074.110044,0,tick,""
181074.110050,0,reduction,""
181074.110052,0,sched_state,running
181074.110149,0,tick,""
181074.110154,0,reduction,""
181074.110158,0,sched_state,running
181074.110300,0,tick,""
181074.110305,0,reduction,""
181074.110307,0,sched_state,running
181074.110399,0,tick,""
181074.110403,0,reduction,""
181074.110405,0,sched_state,running
181074.110504,0,tick,""
181074.110521,0,reduction,""
181074.110528,0,sched_state,running
181074.110881,0,tick,""
181074.110900,0,reduction,""
181074.110908,0,sched_state,running
181074.111227,0,tick,""
181074.111422,0,reduction,""
181074.111434,0,sched_state,running
181074.111699,0,tick,""
181074.111705,0,reduction,""
181074.111707,0,sched_state,running
181074.111801,0,tick,""
181074.111806,0,reduction,""
181074.111808,0,sched_state,running
181074.111897,0,tick,""
181074.111901,0,reduction,""
181074.111903,0,sched_state,running
181074.111996,0,tick,""
181074.112002,0,reduction,""
181074.112004,0,sched_state,running
181074.112093,0,tick,""
181074.112098,0,reduction,""
181074.112100,0,sched_state,running
181074.112256,0,tick,""
181074.112260,0,reduction,""
181074.112264,0,sched_state,running
181074.112353,0,tick,""
181074.112359,0,reduction,""
181074.112363,0,sched_state,running
181074.112451,0,tick,""
181074.112609,0,reduction,""
181074.112612,0,sched_state,running
181074.112737,0,tick,""
181074.112754,0,reduction,""
181074.112756,0,sched_state,running
181074.112846,0,tick,""
181074.112849,0,reduction,""
181074.112850,0,sched_state,running
181074.112940,0,tick,""
181074.112945,0,reduction,""
181074.112946,0,sched_state,running
181074.113036,0,tick,""
181074.113811,0,reduction,""
181074.113814,0,sched_state,running
181074.113910,0,tick,""
181074.114460,0,queue_length,0
181074.115046,0,sched_state,running
181074.115257,0,tick,""
181074.115274,0,reduction,""
181074.115277,0,sched_state,running
181074.115543,0,tick,""
181074.115549,0,spawn,""
181074.115550,0,reduction,""
181074.115552,0,sched_state,running
181074.116007,0,tick,""
181074.116012,0,reduction,""
181074.116014,0,sched_state,running
181074.116186,0,tick,""
181074.116190,0,reduction,""
181074.116192,0,sched_state,running
181074.116328,0,tick,""
181074.116332,0,reduction,""
181074.116334,0,sched_state,running
181074.116443,0,tick,""
181074.116446,0,reduction,""
181074.116448,0,sched_state,running
181074.116556,0,tick,""
181074.116559,0,reduction,""
181074.116560,0,sched_state,running
181074.116667,0,tick,""
181074.116670,0,reduction,""
181074.116671,0,sched_state,running
181074.116778,0,tick,""
181074.116793,0,reduction,""
181074.116795,0,sched_state,running
181074.116905,0,tick,""
181074.116911,0,reduction,""
181074.116912,0,sched_state,running
181074.117019,0,tick,""
181074.117033,0,reduction,""
181074.117035,0,sched_state,running
181074.117143,0,tick,""
181074.117161,0,reduction,""
181074.117162,0,sched_state,running
181074.117270,0,tick,""
181074.117275,0,reduction,""
181074.117276,0,sched_state,running
181074.117382,0,tick,""
181074.117490,0,reduction,""
181074.117492,0,sched_state,running
181074.117604,0,tick,""
181074.117616,0,reduction,""
181074.117618,0,sched_state,running
181074.117725,0,tick,""
181074.117729,0,reduction,""
181074.117730,0,sched_state,running
181074.117837,0,tick,""
181074.117846,0,reduction,""
181074.117847,0,sched_state,running
181074.117957,0,tick,""
181074.118006,0,reduction,""
181074.118008,0,sched_state,running
181074.118173,0,tick,""
181074.118187,0,reduction,""
181074.118189,0,sched_state,running
181074.118353,0,tick,""
181074.118358,0,spawn,""
181074.118360,0,reduction,""
181074.118362,0,sched_state,running
181074.118514,0,tick,""
181074.118517,0,reduction,""
181074.118518,0,sched_state,running
181074.118625,0,tick,""
181074.118629,0,reduction,""
181074.118630,0,sched_state,running
181074.118738,0,tick,""
181074.118742,0,reduction,""
181074.118743,0,sched_state,running
181074.118850,0,tick,""
181074.118853,0,reduction,""
181074.118854,0,sched_state,running
181074.118965,0,tick,""
181074.118969,0,reduction,""
181074.118970,0,sched_state,running
181074.119073,0,tick,""
181074.119076,0,reduction,""
181074.119077,0,sched_state,running
181074.119180,0,tick,""
181074.119192,0,reduction,""
181074.119193,0,sched_state,running
181074.119297,0,tick,""
181074.119301,0,reduction,""
181074.119302,0,sched_state,running
181074.119406,0,tick,""
181074.119415,0,reduction,""
181074.119416,0,sched_state,running
181074.119519,0,tick,""
181074.119529,0,reduction,""
181074.119531,0,sched_state,running
181074.119634,0,tick,""
181074.119638,0,reduction,""
181074.119639,0,sched_state,running
181074.119741,0,tick,""
181074.119824,0,reduction,""
181074.119826,0,sched_state,running
181074.119929,0,tick,""
181074.119941,0,reduction,""
181074.119942,0,sched_state,running
181074.120044,0,tick,""
181074.120047,0,reduction,""
181074.120049,0,sched_state,running
181074.120157,0,tick,""
181074.120167,0,reduction,""
181074.120168,0,sched_state,running
181074.120271,0,tick,""
181074.120307,0,reduction,""
181074.120309,0,sched_state,running
181074.120486,0,tick,""
181074.120500,0,reduction,""
181074.120502,0,sched_state,running
181074.120668,0,tick,""
181074.120674,0,spawn,""
181074.120676,0,reduction,""
181074.120678,0,sched_state,running
181074.120828,0,tick,""
181074.120831,0,reduction,""
181074.120832,0,sched_state,running
181074.120937,0,tick,""
181074.120940,0,reduction,""
181074.120941,0,sched_state,running
181074.121043,0,tick,""
181074.121046,0,reduction,""
181074.121048,0,sched_state,running
181074.121151,0,tick,""
181074.121154,0,reduction,""
181074.121155,0,sched_state,running
181074.121259,0,tick,""
181074.121263,0,reduction,""
181074.121264,0,sched_state,running
181074.121366,0,tick,""
181074.121369,0,reduction,""
181074.121371,0,sched_state,running
181074.121487,0,tick,""
181074.121502,0,reduction,""
181074.121504,0,sched_state,running
181074.121617,0,tick,""
181074.121621,0,reduction,""
181074.121623,0,sched_state,running
181074.121733,0,tick,""
181074.121743,0,reduction,""
181074.121744,0,sched_state,running
181074.121855,0,tick,""
181074.121866,0,reduction,""
181074.121867,0,sched_state,running
181074.121979,0,tick,""
181074.121983,0,reduction,""
181074.121985,0,sched_state,running
181074.122015,5,sched_state,waiting
181074.122022,6,sched_state,waiting
181074.122024,5,tick,""
181074.122028,5,sched_state,waiting
181074.122031,6,tick,""
181074.122032,5,tick,""
181074.122044,4,sched_state,waiting
181074.122054,4,tick,""
181074.122057,4,sched_state,waiting
181074.122060,4,tick,""
181074.122079,4,sched_state,waiting
181074.122083,4,tick,""
181074.122142,1,sched_state,waiting
181074.122149,1,tick,""
181074.122151,1,sched_state,waiting
181074.122153,0,tick,""
181074.122155,1,tick,""
181074.122177,1,sched_state,waiting
181074.122181,1,tick,""
181074.122297,0,reduction,""
181074.122300,0,sched_state,running
181074.122591,0,tick,""
181074.122612,0,reduction,""
181074.122615,0,sched_state,running
181074.122866,0,tick,""
181074.122871,0,reduction,""
181074.122873,0,sched_state,running
181074.123050,0,tick,""
181074.123066,0,reduction,""
181074.123068,0,sched_state,running
181074.123246,0,tick,""
181074.123299,0,reduction,""
181074.123302,0,sched_state,running
181074.123476,0,tick,""
181074.123491,0,reduction,""
181074.123493,0,sched_state,running
181074.123664,0,tick,""
181074.123670,0,spawn,""
181074.123672,0,reduction,""
181074.123673,0,sched_state,running
181074.123849,0,tick,""
181074.123854,0,reduction,""
181074.123856,0,sched_state,running
181074.124028,0,tick,""
181074.124031,0,reduction,""
181074.124033,0,sched_state,running
181074.124215,0,tick,""
181074.124219,0,reduction,""
181074.124221,0,sched_state,running
181074.124392,0,tick,""
181074.124396,0,reduction,""
181074.124399,0,sched_state,running
181074.124568,0,tick,""
181074.124572,0,reduction,""
181074.124574,0,sched_state,running
181074.124743,0,tick,""
181074.124748,0,reduction,""
181074.124749,0,sched_state,running
181074.124917,0,tick,""
181074.124934,0,reduction,""
181074.124936,0,sched_state,running
181074.125086,0,tick,""
181074.125092,0,reduction,""
181074.125094,0,sched_state,running
181074.125263,0,tick,""
181074.125277,0,reduction,""
181074.125279,0,sched_state,running
181074.125447,0,tick,""
181074.125468,0,reduction,""
181074.125471,0,sched_state,running
181074.125615,0,tick,""
181074.125621,0,reduction,""
181074.125623,0,sched_state,running
181074.125791,0,tick,""
181074.125944,0,reduction,""
181074.125946,0,sched_state,running
181074.126108,0,tick,""
181074.126121,0,reduction,""
181074.126122,0,sched_state,running
181074.126235,0,tick,""
181074.126239,0,reduction,""
181074.126240,0,sched_state,running
181074.126357,0,tick,""
181074.126368,0,reduction,""
181074.126369,0,sched_state,running
181074.126482,0,tick,""
181074.126535,0,reduction,""
181074.126538,0,sched_state,running
181074.126711,0,tick,""
181074.126727,0,reduction,""
181074.126729,0,sched_state,running
181074.126900,0,tick,""
181074.126906,0,spawn,""
181074.126908,0,reduction,""
181074.126910,0,sched_state,running
181074.127095,0,tick,""
181074.127098,0,reduction,""
181074.127100,0,sched_state,running
181074.127299,0,tick,""
181074.127303,0,reduction,""
181074.127304,0,sched_state,running
181074.127419,0,tick,""
181074.127423,0,reduction,""
181074.127426,0,sched_state,running
181074.127540,0,tick,""
181074.127544,0,reduction,""
181074.127545,0,sched_state,running
181074.127659,0,tick,""
181074.127663,0,reduction,""
181074.127664,0,sched_state,running
181074.127777,0,tick,""
181074.127781,0,reduction,""
181074.127782,0,sched_state,running
181074.127896,0,tick,""
181074.127918,0,reduction,""
181074.127920,0,sched_state,running
181074.128036,0,tick,""
181074.128040,0,reduction,""
181074.128042,0,sched_state,running
181074.128169,0,tick,""
181074.128180,0,reduction,""
181074.128181,0,sched_state,running
181074.128295,0,tick,""
181074.128312,0,reduction,""
181074.128314,0,sched_state,running
181074.128431,0,tick,""
181074.128435,0,reduction,""
181074.128436,0,sched_state,running
181074.128549,0,tick,""
181074.128656,0,reduction,""
181074.128659,0,sched_state,running
181074.128773,0,tick,""
181074.128787,0,reduction,""
181074.128789,0,sched_state,running
181074.128901,0,tick,""
181074.128904,0,reduction,""
181074.128905,0,sched_state,running
181074.129026,0,tick,""
181074.129037,0,reduction,""
181074.129038,0,sched_state,running
181074.129145,0,tick,""
181074.129196,0,reduction,""
181074.129198,0,sched_state,running
181074.129313,0,tick,""
181074.129325,0,reduction,""
181074.129327,0,sched_state,running
181074.129443,0,tick,""
181074.129447,0,spawn,""
181074.129449,0,reduction,""
181074.129450,0,sched_state,running
181074.129568,0,tick,""
181074.129570,0,reduction,""
181074.129572,0,sched_state,running
181074.129700,0,tick,""
181074.129704,0,reduction,""
181074.129706,0,sched_state,running
181074.129852,0,tick,""
181074.129856,0,reduction,""
181074.129857,0,sched_state,running
181074.129971,0,tick,""
181074.129975,0,reduction,""
181074.129976,0,sched_state,running
181074.130090,0,tick,""
181074.130094,0,reduction,""
181074.130095,0,sched_state,running
181074.130209,0,tick,""
181074.130213,0,reduction,""
181074.130214,0,sched_state,running
181074.130326,0,tick,""
181074.130339,0,reduction,""
181074.130340,0,sched_state,running
181074.130473,0,tick,""
181074.130480,0,reduction,""
181074.130481,0,sched_state,running
181074.130627,0,tick,""
181074.130637,0,reduction,""
181074.130638,0,sched_state,running
181074.130750,0,tick,""
181074.130763,0,reduction,""
181074.130765,0,sched_state,running
181074.130895,0,tick,""
181074.130901,0,reduction,""
181074.130903,0,sched_state,running
181074.131050,0,tick,""
181074.131142,0,reduction,""
181074.131144,0,sched_state,running
181074.131264,0,tick,""
181074.131277,0,reduction,""
181074.131279,0,sched_state,running
181074.131431,0,tick,""
181074.131436,0,reduction,""
181074.131437,0,sched_state,running
181074.131590,0,tick,""
181074.131606,0,reduction,""
181074.131608,0,sched_state,running
181074.131763,0,tick,""
181074.131813,0,reduction,""
181074.131817,0,sched_state,running
181074.131960,0,tick,""
181074.131972,0,reduction,""
181074.131974,0,sched_state,running
181074.132088,0,tick,""
181074.132092,0,spawn,""
181074.132093,0,reduction,""
181074.132095,0,sched_state,running
181074.132214,0,tick,""
181074.132217,0,reduction,""
181074.132218,0,sched_state,running
181074.132353,0,tick,""
181074.132358,0,reduction,""
181074.132359,0,sched_state,running
181074.132510,0,tick,""
181074.132515,0,reduction,""
181074.132517,0,sched_state,running
181074.132668,0,tick,""
181074.132673,0,reduction,""
181074.132675,0,sched_state,running
181074.132826,0,tick,""
181074.132831,0,reduction,""
181074.132832,0,sched_state,running
181074.132991,0,tick,""
181074.132994,0,reduction,""
181074.132996,0,sched_state,running
181074.133012,2,sched_state,waiting
181074.133014,3,sched_state,waiting
181074.133014,7,sched_state,waiting
181074.133020,6,sched_state,waiting
181074.133020,5,sched_state,waiting
181074.133022,2,tick,""
181074.133026,6,tick,""
181074.133027,7,tick,""
181074.133030,5,tick,""
181074.133030,3,tick,""
181074.133053,2,sched_state,waiting
181074.133059,2,tick,""
181074.133061,3,sched_state,waiting
181074.133068,3,tick,""
181074.133070,7,sched_state,waiting
181074.133073,3,sched_state,waiting
181074.133078,7,tick,""
181074.133079,3,tick,""
181074.133082,7,sched_state,waiting
181074.133087,7,tick,""
181074.133111,4,sched_state,waiting
181074.133115,4,tick,""
181074.133121,0,tick,""
181074.133126,5,sched_state,waiting
181074.133138,5,tick,""
181074.133138,0,reduction,""
181074.133140,0,sched_state,running
181074.133268,4,sched_state,waiting
181074.133272,4,tick,""
181074.133273,0,tick,""
181074.133279,0,reduction,""
181074.133281,0,sched_state,running
181074.133566,0,tick,""
181074.133582,0,reduction,""
181074.133585,0,sched_state,running
181074.133841,0,tick,""
181074.133865,0,reduction,""
181074.133867,0,sched_state,running
181074.134080,0,tick,""
181074.134086,0,reduction,""
181074.134087,0,sched_state,running
181074.134210,0,tick,""
181074.134324,0,reduction,""
181074.134326,0,sched_state,running
181074.134448,0,tick,""
181074.134462,0,reduction,""
181074.134464,0,sched_state,running
181074.134582,0,tick,""
181074.134585,0,reduction,""
181074.134587,0,sched_state,running
181074.134704,0,tick,""
181074.134709,0,reduction,""
181074.134710,0,sched_state,running
181074.134824,0,tick,""
181074.134827,0,reduction,""
181074.134828,0,sched_state,running
181074.134942,0,tick,""
181074.134946,0,reduction,""
181074.134947,0,sched_state,running
181074.135061,0,tick,""
181074.135135,0,reduction,""
181074.135138,0,sched_state,running
181074.135313,0,tick,""
181074.135320,0,reduction,""
181074.135322,0,sched_state,running
181074.135607,0,tick,""
181074.135747,0,reduction,""
181074.135752,0,sched_state,running
181074.135916,0,tick,""
181074.137050,0,sched_state,running
181074.137225,0,tick,""
181074.137231,0,reduction,""
181074.137233,0,sched_state,running
181074.137396,0,tick,""
181074.137402,0,reduction,""
181074.137405,0,sched_state,running
181074.137566,0,tick,""
181074.137571,0,reduction,""
181074.137574,0,sched_state,running
181074.137578,0,queue_length,1
181074.137747,0,tick,""
181074.137752,0,reduction,""
181074.137754,0,sched_state,running
181074.137927,0,tick,""
181074.137932,0,reduction,""
181074.137934,0,sched_state,running
181074.138108,0,tick,""
181074.138173,0,reduction,""
181074.138176,0,sched_state,running
181074.138309,0,tick,""
181074.138314,0,reduction,""
181074.138316,0,sched_state,running
181074.138434,0,tick,""
181074.138440,0,spawn,""
181074.138443,0,reduction,""
181074.138445,0,sched_state,running
181074.138570,0,tick,""
181074.138574,0,reduction,""
181074.138576,0,sched_state,running
181074.138692,0,tick,""
181074.138695,0,reduction,""
181074.138697,0,sched_state,running
181074.138812,0,tick,""
181074.138818,0,reduction,""
181074.138820,0,sched_state,running
181074.139003,0,tick,""
181074.139008,0,reduction,""
181074.139010,0,sched_state,running
181074.139178,0,tick,""
181074.139185,0,reduction,""
181074.139187,0,sched_state,running
181074.139362,0,tick,""
181074.139487,0,reduction,""
181074.139494,0,sched_state,running
181074.139661,0,tick,""
181074.139667,0,reduction,""
181074.139671,0,sched_state,running
181074.139836,0,tick,""
181074.139952,0,reduction,""
181074.139955,0,sched_state,running
181074.140123,0,tick,""
181074.140130,0,reduction,""
181074.140133,0,sched_state,running
181074.140293,0,tick,""
181074.140309,0,reduction,""
181074.140312,0,sched_state,running
181074.140477,0,tick,""
181074.140494,0,reduction,""
181074.140496,0,sched_state,running
181074.140657,0,tick,""
181074.140672,0,reduction,""
181074.140674,0,sched_state,running
181074.140837,0,tick,""
181074.141156,0,reduction,""
181074.141160,0,sched_state,running
181074.141326,0,tick,""
181074.141338,0,reduction,""
181074.141340,0,sched_state,running
181074.141504,0,tick,""
181074.141514,0,reduction,""
181074.141516,0,sched_state,running
181074.141677,0,tick,""
181074.141688,0,reduction,""
181074.141690,0,sched_state,running
181074.141849,0,tick,""
181074.141860,0,reduction,""
181074.141862,0,sched_state,running
181074.142020,0,tick,""
181074.142031,0,reduction,""
181074.142033,0,sched_state,running
181074.142191,0,tick,""
181074.142201,0,reduction,""
181074.142203,0,sched_state,running
181074.142361,0,tick,""
181074.142369,0,reduction,""
181074.142371,0,sched_state,running
181074.142534,0,tick,""
181074.143055,0,sched_state,running
181074.143072,0,queue_length,2
181074.143228,0,tick,""
181074.143235,0,reduction,""
181074.143237,0,sched_state,running
181074.143400,0,tick,""
181074.143406,0,reduction,""
181074.143407,0,sched_state,running
181074.143571,0,tick,""
181074.143577,0,reduction,""
181074.143578,0,sched_state,running
181074.143740,0,tick,""
181074.143745,0,reduction,""
181074.143747,0,sched_state,running
181074.143907,0,tick,""
181074.143913,0,reduction,""
181074.143916,0,sched_state,running
181074.144016,6,sched_state,waiting
181074.144016,2,sched_state,waiting
181074.144016,1,sched_state,waiting
181074.144025,2,tick,""
181074.144025,6,tick,""
181074.144036,1,tick,""
181074.144051,3,sched_state,waiting
181074.144052,2,sched_state,waiting
181074.144058,2,tick,""
181074.144062,3,tick,""
181074.144063,1,sched_state,waiting
181074.144068,3,sched_state,waiting
181074.144072,1,tick,""
181074.144075,3,tick,""
181074.144078,1,sched_state,waiting
181074.144083,5,sched_state,waiting
181074.144085,0,tick,""
181074.144085,1,tick,""
181074.144088,5,tick,""
181074.144100,3,sched_state,waiting
181074.144106,5,sched_state,waiting
181074.144117,5,tick,""
181074.144107,3,tick,""
181074.144131,3,sched_state,waiting
181074.144137,3,tick,""
181074.144147,3,sched_state,waiting
181074.144151,3,tick,""
181074.144161,0,reduction,""
181074.144165,0,sched_state,running
181074.144298,0,tick,""
181074.144304,0,reduction,""
181074.144305,0,sched_state,running
181074.144497,0,tick,""
181074.144503,0,spawn,""
181074.144506,0,reduction,""
181074.144508,0,sched_state,running
181074.144693,0,tick,""
181074.144696,0,reduction,""
181074.144698,0,sched_state,running
181074.144847,0,tick,""
181074.144851,0,reduction,""
181074.144852,0,sched_state,running
181074.145028,0,tick,""
181074.145033,0,reduction,""
181074.145035,0,sched_state,running
181074.145209,0,tick,""
181074.145213,0,reduction,""
181074.145215,0,sched_state,running
181074.145371,0,tick,""
181074.145376,0,reduction,""
181074.145377,0,sched_state,running
181074.145548,0,tick,""
181074.145663,0,reduction,""
181074.145666,0,sched_state,running
181074.145847,0,tick,""
181074.145854,0,reduction,""
181074.145857,0,sched_state,running
181074.146057,0,tick,""
181074.146177,0,reduction,""
181074.146183,0,sched_state,running
181074.146356,0,tick,""
181074.146362,0,reduction,""
181074.146364,0,sched_state,running
181074.146534,0,tick,""
181074.146548,0,reduction,""
181074.146550,0,sched_state,running
181074.146749,0,tick,""
181074.146771,0,reduction,""
181074.146779,0,sched_state,running
181074.146982,0,tick,""
181074.146999,0,reduction,""
181074.147002,0,sched_state,running
181074.147203,0,tick,""
181074.147576,0,reduction,""
181074.147581,0,sched_state,running
181074.147789,0,tick,""
181074.147802,0,reduction,""
181074.147804,0,sched_state,running
181074.148004,0,tick,""
181074.148016,0,reduction,""
181074.148019,0,sched_state,running
181074.148243,0,tick,""
181074.148250,0,reduction,""
181074.148251,0,sched_state,running
181074.148362,0,tick,""
181074.148368,0,reduction,""
181074.148369,0,sched_state,running
181074.148478,0,tick,""
181074.148484,0,reduction,""
181074.148484,0,sched_state,running
181074.148593,0,tick,""
181074.148598,0,reduction,""
181074.148600,0,sched_state,running
181074.148710,0,tick,""
181074.148716,0,reduction,""
181074.148717,0,sched_state,running
181074.148825,0,tick,""
181074.149247,0,sched_state,running
181074.149266,0,queue_length,3
181074.149365,0,tick,""
181074.149369,0,reduction,""
181074.149370,0,sched_state,running
181074.149480,0,tick,""
181074.149485,0,reduction,""
181074.149486,0,sched_state,running
181074.149597,0,tick,""
181074.149601,0,reduction,""
181074.149602,0,sched_state,running
181074.149711,0,tick,""
181074.149715,0,reduction,""
181074.149716,0,sched_state,running
181074.149825,0,tick,""
181074.149829,0,reduction,""
181074.149830,0,sched_state,running
181074.149937,0,tick,""
181074.149986,0,reduction,""
181074.149989,0,sched_state,running
181074.150164,0,tick,""
181074.150170,0,reduction,""
181074.150172,0,sched_state,running
181074.150350,0,tick,""
181074.150356,0,spawn,""
181074.150358,0,reduction,""
181074.150359,0,sched_state,running
181074.150540,0,tick,""
181074.150543,0,reduction,""
181074.150544,0,sched_state,running
181074.150709,0,tick,""
181074.150712,0,reduction,""
181074.150714,0,sched_state,running
181074.150877,0,tick,""
181074.150880,0,reduction,""
181074.150882,0,sched_state,running
181074.151044,0,tick,""
181074.151047,0,reduction,""
181074.151049,0,sched_state,running
181074.151214,0,tick,""
181074.151219,0,reduction,""
181074.151220,0,sched_state,running
181074.151383,0,tick,""
181074.151488,0,reduction,""
181074.151490,0,sched_state,running
181074.151657,0,tick,""
181074.151663,0,reduction,""
181074.151665,0,sched_state,running
181074.151827,0,tick,""
181074.151929,0,reduction,""
181074.151931,0,sched_state,running
181074.152070,0,tick,""
181074.152075,0,reduction,""
181074.152077,0,sched_state,running
181074.152187,0,tick,""
181074.152198,0,reduction,""
181074.152199,0,sched_state,running
181074.152307,0,tick,""
181074.152318,0,reduction,""
181074.152319,0,sched_state,running
181074.152427,0,tick,""
181074.152436,0,reduction,""
181074.152437,0,sched_state,running
181074.152545,0,tick,""
181074.152734,0,reduction,""
181074.152736,0,sched_state,running
181074.152850,0,tick,""
181074.152857,0,reduction,""
181074.152859,0,sched_state,running
181074.152968,0,tick,""
181074.152974,0,reduction,""
181074.152975,0,sched_state,running
181074.153085,0,tick,""
181074.153091,0,reduction,""
181074.153092,0,sched_state,running
181074.153200,0,tick,""
181074.153207,0,reduction,""
181074.153208,0,sched_state,running
181074.153313,0,tick,""
181074.153319,0,reduction,""
181074.153321,0,sched_state,running
181074.153428,0,tick,""
181074.153434,0,reduction,""
181074.153435,0,sched_state,running
181074.153542,0,tick,""
181074.153547,0,reduction,""
181074.153548,0,sched_state,running
181074.153655,0,tick,""
181074.154141,0,sched_state,running
181074.154261,0,tick,""
181074.154265,0,reduction,""
181074.154266,0,sched_state,running
181074.154376,0,tick,""
181074.154380,0,reduction,""
181074.154381,0,sched_state,running
181074.154491,0,tick,""
181074.154494,0,reduction,""
181074.154495,0,sched_state,running
181074.154604,0,tick,""
181074.154607,0,reduction,""
181074.154608,0,sched_state,running
181074.154716,0,tick,""
181074.154719,0,reduction,""
181074.154720,0,sched_state,running
181074.154827,0,tick,""
181074.154876,0,reduction,""
181074.154878,0,sched_state,running
181074.155010,4,sched_state,waiting
181074.155026,4,tick,""
181074.155051,4,sched_state,waiting
181074.155055,4,tick,""
181074.155057,2,sched_state,waiting
181074.155057,0,tick,""
181074.155060,7,sched_state,waiting
181074.155065,0,reduction,""
181074.155066,2,tick,""
181074.155068,0,sched_state,running
181074.155070,2,sched_state,waiting
181074.155070,7,tick,""
181074.155073,2,tick,""
181074.155096,2,sched_state,waiting
181074.155100,2,tick,""
181074.155149,7,sched_state,waiting
181074.155156,7,tick,""
181074.155161,7,sched_state,waiting
181074.155165,7,tick,""
181074.155368,0,tick,""
181074.155374,0,spawn,""
181074.155376,0,reduction,""
181074.155381,0,sched_state,running
181074.155704,0,tick,""
181074.155707,0,reduction,""
181074.155708,0,sched_state,running
181074.155827,0,tick,""
181074.155830,0,reduction,""
181074.155831,0,sched_state,running
181074.155835,1,sched_state,waiting
181074.155842,1,tick,""
181074.155845,1,sched_state,waiting
181074.155845,0,queue_length,4
181074.155850,1,tick,""
181074.155872,1,sched_state,waiting
181074.155876,1,tick,""
181074.155975,0,tick,""
181074.155980,0,reduction,""
181074.155982,0,sched_state,running
181074.156107,0,tick,""
181074.156124,0,reduction,""
181074.156126,0,sched_state,running
181074.156251,0,tick,""
181074.156258,0,reduction,""
181074.156260,0,sched_state,running
181074.156453,0,tick,""
181074.156578,0,reduction,""
181074.156582,0,sched_state,running
181074.156769,0,tick,""
181074.156777,0,reduction,""
181074.156778,0,sched_state,running
181074.156958,0,tick,""
181074.157067,0,reduction,""
181074.157070,0,sched_state,running
181074.157246,0,tick,""
181074.157251,0,reduction,""
181074.157253,0,sched_state,running
181074.157383,0,tick,""
181074.157398,0,reduction,""
181074.157401,0,sched_state,running
181074.157575,0,tick,""
181074.157592,0,reduction,""
181074.157594,0,sched_state,running
181074.157772,0,tick,""
181074.157786,0,reduction,""
181074.157789,0,sched_state,running
181074.157925,0,tick,""
181074.158115,0,reduction,""
181074.158119,0,sched_state,running
181074.158243,0,tick,""
181074.158251,0,reduction,""
181074.158252,0,sched_state,running
181074.158370,0,tick,""
181074.158378,0,reduction,""
181074.158379,0,sched_state,running
181074.158496,0,tick,""
181074.158503,0,reduction,""
181074.158505,0,sched_state,running
181074.158622,0,tick,""
181074.158629,0,reduction,""
181074.158630,0,sched_state,running
181074.158753,0,tick,""
181074.158759,0,reduction,""
181074.158760,0,sched_state,running
181074.158869,0,tick,""
181074.158875,0,reduction,""
181074.158876,0,sched_state,running
181074.158986,0,tick,""
181074.158991,0,reduction,""
181074.158992,0,sched_state,running
181074.159100,0,tick,""
181074.159669,0,sched_state,running
181074.159800,0,tick,""
181074.159804,0,reduction,""
181074.159806,0,sched_state,running
181074.159928,0,tick,""
181074.159933,0,reduction,""
181074.159934,0,sched_state,running
181074.160052,0,tick,""
181074.160055,0,reduction,""
181074.160057,0,sched_state,running
181074.160195,0,tick,""
181074.160200,0,reduction,""
181074.160201,0,sched_state,running
181074.160320,0,tick,""
181074.160325,0,reduction,""
181074.160326,0,sched_state,running
181074.160441,0,tick,""
181074.160492,0,reduction,""
181074.160495,0,sched_state,running
181074.160669,0,tick,""
181074.160676,0,reduction,""
181074.160678,0,sched_state,running
181074.160856,0,tick,""
181074.160862,0,spawn,""
181074.160864,0,reduction,""
181074.160867,0,sched_state,running
181074.161045,0,tick,""
181074.161049,0,reduction,""
181074.161051,0,sched_state,running
181074.161225,0,tick,""
181074.161230,0,reduction,""
181074.161232,0,sched_state,running
181074.161405,0,tick,""
181074.161411,0,reduction,""
181074.161413,0,sched_state,running
181074.161539,0,queue_length,5
181074.161586,0,tick,""
181074.161591,0,reduction,""
181074.161593,0,sched_state,running
181074.161726,0,tick,""
181074.161733,0,reduction,""
181074.161735,0,sched_state,running
181074.161858,0,tick,""
181074.161971,0,reduction,""
181074.161973,0,sched_state,running
181074.162095,0,tick,""
181074.162100,0,reduction,""
181074.162101,0,sched_state,running
181074.162217,0,tick,""
181074.162291,0,reduction,""
181074.162294,0,sched_state,running
181074.162410,0,tick,""
181074.162415,0,reduction,""
181074.162416,0,sched_state,running
181074.162528,0,tick,""
181074.162540,0,reduction,""
181074.162541,0,sched_state,running
181074.162655,0,tick,""
181074.162668,0,reduction,""
181074.162670,0,sched_state,running
181074.162784,0,tick,""
181074.162794,0,reduction,""
181074.162796,0,sched_state,running
181074.162912,0,tick,""
181074.163120,0,reduction,""
181074.163122,0,sched_state,running
181074.163235,0,tick,""
181074.163242,0,reduction,""
181074.163244,0,sched_state,running
181074.163355,0,tick,""
181074.163362,0,reduction,""
181074.163363,0,sched_state,running
181074.163473,0,tick,""
181074.163479,0,reduction,""
181074.163481,0,sched_state,running
181074.163588,0,tick,""
181074.163594,0,reduction,""
181074.163596,0,sched_state,running
181074.163703,0,tick,""
181074.163709,0,reduction,""
181074.163711,0,sched_state,running
181074.163819,0,tick,""
181074.163825,0,reduction,""
181074.163828,0,sched_state,running
181074.163935,0,tick,""
181074.163941,0,reduction,""
181074.163942,0,sched_state,running
181074.164050,0,tick,""
181074.164685,0,sched_state,running
181074.164806,0,tick,""
181074.164810,0,reduction,""
181074.164811,0,sched_state,running
181074.164925,0,tick,""
181074.164929,0,reduction,""
181074.164930,0,sched_state,running
181074.165041,0,tick,""
181074.165044,0,reduction,""
181074.165046,0,sched_state,running
181074.165156,0,tick,""
181074.165160,0,reduction,""
181074.165161,0,sched_state,running
181074.165270,0,tick,""
181074.165274,0,reduction,""
181074.165275,0,sched_state,running
181074.165383,0,tick,""
181074.165401,0,queue_length,6
181074.165445,0,reduction,""
181074.165446,0,sched_state,running
181074.165619,0,tick,""
181074.165626,0,reduction,""
181074.165628,0,sched_state,running
181074.165925,0,tick,""
181074.165933,0,spawn,""
181074.165938,0,reduction,""
181074.165940,0,sched_state,running
181074.166026,2,sched_state,waiting
181074.166024,3,sched_state,waiting
181074.166034,2,tick,""
181074.166037,3,tick,""
181074.166048,4,sched_state,waiting
181074.166057,4,tick,""
181074.166058,5,sched_state,waiting
181074.166066,5,tick,""
181074.166095,4,sched_state,waiting
181074.166100,4,tick,""
181074.166116,2,sched_state,waiting
181074.166122,2,tick,""
181074.166256,6,sched_state,waiting
181074.166265,6,tick,""
181074.166266,0,tick,""
181074.166272,0,reduction,""
181074.166275,0,sched_state,running
181074.166465,0,tick,""
181074.166469,0,reduction,""
181074.166471,0,sched_state,running
181074.166654,0,tick,""
181074.166659,0,reduction,""
181074.166661,0,sched_state,running
181074.166837,0,tick,""
181074.166841,0,reduction,""
181074.166843,0,sched_state,running
181074.167018,0,tick,""
181074.167023,0,reduction,""
181074.167025,0,sched_state,running
181074.167198,0,tick,""
181074.167336,0,reduction,""
181074.167338,0,sched_state,running
181074.167516,0,tick,""
181074.167523,0,reduction,""
181074.167525,0,sched_state,running
181074.167691,0,tick,""
181074.167766,0,reduction,""
181074.167768,0,sched_state,running
181074.167884,0,tick,""
181074.167890,0,reduction,""
181074.167891,0,sched_state,running
181074.168003,0,tick,""
181074.168014,0,reduction,""
181074.168016,0,sched_state,running
181074.168150,0,tick,""
181074.168165,0,reduction,""
181074.168167,0,sched_state,running
181074.168282,0,tick,""
181074.168293,0,reduction,""
181074.168295,0,sched_state,running
181074.168410,0,tick,""
181074.168628,0,reduction,""
181074.168631,0,sched_state,running
181074.168752,0,tick,""
181074.168759,0,reduction,""
181074.168761,0,sched_state,running
181074.168877,0,tick,""
181074.168884,0,reduction,""
181074.168886,0,sched_state,running
181074.169002,0,tick,""
181074.169008,0,reduction,""
181074.169010,0,sched_state,running
181074.169124,0,tick,""
181074.169130,0,reduction,""
181074.169132,0,sched_state,running
181074.169246,0,tick,""
181074.169252,0,reduction,""
181074.169253,0,sched_state,running
181074.169368,0,tick,""
181074.169374,0,reduction,""
181074.169375,0,sched_state,running
181074.169489,0,tick,""
181074.169495,0,reduction,""
181074.169496,0,sched_state,running
181074.169610,0,tick,""
181074.170319,0,sched_state,running
181074.170323,0,queue_length,7
181074.170503,0,tick,""
181074.170508,0,reduction,""
181074.170510,0,sched_state,running
181074.170639,0,tick,""
181074.170644,0,reduction,""
181074.170645,0,sched_state,running
181074.170765,0,tick,""
181074.170769,0,reduction,""
181074.170770,0,sched_state,running
181074.170886,0,tick,""
181074.170890,0,reduction,""
181074.170892,0,sched_state,running
181074.171012,0,tick,""
181074.171016,0,reduction,""
181074.171017,0,sched_state,running
181074.171134,0,tick,""
181074.171178,0,reduction,""
181074.171179,0,sched_state,running
181074.171314,0,tick,""
181074.171319,0,reduction,""
181074.171320,0,sched_state,running
181074.171437,0,tick,""
181074.171441,0,spawn,""
181074.171443,0,reduction,""
181074.171444,0,sched_state,running
181074.171561,0,tick,""
181074.171564,0,reduction,""
181074.171565,0,sched_state,running
181074.171681,0,tick,""
181074.171684,0,reduction,""
181074.171686,0,sched_state,running
181074.171800,0,tick,""
181074.171803,0,reduction,""
181074.171805,0,sched_state,running
181074.171919,0,tick,""
181074.171922,0,reduction,""
181074.171924,0,sched_state,running
181074.172043,0,tick,""
181074.172048,0,reduction,""
181074.172049,0,sched_state,running
181074.172176,0,tick,""
181074.172257,0,reduction,""
181074.172259,0,sched_state,running
181074.172378,0,tick,""
181074.172384,0,reduction,""
181074.172385,0,sched_state,running
181074.172503,0,tick,""
181074.172578,0,reduction,""
181074.172579,0,sched_state,running
181074.172694,0,tick,""
181074.172699,0,reduction,""
181074.172700,0,sched_state,running
181074.172812,0,tick,""
181074.172823,0,reduction,""
181074.172824,0,sched_state,running
181074.172941,0,tick,""
181074.172954,0,reduction,""
181074.172955,0,sched_state,running
181074.173077,0,tick,""
181074.173087,0,reduction,""
181074.173089,0,sched_state,running
181074.173197,0,tick,""
181074.173373,0,reduction,""
181074.173375,0,sched_state,running
181074.173488,0,tick,""
181074.173496,0,reduction,""
181074.173497,0,sched_state,running
181074.173608,0,tick,""
181074.173614,0,reduction,""
181074.173616,0,sched_state,running
181074.173723,0,tick,""
181074.173729,0,reduction,""
181074.173730,0,sched_state,running
181074.173837,0,tick,""
181074.173843,0,reduction,""
181074.173844,0,sched_state,running
181074.173951,0,tick,""
181074.173957,0,reduction,""
181074.173959,0,sched_state,running
181074.174065,0,tick,""
181074.174071,0,reduction,""
181074.174072,0,sched_state,running
181074.174178,0,tick,""
181074.174183,0,reduction,""
181074.174184,0,sched_state,running
181074.174290,0,tick,""
181074.175033,0,sched_state,running
181074.175154,0,tick,""
181074.175158,0,reduction,""
181074.175159,0,sched_state,running
181074.175270,0,tick,""
181074.175277,0,reduction,""
181074.175279,0,sched_state,running
181074.175387,0,tick,""
181074.175390,0,reduction,""
181074.175391,0,sched_state,running
181074.175499,0,tick,""
181074.175502,0,reduction,""
181074.175503,0,sched_state,running
181074.175609,0,tick,""
181074.175612,0,reduction,""
181074.175613,0,sched_state,running
181074.175717,0,tick,""
181074.175720,0,reduction,""
181074.175722,0,sched_state,running
181074.175829,0,tick,""
181074.176237,0,channel_blocked,87
181074.176240,0,yield,""
181074.178515,0,queue_length,8
181074.178525,1,sched_state,waiting
181074.178537,0,sched_state,running
181074.178552,1,tick,""
181074.178577,4,sched_state,waiting
181074.178576,7,sched_state,waiting
181074.178606,4,tick,""
181074.178617,7,tick,""
181074.178677,4,sched_state,waiting
181074.178689,4,tick,""
181074.178699,7,sched_state,waiting
181074.178722,7,tick,""
181074.178727,7,sched_state,waiting
181074.178733,7,tick,""
181074.178769,1,sched_state,waiting
181074.178775,1,tick,""
181074.178844,0,tick,""
181074.178855,0,queue_length,7
181074.183616,0,sched_state,running
181074.183979,0,tick,""
181074.183995,0,reduction,""
181074.184000,0,sched_state,running
181074.184190,0,tick,""
181074.184202,0,reduction,""
181074.184205,0,sched_state,running
181074.184374,0,tick,""
181074.184379,0,reduction,""
181074.184381,0,sched_state,running
181074.184543,0,tick,""
181074.184548,0,reduction,""
181074.184550,0,sched_state,running
181074.184714,0,tick,""
181074.184719,0,reduction,""
181074.184722,0,sched_state,running
181074.184869,0,tick,""
181074.184875,0,reduction,""
181074.184878,0,sched_state,running
181074.185026,0,tick,""
181074.185988,1,channel_blocked,180
181074.185992,0,yield,""
181074.185995,0,sched_state,running
181074.186320,0,tick,""
181074.186328,0,queue_length,6
181074.187728,0,sched_state,running
181074.188013,0,tick,""
181074.188020,0,reduction,""
181074.188022,0,sched_state,running
181074.188190,0,tick,""
181074.188198,0,reduction,""
181074.188200,0,sched_state,running
181074.188353,0,tick,""
181074.188358,0,reduction,""
181074.188360,0,sched_state,running
181074.188510,0,tick,""
181074.188515,0,reduction,""
181074.188517,0,sched_state,running
181074.188666,0,tick,""
181074.188672,0,reduction,""
181074.188674,0,sched_state,running
181074.188825,0,tick,""
181074.188832,0,reduction,""
181074.188834,0,sched_state,running
181074.188989,0,tick,""
181074.189017,6,sched_state,waiting
181074.189047,3,sched_state,waiting
181074.189058,3,tick,""
181074.189813,6,tick,""
181074.190270,2,channel_blocked,221
181074.190274,0,yield,""
181074.190279,0,sched_state,running
181074.190533,5,sched_state,running
181074.190639,0,tick,""
181074.190648,0,sched_state,running
181074.190973,0,tick,""
181074.190981,0,reduction,""
181074.190983,0,sched_state,running
181074.191162,0,tick,""
181074.191173,0,reduction,""
181074.191175,0,sched_state,running
181074.191352,0,tick,""
181074.191357,0,reduction,""
181074.191359,0,sched_state,running
181074.191468,5,tick,""
181074.191477,5,reduction,""
181074.191479,5,sched_state,running
181074.191533,0,tick,""
181074.191538,0,reduction,""
181074.191540,0,sched_state,running
181074.191712,0,tick,""
181074.191717,0,reduction,""
181074.191719,0,sched_state,running
181074.191889,0,tick,""
181074.191896,0,reduction,""
181074.191898,0,sched_state,running
181074.192067,0,tick,""
181074.192313,5,tick,""
181074.192340,5,reduction,""
181074.192343,5,sched_state,running
181074.192811,5,tick,""
181074.192831,5,reduction,""
181074.192834,5,sched_state,running
181074.193178,2,sched_state,waiting
181074.193269,5,tick,""
181074.193285,5,reduction,""
181074.193288,5,sched_state,running
181074.193521,3,channel_blocked,255
181074.193523,0,yield,""
181074.193525,2,tick,""
181074.193527,0,sched_state,running
181074.193701,0,tick,""
181074.193714,5,tick,""
181074.193716,0,sched_state,running
181074.193886,0,tick,""
181074.193892,0,reduction,""
181074.193895,0,sched_state,running
181074.194035,5,reduction,""
181074.194038,5,sched_state,running
181074.194070,0,tick,""
181074.194078,0,reduction,""
181074.194080,0,sched_state,running
181074.194260,0,tick,""
181074.194265,0,reduction,""
181074.194267,0,sched_state,running
181074.194444,0,tick,""
181074.194449,0,reduction,""
181074.194451,0,sched_state,running
181074.194468,5,tick,""
181074.194479,5,reduction,""
181074.194481,5,sched_state,running
181074.194964,0,tick,""
181074.194973,0,reduction,""
181074.194975,0,sched_state,running
181074.195146,5,tick,""
181074.195161,5,reduction,""
181074.195163,5,sched_state,running
181074.195175,0,tick,""
181074.195183,0,reduction,""
181074.195184,0,sched_state,running
181074.195303,0,tick,""
181074.195524,5,tick,""
181074.195532,5,reduction,""
181074.195533,5,sched_state,running
181074.195790,5,tick,""
181074.195797,5,reduction,""
181074.195798,5,sched_state,running
181074.196055,5,tick,""
181074.196061,5,reduction,""
181074.196063,5,sched_state,running
181074.196335,5,tick,""
181074.196342,5,reduction,""
181074.196343,5,sched_state,running
181074.196481,4,channel_blocked,302
181074.196484,0,yield,""
181074.196488,0,sched_state,running
181074.196595,5,tick,""
181074.196601,5,reduction,""
181074.196602,5,sched_state,running
181074.196616,0,tick,""
181074.196622,0,sched_state,running
181074.196746,0,tick,""
181074.196752,0,reduction,""
181074.196754,0,sched_state,running
181074.196757,2,sched_state,waiting
181074.196945,5,tick,""
181074.196954,5,reduction,""
181074.196955,5,sched_state,running
181074.196985,0,tick,""
181074.196995,0,reduction,""
181074.196999,0,sched_state,running
181074.197069,2,tick,""
181074.197075,2,sched_state,waiting
181074.197080,2,tick,""
181074.197227,0,tick,""
181074.197232,0,reduction,""
181074.197233,0,sched_state,running
181074.197352,0,tick,""
181074.197357,0,reduction,""
181074.197358,0,sched_state,running
181074.197367,5,tick,""
181074.197375,5,reduction,""
181074.197377,5,sched_state,running
181074.197476,0,tick,""
181074.197480,0,reduction,""
181074.197481,0,sched_state,running
181074.197593,0,tick,""
181074.197597,0,reduction,""
181074.197599,0,sched_state,running
181074.197709,5,tick,""
181074.197717,5,reduction,""
181074.197719,5,sched_state,running
181074.197748,0,tick,""
181074.198133,5,tick,""
181074.198142,5,reduction,""
181074.198144,5,sched_state,running
181074.198410,5,tick,""
181074.198416,5,reduction,""
181074.198417,5,sched_state,running
181074.198675,5,tick,""
181074.198680,5,reduction,""
181074.198681,5,sched_state,running
181074.198893,5,channel_blocked,361
181074.198895,0,yield,""
181074.198898,0,sched_state,running
181074.198941,5,tick,""
181074.198948,5,reduction,""
181074.198950,5,sched_state,running
181074.199022,0,tick,""
181074.199027,0,sched_state,running
181074.199143,0,tick,""
181074.199147,0,reduction,""
181074.199148,0,sched_state,running
181074.199262,0,tick,""
181074.199268,0,reduction,""
181074.199269,0,sched_state,running
181074.199355,5,tick,""
181074.199361,5,reduction,""
181074.199362,5,sched_state,running
181074.199382,0,tick,""
181074.199385,0,reduction,""
181074.199387,0,sched_state,running
181074.199499,0,tick,""
181074.199502,0,reduction,""
181074.199504,0,sched_state,running
181074.199614,0,tick,""
181074.199617,0,reduction,""
181074.199619,0,sched_state,running
181074.199636,5,tick,""
181074.199643,5,sched_state,running
181074.199728,0,tick,""
181074.199732,0,reduction,""
181074.199733,0,sched_state,running
181074.199845,0,tick,""
181074.199906,5,tick,""
181074.199913,5,reduction,""
181074.199915,5,sched_state,running
181074.200285,5,tick,""
181074.200292,5,reduction,""
181074.200294,5,sched_state,running
181074.200709,5,tick,""
181074.200717,5,reduction,""
181074.200721,5,sched_state,running
181074.200794,7,sched_state,waiting
181074.200932,7,tick,""
181074.200976,7,sched_state,waiting
181074.201001,7,tick,""
181074.201084,5,tick,""
181074.201089,5,reduction,""
181074.201091,5,sched_state,running
181074.201477,5,tick,""
181074.201483,5,reduction,""
181074.201485,5,sched_state,running
181074.201602,4,sched_state,waiting
181074.201617,4,tick,""
181074.201735,1,sched_state,waiting
181074.201741,3,sched_state,running
181074.201847,1,tick,""
181074.201868,5,tick,""
181074.201874,1,sched_state,waiting
181074.201880,1,tick,""
181074.201890,4,sched_state,waiting
181074.201895,4,tick,""
181074.201900,4,sched_state,waiting
181074.201901,6,channel_blocked,407
181074.201902,4,tick,""
181074.201906,0,yield,""
181074.201911,0,sched_state,running
181074.201932,0,tick,""
181074.201942,0,queue_length,5
181074.202129,3,tick,""
181074.202139,3,reduction,""
181074.202142,3,sched_state,running
181074.202307,3,tick,""
181074.202318,3,reduction,""
181074.202321,3,sched_state,running
181074.202466,3,tick,""
181074.202472,3,reduction,""
181074.202474,3,sched_state,running
181074.202615,3,tick,""
181074.202620,3,reduction,""
181074.202622,3,sched_state,running
181074.202761,3,tick,""
181074.202765,3,reduction,""
181074.202767,3,sched_state,running
181074.202914,3,tick,""
181074.202922,3,reduction,""
181074.202924,3,sched_state,running
181074.203063,3,tick,""
181074.203068,3,reduction,""
181074.203069,3,sched_state,running
181074.203207,3,tick,""
181074.203212,3,reduction,""
181074.203214,3,sched_state,running
181074.203350,3,tick,""
181074.203354,3,reduction,""
181074.203355,3,sched_state,running
181074.203491,3,tick,""
181074.203494,3,reduction,""
181074.203496,3,sched_state,running
181074.203562,0,sched_state,running
181074.203636,3,tick,""
181074.203640,3,reduction,""
181074.203642,3,sched_state,running
181074.203778,3,tick,""
181074.203781,3,reduction,""
181074.203783,3,sched_state,running
181074.203917,3,tick,""
181074.203920,3,reduction,""
181074.203921,3,sched_state,running
181074.204024,0,tick,""
181074.204036,0,reduction,""
181074.204041,0,sched_state,running
181074.204058,3,tick,""
181074.204611,0,tick,""
181074.204622,0,reduction,""
181074.204625,0,sched_state,running
181074.204769,7,channel_blocked,540
181074.204772,3,yield,""
181074.204775,3,sched_state,running
181074.204782,3,tick,""
181074.204788,3,queue_length,0
181074.204802,3,queue_length,0
181074.204809,3,sched_state,waiting
181074.204814,3,tick,""
181074.204840,3,sched_state,waiting
181074.204845,3,tick,""
181074.204884,0,tick,""
181074.204892,0,reduction,""
181074.204895,0,sched_state,running
181074.205146,0,tick,""
181074.205153,0,reduction,""
181074.205155,0,sched_state,running
181074.205420,0,tick,""
181074.205427,0,reduction,""
181074.205428,0,sched_state,running
181074.205678,0,tick,""
181074.205685,0,reduction,""
181074.205687,0,sched_state,running
181074.205950,0,tick,""
181074.205956,0,reduction,""
181074.205959,0,sched_state,running
181074.206219,0,tick,""
181074.206225,0,reduction,""
181074.206227,0,sched_state,running
181074.206486,0,tick,""
181074.206492,0,reduction,""
181074.206496,0,sched_state,running
181074.206753,0,tick,""
181074.206759,0,reduction,""
181074.206761,0,sched_state,running
181074.207016,0,tick,""
181074.207021,0,reduction,""
181074.207024,0,sched_state,running
181074.207267,0,tick,""
181074.207272,0,reduction,""
181074.207275,0,sched_state,running
181074.207532,0,tick,""
181074.207536,0,reduction,""
181074.207538,0,sched_state,running
181074.207790,0,tick,""
181074.208008,2,sched_state,waiting
181074.208073,2,tick,""
181074.208105,2,sched_state,waiting
181074.208126,2,tick,""
181074.208643,8,channel_blocked,621
181074.208646,0,yield,""
181074.208650,0,sched_state,running
181074.208664,0,tick,""
181074.208672,0,queue_length,4
181074.209236,6,channel_unblocked,450
181074.209243,5,yield,""
181074.209247,5,sched_state,running
181074.211018,6,sched_state,waiting
181074.211110,6,tick,""
181074.211425,5,tick,""
181074.211431,5,sched_state,running
181074.211522,0,queue_length,3
181074.211864,5,tick,""
181074.213076,1,sched_state,waiting
181074.213085,1,tick,""
181074.213121,1,sched_state,waiting
181074.213126,1,tick,""
181074.213321,0,sched_state,running
181074.214069,0,tick,""
181074.214082,0,reduction,""
181074.214084,0,sched_state,running
181074.214322,0,tick,""
181074.214330,0,reduction,""
181074.214333,0,sched_state,running
181074.214406,5,queue_length,0
181074.214752,0,tick,""
181074.214761,0,reduction,""
181074.214763,0,sched_state,running
181074.214979,0,tick,""
181074.214984,0,reduction,""
181074.214985,0,sched_state,running
181074.215014,3,sched_state,waiting
181074.215203,0,tick,""
181074.215208,0,reduction,""
181074.215209,0,sched_state,running
181074.215423,0,tick,""
181074.215428,0,reduction,""
181074.215429,0,sched_state,running
181074.215648,0,tick,""
181074.215653,0,reduction,""
181074.215655,0,sched_state,running
181074.215692,3,tick,""
181074.215702,3,sched_state,running
181074.215872,0,tick,""
181074.215877,0,reduction,""
181074.215878,0,sched_state,running
181074.216092,0,tick,""
181074.216096,0,reduction,""
181074.216097,0,sched_state,running
181074.216101,3,tick,""
181074.216144,3,reduction,""
181074.216149,3,sched_state,running
181074.216320,0,tick,""
181074.216325,0,reduction,""
181074.216327,0,sched_state,running
181074.216543,0,tick,""
181074.216546,0,reduction,""
181074.216547,0,sched_state,running
181074.216621,7,sched_state,waiting
181074.216727,3,tick,""
181074.216740,3,reduction,""
181074.216742,3,sched_state,running
181074.216764,0,tick,""
181074.216768,0,reduction,""
181074.216769,0,sched_state,running
181074.216833,5,sched_state,running
181074.216984,0,tick,""
181074.216987,0,reduction,""
181074.216988,0,sched_state,running
181074.217042,3,tick,""
181074.217050,3,reduction,""
181074.217052,3,sched_state,running
181074.217122,7,tick,""
181074.217126,7,sched_state,waiting
181074.217146,7,tick,""
181074.217182,7,sched_state,waiting
181074.217187,7,tick,""
181074.217204,0,tick,""
181074.217331,3,tick,""
181074.217340,3,reduction,""
181074.217342,3,sched_state,running
181074.217610,3,tick,""
181074.217617,3,reduction,""
181074.217619,3,sched_state,running
181074.217886,3,tick,""
181074.217895,3,reduction,""
181074.217897,3,sched_state,running
181074.218082,5,tick,""
181074.218087,5,reduction,""
181074.218089,5,sched_state,running
181074.218166,3,tick,""
181074.218173,3,reduction,""
181074.218175,3,sched_state,running
181074.218256,10,channel_blocked,796
181074.218258,0,yield,""
181074.218260,0,sched_state,running
181074.218272,0,tick,""
181074.218283,0,queue_length,2
181074.218441,3,tick,""
181074.218448,3,reduction,""
181074.218450,3,sched_state,running
181074.218714,3,tick,""
181074.218721,3,reduction,""
181074.218723,3,sched_state,running
181074.218989,3,tick,""
181074.218995,3,reduction,""
181074.218997,3,sched_state,running
181074.219012,5,tick,""
181074.219020,5,reduction,""
181074.219023,5,sched_state,running
181074.219264,3,tick,""
181074.219271,3,reduction,""
181074.219273,3,sched_state,running
181074.219478,2,sched_state,waiting
181074.219517,2,tick,""
181074.219540,3,tick,""
181074.219546,3,reduction,""
181074.219546,2,sched_state,waiting
181074.219547,3,sched_state,running
181074.219637,2,tick,""
181074.219821,3,tick,""
181074.219827,3,reduction,""
181074.219829,3,sched_state,running
181074.220011,5,tick,""
181074.220088,3,tick,""
181074.220867,9,channel_blocked,713
181074.220870,3,yield,""
181074.220874,3,sched_state,running
181074.220882,3,tick,""
181074.220890,3,queue_length,0
181074.220894,3,sched_state,waiting
181074.220899,3,tick,""
181074.220921,3,sched_state,waiting
181074.220926,3,tick,""
181074.221214,0,queue_length,1
181074.221916,13,channel_blocked,407
181074.221919,5,yield,""
181074.221922,5,sched_state,running
181074.221932,5,tick,""
181074.221940,5,queue_length,0
181074.221948,5,queue_length,0
181074.221950,5,sched_state,waiting
181074.221953,5,tick,""
181074.221967,5,sched_state,waiting
181074.221970,5,tick,""
181074.222995,0,sched_state,running
181074.223383,4,sched_state,waiting
181074.223398,4,tick,""
181074.223419,4,sched_state,waiting
181074.223423,4,tick,""
181074.223426,4,sched_state,waiting
181074.223429,4,tick,""
181074.223469,0,tick,""
181074.223481,0,reduction,""
181074.223483,0,sched_state,running
181074.223908,0,tick,""
181074.223917,0,reduction,""
181074.223919,0,sched_state,running
181074.224312,0,tick,""
181074.224321,0,reduction,""
181074.224323,0,sched_state,running
181074.224735,0,tick,""
181074.224743,0,reduction,""
181074.224744,0,sched_state,running
181074.225010,0,tick,""
181074.225015,0,reduction,""
181074.225016,0,sched_state,running
181074.225274,0,tick,""
181074.225279,0,reduction,""
181074.225280,0,sched_state,running
181074.225540,0,tick,""
181074.225544,0,reduction,""
181074.225545,0,sched_state,running
181074.225801,0,tick,""
181074.225805,0,reduction,""
181074.225807,0,sched_state,running
181074.226063,0,tick,""
181074.226067,0,reduction,""
181074.226069,0,sched_state,running
181074.226327,0,tick,""
181074.226331,0,reduction,""
181074.226332,0,sched_state,running
181074.226589,0,tick,""
181074.226593,0,reduction,""
181074.226594,0,sched_state,running
181074.226850,0,tick,""
181074.226853,0,reduction,""
181074.226855,0,sched_state,running
181074.227109,0,tick,""
181074.227112,0,reduction,""
181074.227114,0,sched_state,running
181074.227370,0,tick,""
181074.228596,7,sched_state,waiting
181074.228615,7,tick,""
181074.228647,7,sched_state,waiting
181074.228652,7,tick,""
181074.228829,12,channel_blocked,986
181074.228832,0,yield,""
181074.228836,0,sched_state,running
181074.228937,0,tick,""
181074.228949,0,queue_length,0
181074.230414,2,sched_state,waiting
181074.230425,2,tick,""
181074.231388,3,sched_state,waiting
181074.231387,0,queue_length,0
181074.231395,0,sched_state,waiting
181074.231458,0,tick,""
181074.231477,0,sched_state,waiting
181074.231692,0,tick,""
181074.231707,0,sched_state,waiting
181074.231714,0,tick,""
181074.231715,3,tick,""
181074.233581,6,sched_state,running
181074.234454,4,sched_state,waiting
181074.234635,4,tick,""
181074.234692,4,sched_state,waiting
181074.234707,4,tick,""
181074.235243,6,tick,""
181074.235260,6,reduction,""
181074.235265,6,sched_state,running
181074.235532,1,sched_state,waiting
181074.235582,1,tick,""
181074.235604,1,sched_state,waiting
181074.235614,1,tick,""
181074.235667,6,tick,""
181074.235679,6,reduction,""
181074.235681,6,sched_state,running
181074.236447,6,tick,""
181074.236461,6,reduction,""
181074.236464,6,sched_state,running
181074.236852,6,tick,""
181074.236860,6,reduction,""
181074.236862,6,sched_state,running
181074.237244,6,tick,""
181074.237253,6,reduction,""
181074.237255,6,sched_state,running
181074.237630,6,tick,""
181074.237637,6,reduction,""
181074.237639,6,sched_state,running
181074.238028,6,tick,""
181074.238034,6,reduction,""
181074.238036,6,sched_state,running
181074.238405,6,tick,""
181074.238412,6,reduction,""
181074.238414,6,sched_state,running
181074.238791,6,tick,""
181074.238798,6,reduction,""
181074.238800,6,sched_state,running
181074.239186,6,tick,""
181074.239192,6,reduction,""
181074.239194,6,sched_state,running
181074.239545,6,tick,""
181074.239551,6,reduction,""
181074.239553,6,sched_state,running
181074.239926,6,tick,""
181074.239931,6,reduction,""
181074.239933,6,sched_state,running
181074.240310,6,tick,""
181074.240315,6,reduction,""
181074.240316,6,sched_state,running
181074.240688,6,tick,""
181074.241700,2,sched_state,waiting
181074.241722,2,tick,""
181074.241757,2,sched_state,waiting
181074.241763,2,tick,""
181074.242010,0,sched_state,waiting
181074.242020,0,tick,""
181074.242448,3,sched_state,running
181074.242526,11,channel_blocked,895
181074.242529,6,yield,""
181074.242533,6,sched_state,running
181074.242551,6,tick,""
181074.242559,6,queue_length,0
181074.242571,6,queue_length,0
181074.242575,6,sched_state,waiting
181074.242584,6,tick,""
181074.242604,6,sched_state,waiting
181074.242609,6,tick,""
181074.243315,3,tick,""
181074.243353,3,reduction,""
181074.243357,3,sched_state,running
181074.243758,5,sched_state,waiting
181074.243837,5,tick,""
181074.243863,5,sched_state,waiting
181074.243875,5,tick,""
181074.243883,5,sched_state,waiting
181074.243889,5,tick,""
181074.244298,3,tick,""
181074.244310,3,reduction,""
181074.244313,3,sched_state,running
181074.244777,3,tick,""
181074.244786,3,reduction,""
181074.244788,3,sched_state,running
181074.245243,3,tick,""
181074.245251,3,reduction,""
181074.245254,3,sched_state,running
181074.245332,4,sched_state,waiting
181074.245354,4,tick,""
181074.245358,4,sched_state,waiting
181074.245366,4,tick,""
181074.245386,4,sched_state,waiting
181074.245390,4,tick,""
181074.245703,3,tick,""
181074.245710,3,reduction,""
181074.245712,3,sched_state,running
181074.246046,3,tick,""
181074.246053,3,reduction,""
181074.246055,3,sched_state,running
181074.246400,1,sched_state,waiting
181074.246410,1,tick,""
181074.246416,1,sched_state,waiting
181074.246484,1,tick,""
181074.246490,1,sched_state,waiting
181074.246493,3,tick,""
181074.246495,1,tick,""
181074.246501,3,reduction,""
181074.246503,3,sched_state,running
181074.246519,1,sched_state,waiting
181074.246524,1,tick,""
181074.246903,3,tick,""
181074.246909,3,reduction,""
181074.246911,3,sched_state,running
181074.247347,3,tick,""
181074.247354,3,reduction,""
181074.247356,3,sched_state,running
181074.247801,3,tick,""
181074.247807,3,reduction,""
181074.247809,3,sched_state,running
181074.248095,3,tick,""
181074.248101,3,reduction,""
181074.248103,3,sched_state,running
181074.248541,3,tick,""
181074.248545,3,reduction,""
181074.248547,3,sched_state,running
181074.248836,3,tick,""
181074.248841,3,reduction,""
181074.248843,3,sched_state,running
181074.249278,3,tick,""
181074.250013,7,sched_state,waiting
181074.250136,7,tick,""
181074.250140,7,sched_state,waiting
181074.250218,7,tick,""
181074.250241,7,sched_state,waiting
181074.250246,7,tick,""
181074.252988,2,sched_state,waiting
181074.252997,2,tick,""
181074.253010,6,sched_state,waiting
181074.253017,0,sched_state,waiting
181074.253019,6,tick,""
181074.253026,0,tick,""
181074.253039,2,sched_state,waiting
181074.253044,2,tick,""
181074.253046,0,sched_state,waiting
181074.253053,0,tick,""
181074.253110,6,sched_state,waiting
181074.253116,6,tick,""
181074.253122,6,sched_state,waiting
181074.253125,6,tick,""
181074.253129,6,sched_state,waiting
181074.253134,6,tick,""
181074.254015,5,sched_state,waiting
181074.254023,5,tick,""
181074.254042,5,sched_state,waiting
181074.254047,5,tick,""
181074.254049,5,sched_state,waiting
181074.254052,5,tick,""
181074.254054,5,sched_state,waiting
181074.254056,5,tick,""
181074.254057,5,sched_state,waiting
181074.254060,5,tick,""
181074.254675,13,channel_unblocked,1072
181074.254682,3,yield,""
181074.254687,3,sched_state,running
181074.255926,3,tick,""
181074.255931,3,sched_state,running
181074.256031,4,sched_state,waiting
181074.256038,4,tick,""
181074.256062,4,sched_state,waiting
181074.256067,4,tick,""
181074.256410,3,tick,""
181074.256418,3,sched_state,running
181074.256865,3,tick,""
181074.256878,3,reduction,""
181074.256881,3,sched_state,running
181074.257015,1,sched_state,waiting
181074.257024,1,tick,""
181074.257069,1,sched_state,waiting
181074.257075,1,tick,""
181074.257338,3,tick,""
181074.257343,3,reduction,""
181074.257345,3,sched_state,running
181074.257700,3,tick,""
181074.261020,7,sched_state,waiting
181074.261032,7,tick,""
181074.261036,7,sched_state,waiting
181074.261039,7,tick,""
181074.261078,7,sched_state,waiting
181074.261083,7,tick,""
181074.262313,5,channel_unblocked,407
181074.262320,3,yield,""
181074.262326,3,sched_state,running
181074.263336,3,tick,""
181074.263339,3,sched_state,running
181074.263616,3,tick,""
181074.264008,0,sched_state,waiting
181074.264020,6,sched_state,waiting
181074.264022,0,tick,""
181074.264020,2,sched_state,waiting
181074.264030,6,tick,""
181074.264033,6,sched_state,waiting
181074.264036,2,tick,""
181074.264037,6,tick,""
181074.264038,2,sched_state,waiting
181074.264041,2,tick,""
181074.264052,0,sched_state,waiting
181074.264061,0,tick,""
181074.264065,6,sched_state,waiting
181074.264065,2,sched_state,waiting
181074.264066,0,sched_state,waiting
181074.264072,2,tick,""
181074.264072,6,tick,""
181074.264074,0,tick,""
181074.264076,6,sched_state,waiting
181074.264081,6,tick,""
181074.265140,3,queue_length,0
181074.265635,3,sched_state,running
181074.265919,3,tick,""
181074.265925,3,reduction,""
181074.265926,3,sched_state,running
181074.266190,3,tick,""
181074.266194,3,reduction,""
181074.266196,3,sched_state,running
181074.266451,3,tick,""
181074.267392,5,sched_state,waiting
181074.267403,5,tick,""
181074.267409,5,sched_state,waiting
181074.267414,5,tick,""
181074.267420,5,sched_state,waiting
181074.267424,5,tick,""
181074.267426,5,sched_state,waiting
181074.267430,5,tick,""
181074.267462,5,sched_state,waiting
181074.267468,5,tick,""
181074.268009,1,sched_state,waiting
181074.268015,1,tick,""
181074.268029,1,sched_state,waiting
181074.268032,1,tick,""
181074.271312,12,channel_unblocked,361
181074.271318,3,yield,""
181074.271325,3,sched_state,running
181074.272016,7,sched_state,waiting
181074.272025,7,tick,""
181074.272055,7,sched_state,waiting
181074.272060,7,tick,""
181074.272384,3,tick,""
181074.272395,3,reduction,""
181074.272400,3,sched_state,running
181074.273067,3,tick,""
181074.273073,3,reduction,""
181074.273074,3,sched_state,running
181074.274222,3,tick,""
181074.275010,0,sched_state,waiting
181074.275023,0,tick,""
181074.275068,2,sched_state,waiting
181074.275068,6,sched_state,waiting
181074.275080,2,tick,""
181074.275080,6,tick,""
181074.275086,0,sched_state,waiting
181074.275097,0,tick,""
181074.275103,0,sched_state,waiting
181074.275111,6,sched_state,waiting
181074.275112,0,tick,""
181074.275117,0,sched_state,waiting
181074.275118,6,tick,""
181074.275125,0,tick,""
181074.275126,2,sched_state,waiting
181074.275133,2,tick,""
181074.275138,2,sched_state,waiting
181074.275141,2,tick,""
181074.275145,2,sched_state,waiting
181074.275149,2,tick,""
181074.277774,4,channel_unblocked,361
181074.277786,3,yield,""
181074.277792,3,sched_state,running
181074.278008,4,sched_state,waiting
181074.278018,4,tick,""
181074.278018,5,sched_state,waiting
181074.278026,5,tick,""
181074.278050,4,sched_state,waiting
181074.278054,4,tick,""
181074.278108,5,sched_state,waiting
181074.278115,5,tick,""
181074.279034,1,sched_state,waiting
181074.279043,1,tick,""
181074.279047,1,sched_state,waiting
181074.279050,1,tick,""
181074.279151,3,tick,""
181074.279155,3,sched_state,running
181074.279885,3,tick,""
181074.279907,3,queue_length,0
181074.279921,3,sched_state,running
181074.280650,3,tick,""
181074.280656,3,sched_state,running
181074.281018,3,tick,""
181074.281962,3,queue_length,0
181074.282583,3,sched_state,running
181074.282970,3,tick,""
181074.282977,3,reduction,""
181074.282980,3,sched_state,running
181074.283053,7,sched_state,waiting
181074.283063,7,tick,""
181074.283099,7,sched_state,waiting
181074.283105,7,tick,""
181074.283109,7,sched_state,waiting
181074.283113,7,tick,""
181074.283347,3,tick,""
181074.283353,3,reduction,""
181074.283355,3,sched_state,running
181074.283731,3,tick,""
181074.286010,0,sched_state,waiting
181074.286022,0,tick,""
181074.286040,2,sched_state,waiting
181074.286044,6,sched_state,waiting
181074.286044,0,sched_state,waiting
181074.286051,2,tick,""
181074.286053,0,tick,""
181074.286051,6,tick,""
181074.286077,2,sched_state,waiting
181074.286077,6,sched_state,waiting
181074.286084,2,tick,""
181074.286085,6,tick,""
181074.287874,11,channel_unblocked,302
181074.287889,3,yield,""
181074.287893,3,sched_state,running
181074.288748,3,tick,""
181074.288757,3,reduction,""
181074.288758,3,sched_state,running
181074.289008,4,sched_state,waiting
181074.289008,5,sched_state,waiting
181074.289015,4,tick,""
181074.289020,5,tick,""
181074.289049,5,sched_state,waiting
181074.289054,5,tick,""
181074.289083,4,sched_state,waiting
181074.289088,4,tick,""
181074.289092,4,sched_state,waiting
181074.289094,4,tick,""
181074.289963,3,tick,""
181074.289969,3,reduction,""
181074.289971,3,sched_state,running
181074.290010,1,sched_state,waiting
181074.290018,1,tick,""
181074.290038,1,sched_state,waiting
181074.290042,1,tick,""
181074.290046,1,sched_state,waiting
181074.290049,1,tick,""
181074.290052,1,sched_state,waiting
181074.290054,1,tick,""
181074.290449,3,tick,""
181074.293189,3,channel_unblocked,302
181074.293196,3,yield,""
181074.293201,3,sched_state,running
181074.294013,7,sched_state,waiting
181074.294023,7,tick,""
181074.294026,7,sched_state,waiting
181074.294030,7,tick,""
181074.294064,7,sched_state,waiting
181074.294069,7,tick,""
181074.294421,3,tick,""
181074.294425,3,sched_state,running
181074.295023,3,tick,""
181074.295030,3,sched_state,running
181074.295478,3,tick,""
181074.295490,3,sched_state,running
181074.295830,3,tick,""
181074.296315,3,queue_length,0
181074.296721,3,sched_state,running
181074.297014,2,sched_state,waiting
181074.297015,6,sched_state,waiting
181074.297023,2,tick,""
181074.297023,6,tick,""
181074.297027,2,sched_state,waiting
181074.297030,2,tick,""
181074.297034,0,sched_state,waiting
181074.297049,0,tick,""
181074.297054,0,sched_state,waiting
181074.297062,0,tick,""
181074.297088,0,sched_state,waiting
181074.297096,0,tick,""
181074.297176,2,sched_state,waiting
181074.297183,2,tick,""
181074.297188,2,sched_state,waiting
181074.297193,2,tick,""
181074.297296,3,tick,""
181074.297302,3,reduction,""
181074.297304,3,sched_state,running
181074.297946,3,tick,""
181074.297953,3,reduction,""
181074.297955,3,sched_state,running
181074.298254,3,tick,""
181074.300030,5,sched_state,waiting
181074.300042,5,tick,""
181074.300041,4,sched_state,waiting
181074.300051,4,tick,""
181074.300069,5,sched_state,waiting
181074.300071,4,sched_state,waiting
181074.300075,4,tick,""
181074.300076,5,tick,""
181074.300081,5,sched_state,waiting
181074.300092,5,tick,""
181074.301029,1,sched_state,waiting
181074.301035,1,tick,""
181074.301038,1,sched_state,waiting
181074.301041,1,tick,""
181074.301063,1,sched_state,waiting
181074.301070,1,tick,""
181074.302634,10,channel_unblocked,255
181074.302639,3,yield,""
181074.302643,3,sched_state,running
181074.303580,3,tick,""
181074.303591,3,reduction,""
181074.303593,3,sched_state,running
181074.304460,3,tick,""
181074.304466,3,reduction,""
181074.304467,3,sched_state,running
181074.304867,3,tick,""
181074.305007,7,sched_state,waiting
181074.305018,7,tick,""
181074.305046,7,sched_state,waiting
181074.305051,7,tick,""
181074.305055,7,sched_state,waiting
181074.305058,7,tick,""
181074.308173,6,sched_state,waiting
181074.308173,2,sched_state,waiting
181074.308194,2,tick,""
181074.308194,6,tick,""
181074.308209,0,sched_state,waiting
181074.308219,0,tick,""
181074.308230,6,sched_state,waiting
181074.308234,2,sched_state,waiting
181074.308235,6,tick,""
181074.308238,2,tick,""
181074.308239,6,sched_state,waiting
181074.308241,2,sched_state,waiting
181074.308242,6,tick,""
181074.308244,2,tick,""
181074.308259,0,sched_state,waiting
181074.308268,0,tick,""
181074.308565,2,channel_unblocked,255
181074.308571,3,yield,""
181074.308576,3,sched_state,running
181074.309573,3,tick,""
181074.309577,3,sched_state,running
181074.309971,3,tick,""
181074.309982,3,queue_length,0
181074.309994,3,sched_state,running
181074.310593,3,tick,""
181074.310597,3,sched_state,running
181074.310887,3,tick,""
181074.310896,3,queue_length,0
181074.311008,4,sched_state,waiting
181074.311008,5,sched_state,waiting
181074.311018,4,tick,""
181074.311019,5,tick,""
181074.311045,4,sched_state,waiting
181074.311048,4,tick,""
181074.311058,5,sched_state,waiting
181074.311065,5,tick,""
181074.311070,5,sched_state,waiting
181074.311074,5,tick,""
181074.311085,5,sched_state,waiting
181074.311090,5,tick,""
181074.311605,3,queue_length,0
181074.312010,1,sched_state,waiting
181074.312018,1,tick,""
181074.312042,1,sched_state,waiting
181074.312048,1,tick,""
181074.312092,3,sched_state,running
181074.312391,3,tick,""
181074.312397,3,reduction,""
181074.312400,3,sched_state,running
181074.312674,3,tick,""
181074.312680,3,reduction,""
181074.312683,3,sched_state,running
181074.312957,3,tick,""
181074.316009,7,sched_state,waiting
181074.316021,7,tick,""
181074.316047,7,sched_state,waiting
181074.316052,7,tick,""
181074.316806,9,channel_unblocked,221
181074.316814,3,yield,""
181074.316817,3,sched_state,running
181074.317605,3,tick,""
181074.317616,3,reduction,""
181074.317617,3,sched_state,running
181074.317985,3,tick,""
181074.317998,3,reduction,""
181074.318000,3,sched_state,running
181074.318781,3,tick,""
181074.319015,0,sched_state,waiting
181074.319015,6,sched_state,waiting
181074.319026,0,tick,""
181074.319026,6,tick,""
181074.319029,0,sched_state,waiting
181074.319030,6,sched_state,waiting
181074.319035,6,tick,""
181074.319038,0,tick,""
181074.319056,6,sched_state,waiting
181074.319061,0,sched_state,waiting
181074.319062,6,tick,""
181074.319068,0,tick,""
181074.321044,1,channel_unblocked,221
181074.321051,3,yield,""
181074.321054,3,sched_state,running
181074.321870,3,tick,""
181074.321876,3,sched_state,running
181074.322047,5,sched_state,waiting
181074.322048,4,sched_state,waiting
181074.322057,5,tick,""
181074.322058,4,tick,""
181074.322081,5,sched_state,waiting
181074.322084,4,sched_state,waiting
181074.322086,5,tick,""
181074.322088,4,tick,""
181074.322403,3,tick,""
181074.322412,3,queue_length,0
181074.322423,3,sched_state,running
181074.322962,3,tick,""
181074.322966,3,sched_state,running
181074.323015,1,sched_state,waiting
181074.323022,1,tick,""
181074.323230,3,tick,""
181074.323237,3,queue_length,0
181074.323817,3,queue_length,0
181074.324133,3,sched_state,running
181074.324325,3,tick,""
181074.324331,3,reduction,""
181074.324334,3,sched_state,running
181074.324593,3,tick,""
181074.324599,3,reduction,""
181074.324601,3,sched_state,running
181074.324836,3,tick,""
181074.327025,7,sched_state,waiting
181074.327039,7,tick,""
181074.327044,7,sched_state,waiting
181074.327049,7,tick,""
181074.327107,7,sched_state,waiting
181074.327125,7,tick,""
181074.327803,8,channel_unblocked,180
181074.327810,3,yield,""
181074.327814,3,sched_state,running
181074.328339,3,tick,""
181074.328350,3,reduction,""
181074.328352,3,sched_state,running
181074.328830,3,tick,""
181074.328834,3,reduction,""
181074.328836,3,sched_state,running
181074.329447,3,tick,""
181074.330012,2,sched_state,waiting
181074.330012,0,sched_state,waiting
181074.330021,6,sched_state,waiting
181074.330023,2,tick,""
181074.330026,0,tick,""
181074.330030,6,tick,""
181074.330033,6,sched_state,waiting
181074.330037,6,tick,""
181074.330051,2,sched_state,waiting
181074.330055,0,sched_state,waiting
181074.330057,2,tick,""
181074.330064,0,tick,""
181074.330069,0,sched_state,waiting
181074.330072,6,sched_state,waiting
181074.330076,0,tick,""
181074.330078,6,tick,""
181074.331677,0,channel_unblocked,180
181074.331682,3,yield,""
181074.331685,3,sched_state,running
181074.332491,3,tick,""
181074.332495,3,sched_state,running
181074.332949,3,tick,""
181074.332959,3,queue_length,0
181074.332970,3,sched_state,running
181074.333007,5,sched_state,waiting
181074.333018,5,tick,""
181074.333017,4,sched_state,waiting
181074.333027,4,tick,""
181074.333040,5,sched_state,waiting
181074.333045,5,tick,""
181074.333048,4,sched_state,waiting
181074.333052,4,tick,""
181074.333419,3,tick,""
181074.333424,3,sched_state,running
181074.333649,3,tick,""
181074.333656,3,queue_length,0
181074.334008,1,sched_state,waiting
181074.334017,1,tick,""
181074.334021,1,sched_state,waiting
181074.334024,1,tick,""
181074.334043,1,sched_state,waiting
181074.334049,1,tick,""
181074.334182,3,queue_length,0
181074.334578,3,sched_state,running
181074.335003,3,tick,""
181074.335011,3,reduction,""
181074.335013,3,sched_state,running
181074.335213,3,tick,""
181074.335219,3,reduction,""
181074.335221,3,sched_state,running
181074.335419,3,tick,""
181074.337780,7,channel_unblocked,87
181074.337787,3,yield,""
181074.337792,3,sched_state,running
181074.338033,7,sched_state,waiting
181074.338041,7,tick,""
181074.338085,7,sched_state,waiting
181074.338090,7,tick,""
181074.338442,3,tick,""
181074.338450,3,reduction,""
181074.338455,3,sched_state,running
181074.339006,3,tick,""
181074.339011,3,sched_state,stop
