timestamp,lpu,event,value
165460.271501,4,sched_state,startup
165460.271500,2,sched_state,startup
165460.271500,6,sched_state,startup
165460.271655,7,sched_state,startup
165460.271660,3,sched_state,startup
165460.271762,4,tick,""
165460.271769,5,sched_state,startup
165460.271769,0,sched_state,startup
165460.271831,6,tick,""
165460.271831,2,tick,""
165460.271858,3,tick,""
165460.271858,7,tick,""
165460.271938,1,sched_state,startup
165460.271939,5,tick,""
165460.271947,0,tick,""
165460.272085,1,tick,""
165460.272302,4,queue_length,0
165460.272309,4,sched_state,waiting
165460.272322,4,tick,""
165460.273505,7,queue_length,0
165460.273516,7,sched_state,waiting
165460.273517,5,queue_length,0
165460.273518,6,queue_length,0
165460.273519,2,queue_length,0
165460.273520,1,queue_length,0
165460.273525,1,sched_state,waiting
165460.273525,5,sched_state,waiting
165460.273530,2,sched_state,waiting
165460.273530,6,sched_state,waiting
165460.273530,7,tick,""
165460.273554,3,queue_length,0
165460.273556,2,tick,""
165460.273557,6,tick,""
165460.273561,1,tick,""
165460.273560,5,tick,""
165460.273564,3,sched_state,waiting
165460.273577,3,tick,""
165460.274758,4,sched_state,waiting
165460.274784,4,tick,""
165460.275030,0,sched_state,running
165460.275056,7,sched_state,waiting
165460.275065,7,tick,""
165460.275069,2,sched_state,waiting
165460.275069,1,sched_state,waiting
165460.275076,1,tick,""
165460.275078,2,tick,""
165460.275082,2,sched_state,waiting
165460.275084,3,sched_state,waiting
165460.275087,2,tick,""
165460.275090,2,sched_state,waiting
165460.275093,3,tick,""
165460.275095,2,tick,""
165460.275098,3,sched_state,waiting
165460.275102,3,tick,""
165460.275121,6,sched_state,waiting
165460.275131,6,tick,""
165460.275136,0,tick,""
165460.275144,0,reduction,""
165460.275146,0,sched_state,running
165460.275257,5,sched_state,waiting
165460.275257,0,tick,""
165460.275262,0,reduction,""
165460.275264,0,sched_state,running
165460.275265,5,tick,""
165460.275337,0,tick,""
165460.275339,0,reduction,""
165460.275341,0,sched_state,running
165460.275434,0,tick,""
165460.275437,0,reduction,""
165460.275438,0,sched_state,running
165460.275500,0,tick,""
165460.275502,0,reduction,""
165460.275503,0,sched_state,running
165460.275561,0,tick,""
165460.275564,0,reduction,""
165460.275567,0,sched_state,running
165460.275628,0,tick,""
165460.275631,0,reduction,""
165460.275632,0,sched_state,running
165460.275691,0,tick,""
165460.275694,0,reduction,""
165460.275695,0,sched_state,running
165460.275755,0,tick,""
165460.275758,0,reduction,""
165460.275759,0,sched_state,running
165460.275893,0,tick,""
165460.275906,0,reduction,""
165460.275910,0,sched_state,running
165460.276200,0,tick,""
165460.276204,0,reduction,""
165460.276205,0,sched_state,running
165460.276265,0,tick,""
165460.276268,0,reduction,""
165460.276269,0,sched_state,running
165460.276330,0,tick,""
165460.276333,0,reduction,""
165460.276334,0,sched_state,running
165460.276392,0,tick,""
165460.276396,0,reduction,""
165460.276397,0,sched_state,running
165460.276456,0,tick,""
165460.276460,0,reduction,""
165460.276461,0,sched_state,running
165460.276519,0,tick,""
165460.276648,0,reduction,""
165460.276651,0,sched_state,running
165460.276712,0,tick,""
165460.276725,0,reduction,""
165460.276727,0,sched_state,running
165460.276786,0,tick,""
165460.276789,0,reduction,""
165460.276790,0,sched_state,running
165460.276848,0,tick,""
165460.276851,0,reduction,""
165460.276852,0,sched_state,running
165460.276911,0,tick,""
165460.277674,0,reduction,""
165460.277676,0,sched_state,running
165460.277750,0,tick,""
165460.278203,0,queue_length,0
165460.278768,0,sched_state,running
165460.278969,0,tick,""
165460.278982,0,reduction,""
165460.278985,0,sched_state,running
165460.279174,0,tick,""
165460.279179,0,spawn,""
165460.279180,0,reduction,""
165460.279182,0,sched_state,running
165460.279530,0,tick,""
165460.279533,0,reduction,""
165460.279535,0,sched_state,running
165460.279647,0,tick,""
165460.279650,0,reduction,""
165460.279652,0,sched_state,running
165460.279759,0,tick,""
165460.279763,0,reduction,""
165460.279764,0,sched_state,running
165460.279872,0,tick,""
165460.279875,0,reduction,""
165460.279876,0,sched_state,running
165460.279986,0,tick,""
165460.279989,0,reduction,""
165460.279990,0,sched_state,running
165460.280096,0,tick,""
165460.280100,0,reduction,""
165460.280101,0,sched_state,running
165460.280213,0,tick,""
165460.280228,0,reduction,""
165460.280230,0,sched_state,running
165460.280340,0,tick,""
165460.280346,0,reduction,""
165460.280348,0,sched_state,running
165460.280455,0,tick,""
165460.280469,0,reduction,""
165460.280472,0,sched_state,running
165460.280580,0,tick,""
165460.280594,0,reduction,""
165460.280596,0,sched_state,running
165460.280704,0,tick,""
165460.280708,0,reduction,""
165460.280709,0,sched_state,running
165460.280817,0,tick,""
165460.280928,0,reduction,""
165460.280930,0,sched_state,running
165460.281040,0,tick,""
165460.281053,0,reduction,""
165460.281055,0,sched_state,running
165460.281164,0,tick,""
165460.281168,0,reduction,""
165460.281169,0,sched_state,running
165460.281276,0,tick,""
165460.281285,0,reduction,""
165460.281287,0,sched_state,running
165460.281394,0,tick,""
165460.281438,0,reduction,""
165460.281440,0,sched_state,running
165460.281549,0,tick,""
165460.281559,0,reduction,""
165460.281560,0,sched_state,running
165460.281669,0,tick,""
165460.281673,0,spawn,""
165460.281674,0,reduction,""
165460.281676,0,sched_state,running
165460.281784,0,tick,""
165460.281787,0,reduction,""
165460.281788,0,sched_state,running
165460.281895,0,tick,""
165460.281898,0,reduction,""
165460.281899,0,sched_state,running
165460.282005,0,tick,""
165460.282008,0,reduction,""
165460.282010,0,sched_state,running
165460.282116,0,tick,""
165460.282119,0,reduction,""
165460.282120,0,sched_state,running
165460.282228,0,tick,""
165460.282232,0,reduction,""
165460.282233,0,sched_state,running
165460.282341,0,tick,""
165460.282345,0,reduction,""
165460.282346,0,sched_state,running
165460.282456,0,tick,""
165460.282467,0,reduction,""
165460.282469,0,sched_state,running
165460.282580,0,tick,""
165460.282585,0,reduction,""
165460.282586,0,sched_state,running
165460.282696,0,tick,""
165460.282706,0,reduction,""
165460.282707,0,sched_state,running
165460.282816,0,tick,""
165460.282827,0,reduction,""
165460.282828,0,sched_state,running
165460.282939,0,tick,""
165460.282943,0,reduction,""
165460.282944,0,sched_state,running
165460.283052,0,tick,""
165460.283139,0,reduction,""
165460.283141,0,sched_state,running
165460.283253,0,tick,""
165460.283265,0,reduction,""
165460.283267,0,sched_state,running
165460.283377,0,tick,""
165460.283380,0,reduction,""
165460.283381,0,sched_state,running
165460.283488,0,tick,""
165460.283497,0,reduction,""
165460.283499,0,sched_state,running
165460.283609,0,tick,""
165460.283644,0,reduction,""
165460.283646,0,sched_state,running
165460.283758,0,tick,""
165460.283769,0,reduction,""
165460.283771,0,sched_state,running
165460.283881,0,tick,""
165460.283885,0,spawn,""
165460.283887,0,reduction,""
165460.283888,0,sched_state,running
165460.283999,0,tick,""
165460.284002,0,reduction,""
165460.284003,0,sched_state,running
165460.284117,0,tick,""
165460.284120,0,reduction,""
165460.284121,0,sched_state,running
165460.284229,0,tick,""
165460.284233,0,reduction,""
165460.284234,0,sched_state,running
165460.284343,0,tick,""
165460.284346,0,reduction,""
165460.284347,0,sched_state,running
165460.284457,0,tick,""
165460.284461,0,reduction,""
165460.284462,0,sched_state,running
165460.284572,0,tick,""
165460.284576,0,reduction,""
165460.284577,0,sched_state,running
165460.284689,0,tick,""
165460.284703,0,reduction,""
165460.284705,0,sched_state,running
165460.284818,0,tick,""
165460.284821,0,reduction,""
165460.284823,0,sched_state,running
165460.284933,0,tick,""
165460.284943,0,reduction,""
165460.284944,0,sched_state,running
165460.285055,0,tick,""
165460.285067,0,reduction,""
165460.285069,0,sched_state,running
165460.285181,0,tick,""
165460.285185,0,reduction,""
165460.285189,0,sched_state,running
165460.285299,0,tick,""
165460.285386,0,reduction,""
165460.285391,0,sched_state,running
165460.285504,0,tick,""
165460.285516,0,reduction,""
165460.285517,0,sched_state,running
165460.285630,0,tick,""
165460.285633,0,reduction,""
165460.285634,0,sched_state,running
165460.285742,0,tick,""
165460.285746,0,reduction,""
165460.285747,0,sched_state,running
165460.285853,0,tick,""
165460.285856,0,reduction,""
165460.285857,0,sched_state,running
165460.285966,0,tick,""
165460.285969,0,reduction,""
165460.285971,0,sched_state,running
165460.286011,7,sched_state,waiting
165460.286016,1,sched_state,waiting
165460.286021,7,tick,""
165460.286024,7,sched_state,waiting
165460.286025,1,tick,""
165460.286028,1,sched_state,waiting
165460.286029,7,tick,""
165460.286032,1,tick,""
165460.286055,7,sched_state,waiting
165460.286056,1,sched_state,waiting
165460.286059,7,tick,""
165460.286061,1,tick,""
165460.286078,0,tick,""
165460.286152,0,reduction,""
165460.286154,0,sched_state,running
165460.286264,0,tick,""
165460.286269,0,reduction,""
165460.286271,0,sched_state,running
165460.286381,0,tick,""
165460.286455,0,reduction,""
165460.286457,0,sched_state,running
165460.286567,0,tick,""
165460.287007,2,sched_state,waiting
165460.287012,6,sched_state,waiting
165460.287016,2,tick,""
165460.287022,6,tick,""
165460.287042,0,sched_state,running
165460.287044,2,sched_state,waiting
165460.287044,6,sched_state,waiting
165460.287049,6,tick,""
165460.287051,2,tick,""
165460.287053,6,sched_state,waiting
165460.287056,6,tick,""
165460.287176,4,sched_state,waiting
165460.287177,0,tick,""
165460.287183,4,tick,""
165460.287191,0,reduction,""
165460.287194,0,sched_state,running
165460.287205,4,sched_state,waiting
165460.287211,4,tick,""
165460.287214,4,sched_state,waiting
165460.287217,4,tick,""
165460.287473,0,tick,""
165460.287479,0,reduction,""
165460.287482,0,sched_state,running
165460.287678,0,queue_length,1
165460.287812,0,tick,""
165460.287817,0,reduction,""
165460.287819,0,sched_state,running
165460.287973,0,tick,""
165460.287979,0,reduction,""
165460.287981,0,sched_state,running
165460.288270,0,tick,""
165460.288276,0,reduction,""
165460.288277,0,sched_state,running
165460.288541,0,tick,""
165460.288599,0,reduction,""
165460.288602,0,sched_state,running
165460.288769,0,tick,""
165460.288774,0,reduction,""
165460.288776,0,sched_state,running
165460.288943,0,tick,""
165460.288947,0,spawn,""
165460.288949,0,reduction,""
165460.288951,0,sched_state,running
165460.289121,0,tick,""
165460.289124,0,reduction,""
165460.289126,0,sched_state,running
165460.289290,0,tick,""
165460.289294,0,reduction,""
165460.289295,0,sched_state,running
165460.289467,0,tick,""
165460.289472,0,reduction,""
165460.289474,0,sched_state,running
165460.289646,0,tick,""
165460.289650,0,reduction,""
165460.289652,0,sched_state,running
165460.289810,0,tick,""
165460.289816,0,reduction,""
165460.289818,0,sched_state,running
165460.289986,0,tick,""
165460.290132,0,reduction,""
165460.290135,0,sched_state,running
165460.290298,0,tick,""
165460.290303,0,reduction,""
165460.290306,0,sched_state,running
165460.290417,0,tick,""
165460.290494,0,reduction,""
165460.290500,0,sched_state,running
165460.290609,0,tick,""
165460.290613,0,reduction,""
165460.290615,0,sched_state,running
165460.290722,0,tick,""
165460.290733,0,reduction,""
165460.290735,0,sched_state,running
165460.290845,0,tick,""
165460.290861,0,reduction,""
165460.290862,0,sched_state,running
165460.290971,0,tick,""
165460.290982,0,reduction,""
165460.290984,0,sched_state,running
165460.291094,0,tick,""
165460.291312,0,reduction,""
165460.291315,0,sched_state,running
165460.291435,0,tick,""
165460.291443,0,reduction,""
165460.291444,0,sched_state,running
165460.291554,0,tick,""
165460.291561,0,reduction,""
165460.291563,0,sched_state,running
165460.291673,0,tick,""
165460.291679,0,reduction,""
165460.291680,0,sched_state,running
165460.291789,0,tick,""
165460.291795,0,reduction,""
165460.291797,0,sched_state,running
165460.291904,0,tick,""
165460.291910,0,reduction,""
165460.291912,0,sched_state,running
165460.292020,0,tick,""
165460.292027,0,reduction,""
165460.292028,0,sched_state,running
165460.292145,0,tick,""
165460.292151,0,reduction,""
165460.292153,0,sched_state,running
165460.292262,0,tick,""
165460.292635,0,sched_state,running
165460.292638,0,queue_length,2
165460.292756,0,tick,""
165460.292760,0,reduction,""
165460.292762,0,sched_state,running
165460.292874,0,tick,""
165460.292878,0,reduction,""
165460.292880,0,sched_state,running
165460.292992,0,tick,""
165460.292995,0,reduction,""
165460.292997,0,sched_state,running
165460.293108,0,tick,""
165460.293112,0,reduction,""
165460.293114,0,sched_state,running
165460.293225,0,tick,""
165460.293228,0,reduction,""
165460.293230,0,sched_state,running
165460.293345,0,tick,""
165460.293390,0,reduction,""
165460.293393,0,sched_state,running
165460.293560,0,tick,""
165460.293565,0,reduction,""
165460.293567,0,sched_state,running
165460.293734,0,tick,""
165460.293739,0,spawn,""
165460.293741,0,reduction,""
165460.293743,0,sched_state,running
165460.293909,0,tick,""
165460.293920,0,reduction,""
165460.293921,0,sched_state,running
165460.294028,0,tick,""
165460.294039,0,reduction,""
165460.294040,0,sched_state,running
165460.294152,0,tick,""
165460.294155,0,reduction,""
165460.294157,0,sched_state,running
165460.294267,0,tick,""
165460.294271,0,reduction,""
165460.294272,0,sched_state,running
165460.294383,0,tick,""
165460.294387,0,reduction,""
165460.294388,0,sched_state,running
165460.294498,0,tick,""
165460.294577,0,reduction,""
165460.294579,0,sched_state,running
165460.294692,0,tick,""
165460.294697,0,reduction,""
165460.294698,0,sched_state,running
165460.294809,0,tick,""
165460.294882,0,reduction,""
165460.294884,0,sched_state,running
165460.294998,0,tick,""
165460.295003,0,reduction,""
165460.295004,0,sched_state,running
165460.295113,0,tick,""
165460.295124,0,reduction,""
165460.295126,0,sched_state,running
165460.295235,0,tick,""
165460.295248,0,reduction,""
165460.295250,0,sched_state,running
165460.295361,0,tick,""
165460.295371,0,reduction,""
165460.295373,0,sched_state,running
165460.295492,0,tick,""
165460.295692,0,reduction,""
165460.295694,0,sched_state,running
165460.295811,0,tick,""
165460.295819,0,reduction,""
165460.295821,0,sched_state,running
165460.295933,0,tick,""
165460.295940,0,reduction,""
165460.295941,0,sched_state,running
165460.296053,0,tick,""
165460.296059,0,reduction,""
165460.296060,0,sched_state,running
165460.296182,0,tick,""
165460.296189,0,reduction,""
165460.296190,0,sched_state,running
165460.296301,0,tick,""
165460.296307,0,reduction,""
165460.296308,0,sched_state,running
165460.296419,0,tick,""
165460.296425,0,reduction,""
165460.296426,0,sched_state,running
165460.296538,0,tick,""
165460.296544,0,reduction,""
165460.296545,0,sched_state,running
165460.296655,0,tick,""
165460.297024,7,sched_state,waiting
165460.297026,5,sched_state,waiting
165460.297027,3,sched_state,waiting
165460.297032,7,tick,""
165460.297036,5,tick,""
165460.297038,3,tick,""
165460.297039,5,sched_state,waiting
165460.297044,5,tick,""
165460.297074,5,sched_state,waiting
165460.297080,5,tick,""
165460.297162,0,sched_state,running
165460.297348,1,sched_state,waiting
165460.297353,0,tick,""
165460.297356,1,tick,""
165460.297360,0,reduction,""
165460.297363,0,sched_state,running
165460.297442,1,sched_state,waiting
165460.297449,1,tick,""
165460.297651,0,tick,""
165460.297658,0,reduction,""
165460.297660,0,sched_state,running
165460.297835,0,tick,""
165460.297840,0,reduction,""
165460.297842,0,sched_state,running
165460.298012,0,tick,""
165460.298013,6,sched_state,waiting
165460.298017,0,reduction,""
165460.298018,0,sched_state,running
165460.298021,6,tick,""
165460.298023,6,sched_state,waiting
165460.298027,6,tick,""
165460.298042,4,sched_state,waiting
165460.298051,4,tick,""
165460.298054,4,sched_state,waiting
165460.298057,4,tick,""
165460.298067,6,sched_state,waiting
165460.298073,6,tick,""
165460.298077,4,sched_state,waiting
165460.298082,4,tick,""
165460.298086,4,sched_state,waiting
165460.298089,4,tick,""
165460.298189,0,tick,""
165460.298194,0,reduction,""
165460.298196,0,sched_state,running
165460.298302,2,sched_state,waiting
165460.298307,0,queue_length,3
165460.298308,2,tick,""
165460.298325,2,sched_state,waiting
165460.298329,2,tick,""
165460.298364,0,tick,""
165460.298416,0,reduction,""
165460.298419,0,sched_state,running
165460.298553,0,tick,""
165460.298558,0,reduction,""
165460.298559,0,sched_state,running
165460.298678,0,tick,""
165460.298682,0,spawn,""
165460.298684,0,reduction,""
165460.298688,0,sched_state,running
165460.298807,0,tick,""
165460.298810,0,reduction,""
165460.298811,0,sched_state,running
165460.298929,0,tick,""
165460.298933,0,reduction,""
165460.298935,0,sched_state,running
165460.299047,0,tick,""
165460.299050,0,reduction,""
165460.299051,0,sched_state,running
165460.299168,0,tick,""
165460.299172,0,reduction,""
165460.299173,0,sched_state,running
165460.299286,0,tick,""
165460.299290,0,reduction,""
165460.299291,0,sched_state,running
165460.299408,0,tick,""
165460.299499,0,reduction,""
165460.299502,0,sched_state,running
165460.299615,0,tick,""
165460.299621,0,reduction,""
165460.299622,0,sched_state,running
165460.299732,0,tick,""
165460.299814,0,reduction,""
165460.299816,0,sched_state,running
165460.299926,0,tick,""
165460.299930,0,reduction,""
165460.299931,0,sched_state,running
165460.300051,0,tick,""
165460.300063,0,reduction,""
165460.300065,0,sched_state,running
165460.300187,0,tick,""
165460.300200,0,reduction,""
165460.300201,0,sched_state,running
165460.300311,0,tick,""
165460.300321,0,reduction,""
165460.300324,0,sched_state,running
165460.300442,0,tick,""
165460.300619,0,reduction,""
165460.300621,0,sched_state,running
165460.300728,0,tick,""
165460.300736,0,reduction,""
165460.300737,0,sched_state,running
165460.300840,0,tick,""
165460.300847,0,reduction,""
165460.300848,0,sched_state,running
165460.300952,0,tick,""
165460.300958,0,reduction,""
165460.300959,0,sched_state,running
165460.301061,0,tick,""
165460.301067,0,reduction,""
165460.301068,0,sched_state,running
165460.301170,0,tick,""
165460.301176,0,reduction,""
165460.301177,0,sched_state,running
165460.301280,0,tick,""
165460.301285,0,reduction,""
165460.301286,0,sched_state,running
165460.301398,0,tick,""
165460.301404,0,reduction,""
165460.301405,0,sched_state,running
165460.301507,0,tick,""
165460.301981,0,sched_state,running
165460.302092,0,tick,""
165460.302096,0,reduction,""
165460.302097,0,sched_state,running
165460.302203,0,tick,""
165460.302209,0,reduction,""
165460.302211,0,sched_state,running
165460.302315,0,tick,""
165460.302318,0,reduction,""
165460.302319,0,sched_state,running
165460.302423,0,tick,""
165460.302426,0,reduction,""
165460.302428,0,sched_state,running
165460.302530,0,tick,""
165460.302533,0,reduction,""
165460.302535,0,sched_state,running
165460.302637,0,tick,""
165460.302640,0,reduction,""
165460.302641,0,sched_state,running
165460.302747,0,tick,""
165460.303621,0,channel_blocked,87
165460.303624,0,yield,""
165460.304963,0,queue_length,4
165460.304993,0,sched_state,running
165460.305760,0,tick,""
165460.305782,0,queue_length,3
165460.308019,5,sched_state,waiting
165460.308026,1,sched_state,waiting
165460.308029,7,sched_state,waiting
165460.308034,5,tick,""
165460.308035,1,tick,""
165460.308040,7,tick,""
165460.308077,5,sched_state,waiting
165460.308078,7,sched_state,waiting
165460.308091,5,tick,""
165460.308097,7,tick,""
165460.308787,0,sched_state,running
165460.309038,6,sched_state,waiting
165460.309054,6,tick,""
165460.309148,6,sched_state,waiting
165460.309158,6,tick,""
165460.309163,6,sched_state,waiting
165460.309166,6,tick,""
165460.309171,6,sched_state,waiting
165460.309174,6,tick,""
165460.309577,0,tick,""
165460.309583,4,sched_state,waiting
165460.309591,0,reduction,""
165460.309591,4,tick,""
165460.309593,0,sched_state,running
165460.309622,4,sched_state,waiting
165460.309626,4,tick,""
165460.310181,0,tick,""
165460.310225,0,reduction,""
165460.310228,0,sched_state,running
165460.310709,0,tick,""
165460.310714,0,reduction,""
165460.310718,0,sched_state,running
165460.310957,0,tick,""
165460.310961,0,reduction,""
165460.310962,0,sched_state,running
165460.311199,0,tick,""
165460.311203,0,reduction,""
165460.311205,0,sched_state,running
165460.311443,0,tick,""
165460.311447,0,reduction,""
165460.311448,0,sched_state,running
165460.311685,0,tick,""
165460.313184,1,channel_blocked,170
165460.313188,0,yield,""
165460.313193,0,sched_state,running
165460.314228,0,tick,""
165460.314236,0,sched_state,running
165460.315040,0,tick,""
165460.315050,0,reduction,""
165460.315052,0,sched_state,running
165460.315610,0,tick,""
165460.315623,0,reduction,""
165460.315625,0,sched_state,running
165460.316175,0,tick,""
165460.316179,0,reduction,""
165460.316181,0,sched_state,running
165460.316563,0,tick,""
165460.316567,0,reduction,""
165460.316569,0,sched_state,running
165460.317118,0,tick,""
165460.317123,0,reduction,""
165460.317124,0,sched_state,running
165460.317504,0,tick,""
165460.317516,0,reduction,""
165460.317517,0,sched_state,running
165460.317905,0,tick,""
165460.319022,1,sched_state,waiting
165460.319487,2,channel_blocked,218
165460.319491,0,yield,""
165460.319497,0,sched_state,running
165460.319769,5,sched_state,waiting
165460.319768,1,tick,""
165460.319781,5,tick,""
165460.319782,1,sched_state,waiting
165460.319782,7,sched_state,waiting
165460.319830,7,tick,""
165460.319830,5,sched_state,waiting
165460.319837,5,tick,""
165460.319856,7,sched_state,waiting
165460.319862,7,tick,""
165460.320137,1,tick,""
165460.320144,1,sched_state,running
165460.320660,4,sched_state,waiting
165460.320674,0,tick,""
165460.320686,0,queue_length,2
165460.320796,6,sched_state,waiting
165460.320807,4,tick,""
165460.320810,6,tick,""
165460.320850,6,sched_state,waiting
165460.320852,1,tick,""
165460.320859,6,tick,""
165460.320865,1,reduction,""
165460.320867,1,sched_state,running
165460.320905,2,sched_state,waiting
165460.320916,2,tick,""
165460.320936,2,sched_state,waiting
165460.320944,2,tick,""
165460.320955,2,sched_state,waiting
165460.320960,2,tick,""
165460.321161,1,tick,""
165460.321185,1,reduction,""
165460.321187,1,sched_state,running
165460.321472,1,tick,""
165460.321501,1,reduction,""
165460.321505,1,sched_state,running
165460.321774,1,tick,""
165460.321788,1,reduction,""
165460.321790,1,sched_state,running
165460.322041,1,tick,""
165460.322357,1,reduction,""
165460.322360,1,sched_state,running
165460.322614,1,tick,""
165460.322625,1,reduction,""
165460.322627,1,sched_state,running
165460.322868,1,tick,""
165460.322880,1,reduction,""
165460.322882,1,sched_state,running
165460.322907,0,sched_state,running
165460.323124,1,tick,""
165460.323134,1,reduction,""
165460.323136,1,sched_state,running
165460.323381,1,tick,""
165460.323390,1,reduction,""
165460.323392,1,sched_state,running
165460.323629,1,tick,""
165460.323639,1,reduction,""
165460.323641,1,sched_state,running
165460.323857,0,tick,""
165460.323878,1,tick,""
165460.323888,1,reduction,""
165460.323891,1,sched_state,running
165460.324145,1,tick,""
165460.324155,1,reduction,""
165460.324156,1,sched_state,running
165460.324393,1,tick,""
165460.324402,1,reduction,""
165460.324404,1,sched_state,running
165460.324640,1,tick,""
165460.324648,1,reduction,""
165460.324650,1,sched_state,running
165460.324886,1,tick,""
165460.324894,1,reduction,""
165460.324896,1,sched_state,running
165460.324949,0,channel_blocked,87
165460.324952,0,yield,""
165460.324955,0,sched_state,running
165460.325131,1,tick,""
165460.325140,1,reduction,""
165460.325143,1,sched_state,running
165460.325396,1,tick,""
165460.325403,1,reduction,""
165460.325405,1,sched_state,running
165460.325642,1,tick,""
165460.325649,1,reduction,""
165460.325651,1,sched_state,running
165460.325886,1,tick,""
165460.325893,1,reduction,""
165460.325896,1,sched_state,running
165460.325931,0,tick,""
165460.326350,1,tick,""
165460.326356,1,reduction,""
165460.326385,1,sched_state,running
165460.326627,1,tick,""
165460.326634,1,sched_state,running
165460.326871,1,tick,""
165460.326877,1,reduction,""
165460.326880,1,sched_state,running
165460.327112,1,tick,""
165460.327117,1,reduction,""
165460.327119,1,sched_state,running
165460.327371,1,tick,""
165460.327377,1,reduction,""
165460.327379,1,sched_state,running
165460.327569,1,tick,""
165460.327574,1,reduction,""
165460.327575,1,sched_state,running
165460.327821,1,tick,""
165460.327825,1,reduction,""
165460.327827,1,sched_state,running
165460.328084,1,tick,""
165460.329701,0,queue_length,2
165460.329819,2,channel_unblocked,259
165460.329827,1,yield,""
165460.329832,1,sched_state,running
165460.330009,7,sched_state,waiting
165460.330121,3,sched_state,waiting
165460.330392,3,tick,""
165460.330399,3,sched_state,running
165460.330467,1,tick,""
165460.330472,1,sched_state,running
165460.330479,1,tick,""
165460.330490,1,queue_length,0
165460.330501,7,tick,""
165460.330501,1,sched_state,waiting
165460.330507,1,tick,""
165460.330537,1,sched_state,waiting
165460.330537,7,sched_state,waiting
165460.330542,1,tick,""
165460.330560,7,tick,""
165460.330567,7,sched_state,waiting
165460.330572,7,tick,""
165460.330617,0,sched_state,running
165460.330638,3,tick,""
165460.330650,3,reduction,""
165460.330653,3,sched_state,running
165460.331162,5,sched_state,waiting
165460.331197,5,tick,""
165460.331220,5,sched_state,waiting
165460.331226,5,tick,""
165460.331227,4,sched_state,waiting
165460.331230,5,sched_state,waiting
165460.331233,5,tick,""
165460.331243,0,tick,""
165460.331246,3,tick,""
165460.331298,0,reduction,""
165460.331299,3,reduction,""
165460.331301,0,sched_state,running
165460.331303,3,sched_state,running
165460.331335,2,sched_state,waiting
165460.331353,2,tick,""
165460.331508,3,tick,""
165460.331517,6,sched_state,waiting
165460.331517,3,reduction,""
165460.331520,3,sched_state,running
165460.331527,6,tick,""
165460.331537,0,tick,""
165460.331551,6,sched_state,waiting
165460.331552,0,reduction,""
165460.331555,0,sched_state,running
165460.331557,6,tick,""
165460.331661,4,tick,""
165460.331686,4,sched_state,waiting
165460.331703,3,tick,""
165460.331712,3,reduction,""
165460.331714,3,sched_state,running
165460.331807,4,tick,""
165460.331813,4,sched_state,waiting
165460.331817,4,tick,""
165460.331932,3,tick,""
165460.331940,3,reduction,""
165460.331942,3,sched_state,running
165460.332121,0,tick,""
165460.332130,0,reduction,""
165460.332133,0,sched_state,running
165460.332191,3,tick,""
165460.332198,3,reduction,""
165460.332200,3,sched_state,running
165460.332374,0,tick,""
165460.332382,0,reduction,""
165460.332384,0,sched_state,running
165460.332417,3,tick,""
165460.332424,3,reduction,""
165460.332425,3,sched_state,running
165460.332619,0,tick,""
165460.332627,0,reduction,""
165460.332630,0,sched_state,running
165460.332649,3,tick,""
165460.332657,3,reduction,""
165460.332660,3,sched_state,running
165460.332863,0,tick,""
165460.332870,0,reduction,""
165460.332872,0,sched_state,running
165460.332873,3,tick,""
165460.332879,3,reduction,""
165460.332880,3,sched_state,running
165460.333092,3,tick,""
165460.333097,3,reduction,""
165460.333098,3,sched_state,running
165460.333101,0,tick,""
165460.333107,0,reduction,""
165460.333109,0,sched_state,running
165460.333310,3,tick,""
165460.333315,3,reduction,""
165460.333317,3,sched_state,running
165460.333343,0,tick,""
165460.333349,0,reduction,""
165460.333350,0,sched_state,running
165460.333466,3,tick,""
165460.333471,3,reduction,""
165460.333474,3,sched_state,running
165460.333668,0,tick,""
165460.333674,0,reduction,""
165460.333676,0,sched_state,running
165460.333688,3,tick,""
165460.333692,3,reduction,""
165460.333693,3,sched_state,running
165460.333902,3,tick,""
165460.333961,0,tick,""
165460.333967,0,reduction,""
165460.333969,0,sched_state,running
165460.334140,0,tick,""
165460.334143,0,reduction,""
165460.334144,0,sched_state,running
165460.334312,0,tick,""
165460.334316,0,reduction,""
165460.334317,0,sched_state,running
165460.334492,0,tick,""
165460.334496,0,reduction,""
165460.334497,0,sched_state,running
165460.334663,0,tick,""
165460.335327,3,channel_blocked,349
165460.335330,3,yield,""
165460.335333,3,sched_state,running
165460.335605,3,tick,""
165460.335616,3,queue_length,0
165460.335631,3,sched_state,running
165460.335859,3,tick,""
165460.335903,4,channel_blocked,441
165460.335906,0,yield,""
165460.335912,0,sched_state,running
165460.336185,0,tick,""
165460.336192,0,sched_state,running
165460.336625,0,tick,""
165460.336932,3,channel_blocked,349
165460.336935,3,yield,""
165460.336937,3,sched_state,running
165460.337265,3,tick,""
165460.337804,3,queue_length,0
165460.338095,4,channel_blocked,441
165460.338099,0,yield,""
165460.338105,0,sched_state,running
165460.338164,3,sched_state,running
165460.338317,3,tick,""
165460.338360,0,tick,""
165460.338969,0,queue_length,2
165460.339068,3,channel_blocked,349
165460.339071,3,yield,""
165460.339074,3,sched_state,running
165460.339251,3,tick,""
165460.339255,3,sched_state,running
165460.339398,3,tick,""
165460.340043,0,sched_state,running
165460.340167,3,channel_blocked,349
165460.340169,3,yield,""
165460.340171,3,sched_state,running
165460.340323,3,tick,""
165460.340340,0,tick,""
165460.340350,0,reduction,""
165460.340352,0,sched_state,running
165460.340626,0,tick,""
165460.340634,0,reduction,""
165460.340636,0,sched_state,running
165460.340777,3,queue_length,0
165460.340904,0,tick,""
165460.340913,0,reduction,""
165460.340916,0,sched_state,running
165460.341013,7,sched_state,waiting
165460.341023,7,tick,""
165460.341026,7,sched_state,waiting
165460.341029,7,tick,""
165460.341066,7,sched_state,waiting
165460.341070,7,tick,""
165460.341147,3,sched_state,running
165460.341188,1,sched_state,waiting
165460.341194,0,tick,""
165460.341195,1,tick,""
165460.341203,0,reduction,""
165460.341205,0,sched_state,running
165460.341221,1,sched_state,waiting
165460.341226,1,tick,""
165460.341379,3,tick,""
165460.341837,0,tick,""
165460.341849,0,reduction,""
165460.341852,0,sched_state,running
165460.342011,6,sched_state,waiting
165460.342016,5,sched_state,waiting
165460.342020,6,tick,""
165460.342022,5,tick,""
165460.342046,6,sched_state,waiting
165460.342052,6,tick,""
165460.342056,6,sched_state,waiting
165460.342060,6,tick,""
165460.342085,5,sched_state,waiting
165460.342090,5,tick,""
165460.342299,2,sched_state,waiting
165460.342304,0,tick,""
165460.342305,2,tick,""
165460.342310,2,sched_state,waiting
165460.342312,3,channel_blocked,349
165460.342314,2,tick,""
165460.342314,0,reduction,""
165460.342317,3,yield,""
165460.342318,0,sched_state,running
165460.342318,2,sched_state,waiting
165460.342321,3,sched_state,running
165460.342322,2,tick,""
165460.342324,2,sched_state,waiting
165460.342327,2,tick,""
165460.342353,2,sched_state,waiting
165460.342357,2,tick,""
165460.342558,3,tick,""
165460.342565,3,queue_length,0
165460.342575,3,sched_state,running
165460.342796,3,tick,""
165460.342843,0,tick,""
165460.342854,0,reduction,""
165460.342856,0,sched_state,running
165460.343145,0,tick,""
165460.343153,0,reduction,""
165460.343155,0,sched_state,running
165460.343621,0,tick,""
165460.343630,0,reduction,""
165460.343633,0,sched_state,running
165460.343677,3,channel_blocked,349
165460.343680,3,yield,""
165460.343683,3,sched_state,running
165460.343905,3,tick,""
165460.343908,0,tick,""
165460.343914,0,reduction,""
165460.343915,0,sched_state,running
165460.344190,0,tick,""
165460.344196,0,reduction,""
165460.344197,0,sched_state,running
165460.344257,3,queue_length,0
165460.344469,0,tick,""
165460.344474,0,reduction,""
165460.344476,0,sched_state,running
165460.344522,3,sched_state,running
165460.344743,0,tick,""
165460.344748,0,reduction,""
165460.344749,0,sched_state,running
165460.344749,3,tick,""
165460.345020,0,tick,""
165460.345559,3,channel_blocked,349
165460.345562,3,yield,""
165460.345565,3,sched_state,running
165460.345742,3,tick,""
165460.345746,3,sched_state,running
165460.345888,3,tick,""
165460.346577,5,channel_blocked,520
165460.346580,0,yield,""
165460.346583,0,sched_state,running
165460.346693,3,channel_blocked,349
165460.346696,3,yield,""
165460.346699,3,sched_state,running
165460.346872,0,tick,""
165460.346878,0,sched_state,running
165460.347037,3,tick,""
165460.347153,0,tick,""
165460.347467,3,queue_length,0
165460.347846,3,sched_state,running
165460.348075,3,tick,""
165460.348596,5,channel_blocked,520
165460.348599,0,yield,""
165460.348602,0,sched_state,running
165460.348783,3,channel_blocked,349
165460.348786,3,yield,""
165460.348788,3,sched_state,running
165460.348939,3,tick,""
165460.348943,3,sched_state,running
165460.349077,0,tick,""
165460.349084,3,tick,""
165460.349716,3,channel_blocked,349
165460.349717,3,yield,""
165460.349720,3,sched_state,running
165460.349786,0,queue_length,2
165460.349870,3,tick,""
165460.350141,3,queue_length,0
165460.350398,3,sched_state,running
165460.350547,3,tick,""
165460.351174,3,channel_blocked,349
165460.351176,3,yield,""
165460.351179,3,sched_state,running
165460.351336,3,tick,""
165460.351340,3,sched_state,running
165460.351509,3,tick,""
165460.352019,7,sched_state,waiting
165460.352029,7,tick,""
165460.352030,1,sched_state,waiting
165460.352038,1,tick,""
165460.352065,1,sched_state,waiting
165460.352069,1,tick,""
165460.352066,7,sched_state,waiting
165460.352080,7,tick,""
165460.352085,7,sched_state,waiting
165460.352090,7,tick,""
165460.352461,3,channel_blocked,349
165460.352464,3,yield,""
165460.352467,3,sched_state,running
165460.352697,3,tick,""
165460.353014,6,sched_state,waiting
165460.353022,5,sched_state,waiting
165460.353023,6,tick,""
165460.353030,5,tick,""
165460.353032,5,sched_state,waiting
165460.353036,5,tick,""
165460.353048,4,sched_state,waiting
165460.353054,6,sched_state,waiting
165460.353058,5,sched_state,waiting
165460.353058,4,tick,""
165460.353063,5,tick,""
165460.353064,6,tick,""
165460.353069,6,sched_state,waiting
165460.353074,6,tick,""
165460.353079,6,sched_state,waiting
165460.353080,4,sched_state,waiting
165460.353083,6,tick,""
165460.353085,4,tick,""
165460.353109,3,queue_length,0
165460.353493,3,sched_state,running
165460.353732,3,tick,""
165460.354148,0,sched_state,running
165460.354649,3,channel_blocked,349
165460.354654,3,yield,""
165460.354657,3,sched_state,running
165460.354888,3,tick,""
165460.354894,3,sched_state,running
165460.354933,0,tick,""
165460.355114,3,tick,""
165460.356212,3,channel_blocked,349
165460.356217,3,yield,""
165460.356220,3,sched_state,running
165460.356461,3,tick,""
165460.356664,1,channel_blocked,170
165460.356667,0,yield,""
165460.356671,0,sched_state,running
165460.356866,3,queue_length,0
165460.357262,3,sched_state,running
165460.357473,3,tick,""
165460.357884,0,tick,""
165460.357893,0,sched_state,running
165460.358404,3,channel_blocked,349
165460.358408,3,yield,""
165460.358413,3,sched_state,running
165460.358631,3,tick,""
165460.358636,3,sched_state,running
165460.358642,0,tick,""
165460.358851,3,tick,""
165460.359795,3,channel_blocked,349
165460.359799,3,yield,""
165460.359802,3,sched_state,running
165460.359937,2,channel_unblocked,218
165460.359943,0,yield,""
165460.359946,0,sched_state,running
165460.360031,3,tick,""
165460.360659,3,queue_length,0
165460.360719,0,tick,""
165460.360725,0,reduction,""
165460.360727,0,sched_state,running
165460.361042,3,sched_state,running
165460.361254,3,tick,""
165460.361453,0,tick,""
165460.361459,0,reduction,""
165460.361461,0,sched_state,running
165460.362077,3,channel_blocked,349
165460.362082,3,yield,""
165460.362085,3,sched_state,running
165460.362203,0,tick,""
165460.362306,3,tick,""
165460.362319,3,sched_state,running
165460.362544,3,tick,""
165460.363019,7,sched_state,waiting
165460.363026,7,tick,""
165460.363025,1,sched_state,waiting
165460.363032,1,tick,""
165460.363059,7,sched_state,waiting
165460.363059,1,sched_state,waiting
165460.363063,1,tick,""
165460.363064,7,tick,""
165460.363328,3,channel_blocked,349
165460.363332,3,yield,""
165460.363336,3,sched_state,running
165460.363569,3,tick,""
165460.363664,5,channel_unblocked,218
165460.363669,0,yield,""
165460.363672,0,sched_state,running
165460.363992,3,queue_length,0
165460.364025,6,sched_state,waiting
165460.364029,2,sched_state,waiting
165460.364033,6,tick,""
165460.364036,2,tick,""
165460.364036,5,sched_state,waiting
165460.364045,5,tick,""
165460.364062,2,sched_state,waiting
165460.364071,2,tick,""
165460.364071,5,sched_state,waiting
165460.364076,2,sched_state,waiting
165460.364080,2,tick,""
165460.364082,5,tick,""
165460.364083,2,sched_state,waiting
165460.364087,2,tick,""
165460.364088,5,sched_state,waiting
165460.364093,5,tick,""
165460.364408,3,sched_state,running
165460.364462,0,tick,""
165460.364474,0,reduction,""
165460.364476,0,sched_state,running
165460.364652,3,tick,""
165460.365234,0,tick,""
165460.365239,0,reduction,""
165460.365241,0,sched_state,running
165460.365475,3,channel_blocked,349
165460.365477,3,yield,""
165460.365480,3,sched_state,running
165460.365705,3,tick,""
165460.365711,3,sched_state,running
165460.365936,3,tick,""
165460.365993,0,tick,""
165460.367187,3,channel_blocked,349
165460.367192,3,yield,""
165460.367195,3,sched_state,running
165460.367402,1,channel_unblocked,218
165460.367406,0,yield,""
165460.367409,0,sched_state,running
165460.367433,3,tick,""
165460.367856,3,queue_length,0
165460.368182,0,tick,""
165460.368187,0,sched_state,running
165460.368266,3,sched_state,running
165460.368493,3,tick,""
165460.368660,0,tick,""
165460.368666,0,sched_state,running
165460.369532,3,channel_blocked,349
165460.369534,0,tick,""
165460.369537,3,yield,""
165460.369547,3,sched_state,running
165460.369784,3,tick,""
165460.369790,3,sched_state,running
165460.370010,3,tick,""
165460.370622,0,channel_blocked,87
165460.370627,0,yield,""
165460.370630,0,sched_state,running
165460.370965,3,channel_blocked,349
165460.370968,3,yield,""
165460.370972,3,sched_state,running
165460.371122,0,tick,""
165460.371128,0,sched_state,running
165460.371205,3,tick,""
165460.371596,0,tick,""
165460.371620,3,queue_length,0
165460.372012,3,sched_state,running
165460.372259,3,tick,""
165460.372768,1,channel_unblocked,170
165460.372778,0,yield,""
165460.372782,0,sched_state,running
165460.373199,3,channel_blocked,349
165460.373201,3,yield,""
165460.373205,3,sched_state,running
165460.373269,0,tick,""
165460.373275,0,reduction,""
165460.373277,0,sched_state,running
165460.373444,3,tick,""
165460.373449,3,sched_state,running
165460.373668,3,tick,""
165460.373743,0,tick,""
165460.373750,0,reduction,""
165460.373752,0,sched_state,running
165460.374039,1,sched_state,waiting
165460.374049,1,tick,""
165460.374077,1,sched_state,waiting
165460.374082,1,tick,""
165460.374237,7,sched_state,waiting
165460.374245,7,tick,""
165460.374247,7,sched_state,waiting
165460.374249,0,tick,""
165460.374251,7,tick,""
165460.374270,7,sched_state,waiting
165460.374275,7,tick,""
165460.374279,7,sched_state,waiting
165460.374283,7,tick,""
165460.374657,3,channel_blocked,349
165460.374662,3,yield,""
165460.374665,3,sched_state,running
165460.374858,3,tick,""
165460.374866,3,queue_length,0
165460.375009,2,sched_state,waiting
165460.375011,5,sched_state,waiting
165460.375019,5,tick,""
165460.375020,2,tick,""
165460.375022,5,sched_state,waiting
165460.375026,5,tick,""
165460.375034,4,sched_state,waiting
165460.375042,4,tick,""
165460.375042,2,sched_state,waiting
165460.375046,5,sched_state,waiting
165460.375051,5,tick,""
165460.375056,2,tick,""
165460.375318,6,sched_state,waiting
165460.375331,6,tick,""
165460.375349,4,channel_unblocked,170
165460.375353,6,sched_state,waiting
165460.375355,0,yield,""
165460.375358,0,sched_state,running
165460.375360,6,tick,""
165460.375365,6,sched_state,waiting
165460.375369,6,tick,""
165460.375446,3,queue_length,0
165460.375680,4,sched_state,waiting
165460.375686,4,tick,""
165460.375687,0,tick,""
165460.375697,0,reduction,""
165460.375698,4,sched_state,waiting
165460.375699,0,sched_state,running
165460.375711,4,tick,""
165460.375827,3,sched_state,running
165460.376059,3,tick,""
165460.376541,0,tick,""
165460.376548,0,reduction,""
165460.376550,0,sched_state,running
165460.376839,3,channel_blocked,349
165460.376842,3,yield,""
165460.376846,3,sched_state,running
165460.377070,3,tick,""
165460.377076,3,sched_state,running
165460.377252,0,tick,""
165460.377293,3,tick,""
165460.378046,3,channel_blocked,349
165460.378049,3,yield,""
165460.378052,3,sched_state,running
165460.378275,3,tick,""
165460.378502,0,channel_unblocked,170
165460.378507,0,yield,""
165460.378510,0,sched_state,running
165460.378616,3,queue_length,0
165460.378993,3,sched_state,running
165460.379033,0,tick,""
165460.379037,0,sched_state,running
165460.379177,3,tick,""
165460.379195,0,tick,""
165460.379704,0,queue_length,2
165460.379840,3,channel_blocked,349
165460.379843,3,yield,""
165460.379847,3,sched_state,running
165460.380023,3,tick,""
165460.380028,3,sched_state,running
165460.380176,3,tick,""
165460.380266,0,sched_state,running
165460.380631,0,tick,""
165460.380989,3,channel_blocked,349
165460.380992,3,yield,""
165460.380994,3,sched_state,running
165460.381151,3,tick,""
165460.381427,3,queue_length,0
165460.381570,4,channel_unblocked,441
165460.381574,0,yield,""
165460.381577,0,sched_state,running
165460.381693,3,sched_state,running
165460.381918,3,tick,""
165460.381996,0,tick,""
165460.382002,0,sched_state,running
165460.382011,0,tick,""
165460.382019,0,queue_length,1
165460.382520,3,channel_blocked,349
165460.382522,3,yield,""
165460.382525,3,sched_state,running
165460.382680,3,tick,""
165460.382685,3,sched_state,running
165460.382827,3,tick,""
165460.383218,0,sched_state,running
165460.383366,3,channel_blocked,349
165460.383370,3,yield,""
165460.383373,3,sched_state,running
165460.383567,0,tick,""
165460.383599,3,tick,""
165460.383937,3,queue_length,0
165460.384211,3,sched_state,running
165460.384364,3,tick,""
165460.384549,5,channel_unblocked,520
165460.384553,0,yield,""
165460.384556,0,sched_state,running
165460.384892,0,tick,""
165460.384896,0,sched_state,running
165460.384897,3,channel_blocked,349
165460.384899,3,yield,""
165460.384902,3,sched_state,running
165460.384904,0,tick,""
165460.384910,0,queue_length,0
165460.385014,7,sched_state,waiting
165460.385023,7,tick,""
165460.385044,1,sched_state,waiting
165460.385054,1,tick,""
165460.385055,7,sched_state,waiting
165460.385063,7,tick,""
165460.385071,3,tick,""
165460.385077,3,sched_state,running
165460.385093,1,sched_state,waiting
165460.385098,1,tick,""
165460.385278,3,tick,""
165460.386018,6,sched_state,waiting
165460.386019,5,sched_state,waiting
165460.386025,6,tick,""
165460.386029,5,tick,""
165460.386033,5,sched_state,waiting
165460.386037,5,tick,""
165460.386056,5,sched_state,waiting
165460.386056,2,sched_state,waiting
165460.386061,5,tick,""
165460.386064,2,tick,""
165460.386065,5,sched_state,waiting
165460.386064,0,sched_state,running
165460.386069,5,tick,""
165460.386091,2,sched_state,waiting
165460.386099,2,tick,""
165460.386177,3,channel_blocked,349
165460.386184,3,yield,""
165460.386187,3,sched_state,running
165460.386240,0,tick,""
165460.386409,3,tick,""
165460.386416,3,queue_length,0
165460.386962,3,queue_length,0
165460.387341,3,sched_state,running
165460.387569,3,tick,""
165460.387682,0,channel_unblocked,87
165460.387688,0,yield,""
165460.387692,0,sched_state,running
165460.387960,0,tick,""
165460.387965,0,reduction,""
165460.387967,0,sched_state,running
165460.388232,0,tick,""
165460.388239,0,reduction,""
165460.388241,0,sched_state,running
165460.388396,3,channel_blocked,349
165460.388399,3,yield,""
165460.388402,3,sched_state,running
165460.388629,3,tick,""
165460.388634,3,sched_state,running
165460.388738,0,tick,""
165460.388870,3,tick,""
165460.390051,3,channel_unblocked,349
165460.390051,3,channel_unblocked,87
165460.390055,3,yield,""
165460.390057,0,yield,""
165460.390057,3,sched_state,running
165460.390059,0,sched_state,running
165460.390301,3,tick,""
165460.390304,0,tick,""
165460.390306,3,sched_state,running
165460.390312,0,reduction,""
165460.390312,3,tick,""
165460.390313,0,sched_state,running
165460.390320,3,queue_length,0
165460.390325,3,sched_state,waiting
165460.390335,3,tick,""
165460.390370,3,sched_state,waiting
165460.390377,3,tick,""
165460.390532,0,tick,""
165460.390541,0,sched_state,stop
