timestamp,lpu,event,value
165466.735763,4,sched_state,startup
165466.735763,1,sched_state,startup
165466.735763,5,sched_state,startup
165466.735770,6,sched_state,startup
165466.735787,7,sched_state,startup
165466.735787,3,sched_state,startup
165466.735938,4,tick,""
165466.735941,0,sched_state,startup
165466.735946,2,sched_state,startup
165466.735992,1,tick,""
165466.735992,5,tick,""
165466.736006,6,tick,""
165466.736006,3,tick,""
165466.736009,7,tick,""
165466.736133,2,tick,""
165466.736171,0,tick,""
165466.736690,4,queue_length,0
165466.736717,4,sched_state,waiting
165466.736751,4,tick,""
165466.738005,6,queue_length,0
165466.738005,1,queue_length,0
165466.738006,7,queue_length,0
165466.738006,3,queue_length,0
165466.738008,5,queue_length,0
165466.738013,6,sched_state,waiting
165466.738015,1,sched_state,waiting
165466.738015,5,sched_state,waiting
165466.738016,7,sched_state,waiting
165466.738016,3,sched_state,waiting
165466.738039,2,queue_length,0
165466.738039,6,tick,""
165466.738046,2,sched_state,waiting
165466.738047,3,tick,""
165466.738047,7,tick,""
165466.738049,5,tick,""
165466.738051,1,tick,""
165466.738059,2,tick,""
165466.738317,4,sched_state,waiting
165466.738322,4,tick,""
165466.738613,0,sched_state,running
165466.738740,1,sched_state,waiting
165466.738768,7,sched_state,waiting
165466.738773,1,tick,""
165466.738768,3,sched_state,waiting
165466.738802,7,tick,""
165466.738802,3,tick,""
165466.738826,6,sched_state,waiting
165466.738854,6,tick,""
165466.738897,5,sched_state,waiting
165466.738906,5,tick,""
165466.738928,0,tick,""
165466.738935,0,reduction,""
165466.738938,0,sched_state,running
165466.738957,2,sched_state,waiting
165466.738965,2,tick,""
165466.738969,2,sched_state,waiting
165466.738973,2,tick,""
165466.739129,0,tick,""
165466.739150,0,reduction,""
165466.739162,0,sched_state,running
165466.739776,0,tick,""
165466.739796,0,reduction,""
165466.739805,0,sched_state,running
165466.740233,0,tick,""
165466.740249,0,reduction,""
165466.740258,0,sched_state,running
165466.740658,0,tick,""
165466.740674,0,reduction,""
165466.740682,0,sched_state,running
165466.741072,0,tick,""
165466.741088,0,reduction,""
165466.741096,0,sched_state,running
165466.741487,0,tick,""
165466.741503,0,reduction,""
165466.741510,0,sched_state,running
165466.741945,0,tick,""
165466.741962,0,reduction,""
165466.741969,0,sched_state,running
165466.742221,0,tick,""
165466.742226,0,reduction,""
165466.742227,0,sched_state,running
165466.742326,0,tick,""
165466.743070,0,reduction,""
165466.743073,0,sched_state,running
165466.743181,0,tick,""
165466.743186,0,reduction,""
165466.743188,0,sched_state,running
165466.743290,0,tick,""
165466.743297,0,reduction,""
165466.743299,0,sched_state,running
165466.743402,0,tick,""
165466.743625,0,reduction,""
165466.743627,0,sched_state,running
165466.743948,0,tick,""
165466.743970,0,reduction,""
165466.743980,0,sched_state,running
165466.744173,0,tick,""
165466.744180,0,reduction,""
165466.744182,0,sched_state,running
165466.744265,0,tick,""
165466.744270,0,reduction,""
165466.744272,0,sched_state,running
165466.744348,0,tick,""
165466.744353,0,reduction,""
165466.744355,0,sched_state,running
165466.744431,0,tick,""
165466.744436,0,reduction,""
165466.744438,0,sched_state,running
165466.744517,0,tick,""
165466.744522,0,reduction,""
165466.744524,0,sched_state,running
165466.744599,0,tick,""
165466.744609,0,reduction,""
165466.744611,0,sched_state,running
165466.744686,0,tick,""
165466.744972,0,queue_length,0
165466.745138,0,sched_state,running
165466.745226,0,tick,""
165466.745233,0,reduction,""
165466.745235,0,sched_state,running
165466.745319,0,tick,""
165466.745366,0,reduction,""
165466.745369,0,sched_state,running
165466.745432,0,tick,""
165466.745437,0,reduction,""
165466.745438,0,sched_state,running
165466.745494,0,tick,""
165466.745499,0,reduction,""
165466.745501,0,sched_state,running
165466.745557,0,tick,""
165466.745562,0,reduction,""
165466.745563,0,sched_state,running
165466.745615,0,tick,""
165466.745634,0,reduction,""
165466.745638,0,sched_state,running
165466.745726,0,tick,""
165466.745734,0,reduction,""
165466.745736,0,sched_state,running
165466.745817,0,tick,""
165466.745832,0,reduction,""
165466.745835,0,sched_state,running
165466.745914,0,tick,""
165466.745919,0,spawn,""
165466.745922,0,reduction,""
165466.745923,0,sched_state,running
165466.746265,0,tick,""
165466.746269,0,reduction,""
165466.746272,0,sched_state,running
165466.746350,0,tick,""
165466.746355,0,reduction,""
165466.746357,0,sched_state,running
165466.746435,0,tick,""
165466.746439,0,reduction,""
165466.746442,0,sched_state,running
165466.746519,0,tick,""
165466.746523,0,reduction,""
165466.746526,0,sched_state,running
165466.746599,0,tick,""
165466.746604,0,reduction,""
165466.746606,0,sched_state,running
165466.746682,0,tick,""
165466.746688,0,reduction,""
165466.746690,0,sched_state,running
165466.746765,0,tick,""
165466.748448,0,channel_blocked,169
165466.748451,0,yield,""
165466.748743,0,sched_state,running
165466.749276,0,tick,""
165466.749282,0,sched_state,running
165466.749771,0,tick,""
165466.749778,0,reduction,""
165466.749780,0,sched_state,running
165466.750050,0,tick,""
165466.750064,0,reduction,""
165466.750066,0,sched_state,running
165466.750318,0,tick,""
165466.750324,0,reduction,""
165466.750325,0,sched_state,running
165466.750597,0,tick,""
165466.750602,0,reduction,""
165466.750605,0,sched_state,running
165466.750868,0,tick,""
165466.750881,0,reduction,""
165466.750883,0,sched_state,running
165466.751135,0,tick,""
165466.751201,0,reduction,""
165466.751204,0,sched_state,running
165466.751486,0,tick,""
165466.751496,0,reduction,""
165466.751498,0,sched_state,running
165466.751759,0,tick,""
165466.751768,0,reduction,""
165466.751770,0,sched_state,running
165466.752027,0,tick,""
165466.752034,0,reduction,""
165466.752037,0,sched_state,running
165466.752313,0,tick,""
165466.752329,0,reduction,""
165466.752333,0,sched_state,running
165466.752603,0,tick,""
165466.752610,0,reduction,""
165466.752612,0,sched_state,running
165466.752858,0,tick,""
165466.752873,0,reduction,""
165466.752877,0,sched_state,running
165466.753027,5,sched_state,waiting
165466.753035,5,tick,""
165466.753051,4,sched_state,waiting
165466.753055,3,sched_state,waiting
165466.753055,7,sched_state,waiting
165466.753062,4,tick,""
165466.753067,3,tick,""
165466.753068,7,tick,""
165466.753102,4,sched_state,waiting
165466.753107,4,tick,""
165466.753163,1,sched_state,waiting
165466.753170,0,tick,""
165466.753175,1,tick,""
165466.753176,0,spawn,""
165466.753180,0,reduction,""
165466.753183,0,sched_state,running
165466.753556,0,tick,""
165466.753559,0,reduction,""
165466.753562,0,sched_state,running
165466.753914,0,tick,""
165466.753919,0,reduction,""
165466.753920,0,sched_state,running
165466.754261,0,tick,""
165466.754265,0,reduction,""
165466.754267,0,sched_state,running
165466.754465,0,tick,""
165466.754478,0,reduction,""
165466.754480,0,sched_state,running
165466.754960,0,tick,""
165466.754965,0,reduction,""
165466.754967,0,sched_state,running
165466.755443,0,tick,""
165466.755449,0,reduction,""
165466.755452,0,sched_state,running
165466.755724,0,tick,""
165466.757218,1,channel_blocked,264
165466.757221,0,yield,""
165466.757225,0,sched_state,running
165466.758035,0,tick,""
165466.758047,0,queue_length,0
165466.758060,0,sched_state,running
165466.758549,0,tick,""
165466.759910,0,channel_blocked,169
165466.759913,0,yield,""
165466.759916,0,sched_state,running
165466.760397,0,tick,""
165466.760402,0,sched_state,running
165466.761022,0,tick,""
165466.761028,0,reduction,""
165466.761030,0,sched_state,running
165466.761364,0,tick,""
165466.761369,0,reduction,""
165466.761371,0,sched_state,running
165466.761706,0,tick,""
165466.761716,0,reduction,""
165466.761718,0,sched_state,running
165466.762054,0,tick,""
165466.762058,0,reduction,""
165466.762059,0,sched_state,running
165466.762393,0,tick,""
165466.762397,0,reduction,""
165466.762398,0,sched_state,running
165466.762734,0,tick,""
165466.762737,0,reduction,""
165466.762739,0,sched_state,running
165466.763017,6,sched_state,waiting
165466.763027,6,tick,""
165466.763057,6,sched_state,waiting
165466.763062,6,tick,""
165466.763081,0,tick,""
165466.763087,0,reduction,""
165466.763088,0,sched_state,running
165466.763613,0,tick,""
165466.763625,0,reduction,""
165466.763627,0,sched_state,running
165466.764018,2,sched_state,waiting
165466.764026,2,tick,""
165466.764047,2,sched_state,waiting
165466.764052,2,tick,""
165466.764052,5,sched_state,waiting
165466.764054,3,sched_state,waiting
165466.764063,5,tick,""
165466.764064,3,tick,""
165466.764089,5,sched_state,waiting
165466.764091,3,sched_state,waiting
165466.764096,5,tick,""
165466.764099,3,tick,""
165466.764247,4,sched_state,waiting
165466.764253,4,tick,""
165466.764252,0,tick,""
165466.764258,0,reduction,""
165466.764261,0,sched_state,running
165466.764274,4,sched_state,waiting
165466.764278,4,tick,""
165466.764281,4,sched_state,waiting
165466.764284,4,tick,""
165466.764286,4,sched_state,waiting
165466.764289,4,tick,""
165466.764764,0,tick,""
165466.764776,0,reduction,""
165466.764779,0,sched_state,running
165466.765289,0,tick,""
165466.765295,0,reduction,""
165466.765297,0,sched_state,running
165466.765774,0,tick,""
165466.765780,0,reduction,""
165466.765783,0,sched_state,running
165466.766266,0,tick,""
165466.766664,0,channel_unblocked,87
165466.766669,0,yield,""
165466.766674,0,sched_state,running
165466.767221,0,tick,""
165466.767225,0,reduction,""
165466.767227,0,sched_state,running
165466.767740,0,tick,""
165466.767745,0,reduction,""
165466.767747,0,sched_state,running
165466.768094,0,tick,""
165466.768099,0,reduction,""
165466.768102,0,sched_state,running
165466.768626,0,tick,""
165466.768639,0,reduction,""
165466.768641,0,sched_state,running
165466.768984,0,tick,""
165466.768988,0,reduction,""
165466.768990,0,sched_state,running
165466.769334,0,tick,""
165466.769349,0,reduction,""
165466.769351,0,sched_state,running
165466.769862,0,tick,""
165466.769868,0,reduction,""
165466.769869,0,sched_state,running
165466.770214,0,tick,""
165466.770223,0,queue_length,0
165466.771997,0,queue_length,1
165466.772003,0,queue_length,1
165466.772254,0,sched_state,running
165466.772467,0,tick,""
165466.772473,0,reduction,""
165466.772475,0,sched_state,running
165466.772611,0,tick,""
165466.772623,0,reduction,""
165466.772625,0,sched_state,running
165466.772703,0,tick,""
165466.772706,0,reduction,""
165466.772708,0,sched_state,running
165466.772785,0,tick,""
165466.772788,0,reduction,""
165466.772790,0,sched_state,running
165466.772866,0,tick,""
165466.772870,0,reduction,""
165466.772871,0,sched_state,running
165466.772946,0,tick,""
165466.773861,2,channel_blocked,87
165466.773865,0,yield,""
165466.773867,0,sched_state,running
165466.774018,6,sched_state,waiting
165466.774026,6,tick,""
165466.774055,6,sched_state,waiting
165466.774060,6,tick,""
165466.774108,0,tick,""
165466.774116,0,queue_length,0
165466.775023,5,sched_state,waiting
165466.775029,1,sched_state,waiting
165466.775032,5,tick,""
165466.775045,1,tick,""
165466.775049,3,sched_state,waiting
165466.775060,3,tick,""
165466.775064,7,sched_state,waiting
165466.775075,7,tick,""
165466.775077,5,sched_state,waiting
165466.775083,5,tick,""
165466.775097,3,sched_state,waiting
165466.775105,3,tick,""
165466.775126,2,sched_state,waiting
165466.775134,2,tick,""
165466.775137,2,sched_state,waiting
165466.775140,2,tick,""
165466.775167,2,sched_state,waiting
165466.775171,2,tick,""
165466.777237,0,sched_state,running
165466.777563,0,tick,""
165466.779039,2,channel_blocked,87
165466.779044,0,yield,""
165466.779049,0,sched_state,running
165466.779490,0,tick,""
165466.779500,0,queue_length,0
165466.780132,0,queue_length,0
165466.780582,0,sched_state,running
165466.780954,0,tick,""
165466.781985,2,channel_blocked,87
165466.781990,0,yield,""
165466.781993,0,sched_state,running
165466.782189,0,tick,""
165466.782195,0,sched_state,running
165466.782380,0,tick,""
165466.784427,2,channel_blocked,87
165466.784431,0,yield,""
165466.784435,0,sched_state,running
165466.784947,0,tick,""
165466.785017,6,sched_state,waiting
165466.785678,6,tick,""
165466.785712,6,sched_state,waiting
165466.785721,6,tick,""
165466.785727,6,sched_state,waiting
165466.785732,6,tick,""
165466.786012,4,sched_state,waiting
165466.786015,7,sched_state,waiting
165466.786016,5,sched_state,waiting
165466.787026,0,queue_length,0
165466.787325,4,tick,""
165466.787376,4,sched_state,waiting
165466.787393,4,tick,""
165466.787488,7,tick,""
165466.787492,3,sched_state,waiting
165466.787495,7,sched_state,running
165466.787500,5,tick,""
165466.787503,3,tick,""
165466.787497,1,sched_state,waiting
165466.787505,5,sched_state,waiting
165466.787516,1,tick,""
165466.787528,3,sched_state,waiting
165466.787532,3,tick,""
165466.787538,3,sched_state,waiting
165466.787541,3,tick,""
165466.787568,5,tick,""
165466.787572,1,sched_state,waiting
165466.787583,1,tick,""
165466.787592,5,sched_state,waiting
165466.787600,5,tick,""
165466.787605,5,sched_state,waiting
165466.787611,5,tick,""
165466.787616,5,sched_state,waiting
165466.787620,5,tick,""
165466.788267,7,tick,""
165466.788313,0,sched_state,running
165466.788541,0,tick,""
165466.789478,1,channel_blocked,264
165466.789481,7,yield,""
165466.789485,7,sched_state,running
165466.789890,2,channel_blocked,87
165466.789893,0,yield,""
165466.789896,0,sched_state,running
165466.790127,7,tick,""
165466.790137,7,queue_length,0
165466.790153,0,tick,""
165466.790152,7,sched_state,running
165466.790160,0,sched_state,running
165466.790507,0,tick,""
165466.790662,7,tick,""
165466.791616,0,channel_unblocked,169
165466.791630,7,yield,""
165466.791634,7,sched_state,running
165466.791918,7,tick,""
165466.791923,7,reduction,""
165466.791926,7,sched_state,running
165466.792134,2,channel_blocked,87
165466.792137,0,yield,""
165466.792141,0,sched_state,running
165466.792478,7,tick,""
165466.792485,7,reduction,""
165466.792488,7,sched_state,running
165466.792543,0,tick,""
165466.792793,7,tick,""
165466.792932,7,reduction,""
165466.792934,7,sched_state,running
165466.793201,7,tick,""
165466.793204,7,reduction,""
165466.793206,7,sched_state,running
165466.793352,0,queue_length,0
165466.793469,7,tick,""
165466.793472,7,reduction,""
165466.793473,7,sched_state,running
165466.793736,7,tick,""
165466.793738,7,reduction,""
165466.793740,7,sched_state,running
165466.793901,0,sched_state,running
165466.794082,7,tick,""
165466.794088,7,reduction,""
165466.794091,7,sched_state,running
165466.794452,7,tick,""
165466.794483,0,tick,""
165466.794549,7,reduction,""
165466.794551,7,sched_state,running
165466.794815,7,tick,""
165466.794819,7,reduction,""
165466.794820,7,sched_state,running
165466.795085,7,tick,""
165466.795098,7,reduction,""
165466.795100,7,sched_state,running
165466.795358,7,tick,""
165466.795363,7,reduction,""
165466.795366,7,sched_state,running
165466.795766,7,tick,""
165466.795770,7,reduction,""
165466.795773,7,sched_state,running
165466.795998,2,channel_blocked,87
165466.796000,0,yield,""
165466.796004,0,sched_state,running
165466.796025,6,sched_state,waiting
165466.796034,6,tick,""
165466.796037,6,sched_state,waiting
165466.796040,6,tick,""
165466.796040,7,tick,""
165466.796045,7,reduction,""
165466.796046,7,sched_state,running
165466.796079,6,sched_state,waiting
165466.796083,6,tick,""
165466.796443,7,tick,""
165466.796654,0,tick,""
165466.796661,0,queue_length,0
165466.796672,0,sched_state,running
165466.797084,1,channel_unblocked,169
165466.797089,7,yield,""
165466.797090,0,tick,""
165466.797094,7,sched_state,running
165466.797376,7,tick,""
165466.797380,7,reduction,""
165466.797381,7,sched_state,running
165466.797634,7,tick,""
165466.797637,7,reduction,""
165466.797639,7,sched_state,running
165466.797888,7,tick,""
165466.797890,7,reduction,""
165466.797891,7,sched_state,running
165466.798012,5,sched_state,waiting
165466.798017,1,sched_state,waiting
165466.798020,5,tick,""
165466.798019,4,sched_state,waiting
165466.798022,3,sched_state,waiting
165466.798024,1,tick,""
165466.798030,4,tick,""
165466.798031,3,tick,""
165466.798051,2,sched_state,waiting
165466.798051,1,sched_state,waiting
165466.798057,1,tick,""
165466.798066,5,sched_state,waiting
165466.798071,4,sched_state,waiting
165466.798071,5,tick,""
165466.798079,4,tick,""
165466.798087,5,sched_state,waiting
165466.798092,5,tick,""
165466.798102,3,sched_state,waiting
165466.798114,3,tick,""
165466.798119,3,sched_state,waiting
165466.798123,3,tick,""
165466.798208,2,tick,""
165466.798220,7,tick,""
165466.798225,7,reduction,""
165466.798227,7,sched_state,running
165466.798235,2,sched_state,waiting
165466.798317,2,tick,""
165466.798630,7,tick,""
165466.798634,7,reduction,""
165466.798636,7,sched_state,running
165466.798876,2,channel_blocked,87
165466.798879,0,yield,""
165466.798882,0,sched_state,running
165466.799047,7,tick,""
165466.799055,7,sched_state,running
165466.799457,7,tick,""
165466.799478,0,tick,""
165466.799489,0,queue_length,0
165466.800727,0,queue_length,0
165466.800741,1,channel_unblocked,264
165466.800749,7,yield,""
165466.800753,7,sched_state,running
165466.801097,7,tick,""
165466.801102,7,reduction,""
165466.801105,7,sched_state,running
165466.801359,7,tick,""
165466.801366,7,reduction,""
165466.801368,7,sched_state,running
165466.801689,7,tick,""
165466.801881,7,reduction,""
165466.801884,7,sched_state,running
165466.802201,7,tick,""
165466.802207,7,reduction,""
165466.802209,7,sched_state,running
165466.802522,7,tick,""
165466.802527,7,reduction,""
165466.802529,7,sched_state,running
165466.802845,7,tick,""
165466.802849,7,reduction,""
165466.802851,7,sched_state,running
165466.802903,0,sched_state,running
165466.803180,7,tick,""
165466.803187,7,reduction,""
165466.803190,7,sched_state,running
165466.803510,7,tick,""
165466.803654,7,reduction,""
165466.803657,7,sched_state,running
165466.803703,0,tick,""
165466.803986,7,tick,""
165466.803999,7,reduction,""
165466.804002,7,sched_state,running
165466.804331,7,tick,""
165466.804349,7,reduction,""
165466.804351,7,sched_state,running
165466.804639,7,tick,""
165466.804643,7,reduction,""
165466.804646,7,sched_state,running
165466.804926,7,tick,""
165466.804931,7,reduction,""
165466.804933,7,sched_state,running
165466.805229,7,tick,""
165466.805235,7,reduction,""
165466.805238,7,sched_state,running
165466.805531,7,tick,""
165466.807027,6,sched_state,waiting
165466.807036,6,tick,""
165466.807054,2,channel_blocked,87
165466.807057,0,yield,""
165466.807060,0,sched_state,running
165466.807104,2,channel_unblocked,264
165466.807112,7,yield,""
165466.807115,7,sched_state,running
165466.807422,7,tick,""
165466.807427,7,reduction,""
165466.807428,7,sched_state,running
165466.807636,6,sched_state,waiting
165466.807642,6,tick,""
165466.807646,0,tick,""
165466.807650,0,sched_state,running
165466.807692,7,tick,""
165466.807698,7,reduction,""
165466.807700,7,sched_state,running
165466.807996,7,tick,""
165466.808000,7,reduction,""
165466.808002,7,sched_state,running
165466.808241,0,tick,""
165466.808301,7,tick,""
165466.808305,7,reduction,""
165466.808307,7,sched_state,running
165466.808599,7,tick,""
165466.808604,7,reduction,""
165466.808606,7,sched_state,running
165466.808899,7,tick,""
165466.809015,3,sched_state,waiting
165466.809019,1,sched_state,waiting
165466.809018,5,sched_state,waiting
165466.809022,3,tick,""
165466.809026,5,tick,""
165466.809026,1,tick,""
165466.809045,4,sched_state,waiting
165466.809055,4,tick,""
165466.809056,5,sched_state,waiting
165466.809062,5,tick,""
165466.809085,4,sched_state,waiting
165466.809090,4,tick,""
165466.809093,4,sched_state,waiting
165466.809097,4,tick,""
165466.809111,1,sched_state,waiting
165466.809117,1,tick,""
165466.809122,1,sched_state,waiting
165466.809126,1,tick,""
165466.810348,7,queue_length,0
165466.810682,2,channel_unblocked,87
165466.810691,0,yield,""
165466.810696,0,sched_state,running
165466.810922,0,tick,""
165466.810927,0,reduction,""
165466.810930,0,sched_state,running
165466.811171,7,sched_state,running
165466.811343,0,tick,""
165466.811352,0,reduction,""
165466.811355,0,sched_state,running
165466.811560,0,tick,""
165466.811638,7,tick,""
165466.811652,7,reduction,""
165466.811655,7,sched_state,running
165466.811737,0,reduction,""
165466.811740,0,sched_state,running
165466.811932,0,tick,""
165466.811937,0,reduction,""
165466.811939,0,sched_state,running
165466.812092,7,tick,""
165466.812105,7,reduction,""
165466.812113,7,sched_state,running
165466.812290,0,tick,""
165466.812311,0,reduction,""
165466.812314,0,sched_state,running
165466.812480,0,tick,""
165466.812485,0,reduction,""
165466.812486,0,sched_state,running
165466.812504,7,tick,""
165466.812641,0,tick,""
165466.812646,0,reduction,""
165466.812648,0,sched_state,running
165466.812804,0,tick,""
165466.812811,0,reduction,""
165466.812814,0,sched_state,running
165466.812969,0,tick,""
165466.812974,0,reduction,""
165466.812975,0,sched_state,running
165466.813132,0,tick,""
165466.813137,0,reduction,""
165466.813138,0,sched_state,running
165466.813292,0,tick,""
165466.813447,0,channel_blocked,169
165466.813450,7,yield,""
165466.813454,7,sched_state,running
165466.813928,7,tick,""
165466.813936,7,queue_length,0
165466.813949,7,sched_state,running
165466.814422,7,tick,""
165466.814433,7,reduction,""
165466.814436,7,sched_state,running
165466.814513,0,channel_unblocked,87
165466.814521,0,yield,""
165466.814525,0,sched_state,running
165466.814716,0,tick,""
165466.814719,0,reduction,""
165466.814722,0,sched_state,running
165466.814901,7,tick,""
165466.814907,7,reduction,""
165466.814910,7,sched_state,running
165466.815010,0,tick,""
165466.815014,0,reduction,""
165466.815016,0,sched_state,running
165466.815196,0,tick,""
165466.815200,0,reduction,""
165466.815201,0,sched_state,running
165466.815380,0,tick,""
165466.815385,0,reduction,""
165466.815385,7,tick,""
165466.815387,0,sched_state,running
165466.815571,0,tick,""
165466.815575,0,reduction,""
165466.815578,0,sched_state,running
165466.815759,0,tick,""
165466.815773,0,reduction,""
165466.815776,0,sched_state,running
165466.815957,0,tick,""
165466.815963,0,reduction,""
165466.815965,0,sched_state,running
165466.816151,0,tick,""
165466.816173,0,reduction,""
165466.816176,0,sched_state,running
165466.816331,0,tick,""
165466.816338,0,queue_length,0
165466.816872,1,channel_blocked,264
165466.816875,7,yield,""
165466.816880,7,sched_state,running
165466.816913,0,queue_length,0
165466.817414,7,tick,""
165466.817421,7,sched_state,running
165466.817526,0,sched_state,running
165466.817768,0,tick,""
165466.817783,0,reduction,""
165466.817785,0,sched_state,running
165466.817916,7,tick,""
165466.818011,6,sched_state,waiting
165466.818016,6,tick,""
165466.818017,0,tick,""
165466.818022,0,reduction,""
165466.818025,0,sched_state,running
165466.818054,6,sched_state,waiting
165466.818059,6,tick,""
165466.818262,0,tick,""
165466.819225,0,channel_unblocked,169
165466.819231,7,yield,""
165466.819235,7,sched_state,running
165466.819346,2,channel_blocked,87
165466.819350,0,yield,""
165466.819356,0,sched_state,running
165466.819638,0,tick,""
165466.819644,0,sched_state,running
165466.819730,7,tick,""
165466.819743,7,reduction,""
165466.819744,7,sched_state,running
165466.819918,0,tick,""
165466.820015,4,sched_state,waiting
165466.820015,1,sched_state,waiting
165466.820023,1,tick,""
165466.820023,4,tick,""
165466.820043,2,sched_state,waiting
165466.820045,4,sched_state,waiting
165466.820050,4,tick,""
165466.820056,2,tick,""
165466.820066,5,sched_state,waiting
165466.820073,5,tick,""
165466.820091,2,sched_state,waiting
165466.820092,5,sched_state,waiting
165466.820097,5,tick,""
165466.820102,2,tick,""
165466.820237,7,tick,""
165466.820243,7,reduction,""
165466.820245,7,sched_state,running
165466.820691,3,sched_state,waiting
165466.820704,3,tick,""
165466.820724,7,tick,""
165466.820911,7,reduction,""
165466.820914,7,sched_state,running
165466.821327,3,sched_state,waiting
165466.821334,3,tick,""
165466.821339,3,sched_state,waiting
165466.821343,3,tick,""
165466.821350,2,channel_blocked,87
165466.821354,0,yield,""
165466.821358,0,sched_state,running
165466.821385,7,tick,""
165466.821390,7,reduction,""
165466.821393,7,sched_state,running
165466.821654,0,tick,""
165466.821663,0,queue_length,0
165466.821851,7,tick,""
165466.821856,7,reduction,""
165466.821858,7,sched_state,running
165466.822247,7,tick,""
165466.822250,7,reduction,""
165466.822252,7,sched_state,running
165466.822665,0,queue_length,0
165466.822699,7,tick,""
165466.822706,7,reduction,""
165466.822708,7,sched_state,running
165466.823158,7,tick,""
165466.823299,7,reduction,""
165466.823302,7,sched_state,running
165466.823740,7,tick,""
165466.823746,7,reduction,""
165466.823749,7,sched_state,running
165466.823846,0,sched_state,running
165466.824101,0,tick,""
165466.824169,7,tick,""
165466.824187,7,reduction,""
165466.824190,7,sched_state,running
165466.824593,7,tick,""
165466.824605,7,reduction,""
165466.824607,7,sched_state,running
165466.825029,7,tick,""
165466.825035,7,reduction,""
165466.825037,7,sched_state,running
165466.825499,7,tick,""
165466.825504,7,reduction,""
165466.825506,7,sched_state,running
165466.825542,2,channel_blocked,87
165466.825545,0,yield,""
165466.825548,0,sched_state,running
165466.825769,0,tick,""
165466.825775,0,sched_state,running
165466.825896,7,tick,""
165466.826145,0,tick,""
165466.826713,1,channel_unblocked,169
165466.826718,7,yield,""
165466.826722,7,sched_state,running
165466.827131,7,tick,""
165466.827136,7,reduction,""
165466.827139,7,sched_state,running
165466.827496,2,channel_blocked,87
165466.827498,0,yield,""
165466.827501,0,sched_state,running
165466.827550,7,tick,""
165466.827555,7,reduction,""
165466.827557,7,sched_state,running
165466.827843,0,tick,""
165466.827922,7,tick,""
165466.827925,7,reduction,""
165466.827927,7,sched_state,running
165466.828321,7,tick,""
165466.828326,7,reduction,""
165466.828329,7,sched_state,running
165466.828521,0,queue_length,0
165466.828734,7,tick,""
165466.828740,7,reduction,""
165466.828742,7,sched_state,running
165466.829013,6,sched_state,waiting
165466.829024,6,tick,""
165466.829062,6,sched_state,waiting
165466.829071,6,tick,""
165466.829076,6,sched_state,waiting
165466.829080,6,tick,""
165466.829084,0,sched_state,running
165466.829141,7,tick,""
165466.829156,7,queue_length,0
165466.829332,0,tick,""
165466.831017,5,sched_state,waiting
165466.831020,1,sched_state,waiting
165466.831025,5,tick,""
165466.831028,1,tick,""
165466.831031,1,sched_state,waiting
165466.831034,1,tick,""
165466.831037,2,sched_state,waiting
165466.831045,2,tick,""
165466.831070,2,sched_state,waiting
165466.831073,1,sched_state,waiting
165466.831076,2,tick,""
165466.831078,1,tick,""
165466.831412,7,queue_length,0
165466.831507,4,sched_state,waiting
165466.831512,2,channel_blocked,87
165466.831514,4,tick,""
165466.831518,4,sched_state,waiting
165466.831520,0,yield,""
165466.831521,4,tick,""
165466.831525,0,sched_state,running
165466.831541,4,sched_state,waiting
165466.831544,4,tick,""
165466.832011,3,sched_state,waiting
165466.832020,3,tick,""
165466.832050,3,sched_state,waiting
165466.832062,3,tick,""
165466.832212,0,tick,""
165466.832220,0,sched_state,running
165466.832219,5,sched_state,waiting
165466.832230,5,tick,""
165466.832235,5,sched_state,waiting
165466.832239,5,tick,""
165466.832622,0,tick,""
165466.833153,7,sched_state,running
165466.833913,7,tick,""
165466.834331,2,channel_blocked,87
165466.834336,0,yield,""
165466.834340,0,sched_state,running
165466.834626,0,tick,""
165466.834994,1,channel_unblocked,264
165466.835000,7,yield,""
165466.835004,7,sched_state,running
165466.835315,7,tick,""
165466.835327,7,reduction,""
165466.835330,7,sched_state,running
165466.835789,0,queue_length,0
165466.836067,7,tick,""
165466.836073,7,reduction,""
165466.836075,7,sched_state,running
165466.836375,7,tick,""
165466.836516,7,reduction,""
165466.836518,7,sched_state,running
165466.836586,0,sched_state,running
165466.836809,7,tick,""
165466.836815,7,reduction,""
165466.836818,7,sched_state,running
165466.836867,0,tick,""
165466.837103,7,tick,""
165466.837107,7,reduction,""
165466.837109,7,sched_state,running
165466.837390,7,tick,""
165466.837393,7,reduction,""
165466.837394,7,sched_state,running
165466.837679,7,tick,""
165466.837683,7,reduction,""
165466.837684,7,sched_state,running
165466.837965,7,tick,""
165466.838069,7,reduction,""
165466.838072,7,sched_state,running
165466.838356,7,tick,""
165466.838360,7,reduction,""
165466.838361,7,sched_state,running
165466.838372,2,channel_blocked,87
165466.838375,0,yield,""
165466.838381,0,sched_state,running
165466.838647,7,tick,""
165466.838665,7,reduction,""
165466.838667,7,sched_state,running
165466.838677,0,tick,""
165466.838682,0,sched_state,running
165466.838939,7,tick,""
165466.838947,7,reduction,""
165466.838949,7,sched_state,running
165466.838961,0,tick,""
165466.839218,7,tick,""
165466.839222,7,reduction,""
165466.839224,7,sched_state,running
165466.839489,7,tick,""
165466.839493,7,reduction,""
165466.839494,7,sched_state,running
165466.839798,7,tick,""
165466.840020,6,sched_state,waiting
165466.840030,6,tick,""
165466.840073,6,sched_state,waiting
165466.840083,6,tick,""
165466.840088,6,sched_state,waiting
165466.840092,6,tick,""
165466.840095,6,sched_state,waiting
165466.840099,6,tick,""
165466.841962,2,channel_unblocked,264
165466.841971,7,yield,""
165466.841974,7,sched_state,running
165466.842013,4,sched_state,waiting
165466.842015,2,sched_state,waiting
165466.842020,4,tick,""
165466.842024,2,tick,""
165466.842027,2,sched_state,waiting
165466.842031,2,tick,""
165466.842051,4,sched_state,waiting
165466.842055,4,tick,""
165466.842056,2,sched_state,waiting
165466.842061,2,tick,""
165466.842066,2,sched_state,waiting
165466.842070,2,tick,""
165466.842388,2,channel_blocked,87
165466.842391,1,sched_state,waiting
165466.842392,0,yield,""
165466.842397,0,sched_state,running
165466.842398,1,tick,""
165466.842402,7,tick,""
165466.842407,7,reduction,""
165466.842409,7,sched_state,running
165466.842418,1,sched_state,waiting
165466.842422,1,tick,""
165466.842869,7,tick,""
165466.842875,7,reduction,""
165466.842876,7,sched_state,running
165466.842973,0,tick,""
165466.843011,5,sched_state,waiting
165466.843019,5,tick,""
165466.843037,5,sched_state,waiting
165466.843041,5,tick,""
165466.843333,7,tick,""
165466.843337,7,reduction,""
165466.843339,7,sched_state,running
165466.843796,7,tick,""
165466.843800,7,reduction,""
165466.843802,7,sched_state,running
165466.843964,3,sched_state,waiting
165466.843965,0,queue_length,0
165466.843972,3,tick,""
165466.843975,3,sched_state,waiting
165466.843979,3,tick,""
165466.843999,3,sched_state,waiting
165466.844004,3,tick,""
165466.844251,7,tick,""
165466.844257,7,reduction,""
165466.844259,7,sched_state,running
165466.844590,0,sched_state,running
165466.844627,7,tick,""
165466.844634,7,queue_length,0
165466.844645,7,sched_state,running
165466.844911,0,tick,""
165466.845078,7,tick,""
165466.845094,7,reduction,""
165466.845097,7,sched_state,running
165466.845474,7,tick,""
165466.845480,7,reduction,""
165466.845481,7,sched_state,running
165466.845752,7,tick,""
165466.846517,2,channel_unblocked,87
165466.846523,0,yield,""
165466.846527,0,sched_state,running
165466.846829,0,tick,""
165466.846841,0,reduction,""
165466.846844,0,sched_state,running
165466.846994,0,channel_blocked,169
165466.846997,7,yield,""
165466.847000,7,sched_state,running
165466.847179,0,tick,""
165466.847187,0,reduction,""
165466.847189,0,sched_state,running
165466.847319,7,tick,""
165466.847327,7,queue_length,0
165466.847339,7,sched_state,running
165466.847355,0,tick,""
165466.847489,0,reduction,""
165466.847491,0,sched_state,running
165466.847773,0,tick,""
165466.847779,0,reduction,""
165466.847782,0,sched_state,running
165466.847814,7,tick,""
165466.847826,7,reduction,""
165466.847828,7,sched_state,running
165466.847940,0,tick,""
165466.847954,0,reduction,""
165466.847956,0,sched_state,running
165466.848090,0,tick,""
165466.848098,0,reduction,""
165466.848099,0,sched_state,running
165466.848134,7,tick,""
165466.848140,7,reduction,""
165466.848142,7,sched_state,running
165466.848243,0,tick,""
165466.848248,0,reduction,""
165466.848250,0,sched_state,running
165466.848383,0,tick,""
165466.848388,0,reduction,""
165466.848389,0,sched_state,running
165466.848521,0,tick,""
165466.848525,0,reduction,""
165466.848526,0,sched_state,running
165466.848614,7,tick,""
165466.848656,0,tick,""
165466.848660,0,reduction,""
165466.848662,0,sched_state,running
165466.848794,0,tick,""
165466.849420,0,channel_unblocked,87
165466.849424,0,yield,""
165466.849427,0,sched_state,running
165466.849576,0,tick,""
165466.849580,0,reduction,""
165466.849581,0,sched_state,running
165466.849715,1,channel_blocked,264
165466.849718,7,yield,""
165466.849718,0,tick,""
165466.849722,7,sched_state,running
165466.849723,0,reduction,""
165466.849725,0,sched_state,running
165466.849859,0,tick,""
165466.849861,0,reduction,""
165466.849862,0,sched_state,running
165466.849984,0,tick,""
165466.849987,0,sched_state,stop
