timestamp,lpu,event,value
174354.070176,0,sched_state,startup
174354.070681,0,tick,""
174354.070686,0,reduction,""
174354.070687,0,sched_state,running
174354.071172,0,tick,""
174354.071175,0,reduction,""
174354.071177,0,sched_state,running
174354.071444,0,tick,""
174354.071446,0,reduction,""
174354.071447,0,sched_state,running
174354.071713,0,tick,""
174354.073607,0,reduction,""
174354.073609,0,sched_state,running
174354.073889,0,tick,""
174354.073893,0,reduction,""
174354.073894,0,sched_state,running
174354.074171,0,tick,""
174354.074264,0,reduction,""
174354.074267,0,sched_state,running
174354.074775,0,tick,""
174354.074779,0,reduction,""
174354.074780,0,sched_state,running
174354.076253,0,tick,""
174354.076270,0,spawn,""
174354.076275,0,reduction,""
174354.076279,0,sched_state,running
174354.076698,0,tick,""
174354.076701,0,reduction,""
174354.076702,0,sched_state,running
174354.077117,0,tick,""
174354.077141,0,reduction,""
174354.077145,0,sched_state,running
174354.077774,0,tick,""
174354.077788,0,reduction,""
174354.077792,0,sched_state,running
174354.078412,0,tick,""
174354.078426,0,reduction,""
174354.078430,0,sched_state,running
174354.079047,0,tick,""
174354.079070,0,reduction,""
174354.079074,0,sched_state,running
174354.079695,0,tick,""
174354.079714,0,reduction,""
174354.079719,0,sched_state,running
174354.080310,0,tick,""
174354.080340,0,reduction,""
174354.080345,0,sched_state,running
174354.080950,0,tick,""
174354.080974,0,reduction,""
174354.080979,0,sched_state,running
174354.081646,0,tick,""
174354.081668,0,reduction,""
174354.081673,0,sched_state,running
174354.082347,0,tick,""
174354.082388,0,reduction,""
174354.082396,0,sched_state,running
174354.083097,0,tick,""
174354.083121,0,reduction,""
174354.083126,0,sched_state,running
174354.083825,0,tick,""
174354.083847,0,reduction,""
174354.083852,0,sched_state,running
174354.084537,0,tick,""
174354.084560,0,reduction,""
174354.084565,0,sched_state,running
174354.085300,0,tick,""
174354.085322,0,reduction,""
174354.085327,0,sched_state,running
174354.086041,0,tick,""
174354.086062,0,reduction,""
174354.086066,0,sched_state,running
174354.086788,0,tick,""
174354.086859,0,channel_blocked,98
174354.086865,0,yield,""
174354.086870,0,sched_state,waiting
174354.087434,0,tick,""
174354.087461,0,reduction,""
174354.087469,0,sched_state,running
174354.088243,0,tick,""
174354.088271,0,reduction,""
174354.088278,0,sched_state,running
174354.088598,0,tick,""
174354.088727,0,reduction,""
174354.088731,0,sched_state,running
174354.089012,0,tick,""
174354.089027,0,reduction,""
174354.089030,0,sched_state,running
174354.089309,0,tick,""
174354.089314,0,reduction,""
174354.089315,0,sched_state,running
174354.089594,0,tick,""
174354.089599,0,reduction,""
174354.089601,0,sched_state,running
174354.089880,0,tick,""
174354.089886,0,reduction,""
174354.089887,0,sched_state,running
174354.090165,0,tick,""
174354.090176,0,reduction,""
174354.090178,0,sched_state,running
174354.090459,0,tick,""
174354.090495,0,reduction,""
174354.090497,0,sched_state,running
174354.090781,0,tick,""
174354.090790,0,reduction,""
174354.090792,0,sched_state,running
174354.091075,0,tick,""
174354.091079,0,reduction,""
174354.091080,0,sched_state,running
174354.091365,0,tick,""
174354.091373,0,reduction,""
174354.091375,0,sched_state,running
174354.091656,0,tick,""
174354.091666,0,reduction,""
174354.091668,0,sched_state,running
174354.091950,0,tick,""
174354.091954,0,reduction,""
174354.091956,0,sched_state,running
174354.092244,0,tick,""
174354.092256,0,reduction,""
174354.092258,0,sched_state,running
174354.092536,0,tick,""
174354.092546,0,reduction,""
174354.092547,0,sched_state,running
174354.092829,0,tick,""
174354.092833,0,reduction,""
174354.092835,0,sched_state,running
174354.093116,0,tick,""
174354.093218,0,reduction,""
174354.093222,0,sched_state,running
174354.093509,0,tick,""
174354.093521,0,reduction,""
174354.093522,0,sched_state,running
174354.093804,0,tick,""
174354.093809,0,reduction,""
174354.093810,0,sched_state,running
174354.094095,0,tick,""
174354.094101,0,reduction,""
174354.094102,0,sched_state,running
174354.094383,0,tick,""
174354.094388,0,reduction,""
174354.094390,0,sched_state,running
174354.094676,0,tick,""
174354.094686,0,reduction,""
174354.094688,0,sched_state,running
174354.094971,0,tick,""
174354.095012,0,reduction,""
174354.095014,0,sched_state,running
174354.095294,0,tick,""
174354.095304,0,reduction,""
174354.095306,0,sched_state,running
174354.095590,0,tick,""
174354.095594,0,reduction,""
174354.095595,0,sched_state,running
174354.095880,0,tick,""
174354.095889,0,reduction,""
174354.095891,0,sched_state,running
174354.096182,0,tick,""
174354.096190,0,reduction,""
174354.096192,0,sched_state,running
174354.096475,0,tick,""
174354.096481,0,reduction,""
174354.096483,0,sched_state,running
174354.096764,0,tick,""
174354.096776,0,reduction,""
174354.096777,0,sched_state,running
174354.097060,0,tick,""
174354.097069,0,reduction,""
174354.097070,0,sched_state,running
174354.097350,0,tick,""
174354.097356,0,reduction,""
174354.097357,0,sched_state,running
174354.097636,0,tick,""
174354.097724,0,reduction,""
174354.097728,0,sched_state,running
174354.098009,0,tick,""
174354.098022,0,reduction,""
174354.098024,0,sched_state,running
174354.098303,0,tick,""
174354.098308,0,reduction,""
174354.098309,0,sched_state,running
174354.098585,0,tick,""
174354.098590,0,reduction,""
174354.098591,0,sched_state,running
174354.098868,0,tick,""
174354.098872,0,reduction,""
174354.098874,0,sched_state,running
174354.099156,0,tick,""
174354.099160,0,reduction,""
174354.099161,0,sched_state,running
174354.099441,0,tick,""
174354.099445,0,reduction,""
174354.099446,0,sched_state,running
174354.099727,0,tick,""
174354.099731,0,reduction,""
174354.099732,0,sched_state,running
174354.100015,0,tick,""
174354.100021,0,reduction,""
174354.100022,0,sched_state,running
174354.100330,0,tick,""
174354.100337,0,reduction,""
174354.100339,0,sched_state,running
174354.100618,0,tick,""
174354.100628,0,reduction,""
174354.100630,0,sched_state,running
174354.100909,0,tick,""
174354.100950,0,reduction,""
174354.100952,0,sched_state,running
174354.101233,0,tick,""
174354.101242,0,reduction,""
174354.101244,0,sched_state,running
174354.101526,0,tick,""
174354.101530,0,reduction,""
174354.101532,0,sched_state,running
174354.101810,0,tick,""
174354.101818,0,reduction,""
174354.101820,0,sched_state,running
174354.102101,0,tick,""
174354.102110,0,reduction,""
174354.102112,0,sched_state,running
174354.102397,0,tick,""
174354.102400,0,reduction,""
174354.102402,0,sched_state,running
174354.102684,0,tick,""
174354.102695,0,reduction,""
174354.102697,0,sched_state,running
174354.102978,0,tick,""
174354.102987,0,reduction,""
174354.102989,0,sched_state,running
174354.103274,0,tick,""
174354.103278,0,reduction,""
174354.103279,0,sched_state,running
174354.103560,0,tick,""
174354.103644,0,reduction,""
174354.103648,0,sched_state,running
174354.103937,0,tick,""
174354.103949,0,reduction,""
174354.103952,0,sched_state,running
174354.104248,0,tick,""
174354.104255,0,reduction,""
174354.104256,0,sched_state,running
174354.104542,0,tick,""
174354.104547,0,reduction,""
174354.104548,0,sched_state,running
174354.104829,0,tick,""
174354.104834,0,reduction,""
174354.104835,0,sched_state,running
174354.105120,0,tick,""
174354.105124,0,reduction,""
174354.105126,0,sched_state,running
174354.105413,0,tick,""
174354.105417,0,reduction,""
174354.105418,0,sched_state,running
174354.105702,0,tick,""
174354.105706,0,reduction,""
174354.105707,0,sched_state,running
174354.105990,0,tick,""
174354.105995,0,reduction,""
174354.105997,0,sched_state,running
174354.106278,0,tick,""
174354.106282,0,spawn,""
174354.106284,0,reduction,""
174354.106285,0,sched_state,running
174354.106565,0,tick,""
174354.106569,0,reduction,""
174354.106570,0,sched_state,running
174354.106852,0,tick,""
174354.106856,0,reduction,""
174354.106858,0,sched_state,running
174354.107141,0,tick,""
174354.108977,1,channel_blocked,73
174354.108982,0,yield,""
174354.108983,0,sched_state,waiting
174354.109274,0,tick,""
174354.109280,0,reduction,""
174354.109282,0,sched_state,running
174354.109566,0,tick,""
174354.109571,0,spawn,""
174354.109573,0,reduction,""
174354.109575,0,sched_state,running
174354.109859,0,tick,""
174354.109863,0,reduction,""
174354.109864,0,sched_state,running
174354.110146,0,tick,""
174354.110151,0,reduction,""
174354.110152,0,sched_state,running
174354.110433,0,tick,""
174354.117799,1,channel_unblocked,73
174354.117820,0,yield,""
174354.117832,0,sched_state,waiting
174354.120345,0,tick,""
174354.120359,0,reduction,""
174354.120361,0,sched_state,running
174354.122578,0,tick,""
174354.122610,0,reduction,""
174354.122612,0,sched_state,running
174354.123739,0,tick,""
174354.123748,0,reduction,""
174354.123750,0,sched_state,running
174354.124890,0,tick,""
174354.124900,0,reduction,""
174354.124902,0,sched_state,running
174354.126015,0,tick,""
174354.126045,0,reduction,""
174354.126047,0,sched_state,running
174354.127157,0,tick,""
174354.127167,0,reduction,""
174354.127169,0,sched_state,running
174354.128308,0,tick,""
174354.128317,0,reduction,""
174354.128319,0,sched_state,running
174354.129436,0,tick,""
174354.129446,0,reduction,""
174354.129447,0,sched_state,running
174354.130561,0,tick,""
174354.130714,0,reduction,""
174354.130727,0,sched_state,running
174354.131846,0,tick,""
174354.131875,0,reduction,""
174354.131877,0,sched_state,running
174354.133006,0,tick,""
174354.133015,0,reduction,""
174354.133017,0,sched_state,running
174354.134129,0,tick,""
174354.134139,0,reduction,""
174354.134141,0,sched_state,running
174354.135245,0,tick,""
174354.135254,0,spawn,""
174354.135256,0,reduction,""
174354.135257,0,sched_state,running
174354.136396,0,tick,""
174354.136403,0,reduction,""
174354.136404,0,sched_state,running
174354.137518,0,tick,""
174354.137526,0,reduction,""
174354.137528,0,sched_state,running
174354.138641,0,tick,""
174354.138650,0,reduction,""
174354.138651,0,sched_state,running
174354.139772,0,tick,""
174354.139799,0,reduction,""
174354.139801,0,sched_state,running
174354.140931,0,tick,""
174354.140941,0,reduction,""
174354.140942,0,sched_state,running
174354.142065,0,tick,""
174354.142091,0,reduction,""
174354.142093,0,sched_state,running
174354.143185,0,tick,""
174354.143202,0,reduction,""
174354.143212,0,sched_state,running
174354.144347,0,tick,""
174354.144356,0,reduction,""
174354.144357,0,sched_state,running
174354.145482,0,tick,""
174354.145496,0,reduction,""
174354.145498,0,sched_state,running
174354.146610,0,tick,""
174354.146618,0,reduction,""
174354.146619,0,sched_state,running
174354.147730,0,tick,""
174354.147740,0,reduction,""
174354.147741,0,sched_state,running
174354.148861,0,tick,""
174354.148878,0,reduction,""
174354.148887,0,sched_state,running
174354.149989,0,tick,""
174354.149998,0,reduction,""
174354.150000,0,sched_state,running
174354.151123,0,tick,""
174354.151132,0,reduction,""
174354.151133,0,sched_state,running
174354.152268,0,tick,""
174354.152277,0,reduction,""
174354.152279,0,sched_state,running
174354.153395,0,tick,""
174354.153510,0,reduction,""
174354.153512,0,sched_state,running
174354.154621,0,tick,""
174354.154650,0,reduction,""
174354.154652,0,sched_state,running
174354.155761,0,tick,""
174354.155769,0,reduction,""
174354.155770,0,sched_state,running
174354.156886,0,tick,""
174354.156896,0,reduction,""
174354.156897,0,sched_state,running
174354.158007,0,tick,""
174354.158015,0,spawn,""
174354.158017,0,reduction,""
174354.158018,0,sched_state,running
174354.159133,0,tick,""
174354.159141,0,reduction,""
174354.159142,0,sched_state,running
174354.160271,0,tick,""
174354.160280,0,reduction,""
174354.160281,0,sched_state,running
174354.161401,0,tick,""
174354.161410,0,reduction,""
174354.161411,0,sched_state,running
174354.162523,0,tick,""
174354.162539,0,reduction,""
174354.162549,0,sched_state,running
174354.163670,0,tick,""
174354.163679,0,reduction,""
174354.163681,0,sched_state,running
174354.164819,0,tick,""
174354.164845,0,reduction,""
174354.164846,0,sched_state,running
174354.165956,0,tick,""
174354.165971,0,reduction,""
174354.165973,0,sched_state,running
174354.167090,0,tick,""
174354.167101,0,sched_state,stop
