timestamp,lpu,event,value
174351.384150,0,sched_state,startup
174351.384669,0,tick,""
174351.384675,0,reduction,""
174351.384676,0,sched_state,running
174351.385160,0,tick,""
174351.385163,0,reduction,""
174351.385165,0,sched_state,running
174351.385431,0,tick,""
174351.385433,0,reduction,""
174351.385434,0,sched_state,running
174351.385702,0,tick,""
174351.387610,0,reduction,""
174351.387612,0,sched_state,running
174351.387893,0,tick,""
174351.387896,0,reduction,""
174351.387897,0,sched_state,running
174351.388196,0,tick,""
174351.388288,0,reduction,""
174351.388291,0,sched_state,running
174351.388807,0,tick,""
174351.388810,0,reduction,""
174351.388812,0,sched_state,running
174351.389417,0,tick,""
174351.389433,0,spawn,""
174351.389437,0,reduction,""
174351.389441,0,sched_state,running
174351.389914,0,tick,""
174351.389917,0,reduction,""
174351.389918,0,sched_state,running
174351.390196,0,tick,""
174351.390199,0,reduction,""
174351.390201,0,sched_state,running
174351.390475,0,tick,""
174351.390479,0,reduction,""
174351.390480,0,sched_state,running
174351.390755,0,tick,""
174351.390758,0,reduction,""
174351.390759,0,sched_state,running
174351.391033,0,tick,""
174351.391036,0,reduction,""
174351.391037,0,sched_state,running
174351.391314,0,tick,""
174351.391317,0,reduction,""
174351.391318,0,sched_state,running
174351.391593,0,tick,""
174351.391600,0,reduction,""
174351.391602,0,sched_state,running
174351.391874,0,tick,""
174351.391878,0,reduction,""
174351.391879,0,sched_state,running
174351.392196,0,tick,""
174351.392200,0,reduction,""
174351.392201,0,sched_state,running
174351.392475,0,tick,""
174351.392486,0,reduction,""
174351.392487,0,sched_state,running
174351.392763,0,tick,""
174351.392766,0,reduction,""
174351.392768,0,sched_state,running
174351.393048,0,tick,""
174351.393052,0,reduction,""
174351.393053,0,sched_state,running
174351.393331,0,tick,""
174351.393334,0,reduction,""
174351.393335,0,sched_state,running
174351.393614,0,tick,""
174351.393617,0,reduction,""
174351.393618,0,sched_state,running
174351.393894,0,tick,""
174351.393897,0,reduction,""
174351.393898,0,sched_state,running
174351.394175,0,tick,""
174351.394191,0,channel_blocked,98
174351.394192,0,yield,""
174351.394193,0,sched_state,waiting
174351.394472,0,tick,""
174351.394476,0,reduction,""
174351.394478,0,sched_state,running
174351.394756,0,tick,""
174351.394760,0,reduction,""
174351.394762,0,sched_state,running
174351.395043,0,tick,""
174351.395171,0,reduction,""
174351.395173,0,sched_state,running
174351.395454,0,tick,""
174351.395467,0,reduction,""
174351.395469,0,sched_state,running
174351.395747,0,tick,""
174351.395750,0,reduction,""
174351.395751,0,sched_state,running
174351.396031,0,tick,""
174351.396035,0,reduction,""
174351.396036,0,sched_state,running
174351.396336,0,tick,""
174351.396340,0,reduction,""
174351.396342,0,sched_state,running
174351.396619,0,tick,""
174351.396628,0,reduction,""
174351.396629,0,sched_state,running
174351.396909,0,tick,""
174351.396943,0,reduction,""
174351.396944,0,sched_state,running
174351.397226,0,tick,""
174351.397233,0,reduction,""
174351.397234,0,sched_state,running
174351.397518,0,tick,""
174351.397521,0,reduction,""
174351.397523,0,sched_state,running
174351.397809,0,tick,""
174351.397815,0,reduction,""
174351.397817,0,sched_state,running
174351.398098,0,tick,""
174351.398105,0,reduction,""
174351.398107,0,sched_state,running
174351.398389,0,tick,""
174351.398393,0,reduction,""
174351.398394,0,sched_state,running
174351.398679,0,tick,""
174351.398689,0,reduction,""
174351.398690,0,sched_state,running
174351.398970,0,tick,""
174351.398977,0,reduction,""
174351.398979,0,sched_state,running
174351.399259,0,tick,""
174351.399263,0,reduction,""
174351.399264,0,sched_state,running
174351.399543,0,tick,""
174351.399646,0,reduction,""
174351.399648,0,sched_state,running
174351.399932,0,tick,""
174351.399944,0,reduction,""
174351.399945,0,sched_state,running
174351.400257,0,tick,""
174351.400261,0,reduction,""
174351.400262,0,sched_state,running
174351.400544,0,tick,""
174351.400548,0,reduction,""
174351.400549,0,sched_state,running
174351.400830,0,tick,""
174351.400834,0,reduction,""
174351.400835,0,sched_state,running
174351.401119,0,tick,""
174351.401128,0,reduction,""
174351.401130,0,sched_state,running
174351.401410,0,tick,""
174351.401449,0,reduction,""
174351.401450,0,sched_state,running
174351.401732,0,tick,""
174351.401739,0,reduction,""
174351.401741,0,sched_state,running
174351.402022,0,tick,""
174351.402025,0,reduction,""
174351.402027,0,sched_state,running
174351.402310,0,tick,""
174351.402317,0,reduction,""
174351.402318,0,sched_state,running
174351.402602,0,tick,""
174351.402610,0,reduction,""
174351.402611,0,sched_state,running
174351.402892,0,tick,""
174351.402895,0,reduction,""
174351.402897,0,sched_state,running
174351.403175,0,tick,""
174351.403184,0,reduction,""
174351.403186,0,sched_state,running
174351.403463,0,tick,""
174351.403471,0,reduction,""
174351.403473,0,sched_state,running
174351.403750,0,tick,""
174351.403754,0,reduction,""
174351.403755,0,sched_state,running
174351.404031,0,tick,""
174351.404129,0,reduction,""
174351.404131,0,sched_state,running
174351.404421,0,tick,""
174351.404433,0,reduction,""
174351.404434,0,sched_state,running
174351.404713,0,tick,""
174351.404716,0,reduction,""
174351.404717,0,sched_state,running
174351.404994,0,tick,""
174351.404997,0,reduction,""
174351.404998,0,sched_state,running
174351.405275,0,tick,""
174351.405278,0,reduction,""
174351.405280,0,sched_state,running
174351.405560,0,tick,""
174351.405563,0,reduction,""
174351.405564,0,sched_state,running
174351.405844,0,tick,""
174351.405847,0,reduction,""
174351.405848,0,sched_state,running
174351.406129,0,tick,""
174351.406132,0,reduction,""
174351.406133,0,sched_state,running
174351.406414,0,tick,""
174351.406418,0,reduction,""
174351.406419,0,sched_state,running
174351.406700,0,tick,""
174351.406704,0,reduction,""
174351.406705,0,sched_state,running
174351.406994,0,tick,""
174351.407003,0,reduction,""
174351.407005,0,sched_state,running
174351.407311,0,tick,""
174351.407352,0,reduction,""
174351.407353,0,sched_state,running
174351.407655,0,tick,""
174351.407662,0,reduction,""
174351.407664,0,sched_state,running
174351.407944,0,tick,""
174351.407948,0,reduction,""
174351.407949,0,sched_state,running
174351.408248,0,tick,""
174351.408255,0,reduction,""
174351.408257,0,sched_state,running
174351.408537,0,tick,""
174351.408545,0,reduction,""
174351.408546,0,sched_state,running
174351.408831,0,tick,""
174351.408835,0,reduction,""
174351.408836,0,sched_state,running
174351.409118,0,tick,""
174351.409127,0,reduction,""
174351.409128,0,sched_state,running
174351.409408,0,tick,""
174351.409415,0,reduction,""
174351.409416,0,sched_state,running
174351.409718,0,tick,""
174351.409722,0,reduction,""
174351.409723,0,sched_state,running
174351.410005,0,tick,""
174351.410087,0,reduction,""
174351.410089,0,sched_state,running
174351.410378,0,tick,""
174351.410388,0,reduction,""
174351.410390,0,sched_state,running
174351.410672,0,tick,""
174351.410675,0,reduction,""
174351.410676,0,sched_state,running
174351.410959,0,tick,""
174351.410961,0,reduction,""
174351.410963,0,sched_state,running
174351.411244,0,tick,""
174351.411246,0,reduction,""
174351.411248,0,sched_state,running
174351.411527,0,tick,""
174351.411530,0,reduction,""
174351.411531,0,sched_state,running
174351.411815,0,tick,""
174351.411818,0,reduction,""
174351.411819,0,sched_state,running
174351.412103,0,tick,""
174351.412106,0,reduction,""
174351.412122,0,sched_state,running
174351.412420,0,tick,""
174351.412424,0,reduction,""
174351.412426,0,sched_state,running
174351.412706,0,tick,""
174351.412709,0,spawn,""
174351.412710,0,reduction,""
174351.412711,0,sched_state,running
174351.412995,0,tick,""
174351.412997,0,reduction,""
174351.412999,0,sched_state,running
174351.413283,0,tick,""
174351.413286,0,reduction,""
174351.413288,0,sched_state,running
174351.413573,0,tick,""
174351.415424,1,channel_blocked,73
174351.415428,0,yield,""
174351.415430,0,sched_state,waiting
174351.415729,0,tick,""
174351.415734,0,reduction,""
174351.415735,0,sched_state,running
174351.416019,0,tick,""
174351.416022,0,spawn,""
174351.416024,0,reduction,""
174351.416025,0,sched_state,running
174351.416332,0,tick,""
174351.416335,0,reduction,""
174351.416336,0,sched_state,running
174351.416619,0,tick,""
174351.416622,0,reduction,""
174351.416623,0,sched_state,running
174351.416905,0,tick,""
174351.424097,1,channel_unblocked,73
174351.424144,0,yield,""
174351.424149,0,sched_state,waiting
174351.426650,0,tick,""
174351.426663,0,reduction,""
174351.426664,0,sched_state,running
174351.428901,0,tick,""
174351.428931,0,reduction,""
174351.428933,0,sched_state,running
174351.430060,0,tick,""
174351.430069,0,reduction,""
174351.430070,0,sched_state,running
174351.431195,0,tick,""
174351.431204,0,reduction,""
174351.431205,0,sched_state,running
174351.432346,0,tick,""
174351.432374,0,reduction,""
174351.432376,0,sched_state,running
174351.433494,0,tick,""
174351.433503,0,reduction,""
174351.433504,0,sched_state,running
174351.434632,0,tick,""
174351.434641,0,reduction,""
174351.434642,0,sched_state,running
174351.435764,0,tick,""
174351.435772,0,reduction,""
174351.435774,0,sched_state,running
174351.436933,0,tick,""
174351.437088,0,reduction,""
174351.437092,0,sched_state,running
174351.438210,0,tick,""
174351.438240,0,reduction,""
174351.438242,0,sched_state,running
174351.439352,0,tick,""
174351.439359,0,reduction,""
174351.439360,0,sched_state,running
174351.440494,0,tick,""
174351.440502,0,reduction,""
174351.440504,0,sched_state,running
174351.441624,0,tick,""
174351.441633,0,spawn,""
174351.441634,0,reduction,""
174351.441635,0,sched_state,running
174351.442759,0,tick,""
174351.442765,0,reduction,""
174351.442767,0,sched_state,running
174351.443883,0,tick,""
174351.443890,0,reduction,""
174351.443892,0,sched_state,running
174351.445034,0,tick,""
174351.445042,0,reduction,""
174351.445043,0,sched_state,running
174351.446159,0,tick,""
174351.446177,0,reduction,""
174351.446186,0,sched_state,running
174351.447297,0,tick,""
174351.447304,0,reduction,""
174351.447306,0,sched_state,running
174351.448461,0,tick,""
174351.448478,0,reduction,""
174351.448487,0,sched_state,running
174351.449600,0,tick,""
174351.449616,0,reduction,""
174351.449617,0,sched_state,running
174351.450745,0,tick,""
174351.450752,0,reduction,""
174351.450753,0,sched_state,running
174351.451888,0,tick,""
174351.451901,0,reduction,""
174351.451902,0,sched_state,running
174351.453047,0,tick,""
174351.453056,0,reduction,""
174351.453057,0,sched_state,running
174351.454176,0,tick,""
174351.454184,0,reduction,""
174351.454185,0,sched_state,running
174351.455305,0,tick,""
174351.455320,0,reduction,""
174351.455321,0,sched_state,running
174351.456460,0,tick,""
174351.456468,0,reduction,""
174351.456470,0,sched_state,running
174351.457589,0,tick,""
174351.457597,0,reduction,""
174351.457598,0,sched_state,running
174351.458716,0,tick,""
174351.458724,0,reduction,""
174351.458725,0,sched_state,running
174351.459854,0,tick,""
174351.459967,0,reduction,""
174351.459969,0,sched_state,running
174351.461125,0,tick,""
174351.461154,0,reduction,""
174351.461156,0,sched_state,running
174351.462267,0,tick,""
174351.462274,0,reduction,""
174351.462275,0,sched_state,running
174351.463390,0,tick,""
174351.463399,0,reduction,""
174351.463400,0,sched_state,running
174351.464542,0,tick,""
174351.464550,0,spawn,""
174351.464551,0,reduction,""
174351.464552,0,sched_state,running
174351.465675,0,tick,""
174351.465683,0,reduction,""
174351.465684,0,sched_state,running
174351.466805,0,tick,""
174351.466813,0,reduction,""
174351.466814,0,sched_state,running
174351.467939,0,tick,""
174351.467948,0,reduction,""
174351.467950,0,sched_state,running
174351.469098,0,tick,""
174351.469116,0,reduction,""
174351.469118,0,sched_state,running
174351.470271,0,tick,""
174351.470282,0,reduction,""
174351.470284,0,sched_state,running
174351.471432,0,tick,""
174351.471451,0,reduction,""
174351.471453,0,sched_state,running
174351.472609,0,tick,""
174351.472624,0,reduction,""
174351.472625,0,sched_state,running
174351.473752,0,tick,""
174351.473761,0,sched_state,stop
