timestamp,lpu,event,value
174356.708486,0,sched_state,startup
174356.708999,0,tick,""
174356.709004,0,reduction,""
174356.709006,0,sched_state,running
174356.709488,0,tick,""
174356.709492,0,reduction,""
174356.709493,0,sched_state,running
174356.709761,0,tick,""
174356.709764,0,reduction,""
174356.709765,0,sched_state,running
174356.710033,0,tick,""
174356.711934,0,reduction,""
174356.711936,0,sched_state,running
174356.712221,0,tick,""
174356.712224,0,reduction,""
174356.712225,0,sched_state,running
174356.712497,0,tick,""
174356.712589,0,reduction,""
174356.712592,0,sched_state,running
174356.713104,0,tick,""
174356.713109,0,reduction,""
174356.713111,0,sched_state,running
174356.713715,0,tick,""
174356.713730,0,spawn,""
174356.713735,0,reduction,""
174356.713739,0,sched_state,running
174356.714211,0,tick,""
174356.714213,0,reduction,""
174356.714215,0,sched_state,running
174356.714493,0,tick,""
174356.714496,0,reduction,""
174356.714497,0,sched_state,running
174356.714771,0,tick,""
174356.714774,0,reduction,""
174356.714775,0,sched_state,running
174356.715049,0,tick,""
174356.715052,0,reduction,""
174356.715053,0,sched_state,running
174356.715328,0,tick,""
174356.715332,0,reduction,""
174356.715333,0,sched_state,running
174356.715609,0,tick,""
174356.715612,0,reduction,""
174356.715613,0,sched_state,running
174356.715889,0,tick,""
174356.715897,0,reduction,""
174356.715899,0,sched_state,running
174356.716205,0,tick,""
174356.716209,0,reduction,""
174356.716210,0,sched_state,running
174356.716486,0,tick,""
174356.716489,0,reduction,""
174356.716490,0,sched_state,running
174356.716763,0,tick,""
174356.716777,0,reduction,""
174356.716778,0,sched_state,running
174356.717055,0,tick,""
174356.717058,0,reduction,""
174356.717060,0,sched_state,running
174356.717338,0,tick,""
174356.717341,0,reduction,""
174356.717342,0,sched_state,running
174356.717622,0,tick,""
174356.717625,0,reduction,""
174356.717626,0,sched_state,running
174356.717901,0,tick,""
174356.717904,0,reduction,""
174356.717906,0,sched_state,running
174356.718185,0,tick,""
174356.718188,0,reduction,""
174356.718189,0,sched_state,running
174356.718467,0,tick,""
174356.718482,0,channel_blocked,98
174356.718483,0,yield,""
174356.718484,0,sched_state,waiting
174356.718762,0,tick,""
174356.718766,0,reduction,""
174356.718767,0,sched_state,running
174356.719045,0,tick,""
174356.719050,0,reduction,""
174356.719051,0,sched_state,running
174356.719333,0,tick,""
174356.719459,0,reduction,""
174356.719461,0,sched_state,running
174356.719741,0,tick,""
174356.719754,0,reduction,""
174356.719756,0,sched_state,running
174356.720034,0,tick,""
174356.720036,0,reduction,""
174356.720038,0,sched_state,running
174356.720356,0,tick,""
174356.720360,0,reduction,""
174356.720362,0,sched_state,running
174356.720642,0,tick,""
174356.720646,0,reduction,""
174356.720647,0,sched_state,running
174356.720928,0,tick,""
174356.720937,0,reduction,""
174356.720939,0,sched_state,running
174356.721219,0,tick,""
174356.721253,0,reduction,""
174356.721255,0,sched_state,running
174356.721538,0,tick,""
174356.721546,0,reduction,""
174356.721547,0,sched_state,running
174356.721828,0,tick,""
174356.721832,0,reduction,""
174356.721833,0,sched_state,running
174356.722119,0,tick,""
174356.722126,0,reduction,""
174356.722128,0,sched_state,running
174356.722410,0,tick,""
174356.722417,0,reduction,""
174356.722419,0,sched_state,running
174356.722699,0,tick,""
174356.722703,0,reduction,""
174356.722704,0,sched_state,running
174356.722987,0,tick,""
174356.722997,0,reduction,""
174356.722998,0,sched_state,running
174356.723275,0,tick,""
174356.723283,0,reduction,""
174356.723284,0,sched_state,running
174356.723564,0,tick,""
174356.723568,0,reduction,""
174356.723569,0,sched_state,running
174356.723849,0,tick,""
174356.723950,0,reduction,""
174356.723952,0,sched_state,running
174356.724259,0,tick,""
174356.724271,0,reduction,""
174356.724273,0,sched_state,running
174356.724554,0,tick,""
174356.724557,0,reduction,""
174356.724559,0,sched_state,running
174356.724839,0,tick,""
174356.724843,0,reduction,""
174356.724845,0,sched_state,running
174356.725127,0,tick,""
174356.725130,0,reduction,""
174356.725132,0,sched_state,running
174356.725414,0,tick,""
174356.725423,0,reduction,""
174356.725426,0,sched_state,running
174356.725708,0,tick,""
174356.725744,0,reduction,""
174356.725746,0,sched_state,running
174356.726027,0,tick,""
174356.726035,0,reduction,""
174356.726037,0,sched_state,running
174356.726318,0,tick,""
174356.726322,0,reduction,""
174356.726324,0,sched_state,running
174356.726607,0,tick,""
174356.726614,0,reduction,""
174356.726615,0,sched_state,running
174356.726899,0,tick,""
174356.726907,0,reduction,""
174356.726908,0,sched_state,running
174356.727191,0,tick,""
174356.727194,0,reduction,""
174356.727196,0,sched_state,running
174356.727475,0,tick,""
174356.727485,0,reduction,""
174356.727486,0,sched_state,running
174356.727763,0,tick,""
174356.727771,0,reduction,""
174356.727772,0,sched_state,running
174356.728052,0,tick,""
174356.728056,0,reduction,""
174356.728057,0,sched_state,running
174356.728364,0,tick,""
174356.728450,0,reduction,""
174356.728452,0,sched_state,running
174356.728733,0,tick,""
174356.728745,0,reduction,""
174356.728746,0,sched_state,running
174356.729024,0,tick,""
174356.729027,0,reduction,""
174356.729029,0,sched_state,running
174356.729307,0,tick,""
174356.729311,0,reduction,""
174356.729312,0,sched_state,running
174356.729593,0,tick,""
174356.729596,0,reduction,""
174356.729598,0,sched_state,running
174356.729876,0,tick,""
174356.729886,0,reduction,""
174356.729887,0,sched_state,running
174356.730168,0,tick,""
174356.730210,0,reduction,""
174356.730212,0,sched_state,running
174356.730494,0,tick,""
174356.730502,0,reduction,""
174356.730503,0,sched_state,running
174356.730783,0,tick,""
174356.730787,0,reduction,""
174356.730789,0,sched_state,running
174356.731070,0,tick,""
174356.731074,0,reduction,""
174356.731075,0,sched_state,running
174356.731358,0,tick,""
174356.731366,0,reduction,""
174356.731368,0,sched_state,running
174356.731648,0,tick,""
174356.731679,0,reduction,""
174356.731681,0,sched_state,running
174356.731962,0,tick,""
174356.731969,0,reduction,""
174356.731971,0,sched_state,running
174356.732273,0,tick,""
174356.732277,0,reduction,""
174356.732279,0,sched_state,running
174356.732560,0,tick,""
174356.732567,0,reduction,""
174356.732568,0,sched_state,running
174356.732852,0,tick,""
174356.732859,0,reduction,""
174356.732861,0,sched_state,running
174356.733147,0,tick,""
174356.733150,0,reduction,""
174356.733152,0,sched_state,running
174356.733436,0,tick,""
174356.733445,0,reduction,""
174356.733447,0,sched_state,running
174356.733729,0,tick,""
174356.733736,0,reduction,""
174356.733738,0,sched_state,running
174356.734021,0,tick,""
174356.734025,0,reduction,""
174356.734027,0,sched_state,running
174356.734308,0,tick,""
174356.734390,0,reduction,""
174356.734392,0,sched_state,running
174356.734679,0,tick,""
174356.734691,0,reduction,""
174356.734692,0,sched_state,running
174356.734979,0,tick,""
174356.734982,0,reduction,""
174356.734984,0,sched_state,running
174356.735271,0,tick,""
174356.735275,0,reduction,""
174356.735276,0,sched_state,running
174356.735562,0,tick,""
174356.735565,0,reduction,""
174356.735567,0,sched_state,running
174356.735851,0,tick,""
174356.735859,0,reduction,""
174356.735860,0,sched_state,running
174356.736168,0,tick,""
174356.736199,0,reduction,""
174356.736200,0,sched_state,running
174356.736487,0,tick,""
174356.736495,0,reduction,""
174356.736496,0,sched_state,running
174356.736782,0,tick,""
174356.736787,0,reduction,""
174356.736788,0,sched_state,running
174356.737072,0,tick,""
174356.737080,0,reduction,""
174356.737081,0,sched_state,running
174356.737368,0,tick,""
174356.737377,0,reduction,""
174356.737378,0,sched_state,running
174356.737666,0,tick,""
174356.737670,0,reduction,""
174356.737671,0,sched_state,running
174356.737954,0,tick,""
174356.737963,0,reduction,""
174356.737965,0,sched_state,running
174356.738250,0,tick,""
174356.738259,0,reduction,""
174356.738260,0,sched_state,running
174356.738544,0,tick,""
174356.738548,0,reduction,""
174356.738549,0,sched_state,running
174356.738833,0,tick,""
174356.738917,0,reduction,""
174356.738919,0,sched_state,running
174356.739205,0,tick,""
174356.739216,0,reduction,""
174356.739218,0,sched_state,running
174356.739503,0,tick,""
174356.739506,0,reduction,""
174356.739507,0,sched_state,running
174356.739794,0,tick,""
174356.739797,0,reduction,""
174356.739799,0,sched_state,running
174356.740092,0,tick,""
174356.740096,0,reduction,""
174356.740098,0,sched_state,running
174356.740404,0,tick,""
174356.740414,0,reduction,""
174356.740415,0,sched_state,running
174356.740700,0,tick,""
174356.740737,0,reduction,""
174356.740739,0,sched_state,running
174356.741028,0,tick,""
174356.741036,0,reduction,""
174356.741038,0,sched_state,running
174356.741325,0,tick,""
174356.741329,0,reduction,""
174356.741331,0,sched_state,running
174356.741615,0,tick,""
174356.741623,0,reduction,""
174356.741625,0,sched_state,running
174356.741914,0,tick,""
174356.741924,0,reduction,""
174356.741925,0,sched_state,running
174356.742210,0,tick,""
174356.742213,0,reduction,""
174356.742215,0,sched_state,running
174356.742498,0,tick,""
174356.742508,0,reduction,""
174356.742509,0,sched_state,running
174356.742795,0,tick,""
174356.742799,0,reduction,""
174356.742800,0,sched_state,running
174356.743089,0,tick,""
174356.743096,0,reduction,""
174356.743097,0,sched_state,running
174356.743382,0,tick,""
174356.743390,0,reduction,""
174356.743391,0,sched_state,running
174356.743679,0,tick,""
174356.743682,0,reduction,""
174356.743684,0,sched_state,running
174356.743968,0,tick,""
174356.743977,0,reduction,""
174356.743979,0,sched_state,running
174356.744277,0,tick,""
174356.744285,0,reduction,""
174356.744287,0,sched_state,running
174356.744573,0,tick,""
174356.744577,0,reduction,""
174356.744578,0,sched_state,running
174356.744863,0,tick,""
174356.744946,0,reduction,""
174356.744950,0,sched_state,running
174356.745239,0,tick,""
174356.745251,0,reduction,""
174356.745252,0,sched_state,running
174356.745540,0,tick,""
174356.745543,0,reduction,""
174356.745544,0,sched_state,running
174356.745832,0,tick,""
174356.745836,0,reduction,""
174356.745837,0,sched_state,running
174356.746124,0,tick,""
174356.746127,0,reduction,""
174356.746129,0,sched_state,running
174356.746414,0,tick,""
174356.746423,0,reduction,""
174356.746424,0,sched_state,running
174356.746712,0,tick,""
174356.746748,0,reduction,""
174356.746749,0,sched_state,running
174356.747038,0,tick,""
174356.747046,0,reduction,""
174356.747048,0,sched_state,running
174356.747338,0,tick,""
174356.747342,0,reduction,""
174356.747344,0,sched_state,running
174356.747629,0,tick,""
174356.747637,0,reduction,""
174356.747639,0,sched_state,running
174356.747925,0,tick,""
174356.747934,0,reduction,""
174356.747936,0,sched_state,running
174356.748227,0,tick,""
174356.748231,0,reduction,""
174356.748233,0,sched_state,running
174356.748519,0,tick,""
174356.748529,0,reduction,""
174356.748531,0,sched_state,running
174356.748816,0,tick,""
174356.748826,0,reduction,""
174356.748827,0,sched_state,running
174356.749114,0,tick,""
174356.749118,0,reduction,""
174356.749119,0,sched_state,running
174356.749405,0,tick,""
174356.749489,0,reduction,""
174356.749491,0,sched_state,running
174356.749781,0,tick,""
174356.749792,0,reduction,""
174356.749794,0,sched_state,running
174356.750079,0,tick,""
174356.750082,0,reduction,""
174356.750083,0,sched_state,running
174356.750370,0,tick,""
174356.750374,0,reduction,""
174356.750375,0,sched_state,running
174356.750660,0,tick,""
174356.750664,0,reduction,""
174356.750665,0,sched_state,running
174356.750955,0,tick,""
174356.750964,0,reduction,""
174356.750966,0,sched_state,running
174356.751257,0,tick,""
174356.751289,0,reduction,""
174356.751290,0,sched_state,running
174356.751582,0,tick,""
174356.751591,0,reduction,""
174356.751593,0,sched_state,running
174356.751883,0,tick,""
174356.751886,0,reduction,""
174356.751888,0,sched_state,running
174356.752185,0,tick,""
174356.752194,0,reduction,""
174356.752196,0,sched_state,running
174356.752487,0,tick,""
174356.752497,0,reduction,""
174356.752499,0,sched_state,running
174356.752788,0,tick,""
174356.752791,0,reduction,""
174356.752793,0,sched_state,running
174356.753079,0,tick,""
174356.753088,0,reduction,""
174356.753090,0,sched_state,running
174356.753378,0,tick,""
174356.753387,0,reduction,""
174356.753389,0,sched_state,running
174356.753674,0,tick,""
174356.753678,0,reduction,""
174356.753680,0,sched_state,running
174356.753966,0,tick,""
174356.754049,0,reduction,""
174356.754051,0,sched_state,running
174356.754341,0,tick,""
174356.754353,0,reduction,""
174356.754354,0,sched_state,running
174356.754642,0,tick,""
174356.754645,0,reduction,""
174356.754646,0,sched_state,running
174356.754937,0,tick,""
174356.754946,0,reduction,""
174356.754947,0,sched_state,running
174356.755237,0,tick,""
174356.755241,0,reduction,""
174356.755243,0,sched_state,running
174356.755532,0,tick,""
174356.755613,0,reduction,""
174356.755615,0,sched_state,running
174356.755903,0,tick,""
174356.755915,0,reduction,""
174356.755916,0,sched_state,running
174356.756208,0,tick,""
174356.756211,0,reduction,""
174356.756212,0,sched_state,running
174356.756500,0,tick,""
174356.756504,0,reduction,""
174356.756505,0,sched_state,running
174356.756790,0,tick,""
174356.756794,0,reduction,""
174356.756795,0,sched_state,running
174356.757083,0,tick,""
174356.757092,0,reduction,""
174356.757094,0,sched_state,running
174356.757385,0,tick,""
174356.757416,0,reduction,""
174356.757418,0,sched_state,running
174356.757710,0,tick,""
174356.757718,0,reduction,""
174356.757719,0,sched_state,running
174356.758011,0,tick,""
174356.758014,0,reduction,""
174356.758016,0,sched_state,running
174356.758306,0,tick,""
174356.758315,0,reduction,""
174356.758316,0,sched_state,running
174356.758607,0,tick,""
174356.758616,0,reduction,""
174356.758618,0,sched_state,running
174356.758908,0,tick,""
174356.758911,0,reduction,""
174356.758913,0,sched_state,running
174356.759202,0,tick,""
174356.759211,0,reduction,""
174356.759212,0,sched_state,running
174356.759502,0,tick,""
174356.759510,0,reduction,""
174356.759511,0,sched_state,running
174356.759801,0,tick,""
174356.759805,0,reduction,""
174356.759806,0,sched_state,running
174356.760094,0,tick,""
174356.760178,0,reduction,""
174356.760180,0,sched_state,running
174356.760472,0,tick,""
174356.760483,0,reduction,""
174356.760484,0,sched_state,running
174356.760773,0,tick,""
174356.760776,0,reduction,""
174356.760777,0,sched_state,running
174356.761067,0,tick,""
174356.761071,0,reduction,""
174356.761073,0,sched_state,running
174356.761360,0,tick,""
174356.761364,0,reduction,""
174356.761365,0,sched_state,running
174356.761652,0,tick,""
174356.761663,0,reduction,""
174356.761664,0,sched_state,running
174356.761953,0,tick,""
174356.761985,0,reduction,""
174356.761987,0,sched_state,running
174356.762281,0,tick,""
174356.762291,0,reduction,""
174356.762292,0,sched_state,running
174356.762585,0,tick,""
174356.762589,0,reduction,""
174356.762591,0,sched_state,running
174356.762882,0,tick,""
174356.762892,0,reduction,""
174356.762894,0,sched_state,running
174356.763186,0,tick,""
174356.763197,0,reduction,""
174356.763199,0,sched_state,running
174356.763490,0,tick,""
174356.763493,0,reduction,""
174356.763495,0,sched_state,running
174356.763785,0,tick,""
174356.763794,0,reduction,""
174356.763796,0,sched_state,running
174356.764086,0,tick,""
174356.764096,0,reduction,""
174356.764097,0,sched_state,running
174356.764394,0,tick,""
174356.764398,0,reduction,""
174356.764399,0,sched_state,running
174356.764689,0,tick,""
174356.764771,0,reduction,""
174356.764773,0,sched_state,running
174356.765065,0,tick,""
174356.765077,0,reduction,""
174356.765078,0,sched_state,running
174356.765368,0,tick,""
174356.765370,0,reduction,""
174356.765372,0,sched_state,running
174356.765662,0,tick,""
174356.765665,0,reduction,""
174356.765666,0,sched_state,running
174356.765956,0,tick,""
174356.765960,0,reduction,""
174356.765961,0,sched_state,running
174356.766250,0,tick,""
174356.766261,0,reduction,""
174356.766262,0,sched_state,running
174356.766555,0,tick,""
174356.766587,0,reduction,""
174356.766589,0,sched_state,running
174356.766882,0,tick,""
174356.766892,0,reduction,""
174356.766893,0,sched_state,running
174356.767184,0,tick,""
174356.767189,0,reduction,""
174356.767190,0,sched_state,running
174356.767480,0,tick,""
174356.767484,0,reduction,""
174356.767485,0,sched_state,running
174356.767775,0,tick,""
174356.767784,0,reduction,""
174356.767786,0,sched_state,running
174356.768077,0,tick,""
174356.768115,0,reduction,""
174356.768117,0,sched_state,running
174356.768408,0,tick,""
174356.768417,0,reduction,""
174356.768420,0,sched_state,running
174356.768711,0,tick,""
174356.768714,0,reduction,""
174356.768716,0,sched_state,running
174356.769004,0,tick,""
174356.769013,0,reduction,""
174356.769015,0,sched_state,running
174356.769307,0,tick,""
174356.769318,0,reduction,""
174356.769319,0,sched_state,running
174356.769611,0,tick,""
174356.769615,0,reduction,""
174356.769616,0,sched_state,running
174356.769907,0,tick,""
174356.769916,0,reduction,""
174356.769918,0,sched_state,running
174356.770209,0,tick,""
174356.770218,0,reduction,""
174356.770220,0,sched_state,running
174356.770513,0,tick,""
174356.770517,0,reduction,""
174356.770518,0,sched_state,running
174356.770811,0,tick,""
174356.770894,0,reduction,""
174356.770896,0,sched_state,running
174356.771192,0,tick,""
174356.771204,0,reduction,""
174356.771206,0,sched_state,running
174356.771500,0,tick,""
174356.771503,0,reduction,""
174356.771504,0,sched_state,running
174356.771798,0,tick,""
174356.771801,0,reduction,""
174356.771803,0,sched_state,running
174356.772094,0,tick,""
174356.772098,0,reduction,""
174356.772099,0,sched_state,running
174356.772410,0,tick,""
174356.772420,0,reduction,""
174356.772422,0,sched_state,running
174356.772716,0,tick,""
174356.772749,0,reduction,""
174356.772751,0,sched_state,running
174356.773043,0,tick,""
174356.773052,0,reduction,""
174356.773054,0,sched_state,running
174356.773348,0,tick,""
174356.773352,0,reduction,""
174356.773354,0,sched_state,running
174356.773647,0,tick,""
174356.773658,0,reduction,""
174356.773659,0,sched_state,running
174356.773951,0,tick,""
174356.773963,0,reduction,""
174356.773965,0,sched_state,running
174356.774257,0,tick,""
174356.774261,0,reduction,""
174356.774262,0,sched_state,running
174356.774554,0,tick,""
174356.774563,0,reduction,""
174356.774565,0,sched_state,running
174356.774857,0,tick,""
174356.774867,0,reduction,""
174356.774869,0,sched_state,running
174356.775161,0,tick,""
174356.775165,0,reduction,""
174356.775166,0,sched_state,running
174356.775457,0,tick,""
174356.775540,0,reduction,""
174356.775542,0,sched_state,running
174356.775836,0,tick,""
174356.775847,0,reduction,""
174356.775848,0,sched_state,running
174356.776147,0,tick,""
174356.776151,0,reduction,""
174356.776152,0,sched_state,running
174356.776443,0,tick,""
174356.776446,0,reduction,""
174356.776447,0,sched_state,running
174356.776738,0,tick,""
174356.776741,0,reduction,""
174356.776742,0,sched_state,running
174356.777033,0,tick,""
174356.777036,0,reduction,""
174356.777038,0,sched_state,running
174356.777329,0,tick,""
174356.777332,0,reduction,""
174356.777333,0,sched_state,running
174356.777623,0,tick,""
174356.777626,0,reduction,""
174356.777628,0,sched_state,running
174356.777920,0,tick,""
174356.777923,0,reduction,""
174356.777924,0,sched_state,running
174356.778211,0,tick,""
174356.778214,0,spawn,""
174356.778216,0,reduction,""
174356.778217,0,sched_state,running
174356.778508,0,tick,""
174356.778510,0,reduction,""
174356.778511,0,sched_state,running
174356.778804,0,tick,""
174356.778808,0,reduction,""
174356.778809,0,sched_state,running
174356.779102,0,tick,""
174356.781902,1,channel_blocked,73
174356.781907,0,yield,""
174356.781909,0,sched_state,waiting
174356.782472,0,tick,""
174356.782482,0,reduction,""
174356.782483,0,sched_state,running
174356.782790,0,tick,""
174356.782803,0,reduction,""
174356.782805,0,sched_state,running
174356.783099,0,tick,""
174356.783113,0,reduction,""
174356.783114,0,sched_state,running
174356.783408,0,tick,""
174356.783412,0,reduction,""
174356.783414,0,sched_state,running
174356.783707,0,tick,""
174356.783720,0,reduction,""
174356.783721,0,sched_state,running
174356.784012,0,tick,""
174356.784022,0,reduction,""
174356.784023,0,sched_state,running
174356.784317,0,tick,""
174356.784321,0,reduction,""
174356.784323,0,sched_state,running
174356.784613,0,tick,""
174356.784709,0,reduction,""
174356.784711,0,sched_state,running
174356.785004,0,tick,""
174356.785016,0,reduction,""
174356.785017,0,sched_state,running
174356.785308,0,tick,""
174356.785311,0,reduction,""
174356.785312,0,sched_state,running
174356.785599,0,tick,""
174356.785602,0,reduction,""
174356.785604,0,sched_state,running
174356.785889,0,tick,""
174356.785892,0,reduction,""
174356.785893,0,sched_state,running
174356.786183,0,tick,""
174356.786186,0,reduction,""
174356.786187,0,sched_state,running
174356.786478,0,tick,""
174356.786481,0,reduction,""
174356.786482,0,sched_state,running
174356.786773,0,tick,""
174356.786776,0,reduction,""
174356.786777,0,sched_state,running
174356.787067,0,tick,""
174356.787070,0,reduction,""
174356.787071,0,sched_state,running
174356.787356,0,tick,""
174356.787359,0,spawn,""
174356.787361,0,reduction,""
174356.787362,0,sched_state,running
174356.787650,0,tick,""
174356.787652,0,reduction,""
174356.787653,0,sched_state,running
174356.787946,0,tick,""
174356.787949,0,reduction,""
174356.787951,0,sched_state,running
174356.788253,0,tick,""
174356.798899,1,channel_unblocked,73
174356.798918,0,yield,""
174356.798922,0,sched_state,waiting
174356.802375,0,tick,""
174356.802390,0,reduction,""
174356.802393,0,sched_state,running
174356.805340,0,tick,""
174356.805383,0,reduction,""
174356.805386,0,sched_state,running
174356.806997,0,tick,""
174356.807020,0,reduction,""
174356.807022,0,sched_state,running
174356.808634,0,tick,""
174356.808656,0,reduction,""
174356.808658,0,sched_state,running
174356.810268,0,tick,""
174356.810313,0,reduction,""
174356.810318,0,sched_state,running
174356.811938,0,tick,""
174356.811962,0,reduction,""
174356.811964,0,sched_state,running
174356.813582,0,tick,""
174356.813605,0,reduction,""
174356.813607,0,sched_state,running
174356.815219,0,tick,""
174356.815241,0,reduction,""
174356.815243,0,sched_state,running
174356.816877,0,tick,""
174356.817041,0,reduction,""
174356.817044,0,sched_state,running
174356.818597,0,tick,""
174356.818636,0,reduction,""
174356.818639,0,sched_state,running
174356.820185,0,tick,""
174356.820195,0,reduction,""
174356.820197,0,sched_state,running
174356.821735,0,tick,""
174356.821748,0,reduction,""
174356.821750,0,sched_state,running
174356.823285,0,tick,""
174356.823297,0,spawn,""
174356.823299,0,reduction,""
174356.823300,0,sched_state,running
174356.824846,0,tick,""
174356.824856,0,reduction,""
174356.824857,0,sched_state,running
174356.826393,0,tick,""
174356.826405,0,reduction,""
174356.826407,0,sched_state,running
174356.827933,0,tick,""
174356.827945,0,reduction,""
174356.827947,0,sched_state,running
174356.829485,0,tick,""
174356.829524,0,reduction,""
174356.829526,0,sched_state,running
174356.831048,0,tick,""
174356.831061,0,reduction,""
174356.831063,0,sched_state,running
174356.832593,0,tick,""
174356.832623,0,reduction,""
174356.832625,0,sched_state,running
174356.834136,0,tick,""
174356.834167,0,reduction,""
174356.834169,0,sched_state,running
174356.835705,0,tick,""
174356.835717,0,reduction,""
174356.835719,0,sched_state,running
174356.837284,0,tick,""
174356.837317,0,reduction,""
174356.837319,0,sched_state,running
174356.838860,0,tick,""
174356.838872,0,reduction,""
174356.838874,0,sched_state,running
174356.840436,0,tick,""
174356.840448,0,reduction,""
174356.840449,0,sched_state,running
174356.841982,0,tick,""
174356.842017,0,reduction,""
174356.842019,0,sched_state,running
174356.843542,0,tick,""
174356.843557,0,reduction,""
174356.843558,0,sched_state,running
174356.845090,0,tick,""
174356.845103,0,reduction,""
174356.845104,0,sched_state,running
174356.846645,0,tick,""
174356.846658,0,reduction,""
174356.846660,0,sched_state,running
174356.848215,0,tick,""
174356.848351,0,reduction,""
174356.848354,0,sched_state,running
174356.849888,0,tick,""
174356.849924,0,reduction,""
174356.849926,0,sched_state,running
174356.851459,0,tick,""
174356.851469,0,reduction,""
174356.851470,0,sched_state,running
174356.853019,0,tick,""
174356.853032,0,reduction,""
174356.853033,0,sched_state,running
174356.854570,0,tick,""
174356.854582,0,spawn,""
174356.854584,0,reduction,""
174356.854585,0,sched_state,running
174356.856141,0,tick,""
174356.856150,0,reduction,""
174356.856152,0,sched_state,running
174356.857738,0,tick,""
174356.857747,0,reduction,""
174356.857749,0,sched_state,running
174356.859307,0,tick,""
174356.859315,0,reduction,""
174356.859318,0,sched_state,running
174356.860865,0,tick,""
174356.860901,0,reduction,""
174356.860903,0,sched_state,running
174356.862469,0,tick,""
174356.862483,0,reduction,""
174356.862484,0,sched_state,running
174356.864027,0,tick,""
174356.864060,0,reduction,""
174356.864062,0,sched_state,running
174356.865610,0,tick,""
174356.865641,0,reduction,""
174356.865643,0,sched_state,running
174356.867185,0,tick,""
174356.867198,0,sched_state,stop
