timestamp,lpu,event,value
178497.920736,6,sched_state,startup
178497.920736,2,sched_state,startup
178497.920736,1,sched_state,startup
178497.920736,5,sched_state,startup
178497.920767,4,sched_state,startup
178497.920772,7,sched_state,startup
178497.920960,0,sched_state,startup
178497.920964,6,tick,""
178497.920967,2,tick,""
178497.920970,4,tick,""
178497.920977,6,queue_length,0
178497.920977,5,tick,""
178497.920977,1,tick,""
178497.920979,4,queue_length,0
178497.920984,4,sched_state,waiting
178497.920984,6,sched_state,waiting
178497.920986,1,queue_length,0
178497.920986,5,queue_length,0
178497.920991,7,tick,""
178497.920992,1,sched_state,waiting
178497.920993,4,tick,""
178497.920992,5,sched_state,waiting
178497.920996,6,tick,""
178497.921001,7,queue_length,0
178497.921002,2,queue_length,0
178497.921005,1,tick,""
178497.921005,5,tick,""
178497.921007,2,sched_state,waiting
178497.921010,7,sched_state,waiting
178497.921015,2,tick,""
178497.921022,7,tick,""
178497.921033,4,sched_state,waiting
178497.921034,6,sched_state,waiting
178497.921036,4,tick,""
178497.921039,5,sched_state,waiting
178497.921043,2,sched_state,waiting
178497.921043,6,tick,""
178497.921049,2,tick,""
178497.921049,5,tick,""
178497.921050,7,sched_state,waiting
178497.921058,7,tick,""
178497.921097,1,sched_state,waiting
178497.921107,1,tick,""
178497.921131,3,sched_state,startup
178497.921335,0,tick,""
178497.921341,3,tick,""
178497.921352,3,queue_length,0
178497.921357,3,sched_state,waiting
178497.921369,3,tick,""
178497.921392,3,sched_state,waiting
178497.921397,3,tick,""
178497.921402,3,sched_state,waiting
178497.921405,3,tick,""
178497.921409,3,sched_state,waiting
178497.921412,3,tick,""
178497.921416,3,sched_state,waiting
178497.921419,3,tick,""
178497.921485,0,queue_length,1
178497.921490,0,queue_length,0
178497.921668,0,sched_state,running
178497.921783,0,tick,""
178497.921789,0,reduction,""
178497.921791,0,sched_state,running
178497.921890,0,tick,""
178497.921894,0,reduction,""
178497.921896,0,sched_state,running
178497.921981,0,tick,""
178497.921984,0,reduction,""
178497.921985,0,sched_state,running
178497.922048,0,tick,""
178497.922051,0,reduction,""
178497.922052,0,sched_state,running
178497.922112,0,tick,""
178497.922115,0,reduction,""
178497.922116,0,sched_state,running
178497.922176,0,tick,""
178497.922178,0,reduction,""
178497.922179,0,sched_state,running
178497.922240,0,tick,""
178497.922243,0,reduction,""
178497.922244,0,sched_state,running
178497.922305,0,tick,""
178497.922308,0,reduction,""
178497.922309,0,sched_state,running
178497.922372,0,tick,""
178497.922375,0,reduction,""
178497.922376,0,sched_state,running
178497.922544,0,tick,""
178497.924173,0,reduction,""
178497.924177,0,sched_state,running
178497.924408,0,tick,""
178497.924429,0,reduction,""
178497.924440,0,sched_state,running
178497.924859,0,tick,""
178497.924892,0,reduction,""
178497.924902,0,sched_state,running
178497.925161,0,tick,""
178497.925812,0,reduction,""
178497.925830,0,sched_state,running
178497.926042,0,tick,""
178497.926058,0,reduction,""
178497.926063,0,sched_state,running
178497.926267,0,tick,""
178497.926288,0,reduction,""
178497.926295,0,sched_state,running
178497.926493,0,tick,""
178497.926507,0,reduction,""
178497.926512,0,sched_state,running
178497.926698,0,tick,""
178497.926709,0,reduction,""
178497.926715,0,sched_state,running
178497.926913,0,tick,""
178497.926933,0,reduction,""
178497.926942,0,sched_state,running
178497.927136,0,tick,""
178497.927151,0,reduction,""
178497.927156,0,sched_state,running
178497.927348,0,tick,""
178497.927369,0,reduction,""
178497.927377,0,sched_state,running
178497.927571,0,tick,""
178497.928393,0,queue_length,0
178497.928517,0,sched_state,running
178497.928579,0,tick,""
178497.928587,0,reduction,""
178497.928589,0,sched_state,running
178497.928640,0,tick,""
178497.928645,0,reduction,""
178497.928646,0,sched_state,running
178497.928698,0,tick,""
178497.928702,0,reduction,""
178497.928703,0,sched_state,running
178497.928757,0,tick,""
178497.928763,0,reduction,""
178497.928764,0,sched_state,running
178497.928813,0,tick,""
178497.928818,0,reduction,""
178497.928819,0,sched_state,running
178497.928867,0,tick,""
178497.928928,0,reduction,""
178497.928931,0,sched_state,running
178497.928992,0,tick,""
178497.929004,0,reduction,""
178497.929006,0,sched_state,running
178497.929058,0,tick,""
178497.929064,0,reduction,""
178497.929065,0,sched_state,running
178497.929115,0,tick,""
178497.929120,0,reduction,""
178497.929121,0,sched_state,running
178497.929177,0,tick,""
178497.929189,0,reduction,""
178497.929190,0,sched_state,running
178497.929245,0,tick,""
178497.929250,0,reduction,""
178497.929252,0,sched_state,running
178497.929304,0,tick,""
178497.929318,0,reduction,""
178497.929321,0,sched_state,running
178497.929375,0,tick,""
178497.929382,0,spawn,""
178497.929384,0,reduction,""
178497.929385,0,sched_state,running
178497.929656,0,tick,""
178497.929660,0,reduction,""
178497.929662,0,sched_state,running
178497.929688,0,queue_length,1
178497.929720,0,tick,""
178497.929728,0,reduction,""
178497.929730,0,sched_state,running
178497.929785,0,tick,""
178497.929790,0,reduction,""
178497.929791,0,sched_state,running
178497.929842,0,tick,""
178497.929846,0,reduction,""
178497.929847,0,sched_state,running
178497.929900,0,tick,""
178497.929913,0,reduction,""
178497.929915,0,sched_state,running
178497.929967,0,tick,""
178497.930016,0,reduction,""
178497.930026,0,sched_state,running
178497.930087,0,tick,""
178497.930096,0,reduction,""
178497.930098,0,sched_state,running
178497.930148,0,tick,""
178497.930558,0,queue_length,1
178497.930772,0,sched_state,running
178497.930918,0,tick,""
178497.930922,0,reduction,""
178497.930923,0,sched_state,running
178497.931059,0,tick,""
178497.931062,0,reduction,""
178497.931064,0,sched_state,running
178497.931141,0,tick,""
178497.931145,0,reduction,""
178497.931146,0,sched_state,running
178497.931222,0,tick,""
178497.931225,0,reduction,""
178497.931226,0,sched_state,running
178497.931301,0,tick,""
178497.931304,0,reduction,""
178497.931305,0,sched_state,running
178497.931379,0,tick,""
178497.931382,0,reduction,""
178497.931383,0,sched_state,running
178497.931457,0,tick,""
178497.932074,0,channel_blocked,151
178497.932076,0,yield,""
178497.932078,0,sched_state,running
178497.932094,0,tick,""
178497.932102,0,queue_length,0
178497.932294,0,sched_state,running
178497.932390,0,tick,""
178497.932397,0,reduction,""
178497.932398,0,sched_state,running
178497.932490,0,tick,""
178497.932498,0,reduction,""
178497.932501,0,sched_state,running
178497.932558,0,tick,""
178497.932571,0,reduction,""
178497.932572,0,sched_state,running
178497.932632,0,tick,""
178497.932637,0,reduction,""
178497.932638,0,sched_state,running
178497.932690,0,tick,""
178497.932700,0,reduction,""
178497.932701,0,sched_state,running
178497.932760,0,tick,""
178497.932765,0,spawn,""
178497.932766,0,reduction,""
178497.932767,0,sched_state,running
178497.933024,0,tick,""
178497.933029,0,reduction,""
178497.933030,0,sched_state,running
178497.933084,0,tick,""
178497.933088,0,reduction,""
178497.933089,0,sched_state,running
178497.933139,0,tick,""
178497.933147,0,reduction,""
178497.933149,0,sched_state,running
178497.933229,0,tick,""
178497.933235,0,reduction,""
178497.933236,0,sched_state,running
178497.933313,0,tick,""
178497.933325,0,reduction,""
178497.933327,0,sched_state,running
178497.933404,0,tick,""
178497.933416,0,queue_length,1
178497.933459,0,reduction,""
178497.933469,0,sched_state,running
178497.933551,0,tick,""
178497.933565,0,reduction,""
178497.933569,0,sched_state,running
178497.933650,0,tick,""
178497.933658,0,reduction,""
178497.933659,0,sched_state,running
178497.933747,0,tick,""
178497.933754,0,reduction,""
178497.933756,0,sched_state,running
178497.933840,0,tick,""
178497.933858,0,reduction,""
178497.933860,0,sched_state,running
178497.933947,0,tick,""
178497.933955,0,reduction,""
178497.933956,0,sched_state,running
178497.934020,2,sched_state,waiting
178497.934022,5,sched_state,waiting
178497.934029,2,tick,""
178497.934031,5,tick,""
178497.934053,2,sched_state,waiting
178497.934055,6,sched_state,waiting
178497.934055,4,sched_state,waiting
178497.934059,2,tick,""
178497.934061,6,tick,""
178497.934064,0,tick,""
178497.934065,4,tick,""
178497.934070,7,sched_state,waiting
178497.934080,7,tick,""
178497.934086,7,sched_state,waiting
178497.934087,0,reduction,""
178497.934089,0,sched_state,running
178497.934091,7,tick,""
178497.934090,4,sched_state,waiting
178497.934094,7,sched_state,waiting
178497.934099,7,tick,""
178497.934100,4,tick,""
178497.934120,7,sched_state,waiting
178497.934125,7,tick,""
178497.934126,6,sched_state,waiting
178497.934134,6,tick,""
178497.934189,0,tick,""
178497.934196,0,spawn,""
178497.934199,0,reduction,""
178497.934200,0,sched_state,running
178497.934510,0,tick,""
178497.934516,0,reduction,""
178497.934518,0,sched_state,running
178497.934609,0,tick,""
178497.934806,0,queue_length,2
178497.934891,0,queue_length,2
178497.935379,0,sched_state,running
178497.935589,0,tick,""
178497.935593,0,reduction,""
178497.935594,0,sched_state,running
178497.935678,0,tick,""
178497.935681,0,reduction,""
178497.935683,0,sched_state,running
178497.935872,0,tick,""
178497.935877,0,reduction,""
178497.935878,0,sched_state,running
178497.935999,0,tick,""
178497.936003,0,reduction,""
178497.936006,0,sched_state,running
178497.936143,0,tick,""
178497.936147,0,reduction,""
178497.936149,0,sched_state,running
178497.936266,0,tick,""
178497.936271,0,reduction,""
178497.936272,0,sched_state,running
178497.936388,0,tick,""
178497.937182,1,channel_blocked,206
178497.937184,0,yield,""
178497.937186,0,sched_state,running
178497.937192,0,tick,""
178497.937197,0,queue_length,1
178497.937434,0,sched_state,running
178497.937529,0,tick,""
178497.937532,0,reduction,""
178497.937533,0,sched_state,running
178497.937698,0,tick,""
178497.937702,0,reduction,""
178497.937703,0,sched_state,running
178497.937830,0,tick,""
178497.937833,0,reduction,""
178497.937834,0,sched_state,running
178497.937915,0,tick,""
178497.937918,0,reduction,""
178497.937919,0,sched_state,running
178497.937998,0,tick,""
178497.938001,0,reduction,""
178497.938003,0,sched_state,running
178497.938080,0,tick,""
178497.938083,0,reduction,""
178497.938084,0,sched_state,running
178497.938162,0,tick,""
178497.938703,2,channel_blocked,235
178497.938705,0,yield,""
178497.938709,0,sched_state,running
178497.938717,0,tick,""
178497.938722,0,queue_length,0
178497.938878,0,sched_state,running
178497.938945,0,tick,""
178497.938949,0,reduction,""
178497.938951,0,sched_state,running
178497.939012,0,tick,""
178497.939021,0,reduction,""
178497.939022,0,sched_state,running
178497.939080,0,tick,""
178497.939083,0,reduction,""
178497.939085,0,sched_state,running
178497.939139,0,tick,""
178497.939149,0,reduction,""
178497.939151,0,sched_state,running
178497.939203,0,tick,""
178497.939245,0,reduction,""
178497.939247,0,sched_state,running
178497.939331,0,tick,""
178497.939345,0,reduction,""
178497.939348,0,sched_state,running
178497.939430,0,tick,""
178497.939439,0,reduction,""
178497.939441,0,sched_state,running
178497.939528,0,tick,""
178497.939537,0,reduction,""
178497.939540,0,sched_state,running
178497.939625,0,tick,""
178497.939643,0,reduction,""
178497.939645,0,sched_state,running
178497.939733,0,tick,""
178497.939739,0,reduction,""
178497.939741,0,sched_state,running
178497.939826,0,tick,""
178497.939843,0,reduction,""
178497.939844,0,sched_state,running
178497.939937,0,tick,""
178497.939942,0,spawn,""
178497.939944,0,reduction,""
178497.939946,0,sched_state,running
178497.940335,0,tick,""
178497.940349,0,reduction,""
178497.940350,0,sched_state,running
178497.940360,0,queue_length,1
178497.940439,0,tick,""
178497.940443,0,reduction,""
178497.940445,0,sched_state,running
178497.940498,0,tick,""
178497.940509,0,reduction,""
178497.940511,0,sched_state,running
178497.940574,0,tick,""
178497.940578,0,reduction,""
178497.940579,0,sched_state,running
178497.940634,0,tick,""
178497.940645,0,reduction,""
178497.940647,0,sched_state,running
178497.940700,0,tick,""
178497.940737,0,reduction,""
178497.940738,0,sched_state,running
178497.940820,0,tick,""
178497.940834,0,reduction,""
178497.940838,0,sched_state,running
178497.940920,0,tick,""
178497.940927,0,reduction,""
178497.940928,0,sched_state,running
178497.941014,0,tick,""
178497.941319,0,queue_length,1
178497.941728,0,sched_state,running
178497.941989,0,tick,""
178497.941995,0,reduction,""
178497.941997,0,sched_state,running
178497.942118,0,tick,""
178497.942124,0,reduction,""
178497.942127,0,sched_state,running
178497.942289,0,tick,""
178497.942294,0,reduction,""
178497.942296,0,sched_state,running
178497.942411,0,tick,""
178497.942415,0,reduction,""
178497.942417,0,sched_state,running
178497.942543,0,tick,""
178497.942547,0,reduction,""
178497.942549,0,sched_state,running
178497.942661,0,tick,""
178497.942665,0,reduction,""
178497.942667,0,sched_state,running
178497.942777,0,tick,""
178497.943318,3,channel_blocked,330
178497.943320,0,yield,""
178497.943321,0,sched_state,running
178497.943348,0,tick,""
178497.943353,0,queue_length,0
178497.943561,0,sched_state,running
178497.943704,0,tick,""
178497.943710,0,reduction,""
178497.943712,0,sched_state,running
178497.943855,0,tick,""
178497.943872,0,reduction,""
178497.943875,0,sched_state,running
178497.943955,0,tick,""
178497.943960,0,reduction,""
178497.943961,0,sched_state,running
178497.944038,0,tick,""
178497.944050,0,reduction,""
178497.944052,0,sched_state,running
178497.944160,0,tick,""
178497.944165,0,spawn,""
178497.944166,0,reduction,""
178497.944168,0,sched_state,running
178497.944392,0,tick,""
178497.944396,0,reduction,""
178497.944397,0,sched_state,running
178497.944451,0,tick,""
178497.944455,0,reduction,""
178497.944456,0,sched_state,running
178497.944508,0,tick,""
178497.944515,0,reduction,""
178497.944516,0,sched_state,running
178497.944566,0,tick,""
178497.944569,0,reduction,""
178497.944570,0,sched_state,running
178497.944619,0,tick,""
178497.944629,0,reduction,""
178497.944630,0,sched_state,running
178497.944678,0,tick,""
178497.944827,0,queue_length,1
178497.944861,0,reduction,""
178497.944863,0,sched_state,running
178497.944948,0,tick,""
178497.944964,0,reduction,""
178497.944969,0,sched_state,running
178497.945012,2,sched_state,waiting
178497.945019,5,sched_state,waiting
178497.945019,3,sched_state,waiting
178497.945022,2,tick,""
178497.945028,5,tick,""
178497.945028,3,tick,""
178497.945055,0,tick,""
178497.945058,3,sched_state,waiting
178497.945057,2,sched_state,waiting
178497.945062,0,reduction,""
178497.945064,0,sched_state,running
178497.945065,3,tick,""
178497.945067,2,tick,""
178497.945075,2,sched_state,waiting
178497.945075,3,sched_state,waiting
178497.945079,3,tick,""
178497.945079,2,tick,""
178497.945159,0,tick,""
178497.945165,0,reduction,""
178497.945167,0,sched_state,running
178497.945252,0,tick,""
178497.945276,0,reduction,""
178497.945279,0,sched_state,running
178497.945378,0,tick,""
178497.945384,0,reduction,""
178497.945385,0,sched_state,running
178497.945475,0,tick,""
178497.945494,0,reduction,""
178497.945498,0,sched_state,running
178497.945638,0,tick,""
178497.945645,0,spawn,""
178497.945648,0,reduction,""
178497.945649,0,sched_state,running
178497.946021,0,tick,""
178497.946022,0,queue_length,2
178497.946025,0,reduction,""
178497.946026,0,sched_state,running
178497.946105,0,tick,""
178497.946111,0,reduction,""
178497.946113,0,sched_state,running
178497.946196,0,tick,""
178497.946203,0,queue_length,1
178497.946841,0,queue_length,1
178497.947461,0,sched_state,running
178497.947661,0,tick,""
178497.947665,0,reduction,""
178497.947666,0,sched_state,running
178497.947752,0,tick,""
178497.947755,0,reduction,""
178497.947756,0,sched_state,running
178497.947851,0,tick,""
178497.947854,0,reduction,""
178497.947856,0,sched_state,running
178497.947931,0,tick,""
178497.947934,0,reduction,""
178497.947935,0,sched_state,running
178497.948010,0,tick,""
178497.948013,0,reduction,""
178497.948014,0,sched_state,running
178497.948089,0,tick,""
178497.948092,0,reduction,""
178497.948094,0,sched_state,running
178497.948186,0,tick,""
178497.948672,5,channel_blocked,428
178497.948674,0,yield,""
178497.948676,0,sched_state,running
178497.948691,0,tick,""
178497.948697,0,queue_length,0
178497.948918,0,sched_state,running
178497.949008,0,tick,""
178497.949022,0,reduction,""
178497.949025,0,sched_state,running
178497.949161,0,tick,""
178497.949166,0,reduction,""
178497.949167,0,sched_state,running
178497.949312,0,tick,""
178497.949318,0,reduction,""
178497.949320,0,sched_state,running
178497.949395,0,tick,""
178497.949399,0,reduction,""
178497.949403,0,sched_state,running
178497.949476,0,tick,""
178497.949482,0,reduction,""
178497.949484,0,sched_state,running
178497.949576,0,tick,""
178497.949596,0,reduction,""
178497.949598,0,sched_state,running
178497.949671,0,tick,""
178497.949676,0,reduction,""
178497.949678,0,sched_state,running
178497.949750,0,tick,""
178497.949766,0,reduction,""
178497.949769,0,sched_state,running
178497.949840,0,tick,""
178497.949845,0,reduction,""
178497.949848,0,sched_state,running
178497.949919,0,tick,""
178497.949925,0,reduction,""
178497.949927,0,sched_state,running
178497.949995,0,tick,""
178497.951088,0,channel_unblocked,87
178497.951093,0,yield,""
178497.951322,0,sched_state,running
178497.951439,0,tick,""
178497.951443,0,reduction,""
178497.951445,0,sched_state,running
178497.951504,0,tick,""
178497.951508,0,reduction,""
178497.951509,0,sched_state,running
178497.951567,0,tick,""
178497.951571,0,reduction,""
178497.951572,0,sched_state,running
178497.951626,0,tick,""
178497.951641,0,reduction,""
178497.951643,0,sched_state,running
178497.951699,0,tick,""
178497.951702,0,reduction,""
178497.951703,0,sched_state,running
178497.951756,0,tick,""
178497.951771,0,reduction,""
178497.951772,0,sched_state,running
178497.951825,0,tick,""
178497.951829,0,reduction,""
178497.951830,0,sched_state,running
178497.951883,0,tick,""
178497.951886,0,reduction,""
178497.951887,0,sched_state,running
178497.951938,0,tick,""
178497.951941,0,reduction,""
178497.951942,0,sched_state,running
178497.951993,0,tick,""
178497.952173,0,queue_length,1
178497.952482,0,queue_length,1
178497.953212,0,sched_state,running
178497.953525,0,tick,""
178497.953531,0,reduction,""
178497.953532,0,sched_state,running
178497.953710,0,tick,""
178497.953719,0,reduction,""
178497.953728,0,sched_state,running
178497.954014,0,tick,""
178497.954220,0,reduction,""
178497.954223,0,sched_state,running
178497.954388,0,tick,""
178497.954394,0,reduction,""
178497.954396,0,sched_state,running
178497.954545,0,tick,""
178497.954550,0,reduction,""
178497.954552,0,sched_state,running
178497.954704,0,tick,""
178497.954707,0,reduction,""
178497.954709,0,sched_state,running
178497.954864,0,tick,""
178497.954870,0,reduction,""
178497.954872,0,sched_state,running
178497.955019,0,tick,""
178497.955164,0,reduction,""
178497.955166,0,sched_state,running
178497.955326,0,tick,""
178497.955331,0,reduction,""
178497.955333,0,sched_state,running
178497.955482,0,tick,""
178497.955498,0,reduction,""
178497.955501,0,sched_state,running
178497.955647,0,tick,""
178497.955652,0,reduction,""
178497.955654,0,sched_state,running
178497.955785,0,tick,""
178497.955790,0,reduction,""
178497.955791,0,sched_state,running
178497.955924,0,tick,""
178497.955929,0,reduction,""
178497.955930,0,sched_state,running
178497.956028,6,sched_state,waiting
178497.956028,7,sched_state,waiting
178497.956044,1,sched_state,waiting
178497.956061,4,sched_state,waiting
178497.956180,6,tick,""
178497.956187,0,tick,""
178497.956201,7,tick,""
178497.956215,1,tick,""
178497.956236,6,sched_state,waiting
178497.956238,7,sched_state,waiting
178497.956245,6,tick,""
178497.956249,7,tick,""
178497.956290,4,tick,""
178497.956301,3,sched_state,running
178497.956312,4,sched_state,waiting
178497.956320,4,tick,""
178497.956324,4,sched_state,waiting
178497.956326,4,tick,""
178497.956449,3,tick,""
178497.956454,3,reduction,""
178497.956456,3,sched_state,running
178497.956591,3,tick,""
178497.956596,3,reduction,""
178497.956598,3,sched_state,running
178497.956721,3,tick,""
178497.956726,3,reduction,""
178497.956728,3,sched_state,running
178497.956847,3,tick,""
178497.956852,3,reduction,""
178497.956854,3,sched_state,running
178497.956973,3,tick,""
178497.956978,3,reduction,""
178497.956980,3,sched_state,running
178497.957101,3,tick,""
178497.957106,3,reduction,""
178497.957108,3,sched_state,running
178497.957224,3,tick,""
178497.957649,1,channel_unblocked,151
178497.957656,0,yield,""
178497.958076,0,sched_state,running
178497.958080,0,queue_length,2
178497.958152,4,channel_blocked,400
178497.958155,3,yield,""
178497.958157,3,sched_state,running
178497.958166,3,tick,""
178497.958173,3,queue_length,0
178497.958179,3,sched_state,waiting
178497.958185,3,tick,""
178497.958207,3,sched_state,waiting
178497.958211,3,tick,""
178497.958320,0,tick,""
178497.958325,0,reduction,""
178497.958327,0,sched_state,running
178497.958600,0,tick,""
178497.958606,0,reduction,""
178497.958609,0,sched_state,running
178497.958880,0,tick,""
178497.958884,0,reduction,""
178497.958885,0,sched_state,running
178497.958988,0,tick,""
178497.958991,0,reduction,""
178497.958992,0,sched_state,running
178497.959147,0,tick,""
178497.959152,0,reduction,""
178497.959153,0,sched_state,running
178497.959308,0,tick,""
178497.959322,0,reduction,""
178497.959324,0,sched_state,running
178497.959481,0,tick,""
178497.959494,0,queue_length,1
178497.961286,0,queue_length,1
178497.961640,0,sched_state,running
178497.961886,0,tick,""
178497.961893,0,reduction,""
178497.961895,0,sched_state,running
178497.962028,0,tick,""
178497.962032,0,reduction,""
178497.962033,0,sched_state,running
178497.962157,0,tick,""
178497.962318,0,reduction,""
178497.962320,0,sched_state,running
178497.962439,0,tick,""
178497.962443,0,reduction,""
178497.962444,0,sched_state,running
178497.962556,0,tick,""
178497.962559,0,reduction,""
178497.962560,0,sched_state,running
178497.962713,0,tick,""
178497.962716,0,reduction,""
178497.962718,0,sched_state,running
178497.962893,0,tick,""
178497.962898,0,reduction,""
178497.962900,0,sched_state,running
178497.963074,0,tick,""
178497.963170,0,reduction,""
178497.963172,0,sched_state,running
178497.963288,0,tick,""
178497.963292,0,reduction,""
178497.963294,0,sched_state,running
178497.963405,0,tick,""
178497.963417,0,reduction,""
178497.963419,0,sched_state,running
178497.963519,0,tick,""
178497.963522,0,reduction,""
178497.963524,0,sched_state,running
178497.963626,0,tick,""
178497.963630,0,reduction,""
178497.963631,0,sched_state,running
178497.963724,0,tick,""
178497.963727,0,reduction,""
178497.963728,0,sched_state,running
178497.963821,0,tick,""
178497.965197,2,channel_unblocked,206
178497.965202,0,yield,""
178497.965510,0,sched_state,running
178497.965748,0,tick,""
178497.965752,0,reduction,""
178497.965754,0,sched_state,running
178497.965904,0,tick,""
178497.965909,0,reduction,""
178497.965910,0,sched_state,running
178497.966034,0,tick,""
178497.966037,0,reduction,""
178497.966038,0,sched_state,running
178497.966161,0,tick,""
178497.966165,0,reduction,""
178497.966167,0,sched_state,running
178497.966324,0,tick,""
178497.966328,0,reduction,""
178497.966329,0,sched_state,running
178497.966484,0,tick,""
178497.966495,0,reduction,""
178497.966497,0,sched_state,running
178497.966617,0,tick,""
178497.966620,0,queue_length,2
178497.967022,2,sched_state,waiting
178497.967028,6,sched_state,waiting
178497.967049,4,sched_state,waiting
178497.967224,6,tick,""
178497.967225,2,tick,""
178497.967228,6,sched_state,waiting
178497.967236,6,tick,""
178497.967270,6,sched_state,waiting
178497.967286,2,sched_state,waiting
178497.967331,6,tick,""
178497.967400,2,tick,""
178497.967416,0,queue_length,2
178497.967547,4,tick,""
178497.967550,7,sched_state,running
178497.967552,4,sched_state,waiting
178497.967663,4,tick,""
178497.967669,5,sched_state,waiting
178497.967681,5,tick,""
178497.967689,4,sched_state,waiting
178497.967695,4,tick,""
178497.967981,7,tick,""
178497.967989,7,reduction,""
178497.967992,7,sched_state,running
178497.968335,7,tick,""
178497.968341,7,reduction,""
178497.968343,7,sched_state,running
178497.968386,0,sched_state,running
178497.968534,7,tick,""
178497.968540,7,reduction,""
178497.968541,7,sched_state,running
178497.968619,0,tick,""
178497.968625,0,reduction,""
178497.968628,0,sched_state,running
178497.968731,7,tick,""
178497.968903,0,tick,""
178497.969198,3,sched_state,waiting
178497.969208,3,tick,""
178497.969244,3,sched_state,waiting
178497.969250,3,tick,""
178497.969370,6,channel_blocked,87
178497.969373,7,yield,""
178497.969375,7,sched_state,running
178497.969381,7,tick,""
178497.969385,7,queue_length,0
178497.969388,7,sched_state,waiting
178497.969391,7,tick,""
178497.969412,7,sched_state,waiting
178497.969428,7,tick,""
178497.969435,7,sched_state,waiting
178497.969439,7,tick,""
178497.969810,0,channel_blocked,151
178497.969813,0,yield,""
178497.969815,0,sched_state,running
178497.969860,0,tick,""
178497.969869,0,queue_length,1
178497.970477,0,sched_state,running
178497.970625,0,tick,""
178497.970629,0,reduction,""
178497.970630,0,sched_state,running
178497.970837,0,tick,""
178497.970843,0,reduction,""
178497.970844,0,sched_state,running
178497.971038,0,tick,""
178497.971192,0,reduction,""
178497.971196,0,sched_state,running
178497.971374,0,tick,""
178497.971379,0,reduction,""
178497.971381,0,sched_state,running
178497.971555,0,tick,""
178497.971559,0,reduction,""
178497.971561,0,sched_state,running
178497.971735,0,tick,""
178497.971738,0,reduction,""
178497.971740,0,sched_state,running
178497.971913,0,tick,""
178497.971918,0,reduction,""
178497.971920,0,sched_state,running
178497.972076,0,tick,""
178497.972173,0,reduction,""
178497.972175,0,sched_state,running
178497.972290,0,tick,""
178497.972293,0,reduction,""
178497.972294,0,sched_state,running
178497.972406,0,tick,""
178497.972418,0,reduction,""
178497.972419,0,sched_state,running
178497.972520,0,tick,""
178497.972524,0,reduction,""
178497.972525,0,sched_state,running
178497.972623,0,tick,""
178497.972626,0,reduction,""
178497.972627,0,sched_state,running
178497.972725,0,tick,""
178497.972729,0,reduction,""
178497.972730,0,sched_state,running
178497.972829,0,tick,""
178497.974685,3,channel_unblocked,235
178497.974690,0,yield,""
178497.974935,0,sched_state,running
178497.975138,0,tick,""
178497.975142,0,reduction,""
178497.975143,0,sched_state,running
178497.975257,0,tick,""
178497.975260,0,reduction,""
178497.975262,0,sched_state,running
178497.975367,0,tick,""
178497.975369,0,reduction,""
178497.975370,0,sched_state,running
178497.975472,0,tick,""
178497.975475,0,reduction,""
178497.975476,0,sched_state,running
178497.975578,0,tick,""
178497.975582,0,reduction,""
178497.975583,0,sched_state,running
178497.975686,0,tick,""
178497.975695,0,reduction,""
178497.975696,0,sched_state,running
178497.975802,0,tick,""
178497.976248,0,queue_length,2
178497.976475,0,queue_length,2
178497.977332,0,sched_state,running
178497.977625,0,tick,""
178497.977631,0,reduction,""
178497.977632,0,sched_state,running
178497.977897,0,tick,""
178497.978019,5,sched_state,waiting
178497.978046,6,sched_state,waiting
178497.978050,2,sched_state,waiting
178497.978057,6,tick,""
178497.978057,2,tick,""
178497.978060,2,sched_state,waiting
178497.978064,2,tick,""
178497.978099,6,sched_state,waiting
178497.978099,2,sched_state,waiting
178497.978104,6,tick,""
178497.978104,2,tick,""
178497.978109,2,sched_state,waiting
178497.978113,2,tick,""
178497.978144,5,tick,""
178497.978556,4,sched_state,waiting
178497.978565,4,tick,""
178497.978589,4,sched_state,waiting
178497.978592,4,tick,""
178497.978947,1,channel_blocked,206
178497.978951,0,yield,""
178497.978958,0,sched_state,running
178497.979030,0,tick,""
178497.979038,0,queue_length,1
178497.979699,0,sched_state,running
178497.980011,3,sched_state,waiting
178497.980011,7,sched_state,waiting
178497.980019,3,tick,""
178497.980020,7,tick,""
178497.980031,0,tick,""
178497.980037,0,reduction,""
178497.980039,0,sched_state,running
178497.980044,7,sched_state,waiting
178497.980044,3,sched_state,waiting
178497.980051,3,tick,""
178497.980057,3,sched_state,waiting
178497.980060,7,tick,""
178497.980061,3,tick,""
178497.980066,7,sched_state,waiting
178497.980073,7,tick,""
178497.980076,7,sched_state,waiting
178497.980079,7,tick,""
178497.980097,7,sched_state,waiting
178497.980101,7,tick,""
178497.980379,0,tick,""
178497.980388,0,reduction,""
178497.980390,0,sched_state,running
178497.980629,0,tick,""
178497.980781,0,reduction,""
178497.980783,0,sched_state,running
178497.980992,0,tick,""
178497.980997,0,reduction,""
178497.980998,0,sched_state,running
178497.981114,0,tick,""
178497.981117,0,reduction,""
178497.981118,0,sched_state,running
178497.981232,0,tick,""
178497.981235,0,reduction,""
178497.981236,0,sched_state,running
178497.981350,0,tick,""
178497.981354,0,reduction,""
178497.981356,0,sched_state,running
178497.981468,0,tick,""
178497.981577,0,reduction,""
178497.981580,0,sched_state,running
178497.981696,0,tick,""
178497.981700,0,reduction,""
178497.981701,0,sched_state,running
178497.981814,0,tick,""
178497.981826,0,reduction,""
178497.981828,0,sched_state,running
178497.981928,0,tick,""
178497.981932,0,reduction,""
178497.981933,0,sched_state,running
178497.982032,0,tick,""
178497.982035,0,reduction,""
178497.982036,0,sched_state,running
178497.982135,0,tick,""
178497.982139,0,reduction,""
178497.982141,0,sched_state,running
178497.982240,0,tick,""
178497.984204,4,channel_unblocked,330
178497.984209,0,yield,""
178497.984543,0,sched_state,running
178497.984749,0,tick,""
178497.984753,0,reduction,""
178497.984754,0,sched_state,running
178497.984870,0,tick,""
178497.984873,0,reduction,""
178497.984875,0,sched_state,running
178497.984981,0,tick,""
178497.984984,0,reduction,""
178497.984985,0,sched_state,running
178497.985088,0,tick,""
178497.985091,0,reduction,""
178497.985093,0,sched_state,running
178497.985196,0,tick,""
178497.985200,0,reduction,""
178497.985201,0,sched_state,running
178497.985303,0,tick,""
178497.985313,0,reduction,""
178497.985314,0,sched_state,running
178497.985417,0,tick,""
178497.985423,0,queue_length,2
178497.985426,0,queue_length,1
178497.986893,0,queue_length,1
178497.987166,0,sched_state,running
178497.987603,0,tick,""
178497.987610,0,reduction,""
178497.987615,0,sched_state,running
178497.987893,0,tick,""
178497.987900,0,reduction,""
178497.987902,0,sched_state,running
178497.988032,0,tick,""
178497.988196,0,reduction,""
178497.988199,0,sched_state,running
178497.988319,0,tick,""
178497.988323,0,reduction,""
178497.988325,0,sched_state,running
178497.988440,0,tick,""
178497.988443,0,reduction,""
178497.988446,0,sched_state,running
178497.988560,0,tick,""
178497.988563,0,reduction,""
178497.988564,0,sched_state,running
178497.988677,0,tick,""
178497.988681,0,reduction,""
178497.988682,0,sched_state,running
178497.988795,0,tick,""
178497.988898,0,reduction,""
178497.988901,0,sched_state,running
178497.989023,2,sched_state,waiting
178497.989027,1,sched_state,waiting
178497.989030,0,tick,""
178497.989032,2,tick,""
178497.989034,0,reduction,""
178497.989036,0,sched_state,running
178497.989118,2,sched_state,waiting
178497.989123,2,tick,""
178497.989188,0,tick,""
178497.989190,1,tick,""
178497.989212,0,reduction,""
178497.989214,0,sched_state,running
178497.989420,0,tick,""
178497.989427,0,reduction,""
178497.989429,0,sched_state,running
178497.989532,0,tick,""
178497.989536,0,reduction,""
178497.989538,0,sched_state,running
178497.989640,0,tick,""
178497.989644,0,reduction,""
178497.989645,0,sched_state,running
178497.989747,0,tick,""
178497.991994,5,channel_unblocked,400
178497.992008,0,yield,""
178497.992413,0,sched_state,running
178497.992415,0,queue_length,2
178497.992658,7,sched_state,running
178497.992662,0,tick,""
178497.992668,0,reduction,""
178497.992670,0,sched_state,running
178497.992781,0,tick,""
178497.992785,0,reduction,""
178497.992786,0,sched_state,running
178497.992840,7,tick,""
178497.992845,7,reduction,""
178497.992847,7,sched_state,running
178497.993106,0,tick,""
178497.993109,0,reduction,""
178497.993113,0,sched_state,running
178497.993206,7,tick,""
178497.993216,0,tick,""
178497.993219,0,reduction,""
178497.993220,0,sched_state,running
178497.993323,0,tick,""
178497.993326,0,reduction,""
178497.993327,0,sched_state,running
178497.993429,0,tick,""
178497.993439,0,reduction,""
178497.993441,0,sched_state,running
178497.993545,0,tick,""
178497.993553,0,queue_length,1
178497.993990,2,channel_blocked,235
178497.993992,7,yield,""
178497.993994,7,sched_state,running
178497.994000,7,tick,""
178497.994006,7,queue_length,0
178497.994009,7,sched_state,waiting
178497.994014,7,tick,""
178497.994037,7,sched_state,waiting
178497.994040,7,tick,""
178497.995664,0,queue_length,1
178497.996104,0,sched_state,running
178497.996470,0,tick,""
178497.996479,0,reduction,""
178497.996481,0,sched_state,running
178497.996866,0,tick,""
178497.996873,0,reduction,""
178497.996875,0,sched_state,running
178497.997027,0,tick,""
178497.997291,0,reduction,""
178497.997294,0,sched_state,running
178497.997426,0,tick,""
178497.997430,0,reduction,""
178497.997431,0,sched_state,running
178497.997549,0,tick,""
178497.997553,0,reduction,""
178497.997555,0,sched_state,running
178497.997669,0,tick,""
178497.997672,0,reduction,""
178497.997673,0,sched_state,running
178497.997788,0,tick,""
178497.997792,0,reduction,""
178497.997793,0,sched_state,running
178497.997908,0,tick,""
178497.998019,0,reduction,""
178497.998021,0,sched_state,running
178497.998299,0,tick,""
178497.998304,0,reduction,""
178497.998305,0,sched_state,running
178497.998609,0,tick,""
178497.998625,0,reduction,""
178497.998627,0,sched_state,running
178497.998732,0,tick,""
178497.998736,0,reduction,""
178497.998737,0,sched_state,running
178497.998838,0,tick,""
178497.998842,0,reduction,""
178497.998843,0,sched_state,running
178497.998944,0,tick,""
178497.998948,0,reduction,""
178497.998950,0,sched_state,running
178497.999051,0,tick,""
178498.000018,4,sched_state,waiting
178498.000192,4,tick,""
178498.000221,4,sched_state,waiting
178498.000227,4,tick,""
178498.000231,4,sched_state,waiting
178498.000269,4,tick,""
178498.000351,1,sched_state,waiting
178498.000602,1,tick,""
178498.001051,2,sched_state,waiting
178498.001082,2,tick,""
178498.001110,2,sched_state,waiting
178498.001116,2,tick,""
178498.001349,6,channel_unblocked,428
178498.001390,0,yield,""
178498.001730,0,sched_state,running
178498.001943,0,tick,""
178498.001949,0,reduction,""
178498.001951,0,sched_state,running
178498.002281,0,tick,""
178498.002287,0,reduction,""
178498.002290,0,sched_state,running
178498.002352,0,queue_length,2
178498.002458,0,tick,""
178498.002462,0,reduction,""
178498.002464,0,sched_state,running
178498.002715,3,sched_state,running
178498.002732,0,tick,""
178498.002739,0,reduction,""
178498.002742,0,sched_state,running
178498.002945,0,tick,""
178498.002950,0,reduction,""
178498.002952,0,sched_state,running
178498.003113,0,tick,""
178498.003126,0,reduction,""
178498.003128,0,sched_state,running
178498.003200,3,tick,""
178498.003206,3,reduction,""
178498.003208,3,sched_state,running
178498.003362,0,tick,""
178498.003388,0,queue_length,1
178498.003768,3,tick,""
178498.004757,0,queue_length,1
178498.004843,3,channel_blocked,330
178498.004846,3,yield,""
178498.004848,3,sched_state,running
178498.004856,3,tick,""
178498.004862,3,queue_length,0
178498.004865,3,sched_state,waiting
178498.004869,3,tick,""
178498.004894,3,sched_state,waiting
178498.004898,3,tick,""
178498.005227,0,sched_state,running
178498.005373,0,tick,""
178498.005378,0,reduction,""
178498.005380,0,sched_state,running
178498.005483,7,sched_state,waiting
178498.005618,7,tick,""
178498.005621,7,sched_state,waiting
178498.005627,0,tick,""
178498.005632,0,reduction,""
178498.005634,0,sched_state,running
178498.005761,0,tick,""
178498.005763,7,tick,""
178498.005788,7,sched_state,waiting
178498.005793,7,tick,""
178498.005889,0,reduction,""
178498.005892,0,sched_state,running
178498.006021,0,tick,""
178498.006025,0,reduction,""
178498.006027,0,sched_state,running
178498.006151,0,tick,""
178498.006164,0,reduction,""
178498.006165,0,sched_state,running
178498.006280,0,tick,""
178498.006284,0,reduction,""
178498.006285,0,sched_state,running
178498.006398,0,tick,""
178498.006402,0,reduction,""
178498.006403,0,sched_state,running
178498.006514,0,tick,""
178498.006518,0,reduction,""
178498.006519,0,sched_state,running
178498.006630,0,tick,""
178498.006634,0,reduction,""
178498.006635,0,sched_state,running
178498.006748,0,tick,""
178498.006752,0,reduction,""
178498.006753,0,sched_state,running
178498.006864,0,tick,""
178498.009065,0,channel_unblocked,87
178498.009070,0,yield,""
178498.009591,0,sched_state,running
178498.009593,0,queue_length,2
178498.009866,0,tick,""
178498.009870,0,reduction,""
178498.009871,0,sched_state,running
178498.010002,0,tick,""
178498.010006,0,reduction,""
178498.010007,0,sched_state,running
178498.010182,0,tick,""
178498.010185,0,reduction,""
178498.010187,0,sched_state,running
178498.010367,0,tick,""
178498.010371,0,reduction,""
178498.010373,0,sched_state,running
178498.010530,0,tick,""
178498.010534,0,reduction,""
178498.010536,0,sched_state,running
178498.010701,0,tick,""
178498.010714,0,reduction,""
178498.010717,0,sched_state,running
178498.010894,0,tick,""
178498.010899,0,reduction,""
178498.010900,0,sched_state,running
178498.011018,4,sched_state,waiting
178498.011063,0,tick,""
178498.011082,0,reduction,""
178498.011084,0,sched_state,running
178498.011187,0,tick,""
178498.011197,0,reduction,""
178498.011198,0,sched_state,running
178498.011290,4,tick,""
178498.011294,4,sched_state,waiting
178498.011302,0,tick,""
178498.011317,0,queue_length,1
178498.011472,4,tick,""
178498.011495,4,sched_state,waiting
178498.011499,4,tick,""
178498.011502,4,sched_state,waiting
178498.011510,4,tick,""
178498.012010,6,sched_state,running
178498.012232,2,sched_state,waiting
178498.012242,2,tick,""
178498.012262,2,sched_state,waiting
178498.012341,2,tick,""
178498.012357,6,tick,""
178498.012364,6,reduction,""
178498.012366,6,sched_state,running
178498.012754,6,tick,""
178498.013487,4,channel_blocked,400
178498.013490,6,yield,""
178498.013493,6,sched_state,running
178498.013500,6,tick,""
178498.013507,6,queue_length,0
178498.013511,6,sched_state,waiting
178498.013569,6,tick,""
178498.013597,6,sched_state,waiting
178498.013603,6,tick,""
178498.013607,6,sched_state,waiting
178498.013611,6,tick,""
178498.013737,0,queue_length,1
178498.014302,0,sched_state,running
178498.014678,0,tick,""
178498.014693,0,reduction,""
178498.014695,0,sched_state,running
178498.014998,0,tick,""
178498.015004,0,reduction,""
178498.015008,0,sched_state,running
178498.015162,0,tick,""
178498.015338,0,reduction,""
178498.015337,3,sched_state,waiting
178498.015341,0,sched_state,running
178498.015347,3,tick,""
178498.015375,3,sched_state,waiting
178498.015413,3,tick,""
178498.015559,0,tick,""
178498.015564,0,reduction,""
178498.015567,0,sched_state,running
178498.015779,0,tick,""
178498.015783,0,reduction,""
178498.015785,0,sched_state,running
178498.015924,0,tick,""
178498.015927,0,reduction,""
178498.015929,0,sched_state,running
178498.016062,0,tick,""
178498.016066,0,reduction,""
178498.016068,0,sched_state,running
178498.016215,0,tick,""
178498.016321,0,reduction,""
178498.016323,0,sched_state,running
178498.016463,0,tick,""
178498.016467,0,reduction,""
178498.016468,0,sched_state,running
178498.016602,0,tick,""
178498.016614,0,reduction,""
178498.016616,0,sched_state,running
178498.016739,0,tick,""
178498.016747,0,reduction,""
178498.016748,0,sched_state,running
178498.016922,0,tick,""
178498.016928,0,reduction,""
178498.016930,0,sched_state,running
178498.017124,0,tick,""
178498.017129,0,reduction,""
178498.017131,0,sched_state,running
178498.017324,0,tick,""
178498.019934,1,channel_unblocked,151
178498.019943,0,yield,""
178498.020387,0,sched_state,running
178498.020470,0,queue_length,2
178498.020720,0,tick,""
178498.020726,0,reduction,""
178498.020729,0,sched_state,running
178498.020964,0,tick,""
178498.020969,0,reduction,""
178498.020972,0,sched_state,running
178498.021168,0,tick,""
178498.021171,0,reduction,""
178498.021173,0,sched_state,running
178498.021317,0,tick,""
178498.021321,0,reduction,""
178498.021323,0,sched_state,running
178498.021518,0,tick,""
178498.021522,0,reduction,""
178498.021523,0,sched_state,running
178498.021712,0,tick,""
178498.021726,0,reduction,""
178498.021727,0,sched_state,running
178498.021868,0,tick,""
178498.021877,0,queue_length,1
178498.022019,1,sched_state,running
178498.022027,5,sched_state,waiting
178498.022179,4,sched_state,waiting
178498.022187,4,tick,""
178498.022209,4,sched_state,waiting
178498.022265,4,tick,""
178498.022345,5,tick,""
178498.022547,1,tick,""
178498.022554,1,reduction,""
178498.022556,1,sched_state,running
178498.022983,1,tick,""
178498.024339,6,sched_state,waiting
178498.024349,6,tick,""
178498.024854,0,queue_length,1
178498.025787,0,sched_state,running
178498.026185,0,tick,""
178498.026205,0,reduction,""
178498.026207,0,sched_state,running
178498.026599,0,tick,""
178498.026609,0,reduction,""
178498.026612,0,sched_state,running
178498.026819,0,tick,""
178498.027010,7,sched_state,waiting
178498.027037,0,reduction,""
178498.027040,0,sched_state,running
178498.027189,0,tick,""
178498.027194,0,reduction,""
178498.027197,0,sched_state,running
178498.027198,7,tick,""
178498.027215,5,channel_blocked,428
178498.027218,1,yield,""
178498.027221,1,sched_state,running
178498.027228,7,sched_state,waiting
178498.027334,7,tick,""
178498.027341,7,sched_state,waiting
178498.027353,0,tick,""
178498.027358,0,reduction,""
178498.027360,0,sched_state,running
178498.027425,7,tick,""
178498.027512,0,tick,""
178498.027515,0,reduction,""
178498.027517,0,sched_state,running
178498.027764,0,tick,""
178498.027769,0,reduction,""
178498.027771,0,sched_state,running
178498.027792,1,tick,""
178498.027803,1,queue_length,0
178498.027808,1,sched_state,waiting
178498.027816,1,tick,""
178498.027835,1,sched_state,waiting
178498.027841,1,tick,""
178498.027845,1,sched_state,waiting
178498.027852,1,tick,""
178498.027920,0,tick,""
178498.028016,0,reduction,""
178498.028018,0,sched_state,running
178498.028178,0,tick,""
178498.028183,0,reduction,""
178498.028184,0,sched_state,running
178498.028487,0,tick,""
178498.028502,0,reduction,""
178498.028504,0,sched_state,running
178498.028629,0,tick,""
178498.028637,0,reduction,""
178498.028639,0,sched_state,running
178498.028761,0,tick,""
178498.028764,0,reduction,""
178498.028766,0,sched_state,running
178498.028894,0,tick,""
178498.028898,0,reduction,""
178498.028899,0,sched_state,running
178498.029021,0,tick,""
178498.031826,2,channel_unblocked,206
178498.031832,0,yield,""
178498.032223,0,sched_state,running
178498.032224,0,queue_length,2
178498.032574,0,tick,""
178498.032581,0,reduction,""
178498.032584,0,sched_state,running
178498.032793,0,tick,""
178498.032799,0,reduction,""
178498.032801,0,sched_state,running
178498.033003,0,tick,""
178498.033006,0,reduction,""
178498.033009,0,sched_state,running
178498.033136,0,tick,""
178498.033140,0,reduction,""
178498.033141,0,sched_state,running
178498.033192,4,sched_state,waiting
178498.033201,4,tick,""
178498.033224,4,sched_state,waiting
178498.033284,0,tick,""
178498.033287,0,reduction,""
178498.033289,0,sched_state,running
178498.033301,4,tick,""
178498.033412,0,tick,""
178498.033421,0,reduction,""
178498.033423,0,sched_state,running
178498.033546,0,tick,""
178498.033553,0,queue_length,1
178498.035212,6,sched_state,running
178498.035399,2,sched_state,waiting
178498.035462,2,tick,""
178498.035768,6,tick,""
178498.035785,6,reduction,""
178498.035789,6,sched_state,running
178498.036066,0,queue_length,1
178498.036221,6,tick,""
178498.037347,6,channel_blocked,87
178498.037351,6,yield,""
178498.037355,6,sched_state,running
178498.037466,0,sched_state,running
178498.037637,6,tick,""
178498.037652,6,queue_length,0
178498.037657,6,sched_state,waiting
178498.037662,6,tick,""
178498.037698,6,sched_state,waiting
178498.037779,6,tick,""
178498.037787,6,sched_state,waiting
178498.037792,6,tick,""
178498.037932,3,sched_state,waiting
178498.037951,3,tick,""
178498.037955,0,tick,""
178498.037968,0,reduction,""
178498.037971,0,sched_state,running
178498.037980,3,sched_state,waiting
178498.037985,3,tick,""
178498.038192,0,tick,""
178498.038198,0,reduction,""
178498.038200,0,sched_state,running
178498.038594,0,tick,""
178498.038808,0,reduction,""
178498.038811,0,sched_state,running
178498.039009,0,tick,""
178498.039014,0,reduction,""
178498.039016,0,sched_state,running
178498.039207,0,tick,""
178498.039212,0,reduction,""
178498.039214,0,sched_state,running
178498.039405,0,tick,""
178498.039408,0,reduction,""
178498.039410,0,sched_state,running
178498.039601,0,tick,""
178498.039608,0,reduction,""
178498.039610,0,sched_state,running
178498.039737,7,sched_state,waiting
178498.039806,0,tick,""
178498.039940,0,reduction,""
178498.039943,0,sched_state,running
178498.040083,0,tick,""
178498.040088,0,reduction,""
178498.040090,0,sched_state,running
178498.040133,7,tick,""
178498.040159,7,sched_state,waiting
178498.040250,0,tick,""
178498.040264,0,reduction,""
178498.040266,0,sched_state,running
178498.040290,7,tick,""
178498.040408,0,tick,""
178498.040418,0,reduction,""
178498.040420,0,sched_state,running
178498.040548,0,tick,""
178498.040557,0,reduction,""
178498.040559,0,sched_state,running
178498.040771,0,tick,""
178498.040777,0,reduction,""
178498.040779,0,sched_state,running
178498.041166,0,tick,""
178498.043435,3,channel_unblocked,235
178498.043441,0,yield,""
178498.043832,0,sched_state,running
178498.043909,0,queue_length,2
178498.044127,0,tick,""
178498.044131,0,reduction,""
178498.044134,0,sched_state,running
178498.044245,4,sched_state,waiting
178498.044255,4,tick,""
178498.044280,4,sched_state,waiting
178498.044322,4,tick,""
178498.044504,5,sched_state,waiting
178498.044665,5,tick,""
178498.044674,5,sched_state,waiting
178498.044678,0,tick,""
178498.044685,0,reduction,""
178498.044687,0,sched_state,running
178498.044755,5,tick,""
178498.044889,0,tick,""
178498.044893,0,reduction,""
178498.044894,0,sched_state,running
178498.045097,0,tick,""
178498.045103,0,reduction,""
178498.045104,0,sched_state,running
178498.045299,0,tick,""
178498.045303,0,reduction,""
178498.045305,0,sched_state,running
178498.045444,0,tick,""
178498.045455,0,reduction,""
178498.045457,0,sched_state,running
178498.045580,0,tick,""
178498.045587,0,queue_length,1
178498.046325,2,sched_state,running
178498.046621,2,tick,""
178498.046627,2,reduction,""
178498.046629,2,sched_state,running
178498.046934,2,tick,""
178498.047717,0,channel_blocked,151
178498.047724,2,yield,""
178498.047726,2,sched_state,running
178498.047793,2,tick,""
178498.047805,2,queue_length,0
178498.047810,2,sched_state,waiting
178498.047851,2,tick,""
178498.047878,2,sched_state,waiting
178498.047883,2,tick,""
178498.047887,2,sched_state,waiting
178498.047890,2,tick,""
178498.047894,2,sched_state,waiting
178498.047897,2,tick,""
178498.047951,0,queue_length,1
178498.049474,0,sched_state,running
178498.049667,1,sched_state,waiting
178498.049676,1,tick,""
178498.049750,0,tick,""
178498.049765,1,sched_state,waiting
178498.049766,0,reduction,""
178498.049769,0,sched_state,running
178498.049770,1,tick,""
178498.050040,0,tick,""
178498.050046,0,reduction,""
178498.050049,0,sched_state,running
178498.050295,0,tick,""
178498.050492,0,reduction,""
178498.050495,0,sched_state,running
178498.050717,0,tick,""
178498.050722,0,reduction,""
178498.050725,0,sched_state,running
178498.050941,0,tick,""
178498.050946,0,reduction,""
178498.050948,0,sched_state,running
178498.051010,7,sched_state,waiting
178498.051168,0,tick,""
178498.051172,0,reduction,""
178498.051173,0,sched_state,running
178498.051248,7,tick,""
178498.051271,7,sched_state,waiting
178498.051287,7,tick,""
178498.051400,0,tick,""
178498.051408,0,reduction,""
178498.051410,0,sched_state,running
178498.051623,0,tick,""
178498.051777,0,reduction,""
178498.051782,0,sched_state,running
178498.051998,0,tick,""
178498.052003,0,reduction,""
178498.052006,0,sched_state,running
178498.052179,0,tick,""
178498.052198,0,reduction,""
178498.052200,0,sched_state,running
178498.052345,0,tick,""
178498.052353,0,reduction,""
178498.052354,0,sched_state,running
178498.052485,0,tick,""
178498.052489,0,reduction,""
178498.052490,0,sched_state,running
178498.052621,0,tick,""
178498.052626,0,reduction,""
178498.052629,0,sched_state,running
178498.052756,0,tick,""
178498.054698,4,channel_unblocked,330
178498.054707,0,yield,""
178498.055043,4,sched_state,waiting
178498.055217,4,tick,""
178498.055238,4,sched_state,waiting
178498.055262,4,tick,""
178498.055268,4,sched_state,waiting
178498.055278,4,tick,""
178498.055338,0,sched_state,running
178498.055884,0,tick,""
178498.055888,0,reduction,""
178498.055889,0,sched_state,running
178498.055962,5,sched_state,running
178498.056066,0,tick,""
178498.056071,0,reduction,""
178498.056073,0,sched_state,running
178498.056128,0,queue_length,2
178498.056176,5,tick,""
178498.056183,5,reduction,""
178498.056185,5,sched_state,running
178498.056278,0,tick,""
178498.056281,0,reduction,""
178498.056283,0,sched_state,running
178498.056365,5,tick,""
178498.056478,0,tick,""
178498.056482,0,reduction,""
178498.056484,0,sched_state,running
178498.056678,0,tick,""
178498.056682,0,reduction,""
178498.056684,0,sched_state,running
178498.056861,0,tick,""
178498.056873,0,reduction,""
178498.056874,0,sched_state,running
178498.057000,0,tick,""
178498.057026,1,channel_blocked,206
178498.057028,5,yield,""
178498.057029,5,sched_state,running
178498.057034,5,tick,""
178498.057039,5,queue_length,0
178498.057042,5,sched_state,waiting
178498.057082,5,tick,""
178498.057104,5,sched_state,waiting
178498.057108,5,tick,""
178498.057111,5,sched_state,waiting
178498.057113,5,tick,""
178498.057604,0,queue_length,2
178498.058154,0,sched_state,running
178498.058229,2,sched_state,waiting
178498.058239,2,tick,""
178498.058243,2,sched_state,waiting
178498.058300,2,tick,""
178498.058323,2,sched_state,waiting
178498.058328,2,tick,""
178498.058462,0,tick,""
178498.058469,0,reduction,""
178498.058471,0,sched_state,running
178498.058734,0,tick,""
178498.059009,6,sched_state,waiting
178498.059019,6,tick,""
178498.059040,6,sched_state,waiting
178498.059045,6,tick,""
178498.059049,6,sched_state,waiting
178498.059052,6,tick,""
178498.059476,2,channel_blocked,235
178498.059479,0,yield,""
178498.059481,0,sched_state,running
178498.059661,0,tick,""
178498.059671,0,queue_length,1
178498.059992,3,sched_state,waiting
178498.060087,3,tick,""
178498.060132,3,sched_state,waiting
178498.060152,3,tick,""
178498.060157,3,sched_state,waiting
178498.060162,3,tick,""
178498.060229,1,sched_state,waiting
178498.060293,1,tick,""
178498.060320,1,sched_state,waiting
178498.060331,1,tick,""
178498.060735,0,sched_state,running
178498.061123,0,tick,""
178498.061138,0,reduction,""
178498.061140,0,sched_state,running
178498.061556,0,tick,""
178498.061563,0,reduction,""
178498.061565,0,sched_state,running
178498.061801,0,tick,""
178498.062009,0,reduction,""
178498.062013,0,sched_state,running
178498.062016,7,sched_state,waiting
178498.062043,7,tick,""
178498.062051,7,sched_state,waiting
178498.062056,7,tick,""
178498.062058,7,sched_state,waiting
178498.062062,7,tick,""
178498.062080,7,sched_state,waiting
178498.062089,7,tick,""
178498.062225,0,tick,""
178498.062231,0,reduction,""
178498.062233,0,sched_state,running
178498.062448,0,tick,""
178498.062453,0,reduction,""
178498.062455,0,sched_state,running
178498.062668,0,tick,""
178498.062671,0,reduction,""
178498.062673,0,sched_state,running
178498.062887,0,tick,""
178498.062894,0,reduction,""
178498.062895,0,sched_state,running
178498.063106,0,tick,""
178498.063255,0,reduction,""
178498.063258,0,sched_state,running
178498.063472,0,tick,""
178498.063477,0,reduction,""
178498.063479,0,sched_state,running
178498.063693,0,tick,""
178498.063708,0,reduction,""
178498.063710,0,sched_state,running
178498.063903,0,tick,""
178498.063912,0,reduction,""
178498.063914,0,sched_state,running
178498.064105,0,tick,""
178498.064115,0,reduction,""
178498.064116,0,sched_state,running
178498.064310,0,tick,""
178498.064314,0,reduction,""
178498.064316,0,sched_state,running
178498.064508,0,tick,""
178498.066032,4,sched_state,waiting
178498.066044,4,tick,""
178498.066068,4,sched_state,waiting
178498.066073,4,tick,""
178498.066961,5,channel_unblocked,400
178498.066967,0,yield,""
178498.067355,0,sched_state,running
178498.067374,0,queue_length,2
178498.067616,0,tick,""
178498.067620,0,reduction,""
178498.067622,0,sched_state,running
178498.067862,0,tick,""
178498.067868,0,reduction,""
178498.067870,0,sched_state,running
178498.068061,5,sched_state,waiting
178498.068068,0,tick,""
178498.068070,5,tick,""
178498.068071,0,reduction,""
178498.068074,0,sched_state,running
178498.068098,5,sched_state,waiting
178498.068105,5,tick,""
178498.068276,0,tick,""
178498.068281,0,reduction,""
178498.068282,0,sched_state,running
178498.068477,0,tick,""
178498.068482,0,reduction,""
178498.068484,0,sched_state,running
178498.068678,0,tick,""
178498.068692,0,reduction,""
178498.068694,0,sched_state,running
178498.068887,0,tick,""
178498.068896,0,queue_length,1
178498.069013,2,sched_state,waiting
178498.069021,2,tick,""
178498.069026,2,sched_state,waiting
178498.069029,2,tick,""
178498.069035,2,sched_state,waiting
178498.069040,2,tick,""
178498.069059,2,sched_state,waiting
178498.069063,2,tick,""
178498.070009,6,sched_state,waiting
178498.070015,6,tick,""
178498.070045,6,sched_state,waiting
178498.070048,6,tick,""
178498.070051,6,sched_state,waiting
178498.070054,6,tick,""
178498.070862,0,queue_length,1
178498.071011,1,sched_state,waiting
178498.071018,1,tick,""
178498.071037,1,sched_state,waiting
178498.071042,1,tick,""
178498.071641,0,sched_state,running
178498.072106,0,tick,""
178498.072134,0,reduction,""
178498.072138,0,sched_state,running
178498.072608,0,tick,""
178498.072617,0,reduction,""
178498.072620,0,sched_state,running
178498.072855,0,tick,""
178498.073010,7,sched_state,waiting
178498.073069,0,reduction,""
178498.073072,0,sched_state,running
178498.073271,0,tick,""
178498.073276,0,reduction,""
178498.073279,0,sched_state,running
178498.073290,7,tick,""
178498.073348,7,sched_state,waiting
178498.073356,7,tick,""
178498.073361,7,sched_state,waiting
178498.073393,7,tick,""
178498.073475,0,tick,""
178498.073480,0,reduction,""
178498.073482,0,sched_state,running
178498.073672,0,tick,""
178498.073676,0,reduction,""
178498.073678,0,sched_state,running
178498.073869,0,tick,""
178498.073875,0,reduction,""
178498.073877,0,sched_state,running
178498.074069,0,tick,""
178498.074214,0,reduction,""
178498.074217,0,sched_state,running
178498.074410,0,tick,""
178498.074415,0,reduction,""
178498.074418,0,sched_state,running
178498.074611,0,tick,""
178498.074627,0,reduction,""
178498.074630,0,sched_state,running
178498.074805,0,tick,""
178498.074816,0,reduction,""
178498.074819,0,sched_state,running
178498.074992,0,tick,""
178498.074997,0,reduction,""
178498.074999,0,sched_state,running
178498.075109,3,sched_state,waiting
178498.075178,0,tick,""
178498.075184,0,reduction,""
178498.075186,0,sched_state,running
178498.075365,0,tick,""
178498.075403,3,tick,""
178498.075408,3,sched_state,waiting
178498.075479,3,tick,""
178498.075506,3,sched_state,waiting
178498.075511,3,tick,""
178498.077173,4,sched_state,waiting
178498.077199,4,tick,""
178498.077224,4,sched_state,waiting
178498.077394,4,tick,""
178498.077889,6,channel_unblocked,428
178498.077895,0,yield,""
178498.078462,0,sched_state,running
178498.078492,0,queue_length,2
178498.078806,0,tick,""
178498.078810,0,reduction,""
178498.078815,0,sched_state,running
178498.079011,5,sched_state,waiting
178498.079187,0,tick,""
178498.079194,0,reduction,""
178498.079197,0,sched_state,running
178498.079244,5,tick,""
178498.079250,5,sched_state,waiting
178498.079381,0,tick,""
178498.079385,0,reduction,""
178498.079387,0,sched_state,running
178498.079564,0,tick,""
178498.079569,0,reduction,""
178498.079571,0,sched_state,running
178498.079697,5,tick,""
178498.079701,5,sched_state,running
178498.079750,0,tick,""
178498.079754,0,reduction,""
178498.079757,0,sched_state,running
178498.079932,0,tick,""
178498.079945,0,reduction,""
178498.079947,0,sched_state,running
178498.079964,5,tick,""
178498.079971,5,reduction,""
178498.079973,5,sched_state,running
178498.080148,0,tick,""
178498.080161,0,queue_length,1
178498.080240,5,tick,""
178498.080247,2,sched_state,waiting
178498.080256,2,tick,""
178498.080259,2,sched_state,waiting
178498.080302,2,tick,""
178498.080326,2,sched_state,waiting
178498.080331,2,tick,""
178498.080956,3,channel_blocked,330
178498.080959,5,yield,""
178498.080962,5,sched_state,running
178498.081019,5,tick,""
178498.081031,5,queue_length,0
178498.081035,5,sched_state,waiting
178498.081138,5,tick,""
178498.081160,5,sched_state,waiting
178498.081166,5,tick,""
178498.081171,5,sched_state,waiting
178498.081174,5,tick,""
178498.081478,6,sched_state,waiting
178498.081489,6,tick,""
178498.081518,6,sched_state,waiting
178498.081524,6,tick,""
178498.083275,0,queue_length,1
178498.084342,0,sched_state,running
178498.084744,0,tick,""
178498.084765,0,reduction,""
178498.084768,0,sched_state,running
178498.085082,0,tick,""
178498.085088,0,reduction,""
178498.085090,0,sched_state,running
178498.085241,0,tick,""
178498.085390,0,reduction,""
178498.085392,0,sched_state,running
178498.085543,0,tick,""
178498.085547,0,reduction,""
178498.085549,0,sched_state,running
178498.085697,0,tick,""
178498.085711,0,reduction,""
178498.085712,0,sched_state,running
178498.085846,0,tick,""
178498.085854,0,reduction,""
178498.085855,0,sched_state,running
178498.085992,0,tick,""
178498.085996,0,reduction,""
178498.085997,0,sched_state,running
178498.086138,3,sched_state,waiting
178498.086436,1,sched_state,waiting
178498.086440,0,tick,""
178498.086447,0,reduction,""
178498.086449,0,sched_state,running
178498.086640,1,tick,""
178498.086671,1,sched_state,waiting
178498.086671,3,tick,""
178498.086679,1,tick,""
178498.086681,0,tick,""
178498.086685,0,reduction,""
178498.086687,0,sched_state,running
178498.086891,3,sched_state,waiting
178498.086898,3,tick,""
178498.086898,0,tick,""
178498.086907,0,reduction,""
178498.086910,0,sched_state,running
178498.087254,0,tick,""
178498.088196,4,sched_state,running
178498.088534,4,tick,""
178498.088541,4,reduction,""
178498.088543,4,sched_state,running
178498.088872,4,tick,""
178498.089432,4,channel_blocked,400
178498.089435,4,yield,""
178498.089438,4,sched_state,running
178498.089472,4,tick,""
178498.089479,4,queue_length,0
178498.089484,4,sched_state,waiting
178498.089541,4,tick,""
178498.089573,4,sched_state,waiting
178498.089579,4,tick,""
178498.090296,0,channel_unblocked,87
178498.090302,0,yield,""
178498.090755,0,sched_state,running
178498.090759,0,queue_length,2
178498.091015,2,sched_state,waiting
178498.091199,0,tick,""
178498.091204,0,reduction,""
178498.091207,0,sched_state,running
178498.091245,2,tick,""
178498.091253,2,sched_state,waiting
178498.091277,2,tick,""
178498.091281,2,sched_state,waiting
178498.091290,2,tick,""
178498.091314,2,sched_state,waiting
178498.091319,2,tick,""
178498.091439,0,tick,""
178498.091444,0,reduction,""
178498.091446,0,sched_state,running
178498.091664,0,tick,""
178498.091668,0,reduction,""
178498.091670,0,sched_state,running
178498.091870,0,tick,""
178498.091874,0,sched_state,stop
