timestamp,lpu,event,value
178498.586520,1,sched_state,startup
178498.586525,5,sched_state,startup
178498.586538,2,sched_state,startup
178498.586562,7,sched_state,startup
178498.586562,3,sched_state,startup
178498.586587,4,sched_state,startup
178498.586765,0,sched_state,startup
178498.586951,6,sched_state,startup
178498.586954,2,tick,""
178498.586957,4,tick,""
178498.586966,4,queue_length,0
178498.586966,2,queue_length,0
178498.586971,4,sched_state,waiting
178498.586971,2,sched_state,waiting
178498.586981,4,tick,""
178498.586983,2,tick,""
178498.586985,1,tick,""
178498.586985,5,tick,""
178498.586999,1,queue_length,0
178498.586999,5,queue_length,0
178498.587000,7,tick,""
178498.586999,3,tick,""
178498.587005,1,sched_state,waiting
178498.587005,5,sched_state,waiting
178498.587009,7,queue_length,0
178498.587011,3,queue_length,0
178498.587014,7,sched_state,waiting
178498.587014,3,sched_state,waiting
178498.587017,1,tick,""
178498.587018,5,tick,""
178498.587018,4,sched_state,waiting
178498.587025,4,tick,""
178498.587026,3,tick,""
178498.587027,7,tick,""
178498.587059,7,sched_state,waiting
178498.587059,3,sched_state,waiting
178498.587061,1,sched_state,waiting
178498.587068,7,tick,""
178498.587068,3,tick,""
178498.587069,1,tick,""
178498.587091,5,sched_state,waiting
178498.587101,5,tick,""
178498.587132,6,tick,""
178498.587138,6,queue_length,0
178498.587143,6,sched_state,waiting
178498.587150,6,tick,""
178498.587180,6,sched_state,waiting
178498.587186,6,tick,""
178498.587187,0,tick,""
178498.587191,6,sched_state,waiting
178498.587195,6,tick,""
178498.587212,2,sched_state,waiting
178498.587221,2,tick,""
178498.587273,0,queue_length,1
178498.587304,0,queue_length,0
178498.587921,0,sched_state,running
178498.588259,0,tick,""
178498.588268,0,reduction,""
178498.588270,0,sched_state,running
178498.588378,0,tick,""
178498.588383,0,reduction,""
178498.588384,0,sched_state,running
178498.588643,0,tick,""
178498.588668,0,reduction,""
178498.588678,0,sched_state,running
178498.588891,0,tick,""
178498.588894,0,reduction,""
178498.588897,0,sched_state,running
178498.588963,0,tick,""
178498.588966,0,reduction,""
178498.588967,0,sched_state,running
178498.589030,0,tick,""
178498.589032,0,reduction,""
178498.589033,0,sched_state,running
178498.589096,0,tick,""
178498.589098,0,reduction,""
178498.589099,0,sched_state,running
178498.589161,0,tick,""
178498.589164,0,reduction,""
178498.589165,0,sched_state,running
178498.589230,0,tick,""
178498.589232,0,reduction,""
178498.589233,0,sched_state,running
178498.589297,0,tick,""
178498.591559,0,reduction,""
178498.591562,0,sched_state,running
178498.591666,0,tick,""
178498.591672,0,reduction,""
178498.591674,0,sched_state,running
178498.591771,0,tick,""
178498.591777,0,reduction,""
178498.591779,0,sched_state,running
178498.591871,0,tick,""
178498.592131,0,reduction,""
178498.592135,0,sched_state,running
178498.592213,0,tick,""
178498.592218,0,reduction,""
178498.592220,0,sched_state,running
178498.592292,0,tick,""
178498.592297,0,reduction,""
178498.592298,0,sched_state,running
178498.592370,0,tick,""
178498.592375,0,reduction,""
178498.592376,0,sched_state,running
178498.592447,0,tick,""
178498.592451,0,reduction,""
178498.592453,0,sched_state,running
178498.592521,0,tick,""
178498.592525,0,reduction,""
178498.592527,0,sched_state,running
178498.592596,0,tick,""
178498.592601,0,reduction,""
178498.592603,0,sched_state,running
178498.592671,0,tick,""
178498.592676,0,reduction,""
178498.592678,0,sched_state,running
178498.592745,0,tick,""
178498.593418,0,queue_length,0
178498.593763,0,sched_state,running
178498.593984,0,tick,""
178498.593993,0,reduction,""
178498.593995,0,sched_state,running
178498.594071,0,tick,""
178498.594076,0,reduction,""
178498.594078,0,sched_state,running
178498.594152,0,tick,""
178498.594159,0,reduction,""
178498.594161,0,sched_state,running
178498.594233,0,tick,""
178498.594240,0,reduction,""
178498.594242,0,sched_state,running
178498.594313,0,tick,""
178498.594320,0,reduction,""
178498.594322,0,sched_state,running
178498.594392,0,tick,""
178498.594399,0,reduction,""
178498.594401,0,sched_state,running
178498.594471,0,tick,""
178498.594478,0,reduction,""
178498.594479,0,sched_state,running
178498.594550,0,tick,""
178498.594557,0,reduction,""
178498.594559,0,sched_state,running
178498.594628,0,tick,""
178498.594688,0,reduction,""
178498.594690,0,sched_state,running
178498.594763,0,tick,""
178498.594771,0,reduction,""
178498.594772,0,sched_state,running
178498.594843,0,tick,""
178498.594855,0,reduction,""
178498.594858,0,sched_state,running
178498.594927,0,tick,""
178498.594936,0,reduction,""
178498.594938,0,sched_state,running
178498.595007,0,tick,""
178498.595028,0,reduction,""
178498.595030,0,sched_state,running
178498.595102,0,tick,""
178498.595110,0,reduction,""
178498.595112,0,sched_state,running
178498.595181,0,tick,""
178498.595196,0,reduction,""
178498.595198,0,sched_state,running
178498.595342,0,tick,""
178498.595359,0,spawn,""
178498.595367,0,reduction,""
178498.595371,0,sched_state,running
178498.596152,0,tick,""
178498.596160,0,queue_length,1
178498.596168,0,reduction,""
178498.596173,0,sched_state,running
178498.596348,0,tick,""
178498.596364,0,reduction,""
178498.596368,0,sched_state,running
178498.596535,0,tick,""
178498.596551,0,reduction,""
178498.596555,0,sched_state,running
178498.596714,0,tick,""
178498.596732,0,reduction,""
178498.596737,0,sched_state,running
178498.596897,0,tick,""
178498.597745,0,queue_length,1
178498.598221,0,sched_state,running
178498.598478,0,tick,""
178498.598487,0,reduction,""
178498.598490,0,sched_state,running
178498.598736,0,tick,""
178498.598747,0,reduction,""
178498.598751,0,sched_state,running
178498.598985,0,tick,""
178498.598995,0,reduction,""
178498.598998,0,sched_state,running
178498.599026,1,sched_state,waiting
178498.599028,3,sched_state,waiting
178498.599036,7,sched_state,waiting
178498.599043,1,tick,""
178498.599047,3,tick,""
178498.599050,7,tick,""
178498.599057,3,sched_state,waiting
178498.599061,7,sched_state,waiting
178498.599062,4,sched_state,waiting
178498.599071,7,tick,""
178498.599071,3,tick,""
178498.599077,3,sched_state,waiting
178498.599077,7,sched_state,waiting
178498.599084,3,tick,""
178498.599084,7,tick,""
178498.599085,4,tick,""
178498.599178,4,sched_state,waiting
178498.599180,7,sched_state,waiting
178498.599191,4,tick,""
178498.599211,4,sched_state,waiting
178498.599213,7,tick,""
178498.599215,4,tick,""
178498.599233,0,tick,""
178498.599238,0,reduction,""
178498.599240,0,sched_state,running
178498.599240,3,sched_state,waiting
178498.599246,3,tick,""
178498.599430,0,tick,""
178498.599439,0,reduction,""
178498.599443,0,sched_state,running
178498.599678,0,tick,""
178498.599691,0,reduction,""
178498.599695,0,sched_state,running
178498.599934,0,tick,""
178498.600895,0,channel_blocked,156
178498.600899,0,yield,""
178498.600901,0,sched_state,running
178498.600915,0,tick,""
178498.600923,0,queue_length,0
178498.601016,2,sched_state,waiting
178498.601018,5,sched_state,waiting
178498.601025,2,tick,""
178498.601030,5,tick,""
178498.601053,6,sched_state,waiting
178498.601057,2,sched_state,waiting
178498.601057,5,sched_state,waiting
178498.601060,6,tick,""
178498.601061,2,tick,""
178498.601065,5,tick,""
178498.601088,6,sched_state,waiting
178498.601095,6,tick,""
178498.601100,6,sched_state,waiting
178498.601104,6,tick,""
178498.601117,6,sched_state,waiting
178498.601121,6,tick,""
178498.601151,0,sched_state,running
178498.601254,0,tick,""
178498.601271,0,reduction,""
178498.601273,0,sched_state,running
178498.601366,0,tick,""
178498.601419,0,reduction,""
178498.601421,0,sched_state,running
178498.601513,0,tick,""
178498.601531,0,reduction,""
178498.601534,0,sched_state,running
178498.601620,0,tick,""
178498.601633,0,reduction,""
178498.601635,0,sched_state,running
178498.601722,0,tick,""
178498.601731,0,reduction,""
178498.601733,0,sched_state,running
178498.601821,0,tick,""
178498.601838,0,reduction,""
178498.601840,0,sched_state,running
178498.601928,0,tick,""
178498.601936,0,reduction,""
178498.601938,0,sched_state,running
178498.602025,0,tick,""
178498.602041,0,reduction,""
178498.602043,0,sched_state,running
178498.602129,0,tick,""
178498.602137,0,spawn,""
178498.602139,0,reduction,""
178498.602141,0,sched_state,running
178498.602516,0,tick,""
178498.602533,0,reduction,""
178498.602534,0,sched_state,running
178498.602541,0,queue_length,1
178498.602597,0,tick,""
178498.602604,0,reduction,""
178498.602606,0,sched_state,running
178498.602672,0,tick,""
178498.602684,0,reduction,""
178498.602686,0,sched_state,running
178498.602747,0,tick,""
178498.602752,0,reduction,""
178498.602754,0,sched_state,running
178498.602851,0,tick,""
178498.602863,0,reduction,""
178498.602865,0,sched_state,running
178498.602918,0,tick,""
178498.602967,0,reduction,""
178498.602969,0,sched_state,running
178498.603058,0,tick,""
178498.603071,0,reduction,""
178498.603073,0,sched_state,running
178498.603161,0,tick,""
178498.603169,0,reduction,""
178498.603171,0,sched_state,running
178498.603258,0,tick,""
178498.603266,0,reduction,""
178498.603268,0,sched_state,running
178498.603351,0,tick,""
178498.603370,0,reduction,""
178498.603372,0,sched_state,running
178498.603462,0,tick,""
178498.603470,0,reduction,""
178498.603472,0,sched_state,running
178498.603542,0,tick,""
178498.604000,0,queue_length,1
178498.604382,0,sched_state,running
178498.604539,0,tick,""
178498.604542,0,reduction,""
178498.604544,0,sched_state,running
178498.604630,0,tick,""
178498.604634,0,reduction,""
178498.604635,0,sched_state,running
178498.604780,0,tick,""
178498.604784,0,reduction,""
178498.604785,0,sched_state,running
178498.604869,0,tick,""
178498.604873,0,reduction,""
178498.604874,0,sched_state,running
178498.604952,0,tick,""
178498.604955,0,reduction,""
178498.604956,0,sched_state,running
178498.605032,0,tick,""
178498.605035,0,reduction,""
178498.605036,0,sched_state,running
178498.605111,0,tick,""
178498.605596,1,channel_blocked,225
178498.605598,0,yield,""
178498.605599,0,sched_state,running
178498.605656,0,tick,""
178498.605662,0,queue_length,0
178498.605888,0,sched_state,running
178498.606051,0,tick,""
178498.606069,0,reduction,""
178498.606070,0,sched_state,running
178498.606212,0,tick,""
178498.606217,0,spawn,""
178498.606219,0,reduction,""
178498.606222,0,sched_state,running
178498.606527,0,tick,""
178498.606532,0,reduction,""
178498.606534,0,sched_state,running
178498.606592,0,tick,""
178498.606597,0,reduction,""
178498.606598,0,sched_state,running
178498.606651,0,tick,""
178498.606659,0,reduction,""
178498.606662,0,sched_state,running
178498.606715,0,tick,""
178498.606720,0,reduction,""
178498.606721,0,sched_state,running
178498.606772,0,tick,""
178498.606783,0,reduction,""
178498.606784,0,sched_state,running
178498.606837,0,tick,""
178498.606845,0,queue_length,1
178498.606892,0,reduction,""
178498.606895,0,sched_state,running
178498.607039,0,tick,""
178498.607059,0,reduction,""
178498.607062,0,sched_state,running
178498.607147,0,tick,""
178498.607156,0,reduction,""
178498.607158,0,sched_state,running
178498.607248,0,tick,""
178498.607257,0,reduction,""
178498.607260,0,sched_state,running
178498.607345,0,tick,""
178498.607366,0,reduction,""
178498.607369,0,sched_state,running
178498.607452,0,tick,""
178498.607460,0,reduction,""
178498.607463,0,sched_state,running
178498.607541,0,tick,""
178498.607562,0,reduction,""
178498.607564,0,sched_state,running
178498.607646,0,tick,""
178498.607653,0,spawn,""
178498.607655,0,reduction,""
178498.607657,0,sched_state,running
178498.608028,0,tick,""
178498.608035,0,reduction,""
178498.608038,0,sched_state,running
178498.608123,0,tick,""
178498.608130,0,reduction,""
178498.608132,0,sched_state,running
178498.608208,0,tick,""
178498.608220,0,reduction,""
178498.608222,0,sched_state,running
178498.608296,0,tick,""
178498.608306,0,reduction,""
178498.608309,0,sched_state,running
178498.608382,0,tick,""
178498.608400,0,reduction,""
178498.608403,0,sched_state,running
178498.608475,0,tick,""
178498.608688,0,queue_length,2
178498.608692,0,queue_length,2
178498.608949,0,sched_state,running
178498.609072,0,tick,""
178498.609075,0,reduction,""
178498.609077,0,sched_state,running
178498.609189,0,tick,""
178498.609193,0,reduction,""
178498.609195,0,sched_state,running
178498.609308,0,tick,""
178498.609313,0,reduction,""
178498.609315,0,sched_state,running
178498.609424,0,tick,""
178498.609428,0,reduction,""
178498.609430,0,sched_state,running
178498.609537,0,tick,""
178498.609542,0,reduction,""
178498.609544,0,sched_state,running
178498.609652,0,tick,""
178498.609657,0,reduction,""
178498.609659,0,sched_state,running
178498.609767,0,tick,""
178498.610037,1,sched_state,waiting
178498.610046,1,tick,""
178498.610048,4,sched_state,waiting
178498.610053,3,sched_state,waiting
178498.610058,4,tick,""
178498.610065,3,tick,""
178498.610084,4,sched_state,waiting
178498.610089,4,tick,""
178498.610123,1,sched_state,waiting
178498.610129,1,tick,""
178498.610134,1,sched_state,waiting
178498.610139,1,tick,""
178498.610144,1,sched_state,waiting
178498.610148,1,tick,""
178498.610152,1,sched_state,waiting
178498.610156,1,tick,""
178498.610452,2,channel_blocked,300
178498.610455,0,yield,""
178498.610457,0,sched_state,running
178498.610469,0,tick,""
178498.610478,0,queue_length,1
178498.610803,0,sched_state,running
178498.610939,0,tick,""
178498.610943,0,reduction,""
178498.610944,0,sched_state,running
178498.611097,0,tick,""
178498.611102,0,reduction,""
178498.611104,0,sched_state,running
178498.611200,0,tick,""
178498.611205,0,reduction,""
178498.611206,0,sched_state,running
178498.611341,0,tick,""
178498.611344,0,reduction,""
178498.611345,0,sched_state,running
178498.611425,0,tick,""
178498.611430,0,reduction,""
178498.611432,0,sched_state,running
178498.611646,0,tick,""
178498.611653,0,reduction,""
178498.611655,0,sched_state,running
178498.611793,0,tick,""
178498.612011,6,sched_state,waiting
178498.612015,2,sched_state,waiting
178498.612020,6,tick,""
178498.612022,2,tick,""
178498.612048,6,sched_state,waiting
178498.612051,5,sched_state,waiting
178498.612052,2,sched_state,waiting
178498.612053,6,tick,""
178498.612059,5,tick,""
178498.612061,2,tick,""
178498.612079,5,sched_state,waiting
178498.612084,5,tick,""
178498.612740,3,channel_blocked,323
178498.612743,0,yield,""
178498.612745,0,sched_state,running
178498.612760,0,tick,""
178498.612769,0,queue_length,0
178498.613005,0,sched_state,running
178498.613101,0,tick,""
178498.613165,0,reduction,""
178498.613167,0,sched_state,running
178498.613261,0,tick,""
178498.613278,0,reduction,""
178498.613281,0,sched_state,running
178498.613369,0,tick,""
178498.613377,0,reduction,""
178498.613379,0,sched_state,running
178498.613468,0,tick,""
178498.613476,0,reduction,""
178498.613478,0,sched_state,running
178498.613565,0,tick,""
178498.613585,0,reduction,""
178498.613587,0,sched_state,running
178498.613675,0,tick,""
178498.613682,0,reduction,""
178498.613684,0,sched_state,running
178498.613772,0,tick,""
178498.613790,0,reduction,""
178498.613793,0,sched_state,running
178498.613880,0,tick,""
178498.613886,0,spawn,""
178498.613888,0,reduction,""
178498.613890,0,sched_state,running
178498.614169,0,tick,""
178498.614174,0,reduction,""
178498.614176,0,sched_state,running
178498.614397,0,queue_length,1
178498.614403,0,tick,""
178498.614417,0,reduction,""
178498.614420,0,sched_state,running
178498.614510,0,tick,""
178498.614525,0,reduction,""
178498.614528,0,sched_state,running
178498.614682,0,tick,""
178498.614690,0,reduction,""
178498.614694,0,sched_state,running
178498.614782,0,tick,""
178498.614798,0,reduction,""
178498.614800,0,sched_state,running
178498.614886,0,tick,""
178498.614933,0,reduction,""
178498.614935,0,sched_state,running
178498.615024,0,tick,""
178498.615041,0,reduction,""
178498.615043,0,sched_state,running
178498.615127,0,tick,""
178498.615134,0,reduction,""
178498.615136,0,sched_state,running
178498.615223,0,tick,""
178498.615233,0,reduction,""
178498.615236,0,sched_state,running
178498.615339,0,tick,""
178498.615362,0,reduction,""
178498.615365,0,sched_state,running
178498.615461,0,tick,""
178498.615468,0,reduction,""
178498.615472,0,sched_state,running
178498.615610,0,tick,""
178498.615633,0,reduction,""
178498.615635,0,sched_state,running
178498.615726,0,tick,""
178498.616028,0,queue_length,1
178498.616519,0,sched_state,running
178498.616749,0,tick,""
178498.616754,0,reduction,""
178498.616755,0,sched_state,running
178498.616890,0,tick,""
178498.616895,0,reduction,""
178498.616896,0,sched_state,running
178498.617067,0,tick,""
178498.617071,0,reduction,""
178498.617072,0,sched_state,running
178498.617180,0,tick,""
178498.617184,0,reduction,""
178498.617186,0,sched_state,running
178498.617308,0,tick,""
178498.617312,0,reduction,""
178498.617313,0,sched_state,running
178498.617434,0,tick,""
178498.617438,0,reduction,""
178498.617439,0,sched_state,running
178498.617562,0,tick,""
178498.618383,4,channel_blocked,421
178498.618386,0,yield,""
178498.618388,0,sched_state,running
178498.618424,0,tick,""
178498.618436,0,queue_length,0
178498.618870,0,sched_state,running
178498.619094,0,tick,""
178498.619103,0,spawn,""
178498.619105,0,reduction,""
178498.619108,0,sched_state,running
178498.619585,0,tick,""
178498.619591,0,queue_length,1
178498.619595,0,reduction,""
178498.619600,0,sched_state,running
178498.619711,0,tick,""
178498.619718,0,reduction,""
178498.619720,0,sched_state,running
178498.619808,0,tick,""
178498.619821,0,reduction,""
178498.619823,0,sched_state,running
178498.619914,0,tick,""
178498.619921,0,reduction,""
178498.619923,0,sched_state,running
178498.620010,0,tick,""
178498.620029,0,reduction,""
178498.620032,0,sched_state,running
178498.620115,0,tick,""
178498.620177,0,reduction,""
178498.620180,0,sched_state,running
178498.620267,0,tick,""
178498.620289,0,reduction,""
178498.620293,0,sched_state,running
178498.620391,0,tick,""
178498.620399,0,reduction,""
178498.620400,0,sched_state,running
178498.620494,0,tick,""
178498.620502,0,reduction,""
178498.620503,0,sched_state,running
178498.620592,0,tick,""
178498.620614,0,reduction,""
178498.620616,0,sched_state,running
178498.620685,0,tick,""
178498.620690,0,reduction,""
178498.620692,0,sched_state,running
178498.620750,0,tick,""
178498.620767,0,reduction,""
178498.620769,0,sched_state,running
178498.620827,0,tick,""
178498.620832,0,spawn,""
178498.620834,0,reduction,""
178498.620835,0,sched_state,running
178498.621025,3,sched_state,waiting
178498.621033,3,tick,""
178498.621036,3,sched_state,waiting
178498.621041,3,tick,""
178498.621066,3,sched_state,waiting
178498.621071,3,tick,""
178498.621091,0,tick,""
178498.621103,7,sched_state,waiting
178498.621111,7,tick,""
178498.621121,0,reduction,""
178498.621123,0,sched_state,running
178498.621345,7,sched_state,waiting
178498.621351,7,tick,""
178498.621356,7,sched_state,waiting
178498.621355,0,tick,""
178498.621361,7,tick,""
178498.621364,7,sched_state,waiting
178498.621368,7,tick,""
178498.621368,0,reduction,""
178498.621371,0,sched_state,running
178498.621469,0,tick,""
178498.621484,0,reduction,""
178498.621492,0,sched_state,running
178498.621537,0,queue_length,2
178498.621585,0,tick,""
178498.621590,0,reduction,""
178498.621592,0,sched_state,running
178498.621678,0,tick,""
178498.621699,0,reduction,""
178498.621701,0,sched_state,running
178498.621769,0,tick,""
178498.621814,0,reduction,""
178498.621816,0,sched_state,running
178498.621880,0,tick,""
178498.622043,0,queue_length,2
178498.622319,0,sched_state,running
178498.622448,0,tick,""
178498.622452,0,reduction,""
178498.622455,0,sched_state,running
178498.622575,0,tick,""
178498.622581,0,reduction,""
178498.622583,0,sched_state,running
178498.622675,0,tick,""
178498.622679,0,reduction,""
178498.622681,0,sched_state,running
178498.622836,0,tick,""
178498.622840,0,reduction,""
178498.622842,0,sched_state,running
178498.622925,0,tick,""
178498.622929,0,reduction,""
178498.622930,0,sched_state,running
178498.623011,6,sched_state,waiting
178498.623015,0,tick,""
178498.623017,6,tick,""
178498.623018,2,sched_state,waiting
178498.623019,0,reduction,""
178498.623020,0,sched_state,running
178498.623027,2,tick,""
178498.623032,2,sched_state,waiting
178498.623035,2,tick,""
178498.623047,6,sched_state,waiting
178498.623052,6,tick,""
178498.623054,2,sched_state,waiting
178498.623054,5,sched_state,waiting
178498.623058,2,tick,""
178498.623061,5,tick,""
178498.623103,0,tick,""
178498.623139,5,sched_state,waiting
178498.623144,5,tick,""
178498.623907,5,channel_blocked,512
178498.623910,0,yield,""
178498.623914,0,sched_state,running
178498.623935,0,tick,""
178498.623946,0,queue_length,1
178498.624373,0,sched_state,running
178498.624604,0,tick,""
178498.624608,0,reduction,""
178498.624611,0,sched_state,running
178498.624822,0,tick,""
178498.624827,0,reduction,""
178498.624828,0,sched_state,running
178498.624917,0,tick,""
178498.624921,0,reduction,""
178498.624924,0,sched_state,running
178498.625052,0,tick,""
178498.625056,0,reduction,""
178498.625058,0,sched_state,running
178498.625181,0,tick,""
178498.625186,0,reduction,""
178498.625189,0,sched_state,running
178498.625312,0,tick,""
178498.625317,0,reduction,""
178498.625319,0,sched_state,running
178498.625443,0,tick,""
178498.626142,6,channel_blocked,542
178498.626144,0,yield,""
178498.626149,0,sched_state,running
178498.626165,0,tick,""
178498.626174,0,queue_length,0
178498.626386,0,sched_state,running
178498.626500,0,tick,""
178498.626520,0,reduction,""
178498.626522,0,sched_state,running
178498.626588,0,tick,""
178498.626595,0,reduction,""
178498.626596,0,sched_state,running
178498.626700,0,tick,""
178498.626707,0,reduction,""
178498.626708,0,sched_state,running
178498.626768,0,tick,""
178498.626785,0,reduction,""
178498.626786,0,sched_state,running
178498.626847,0,tick,""
178498.626851,0,reduction,""
178498.626853,0,sched_state,running
178498.626911,0,tick,""
178498.626926,0,reduction,""
178498.626928,0,sched_state,running
178498.626986,0,tick,""
178498.626992,0,spawn,""
178498.626993,0,reduction,""
178498.626995,0,sched_state,running
178498.627275,0,tick,""
178498.627276,0,queue_length,1
178498.627278,0,reduction,""
178498.627280,0,sched_state,running
178498.627391,0,tick,""
178498.627399,0,reduction,""
178498.627400,0,sched_state,running
178498.627460,0,tick,""
178498.627471,0,reduction,""
178498.627473,0,sched_state,running
178498.627530,0,tick,""
178498.627534,0,reduction,""
178498.627535,0,sched_state,running
178498.627590,0,tick,""
178498.627603,0,reduction,""
178498.627605,0,sched_state,running
178498.627660,0,tick,""
178498.627706,0,reduction,""
178498.627708,0,sched_state,running
178498.627771,0,tick,""
178498.627787,0,reduction,""
178498.627792,0,sched_state,running
178498.627892,0,tick,""
178498.627899,0,reduction,""
178498.627900,0,sched_state,running
178498.627961,0,tick,""
178498.627966,0,reduction,""
178498.627967,0,sched_state,running
178498.628026,0,tick,""
178498.628047,0,reduction,""
178498.628049,0,sched_state,running
178498.628114,0,tick,""
178498.628119,0,reduction,""
178498.628120,0,sched_state,running
178498.628178,0,tick,""
178498.628195,0,reduction,""
178498.628197,0,sched_state,running
178498.628261,0,tick,""
178498.628268,0,spawn,""
178498.628269,0,reduction,""
178498.628271,0,sched_state,running
178498.628550,0,tick,""
178498.628659,0,queue_length,2
178498.629025,0,queue_length,2
178498.629188,0,sched_state,running
178498.629279,0,tick,""
178498.629281,0,reduction,""
178498.629283,0,sched_state,running
178498.629366,0,tick,""
178498.629370,0,reduction,""
178498.629371,0,sched_state,running
178498.629452,0,tick,""
178498.629455,0,reduction,""
178498.629456,0,sched_state,running
178498.629538,0,tick,""
178498.629541,0,reduction,""
178498.629543,0,sched_state,running
178498.629623,0,tick,""
178498.629627,0,reduction,""
178498.629628,0,sched_state,running
178498.629707,0,tick,""
178498.629710,0,reduction,""
178498.629711,0,sched_state,running
178498.629789,0,tick,""
178498.630560,7,channel_blocked,644
178498.630563,0,yield,""
178498.630565,0,sched_state,running
178498.630580,0,tick,""
178498.630587,0,queue_length,1
178498.630945,0,sched_state,running
178498.631076,0,tick,""
178498.631079,0,reduction,""
178498.631081,0,sched_state,running
178498.631264,0,tick,""
178498.631268,0,reduction,""
178498.631270,0,sched_state,running
178498.631390,0,tick,""
178498.631393,0,reduction,""
178498.631395,0,sched_state,running
178498.631514,0,tick,""
178498.631517,0,reduction,""
178498.631519,0,sched_state,running
178498.631634,0,tick,""
178498.631638,0,reduction,""
178498.631640,0,sched_state,running
178498.631757,0,tick,""
178498.631761,0,reduction,""
178498.631763,0,sched_state,running
178498.631891,0,tick,""
178498.632021,7,sched_state,waiting
178498.632031,7,tick,""
178498.632049,4,sched_state,waiting
178498.632059,4,tick,""
178498.632065,4,sched_state,waiting
178498.632070,4,tick,""
178498.632323,1,sched_state,waiting
178498.632333,1,tick,""
178498.632355,1,sched_state,waiting
178498.632364,1,tick,""
178498.632567,8,channel_blocked,667
178498.632570,0,yield,""
178498.632575,0,sched_state,running
178498.632591,0,tick,""
178498.632598,0,queue_length,0
178498.632826,0,sched_state,running
178498.632925,0,tick,""
178498.632930,0,reduction,""
178498.632933,0,sched_state,running
178498.633026,0,tick,""
178498.633031,0,reduction,""
178498.633033,0,sched_state,running
178498.633123,0,tick,""
178498.633136,0,reduction,""
178498.633138,0,sched_state,running
178498.633226,0,tick,""
178498.633230,0,reduction,""
178498.633232,0,sched_state,running
178498.633318,0,tick,""
178498.633322,0,reduction,""
178498.633324,0,sched_state,running
178498.633408,0,tick,""
178498.633412,0,reduction,""
178498.633414,0,sched_state,running
178498.633498,0,tick,""
178498.633503,0,reduction,""
178498.633504,0,sched_state,running
178498.633587,0,tick,""
178498.633609,0,reduction,""
178498.633612,0,sched_state,running
178498.633696,0,tick,""
178498.633700,0,reduction,""
178498.633703,0,sched_state,running
178498.633786,0,tick,""
178498.633806,0,reduction,""
178498.633808,0,sched_state,running
178498.633892,0,tick,""
178498.633896,0,reduction,""
178498.633898,0,sched_state,running
178498.633981,0,tick,""
178498.633994,0,reduction,""
178498.633996,0,sched_state,running
178498.634012,2,sched_state,waiting
178498.634027,2,tick,""
178498.634032,2,sched_state,waiting
178498.634035,2,tick,""
178498.634065,2,sched_state,waiting
178498.634071,2,tick,""
178498.634084,0,tick,""
178498.634307,5,sched_state,waiting
178498.634314,5,tick,""
178498.634327,5,sched_state,waiting
178498.634333,5,tick,""
178498.634337,5,sched_state,waiting
178498.634340,5,tick,""
178498.634363,5,sched_state,waiting
178498.634367,5,tick,""
178498.635877,0,channel_unblocked,87
178498.635882,0,yield,""
178498.636358,0,sched_state,running
178498.636383,0,queue_length,1
178498.636529,0,tick,""
178498.636534,0,reduction,""
178498.636536,0,sched_state,running
178498.636621,0,tick,""
178498.636627,0,reduction,""
178498.636630,0,sched_state,running
178498.636729,0,tick,""
178498.636735,0,reduction,""
178498.636738,0,sched_state,running
178498.636829,0,tick,""
178498.636855,0,reduction,""
178498.636857,0,sched_state,running
178498.636944,0,tick,""
178498.636949,0,reduction,""
178498.636952,0,sched_state,running
178498.637036,0,tick,""
178498.637062,0,reduction,""
178498.637065,0,sched_state,running
178498.637149,0,tick,""
178498.637156,0,reduction,""
178498.637158,0,sched_state,running
178498.637238,0,tick,""
178498.637247,0,queue_length,0
178498.638441,0,queue_length,0
178498.638716,0,sched_state,running
178498.638949,0,tick,""
178498.638957,0,reduction,""
178498.638960,0,sched_state,running
178498.639267,0,tick,""
178498.639275,0,reduction,""
178498.639278,0,sched_state,running
178498.639399,0,tick,""
178498.639405,0,reduction,""
178498.639407,0,sched_state,running
178498.639524,0,tick,""
178498.639529,0,reduction,""
178498.639531,0,sched_state,running
178498.639647,0,tick,""
178498.639651,0,reduction,""
178498.639654,0,sched_state,running
178498.639766,0,tick,""
178498.640415,9,channel_blocked,87
178498.640418,0,yield,""
178498.640421,0,sched_state,running
178498.640467,0,tick,""
178498.640478,0,queue_length,0
178498.640484,0,sched_state,waiting
178498.640490,0,tick,""
178498.640514,0,sched_state,waiting
178498.640519,0,tick,""
178498.640524,0,sched_state,waiting
178498.640528,0,tick,""
178498.640530,0,sched_state,waiting
178498.640534,0,tick,""
178498.640535,0,sched_state,waiting
178498.640539,0,tick,""
178498.640542,0,sched_state,waiting
178498.640546,0,tick,""
178498.640549,0,sched_state,waiting
178498.640552,0,tick,""
178498.643016,7,sched_state,waiting
178498.643021,3,sched_state,waiting
178498.643040,1,sched_state,waiting
178498.643147,4,sched_state,waiting
178498.643156,1,tick,""
178498.643177,1,sched_state,waiting
178498.643299,4,tick,""
178498.643334,4,sched_state,waiting
178498.643339,4,tick,""
178498.643339,1,tick,""
178498.643481,7,tick,""
178498.643481,3,tick,""
178498.643513,7,sched_state,waiting
178498.643513,3,sched_state,waiting
178498.643552,7,tick,""
178498.643552,3,tick,""
178498.643560,3,sched_state,waiting
178498.643565,3,tick,""
178498.645014,2,sched_state,waiting
178498.645199,6,sched_state,waiting
178498.645229,2,tick,""
178498.645254,2,sched_state,waiting
178498.645261,2,tick,""
178498.645266,2,sched_state,waiting
178498.645270,2,tick,""
178498.645277,6,tick,""
178498.645311,6,sched_state,waiting
178498.645319,6,tick,""
178498.645321,5,sched_state,running
178498.645325,6,sched_state,waiting
178498.645329,6,tick,""
178498.645333,6,sched_state,waiting
178498.645338,6,tick,""
178498.645533,5,tick,""
178498.645539,5,reduction,""
178498.645541,5,sched_state,running
178498.645907,5,tick,""
178498.645912,5,reduction,""
178498.645914,5,sched_state,running
178498.646039,5,tick,""
178498.646176,5,reduction,""
178498.646182,5,sched_state,running
178498.646297,5,tick,""
178498.646300,5,reduction,""
178498.646302,5,sched_state,running
178498.646411,5,tick,""
178498.646415,5,reduction,""
178498.646416,5,sched_state,running
178498.646529,5,tick,""
178498.646532,5,reduction,""
178498.646533,5,sched_state,running
178498.646642,5,tick,""
178498.646646,5,reduction,""
178498.646648,5,sched_state,running
178498.646755,5,tick,""
178498.646859,5,reduction,""
178498.646863,5,sched_state,running
178498.646974,5,tick,""
178498.646978,5,reduction,""
178498.646980,5,sched_state,running
178498.647087,5,tick,""
178498.647100,5,reduction,""
178498.647102,5,sched_state,running
178498.647198,5,tick,""
178498.647202,5,reduction,""
178498.647204,5,sched_state,running
178498.647299,5,tick,""
178498.647303,5,reduction,""
178498.647305,5,sched_state,running
178498.647400,5,tick,""
178498.647403,5,reduction,""
178498.647406,5,sched_state,running
178498.647502,5,tick,""
178498.649509,1,channel_unblocked,156
178498.649516,5,yield,""
178498.649851,5,sched_state,running
178498.650056,5,tick,""
178498.650060,5,reduction,""
178498.650062,5,sched_state,running
178498.650172,5,tick,""
178498.650176,5,reduction,""
178498.650177,5,sched_state,running
178498.650281,5,tick,""
178498.650283,5,reduction,""
178498.650284,5,sched_state,running
178498.650384,5,tick,""
178498.650387,5,reduction,""
178498.650388,5,sched_state,running
178498.650487,5,tick,""
178498.650490,5,reduction,""
178498.650491,5,sched_state,running
178498.650596,5,tick,""
178498.650607,5,reduction,""
178498.650609,5,sched_state,running
178498.650708,5,tick,""
178498.650931,5,queue_length,1
178498.650935,5,queue_length,0
178498.651021,0,sched_state,waiting
178498.651032,0,tick,""
178498.651038,0,sched_state,waiting
178498.651044,0,tick,""
178498.651046,0,sched_state,waiting
178498.651056,0,tick,""
178498.651077,0,sched_state,waiting
178498.651083,0,tick,""
178498.652306,5,queue_length,0
178498.653039,5,sched_state,running
178498.653336,5,tick,""
178498.653341,5,reduction,""
178498.653343,5,sched_state,running
178498.653535,5,tick,""
178498.654017,7,sched_state,waiting
178498.654019,1,sched_state,waiting
178498.654026,1,tick,""
178498.654042,4,sched_state,waiting
178498.654044,1,sched_state,waiting
178498.654048,1,tick,""
178498.654051,1,sched_state,waiting
178498.654054,1,tick,""
178498.654162,4,tick,""
178498.654181,4,sched_state,waiting
178498.654195,7,tick,""
178498.654213,4,tick,""
178498.654220,7,sched_state,waiting
178498.654253,7,tick,""
178498.654427,0,channel_blocked,156
178498.654430,5,yield,""
178498.654433,5,sched_state,running
178498.654440,5,tick,""
178498.654447,5,queue_length,0
178498.654452,5,sched_state,waiting
178498.654491,5,tick,""
178498.654513,5,sched_state,waiting
178498.654518,5,tick,""
178498.654838,3,sched_state,waiting
178498.655051,3,tick,""
178498.655075,3,sched_state,waiting
178498.655088,3,tick,""
178498.655092,3,sched_state,waiting
178498.655097,3,tick,""
178498.656008,6,sched_state,waiting
178498.656187,6,tick,""
178498.656187,2,sched_state,running
178498.656211,6,sched_state,waiting
178498.656233,6,tick,""
178498.656397,2,tick,""
178498.656403,2,reduction,""
178498.656406,2,sched_state,running
178498.656721,2,tick,""
178498.656727,2,reduction,""
178498.656728,2,sched_state,running
178498.656855,2,tick,""
178498.657039,2,reduction,""
178498.657041,2,sched_state,running
178498.657219,2,tick,""
178498.657224,2,reduction,""
178498.657226,2,sched_state,running
178498.657396,2,tick,""
178498.657400,2,reduction,""
178498.657402,2,sched_state,running
178498.657573,2,tick,""
178498.657577,2,reduction,""
178498.657578,2,sched_state,running
178498.657727,2,tick,""
178498.657733,2,reduction,""
178498.657734,2,sched_state,running
178498.657905,2,tick,""
178498.658050,2,reduction,""
178498.658053,2,sched_state,running
178498.658228,2,tick,""
178498.658233,2,reduction,""
178498.658235,2,sched_state,running
178498.658404,2,tick,""
178498.658419,2,reduction,""
178498.658422,2,sched_state,running
178498.658529,2,tick,""
178498.658533,2,reduction,""
178498.658535,2,sched_state,running
178498.658631,2,tick,""
178498.658635,2,reduction,""
178498.658636,2,sched_state,running
178498.658732,2,tick,""
178498.658735,2,reduction,""
178498.658736,2,sched_state,running
178498.658831,2,tick,""
178498.660660,2,channel_unblocked,225
178498.660664,2,yield,""
178498.660907,2,sched_state,running
178498.661107,2,tick,""
178498.661110,2,reduction,""
178498.661112,2,sched_state,running
178498.661222,2,tick,""
178498.661225,2,reduction,""
178498.661227,2,sched_state,running
178498.661329,2,tick,""
178498.661332,2,reduction,""
178498.661333,2,sched_state,running
178498.661431,2,tick,""
178498.661435,2,reduction,""
178498.661436,2,sched_state,running
178498.661536,2,tick,""
178498.661539,2,reduction,""
178498.661540,2,sched_state,running
178498.661637,2,tick,""
178498.661645,2,reduction,""
178498.661646,2,sched_state,running
178498.661745,2,tick,""
178498.661957,2,queue_length,1
178498.661961,2,queue_length,0
178498.662124,0,sched_state,waiting
178498.662135,0,tick,""
178498.662160,0,sched_state,waiting
178498.662166,0,tick,""
178498.663719,2,queue_length,0
178498.664780,2,sched_state,running
178498.665018,5,sched_state,waiting
178498.665048,4,sched_state,waiting
178498.665172,4,tick,""
178498.665371,2,tick,""
178498.665381,2,reduction,""
178498.665383,2,sched_state,running
178498.665507,5,tick,""
178498.665511,1,sched_state,waiting
178498.665515,5,sched_state,waiting
178498.665621,5,tick,""
178498.665626,5,sched_state,waiting
178498.665644,5,tick,""
178498.665676,5,sched_state,waiting
178498.665682,5,tick,""
178498.665738,2,tick,""
178498.665783,1,tick,""
178498.665787,1,sched_state,waiting
178498.665889,1,tick,""
178498.665910,1,sched_state,waiting
178498.665915,1,tick,""
178498.665919,1,sched_state,waiting
178498.665923,1,tick,""
178498.666177,3,sched_state,running
178498.666573,3,tick,""
178498.666579,3,reduction,""
178498.666582,3,sched_state,running
178498.666590,1,channel_blocked,225
178498.666593,2,yield,""
178498.666596,2,sched_state,running
178498.666605,2,tick,""
178498.666613,2,queue_length,0
178498.666618,2,sched_state,waiting
178498.666660,2,tick,""
178498.666686,2,sched_state,waiting
178498.666690,2,tick,""
178498.666971,3,tick,""
178498.666978,3,reduction,""
178498.666980,3,sched_state,running
178498.667174,3,tick,""
178498.667204,6,sched_state,waiting
178498.667240,6,tick,""
178498.667273,6,sched_state,waiting
178498.667279,6,tick,""
178498.667283,6,sched_state,waiting
178498.667288,6,tick,""
178498.667398,3,reduction,""
178498.667403,3,sched_state,running
178498.667583,3,tick,""
178498.667589,3,reduction,""
178498.667591,3,sched_state,running
178498.667768,3,tick,""
178498.667772,3,reduction,""
178498.667773,3,sched_state,running
178498.667945,3,tick,""
178498.667948,3,reduction,""
178498.667950,3,sched_state,running
178498.668131,3,tick,""
178498.668136,3,reduction,""
178498.668139,3,sched_state,running
178498.668314,3,tick,""
178498.668461,3,reduction,""
178498.668463,3,sched_state,running
178498.668640,3,tick,""
178498.668646,3,reduction,""
178498.668647,3,sched_state,running
178498.668809,3,tick,""
178498.668825,3,reduction,""
178498.668827,3,sched_state,running
178498.668979,3,tick,""
178498.668984,3,reduction,""
178498.668986,3,sched_state,running
178498.669138,3,tick,""
178498.669143,3,reduction,""
178498.669145,3,sched_state,running
178498.669292,3,tick,""
178498.669298,3,reduction,""
178498.669300,3,sched_state,running
178498.669450,3,tick,""
178498.671686,3,channel_unblocked,300
178498.671691,3,yield,""
178498.671936,3,sched_state,running
178498.672156,3,tick,""
178498.672160,3,reduction,""
178498.672161,3,sched_state,running
178498.672267,3,tick,""
178498.672271,3,reduction,""
178498.672272,3,sched_state,running
178498.672369,3,tick,""
178498.672371,3,reduction,""
178498.672372,3,sched_state,running
178498.672465,3,tick,""
178498.672468,3,reduction,""
178498.672469,3,sched_state,running
178498.672562,3,tick,""
178498.672564,3,reduction,""
178498.672566,3,sched_state,running
178498.672658,3,tick,""
178498.672667,3,reduction,""
178498.672668,3,sched_state,running
178498.672761,3,tick,""
178498.673196,0,sched_state,waiting
178498.673245,0,tick,""
178498.673270,0,sched_state,waiting
178498.673276,0,tick,""
178498.673636,3,queue_length,1
178498.673641,3,queue_length,1
178498.673993,3,sched_state,running
178498.674124,3,tick,""
178498.674129,3,reduction,""
178498.674130,3,sched_state,running
178498.674312,3,tick,""
178498.674317,3,reduction,""
178498.674319,3,sched_state,running
178498.674499,3,tick,""
178498.674629,3,reduction,""
178498.674632,3,sched_state,running
178498.674799,3,tick,""
178498.674804,3,reduction,""
178498.674805,3,sched_state,running
178498.674967,3,tick,""
178498.674971,3,reduction,""
178498.674973,3,sched_state,running
178498.675107,3,tick,""
178498.675111,3,reduction,""
178498.675112,3,sched_state,running
178498.675274,3,tick,""
178498.675279,3,reduction,""
178498.675281,3,sched_state,running
178498.675453,3,tick,""
178498.675579,3,reduction,""
178498.675581,3,sched_state,running
178498.675696,3,tick,""
178498.675700,3,reduction,""
178498.675701,3,sched_state,running
178498.675814,3,tick,""
178498.675826,3,reduction,""
178498.675828,3,sched_state,running
178498.675926,3,tick,""
178498.675929,3,reduction,""
178498.675931,3,sched_state,running
178498.676010,1,sched_state,waiting
178498.676012,4,sched_state,waiting
178498.676016,1,tick,""
178498.676018,7,sched_state,waiting
178498.676038,3,tick,""
178498.676043,3,reduction,""
178498.676045,3,sched_state,running
178498.676173,4,tick,""
178498.676178,7,tick,""
178498.676186,3,tick,""
178498.676191,3,reduction,""
178498.676193,3,sched_state,running
178498.676200,4,sched_state,waiting
178498.676205,7,sched_state,waiting
178498.676207,4,tick,""
178498.676211,4,sched_state,waiting
178498.676215,4,tick,""
178498.676218,4,sched_state,waiting
178498.676223,4,tick,""
178498.676327,3,tick,""
178498.676362,7,tick,""
178498.677008,2,sched_state,waiting
178498.677027,2,tick,""
178498.677050,2,sched_state,waiting
178498.677055,2,tick,""
178498.677060,2,sched_state,waiting
178498.677064,2,tick,""
178498.677068,2,sched_state,waiting
178498.677072,2,tick,""
178498.677076,2,sched_state,waiting
178498.677080,2,tick,""
178498.678012,6,sched_state,waiting
178498.678019,6,tick,""
178498.678047,6,sched_state,waiting
178498.678054,6,tick,""
178498.678638,4,channel_unblocked,323
178498.678647,3,yield,""
178498.679007,3,sched_state,running
178498.679323,3,tick,""
178498.679329,3,reduction,""
178498.679330,3,sched_state,running
178498.679503,3,tick,""
178498.679507,3,reduction,""
178498.679509,3,sched_state,running
178498.679667,3,tick,""
178498.679669,3,reduction,""
178498.679671,3,sched_state,running
178498.679824,3,tick,""
178498.679828,3,reduction,""
178498.679829,3,sched_state,running
178498.679983,3,tick,""
178498.679987,3,reduction,""
178498.679989,3,sched_state,running
178498.680148,3,tick,""
178498.680158,3,reduction,""
178498.680160,3,sched_state,running
178498.680312,3,tick,""
178498.680942,3,queue_length,2
178498.680946,3,queue_length,1
178498.682719,3,queue_length,1
178498.683128,3,sched_state,running
178498.683477,3,tick,""
178498.683483,3,reduction,""
178498.683485,3,sched_state,running
178498.683820,3,tick,""
178498.683826,3,reduction,""
178498.683828,3,sched_state,running
178498.684006,3,tick,""
178498.684011,0,sched_state,waiting
178498.684022,0,tick,""
178498.684053,0,sched_state,waiting
178498.684060,0,tick,""
178498.684235,3,reduction,""
178498.684237,3,sched_state,running
178498.684400,3,tick,""
178498.684405,3,reduction,""
178498.684407,3,sched_state,running
178498.684564,3,tick,""
178498.684568,3,reduction,""
178498.684570,3,sched_state,running
178498.684732,3,tick,""
178498.684735,3,reduction,""
178498.684737,3,sched_state,running
178498.684900,3,tick,""
178498.684907,3,reduction,""
178498.684909,3,sched_state,running
178498.685065,3,tick,""
178498.685219,3,reduction,""
178498.685222,3,sched_state,running
178498.685390,3,tick,""
178498.685395,3,reduction,""
178498.685397,3,sched_state,running
178498.685558,3,tick,""
178498.685573,3,reduction,""
178498.685575,3,sched_state,running
178498.685730,3,tick,""
178498.685735,3,reduction,""
178498.685738,3,sched_state,running
178498.685891,3,tick,""
178498.685896,3,reduction,""
178498.685898,3,sched_state,running
178498.686055,3,tick,""
178498.686060,3,reduction,""
178498.686062,3,sched_state,running
178498.686214,3,tick,""
178498.687009,7,sched_state,waiting
178498.687012,5,sched_state,waiting
178498.687040,4,sched_state,waiting
178498.687357,4,tick,""
178498.687396,4,sched_state,waiting
178498.687405,1,sched_state,waiting
178498.687476,4,tick,""
178498.687481,4,sched_state,waiting
178498.687485,4,tick,""
178498.687484,7,tick,""
178498.687506,5,tick,""
178498.687529,5,sched_state,waiting
178498.687545,5,tick,""
178498.687578,1,tick,""
178498.687603,1,sched_state,waiting
178498.687619,1,tick,""
178498.687624,1,sched_state,waiting
178498.687628,1,tick,""
178498.688218,2,sched_state,waiting
178498.688228,2,tick,""
178498.688301,7,sched_state,waiting
178498.688301,5,channel_unblocked,421
178498.688307,3,yield,""
178498.688327,7,tick,""
178498.688781,3,sched_state,running
178498.688958,3,tick,""
178498.688963,3,reduction,""
178498.688966,3,sched_state,running
178498.689127,3,tick,""
178498.689133,3,reduction,""
178498.689134,3,sched_state,running
178498.689291,3,tick,""
178498.689295,3,reduction,""
178498.689297,3,sched_state,running
178498.689349,6,sched_state,running
178498.689453,3,tick,""
178498.689457,3,reduction,""
178498.689459,3,sched_state,running
178498.689614,3,tick,""
178498.689618,3,reduction,""
178498.689620,3,sched_state,running
178498.689646,6,tick,""
178498.689651,6,reduction,""
178498.689652,6,sched_state,running
178498.689777,3,tick,""
178498.689790,3,reduction,""
178498.689791,3,sched_state,running
178498.689901,3,tick,""
178498.689908,3,queue_length,2
178498.689912,3,queue_length,1
178498.690053,6,tick,""
178498.690743,2,channel_blocked,300
178498.690746,6,yield,""
178498.690747,6,sched_state,running
178498.690753,6,tick,""
178498.690758,6,queue_length,0
178498.690761,6,sched_state,waiting
178498.690764,6,tick,""
178498.690791,6,sched_state,waiting
178498.690796,6,tick,""
178498.690802,6,sched_state,waiting
178498.690804,6,tick,""
178498.692219,3,queue_length,1
178498.692698,3,sched_state,running
178498.692910,3,tick,""
178498.692916,3,reduction,""
178498.692919,3,sched_state,running
178498.693116,3,tick,""
178498.693123,3,reduction,""
178498.693125,3,sched_state,running
178498.693328,3,tick,""
178498.693525,3,reduction,""
178498.693528,3,sched_state,running
178498.693712,3,tick,""
178498.693717,3,reduction,""
178498.693720,3,sched_state,running
178498.693905,3,tick,""
178498.693909,3,reduction,""
178498.693911,3,sched_state,running
178498.694088,3,tick,""
178498.694092,3,reduction,""
178498.694093,3,sched_state,running
178498.694269,3,tick,""
178498.694275,3,reduction,""
178498.694277,3,sched_state,running
178498.694461,3,tick,""
178498.694599,3,reduction,""
178498.694601,3,sched_state,running
178498.694782,3,tick,""
178498.694788,3,reduction,""
178498.694790,3,sched_state,running
178498.694969,3,tick,""
178498.694985,3,reduction,""
178498.694987,3,sched_state,running
178498.695144,3,tick,""
178498.695148,3,reduction,""
178498.695150,3,sched_state,running
178498.695209,0,sched_state,waiting
178498.695310,3,tick,""
178498.695316,3,reduction,""
178498.695317,3,sched_state,running
178498.695461,0,tick,""
178498.695475,3,tick,""
178498.695480,3,reduction,""
178498.695482,3,sched_state,running
178498.695487,0,sched_state,waiting
178498.695513,0,tick,""
178498.695637,3,tick,""
178498.697261,6,channel_unblocked,512
178498.697266,3,yield,""
178498.697592,3,sched_state,running
178498.697875,3,tick,""
178498.697881,3,reduction,""
178498.697884,3,sched_state,running
178498.698012,4,sched_state,waiting
178498.698019,1,sched_state,waiting
178498.698043,3,tick,""
178498.698049,3,reduction,""
178498.698049,5,sched_state,waiting
178498.698051,3,sched_state,running
178498.698180,4,tick,""
178498.698193,3,tick,""
178498.698197,3,reduction,""
178498.698198,3,sched_state,running
178498.698208,4,sched_state,waiting
178498.698235,4,tick,""
178498.698243,1,tick,""
178498.698249,1,sched_state,waiting
178498.698270,5,tick,""
178498.698270,1,tick,""
178498.698275,1,sched_state,waiting
178498.698279,1,tick,""
178498.698292,5,sched_state,waiting
178498.698295,1,sched_state,waiting
178498.698301,1,tick,""
178498.698306,1,sched_state,waiting
178498.698309,1,tick,""
178498.698343,3,tick,""
178498.698348,3,reduction,""
178498.698350,3,sched_state,running
178498.698434,5,tick,""
178498.698438,5,sched_state,waiting
178498.698488,5,tick,""
178498.698493,3,tick,""
178498.698498,3,reduction,""
178498.698501,3,sched_state,running
178498.698508,5,sched_state,waiting
178498.698513,5,tick,""
178498.698641,3,tick,""
178498.698653,3,reduction,""
178498.698657,3,sched_state,running
178498.698797,3,tick,""
178498.699021,7,sched_state,waiting
178498.699213,2,sched_state,running
178498.699234,7,tick,""
178498.699240,7,sched_state,waiting
178498.699268,7,tick,""
178498.699272,7,sched_state,waiting
178498.699277,7,tick,""
178498.699301,7,sched_state,waiting
178498.699305,7,tick,""
178498.699311,7,sched_state,waiting
178498.699314,7,tick,""
178498.699392,3,queue_length,2
178498.699396,3,queue_length,2
178498.699434,2,tick,""
178498.699440,2,reduction,""
178498.699441,2,sched_state,running
178498.699771,2,tick,""
178498.700180,3,sched_state,running
178498.700428,3,tick,""
178498.700434,3,reduction,""
178498.700437,3,sched_state,running
178498.700661,3,tick,""
178498.700661,3,channel_blocked,323
178498.700664,2,yield,""
178498.700666,2,sched_state,running
178498.700674,2,tick,""
178498.700680,2,queue_length,0
178498.700684,2,sched_state,waiting
178498.700754,2,tick,""
178498.700780,2,sched_state,waiting
178498.700785,2,tick,""
178498.700790,2,sched_state,waiting
178498.700793,2,tick,""
178498.701380,6,sched_state,waiting
178498.701389,6,tick,""
178498.701404,6,sched_state,waiting
178498.701408,6,tick,""
178498.701411,6,sched_state,waiting
178498.701413,6,tick,""
178498.701724,4,channel_blocked,421
178498.701728,3,yield,""
178498.701730,3,sched_state,running
178498.701739,3,tick,""
178498.701746,3,queue_length,1
178498.702601,3,sched_state,running
178498.702863,3,tick,""
178498.702868,3,reduction,""
178498.702870,3,sched_state,running
178498.703182,3,tick,""
178498.703189,3,reduction,""
178498.703191,3,sched_state,running
178498.703381,3,tick,""
178498.703543,3,reduction,""
178498.703546,3,sched_state,running
178498.703730,3,tick,""
178498.703735,3,reduction,""
178498.703737,3,sched_state,running
178498.703914,3,tick,""
178498.703918,3,reduction,""
178498.703920,3,sched_state,running
178498.704059,3,tick,""
178498.704062,3,reduction,""
178498.704063,3,sched_state,running
178498.704178,3,tick,""
178498.704183,3,reduction,""
178498.704185,3,sched_state,running
178498.704294,3,tick,""
178498.704397,3,reduction,""
178498.704399,3,sched_state,running
178498.704513,3,tick,""
178498.704517,3,reduction,""
178498.704518,3,sched_state,running
178498.704628,3,tick,""
178498.704640,3,reduction,""
178498.704641,3,sched_state,running
178498.704739,3,tick,""
178498.704743,3,reduction,""
178498.704744,3,sched_state,running
178498.704841,3,tick,""
178498.704845,3,reduction,""
178498.704846,3,sched_state,running
178498.704943,3,tick,""
178498.704946,3,reduction,""
178498.704947,3,sched_state,running
178498.705044,3,tick,""
178498.706014,0,sched_state,waiting
178498.706026,0,tick,""
178498.706054,0,sched_state,waiting
178498.706060,0,tick,""
178498.707248,7,channel_unblocked,542
178498.707255,3,yield,""
178498.707721,3,sched_state,running
178498.708027,3,tick,""
178498.708031,3,reduction,""
178498.708034,3,sched_state,running
178498.708214,3,tick,""
178498.708218,3,reduction,""
178498.708221,3,sched_state,running
178498.708331,3,tick,""
178498.708335,3,reduction,""
178498.708337,3,sched_state,running
178498.708493,3,tick,""
178498.708497,3,reduction,""
178498.708498,3,sched_state,running
178498.708652,3,tick,""
178498.708656,3,reduction,""
178498.708658,3,sched_state,running
178498.708815,3,tick,""
178498.708828,3,reduction,""
178498.708830,3,sched_state,running
178498.708987,3,tick,""
178498.708996,3,queue_length,2
178498.709000,3,queue_length,1
178498.709011,4,sched_state,waiting
178498.709016,1,sched_state,waiting
178498.709015,5,sched_state,waiting
178498.709021,4,tick,""
178498.709024,5,tick,""
178498.709024,1,tick,""
178498.709027,1,sched_state,waiting
178498.709031,1,tick,""
178498.709035,4,sched_state,waiting
178498.709039,4,tick,""
178498.709056,1,sched_state,waiting
178498.709055,5,sched_state,waiting
178498.709061,1,tick,""
178498.709062,5,tick,""
178498.709065,5,sched_state,waiting
178498.709069,5,tick,""
178498.710014,7,sched_state,waiting
178498.710023,7,tick,""
178498.710044,7,sched_state,waiting
178498.710048,7,tick,""
178498.711008,2,sched_state,waiting
178498.711018,2,tick,""
178498.711043,2,sched_state,waiting
178498.711049,2,tick,""
178498.711049,3,queue_length,1
178498.711053,2,sched_state,waiting
178498.711057,2,tick,""
178498.711445,3,sched_state,running
178498.711800,3,tick,""
178498.711806,3,reduction,""
178498.711811,3,sched_state,running
178498.712008,6,sched_state,waiting
178498.712174,3,tick,""
178498.712181,3,reduction,""
178498.712185,3,sched_state,running
178498.712200,6,tick,""
178498.712221,6,sched_state,waiting
178498.712278,6,tick,""
178498.712396,3,tick,""
178498.712603,3,reduction,""
178498.712606,3,sched_state,running
178498.712801,3,tick,""
178498.712806,3,reduction,""
178498.712808,3,sched_state,running
178498.712997,3,tick,""
178498.713001,3,reduction,""
178498.713003,3,sched_state,running
178498.713189,3,tick,""
178498.713193,3,reduction,""
178498.713194,3,sched_state,running
178498.713380,3,tick,""
178498.713386,3,reduction,""
178498.713388,3,sched_state,running
178498.713570,3,tick,""
178498.713717,3,reduction,""
178498.713720,3,sched_state,running
178498.713904,3,tick,""
178498.713910,3,reduction,""
178498.713912,3,sched_state,running
178498.714090,3,tick,""
178498.714105,3,reduction,""
178498.714107,3,sched_state,running
178498.714236,3,tick,""
178498.714241,3,reduction,""
178498.714243,3,sched_state,running
178498.714402,3,tick,""
178498.714408,3,reduction,""
178498.714409,3,sched_state,running
178498.714566,3,tick,""
178498.714571,3,reduction,""
178498.714573,3,sched_state,running
178498.714721,3,tick,""
178498.716417,8,channel_unblocked,644
178498.716423,3,yield,""
178498.716780,3,sched_state,running
178498.716898,3,tick,""
178498.716901,3,reduction,""
178498.716903,3,sched_state,running
178498.717006,3,tick,""
178498.717010,3,reduction,""
178498.717011,3,sched_state,running
178498.717114,3,tick,""
178498.717116,3,reduction,""
178498.717117,3,sched_state,running
178498.717216,3,tick,""
178498.717218,3,reduction,""
178498.717219,3,sched_state,running
178498.717319,3,tick,""
178498.717322,3,reduction,""
178498.717323,3,sched_state,running
178498.717345,0,sched_state,running
178498.717471,3,tick,""
178498.717482,3,reduction,""
178498.717484,3,sched_state,running
178498.717641,3,tick,""
178498.717648,3,queue_length,2
178498.717652,3,queue_length,1
178498.717728,0,tick,""
178498.717734,0,reduction,""
178498.717737,0,sched_state,running
178498.718102,0,tick,""
178498.719003,5,channel_blocked,512
178498.719006,0,yield,""
178498.719008,0,sched_state,running
178498.719019,0,tick,""
178498.719027,0,queue_length,0
178498.719032,0,sched_state,waiting
178498.719037,0,tick,""
178498.719058,0,sched_state,waiting
178498.719062,0,tick,""
178498.719898,3,queue_length,1
178498.720020,1,sched_state,waiting
178498.720243,4,sched_state,waiting
178498.720287,4,tick,""
178498.720302,1,tick,""
178498.720310,1,sched_state,waiting
178498.720312,4,sched_state,waiting
178498.720317,1,tick,""
178498.720323,1,sched_state,waiting
178498.720326,4,tick,""
178498.720327,1,tick,""
178498.720504,3,sched_state,running
178498.720725,3,tick,""
178498.720731,3,reduction,""
178498.720734,3,sched_state,running
178498.720931,3,tick,""
178498.720938,3,reduction,""
178498.720940,3,sched_state,running
178498.721135,3,tick,""
178498.721326,3,reduction,""
178498.721329,3,sched_state,running
178498.721516,3,tick,""
178498.721521,3,reduction,""
178498.721523,3,sched_state,running
178498.721703,3,tick,""
178498.721707,3,reduction,""
178498.721710,3,sched_state,running
178498.721897,3,tick,""
178498.721900,3,reduction,""
178498.721902,3,sched_state,running
178498.722084,3,tick,""
178498.722091,3,reduction,""
178498.722094,3,sched_state,running
178498.722273,3,tick,""
178498.722414,3,reduction,""
178498.722417,3,sched_state,running
178498.722598,3,tick,""
178498.722604,3,reduction,""
178498.722606,3,sched_state,running
178498.722791,3,tick,""
178498.722807,3,reduction,""
178498.722809,3,sched_state,running
178498.722969,3,tick,""
178498.722976,3,reduction,""
178498.722979,3,sched_state,running
178498.723122,3,tick,""
178498.723128,3,reduction,""
178498.723130,3,sched_state,running
178498.723286,3,tick,""
178498.723291,3,reduction,""
178498.723293,3,sched_state,running
178498.723392,6,sched_state,waiting
178498.723401,6,tick,""
178498.723451,3,tick,""
178498.723724,7,sched_state,waiting
178498.724185,7,tick,""
178498.724189,7,sched_state,waiting
178498.724196,7,tick,""
178498.724291,7,sched_state,waiting
178498.724297,7,tick,""
178498.725050,9,channel_unblocked,667
178498.725057,3,yield,""
178498.725504,3,sched_state,running
178498.725857,3,tick,""
178498.725861,3,reduction,""
178498.725863,3,sched_state,running
178498.725973,3,tick,""
178498.725979,3,reduction,""
178498.725981,3,sched_state,running
178498.726140,3,tick,""
178498.726144,3,reduction,""
178498.726145,3,sched_state,running
178498.726303,3,tick,""
178498.726307,3,reduction,""
178498.726309,3,sched_state,running
178498.726469,3,tick,""
178498.726473,3,reduction,""
178498.726475,3,sched_state,running
178498.726625,3,tick,""
178498.726638,3,reduction,""
178498.726640,3,sched_state,running
178498.726800,3,tick,""
178498.727274,3,queue_length,2
178498.727280,3,queue_length,2
178498.727886,3,sched_state,running
178498.728123,3,tick,""
178498.728129,3,reduction,""
178498.728132,3,sched_state,running
178498.728358,3,tick,""
178498.729255,7,channel_blocked,644
178498.729259,3,yield,""
178498.729261,3,sched_state,running
178498.729270,3,tick,""
178498.729278,3,queue_length,1
178498.729903,3,sched_state,running
178498.730128,3,tick,""
178498.730133,3,reduction,""
178498.730135,3,sched_state,running
178498.730229,0,sched_state,waiting
178498.730308,0,tick,""
178498.730474,3,tick,""
178498.730481,3,reduction,""
178498.730484,3,sched_state,running
178498.730681,3,tick,""
178498.730866,3,reduction,""
178498.730868,3,sched_state,running
178498.731069,3,tick,""
178498.731076,3,reduction,""
178498.731080,3,sched_state,running
178498.731203,4,sched_state,waiting
178498.731258,3,tick,""
178498.731269,4,tick,""
178498.731279,3,reduction,""
178498.731282,3,sched_state,running
178498.731285,1,sched_state,running
178498.731292,5,sched_state,waiting
178498.731293,4,sched_state,waiting
178498.731297,4,tick,""
178498.731422,5,tick,""
178498.731429,5,sched_state,waiting
178498.731440,5,tick,""
178498.731445,5,sched_state,waiting
178498.731445,3,tick,""
178498.731450,5,tick,""
178498.731451,3,reduction,""
178498.731453,3,sched_state,running
178498.731473,5,sched_state,waiting
178498.731478,5,tick,""
178498.731523,1,tick,""
178498.731529,1,reduction,""
178498.731531,1,sched_state,running
178498.731633,3,tick,""
178498.731638,3,reduction,""
178498.731640,3,sched_state,running
178498.731768,1,tick,""
178498.731816,3,tick,""
178498.731821,3,reduction,""
178498.731823,3,sched_state,running
178498.732000,3,tick,""
178498.732005,3,reduction,""
178498.732007,3,sched_state,running
178498.732196,3,tick,""
178498.732202,3,reduction,""
178498.732204,3,sched_state,running
178498.732379,3,tick,""
178498.732767,6,channel_blocked,542
178498.732769,1,yield,""
178498.732771,1,sched_state,running
178498.732776,1,tick,""
178498.732783,1,queue_length,0
178498.732786,1,sched_state,waiting
178498.732789,1,tick,""
178498.732806,1,sched_state,waiting
178498.732809,1,tick,""
178498.732812,1,sched_state,waiting
178498.732815,1,tick,""
178498.733856,2,sched_state,waiting
178498.733975,2,tick,""
178498.733997,2,sched_state,waiting
178498.734010,2,tick,""
178498.734019,6,sched_state,waiting
178498.734028,6,tick,""
178498.734051,6,sched_state,waiting
178498.734056,6,tick,""
178498.734765,0,channel_unblocked,87
178498.734773,3,yield,""
178498.735008,7,sched_state,waiting
178498.735017,7,tick,""
178498.735044,7,sched_state,waiting
178498.735049,7,tick,""
178498.735054,7,sched_state,waiting
178498.735057,7,tick,""
178498.735260,3,sched_state,running
178498.735506,3,tick,""
178498.735509,3,reduction,""
178498.735511,3,sched_state,running
178498.735646,3,tick,""
178498.735651,3,reduction,""
178498.735653,3,sched_state,running
178498.735774,3,tick,""
178498.735778,3,reduction,""
178498.735779,3,sched_state,running
178498.735899,3,tick,""
178498.735904,3,reduction,""
178498.735906,3,sched_state,running
178498.736024,3,tick,""
178498.736028,3,reduction,""
178498.736029,3,sched_state,running
178498.736152,3,tick,""
178498.736165,3,reduction,""
178498.736167,3,sched_state,running
178498.736283,3,tick,""
178498.736291,3,reduction,""
178498.736293,3,sched_state,running
178498.736406,3,tick,""
178498.736423,3,reduction,""
178498.736425,3,sched_state,running
178498.736532,3,tick,""
178498.736545,3,reduction,""
178498.736547,3,sched_state,running
178498.736650,3,tick,""
178498.736657,3,queue_length,2
178498.736659,3,queue_length,1
178498.738242,3,queue_length,1
178498.738553,3,sched_state,running
178498.738939,3,tick,""
178498.738950,3,reduction,""
178498.738952,3,sched_state,running
178498.739265,3,tick,""
178498.739270,3,reduction,""
178498.739272,3,sched_state,running
178498.739419,3,tick,""
178498.739573,3,reduction,""
178498.739575,3,sched_state,running
178498.739716,3,tick,""
178498.739720,3,reduction,""
178498.739722,3,sched_state,running
178498.739853,3,tick,""
178498.739856,3,reduction,""
178498.739857,3,sched_state,running
178498.739987,3,tick,""
178498.739990,3,reduction,""
178498.739991,3,sched_state,running
178498.740131,3,tick,""
178498.740135,3,reduction,""
178498.740137,3,sched_state,running
178498.740271,3,tick,""
178498.740375,3,reduction,""
178498.740377,3,sched_state,running
178498.740514,3,tick,""
178498.740518,3,reduction,""
178498.740519,3,sched_state,running
178498.740653,3,tick,""
178498.740665,3,reduction,""
178498.740666,3,sched_state,running
178498.740839,3,tick,""
178498.740849,3,reduction,""
178498.740852,3,sched_state,running
178498.741033,0,sched_state,waiting
178498.741045,3,tick,""
178498.741046,0,tick,""
178498.741051,3,reduction,""
178498.741053,3,sched_state,running
178498.741074,0,sched_state,waiting
178498.741079,0,tick,""
178498.741083,0,sched_state,waiting
178498.741086,0,tick,""
178498.741243,3,tick,""
178498.741249,3,reduction,""
178498.741251,3,sched_state,running
178498.741440,3,tick,""
178498.742009,4,sched_state,waiting
178498.742145,4,tick,""
178498.742172,4,sched_state,waiting
178498.742191,4,tick,""
178498.743016,1,sched_state,waiting
178498.743055,5,sched_state,waiting
178498.743223,5,tick,""
178498.743252,5,sched_state,waiting
178498.743286,5,tick,""
178498.743467,1,tick,""
178498.743476,1,sched_state,waiting
178498.743871,1,tick,""
178498.743880,1,sched_state,waiting
178498.743879,1,channel_unblocked,156
178498.743887,3,yield,""
178498.744125,1,tick,""
178498.744130,1,sched_state,running
178498.744356,1,tick,""
178498.744363,1,reduction,""
178498.744369,1,sched_state,running
178498.744441,3,sched_state,running
178498.744595,1,tick,""
178498.744708,3,tick,""
178498.744712,3,reduction,""
178498.744714,3,sched_state,running
178498.744857,3,tick,""
178498.744863,3,reduction,""
178498.744864,3,sched_state,running
178498.745010,6,sched_state,waiting
178498.745060,3,tick,""
178498.745063,3,reduction,""
178498.745065,3,sched_state,running
178498.745223,6,tick,""
178498.745225,2,sched_state,waiting
178498.745253,6,sched_state,waiting
178498.745256,3,tick,""
178498.745262,3,reduction,""
178498.745265,3,sched_state,running
178498.745269,2,tick,""
178498.745299,2,sched_state,waiting
178498.745304,6,tick,""
178498.745351,2,tick,""
178498.745444,3,tick,""
178498.745448,3,reduction,""
178498.745450,3,sched_state,running
178498.745612,8,channel_blocked,667
178498.745614,1,yield,""
178498.745617,1,sched_state,running
178498.745625,1,tick,""
178498.745628,3,tick,""
178498.745633,1,queue_length,0
178498.745638,1,sched_state,waiting
178498.745646,3,reduction,""
178498.745647,1,tick,""
178498.745649,3,sched_state,running
178498.745669,1,sched_state,waiting
178498.745674,1,tick,""
178498.745679,1,sched_state,waiting
178498.745683,1,tick,""
178498.745825,3,tick,""
178498.745832,3,queue_length,2
178498.745836,3,queue_length,1
178498.746320,7,sched_state,waiting
178498.746353,7,tick,""
178498.746384,7,sched_state,waiting
178498.746464,7,tick,""
178498.746471,7,sched_state,waiting
178498.746476,7,tick,""
178498.748522,3,queue_length,1
178498.749476,3,sched_state,running
178498.749776,3,tick,""
178498.749790,3,reduction,""
178498.749792,3,sched_state,running
178498.749951,3,tick,""
178498.749956,3,reduction,""
178498.749958,3,sched_state,running
178498.750109,3,tick,""
178498.750268,3,reduction,""
178498.750271,3,sched_state,running
178498.750417,3,tick,""
178498.750423,3,reduction,""
178498.750425,3,sched_state,running
178498.750634,3,tick,""
178498.750638,3,reduction,""
178498.750640,3,sched_state,running
178498.750847,3,tick,""
178498.750850,3,reduction,""
178498.750852,3,sched_state,running
178498.751066,3,tick,""
178498.751072,3,reduction,""
178498.751074,3,sched_state,running
178498.751283,3,tick,""
178498.751388,3,reduction,""
178498.751392,3,sched_state,running
178498.751609,3,tick,""
178498.751614,3,reduction,""
178498.751616,3,sched_state,running
178498.751827,3,tick,""
178498.751842,3,reduction,""
178498.751845,3,sched_state,running
178498.751973,3,tick,""
178498.751982,3,reduction,""
178498.751984,3,sched_state,running
178498.752182,3,tick,""
178498.752187,3,reduction,""
178498.752188,3,sched_state,running
178498.752262,0,sched_state,waiting
178498.752381,3,tick,""
178498.752386,3,reduction,""
178498.752387,3,sched_state,running
178498.752481,0,tick,""
178498.752507,0,sched_state,waiting
178498.752535,3,tick,""
178498.752561,0,tick,""
178498.754009,5,sched_state,waiting
178498.754191,5,tick,""
178498.754239,5,sched_state,waiting
178498.754327,5,tick,""
178498.755394,2,channel_unblocked,225
178498.755401,3,yield,""
178498.755946,3,sched_state,running
178498.756012,6,sched_state,waiting
178498.756012,2,sched_state,waiting
178498.756199,1,sched_state,running
178498.756240,6,tick,""
178498.756267,6,sched_state,waiting
178498.756321,6,tick,""
178498.756329,6,sched_state,waiting
178498.756345,6,tick,""
178498.756460,3,tick,""
178498.756466,3,reduction,""
178498.756469,3,sched_state,running
178498.756510,2,tick,""
178498.756530,2,sched_state,waiting
178498.756561,2,tick,""
178498.756567,2,sched_state,waiting
178498.756579,2,tick,""
178498.756663,3,tick,""
178498.756670,3,reduction,""
178498.756672,3,sched_state,running
178498.756673,1,tick,""
178498.756680,1,reduction,""
178498.756683,1,sched_state,running
178498.756851,3,tick,""
178498.756855,3,reduction,""
178498.756858,3,sched_state,running
178498.757034,3,tick,""
178498.757039,3,reduction,""
178498.757040,3,sched_state,running
178498.757174,1,tick,""
178498.757241,3,tick,""
178498.757246,3,reduction,""
178498.757249,3,sched_state,running
178498.757380,3,tick,""
178498.757391,3,reduction,""
178498.757393,3,sched_state,running
178498.757517,3,tick,""
178498.757524,3,queue_length,2
178498.757527,3,queue_length,1
178498.757879,9,channel_blocked,87
178498.757882,1,yield,""
178498.757884,1,sched_state,running
178498.757891,1,tick,""
178498.757897,1,queue_length,0
178498.757901,1,sched_state,waiting
178498.757934,1,tick,""
178498.757961,1,sched_state,waiting
178498.757966,1,tick,""
178498.759362,3,queue_length,1
178498.760619,3,sched_state,running
178498.760951,3,tick,""
178498.760966,3,reduction,""
178498.760967,3,sched_state,running
178498.761126,3,tick,""
178498.761131,3,reduction,""
178498.761134,3,sched_state,running
178498.761284,3,tick,""
178498.761445,3,reduction,""
178498.761447,3,sched_state,running
178498.761587,3,tick,""
178498.761591,3,reduction,""
178498.761592,3,sched_state,running
178498.761728,3,tick,""
178498.761731,3,reduction,""
178498.761732,3,sched_state,running
178498.761864,3,tick,""
178498.761866,3,reduction,""
178498.761867,3,sched_state,running
178498.762003,3,tick,""
178498.762007,3,reduction,""
178498.762009,3,sched_state,running
178498.762146,3,tick,""
178498.762245,3,reduction,""
178498.762247,3,sched_state,running
178498.762463,3,tick,""
178498.762468,3,reduction,""
178498.762470,3,sched_state,running
178498.762690,3,tick,""
178498.762706,3,reduction,""
178498.762709,3,sched_state,running
178498.762905,3,tick,""
178498.762913,3,reduction,""
178498.762916,3,sched_state,running
178498.763013,0,sched_state,waiting
178498.763110,3,tick,""
178498.763115,3,reduction,""
178498.763117,3,sched_state,running
178498.763251,3,tick,""
178498.763255,3,reduction,""
178498.763257,3,sched_state,running
178498.763300,0,tick,""
178498.763304,0,sched_state,waiting
178498.763369,0,tick,""
178498.763387,3,tick,""
178498.763393,0,sched_state,waiting
178498.763398,0,tick,""
178498.765008,5,sched_state,waiting
178498.765189,5,tick,""
178498.765217,5,sched_state,waiting
178498.765249,5,tick,""
178498.765732,3,channel_unblocked,300
178498.765739,3,yield,""
178498.766130,3,sched_state,running
178498.766400,3,tick,""
178498.766404,3,reduction,""
178498.766406,3,sched_state,running
178498.766548,3,tick,""
178498.766552,3,reduction,""
178498.766554,3,sched_state,running
178498.766684,3,tick,""
178498.766687,3,reduction,""
178498.766689,3,sched_state,running
178498.766815,3,tick,""
178498.766819,3,reduction,""
178498.766821,3,sched_state,running
178498.766945,3,tick,""
178498.766948,3,reduction,""
178498.766949,3,sched_state,running
178498.767071,3,tick,""
178498.767082,3,reduction,""
178498.767084,3,sched_state,running
178498.767209,3,tick,""
178498.767217,3,queue_length,2
178498.767220,3,queue_length,1
178498.767266,2,sched_state,waiting
178498.767288,2,tick,""
178498.767293,6,sched_state,running
178498.767316,2,sched_state,waiting
178498.767331,2,tick,""
178498.767588,6,tick,""
178498.767596,6,reduction,""
178498.767598,6,sched_state,running
178498.767965,6,tick,""
178498.768616,0,channel_blocked,156
178498.768618,6,yield,""
178498.768622,6,sched_state,running
178498.768629,6,tick,""
178498.768640,6,queue_length,0
178498.768645,6,sched_state,waiting
178498.768737,6,tick,""
178498.768761,6,sched_state,waiting
178498.768765,6,tick,""
178498.768770,6,sched_state,waiting
178498.768773,6,tick,""
178498.769197,3,queue_length,1
178498.770363,3,sched_state,running
178498.770704,3,tick,""
178498.770718,3,reduction,""
178498.770721,3,sched_state,running
178498.770881,3,tick,""
178498.770886,3,reduction,""
178498.770888,3,sched_state,running
178498.771040,3,tick,""
178498.771200,3,reduction,""
178498.771202,3,sched_state,running
178498.771342,3,tick,""
178498.771346,3,reduction,""
178498.771347,3,sched_state,running
178498.771481,3,tick,""
178498.771484,3,reduction,""
178498.771485,3,sched_state,running
178498.771620,3,tick,""
178498.771623,3,reduction,""
178498.771624,3,sched_state,running
178498.771759,3,tick,""
178498.771763,3,reduction,""
178498.771764,3,sched_state,running
178498.771948,3,tick,""
178498.772089,3,reduction,""
178498.772091,3,sched_state,running
178498.772312,3,tick,""
178498.772316,3,reduction,""
178498.772318,3,sched_state,running
178498.772458,3,tick,""
178498.772470,3,reduction,""
178498.772471,3,sched_state,running
178498.772602,3,tick,""
178498.772610,3,reduction,""
178498.772612,3,sched_state,running
178498.772734,3,tick,""
178498.772737,3,reduction,""
178498.772739,3,sched_state,running
178498.772863,3,tick,""
178498.772868,3,reduction,""
178498.772869,3,sched_state,running
178498.772992,3,tick,""
178498.774165,0,sched_state,running
178498.774647,0,tick,""
178498.774655,0,reduction,""
178498.774659,0,sched_state,running
178498.774981,4,channel_unblocked,323
178498.775019,0,tick,""
178498.775021,3,yield,""
178498.775318,3,sched_state,running
178498.775595,1,channel_blocked,225
178498.775597,0,yield,""
178498.775600,0,sched_state,running
178498.775600,3,tick,""
178498.775604,3,reduction,""
178498.775608,3,sched_state,running
178498.775632,0,tick,""
178498.775643,0,queue_length,0
178498.775648,0,sched_state,waiting
178498.775659,0,tick,""
178498.775685,0,sched_state,waiting
178498.775692,0,tick,""
178498.775778,3,tick,""
178498.775783,3,reduction,""
178498.775784,3,sched_state,running
178498.775982,3,tick,""
178498.775985,3,reduction,""
178498.775988,3,sched_state,running
178498.776185,3,tick,""
178498.776189,3,reduction,""
178498.776190,3,sched_state,running
178498.776240,5,sched_state,waiting
178498.776317,3,tick,""
178498.776320,3,reduction,""
178498.776321,3,sched_state,running
178498.776363,5,tick,""
178498.776386,5,sched_state,waiting
178498.776460,5,tick,""
178498.776464,3,tick,""
178498.776477,3,reduction,""
178498.776479,3,sched_state,running
178498.776676,3,tick,""
178498.777556,3,queue_length,2
178498.777560,3,queue_length,1
178498.778241,2,sched_state,waiting
178498.778251,2,tick,""
178498.778256,2,sched_state,waiting
178498.778305,2,tick,""
178498.779194,6,sched_state,waiting
178498.779205,6,tick,""
178498.779232,6,sched_state,waiting
178498.779290,6,tick,""
178498.779527,3,queue_length,1
178498.780661,3,sched_state,running
178498.781109,3,tick,""
178498.781123,3,reduction,""
178498.781125,3,sched_state,running
178498.781286,3,tick,""
178498.781291,3,reduction,""
178498.781294,3,sched_state,running
178498.781443,3,tick,""
178498.781651,3,reduction,""
178498.781654,3,sched_state,running
178498.781874,3,tick,""
178498.781879,3,reduction,""
178498.781881,3,sched_state,running
178498.782036,3,tick,""
178498.782040,3,reduction,""
178498.782042,3,sched_state,running
178498.782248,3,tick,""
178498.782251,3,reduction,""
178498.782253,3,sched_state,running
178498.782469,3,tick,""
178498.782475,3,reduction,""
178498.782477,3,sched_state,running
178498.782624,3,tick,""
178498.782761,3,reduction,""
178498.782763,3,sched_state,running
178498.782985,3,tick,""
178498.782990,3,reduction,""
178498.782993,3,sched_state,running
178498.783166,3,tick,""
178498.783181,3,reduction,""
178498.783183,3,sched_state,running
178498.783378,3,tick,""
178498.783386,3,reduction,""
178498.783388,3,sched_state,running
178498.783584,3,tick,""
178498.783589,3,reduction,""
178498.783591,3,sched_state,running
178498.783731,3,tick,""
178498.783736,3,reduction,""
178498.783738,3,sched_state,running
178498.783930,3,tick,""
178498.785938,5,channel_unblocked,421
178498.785945,3,yield,""
178498.786061,0,sched_state,waiting
178498.786067,4,sched_state,waiting
178498.786331,0,tick,""
178498.786368,0,sched_state,waiting
178498.786390,0,tick,""
178498.786509,4,tick,""
178498.786545,3,sched_state,running
178498.786898,3,tick,""
178498.786903,3,reduction,""
178498.786905,3,sched_state,running
178498.787046,3,tick,""
178498.787051,3,reduction,""
178498.787053,3,sched_state,running
178498.787238,5,sched_state,waiting
178498.787252,3,tick,""
178498.787255,3,reduction,""
178498.787257,3,sched_state,running
178498.787266,5,tick,""
178498.787295,5,sched_state,waiting
178498.787307,5,tick,""
178498.787413,3,tick,""
178498.787417,3,reduction,""
178498.787420,3,sched_state,running
178498.787547,3,tick,""
178498.787551,3,reduction,""
178498.787552,3,sched_state,running
178498.787682,3,tick,""
178498.787696,3,reduction,""
178498.787698,3,sched_state,running
178498.787826,3,tick,""
178498.787833,3,queue_length,2
178498.787836,3,queue_length,1
178498.789208,2,sched_state,running
178498.789658,2,tick,""
178498.789666,2,reduction,""
178498.789669,2,sched_state,running
178498.789889,3,queue_length,1
178498.790013,7,sched_state,waiting
178498.790208,2,tick,""
178498.790294,7,tick,""
178498.790301,7,sched_state,waiting
178498.790338,7,tick,""
178498.790344,7,sched_state,waiting
178498.790537,7,tick,""
178498.791212,2,channel_blocked,300
178498.791215,2,yield,""
178498.791218,2,sched_state,running
178498.791261,2,tick,""
178498.791268,2,queue_length,0
178498.791271,2,sched_state,waiting
178498.791329,2,tick,""
178498.791356,2,sched_state,waiting
178498.791359,2,tick,""
178498.791439,3,sched_state,running
178498.791683,3,tick,""
178498.791696,3,reduction,""
178498.791698,3,sched_state,running
178498.791924,3,tick,""
178498.791930,3,reduction,""
178498.791932,3,sched_state,running
178498.792156,3,tick,""
178498.792341,3,reduction,""
178498.792344,3,sched_state,running
178498.792542,3,tick,""
178498.792547,3,reduction,""
178498.792549,3,sched_state,running
178498.792739,3,tick,""
178498.792744,3,reduction,""
178498.792746,3,sched_state,running
178498.792940,3,tick,""
178498.792944,3,reduction,""
178498.792945,3,sched_state,running
178498.793136,3,tick,""
178498.793142,3,reduction,""
178498.793144,3,sched_state,running
178498.793209,1,sched_state,running
178498.793341,3,tick,""
178498.793474,3,reduction,""
178498.793477,3,sched_state,running
178498.793671,3,tick,""
178498.793676,3,reduction,""
178498.793678,3,sched_state,running
178498.793681,1,tick,""
178498.793687,1,reduction,""
178498.793689,1,sched_state,running
178498.793875,3,tick,""
178498.793892,3,reduction,""
178498.793894,3,sched_state,running
178498.794047,1,tick,""
178498.794068,3,tick,""
178498.794077,3,reduction,""
178498.794079,3,sched_state,running
178498.794252,3,tick,""
178498.794257,3,reduction,""
178498.794259,3,sched_state,running
178498.794432,3,tick,""
178498.794437,3,reduction,""
178498.794439,3,sched_state,running
178498.794610,3,tick,""
178498.794657,3,channel_blocked,323
178498.794659,1,yield,""
178498.794662,1,sched_state,running
178498.794668,1,tick,""
178498.794673,1,queue_length,0
178498.794675,1,sched_state,waiting
178498.794679,1,tick,""
178498.794702,1,sched_state,waiting
178498.794706,1,tick,""
178498.797014,4,sched_state,waiting
178498.797087,4,tick,""
178498.797246,0,sched_state,waiting
178498.797258,0,tick,""
178498.797285,0,sched_state,waiting
178498.797344,0,tick,""
178498.797350,0,sched_state,waiting
178498.797356,0,tick,""
178498.797783,6,channel_unblocked,512
178498.797789,3,yield,""
178498.798239,5,sched_state,waiting
178498.798274,5,tick,""
178498.798309,5,sched_state,waiting
178498.798330,5,tick,""
178498.798359,3,sched_state,running
178498.798725,3,tick,""
178498.798730,3,reduction,""
178498.798733,3,sched_state,running
178498.798929,3,tick,""
178498.798934,3,reduction,""
178498.798935,3,sched_state,running
178498.799119,3,tick,""
178498.799122,3,reduction,""
178498.799124,3,sched_state,running
178498.799300,3,tick,""
178498.799304,3,reduction,""
178498.799306,3,sched_state,running
178498.799490,3,tick,""
178498.799495,3,reduction,""
178498.799497,3,sched_state,running
178498.799673,3,tick,""
178498.799685,3,reduction,""
178498.799687,3,sched_state,running
178498.799864,3,tick,""
178498.799872,3,queue_length,2
178498.799876,3,queue_length,1
178498.801008,6,sched_state,waiting
178498.801088,6,tick,""
178498.801112,6,sched_state,waiting
178498.801129,6,tick,""
178498.801134,6,sched_state,waiting
178498.801139,6,tick,""
178498.802254,2,sched_state,waiting
178498.802291,2,tick,""
178498.802315,2,sched_state,waiting
178498.802329,2,tick,""
178498.802868,3,queue_length,1
178498.803867,3,sched_state,running
178498.804197,3,tick,""
178498.804211,3,reduction,""
178498.804213,3,sched_state,running
178498.804373,3,tick,""
178498.804379,3,reduction,""
178498.804381,3,sched_state,running
178498.804532,3,tick,""
178498.804739,3,reduction,""
178498.804742,3,sched_state,running
178498.804963,3,tick,""
178498.804968,3,reduction,""
178498.804970,3,sched_state,running
178498.805008,1,sched_state,waiting
178498.805126,3,tick,""
178498.805130,3,reduction,""
178498.805131,3,sched_state,running
178498.805268,3,tick,""
178498.805271,3,reduction,""
178498.805272,3,sched_state,running
178498.805295,1,tick,""
178498.805318,1,sched_state,waiting
178498.805349,1,tick,""
178498.805354,1,sched_state,waiting
178498.805385,1,tick,""
178498.805410,3,tick,""
178498.805415,3,reduction,""
178498.805416,3,sched_state,running
178498.805570,3,tick,""
178498.805706,3,reduction,""
178498.805708,3,sched_state,running
178498.805926,3,tick,""
178498.805932,3,reduction,""
178498.805934,3,sched_state,running
178498.806148,3,tick,""
178498.806164,3,reduction,""
178498.806166,3,sched_state,running
178498.806361,3,tick,""
178498.806369,3,reduction,""
178498.806371,3,sched_state,running
178498.806570,3,tick,""
178498.806575,3,reduction,""
178498.806578,3,sched_state,running
178498.806718,3,tick,""
178498.806724,3,reduction,""
178498.806725,3,sched_state,running
178498.806919,3,tick,""
178498.808210,0,sched_state,waiting
178498.808262,0,tick,""
178498.808267,0,sched_state,waiting
178498.808312,0,tick,""
178498.808335,0,sched_state,waiting
178498.808342,0,tick,""
178498.809009,5,sched_state,waiting
178498.809237,5,tick,""
178498.809241,5,sched_state,waiting
178498.809277,5,tick,""
178498.809299,5,sched_state,waiting
178498.809310,5,tick,""
178498.809562,7,channel_unblocked,542
178498.809569,3,yield,""
178498.809970,3,sched_state,running
178498.810247,3,tick,""
178498.810252,3,reduction,""
178498.810253,3,sched_state,running
178498.810400,3,tick,""
178498.810406,3,reduction,""
178498.810408,3,sched_state,running
178498.810540,3,tick,""
178498.810543,3,reduction,""
178498.810544,3,sched_state,running
178498.810675,3,tick,""
178498.810680,3,reduction,""
178498.810682,3,sched_state,running
178498.810813,3,tick,""
178498.810817,3,reduction,""
178498.810818,3,sched_state,running
178498.810943,3,tick,""
178498.810953,3,reduction,""
178498.810954,3,sched_state,running
178498.811084,3,tick,""
178498.811093,3,queue_length,2
178498.811097,3,queue_length,1
178498.812246,6,sched_state,waiting
178498.812270,7,sched_state,running
178498.812325,6,tick,""
178498.812353,6,sched_state,waiting
178498.812358,6,tick,""
178498.812770,7,tick,""
178498.812778,7,reduction,""
178498.812781,7,sched_state,running
178498.813586,3,queue_length,1
178498.813683,7,tick,""
178498.814588,4,channel_blocked,421
178498.814591,7,yield,""
178498.814594,7,sched_state,running
178498.814637,7,tick,""
178498.814645,7,queue_length,0
178498.814650,7,sched_state,waiting
178498.814663,7,tick,""
178498.814691,7,sched_state,waiting
178498.814697,7,tick,""
178498.814701,7,sched_state,waiting
178498.814705,7,tick,""
178498.815047,3,sched_state,running
178498.815306,3,tick,""
178498.815320,3,reduction,""
178498.815322,3,sched_state,running
178498.815563,3,tick,""
178498.815570,3,reduction,""
178498.815573,3,sched_state,running
178498.815806,3,tick,""
178498.815994,3,reduction,""
178498.815997,3,sched_state,running
178498.816010,1,sched_state,waiting
178498.816188,1,tick,""
178498.816214,1,sched_state,waiting
178498.816244,1,tick,""
178498.816244,3,tick,""
178498.816251,3,reduction,""
178498.816251,1,sched_state,waiting
178498.816254,3,sched_state,running
178498.816309,1,tick,""
178498.816319,1,sched_state,waiting
178498.816323,1,tick,""
178498.816437,3,tick,""
178498.816441,3,reduction,""
178498.816443,3,sched_state,running
178498.816583,3,tick,""
178498.816587,3,reduction,""
178498.816590,3,sched_state,running
178498.816729,3,tick,""
178498.816734,3,reduction,""
178498.816736,3,sched_state,running
178498.816875,3,tick,""
178498.816976,3,reduction,""
178498.816979,3,sched_state,running
178498.817121,3,tick,""
178498.817126,3,reduction,""
178498.817129,3,sched_state,running
178498.817267,3,tick,""
178498.817280,3,reduction,""
178498.817282,3,sched_state,running
178498.817409,3,tick,""
178498.817416,3,reduction,""
178498.817417,3,sched_state,running
178498.817544,3,tick,""
178498.817550,3,reduction,""
178498.817552,3,sched_state,running
178498.817678,3,tick,""
178498.817682,3,reduction,""
178498.817684,3,sched_state,running
178498.817810,3,tick,""
178498.819495,0,sched_state,waiting
178498.819525,0,tick,""
178498.819553,0,sched_state,waiting
178498.819572,0,tick,""
178498.820127,8,channel_unblocked,644
178498.820134,3,yield,""
178498.820231,5,sched_state,waiting
178498.820257,5,tick,""
178498.820279,5,sched_state,waiting
178498.820299,5,tick,""
178498.820686,3,sched_state,running
178498.821065,3,tick,""
178498.821070,3,reduction,""
178498.821073,3,sched_state,running
178498.821267,3,tick,""
178498.821273,3,reduction,""
178498.821275,3,sched_state,running
178498.821460,3,tick,""
178498.821463,3,reduction,""
178498.821465,3,sched_state,running
178498.821643,3,tick,""
178498.821648,3,reduction,""
178498.821650,3,sched_state,running
178498.821828,3,tick,""
178498.821832,3,reduction,""
178498.821834,3,sched_state,running
178498.822011,3,tick,""
178498.822025,3,reduction,""
178498.822027,3,sched_state,running
178498.822204,3,tick,""
178498.822213,3,queue_length,2
178498.822217,3,queue_length,1
178498.823199,6,sched_state,waiting
178498.823227,6,tick,""
178498.823230,6,sched_state,waiting
178498.823235,6,tick,""
178498.823261,6,sched_state,waiting
178498.823266,6,tick,""
178498.824356,3,queue_length,1
178498.824433,2,sched_state,running
178498.824965,2,tick,""
178498.825013,7,sched_state,waiting
178498.825041,2,reduction,""
178498.825045,2,sched_state,running
178498.825239,7,tick,""
178498.825268,7,sched_state,waiting
178498.825276,7,tick,""
178498.825505,2,tick,""
178498.825699,3,sched_state,running
178498.826089,3,tick,""
178498.826103,3,reduction,""
178498.826104,3,sched_state,running
178498.826269,3,tick,""
178498.826274,3,reduction,""
178498.826277,3,sched_state,running
178498.826370,5,channel_blocked,512
178498.826373,2,yield,""
178498.826379,2,sched_state,running
178498.826426,2,tick,""
178498.826432,3,tick,""
178498.826593,3,reduction,""
178498.826595,3,sched_state,running
178498.826663,2,queue_length,0
178498.826669,2,sched_state,waiting
178498.826736,3,tick,""
178498.826740,3,reduction,""
178498.826741,3,sched_state,running
178498.826877,3,tick,""
178498.826880,3,reduction,""
178498.826881,3,sched_state,running
178498.826965,2,tick,""
178498.826991,2,sched_state,waiting
178498.827046,3,tick,""
178498.827050,3,reduction,""
178498.827052,3,sched_state,running
178498.827096,2,tick,""
178498.827104,2,sched_state,waiting
178498.827118,2,tick,""
178498.827123,2,sched_state,waiting
178498.827127,2,tick,""
178498.827131,2,sched_state,waiting
178498.827134,2,tick,""
178498.827268,3,tick,""
178498.827274,3,reduction,""
178498.827276,3,sched_state,running
178498.827475,3,tick,""
178498.827579,3,reduction,""
178498.827582,3,sched_state,running
178498.827802,3,tick,""
178498.827808,3,reduction,""
178498.827810,3,sched_state,running
178498.828023,3,tick,""
178498.828038,3,reduction,""
178498.828040,3,sched_state,running
178498.828263,3,tick,""
178498.828273,3,reduction,""
178498.828275,3,sched_state,running
178498.828469,3,tick,""
178498.828474,3,reduction,""
178498.828476,3,sched_state,running
178498.828673,3,tick,""
178498.828679,3,reduction,""
178498.828681,3,sched_state,running
178498.828876,3,tick,""
178498.830017,4,sched_state,waiting
178498.830255,0,sched_state,waiting
178498.830291,4,tick,""
178498.830295,4,sched_state,running
178498.830423,0,tick,""
178498.830428,0,sched_state,waiting
178498.830444,0,tick,""
178498.830468,0,sched_state,waiting
178498.830475,0,tick,""
178498.830478,4,tick,""
178498.830484,4,reduction,""
178498.830485,4,sched_state,running
178498.830650,4,tick,""
178498.831176,5,sched_state,waiting
178498.831211,5,tick,""
178498.831215,5,sched_state,waiting
178498.831234,5,tick,""
178498.831253,5,sched_state,waiting
178498.831258,5,tick,""
178498.831267,6,channel_blocked,542
178498.831270,4,yield,""
178498.831272,4,sched_state,running
178498.831338,4,tick,""
178498.831346,4,queue_length,0
178498.831352,4,sched_state,waiting
178498.831500,4,tick,""
178498.831520,4,sched_state,waiting
178498.831524,4,tick,""
178498.831563,9,channel_unblocked,667
178498.831570,3,yield,""
178498.831958,3,sched_state,running
178498.832338,3,tick,""
178498.832343,3,reduction,""
178498.832345,3,sched_state,running
178498.832538,3,tick,""
178498.832543,3,reduction,""
178498.832546,3,sched_state,running
178498.832726,3,tick,""
178498.832729,3,reduction,""
178498.832731,3,sched_state,running
178498.832912,3,tick,""
178498.832917,3,reduction,""
178498.832920,3,sched_state,running
178498.833097,3,tick,""
178498.833101,3,reduction,""
178498.833103,3,sched_state,running
178498.833278,3,tick,""
178498.833300,3,reduction,""
178498.833302,3,sched_state,running
178498.833482,3,tick,""
178498.834242,6,sched_state,waiting
178498.834433,6,tick,""
178498.834452,6,sched_state,waiting
178498.834457,6,tick,""
178498.834460,6,sched_state,waiting
178498.834462,6,tick,""
178498.834464,6,sched_state,waiting
178498.834466,6,tick,""
178498.835309,3,queue_length,2
178498.835315,3,queue_length,2
178498.835963,3,sched_state,running
178498.836055,7,sched_state,waiting
178498.836157,7,tick,""
178498.836197,7,sched_state,waiting
178498.836203,7,tick,""
178498.836232,3,tick,""
178498.836242,3,reduction,""
178498.836244,3,sched_state,running
178498.836486,3,tick,""
178498.837231,7,channel_blocked,644
178498.837234,3,yield,""
178498.837236,3,sched_state,running
178498.837247,3,tick,""
178498.837257,3,queue_length,1
178498.838011,1,sched_state,waiting
178498.838013,2,sched_state,waiting
178498.838021,2,tick,""
178498.838043,1,tick,""
178498.838048,2,sched_state,waiting
178498.838054,2,tick,""
178498.838058,2,sched_state,waiting
178498.838061,2,tick,""
178498.838064,1,sched_state,waiting
178498.838084,1,tick,""
178498.838092,1,sched_state,waiting
178498.838096,1,tick,""
178498.838101,1,sched_state,waiting
178498.838105,1,tick,""
178498.838122,3,sched_state,running
178498.838372,3,tick,""
178498.838384,3,reduction,""
178498.838386,3,sched_state,running
178498.838990,3,tick,""
178498.838997,3,reduction,""
178498.839001,3,sched_state,running
178498.839234,3,tick,""
178498.839395,3,reduction,""
178498.839397,3,sched_state,running
178498.839574,3,tick,""
178498.839580,3,reduction,""
178498.839582,3,sched_state,running
178498.839815,3,tick,""
178498.839830,3,reduction,""
178498.839832,3,sched_state,running
178498.840044,3,tick,""
178498.840052,3,reduction,""
178498.840054,3,sched_state,running
178498.840220,3,tick,""
178498.840225,3,reduction,""
178498.840227,3,sched_state,running
178498.840439,3,tick,""
178498.840444,3,reduction,""
178498.840446,3,sched_state,running
178498.840659,3,tick,""
178498.840663,3,reduction,""
178498.840665,3,sched_state,running
178498.840810,3,tick,""
178498.840816,3,reduction,""
178498.840818,3,sched_state,running
178498.841008,0,sched_state,waiting
178498.841018,0,tick,""
178498.841028,3,tick,""
178498.841041,0,sched_state,waiting
178498.841047,0,tick,""
178498.842013,5,sched_state,waiting
178498.842024,5,tick,""
178498.842040,4,sched_state,waiting
178498.842050,4,tick,""
178498.842049,5,sched_state,waiting
178498.842055,5,tick,""
178498.842059,5,sched_state,waiting
178498.842062,5,tick,""
178498.842072,4,sched_state,waiting
178498.842077,4,tick,""
178498.842081,4,sched_state,waiting
178498.842084,4,tick,""
178498.842088,4,sched_state,waiting
178498.842090,4,tick,""
178498.844272,0,channel_unblocked,87
178498.844280,3,yield,""
178498.844855,3,sched_state,running
178498.845012,6,sched_state,waiting
178498.845020,6,tick,""
178498.845040,6,sched_state,waiting
178498.845044,6,tick,""
178498.845153,3,tick,""
178498.845157,3,reduction,""
178498.845159,3,sched_state,running
178498.845317,3,tick,""
178498.845322,3,reduction,""
178498.845324,3,sched_state,running
178498.845473,3,tick,""
178498.845477,3,reduction,""
178498.845480,3,sched_state,running
178498.845610,3,tick,""
178498.845613,3,sched_state,stop
