timestamp,lpu,event,value
179806.062497,0,sched_state,startup
179806.063006,0,tick,""
179806.063010,0,reduction,""
179806.063012,0,sched_state,running
179806.063500,0,tick,""
179806.063504,0,reduction,""
179806.063505,0,sched_state,running
179806.063772,0,tick,""
179806.063774,0,reduction,""
179806.063775,0,sched_state,running
179806.064041,0,tick,""
179806.065957,0,reduction,""
179806.065959,0,sched_state,running
179806.066240,0,tick,""
179806.066243,0,reduction,""
179806.066244,0,sched_state,running
179806.066522,0,tick,""
179806.066614,0,reduction,""
179806.066617,0,sched_state,running
179806.067132,0,tick,""
179806.067135,0,reduction,""
179806.067136,0,sched_state,running
179806.068550,0,tick,""
179806.068567,0,spawn,""
179806.068571,0,reduction,""
179806.068575,0,sched_state,running
179806.068999,0,queue_length,1
179806.069001,1,queue_length,0
179806.069002,0,tick,""
179806.069004,0,reduction,""
179806.069005,0,sched_state,running
179806.069285,0,tick,""
179806.069298,0,reduction,""
179806.069299,0,sched_state,running
179806.069769,0,tick,""
179806.069782,0,reduction,""
179806.069785,0,sched_state,running
179806.070402,0,tick,""
179806.070464,0,channel_blocked,98
179806.070469,0,yield,""
179806.070476,0,sched_state,running
179806.070939,0,tick,""
179806.070959,0,reduction,""
179806.070963,0,sched_state,running
179806.071576,0,tick,""
179806.071598,0,reduction,""
179806.071602,0,sched_state,running
179806.072288,0,tick,""
179806.072303,0,reduction,""
179806.072307,0,sched_state,running
179806.072612,0,tick,""
179806.072617,0,reduction,""
179806.072618,0,sched_state,running
179806.072892,0,tick,""
179806.072897,0,reduction,""
179806.072898,0,sched_state,running
179806.073179,0,tick,""
179806.073182,0,reduction,""
179806.073182,0,sched_state,running
179806.073458,0,tick,""
179806.073467,0,reduction,""
179806.073468,0,sched_state,running
179806.073740,0,tick,""
179806.073745,0,reduction,""
179806.073746,0,sched_state,running
179806.074019,0,tick,""
179806.074024,0,reduction,""
179806.074025,0,sched_state,running
179806.074298,0,tick,""
179806.074310,0,reduction,""
179806.074311,0,sched_state,running
179806.074590,0,tick,""
179806.074596,0,reduction,""
179806.074597,0,sched_state,running
179806.074874,0,tick,""
179806.074879,0,reduction,""
179806.074880,0,sched_state,running
179806.075158,0,tick,""
179806.075163,0,reduction,""
179806.075164,0,sched_state,running
179806.075442,0,tick,""
179806.075448,0,reduction,""
179806.075452,0,sched_state,running
179806.075733,0,tick,""
179806.075861,0,reduction,""
179806.075865,0,sched_state,running
179806.076170,0,tick,""
179806.076186,0,reduction,""
179806.076187,0,sched_state,running
179806.076467,0,tick,""
179806.076471,0,reduction,""
179806.076472,0,sched_state,running
179806.076755,0,tick,""
179806.076760,0,reduction,""
179806.076761,0,sched_state,running
179806.077039,0,tick,""
179806.077044,0,reduction,""
179806.077045,0,sched_state,running
179806.077328,0,tick,""
179806.077338,0,reduction,""
179806.077339,0,sched_state,running
179806.077626,0,tick,""
179806.077630,0,queue_length,0
179806.077631,1,queue_length,0
179806.077664,0,reduction,""
179806.077666,0,sched_state,running
179806.077949,0,tick,""
179806.077958,0,reduction,""
179806.077960,0,sched_state,running
179806.078243,0,tick,""
179806.078247,0,reduction,""
179806.078248,0,sched_state,running
179806.078534,0,tick,""
179806.078542,0,reduction,""
179806.078544,0,sched_state,running
179806.078826,0,tick,""
179806.078833,0,reduction,""
179806.078835,0,sched_state,running
179806.079117,0,tick,""
179806.079122,0,reduction,""
179806.079124,0,sched_state,running
179806.079408,0,tick,""
179806.079419,0,reduction,""
179806.079421,0,sched_state,running
179806.079699,0,tick,""
179806.079706,0,reduction,""
179806.079707,0,sched_state,running
179806.079990,0,tick,""
179806.079996,0,reduction,""
179806.079997,0,sched_state,running
179806.080304,0,tick,""
179806.080407,0,reduction,""
179806.080411,0,sched_state,running
179806.080697,0,tick,""
179806.080708,0,reduction,""
179806.080709,0,sched_state,running
179806.080991,0,tick,""
179806.080996,0,reduction,""
179806.080997,0,sched_state,running
179806.081276,0,tick,""
179806.081280,0,reduction,""
179806.081281,0,sched_state,running
179806.081560,0,tick,""
179806.081565,0,reduction,""
179806.081566,0,sched_state,running
179806.081843,0,tick,""
179806.081847,0,reduction,""
179806.081848,0,sched_state,running
179806.082127,0,tick,""
179806.082132,0,reduction,""
179806.082133,0,sched_state,running
179806.082411,0,tick,""
179806.082415,0,reduction,""
179806.082416,0,sched_state,running
179806.082694,0,tick,""
179806.082699,0,reduction,""
179806.082700,0,sched_state,running
179806.082977,0,tick,""
179806.082982,0,spawn,""
179806.082983,0,reduction,""
179806.082985,0,sched_state,running
179806.083264,0,queue_length,1
179806.083267,1,queue_length,0
179806.083268,0,tick,""
179806.083269,0,reduction,""
179806.083271,0,sched_state,running
179806.083548,0,tick,""
179806.083556,0,reduction,""
179806.083558,0,sched_state,running
179806.083839,0,tick,""
179806.083844,0,reduction,""
179806.083845,0,sched_state,running
179806.084154,0,tick,""
179806.084160,0,reduction,""
179806.084161,0,sched_state,running
179806.084440,0,tick,""
179806.084451,0,reduction,""
179806.084452,0,sched_state,running
179806.084736,0,tick,""
179806.084741,0,reduction,""
179806.084742,0,sched_state,running
179806.085028,0,tick,""
179806.085033,0,reduction,""
179806.085034,0,sched_state,running
179806.085319,0,tick,""
179806.085324,0,reduction,""
179806.085326,0,sched_state,running
179806.085613,0,tick,""
179806.085697,0,reduction,""
179806.085700,0,sched_state,running
179806.085991,0,tick,""
179806.086004,0,reduction,""
179806.086006,0,sched_state,running
179806.086290,0,tick,""
179806.086294,0,reduction,""
179806.086295,0,sched_state,running
179806.086578,0,tick,""
179806.086584,0,reduction,""
179806.086586,0,sched_state,running
179806.086871,0,tick,""
179806.086876,0,spawn,""
179806.086878,0,reduction,""
179806.086879,0,sched_state,running
179806.087164,0,queue_length,2
179806.087167,1,queue_length,0
179806.087168,0,tick,""
179806.087169,0,reduction,""
179806.087171,0,sched_state,running
179806.087461,0,tick,""
179806.087469,0,reduction,""
179806.087471,0,sched_state,running
179806.087757,0,tick,""
179806.087762,0,reduction,""
179806.087763,0,sched_state,running
179806.088044,0,tick,""
179806.088049,0,reduction,""
179806.088050,0,sched_state,running
179806.088357,0,tick,""
179806.088367,0,reduction,""
179806.088368,0,sched_state,running
179806.088668,0,tick,""
179806.088673,0,reduction,""
179806.088674,0,sched_state,running
179806.088975,0,tick,""
179806.088984,0,reduction,""
179806.088985,0,sched_state,running
179806.089277,0,tick,""
179806.089282,0,reduction,""
179806.089283,0,sched_state,running
179806.089577,0,tick,""
179806.089668,0,reduction,""
179806.089673,0,sched_state,running
179806.089959,0,tick,""
179806.089972,0,reduction,""
179806.089974,0,sched_state,running
179806.090258,0,tick,""
179806.090262,0,reduction,""
179806.090263,0,sched_state,running
179806.090545,0,tick,""
179806.090550,0,reduction,""
179806.090551,0,sched_state,running
179806.090835,0,tick,""
179806.090839,0,reduction,""
179806.090840,0,sched_state,running
179806.091125,0,tick,""
179806.091131,0,reduction,""
179806.091132,0,sched_state,running
179806.091416,0,tick,""
179806.091421,0,reduction,""
179806.091422,0,sched_state,running
179806.091708,0,tick,""
179806.091719,0,reduction,""
179806.091720,0,sched_state,running
179806.092002,0,tick,""
179806.092008,0,reduction,""
179806.092009,0,sched_state,running
179806.092292,0,tick,""
179806.092304,0,reduction,""
179806.092305,0,sched_state,running
179806.092589,0,tick,""
179806.092599,0,reduction,""
179806.092600,0,sched_state,running
179806.092883,0,tick,""
179806.092889,0,reduction,""
179806.092891,0,sched_state,running
179806.093173,0,tick,""
179806.093176,0,queue_length,2
179806.093177,1,queue_length,0
179806.093179,0,reduction,""
179806.093181,0,sched_state,running
179806.093460,0,tick,""
179806.093465,0,reduction,""
179806.093466,0,sched_state,running
179806.093745,0,tick,""
179806.095435,1,channel_blocked,73
179806.095440,0,yield,""
179806.095442,0,sched_state,running
179806.095977,0,tick,""
179806.095983,0,reduction,""
179806.095984,0,sched_state,running
179806.096307,0,tick,""
179806.096313,0,reduction,""
179806.096314,0,sched_state,running
179806.096610,0,tick,""
179806.096615,0,reduction,""
179806.096616,0,sched_state,running
179806.096911,0,tick,""
179806.096921,0,reduction,""
179806.096923,0,sched_state,running
179806.097221,0,tick,""
179806.097227,0,reduction,""
179806.097228,0,sched_state,running
179806.097529,0,tick,""
179806.097541,0,reduction,""
179806.097542,0,sched_state,running
179806.097834,0,tick,""
179806.097843,0,reduction,""
179806.097844,0,sched_state,running
179806.098129,0,tick,""
179806.098135,0,reduction,""
179806.098136,0,sched_state,running
179806.098416,0,tick,""
179806.098526,0,reduction,""
179806.098530,0,sched_state,running
179806.098817,0,tick,""
179806.098831,0,reduction,""
179806.098833,0,sched_state,running
179806.099116,0,tick,""
179806.099121,0,reduction,""
179806.099122,0,sched_state,running
179806.099404,0,tick,""
179806.099410,0,reduction,""
179806.099411,0,sched_state,running
179806.099692,0,tick,""
179806.099697,0,spawn,""
179806.099699,0,reduction,""
179806.099700,0,sched_state,running
179806.099985,0,queue_length,1
179806.099988,1,queue_length,1
179806.099989,0,tick,""
179806.099991,0,reduction,""
179806.099992,0,sched_state,running
179806.100277,0,tick,""
179806.100286,0,reduction,""
179806.100287,0,sched_state,running
179806.100570,0,tick,""
179806.100575,0,reduction,""
179806.100576,0,sched_state,running
179806.100857,0,tick,""
179806.100862,0,reduction,""
179806.100863,0,sched_state,running
179806.101145,0,tick,""
179806.101156,0,reduction,""
179806.101158,0,sched_state,running
179806.101442,0,tick,""
179806.101447,0,reduction,""
179806.101448,0,sched_state,running
179806.101733,0,tick,""
179806.101742,0,reduction,""
179806.101744,0,sched_state,running
179806.102030,0,tick,""
179806.102035,0,reduction,""
179806.102036,0,sched_state,running
179806.102322,0,tick,""
179806.102404,0,reduction,""
179806.102408,0,sched_state,running
179806.102696,0,tick,""
179806.102709,0,reduction,""
179806.102711,0,sched_state,running
179806.102997,0,tick,""
179806.103001,0,reduction,""
179806.103002,0,sched_state,running
179806.103287,0,tick,""
179806.103292,0,reduction,""
179806.103293,0,sched_state,running
179806.103579,0,tick,""
179806.103583,0,reduction,""
179806.103584,0,sched_state,running
179806.103870,0,tick,""
179806.103876,0,reduction,""
179806.103878,0,sched_state,running
179806.104167,0,tick,""
179806.104173,0,reduction,""
179806.104175,0,sched_state,running
179806.104461,0,tick,""
179806.104472,0,reduction,""
179806.104473,0,sched_state,running
179806.104761,0,tick,""
179806.104767,0,reduction,""
179806.104769,0,sched_state,running
179806.105056,0,tick,""
179806.105067,0,reduction,""
179806.105069,0,sched_state,running
179806.105354,0,tick,""
179806.105363,0,reduction,""
179806.105364,0,sched_state,running
179806.105651,0,tick,""
179806.105658,0,reduction,""
179806.105659,0,sched_state,running
179806.105946,0,tick,""
179806.105949,0,queue_length,1
179806.105950,1,queue_length,1
179806.105953,0,reduction,""
179806.105955,0,sched_state,running
179806.106238,0,tick,""
179806.106243,0,reduction,""
179806.106244,0,sched_state,running
179806.106530,0,tick,""
179806.106535,0,reduction,""
179806.106536,0,sched_state,running
179806.106820,0,tick,""
179806.106830,0,reduction,""
179806.106831,0,sched_state,running
179806.107118,0,tick,""
179806.107124,0,reduction,""
179806.107125,0,sched_state,running
179806.107415,0,tick,""
179806.107426,0,reduction,""
179806.107428,0,sched_state,running
179806.107713,0,tick,""
179806.107722,0,reduction,""
179806.107724,0,sched_state,running
179806.108011,0,tick,""
179806.108017,0,reduction,""
179806.108018,0,sched_state,running
179806.108312,0,tick,""
179806.108397,0,reduction,""
179806.108401,0,sched_state,running
179806.108695,0,tick,""
179806.108709,0,reduction,""
179806.108711,0,sched_state,running
179806.108998,0,tick,""
179806.109003,0,reduction,""
179806.109004,0,sched_state,running
179806.109294,0,tick,""
179806.109300,0,reduction,""
179806.109301,0,sched_state,running
179806.109587,0,tick,""
179806.109593,0,spawn,""
179806.109594,0,reduction,""
179806.109595,0,sched_state,running
179806.109886,0,queue_length,1
179806.109889,1,queue_length,2
179806.109890,0,tick,""
179806.109892,0,reduction,""
179806.109893,0,sched_state,running
179806.110179,0,tick,""
179806.110187,0,reduction,""
179806.110189,0,sched_state,running
179806.110477,0,tick,""
179806.110482,0,reduction,""
179806.110483,0,sched_state,running
179806.110770,0,tick,""
179806.110774,0,reduction,""
179806.110775,0,sched_state,running
179806.111061,0,tick,""
179806.111071,0,reduction,""
179806.111073,0,sched_state,running
179806.111361,0,tick,""
179806.111366,0,reduction,""
179806.111367,0,sched_state,running
179806.111656,0,tick,""
179806.111665,0,reduction,""
179806.111667,0,sched_state,running
179806.111957,0,tick,""
179806.111962,0,reduction,""
179806.111963,0,sched_state,running
179806.112256,0,tick,""
179806.112342,0,reduction,""
179806.112346,0,sched_state,running
179806.112639,0,tick,""
179806.112652,0,reduction,""
179806.112654,0,sched_state,running
179806.112944,0,tick,""
179806.112948,0,reduction,""
179806.112949,0,sched_state,running
179806.113241,0,tick,""
179806.113247,0,reduction,""
179806.113248,0,sched_state,running
179806.113542,0,tick,""
179806.113547,0,reduction,""
179806.113548,0,sched_state,running
179806.113841,0,tick,""
179806.113846,0,reduction,""
179806.113848,0,sched_state,running
179806.114142,0,tick,""
179806.114148,0,reduction,""
179806.114149,0,sched_state,running
179806.114439,0,tick,""
179806.114450,0,reduction,""
179806.114452,0,sched_state,running
179806.114741,0,tick,""
179806.114748,0,reduction,""
179806.114749,0,sched_state,running
179806.115040,0,tick,""
179806.115051,0,reduction,""
179806.115052,0,sched_state,running
179806.115344,0,tick,""
179806.115353,0,reduction,""
179806.115355,0,sched_state,running
179806.115643,0,tick,""
179806.115649,0,reduction,""
179806.115651,0,sched_state,running
179806.115937,0,tick,""
179806.115941,0,queue_length,1
179806.115942,1,queue_length,2
179806.115945,0,reduction,""
179806.115946,0,sched_state,running
179806.116242,0,tick,""
179806.116248,0,reduction,""
179806.116249,0,sched_state,running
179806.116540,0,tick,""
179806.116545,0,reduction,""
179806.116547,0,sched_state,running
179806.116837,0,tick,""
179806.116848,0,reduction,""
179806.116849,0,sched_state,running
179806.117141,0,tick,""
179806.117147,0,reduction,""
179806.117148,0,sched_state,running
179806.117437,0,tick,""
179806.117448,0,reduction,""
179806.117450,0,sched_state,running
179806.117740,0,tick,""
179806.117750,0,reduction,""
179806.117751,0,sched_state,running
179806.118042,0,tick,""
179806.118048,0,reduction,""
179806.118049,0,sched_state,running
179806.118342,0,tick,""
179806.118428,0,reduction,""
179806.118432,0,sched_state,running
179806.118731,0,tick,""
179806.118745,0,reduction,""
179806.118746,0,sched_state,running
179806.119041,0,tick,""
179806.119046,0,reduction,""
179806.119047,0,sched_state,running
179806.119340,0,tick,""
179806.119345,0,reduction,""
179806.119347,0,sched_state,running
179806.119635,0,tick,""
179806.119640,0,reduction,""
179806.119641,0,sched_state,running
179806.119931,0,tick,""
179806.119940,0,reduction,""
179806.119941,0,sched_state,running
179806.120240,0,tick,""
179806.120247,0,reduction,""
179806.120248,0,sched_state,running
179806.120538,0,tick,""
179806.120543,0,reduction,""
179806.120545,0,sched_state,running
179806.120837,0,tick,""
179806.120849,0,reduction,""
179806.120851,0,sched_state,running
179806.121143,0,tick,""
179806.121149,0,reduction,""
179806.121151,0,sched_state,running
179806.121441,0,tick,""
179806.121452,0,reduction,""
179806.121453,0,sched_state,running
179806.121741,0,tick,""
179806.121747,0,reduction,""
179806.121749,0,sched_state,running
179806.122040,0,tick,""
179806.122043,0,queue_length,0
179806.122044,1,queue_length,3
179806.122049,0,reduction,""
179806.122051,0,sched_state,running
179806.122342,0,tick,""
179806.122353,0,reduction,""
179806.122355,0,sched_state,running
179806.122647,0,tick,""
179806.122653,0,reduction,""
179806.122654,0,sched_state,running
179806.122946,0,tick,""
179806.122952,0,reduction,""
179806.122954,0,sched_state,running
179806.123245,0,tick,""
179806.123251,0,reduction,""
179806.123253,0,sched_state,running
179806.123546,0,tick,""
179806.123552,0,reduction,""
179806.123553,0,sched_state,running
179806.123847,0,tick,""
179806.123857,0,reduction,""
179806.123858,0,sched_state,running
179806.124155,0,tick,""
179806.124162,0,reduction,""
179806.124164,0,sched_state,running
179806.124462,0,tick,""
179806.124469,0,reduction,""
179806.124470,0,sched_state,running
179806.124765,0,tick,""
179806.124771,0,reduction,""
179806.124773,0,sched_state,running
179806.125067,0,tick,""
179806.125073,0,reduction,""
179806.125075,0,sched_state,running
179806.125369,0,tick,""
179806.125375,0,reduction,""
179806.125377,0,sched_state,running
179806.125674,0,tick,""
179806.125680,0,reduction,""
179806.125682,0,sched_state,running
179806.125978,0,tick,""
179806.125989,0,reduction,""
179806.125991,0,sched_state,running
179806.126283,0,tick,""
179806.126289,0,reduction,""
179806.126291,0,sched_state,running
179806.126583,0,tick,""
179806.126589,0,reduction,""
179806.126591,0,sched_state,running
179806.126887,0,tick,""
179806.126893,0,reduction,""
179806.126894,0,sched_state,running
179806.127186,0,tick,""
179806.127198,0,reduction,""
179806.127199,0,sched_state,running
179806.127495,0,tick,""
179806.127501,0,reduction,""
179806.127503,0,sched_state,running
179806.127794,0,tick,""
179806.127801,0,reduction,""
179806.127803,0,sched_state,running
179806.128092,0,tick,""
179806.128095,0,queue_length,0
179806.128096,1,queue_length,3
179806.128101,0,reduction,""
179806.128102,0,sched_state,running
179806.128398,0,tick,""
179806.128410,0,reduction,""
179806.128411,0,sched_state,running
179806.128706,0,tick,""
179806.128712,0,reduction,""
179806.128713,0,sched_state,running
179806.129007,0,tick,""
179806.129013,0,reduction,""
179806.129015,0,sched_state,running
179806.129310,0,tick,""
179806.129316,0,reduction,""
179806.129318,0,sched_state,running
179806.129612,0,tick,""
179806.129618,0,reduction,""
179806.129619,0,sched_state,running
179806.129914,0,tick,""
179806.129925,0,reduction,""
179806.129926,0,sched_state,running
179806.130220,0,tick,""
179806.130227,0,reduction,""
179806.130228,0,sched_state,running
179806.130522,0,tick,""
179806.130528,0,reduction,""
179806.130530,0,sched_state,running
179806.130824,0,tick,""
179806.130830,0,reduction,""
179806.130831,0,sched_state,running
179806.131125,0,tick,""
179806.131131,0,reduction,""
179806.131133,0,sched_state,running
179806.131428,0,tick,""
179806.131435,0,reduction,""
179806.131436,0,sched_state,running
179806.131732,0,tick,""
179806.131738,0,reduction,""
179806.131739,0,sched_state,running
179806.132032,0,tick,""
179806.132042,0,reduction,""
179806.132044,0,sched_state,running
179806.132347,0,tick,""
179806.132353,0,reduction,""
179806.132355,0,sched_state,running
179806.132649,0,tick,""
179806.132655,0,reduction,""
179806.132657,0,sched_state,running
179806.132951,0,tick,""
179806.132958,0,reduction,""
179806.132959,0,sched_state,running
179806.133251,0,tick,""
179806.133265,0,reduction,""
179806.133267,0,sched_state,running
179806.133561,0,tick,""
179806.133567,0,reduction,""
179806.133569,0,sched_state,running
179806.133861,0,tick,""
179806.133867,0,reduction,""
179806.133869,0,sched_state,running
179806.134160,0,tick,""
179806.134164,0,queue_length,0
179806.134164,1,queue_length,3
179806.134169,0,reduction,""
179806.134171,0,sched_state,running
179806.134516,0,tick,""
179806.134529,0,reduction,""
179806.134531,0,sched_state,running
179806.134831,0,tick,""
179806.134838,0,reduction,""
179806.134839,0,sched_state,running
179806.135135,0,tick,""
179806.135141,0,reduction,""
179806.135143,0,sched_state,running
179806.135436,0,tick,""
179806.135442,0,reduction,""
179806.135444,0,sched_state,running
179806.135739,0,tick,""
179806.135746,0,reduction,""
179806.135747,0,sched_state,running
179806.136039,0,tick,""
179806.136049,0,reduction,""
179806.136051,0,sched_state,running
179806.136346,0,tick,""
179806.136354,0,reduction,""
179806.136355,0,sched_state,running
179806.136651,0,tick,""
179806.136657,0,reduction,""
179806.136659,0,sched_state,running
179806.136951,0,tick,""
179806.136958,0,reduction,""
179806.136959,0,sched_state,running
179806.137250,0,tick,""
179806.137257,0,reduction,""
179806.137258,0,sched_state,running
179806.137550,0,tick,""
179806.137556,0,reduction,""
179806.137558,0,sched_state,running
179806.137861,0,tick,""
179806.137867,0,reduction,""
179806.137868,0,sched_state,running
179806.138160,0,tick,""
179806.138171,0,reduction,""
179806.138173,0,sched_state,running
179806.138469,0,tick,""
179806.138475,0,reduction,""
179806.138476,0,sched_state,running
179806.138772,0,tick,""
179806.138778,0,reduction,""
179806.138780,0,sched_state,running
179806.139071,0,tick,""
179806.139077,0,reduction,""
179806.139078,0,sched_state,running
179806.139372,0,tick,""
179806.139386,0,reduction,""
179806.139388,0,sched_state,running
179806.139683,0,tick,""
179806.139689,0,reduction,""
179806.139690,0,sched_state,running
179806.139980,0,tick,""
179806.139987,0,reduction,""
179806.139988,0,sched_state,running
179806.140281,0,tick,""
179806.140285,0,queue_length,0
179806.140286,1,queue_length,3
179806.140374,0,reduction,""
179806.140376,0,sched_state,running
179806.140674,0,tick,""
179806.140688,0,reduction,""
179806.140690,0,sched_state,running
179806.140983,0,tick,""
179806.140989,0,reduction,""
179806.140990,0,sched_state,running
179806.141283,0,tick,""
179806.141289,0,reduction,""
179806.141290,0,sched_state,running
179806.141584,0,tick,""
179806.141589,0,reduction,""
179806.141590,0,sched_state,running
179806.141884,0,tick,""
179806.141891,0,reduction,""
179806.141892,0,sched_state,running
179806.142186,0,tick,""
179806.142192,0,reduction,""
179806.142194,0,sched_state,running
179806.142485,0,tick,""
179806.142497,0,reduction,""
179806.142499,0,sched_state,running
179806.142795,0,tick,""
179806.142802,0,reduction,""
179806.142803,0,sched_state,running
179806.143095,0,tick,""
179806.143107,0,reduction,""
179806.143108,0,sched_state,running
179806.143402,0,tick,""
179806.143413,0,reduction,""
179806.143414,0,sched_state,running
179806.143707,0,tick,""
179806.143714,0,reduction,""
179806.143715,0,sched_state,running
179806.144010,0,tick,""
179806.144017,0,reduction,""
179806.144018,0,sched_state,running
179806.144317,0,tick,""
179806.144331,0,reduction,""
179806.144332,0,sched_state,running
179806.144632,0,tick,""
179806.144639,0,reduction,""
179806.144640,0,sched_state,running
179806.144933,0,tick,""
179806.144940,0,reduction,""
179806.144941,0,sched_state,running
179806.145235,0,tick,""
179806.145242,0,reduction,""
179806.145243,0,sched_state,running
179806.145538,0,tick,""
179806.145545,0,reduction,""
179806.145547,0,sched_state,running
179806.145840,0,tick,""
179806.145852,0,reduction,""
179806.145854,0,sched_state,running
179806.146150,0,tick,""
179806.146157,0,reduction,""
179806.146159,0,sched_state,running
179806.146454,0,tick,""
179806.146457,0,queue_length,0
179806.146458,1,queue_length,3
179806.146463,0,reduction,""
179806.146464,0,sched_state,running
179806.146764,0,tick,""
179806.146774,0,reduction,""
179806.146776,0,sched_state,running
179806.147077,0,tick,""
179806.147084,0,reduction,""
179806.147085,0,sched_state,running
179806.147382,0,tick,""
179806.147389,0,reduction,""
179806.147390,0,sched_state,running
179806.147686,0,tick,""
179806.147692,0,reduction,""
179806.147694,0,sched_state,running
179806.147988,0,tick,""
179806.147995,0,reduction,""
179806.147996,0,sched_state,running
179806.148296,0,tick,""
179806.148305,0,reduction,""
179806.148307,0,sched_state,running
179806.148606,0,tick,""
179806.148613,0,reduction,""
179806.148614,0,sched_state,running
179806.148911,0,tick,""
179806.148921,0,reduction,""
179806.148923,0,sched_state,running
179806.149223,0,tick,""
179806.149229,0,reduction,""
179806.149230,0,sched_state,running
179806.149531,0,tick,""
179806.149543,0,reduction,""
179806.149545,0,sched_state,running
179806.149849,0,tick,""
179806.149860,0,reduction,""
179806.149861,0,sched_state,running
179806.150165,0,tick,""
179806.150171,0,reduction,""
179806.150173,0,sched_state,running
179806.150472,0,tick,""
179806.150484,0,reduction,""
179806.150485,0,sched_state,running
179806.150787,0,tick,""
179806.150793,0,reduction,""
179806.150795,0,sched_state,running
179806.151093,0,tick,""
179806.151099,0,reduction,""
179806.151101,0,sched_state,running
179806.151398,0,tick,""
179806.151407,0,reduction,""
179806.151409,0,sched_state,running
179806.151707,0,tick,""
179806.151714,0,reduction,""
179806.151715,0,sched_state,running
179806.152013,0,tick,""
179806.152023,0,reduction,""
179806.152025,0,sched_state,running
179806.152325,0,tick,""
179806.152331,0,reduction,""
179806.152333,0,sched_state,running
179806.152632,0,tick,""
179806.152635,0,queue_length,0
179806.152636,1,queue_length,3
179806.152641,0,reduction,""
179806.152642,0,sched_state,running
179806.152939,0,tick,""
179806.152951,0,reduction,""
179806.152952,0,sched_state,running
179806.153249,0,tick,""
179806.153256,0,reduction,""
179806.153257,0,sched_state,running
179806.153556,0,tick,""
179806.153563,0,reduction,""
179806.153564,0,sched_state,running
179806.153864,0,tick,""
179806.153870,0,reduction,""
179806.153871,0,sched_state,running
179806.154169,0,tick,""
179806.154175,0,reduction,""
179806.154177,0,sched_state,running
179806.154473,0,tick,""
179806.154481,0,reduction,""
179806.154482,0,sched_state,running
179806.154782,0,tick,""
179806.154788,0,reduction,""
179806.154790,0,sched_state,running
179806.155087,0,tick,""
179806.155097,0,reduction,""
179806.155098,0,sched_state,running
179806.155397,0,tick,""
179806.155403,0,reduction,""
179806.155405,0,sched_state,running
179806.155704,0,tick,""
179806.155716,0,reduction,""
179806.155717,0,sched_state,running
179806.156018,0,tick,""
179806.156027,0,reduction,""
179806.156029,0,sched_state,running
179806.156358,0,tick,""
179806.156365,0,reduction,""
179806.156367,0,sched_state,running
179806.156668,0,tick,""
179806.156681,0,reduction,""
179806.156683,0,sched_state,running
179806.156983,0,tick,""
179806.156989,0,reduction,""
179806.156991,0,sched_state,running
179806.157288,0,tick,""
179806.157294,0,reduction,""
179806.157296,0,sched_state,running
179806.157594,0,tick,""
179806.157603,0,reduction,""
179806.157604,0,sched_state,running
179806.157905,0,tick,""
179806.157912,0,reduction,""
179806.157913,0,sched_state,running
179806.158210,0,tick,""
179806.158220,0,reduction,""
179806.158222,0,sched_state,running
179806.158520,0,tick,""
179806.158526,0,reduction,""
179806.158527,0,sched_state,running
179806.158826,0,tick,""
179806.158829,0,queue_length,0
179806.158830,1,queue_length,3
179806.158835,0,reduction,""
179806.158836,0,sched_state,running
179806.159135,0,tick,""
179806.159147,0,reduction,""
179806.159148,0,sched_state,running
179806.159447,0,tick,""
179806.159453,0,reduction,""
179806.159454,0,sched_state,running
179806.159752,0,tick,""
179806.159758,0,reduction,""
179806.159760,0,sched_state,running
179806.160056,0,tick,""
179806.160063,0,reduction,""
179806.160064,0,sched_state,running
179806.160385,0,tick,""
179806.160392,0,reduction,""
179806.160394,0,sched_state,running
179806.160690,0,tick,""
179806.160698,0,reduction,""
179806.160700,0,sched_state,running
179806.160995,0,tick,""
179806.161001,0,reduction,""
179806.161003,0,sched_state,running
179806.161297,0,tick,""
179806.161307,0,reduction,""
179806.161309,0,sched_state,running
179806.161607,0,tick,""
179806.161613,0,reduction,""
179806.161614,0,sched_state,running
179806.161912,0,tick,""
179806.161923,0,reduction,""
179806.161925,0,sched_state,running
179806.162224,0,tick,""
179806.162234,0,reduction,""
179806.162236,0,sched_state,running
179806.162539,0,tick,""
179806.162545,0,reduction,""
179806.162547,0,sched_state,running
179806.162849,0,tick,""
179806.162861,0,reduction,""
179806.162863,0,sched_state,running
179806.163166,0,tick,""
179806.163173,0,reduction,""
179806.163174,0,sched_state,running
179806.163472,0,tick,""
179806.163479,0,reduction,""
179806.163480,0,sched_state,running
179806.163779,0,tick,""
179806.163787,0,reduction,""
179806.163789,0,sched_state,running
179806.164091,0,tick,""
179806.164098,0,reduction,""
179806.164099,0,sched_state,running
179806.164400,0,tick,""
179806.164410,0,reduction,""
179806.164412,0,sched_state,running
179806.164710,0,tick,""
179806.164715,0,reduction,""
179806.164717,0,sched_state,running
179806.165017,0,tick,""
179806.165020,0,queue_length,0
179806.165021,1,queue_length,3
179806.165027,0,reduction,""
179806.165029,0,sched_state,running
179806.165324,0,tick,""
179806.165331,0,reduction,""
179806.165333,0,sched_state,running
179806.165626,0,tick,""
179806.165633,0,reduction,""
179806.165635,0,sched_state,running
179806.165932,0,tick,""
179806.165939,0,reduction,""
179806.165941,0,sched_state,running
179806.166235,0,tick,""
179806.166242,0,reduction,""
179806.166243,0,sched_state,running
179806.166536,0,tick,""
179806.166548,0,reduction,""
179806.166549,0,sched_state,running
179806.166847,0,tick,""
179806.166854,0,reduction,""
179806.166855,0,sched_state,running
179806.167150,0,tick,""
179806.167157,0,reduction,""
179806.167159,0,sched_state,running
179806.167452,0,tick,""
179806.167459,0,reduction,""
179806.167461,0,sched_state,running
179806.167754,0,tick,""
179806.167768,0,reduction,""
179806.167770,0,sched_state,running
179806.168071,0,tick,""
179806.168078,0,reduction,""
179806.168080,0,sched_state,running
179806.168383,0,tick,""
179806.168391,0,reduction,""
179806.168392,0,sched_state,running
179806.168695,0,tick,""
179806.168702,0,reduction,""
179806.168703,0,sched_state,running
179806.169004,0,tick,""
179806.169017,0,reduction,""
179806.169018,0,sched_state,running
179806.169319,0,tick,""
179806.169327,0,reduction,""
179806.169328,0,sched_state,running
179806.169626,0,tick,""
179806.169634,0,reduction,""
179806.169635,0,sched_state,running
179806.169937,0,tick,""
179806.169944,0,reduction,""
179806.169945,0,sched_state,running
179806.170248,0,tick,""
179806.170255,0,reduction,""
179806.170257,0,sched_state,running
179806.170559,0,tick,""
179806.170568,0,reduction,""
179806.170569,0,sched_state,running
179806.170870,0,tick,""
179806.170877,0,reduction,""
179806.170878,0,sched_state,running
179806.171179,0,tick,""
179806.171182,0,queue_length,0
179806.171183,1,queue_length,3
179806.171187,0,reduction,""
179806.171189,0,sched_state,running
179806.171492,0,tick,""
179806.171898,0,reduction,""
179806.171901,0,sched_state,running
179806.172360,0,tick,""
179806.172379,0,reduction,""
179806.172381,0,sched_state,running
179806.172771,0,tick,""
179806.172781,0,reduction,""
179806.172783,0,sched_state,running
179806.173163,0,tick,""
179806.173178,0,reduction,""
179806.173180,0,sched_state,running
179806.173568,0,tick,""
179806.173575,0,reduction,""
179806.173579,0,sched_state,running
179806.173961,0,tick,""
179806.173978,0,reduction,""
179806.173980,0,sched_state,running
179806.174358,0,tick,""
179806.174367,0,reduction,""
179806.174369,0,sched_state,running
179806.174744,0,tick,""
179806.174751,0,reduction,""
179806.174752,0,sched_state,running
179806.175128,0,tick,""
179806.175140,0,reduction,""
179806.175141,0,sched_state,running
179806.175516,0,tick,""
179806.175525,0,reduction,""
179806.175527,0,sched_state,running
179806.175904,0,tick,""
179806.175916,0,reduction,""
179806.175918,0,sched_state,running
179806.176319,0,tick,""
179806.176329,0,reduction,""
179806.176332,0,sched_state,running
179806.176720,0,tick,""
179806.176737,0,reduction,""
179806.176739,0,sched_state,running
179806.177116,0,tick,""
179806.177124,0,reduction,""
179806.177126,0,sched_state,running
179806.177502,0,tick,""
179806.177511,0,reduction,""
179806.177513,0,sched_state,running
179806.177899,0,tick,""
179806.178054,0,reduction,""
179806.178059,0,sched_state,running
179806.178473,0,tick,""
179806.178494,0,reduction,""
179806.178495,0,sched_state,running
179806.178882,0,tick,""
179806.178890,0,reduction,""
179806.178891,0,sched_state,running
179806.179272,0,tick,""
179806.179280,0,reduction,""
179806.179281,0,sched_state,running
179806.179648,0,tick,""
179806.179654,0,queue_length,0
179806.179655,1,queue_length,3
179806.179662,0,reduction,""
179806.179664,0,sched_state,running
179806.180006,0,tick,""
179806.180027,0,reduction,""
179806.180030,0,sched_state,running
179806.180389,0,tick,""
179806.180401,0,reduction,""
179806.180402,0,sched_state,running
179806.180705,0,tick,""
179806.180712,0,reduction,""
179806.180713,0,sched_state,running
179806.181019,0,tick,""
179806.181028,0,reduction,""
179806.181029,0,sched_state,running
179806.181335,0,tick,""
179806.181340,0,reduction,""
179806.181341,0,sched_state,running
179806.181645,0,tick,""
179806.181656,0,reduction,""
179806.181657,0,sched_state,running
179806.181963,0,tick,""
179806.181969,0,reduction,""
179806.181970,0,sched_state,running
179806.182273,0,tick,""
179806.182280,0,reduction,""
179806.182281,0,sched_state,running
179806.182586,0,tick,""
179806.182592,0,reduction,""
179806.182593,0,sched_state,running
179806.182896,0,tick,""
179806.182902,0,reduction,""
179806.182904,0,sched_state,running
179806.183207,0,tick,""
179806.183215,0,reduction,""
179806.183217,0,sched_state,running
179806.183518,0,tick,""
179806.183524,0,reduction,""
179806.183526,0,sched_state,running
179806.183826,0,tick,""
179806.183837,0,reduction,""
179806.183839,0,sched_state,running
179806.184160,0,tick,""
179806.184166,0,reduction,""
179806.184167,0,sched_state,running
179806.184471,0,tick,""
179806.184477,0,reduction,""
179806.184479,0,sched_state,running
179806.184780,0,tick,""
179806.184865,0,reduction,""
179806.184868,0,sched_state,running
179806.185172,0,tick,""
179806.185185,0,reduction,""
179806.185187,0,sched_state,running
179806.185486,0,tick,""
179806.185491,0,reduction,""
179806.185493,0,sched_state,running
179806.185787,0,tick,""
179806.185793,0,reduction,""
179806.185794,0,sched_state,running
179806.186089,0,tick,""
179806.186092,0,queue_length,0
179806.186093,1,queue_length,3
179806.186098,0,reduction,""
179806.186099,0,sched_state,running
179806.186398,0,tick,""
179806.186413,0,reduction,""
179806.186415,0,sched_state,running
179806.186714,0,tick,""
179806.186725,0,reduction,""
179806.186727,0,sched_state,running
179806.187024,0,tick,""
179806.187030,0,reduction,""
179806.187032,0,sched_state,running
179806.187329,0,tick,""
179806.187339,0,reduction,""
179806.187340,0,sched_state,running
179806.187640,0,tick,""
179806.187647,0,reduction,""
179806.187648,0,sched_state,running
179806.187949,0,tick,""
179806.187962,0,reduction,""
179806.187964,0,sched_state,running
179806.188289,0,tick,""
179806.188297,0,reduction,""
179806.188298,0,sched_state,running
179806.188600,0,tick,""
179806.188606,0,reduction,""
179806.188608,0,sched_state,running
179806.188907,0,tick,""
179806.188913,0,reduction,""
179806.188914,0,sched_state,running
179806.189212,0,tick,""
179806.189218,0,reduction,""
179806.189220,0,sched_state,running
179806.189517,0,tick,""
179806.189525,0,reduction,""
179806.189527,0,sched_state,running
179806.189826,0,tick,""
179806.189832,0,reduction,""
179806.189833,0,sched_state,running
179806.190132,0,tick,""
179806.190142,0,reduction,""
179806.190144,0,sched_state,running
179806.190442,0,tick,""
179806.190447,0,reduction,""
179806.190448,0,sched_state,running
179806.190748,0,tick,""
179806.190754,0,reduction,""
179806.190755,0,sched_state,running
179806.191056,0,tick,""
179806.191140,0,reduction,""
179806.191143,0,sched_state,running
179806.191449,0,tick,""
179806.191463,0,reduction,""
179806.191464,0,sched_state,running
179806.191766,0,tick,""
179806.191772,0,reduction,""
179806.191773,0,sched_state,running
179806.192070,0,tick,""
179806.192076,0,reduction,""
179806.192077,0,sched_state,running
179806.192399,0,tick,""
179806.192403,0,queue_length,0
179806.192404,1,queue_length,3
179806.192414,0,reduction,""
179806.192415,0,sched_state,running
179806.192719,0,tick,""
179806.192726,0,reduction,""
179806.192728,0,sched_state,running
179806.193030,0,tick,""
179806.193043,0,reduction,""
179806.193045,0,sched_state,running
179806.193346,0,tick,""
179806.193356,0,reduction,""
179806.193358,0,sched_state,running
179806.193659,0,tick,""
179806.193666,0,reduction,""
179806.193668,0,sched_state,running
179806.193969,0,tick,""
179806.193983,0,reduction,""
179806.193986,0,sched_state,running
179806.194291,0,tick,""
179806.194299,0,reduction,""
179806.194300,0,sched_state,running
179806.194604,0,tick,""
179806.194611,0,reduction,""
179806.194613,0,sched_state,running
179806.194915,0,tick,""
179806.194924,0,reduction,""
179806.194926,0,sched_state,running
179806.195231,0,tick,""
179806.195238,0,reduction,""
179806.195240,0,sched_state,running
179806.195543,0,tick,""
179806.195553,0,reduction,""
179806.195555,0,sched_state,running
179806.195857,0,tick,""
179806.195863,0,reduction,""
179806.195864,0,sched_state,running
179806.196189,0,tick,""
179806.196196,0,reduction,""
179806.196198,0,sched_state,running
179806.196500,0,tick,""
179806.196515,0,reduction,""
179806.196516,0,sched_state,running
179806.196818,0,tick,""
179806.196830,0,reduction,""
179806.196832,0,sched_state,running
179806.197132,0,tick,""
179806.197139,0,reduction,""
179806.197140,0,sched_state,running
179806.197441,0,tick,""
179806.197451,0,reduction,""
179806.197452,0,sched_state,running
179806.197756,0,tick,""
179806.197763,0,reduction,""
179806.197765,0,sched_state,running
179806.198068,0,tick,""
179806.198082,0,reduction,""
179806.198083,0,sched_state,running
179806.198387,0,tick,""
179806.198394,0,reduction,""
179806.198396,0,sched_state,running
179806.198699,0,tick,""
179806.198703,0,queue_length,0
179806.198703,1,queue_length,3
179806.198711,0,reduction,""
179806.198712,0,sched_state,running
179806.199014,0,tick,""
179806.199020,0,reduction,""
179806.199021,0,sched_state,running
179806.199322,0,tick,""
179806.199334,0,reduction,""
179806.199335,0,sched_state,running
179806.199637,0,tick,""
179806.199642,0,reduction,""
179806.199644,0,sched_state,running
179806.199946,0,tick,""
179806.199952,0,reduction,""
179806.199953,0,sched_state,running
179806.200279,0,tick,""
179806.200291,0,reduction,""
179806.200292,0,sched_state,running
179806.200594,0,tick,""
179806.200600,0,reduction,""
179806.200602,0,sched_state,running
179806.200903,0,tick,""
179806.200908,0,reduction,""
179806.200909,0,sched_state,running
179806.201210,0,tick,""
179806.201215,0,reduction,""
179806.201216,0,sched_state,running
179806.201518,0,tick,""
179806.204820,2,channel_blocked,279
179806.204824,0,yield,""
179806.204828,0,sched_state,running
179806.205424,0,tick,""
179806.205438,0,reduction,""
179806.205440,0,sched_state,running
179806.205767,0,tick,""
179806.205772,0,reduction,""
179806.205773,0,sched_state,running
179806.206087,0,tick,""
179806.206100,0,reduction,""
179806.206102,0,sched_state,running
179806.206407,0,tick,""
179806.206413,0,reduction,""
179806.206414,0,sched_state,running
179806.206717,0,tick,""
179806.206722,0,reduction,""
179806.206723,0,sched_state,running
179806.207024,0,tick,""
179806.207035,0,reduction,""
179806.207036,0,sched_state,running
179806.207340,0,tick,""
179806.207344,0,reduction,""
179806.207346,0,sched_state,running
179806.207648,0,tick,""
179806.207653,0,reduction,""
179806.207654,0,sched_state,running
179806.207959,0,tick,""
179806.207962,0,reduction,""
179806.207964,0,sched_state,running
179806.208271,0,tick,""
179806.221687,2,channel_unblocked,395
179806.221709,0,yield,""
179806.221716,0,sched_state,running
179806.225533,0,tick,""
179806.225550,0,reduction,""
179806.225553,0,sched_state,running
179806.228776,0,tick,""
179806.228798,0,reduction,""
179806.228808,0,sched_state,running
179806.230500,0,tick,""
179806.230532,0,reduction,""
179806.230534,0,sched_state,running
179806.232224,0,tick,""
179806.232273,0,reduction,""
179806.232275,0,sched_state,running
179806.233969,0,tick,""
179806.233990,0,reduction,""
179806.233992,0,sched_state,running
179806.235676,0,tick,""
179806.235715,0,reduction,""
179806.235718,0,sched_state,running
179806.237544,0,tick,""
179806.237573,0,reduction,""
179806.237574,0,sched_state,running
179806.239260,0,tick,""
179806.239278,0,reduction,""
179806.239280,0,sched_state,running
179806.240989,0,tick,""
179806.241140,0,reduction,""
179806.241143,0,sched_state,running
179806.242816,0,tick,""
179806.242860,0,reduction,""
179806.242863,0,sched_state,running
179806.244528,0,tick,""
179806.244544,0,reduction,""
179806.244546,0,sched_state,running
179806.246235,0,tick,""
179806.246255,0,reduction,""
179806.246256,0,sched_state,running
179806.247946,0,tick,""
179806.247964,0,reduction,""
179806.247966,0,sched_state,running
179806.249657,0,tick,""
179806.249679,0,reduction,""
179806.249680,0,sched_state,running
179806.251365,0,tick,""
179806.251386,0,reduction,""
179806.251388,0,sched_state,running
179806.253126,0,tick,""
179806.253162,0,reduction,""
179806.253164,0,sched_state,running
179806.254925,0,tick,""
179806.254946,0,reduction,""
179806.254948,0,sched_state,running
179806.256686,0,tick,""
179806.256728,0,reduction,""
179806.256730,0,sched_state,running
179806.258431,0,tick,""
179806.258470,0,reduction,""
179806.258472,0,sched_state,running
179806.260229,0,tick,""
179806.260246,0,reduction,""
179806.260248,0,sched_state,running
179806.261964,0,tick,""
179806.261977,0,queue_length,1
179806.261978,1,queue_length,2
179806.261985,0,reduction,""
179806.261987,0,sched_state,running
179806.263725,0,tick,""
179806.263744,0,reduction,""
179806.263745,0,sched_state,running
179806.265499,0,tick,""
179806.265518,0,reduction,""
179806.265519,0,sched_state,running
179806.267233,0,tick,""
179806.267273,0,reduction,""
179806.267275,0,sched_state,running
179806.268992,0,tick,""
179806.269009,0,reduction,""
179806.269011,0,sched_state,running
179806.270729,0,tick,""
179806.270765,0,reduction,""
179806.270768,0,sched_state,running
179806.272476,0,tick,""
179806.272510,0,reduction,""
179806.272512,0,sched_state,running
179806.274214,0,tick,""
179806.274232,0,reduction,""
179806.274234,0,sched_state,running
179806.275928,0,tick,""
179806.276067,0,reduction,""
179806.276070,0,sched_state,running
179806.277789,0,tick,""
179806.277831,0,reduction,""
179806.277833,0,sched_state,running
179806.279524,0,tick,""
179806.279540,0,reduction,""
179806.279542,0,sched_state,running
179806.281254,0,tick,""
179806.281273,0,reduction,""
179806.281275,0,sched_state,running
179806.282978,0,tick,""
179806.282994,0,reduction,""
179806.282996,0,sched_state,running
179806.284726,0,tick,""
179806.284747,0,reduction,""
179806.284748,0,sched_state,running
179806.286454,0,tick,""
179806.286473,0,reduction,""
179806.286475,0,sched_state,running
179806.288225,0,tick,""
179806.288262,0,reduction,""
179806.288264,0,sched_state,running
179806.289999,0,tick,""
179806.290020,0,reduction,""
179806.290021,0,sched_state,running
179806.291760,0,tick,""
179806.291801,0,reduction,""
179806.291803,0,sched_state,running
179806.293574,0,tick,""
179806.293605,0,reduction,""
179806.293607,0,sched_state,running
179806.295337,0,tick,""
179806.295356,0,reduction,""
179806.295357,0,sched_state,running
179806.297095,0,tick,""
179806.297108,0,queue_length,2
179806.297109,1,queue_length,1
179806.297127,0,reduction,""
179806.297129,0,sched_state,running
179806.298895,0,tick,""
179806.298913,0,reduction,""
179806.298915,0,sched_state,running
179806.300618,0,tick,""
179806.300655,0,reduction,""
179806.300657,0,sched_state,running
179806.302316,0,tick,""
179806.302335,0,reduction,""
179806.302337,0,sched_state,running
179806.304015,0,tick,""
179806.304035,0,reduction,""
179806.304037,0,sched_state,running
179806.305803,0,tick,""
179806.305834,0,reduction,""
179806.305835,0,sched_state,running
179806.307520,0,tick,""
179806.307541,0,reduction,""
179806.307543,0,sched_state,running
179806.309250,0,tick,""
179806.309268,0,reduction,""
179806.309270,0,sched_state,running
179806.310991,0,tick,""
179806.311008,0,reduction,""
179806.311010,0,sched_state,running
179806.312719,0,tick,""
179806.315291,2,channel_blocked,500
179806.315296,0,yield,""
179806.315300,0,sched_state,running
179806.317091,0,tick,""
179806.317112,0,reduction,""
179806.317114,0,sched_state,running
179806.318782,0,tick,""
179806.318831,0,reduction,""
179806.318833,0,sched_state,running
179806.320527,0,tick,""
179806.320546,0,reduction,""
179806.320548,0,sched_state,running
179806.322316,0,tick,""
179806.322357,0,reduction,""
179806.322359,0,sched_state,running
179806.324036,0,tick,""
179806.324075,0,reduction,""
179806.324078,0,sched_state,running
179806.325787,0,tick,""
179806.325808,0,reduction,""
179806.325810,0,sched_state,running
179806.327493,0,tick,""
179806.327538,0,reduction,""
179806.327540,0,sched_state,running
179806.329351,0,tick,""
179806.329373,0,reduction,""
179806.329374,0,sched_state,running
179806.331115,0,tick,""
179806.331138,0,reduction,""
179806.331140,0,sched_state,running
179806.332918,0,tick,""
179806.332938,0,reduction,""
179806.332940,0,sched_state,running
179806.334638,0,tick,""
179806.334659,0,reduction,""
179806.334661,0,sched_state,running
179806.336393,0,tick,""
179806.336430,0,reduction,""
179806.336432,0,sched_state,running
179806.338136,0,tick,""
179806.338154,0,reduction,""
179806.338156,0,sched_state,running
179806.339838,0,tick,""
179806.339877,0,reduction,""
179806.339880,0,sched_state,running
179806.341611,0,tick,""
179806.341630,0,reduction,""
179806.341632,0,sched_state,running
179806.343338,0,tick,""
179806.343357,0,reduction,""
179806.343359,0,sched_state,running
179806.345147,0,tick,""
179806.345167,0,reduction,""
179806.345169,0,sched_state,running
179806.346868,0,tick,""
179806.346916,0,reduction,""
179806.346918,0,sched_state,running
179806.348662,0,tick,""
179806.348680,0,reduction,""
179806.348681,0,sched_state,running
179806.350379,0,tick,""
179806.350418,0,reduction,""
179806.350420,0,sched_state,running
179806.352137,0,tick,""
179806.352160,0,queue_length,2
179806.352161,1,queue_length,0
179806.352175,0,reduction,""
179806.352178,0,sched_state,running
179806.353896,0,tick,""
179806.353914,0,reduction,""
179806.353916,0,sched_state,running
179806.355625,0,tick,""
179806.355646,0,reduction,""
179806.355647,0,sched_state,running
179806.357479,0,tick,""
179806.357515,0,reduction,""
179806.357517,0,sched_state,running
179806.359218,0,tick,""
179806.359237,0,reduction,""
179806.359238,0,sched_state,running
179806.361034,0,tick,""
179806.361064,0,reduction,""
179806.361067,0,sched_state,running
179806.362793,0,tick,""
179806.362811,0,reduction,""
179806.362813,0,sched_state,running
179806.364780,0,tick,""
179806.364799,0,reduction,""
179806.364801,0,sched_state,running
179806.366516,0,tick,""
179806.366662,0,reduction,""
179806.366665,0,sched_state,running
179806.368428,0,tick,""
179806.368465,0,reduction,""
179806.368467,0,sched_state,running
179806.370245,0,tick,""
179806.370261,0,reduction,""
179806.370263,0,sched_state,running
179806.371981,0,tick,""
179806.371999,0,reduction,""
179806.372001,0,sched_state,running
179806.373750,0,tick,""
179806.373783,0,reduction,""
179806.373785,0,sched_state,running
179806.375487,0,tick,""
179806.375505,0,reduction,""
179806.375506,0,sched_state,running
179806.377324,0,tick,""
179806.377357,0,reduction,""
179806.377359,0,sched_state,running
179806.379071,0,tick,""
179806.379089,0,reduction,""
179806.379091,0,sched_state,running
179806.380818,0,tick,""
179806.380840,0,reduction,""
179806.380849,0,sched_state,running
179806.382551,0,tick,""
179806.382588,0,reduction,""
179806.382589,0,sched_state,running
179806.384324,0,tick,""
179806.384344,0,reduction,""
179806.384345,0,sched_state,running
179806.386141,0,tick,""
179806.386158,0,reduction,""
179806.386160,0,sched_state,running
179806.387860,0,tick,""
179806.387874,0,queue_length,1
179806.387875,1,queue_length,1
179806.387884,0,reduction,""
179806.387893,0,sched_state,running
179806.389814,0,tick,""
179806.389859,0,reduction,""
179806.389861,0,sched_state,running
179806.391574,0,tick,""
179806.391593,0,reduction,""
179806.391595,0,sched_state,running
179806.393414,0,tick,""
179806.393453,0,reduction,""
179806.393455,0,sched_state,running
179806.395152,0,tick,""
179806.395189,0,reduction,""
179806.395191,0,sched_state,running
179806.396972,0,tick,""
179806.396992,0,reduction,""
179806.396993,0,sched_state,running
179806.398715,0,tick,""
179806.398756,0,reduction,""
179806.398758,0,sched_state,running
179806.400503,0,tick,""
179806.400529,0,reduction,""
179806.400531,0,sched_state,running
179806.402310,0,tick,""
179806.402342,0,reduction,""
179806.402344,0,sched_state,running
179806.404124,0,tick,""
179806.404156,0,reduction,""
179806.404158,0,sched_state,running
179806.405939,0,tick,""
179806.405970,0,reduction,""
179806.405972,0,sched_state,running
179806.407749,0,tick,""
179806.407788,0,reduction,""
179806.407790,0,sched_state,running
179806.409575,0,tick,""
179806.409604,0,reduction,""
179806.409607,0,sched_state,running
179806.411360,0,tick,""
179806.411399,0,reduction,""
179806.411401,0,sched_state,running
179806.413182,0,tick,""
179806.413202,0,reduction,""
179806.413204,0,sched_state,running
179806.414932,0,tick,""
179806.414952,0,reduction,""
179806.414954,0,sched_state,running
179806.416699,0,tick,""
179806.416719,0,reduction,""
179806.416721,0,sched_state,running
179806.418469,0,tick,""
179806.418515,0,reduction,""
179806.418516,0,sched_state,running
179806.420258,0,tick,""
179806.420276,0,reduction,""
179806.420278,0,sched_state,running
179806.422070,0,tick,""
179806.422105,0,reduction,""
179806.422107,0,sched_state,running
179806.423793,0,tick,""
179806.423807,0,queue_length,0
179806.423807,1,queue_length,2
179806.423818,0,reduction,""
179806.423827,0,sched_state,running
179806.425645,0,tick,""
179806.425691,0,reduction,""
179806.425693,0,sched_state,running
179806.427361,0,tick,""
179806.427381,0,reduction,""
179806.427382,0,sched_state,running
179806.429128,0,tick,""
179806.429151,0,reduction,""
179806.429153,0,sched_state,running
179806.430846,0,tick,""
179806.430865,0,reduction,""
179806.430866,0,sched_state,running
179806.432595,0,tick,""
179806.432616,0,reduction,""
179806.432618,0,sched_state,running
179806.434359,0,tick,""
179806.434399,0,reduction,""
179806.434400,0,sched_state,running
179806.436074,0,tick,""
179806.436093,0,reduction,""
179806.436095,0,sched_state,running
179806.437902,0,tick,""
179806.437944,0,reduction,""
179806.437946,0,sched_state,running
179806.439639,0,tick,""
179806.439661,0,reduction,""
179806.439663,0,sched_state,running
179806.441375,0,tick,""
179806.441417,0,reduction,""
179806.441419,0,sched_state,running
179806.443096,0,tick,""
179806.443137,0,reduction,""
179806.443138,0,sched_state,running
179806.444900,0,tick,""
179806.444920,0,reduction,""
179806.444922,0,sched_state,running
179806.446656,0,tick,""
179806.446702,0,reduction,""
179806.446704,0,sched_state,running
179806.448433,0,tick,""
179806.448452,0,reduction,""
179806.448454,0,sched_state,running
179806.450240,0,tick,""
179806.450258,0,reduction,""
179806.450259,0,sched_state,running
179806.451961,0,tick,""
179806.452001,0,reduction,""
179806.452003,0,sched_state,running
179806.453827,0,tick,""
179806.453847,0,reduction,""
179806.453849,0,sched_state,running
179806.455546,0,tick,""
179806.455583,0,reduction,""
179806.455585,0,sched_state,running
179806.457310,0,tick,""
179806.457328,0,reduction,""
179806.457330,0,sched_state,running
179806.459035,0,tick,""
179806.459048,0,queue_length,0
179806.459049,1,queue_length,2
179806.459058,0,reduction,""
179806.459067,0,sched_state,running
179806.460823,0,tick,""
179806.471518,2,channel_unblocked,236
179806.471540,0,yield,""
179806.471554,0,sched_state,running
179806.477634,0,tick,""
179806.477657,0,reduction,""
179806.477659,0,sched_state,running
179806.483493,0,tick,""
179806.483519,0,reduction,""
179806.483529,0,sched_state,running
179806.489427,0,tick,""
179806.489451,0,reduction,""
179806.489461,0,sched_state,running
179806.492464,0,tick,""
179806.492523,0,reduction,""
179806.492525,0,sched_state,running
179806.495492,0,tick,""
179806.495517,0,reduction,""
179806.495520,0,sched_state,running
179806.498518,0,tick,""
179806.498566,0,reduction,""
179806.498568,0,sched_state,running
179806.501538,0,tick,""
179806.501587,0,reduction,""
179806.501590,0,sched_state,running
179806.504563,0,tick,""
179806.504584,0,reduction,""
179806.504586,0,sched_state,running
179806.507526,0,tick,""
179806.507691,0,reduction,""
179806.507694,0,sched_state,running
179806.510667,0,tick,""
179806.510720,0,reduction,""
179806.510724,0,sched_state,running
179806.513691,0,tick,""
179806.513713,0,reduction,""
179806.513715,0,sched_state,running
179806.516690,0,tick,""
179806.516714,0,reduction,""
179806.516724,0,sched_state,running
179806.519679,0,tick,""
179806.519701,0,reduction,""
179806.519703,0,sched_state,running
179806.522668,0,tick,""
179806.522696,0,reduction,""
179806.522706,0,sched_state,running
179806.525694,0,tick,""
179806.525721,0,reduction,""
179806.525731,0,sched_state,running
179806.528705,0,tick,""
179806.528752,0,reduction,""
179806.528754,0,sched_state,running
179806.531716,0,tick,""
179806.531753,0,reduction,""
179806.531755,0,sched_state,running
179806.534717,0,tick,""
179806.534768,0,reduction,""
179806.534770,0,sched_state,running
179806.537757,0,tick,""
179806.537804,0,reduction,""
179806.537807,0,sched_state,running
179806.540787,0,tick,""
179806.540810,0,reduction,""
179806.540821,0,sched_state,running
179806.543777,0,tick,""
179806.543795,0,queue_length,1
179806.543796,1,queue_length,2
179806.543804,0,reduction,""
179806.543814,0,sched_state,running
179806.546814,0,tick,""
179806.546838,0,reduction,""
179806.546840,0,sched_state,running
179806.549835,0,tick,""
179806.549859,0,reduction,""
179806.549861,0,sched_state,running
179806.552859,0,tick,""
179806.552906,0,reduction,""
179806.552908,0,sched_state,running
179806.555879,0,tick,""
179806.555903,0,reduction,""
179806.555905,0,sched_state,running
179806.558889,0,tick,""
179806.558933,0,reduction,""
179806.558936,0,sched_state,running
179806.561890,0,tick,""
179806.561936,0,reduction,""
179806.561938,0,sched_state,running
179806.564945,0,tick,""
179806.564974,0,reduction,""
179806.564977,0,sched_state,running
179806.567972,0,tick,""
179806.568132,0,reduction,""
179806.568135,0,sched_state,running
179806.571077,0,tick,""
179806.571129,0,reduction,""
179806.571132,0,sched_state,running
179806.574069,0,tick,""
179806.574090,0,reduction,""
179806.574093,0,sched_state,running
179806.577056,0,tick,""
179806.577079,0,reduction,""
179806.577081,0,sched_state,running
179806.580034,0,tick,""
179806.580056,0,reduction,""
179806.580058,0,sched_state,running
179806.583019,0,tick,""
179806.583046,0,reduction,""
179806.583056,0,sched_state,running
179806.586023,0,tick,""
179806.586050,0,reduction,""
179806.586059,0,sched_state,running
179806.589043,0,tick,""
179806.589089,0,reduction,""
179806.589092,0,sched_state,running
179806.592043,0,tick,""
179806.592071,0,reduction,""
179806.592081,0,sched_state,running
179806.595020,0,tick,""
179806.595070,0,reduction,""
179806.595073,0,sched_state,running
179806.598039,0,tick,""
179806.598084,0,reduction,""
179806.598087,0,sched_state,running
179806.601046,0,tick,""
179806.601069,0,reduction,""
179806.601071,0,sched_state,running
179806.603994,0,tick,""
179806.604013,0,queue_length,2
179806.604014,1,queue_length,1
179806.604034,0,reduction,""
179806.604036,0,sched_state,running
179806.606961,0,tick,""
179806.607013,0,reduction,""
179806.607016,0,sched_state,running
179806.609936,0,tick,""
179806.609960,0,reduction,""
179806.609962,0,sched_state,running
179806.612883,0,tick,""
179806.612909,0,reduction,""
179806.612920,0,sched_state,running
179806.615935,0,tick,""
179806.615958,0,reduction,""
179806.615960,0,sched_state,running
179806.618888,0,tick,""
179806.618916,0,reduction,""
179806.618926,0,sched_state,running
179806.621989,0,tick,""
179806.622028,0,reduction,""
179806.622030,0,sched_state,running
179806.625001,0,tick,""
179806.625023,0,reduction,""
179806.625025,0,sched_state,running
179806.627996,0,tick,""
179806.628043,0,reduction,""
179806.628046,0,sched_state,running
179806.631074,0,tick,""
179806.631100,0,reduction,""
179806.631102,0,sched_state,running
179806.634150,0,tick,""
179806.634197,0,reduction,""
179806.634199,0,sched_state,running
179806.637314,0,tick,""
179806.637352,0,reduction,""
179806.637355,0,sched_state,running
179806.640395,0,tick,""
179806.640419,0,reduction,""
179806.640421,0,sched_state,running
179806.643375,0,tick,""
179806.643427,0,reduction,""
179806.643429,0,sched_state,running
179806.646457,0,tick,""
179806.646482,0,reduction,""
179806.646492,0,sched_state,running
179806.649542,0,tick,""
179806.649565,0,reduction,""
179806.649567,0,sched_state,running
179806.652533,0,tick,""
179806.652571,0,reduction,""
179806.652573,0,sched_state,running
179806.655525,0,tick,""
179806.655549,0,reduction,""
179806.655551,0,sched_state,running
179806.658507,0,tick,""
179806.658550,0,reduction,""
179806.658552,0,sched_state,running
179806.661616,0,tick,""
179806.661638,0,reduction,""
179806.661641,0,sched_state,running
179806.664564,0,tick,""
179806.664581,0,queue_length,3
179806.664582,1,queue_length,0
179806.664602,0,reduction,""
179806.664604,0,sched_state,running
179806.667512,0,tick,""
179806.667566,0,reduction,""
179806.667568,0,sched_state,running
179806.670480,0,tick,""
179806.670505,0,reduction,""
179806.670516,0,sched_state,running
179806.673428,0,tick,""
179806.673475,0,reduction,""
179806.673477,0,sched_state,running
179806.676381,0,tick,""
179806.676426,0,reduction,""
179806.676428,0,sched_state,running
179806.679314,0,tick,""
179806.679340,0,reduction,""
179806.679342,0,sched_state,running
179806.682289,0,tick,""
179806.682343,0,reduction,""
179806.682346,0,sched_state,running
179806.685362,0,tick,""
179806.685395,0,reduction,""
179806.685405,0,sched_state,running
179806.688325,0,tick,""
179806.688361,0,reduction,""
179806.688363,0,sched_state,running
179806.691327,0,tick,""
179806.691352,0,reduction,""
179806.691354,0,sched_state,running
179806.694264,0,tick,""
179806.694301,0,reduction,""
179806.694303,0,sched_state,running
179806.697334,0,tick,""
179806.697371,0,reduction,""
179806.697374,0,sched_state,running
179806.700349,0,tick,""
179806.700371,0,reduction,""
179806.700381,0,sched_state,running
179806.703332,0,tick,""
179806.703370,0,reduction,""
179806.703372,0,sched_state,running
179806.706350,0,tick,""
179806.706375,0,reduction,""
179806.706377,0,sched_state,running
179806.709317,0,tick,""
179806.709341,0,reduction,""
179806.709351,0,sched_state,running
179806.712265,0,tick,""
179806.712289,0,reduction,""
179806.712292,0,sched_state,running
179806.715191,0,tick,""
179806.715247,0,reduction,""
179806.715250,0,sched_state,running
179806.718301,0,tick,""
179806.718327,0,reduction,""
179806.718329,0,sched_state,running
179806.721349,0,tick,""
179806.721385,0,reduction,""
179806.721388,0,sched_state,running
179806.724361,0,tick,""
179806.724376,0,queue_length,2
179806.724377,1,queue_length,1
179806.724394,0,reduction,""
179806.724396,0,sched_state,running
179806.727356,0,tick,""
179806.727402,0,reduction,""
179806.727404,0,sched_state,running
179806.730349,0,tick,""
179806.730402,0,reduction,""
179806.730404,0,sched_state,running
179806.733419,0,tick,""
179806.733444,0,reduction,""
179806.733446,0,sched_state,running
179806.736372,0,tick,""
179806.736421,0,reduction,""
179806.736423,0,sched_state,running
179806.739414,0,tick,""
179806.739438,0,reduction,""
179806.739440,0,sched_state,running
179806.742387,0,tick,""
179806.742444,0,reduction,""
179806.742447,0,sched_state,running
179806.745471,0,tick,""
179806.745495,0,reduction,""
179806.745497,0,sched_state,running
179806.748464,0,tick,""
179806.748499,0,reduction,""
179806.748502,0,sched_state,running
179806.751490,0,tick,""
179806.751513,0,reduction,""
179806.751515,0,sched_state,running
179806.754544,0,tick,""
179806.754581,0,reduction,""
179806.754583,0,sched_state,running
179806.757617,0,tick,""
179806.757666,0,reduction,""
179806.757669,0,sched_state,running
179806.760632,0,tick,""
179806.760652,0,reduction,""
179806.760654,0,sched_state,running
179806.763626,0,tick,""
179806.763662,0,reduction,""
179806.763664,0,sched_state,running
179806.766701,0,tick,""
179806.766724,0,reduction,""
179806.766726,0,sched_state,running
179806.769789,0,tick,""
179806.769813,0,reduction,""
179806.769815,0,sched_state,running
179806.772791,0,tick,""
179806.772944,0,reduction,""
179806.772947,0,sched_state,running
179806.775924,0,tick,""
179806.775972,0,reduction,""
179806.775974,0,sched_state,running
179806.779017,0,tick,""
179806.779041,0,reduction,""
179806.779043,0,sched_state,running
179806.782098,0,tick,""
179806.782123,0,reduction,""
179806.782125,0,sched_state,running
179806.785109,0,tick,""
179806.785127,0,queue_length,1
179806.785128,1,queue_length,2
179806.785139,0,reduction,""
179806.785141,0,sched_state,running
179806.788191,0,tick,""
179806.788242,0,reduction,""
179806.788244,0,sched_state,running
179806.791278,0,tick,""
179806.791303,0,reduction,""
179806.791305,0,sched_state,running
179806.794267,0,tick,""
179806.794313,0,reduction,""
179806.794315,0,sched_state,running
179806.797273,0,tick,""
179806.797319,0,reduction,""
179806.797321,0,sched_state,running
179806.800271,0,tick,""
179806.800295,0,reduction,""
179806.800297,0,sched_state,running
179806.803234,0,tick,""
179806.803286,0,reduction,""
179806.803288,0,sched_state,running
179806.806245,0,tick,""
179806.806270,0,reduction,""
179806.806280,0,sched_state,running
179806.809227,0,tick,""
179806.809262,0,reduction,""
179806.809264,0,sched_state,running
179806.812215,0,tick,""
179806.812237,0,reduction,""
179806.812240,0,sched_state,running
179806.815167,0,tick,""
179806.815195,0,reduction,""
179806.815205,0,sched_state,running
179806.818162,0,tick,""
179806.818206,0,reduction,""
179806.818210,0,sched_state,running
179806.821151,0,tick,""
179806.821174,0,reduction,""
179806.821177,0,sched_state,running
179806.824125,0,tick,""
179806.824170,0,reduction,""
179806.824172,0,sched_state,running
179806.827088,0,tick,""
179806.827112,0,reduction,""
179806.827114,0,sched_state,running
179806.830060,0,tick,""
179806.830084,0,reduction,""
179806.830086,0,sched_state,running
179806.833035,0,tick,""
179806.833059,0,reduction,""
179806.833061,0,sched_state,running
179806.835992,0,tick,""
179806.836046,0,reduction,""
179806.836048,0,sched_state,running
179806.839007,0,tick,""
179806.839033,0,reduction,""
179806.839035,0,sched_state,running
179806.841984,0,tick,""
179806.842027,0,reduction,""
179806.842030,0,sched_state,running
179806.844956,0,tick,""
179806.844973,0,queue_length,0
179806.844974,1,queue_length,3
179806.844992,0,reduction,""
179806.844995,0,sched_state,running
179806.847932,0,tick,""
179806.847986,0,reduction,""
179806.847988,0,sched_state,running
179806.850937,0,tick,""
179806.850985,0,reduction,""
179806.850987,0,sched_state,running
179806.853931,0,tick,""
179806.853954,0,reduction,""
179806.853956,0,sched_state,running
179806.856881,0,tick,""
179806.856926,0,reduction,""
179806.856928,0,sched_state,running
179806.859845,0,tick,""
179806.859869,0,reduction,""
179806.859872,0,sched_state,running
179806.862783,0,tick,""
179806.862836,0,reduction,""
179806.862838,0,sched_state,running
179806.865762,0,tick,""
179806.865785,0,reduction,""
179806.865787,0,sched_state,running
179806.868712,0,tick,""
179806.868745,0,reduction,""
179806.868748,0,sched_state,running
179806.871664,0,tick,""
179806.871686,0,reduction,""
179806.871688,0,sched_state,running
179806.874629,0,tick,""
179806.874665,0,reduction,""
179806.874668,0,sched_state,running
179806.877610,0,tick,""
179806.877656,0,reduction,""
179806.877658,0,sched_state,running
179806.880592,0,tick,""
179806.880615,0,reduction,""
179806.880617,0,sched_state,running
179806.883535,0,tick,""
179806.883580,0,reduction,""
179806.883582,0,sched_state,running
179806.886515,0,tick,""
179806.886538,0,reduction,""
179806.886540,0,sched_state,running
179806.889497,0,tick,""
179806.889521,0,reduction,""
179806.889523,0,sched_state,running
179806.892467,0,tick,""
179806.892623,0,reduction,""
179806.892626,0,sched_state,running
179806.895552,0,tick,""
179806.895602,0,reduction,""
179806.895604,0,sched_state,running
179806.898538,0,tick,""
179806.898560,0,reduction,""
179806.898563,0,sched_state,running
179806.901516,0,tick,""
179806.901539,0,reduction,""
179806.901541,0,sched_state,running
179806.904473,0,tick,""
179806.904491,0,queue_length,0
179806.904493,1,queue_length,3
179806.904513,0,reduction,""
179806.904515,0,sched_state,running
179806.907459,0,tick,""
179806.907513,0,reduction,""
179806.907516,0,sched_state,running
179806.910434,0,tick,""
179806.910459,0,reduction,""
179806.910461,0,sched_state,running
179806.913396,0,tick,""
179806.913432,0,reduction,""
179806.913434,0,sched_state,running
179806.916339,0,tick,""
179806.916363,0,reduction,""
179806.916365,0,sched_state,running
179806.919278,0,tick,""
179806.919315,0,reduction,""
179806.919317,0,sched_state,running
179806.922235,0,tick,""
179806.922281,0,reduction,""
179806.922284,0,sched_state,running
179806.925197,0,tick,""
179806.925220,0,reduction,""
179806.925222,0,sched_state,running
179806.928128,0,tick,""
179806.928177,0,reduction,""
179806.928179,0,sched_state,running
179806.931062,0,tick,""
179806.931086,0,reduction,""
179806.931088,0,sched_state,running
179806.934000,0,tick,""
179806.934047,0,reduction,""
179806.934050,0,sched_state,running
179806.936989,0,tick,""
179806.937034,0,reduction,""
179806.937037,0,sched_state,running
179806.940025,0,tick,""
179806.940051,0,reduction,""
179806.940052,0,sched_state,running
179806.942954,0,tick,""
179806.943012,0,reduction,""
179806.943015,0,sched_state,running
179806.945910,0,tick,""
179806.945936,0,reduction,""
179806.945945,0,sched_state,running
179806.948860,0,tick,""
179806.948882,0,reduction,""
179806.948884,0,sched_state,running
179806.951772,0,tick,""
179806.951819,0,reduction,""
179806.951822,0,sched_state,running
179806.954855,0,tick,""
179806.954880,0,reduction,""
179806.954882,0,sched_state,running
179806.957798,0,tick,""
179806.957842,0,reduction,""
179806.957845,0,sched_state,running
179806.960765,0,tick,""
179806.960780,0,reduction,""
179806.960785,0,sched_state,running
179806.964572,0,tick,""
179806.964590,0,queue_length,0
179806.964591,1,queue_length,3
179806.964626,0,reduction,""
179806.964628,0,sched_state,running
179806.967574,0,tick,""
179806.967598,0,reduction,""
179806.967600,0,sched_state,running
179806.970559,0,tick,""
179806.970614,0,reduction,""
179806.970616,0,sched_state,running
179806.973548,0,tick,""
179806.973571,0,reduction,""
179806.973573,0,sched_state,running
179806.976482,0,tick,""
179806.976509,0,reduction,""
179806.976520,0,sched_state,running
179806.979412,0,tick,""
179806.979461,0,reduction,""
179806.979463,0,sched_state,running
179806.982372,0,tick,""
179806.982400,0,reduction,""
179806.982410,0,sched_state,running
179806.985339,0,tick,""
179806.985359,0,reduction,""
179806.985362,0,sched_state,running
179806.988279,0,tick,""
179806.988300,0,reduction,""
179806.988303,0,sched_state,running
179806.991205,0,tick,""
179806.994611,2,channel_blocked,395
179806.994617,0,yield,""
179806.994621,0,sched_state,running
179806.996918,0,tick,""
179806.996940,0,reduction,""
179806.996943,0,sched_state,running
179806.999204,0,tick,""
179806.999254,0,reduction,""
179806.999256,0,sched_state,running
179807.001490,0,tick,""
179807.001512,0,reduction,""
179807.001514,0,sched_state,running
179807.003745,0,tick,""
179807.003770,0,reduction,""
179807.003780,0,sched_state,running
179807.006025,0,tick,""
179807.006046,0,reduction,""
179807.006048,0,sched_state,running
179807.008307,0,tick,""
179807.008330,0,reduction,""
179807.008340,0,sched_state,running
179807.010568,0,tick,""
179807.010609,0,reduction,""
179807.010611,0,sched_state,running
179807.012844,0,tick,""
179807.012864,0,reduction,""
179807.012866,0,sched_state,running
179807.015091,0,tick,""
179807.015134,0,reduction,""
179807.015137,0,sched_state,running
179807.017380,0,tick,""
179807.017402,0,reduction,""
179807.017404,0,sched_state,running
179807.019624,0,tick,""
179807.019668,0,reduction,""
179807.019671,0,sched_state,running
179807.021915,0,tick,""
179807.021957,0,reduction,""
179807.021960,0,sched_state,running
179807.024210,0,tick,""
179807.024232,0,reduction,""
179807.024235,0,sched_state,running
179807.026583,0,tick,""
179807.026633,0,reduction,""
179807.026636,0,sched_state,running
179807.028869,0,tick,""
179807.028890,0,reduction,""
179807.028892,0,sched_state,running
179807.031106,0,tick,""
179807.031127,0,reduction,""
179807.031129,0,sched_state,running
179807.033463,0,tick,""
179807.033505,0,reduction,""
179807.033508,0,sched_state,running
179807.035720,0,tick,""
179807.035742,0,reduction,""
179807.035744,0,sched_state,running
179807.038092,0,tick,""
179807.038133,0,reduction,""
179807.038135,0,sched_state,running
179807.040377,0,tick,""
179807.040397,0,reduction,""
179807.040399,0,sched_state,running
179807.042704,0,tick,""
179807.042720,0,queue_length,0
179807.042721,1,queue_length,2
179807.042750,0,reduction,""
179807.042752,0,sched_state,running
179807.045048,0,tick,""
179807.045068,0,reduction,""
179807.045070,0,sched_state,running
179807.047274,0,tick,""
179807.047322,0,reduction,""
179807.047325,0,sched_state,running
179807.049641,0,tick,""
179807.049662,0,reduction,""
179807.049664,0,sched_state,running
179807.051856,0,tick,""
179807.051880,0,reduction,""
179807.051882,0,sched_state,running
179807.054201,0,tick,""
179807.054244,0,reduction,""
179807.054246,0,sched_state,running
179807.056589,0,tick,""
179807.056611,0,reduction,""
179807.056614,0,sched_state,running
179807.058881,0,tick,""
179807.058899,0,reduction,""
179807.058901,0,sched_state,running
179807.061178,0,tick,""
179807.061198,0,reduction,""
179807.061200,0,sched_state,running
179807.063400,0,tick,""
179807.073010,2,channel_unblocked,279
179807.073030,0,yield,""
179807.073043,0,sched_state,running
179807.077215,0,tick,""
179807.077236,0,reduction,""
179807.077238,0,sched_state,running
179807.080499,0,tick,""
179807.080520,0,reduction,""
179807.080530,0,sched_state,running
179807.083830,0,tick,""
179807.083854,0,reduction,""
179807.083856,0,sched_state,running
179807.087188,0,tick,""
179807.087245,0,reduction,""
179807.087248,0,sched_state,running
179807.090568,0,tick,""
179807.090593,0,reduction,""
179807.090596,0,sched_state,running
179807.093973,0,tick,""
179807.094019,0,reduction,""
179807.094021,0,sched_state,running
179807.097304,0,tick,""
179807.097342,0,reduction,""
179807.097344,0,sched_state,running
179807.100569,0,tick,""
179807.100591,0,reduction,""
179807.100594,0,sched_state,running
179807.103841,0,tick,""
179807.104003,0,reduction,""
179807.104006,0,sched_state,running
179807.107328,0,tick,""
179807.107380,0,reduction,""
179807.107383,0,sched_state,running
179807.110683,0,tick,""
179807.110707,0,reduction,""
179807.110709,0,sched_state,running
179807.114028,0,tick,""
179807.114057,0,reduction,""
179807.114067,0,sched_state,running
179807.117402,0,tick,""
179807.117422,0,reduction,""
179807.117424,0,sched_state,running
179807.120653,0,tick,""
179807.120702,0,reduction,""
179807.120705,0,sched_state,running
179807.123982,0,tick,""
179807.124006,0,reduction,""
179807.124008,0,sched_state,running
179807.127339,0,tick,""
179807.127362,0,reduction,""
179807.127364,0,sched_state,running
179807.130694,0,tick,""
179807.130754,0,reduction,""
179807.130757,0,sched_state,running
179807.134104,0,tick,""
179807.134141,0,reduction,""
179807.134143,0,sched_state,running
179807.137431,0,tick,""
179807.146195,0,channel_unblocked,279
179807.146213,0,yield,""
179807.146226,0,sched_state,running
179807.149950,0,tick,""
179807.149973,0,reduction,""
179807.149976,0,sched_state,running
179807.153377,0,tick,""
179807.153402,0,reduction,""
179807.153404,0,sched_state,running
179807.156811,0,tick,""
179807.156833,0,reduction,""
179807.156835,0,sched_state,running
179807.160301,0,tick,""
179807.160347,0,reduction,""
179807.160349,0,sched_state,running
179807.163653,0,tick,""
179807.163680,0,reduction,""
179807.163682,0,sched_state,running
179807.167014,0,tick,""
179807.167061,0,reduction,""
179807.167063,0,sched_state,running
179807.170373,0,tick,""
179807.170422,0,reduction,""
179807.170424,0,sched_state,running
179807.173744,0,tick,""
179807.173768,0,reduction,""
179807.173771,0,sched_state,running
179807.177082,0,tick,""
179807.177235,0,reduction,""
179807.177238,0,sched_state,running
179807.180702,0,tick,""
179807.180742,0,reduction,""
179807.180745,0,sched_state,running
179807.184166,0,tick,""
179807.184187,0,reduction,""
179807.184189,0,sched_state,running
179807.187483,0,tick,""
179807.187509,0,reduction,""
179807.187519,0,sched_state,running
179807.190835,0,tick,""
179807.190857,0,reduction,""
179807.190859,0,sched_state,running
179807.194178,0,tick,""
179807.194226,0,reduction,""
179807.194228,0,sched_state,running
179807.197520,0,tick,""
179807.197543,0,reduction,""
179807.197545,0,sched_state,running
179807.200893,0,tick,""
179807.200912,0,reduction,""
179807.200914,0,sched_state,running
179807.204322,0,tick,""
179807.204379,0,reduction,""
179807.204382,0,sched_state,running
179807.207689,0,tick,""
179807.207726,0,reduction,""
179807.207729,0,sched_state,running
179807.211031,0,tick,""
179807.217674,0,channel_blocked,395
179807.217686,0,yield,""
179807.217691,0,sched_state,running
179807.222365,0,tick,""
179807.222400,0,reduction,""
179807.222402,0,sched_state,running
179807.224936,0,tick,""
179807.224956,0,reduction,""
179807.224958,0,sched_state,running
179807.227512,0,tick,""
179807.227556,0,reduction,""
179807.227558,0,sched_state,running
179807.229992,0,tick,""
179807.230011,0,reduction,""
179807.230014,0,sched_state,running
179807.232473,0,tick,""
179807.232494,0,reduction,""
179807.232496,0,sched_state,running
179807.234934,0,tick,""
179807.244087,1,channel_unblocked,279
179807.244104,0,yield,""
179807.244125,0,sched_state,running
179807.249893,0,tick,""
179807.249911,0,sched_state,running
179807.252816,0,tick,""
179807.252832,0,queue_length,2
179807.252833,1,queue_length,2
179807.252861,0,reduction,""
179807.252864,0,sched_state,running
179807.255764,0,tick,""
179807.255786,0,reduction,""
179807.255788,0,sched_state,running
179807.258667,0,tick,""
179807.258716,0,reduction,""
179807.258719,0,sched_state,running
179807.261668,0,tick,""
179807.261688,0,sched_state,running
179807.263700,0,tick,""
179807.263717,0,queue_length,1
179807.263717,1,queue_length,2
179807.263723,0,sched_state,stop
