timestamp,lpu,event,value
179805.430304,0,sched_state,startup
179805.430812,0,tick,""
179805.430817,0,reduction,""
179805.430819,0,sched_state,running
179805.431304,0,tick,""
179805.431307,0,reduction,""
179805.431308,0,sched_state,running
179805.431576,0,tick,""
179805.431579,0,reduction,""
179805.431580,0,sched_state,running
179805.431847,0,tick,""
179805.433750,0,reduction,""
179805.433752,0,sched_state,running
179805.434033,0,tick,""
179805.434036,0,reduction,""
179805.434037,0,sched_state,running
179805.434313,0,tick,""
179805.434405,0,reduction,""
179805.434408,0,sched_state,running
179805.434924,0,tick,""
179805.434928,0,reduction,""
179805.434930,0,sched_state,running
179805.435540,0,tick,""
179805.435555,0,spawn,""
179805.435559,0,reduction,""
179805.435563,0,sched_state,running
179805.436033,0,queue_length,1
179805.436034,1,queue_length,0
179805.436038,0,tick,""
179805.436040,0,reduction,""
179805.436041,0,sched_state,running
179805.436363,0,tick,""
179805.436367,0,reduction,""
179805.436369,0,sched_state,running
179805.436666,0,tick,""
179805.436669,0,reduction,""
179805.436670,0,sched_state,running
179805.436966,0,tick,""
179805.436983,0,channel_blocked,98
179805.436984,0,yield,""
179805.436986,0,sched_state,running
179805.437282,0,tick,""
179805.437285,0,reduction,""
179805.437287,0,sched_state,running
179805.437572,0,tick,""
179805.437576,0,reduction,""
179805.437577,0,sched_state,running
179805.437853,0,tick,""
179805.437856,0,reduction,""
179805.437858,0,sched_state,running
179805.438134,0,tick,""
179805.438137,0,reduction,""
179805.438138,0,sched_state,running
179805.438414,0,tick,""
179805.438417,0,reduction,""
179805.438419,0,sched_state,running
179805.438699,0,tick,""
179805.438701,0,reduction,""
179805.438703,0,sched_state,running
179805.438979,0,tick,""
179805.438986,0,reduction,""
179805.438987,0,sched_state,running
179805.439262,0,tick,""
179805.439266,0,reduction,""
179805.439267,0,sched_state,running
179805.439542,0,tick,""
179805.439545,0,reduction,""
179805.439546,0,sched_state,running
179805.439821,0,tick,""
179805.439831,0,reduction,""
179805.439832,0,sched_state,running
179805.440121,0,tick,""
179805.440125,0,reduction,""
179805.440126,0,sched_state,running
179805.440414,0,tick,""
179805.440417,0,reduction,""
179805.440419,0,sched_state,running
179805.440695,0,tick,""
179805.440698,0,reduction,""
179805.440700,0,sched_state,running
179805.440978,0,tick,""
179805.440982,0,reduction,""
179805.440983,0,sched_state,running
179805.441263,0,tick,""
179805.441394,0,reduction,""
179805.441396,0,sched_state,running
179805.441677,0,tick,""
179805.441690,0,reduction,""
179805.441692,0,sched_state,running
179805.441970,0,tick,""
179805.441972,0,reduction,""
179805.441974,0,sched_state,running
179805.442253,0,tick,""
179805.442256,0,reduction,""
179805.442258,0,sched_state,running
179805.442537,0,tick,""
179805.442540,0,reduction,""
179805.442542,0,sched_state,running
179805.442821,0,tick,""
179805.442829,0,reduction,""
179805.442831,0,sched_state,running
179805.443113,0,tick,""
179805.443115,0,queue_length,0
179805.443116,1,queue_length,0
179805.443150,0,reduction,""
179805.443152,0,sched_state,running
179805.443434,0,tick,""
179805.443442,0,reduction,""
179805.443443,0,sched_state,running
179805.443727,0,tick,""
179805.443731,0,reduction,""
179805.443732,0,sched_state,running
179805.444019,0,tick,""
179805.444025,0,reduction,""
179805.444027,0,sched_state,running
179805.444335,0,tick,""
179805.444343,0,reduction,""
179805.444344,0,sched_state,running
179805.444629,0,tick,""
179805.444632,0,reduction,""
179805.444634,0,sched_state,running
179805.444920,0,tick,""
179805.444929,0,reduction,""
179805.444931,0,sched_state,running
179805.445207,0,tick,""
179805.445215,0,reduction,""
179805.445216,0,sched_state,running
179805.445496,0,tick,""
179805.445500,0,reduction,""
179805.445502,0,sched_state,running
179805.445784,0,tick,""
179805.445883,0,reduction,""
179805.445885,0,sched_state,running
179805.446172,0,tick,""
179805.446183,0,reduction,""
179805.446184,0,sched_state,running
179805.446465,0,tick,""
179805.446468,0,reduction,""
179805.446469,0,sched_state,running
179805.446748,0,tick,""
179805.446750,0,reduction,""
179805.446752,0,sched_state,running
179805.447029,0,tick,""
179805.447032,0,reduction,""
179805.447034,0,sched_state,running
179805.447310,0,tick,""
179805.447313,0,reduction,""
179805.447314,0,sched_state,running
179805.447593,0,tick,""
179805.447595,0,reduction,""
179805.447597,0,sched_state,running
179805.447878,0,tick,""
179805.447880,0,reduction,""
179805.447882,0,sched_state,running
179805.448196,0,tick,""
179805.448200,0,reduction,""
179805.448201,0,sched_state,running
179805.448480,0,tick,""
179805.448483,0,spawn,""
179805.448485,0,reduction,""
179805.448486,0,sched_state,running
179805.448764,0,queue_length,1
179805.448765,1,queue_length,0
179805.448767,0,tick,""
179805.448768,0,reduction,""
179805.448770,0,sched_state,running
179805.449048,0,tick,""
179805.449055,0,reduction,""
179805.449056,0,sched_state,running
179805.449338,0,tick,""
179805.449341,0,reduction,""
179805.449343,0,sched_state,running
179805.449623,0,tick,""
179805.449626,0,reduction,""
179805.449628,0,sched_state,running
179805.449911,0,tick,""
179805.449918,0,reduction,""
179805.449920,0,sched_state,running
179805.450204,0,tick,""
179805.450207,0,reduction,""
179805.450208,0,sched_state,running
179805.450492,0,tick,""
179805.450495,0,reduction,""
179805.450496,0,sched_state,running
179805.450782,0,tick,""
179805.450786,0,reduction,""
179805.450787,0,sched_state,running
179805.451076,0,tick,""
179805.451157,0,reduction,""
179805.451159,0,sched_state,running
179805.451450,0,tick,""
179805.451461,0,reduction,""
179805.451463,0,sched_state,running
179805.451746,0,tick,""
179805.451749,0,reduction,""
179805.451750,0,sched_state,running
179805.452037,0,tick,""
179805.452041,0,reduction,""
179805.452043,0,sched_state,running
179805.452348,0,tick,""
179805.452352,0,spawn,""
179805.452353,0,reduction,""
179805.452354,0,sched_state,running
179805.452640,0,queue_length,2
179805.452641,1,queue_length,0
179805.452643,0,tick,""
179805.452645,0,reduction,""
179805.452646,0,sched_state,running
179805.452927,0,tick,""
179805.452934,0,reduction,""
179805.452935,0,sched_state,running
179805.453213,0,tick,""
179805.453216,0,reduction,""
179805.453217,0,sched_state,running
179805.453497,0,tick,""
179805.453500,0,reduction,""
179805.453501,0,sched_state,running
179805.453783,0,tick,""
179805.453791,0,reduction,""
179805.453792,0,sched_state,running
179805.454076,0,tick,""
179805.454079,0,reduction,""
179805.454080,0,sched_state,running
179805.454367,0,tick,""
179805.454373,0,reduction,""
179805.454375,0,sched_state,running
179805.454655,0,tick,""
179805.454658,0,reduction,""
179805.454660,0,sched_state,running
179805.454939,0,tick,""
179805.455019,0,reduction,""
179805.455024,0,sched_state,running
179805.455310,0,tick,""
179805.455321,0,reduction,""
179805.455322,0,sched_state,running
179805.455605,0,tick,""
179805.455608,0,reduction,""
179805.455609,0,sched_state,running
179805.455891,0,tick,""
179805.455894,0,reduction,""
179805.455896,0,sched_state,running
179805.456203,0,tick,""
179805.456206,0,reduction,""
179805.456207,0,sched_state,running
179805.456507,0,tick,""
179805.456512,0,reduction,""
179805.456513,0,sched_state,running
179805.456815,0,tick,""
179805.456819,0,reduction,""
179805.456821,0,sched_state,running
179805.457127,0,tick,""
179805.457137,0,reduction,""
179805.457138,0,sched_state,running
179805.457446,0,tick,""
179805.457450,0,reduction,""
179805.457452,0,sched_state,running
179805.457733,0,tick,""
179805.457743,0,reduction,""
179805.457745,0,sched_state,running
179805.458028,0,tick,""
179805.458036,0,reduction,""
179805.458038,0,sched_state,running
179805.458321,0,tick,""
179805.458326,0,reduction,""
179805.458327,0,sched_state,running
179805.458611,0,tick,""
179805.458613,0,queue_length,2
179805.458614,1,queue_length,0
179805.458616,0,reduction,""
179805.458617,0,sched_state,running
179805.458897,0,tick,""
179805.458900,0,reduction,""
179805.458901,0,sched_state,running
179805.459181,0,tick,""
179805.460863,1,channel_blocked,73
179805.460867,0,yield,""
179805.460869,0,sched_state,running
179805.461401,0,tick,""
179805.461405,0,reduction,""
179805.461406,0,sched_state,running
179805.461687,0,tick,""
179805.461691,0,reduction,""
179805.461692,0,sched_state,running
179805.461974,0,tick,""
179805.461977,0,reduction,""
179805.461979,0,sched_state,running
179805.462261,0,tick,""
179805.462269,0,reduction,""
179805.462270,0,sched_state,running
179805.462558,0,tick,""
179805.462562,0,reduction,""
179805.462563,0,sched_state,running
179805.462850,0,tick,""
179805.462860,0,reduction,""
179805.462862,0,sched_state,running
179805.463145,0,tick,""
179805.463152,0,reduction,""
179805.463153,0,sched_state,running
179805.463440,0,tick,""
179805.463443,0,reduction,""
179805.463445,0,sched_state,running
179805.463730,0,tick,""
179805.463837,0,reduction,""
179805.463839,0,sched_state,running
179805.464139,0,tick,""
179805.464160,0,reduction,""
179805.464161,0,sched_state,running
179805.464446,0,tick,""
179805.464449,0,reduction,""
179805.464451,0,sched_state,running
179805.464732,0,tick,""
179805.464736,0,reduction,""
179805.464737,0,sched_state,running
179805.465018,0,tick,""
179805.465021,0,reduction,""
179805.465022,0,sched_state,running
179805.465302,0,tick,""
179805.465308,0,reduction,""
179805.465310,0,sched_state,running
179805.465591,0,tick,""
179805.465594,0,reduction,""
179805.465596,0,sched_state,running
179805.465878,0,tick,""
179805.465881,0,reduction,""
179805.465882,0,sched_state,running
179805.466164,0,tick,""
179805.466173,0,reduction,""
179805.466174,0,sched_state,running
179805.466454,0,tick,""
179805.466457,0,reduction,""
179805.466459,0,sched_state,running
179805.466742,0,tick,""
179805.466749,0,reduction,""
179805.466751,0,sched_state,running
179805.467035,0,tick,""
179805.467039,0,reduction,""
179805.467040,0,sched_state,running
179805.467324,0,tick,""
179805.467325,0,queue_length,0
179805.467326,1,queue_length,1
179805.467332,0,reduction,""
179805.467333,0,sched_state,running
179805.467621,0,tick,""
179805.467630,0,reduction,""
179805.467632,0,sched_state,running
179805.467921,0,tick,""
179805.467925,0,reduction,""
179805.467926,0,sched_state,running
179805.468236,0,tick,""
179805.468241,0,reduction,""
179805.468243,0,sched_state,running
179805.468531,0,tick,""
179805.468536,0,reduction,""
179805.468537,0,sched_state,running
179805.468823,0,tick,""
179805.468828,0,reduction,""
179805.468829,0,sched_state,running
179805.469118,0,tick,""
179805.469127,0,reduction,""
179805.469128,0,sched_state,running
179805.469418,0,tick,""
179805.469423,0,reduction,""
179805.469424,0,sched_state,running
179805.469712,0,tick,""
179805.469717,0,reduction,""
179805.469718,0,sched_state,running
179805.470008,0,tick,""
179805.470013,0,reduction,""
179805.470014,0,sched_state,running
179805.470300,0,tick,""
179805.470304,0,reduction,""
179805.470306,0,sched_state,running
179805.470597,0,tick,""
179805.470602,0,reduction,""
179805.470603,0,sched_state,running
179805.470895,0,tick,""
179805.470899,0,reduction,""
179805.470901,0,sched_state,running
179805.471190,0,tick,""
179805.471199,0,reduction,""
179805.471201,0,sched_state,running
179805.471489,0,tick,""
179805.471493,0,reduction,""
179805.471494,0,sched_state,running
179805.471784,0,tick,""
179805.471788,0,reduction,""
179805.471789,0,sched_state,running
179805.472078,0,tick,""
179805.472090,0,reduction,""
179805.472092,0,sched_state,running
179805.472400,0,tick,""
179805.472412,0,reduction,""
179805.472414,0,sched_state,running
179805.472705,0,tick,""
179805.472710,0,reduction,""
179805.472711,0,sched_state,running
179805.473003,0,tick,""
179805.473008,0,reduction,""
179805.473010,0,sched_state,running
179805.473297,0,tick,""
179805.473299,0,queue_length,0
179805.473300,1,queue_length,1
179805.473384,0,reduction,""
179805.473386,0,sched_state,running
179805.473677,0,tick,""
179805.473689,0,reduction,""
179805.473690,0,sched_state,running
179805.473979,0,tick,""
179805.473982,0,reduction,""
179805.473983,0,sched_state,running
179805.474269,0,tick,""
179805.474273,0,reduction,""
179805.474274,0,sched_state,running
179805.474562,0,tick,""
179805.474565,0,reduction,""
179805.474567,0,sched_state,running
179805.474855,0,tick,""
179805.474859,0,reduction,""
179805.474860,0,sched_state,running
179805.475147,0,tick,""
179805.475151,0,reduction,""
179805.475153,0,sched_state,running
179805.475439,0,tick,""
179805.475448,0,reduction,""
179805.475450,0,sched_state,running
179805.475739,0,tick,""
179805.475743,0,reduction,""
179805.475745,0,sched_state,running
179805.476030,0,tick,""
179805.476040,0,reduction,""
179805.476041,0,sched_state,running
179805.476352,0,tick,""
179805.476360,0,reduction,""
179805.476362,0,sched_state,running
179805.476650,0,tick,""
179805.476655,0,reduction,""
179805.476656,0,sched_state,running
179805.476943,0,tick,""
179805.476948,0,reduction,""
179805.476950,0,sched_state,running
179805.477237,0,tick,""
179805.477247,0,reduction,""
179805.477248,0,sched_state,running
179805.477539,0,tick,""
179805.477543,0,reduction,""
179805.477545,0,sched_state,running
179805.477834,0,tick,""
179805.477839,0,reduction,""
179805.477840,0,sched_state,running
179805.478130,0,tick,""
179805.478134,0,reduction,""
179805.478136,0,sched_state,running
179805.478427,0,tick,""
179805.478432,0,reduction,""
179805.478433,0,sched_state,running
179805.478725,0,tick,""
179805.478733,0,reduction,""
179805.478734,0,sched_state,running
179805.479025,0,tick,""
179805.479030,0,reduction,""
179805.479032,0,sched_state,running
179805.479324,0,tick,""
179805.479326,0,queue_length,0
179805.479327,1,queue_length,1
179805.479332,0,reduction,""
179805.479333,0,sched_state,running
179805.479624,0,tick,""
179805.479633,0,reduction,""
179805.479635,0,sched_state,running
179805.479925,0,tick,""
179805.479930,0,reduction,""
179805.479931,0,sched_state,running
179805.480242,0,tick,""
179805.480247,0,reduction,""
179805.480249,0,sched_state,running
179805.480540,0,tick,""
179805.480545,0,reduction,""
179805.480546,0,sched_state,running
179805.480838,0,tick,""
179805.480842,0,reduction,""
179805.480844,0,sched_state,running
179805.481135,0,tick,""
179805.481142,0,reduction,""
179805.481143,0,sched_state,running
179805.481436,0,tick,""
179805.481440,0,reduction,""
179805.481441,0,sched_state,running
179805.481733,0,tick,""
179805.481742,0,reduction,""
179805.481743,0,sched_state,running
179805.482035,0,tick,""
179805.482039,0,reduction,""
179805.482040,0,sched_state,running
179805.482330,0,tick,""
179805.482341,0,reduction,""
179805.482342,0,sched_state,running
179805.482637,0,tick,""
179805.482646,0,reduction,""
179805.482647,0,sched_state,running
179805.482942,0,tick,""
179805.482947,0,reduction,""
179805.482948,0,sched_state,running
179805.483242,0,tick,""
179805.483252,0,reduction,""
179805.483253,0,sched_state,running
179805.483548,0,tick,""
179805.483553,0,reduction,""
179805.483554,0,sched_state,running
179805.483849,0,tick,""
179805.483853,0,reduction,""
179805.483855,0,sched_state,running
179805.484175,0,tick,""
179805.484183,0,reduction,""
179805.484184,0,sched_state,running
179805.484481,0,tick,""
179805.484485,0,reduction,""
179805.484487,0,sched_state,running
179805.484778,0,tick,""
179805.484786,0,reduction,""
179805.484788,0,sched_state,running
179805.485080,0,tick,""
179805.485084,0,reduction,""
179805.485085,0,sched_state,running
179805.485377,0,tick,""
179805.485379,0,queue_length,0
179805.485380,1,queue_length,1
179805.485386,0,reduction,""
179805.485387,0,sched_state,running
179805.485679,0,tick,""
179805.485684,0,reduction,""
179805.485685,0,sched_state,running
179805.485975,0,tick,""
179805.485980,0,reduction,""
179805.485981,0,sched_state,running
179805.486272,0,tick,""
179805.486277,0,reduction,""
179805.486279,0,sched_state,running
179805.486571,0,tick,""
179805.486576,0,reduction,""
179805.486577,0,sched_state,running
179805.486867,0,tick,""
179805.486876,0,reduction,""
179805.486878,0,sched_state,running
179805.487169,0,tick,""
179805.487173,0,reduction,""
179805.487174,0,sched_state,running
179805.487466,0,tick,""
179805.487470,0,reduction,""
179805.487472,0,sched_state,running
179805.487760,0,tick,""
179805.487765,0,reduction,""
179805.487766,0,sched_state,running
179805.488055,0,tick,""
179805.488066,0,reduction,""
179805.488067,0,sched_state,running
179805.488379,0,tick,""
179805.488384,0,reduction,""
179805.488385,0,sched_state,running
179805.488674,0,tick,""
179805.488679,0,reduction,""
179805.488681,0,sched_state,running
179805.488973,0,tick,""
179805.488978,0,reduction,""
179805.488979,0,sched_state,running
179805.489272,0,tick,""
179805.489281,0,reduction,""
179805.489283,0,sched_state,running
179805.489575,0,tick,""
179805.489580,0,reduction,""
179805.489581,0,sched_state,running
179805.489874,0,tick,""
179805.489879,0,reduction,""
179805.489880,0,sched_state,running
179805.490173,0,tick,""
179805.490178,0,reduction,""
179805.490179,0,sched_state,running
179805.490472,0,tick,""
179805.490477,0,reduction,""
179805.490478,0,sched_state,running
179805.490773,0,tick,""
179805.490779,0,reduction,""
179805.490781,0,sched_state,running
179805.491074,0,tick,""
179805.491079,0,reduction,""
179805.491080,0,sched_state,running
179805.491375,0,tick,""
179805.491376,0,queue_length,0
179805.491377,1,queue_length,1
179805.491382,0,reduction,""
179805.491383,0,sched_state,running
179805.491683,0,tick,""
179805.492013,0,reduction,""
179805.492015,0,sched_state,running
179805.492347,0,tick,""
179805.492359,0,reduction,""
179805.492360,0,sched_state,running
179805.492656,0,tick,""
179805.492661,0,reduction,""
179805.492662,0,sched_state,running
179805.492958,0,tick,""
179805.492966,0,reduction,""
179805.492968,0,sched_state,running
179805.493263,0,tick,""
179805.493267,0,reduction,""
179805.493268,0,sched_state,running
179805.493561,0,tick,""
179805.493572,0,reduction,""
179805.493573,0,sched_state,running
179805.493866,0,tick,""
179805.493870,0,reduction,""
179805.493872,0,sched_state,running
179805.494165,0,tick,""
179805.494170,0,reduction,""
179805.494171,0,sched_state,running
179805.494464,0,tick,""
179805.494468,0,reduction,""
179805.494469,0,sched_state,running
179805.494761,0,tick,""
179805.494765,0,reduction,""
179805.494767,0,sched_state,running
179805.495059,0,tick,""
179805.495066,0,reduction,""
179805.495067,0,sched_state,running
179805.495361,0,tick,""
179805.495365,0,reduction,""
179805.495366,0,sched_state,running
179805.495662,0,tick,""
179805.495671,0,reduction,""
179805.495673,0,sched_state,running
179805.495969,0,tick,""
179805.495973,0,reduction,""
179805.495974,0,sched_state,running
179805.496298,0,tick,""
179805.496303,0,reduction,""
179805.496304,0,sched_state,running
179805.496597,0,tick,""
179805.496683,0,reduction,""
179805.496685,0,sched_state,running
179805.496985,0,tick,""
179805.496996,0,reduction,""
179805.496998,0,sched_state,running
179805.497293,0,tick,""
179805.497296,0,reduction,""
179805.497298,0,sched_state,running
179805.497590,0,tick,""
179805.497594,0,reduction,""
179805.497595,0,sched_state,running
179805.497888,0,tick,""
179805.497890,0,queue_length,0
179805.497891,1,queue_length,1
179805.497901,0,reduction,""
179805.497902,0,sched_state,running
179805.498197,0,tick,""
179805.498202,0,reduction,""
179805.498204,0,sched_state,running
179805.498496,0,tick,""
179805.498507,0,reduction,""
179805.498509,0,sched_state,running
179805.498801,0,tick,""
179805.498810,0,reduction,""
179805.498811,0,sched_state,running
179805.499106,0,tick,""
179805.499111,0,reduction,""
179805.499112,0,sched_state,running
179805.499406,0,tick,""
179805.499416,0,reduction,""
179805.499417,0,sched_state,running
179805.499713,0,tick,""
179805.499718,0,reduction,""
179805.499720,0,sched_state,running
179805.500015,0,tick,""
179805.500020,0,reduction,""
179805.500021,0,sched_state,running
179805.500338,0,tick,""
179805.500346,0,reduction,""
179805.500347,0,sched_state,running
179805.500645,0,tick,""
179805.500649,0,reduction,""
179805.500651,0,sched_state,running
179805.500945,0,tick,""
179805.500953,0,reduction,""
179805.500955,0,sched_state,running
179805.501250,0,tick,""
179805.501254,0,reduction,""
179805.501255,0,sched_state,running
179805.501551,0,tick,""
179805.501555,0,reduction,""
179805.501557,0,sched_state,running
179805.501852,0,tick,""
179805.501864,0,reduction,""
179805.501866,0,sched_state,running
179805.502160,0,tick,""
179805.502170,0,reduction,""
179805.502171,0,sched_state,running
179805.502465,0,tick,""
179805.502470,0,reduction,""
179805.502471,0,sched_state,running
179805.502763,0,tick,""
179805.502770,0,reduction,""
179805.502772,0,sched_state,running
179805.503069,0,tick,""
179805.503073,0,reduction,""
179805.503075,0,sched_state,running
179805.503374,0,tick,""
179805.503385,0,reduction,""
179805.503386,0,sched_state,running
179805.503683,0,tick,""
179805.503687,0,reduction,""
179805.503689,0,sched_state,running
179805.503985,0,tick,""
179805.503987,0,queue_length,0
179805.503988,1,queue_length,1
179805.503995,0,reduction,""
179805.503996,0,sched_state,running
179805.504313,0,tick,""
179805.504318,0,reduction,""
179805.504319,0,sched_state,running
179805.504618,0,tick,""
179805.504627,0,reduction,""
179805.504628,0,sched_state,running
179805.504928,0,tick,""
179805.504932,0,reduction,""
179805.504933,0,sched_state,running
179805.505232,0,tick,""
179805.505236,0,reduction,""
179805.505238,0,sched_state,running
179805.505535,0,tick,""
179805.505543,0,reduction,""
179805.505544,0,sched_state,running
179805.505844,0,tick,""
179805.505848,0,reduction,""
179805.505849,0,sched_state,running
179805.506151,0,tick,""
179805.506154,0,reduction,""
179805.506155,0,sched_state,running
179805.506452,0,tick,""
179805.506456,0,reduction,""
179805.506457,0,sched_state,running
179805.506756,0,tick,""
179805.509913,2,channel_blocked,279
179805.509918,0,yield,""
179805.509920,0,sched_state,running
179805.510491,0,tick,""
179805.510504,0,reduction,""
179805.510505,0,sched_state,running
179805.510813,0,tick,""
179805.510817,0,reduction,""
179805.510819,0,sched_state,running
179805.511116,0,tick,""
179805.511120,0,reduction,""
179805.511122,0,sched_state,running
179805.511416,0,tick,""
179805.511424,0,reduction,""
179805.511425,0,sched_state,running
179805.511721,0,tick,""
179805.511725,0,reduction,""
179805.511726,0,sched_state,running
179805.512022,0,tick,""
179805.512035,0,reduction,""
179805.512036,0,sched_state,running
179805.512356,0,tick,""
179805.512360,0,reduction,""
179805.512362,0,sched_state,running
179805.512674,0,tick,""
179805.512678,0,reduction,""
179805.512680,0,sched_state,running
179805.512994,0,tick,""
179805.513118,0,reduction,""
179805.513121,0,sched_state,running
179805.513438,0,tick,""
179805.513451,0,reduction,""
179805.513453,0,sched_state,running
179805.513763,0,tick,""
179805.513767,0,reduction,""
179805.513769,0,sched_state,running
179805.514062,0,tick,""
179805.514066,0,reduction,""
179805.514067,0,sched_state,running
179805.514361,0,tick,""
179805.514367,0,reduction,""
179805.514369,0,sched_state,running
179805.514662,0,tick,""
179805.514666,0,reduction,""
179805.514667,0,sched_state,running
179805.514960,0,tick,""
179805.514972,0,reduction,""
179805.514973,0,sched_state,running
179805.515265,0,tick,""
179805.515269,0,reduction,""
179805.515270,0,sched_state,running
179805.515562,0,tick,""
179805.515566,0,reduction,""
179805.515568,0,sched_state,running
179805.515860,0,tick,""
179805.515868,0,reduction,""
179805.515870,0,sched_state,running
179805.516186,0,tick,""
179805.516190,0,reduction,""
179805.516192,0,sched_state,running
179805.516487,0,tick,""
179805.516490,0,reduction,""
179805.516491,0,sched_state,running
179805.516787,0,tick,""
179805.516789,0,queue_length,0
179805.516790,1,queue_length,0
179805.516794,0,reduction,""
179805.516796,0,sched_state,running
179805.517090,0,tick,""
179805.530581,2,channel_unblocked,236
179805.530600,0,yield,""
179805.530605,0,sched_state,running
179805.533827,0,tick,""
179805.533842,0,reduction,""
179805.533845,0,sched_state,running
179805.536525,0,tick,""
179805.536542,0,reduction,""
179805.536544,0,sched_state,running
179805.537948,0,tick,""
179805.537961,0,reduction,""
179805.537963,0,sched_state,running
179805.539350,0,tick,""
179805.539394,0,reduction,""
179805.539398,0,sched_state,running
179805.540823,0,tick,""
179805.540836,0,reduction,""
179805.540838,0,sched_state,running
179805.542260,0,tick,""
179805.542293,0,reduction,""
179805.542295,0,sched_state,running
179805.543646,0,tick,""
179805.543677,0,reduction,""
179805.543679,0,sched_state,running
179805.545110,0,tick,""
179805.545123,0,reduction,""
179805.545125,0,sched_state,running
179805.546517,0,tick,""
179805.546657,0,reduction,""
179805.546659,0,sched_state,running
179805.548021,0,tick,""
179805.548056,0,reduction,""
179805.548058,0,sched_state,running
179805.549430,0,tick,""
179805.549440,0,reduction,""
179805.549442,0,sched_state,running
179805.550801,0,tick,""
179805.550814,0,reduction,""
179805.550816,0,sched_state,running
179805.552206,0,tick,""
179805.552216,0,reduction,""
179805.552217,0,sched_state,running
179805.553664,0,tick,""
179805.553678,0,reduction,""
179805.553680,0,sched_state,running
179805.555056,0,tick,""
179805.555068,0,reduction,""
179805.555070,0,sched_state,running
179805.556482,0,tick,""
179805.556514,0,reduction,""
179805.556516,0,sched_state,running
179805.557895,0,tick,""
179805.557910,0,reduction,""
179805.557912,0,sched_state,running
179805.559296,0,tick,""
179805.559330,0,reduction,""
179805.559332,0,sched_state,running
179805.560748,0,tick,""
179805.560773,0,reduction,""
179805.560774,0,sched_state,running
179805.562226,0,tick,""
179805.562239,0,reduction,""
179805.562241,0,sched_state,running
179805.563629,0,tick,""
179805.563637,0,queue_length,1
179805.563637,1,queue_length,0
179805.563644,0,reduction,""
179805.563646,0,sched_state,running
179805.565080,0,tick,""
179805.565092,0,reduction,""
179805.565093,0,sched_state,running
179805.566510,0,tick,""
179805.566521,0,reduction,""
179805.566523,0,sched_state,running
179805.567936,0,tick,""
179805.567969,0,reduction,""
179805.567971,0,sched_state,running
179805.569487,0,tick,""
179805.569499,0,reduction,""
179805.569501,0,sched_state,running
179805.570927,0,tick,""
179805.570958,0,reduction,""
179805.570960,0,sched_state,running
179805.572369,0,tick,""
179805.572388,0,reduction,""
179805.572398,0,sched_state,running
179805.573789,0,tick,""
179805.573801,0,reduction,""
179805.573802,0,sched_state,running
179805.575179,0,tick,""
179805.575306,0,reduction,""
179805.575309,0,sched_state,running
179805.576725,0,tick,""
179805.576759,0,reduction,""
179805.576761,0,sched_state,running
179805.578138,0,tick,""
179805.578148,0,reduction,""
179805.578150,0,sched_state,running
179805.579540,0,tick,""
179805.579552,0,reduction,""
179805.579553,0,sched_state,running
179805.580999,0,tick,""
179805.581009,0,reduction,""
179805.581010,0,sched_state,running
179805.582452,0,tick,""
179805.582466,0,reduction,""
179805.582468,0,sched_state,running
179805.583857,0,tick,""
179805.583869,0,reduction,""
179805.583870,0,sched_state,running
179805.585294,0,tick,""
179805.585327,0,reduction,""
179805.585329,0,sched_state,running
179805.586723,0,tick,""
179805.586737,0,reduction,""
179805.586738,0,sched_state,running
179805.588152,0,tick,""
179805.588185,0,reduction,""
179805.588188,0,sched_state,running
179805.589664,0,tick,""
179805.589686,0,reduction,""
179805.589688,0,sched_state,running
179805.591091,0,tick,""
179805.591103,0,reduction,""
179805.591104,0,sched_state,running
179805.592506,0,tick,""
179805.592513,0,queue_length,1
179805.592514,1,queue_length,0
179805.592523,0,reduction,""
179805.592525,0,sched_state,running
179805.593900,0,tick,""
179805.593938,0,reduction,""
179805.593940,0,sched_state,running
179805.595301,0,tick,""
179805.595313,0,reduction,""
179805.595314,0,sched_state,running
179805.596692,0,tick,""
179805.596724,0,reduction,""
179805.596726,0,sched_state,running
179805.598168,0,tick,""
179805.598199,0,reduction,""
179805.598201,0,sched_state,running
179805.599567,0,tick,""
179805.599580,0,reduction,""
179805.599582,0,sched_state,running
179805.600974,0,tick,""
179805.601003,0,reduction,""
179805.601006,0,sched_state,running
179805.602436,0,tick,""
179805.602449,0,reduction,""
179805.602451,0,sched_state,running
179805.603815,0,tick,""
179805.603829,0,reduction,""
179805.603831,0,sched_state,running
179805.605279,0,tick,""
179805.605292,0,reduction,""
179805.605294,0,sched_state,running
179805.606706,0,tick,""
179805.606720,0,reduction,""
179805.606722,0,sched_state,running
179805.608094,0,tick,""
179805.608141,0,reduction,""
179805.608145,0,sched_state,running
179805.609605,0,tick,""
179805.609618,0,reduction,""
179805.609619,0,sched_state,running
179805.611016,0,tick,""
179805.611047,0,reduction,""
179805.611048,0,sched_state,running
179805.612445,0,tick,""
179805.612456,0,reduction,""
179805.612458,0,sched_state,running
179805.613872,0,tick,""
179805.613887,0,reduction,""
179805.613888,0,sched_state,running
179805.615275,0,tick,""
179805.615287,0,reduction,""
179805.615289,0,sched_state,running
179805.616699,0,tick,""
179805.616739,0,reduction,""
179805.616742,0,sched_state,running
179805.618172,0,tick,""
179805.618185,0,reduction,""
179805.618187,0,sched_state,running
179805.619696,0,tick,""
179805.619730,0,reduction,""
179805.619732,0,sched_state,running
179805.621239,0,tick,""
179805.621248,0,queue_length,1
179805.621249,1,queue_length,0
179805.621258,0,reduction,""
179805.621260,0,sched_state,running
179805.622771,0,tick,""
179805.622801,0,reduction,""
179805.622803,0,sched_state,running
179805.624289,0,tick,""
179805.624301,0,reduction,""
179805.624303,0,sched_state,running
179805.625709,0,tick,""
179805.625740,0,reduction,""
179805.625741,0,sched_state,running
179805.627137,0,tick,""
179805.627158,0,reduction,""
179805.627167,0,sched_state,running
179805.628588,0,tick,""
179805.628600,0,reduction,""
179805.628602,0,sched_state,running
179805.630083,0,tick,""
179805.630117,0,reduction,""
179805.630119,0,sched_state,running
179805.631504,0,tick,""
179805.631518,0,reduction,""
179805.631520,0,sched_state,running
179805.632938,0,tick,""
179805.632952,0,reduction,""
179805.632953,0,sched_state,running
179805.634355,0,tick,""
179805.634368,0,reduction,""
179805.634370,0,sched_state,running
179805.635760,0,tick,""
179805.635773,0,reduction,""
179805.635775,0,sched_state,running
179805.637233,0,tick,""
179805.637254,0,reduction,""
179805.637256,0,sched_state,running
179805.638685,0,tick,""
179805.638697,0,reduction,""
179805.638699,0,sched_state,running
179805.640081,0,tick,""
179805.640136,0,reduction,""
179805.640140,0,sched_state,running
179805.641587,0,tick,""
179805.641599,0,reduction,""
179805.641601,0,sched_state,running
179805.643022,0,tick,""
179805.643035,0,reduction,""
179805.643036,0,sched_state,running
179805.644454,0,tick,""
179805.644465,0,reduction,""
179805.644467,0,sched_state,running
179805.645856,0,tick,""
179805.645893,0,reduction,""
179805.645895,0,sched_state,running
179805.647293,0,tick,""
179805.647305,0,reduction,""
179805.647307,0,sched_state,running
179805.648707,0,tick,""
179805.648727,0,reduction,""
179805.648737,0,sched_state,running
179805.650215,0,tick,""
179805.650222,0,queue_length,0
179805.650223,1,queue_length,1
179805.650232,0,reduction,""
179805.650234,0,sched_state,running
179805.651606,0,tick,""
179805.651645,0,reduction,""
179805.651646,0,sched_state,running
179805.653027,0,tick,""
179805.653039,0,reduction,""
179805.653041,0,sched_state,running
179805.654411,0,tick,""
179805.654426,0,reduction,""
179805.654428,0,sched_state,running
179805.655792,0,tick,""
179805.655803,0,reduction,""
179805.655805,0,sched_state,running
179805.657209,0,tick,""
179805.657224,0,reduction,""
179805.657226,0,sched_state,running
179805.658586,0,tick,""
179805.658609,0,reduction,""
179805.658610,0,sched_state,running
179805.659986,0,tick,""
179805.659998,0,reduction,""
179805.660000,0,sched_state,running
179805.661397,0,tick,""
179805.661428,0,reduction,""
179805.661431,0,sched_state,running
179805.662791,0,tick,""
179805.662804,0,reduction,""
179805.662805,0,sched_state,running
179805.664205,0,tick,""
179805.664236,0,reduction,""
179805.664238,0,sched_state,running
179805.665610,0,tick,""
179805.665643,0,reduction,""
179805.665645,0,sched_state,running
179805.667029,0,tick,""
179805.667042,0,reduction,""
179805.667044,0,sched_state,running
179805.668422,0,tick,""
179805.668461,0,reduction,""
179805.668463,0,sched_state,running
179805.669852,0,tick,""
179805.669865,0,reduction,""
179805.669866,0,sched_state,running
179805.671252,0,tick,""
179805.671265,0,reduction,""
179805.671267,0,sched_state,running
179805.672653,0,tick,""
179805.672685,0,reduction,""
179805.672688,0,sched_state,running
179805.674063,0,tick,""
179805.674076,0,reduction,""
179805.674077,0,sched_state,running
179805.675483,0,tick,""
179805.675503,0,reduction,""
179805.675507,0,sched_state,running
179805.676907,0,tick,""
179805.676918,0,reduction,""
179805.676921,0,sched_state,running
179805.678313,0,tick,""
179805.678320,0,queue_length,0
179805.678321,1,queue_length,1
179805.678330,0,reduction,""
179805.678333,0,sched_state,running
179805.679759,0,tick,""
179805.679787,0,reduction,""
179805.679789,0,sched_state,running
179805.681238,0,tick,""
179805.681251,0,reduction,""
179805.681255,0,sched_state,running
179805.682665,0,tick,""
179805.682680,0,reduction,""
179805.682683,0,sched_state,running
179805.684088,0,tick,""
179805.684100,0,reduction,""
179805.684103,0,sched_state,running
179805.685516,0,tick,""
179805.685531,0,reduction,""
179805.685534,0,sched_state,running
179805.686941,0,tick,""
179805.686963,0,reduction,""
179805.686965,0,sched_state,running
179805.688380,0,tick,""
179805.688392,0,reduction,""
179805.688395,0,sched_state,running
179805.689803,0,tick,""
179805.689825,0,reduction,""
179805.689827,0,sched_state,running
179805.691227,0,tick,""
179805.691240,0,reduction,""
179805.691243,0,sched_state,running
179805.692626,0,tick,""
179805.692657,0,reduction,""
179805.692659,0,sched_state,running
179805.694050,0,tick,""
179805.694081,0,reduction,""
179805.694083,0,sched_state,running
179805.695486,0,tick,""
179805.695499,0,reduction,""
179805.695500,0,sched_state,running
179805.696915,0,tick,""
179805.696951,0,reduction,""
179805.696953,0,sched_state,running
179805.698347,0,tick,""
179805.698360,0,reduction,""
179805.698361,0,sched_state,running
179805.699750,0,tick,""
179805.699762,0,reduction,""
179805.699763,0,sched_state,running
179805.701266,0,tick,""
179805.701289,0,reduction,""
179805.701290,0,sched_state,running
179805.702740,0,tick,""
179805.702752,0,reduction,""
179805.702753,0,sched_state,running
179805.704185,0,tick,""
179805.704212,0,reduction,""
179805.704214,0,sched_state,running
179805.705594,0,tick,""
179805.705605,0,reduction,""
179805.705607,0,sched_state,running
179805.706993,0,tick,""
179805.707000,0,queue_length,0
179805.707001,1,queue_length,1
179805.707009,0,reduction,""
179805.707010,0,sched_state,running
179805.708398,0,tick,""
179805.708428,0,reduction,""
179805.708430,0,sched_state,running
179805.709817,0,tick,""
179805.709844,0,reduction,""
179805.709846,0,sched_state,running
179805.711228,0,tick,""
179805.711242,0,reduction,""
179805.711245,0,sched_state,running
179805.712624,0,tick,""
179805.712648,0,reduction,""
179805.712650,0,sched_state,running
179805.714047,0,tick,""
179805.714060,0,reduction,""
179805.714063,0,sched_state,running
179805.715447,0,tick,""
179805.715477,0,reduction,""
179805.715479,0,sched_state,running
179805.716868,0,tick,""
179805.716882,0,reduction,""
179805.716885,0,sched_state,running
179805.718266,0,tick,""
179805.718280,0,reduction,""
179805.718284,0,sched_state,running
179805.719667,0,tick,""
179805.719679,0,reduction,""
179805.719682,0,sched_state,running
179805.721053,0,tick,""
179805.721067,0,reduction,""
179805.721069,0,sched_state,running
179805.722445,0,tick,""
179805.722478,0,reduction,""
179805.722480,0,sched_state,running
179805.723866,0,tick,""
179805.723879,0,reduction,""
179805.723881,0,sched_state,running
179805.725311,0,tick,""
179805.725342,0,reduction,""
179805.725344,0,sched_state,running
179805.726733,0,tick,""
179805.726744,0,reduction,""
179805.726746,0,sched_state,running
179805.728152,0,tick,""
179805.728164,0,reduction,""
179805.728166,0,sched_state,running
179805.729552,0,tick,""
179805.729689,0,reduction,""
179805.729692,0,sched_state,running
179805.731080,0,tick,""
179805.731114,0,reduction,""
179805.731116,0,sched_state,running
179805.732514,0,tick,""
179805.732525,0,reduction,""
179805.732528,0,sched_state,running
179805.733926,0,tick,""
179805.733937,0,reduction,""
179805.733941,0,sched_state,running
179805.735325,0,tick,""
179805.735332,0,queue_length,0
179805.735334,1,queue_length,1
179805.735342,0,reduction,""
179805.735344,0,sched_state,running
179805.736756,0,tick,""
179805.736783,0,reduction,""
179805.736786,0,sched_state,running
179805.738197,0,tick,""
179805.738222,0,reduction,""
179805.738223,0,sched_state,running
179805.739621,0,tick,""
179805.739634,0,reduction,""
179805.739637,0,sched_state,running
179805.741073,0,tick,""
179805.741099,0,reduction,""
179805.741101,0,sched_state,running
179805.742514,0,tick,""
179805.742527,0,reduction,""
179805.742530,0,sched_state,running
179805.743938,0,tick,""
179805.743967,0,reduction,""
179805.743969,0,sched_state,running
179805.745380,0,tick,""
179805.745393,0,reduction,""
179805.745397,0,sched_state,running
179805.746793,0,tick,""
179805.746807,0,reduction,""
179805.746810,0,sched_state,running
179805.748229,0,tick,""
179805.748240,0,reduction,""
179805.748243,0,sched_state,running
179805.749632,0,tick,""
179805.749647,0,reduction,""
179805.749648,0,sched_state,running
179805.751044,0,tick,""
179805.751074,0,reduction,""
179805.751076,0,sched_state,running
179805.752472,0,tick,""
179805.752484,0,reduction,""
179805.752485,0,sched_state,running
179805.753865,0,tick,""
179805.753896,0,reduction,""
179805.753898,0,sched_state,running
179805.755287,0,tick,""
179805.755297,0,reduction,""
179805.755300,0,sched_state,running
179805.756698,0,tick,""
179805.756710,0,reduction,""
179805.756713,0,sched_state,running
179805.758100,0,tick,""
179805.758221,0,reduction,""
179805.758224,0,sched_state,running
179805.759639,0,tick,""
179805.759665,0,reduction,""
179805.759667,0,sched_state,running
179805.761157,0,tick,""
179805.761169,0,reduction,""
179805.761173,0,sched_state,running
179805.762580,0,tick,""
179805.762593,0,reduction,""
179805.762596,0,sched_state,running
179805.763983,0,tick,""
179805.763990,0,queue_length,0
179805.763991,1,queue_length,1
179805.764010,0,reduction,""
179805.764011,0,sched_state,running
179805.765378,0,tick,""
179805.765390,0,reduction,""
179805.765393,0,sched_state,running
179805.766753,0,tick,""
179805.766783,0,reduction,""
179805.766785,0,sched_state,running
179805.768161,0,tick,""
179805.768172,0,reduction,""
179805.768175,0,sched_state,running
179805.769543,0,tick,""
179805.769557,0,reduction,""
179805.769560,0,sched_state,running
179805.770922,0,tick,""
179805.770947,0,reduction,""
179805.770948,0,sched_state,running
179805.772334,0,tick,""
179805.772346,0,reduction,""
179805.772349,0,sched_state,running
179805.773724,0,tick,""
179805.773735,0,reduction,""
179805.773738,0,sched_state,running
179805.775094,0,tick,""
179805.775104,0,reduction,""
179805.775108,0,sched_state,running
179805.776472,0,tick,""
179805.780493,2,channel_blocked,236
179805.780500,0,yield,""
179805.780504,0,sched_state,running
179805.781880,0,tick,""
179805.781906,0,reduction,""
179805.781909,0,sched_state,running
179805.783419,0,tick,""
179805.783427,0,reduction,""
179805.783430,0,sched_state,running
179805.784127,0,tick,""
179805.784155,0,reduction,""
179805.784157,0,sched_state,running
179805.784832,0,tick,""
179805.784838,0,reduction,""
179805.784839,0,sched_state,running
179805.785505,0,tick,""
179805.785511,0,reduction,""
179805.785512,0,sched_state,running
179805.786180,0,tick,""
179805.786191,0,reduction,""
179805.786193,0,sched_state,running
179805.786861,0,tick,""
179805.786867,0,reduction,""
179805.786869,0,sched_state,running
179805.787541,0,tick,""
179805.787546,0,reduction,""
179805.787547,0,sched_state,running
179805.788242,0,tick,""
179805.788248,0,reduction,""
179805.788249,0,sched_state,running
179805.788915,0,tick,""
179805.800972,2,channel_unblocked,279
179805.800991,0,yield,""
179805.800996,0,sched_state,running
179805.805061,0,tick,""
179805.805078,0,reduction,""
179805.805081,0,sched_state,running
179805.808453,0,tick,""
179805.808468,0,reduction,""
179805.808470,0,sched_state,running
179805.810235,0,tick,""
179805.810251,0,reduction,""
179805.810253,0,sched_state,running
179805.811995,0,tick,""
179805.812051,0,reduction,""
179805.812055,0,sched_state,running
179805.813903,0,tick,""
179805.813919,0,reduction,""
179805.813921,0,sched_state,running
179805.815651,0,tick,""
179805.815687,0,reduction,""
179805.815690,0,sched_state,running
179805.817505,0,tick,""
179805.817533,0,reduction,""
179805.817535,0,sched_state,running
179805.819243,0,tick,""
179805.819260,0,reduction,""
179805.819261,0,sched_state,running
179805.821017,0,tick,""
179805.821156,0,reduction,""
179805.821159,0,sched_state,running
179805.822882,0,tick,""
179805.822920,0,reduction,""
179805.822922,0,sched_state,running
179805.824636,0,tick,""
179805.824650,0,reduction,""
179805.824652,0,sched_state,running
179805.826396,0,tick,""
179805.826411,0,reduction,""
179805.826413,0,sched_state,running
179805.828123,0,tick,""
179805.828152,0,reduction,""
179805.828154,0,sched_state,running
179805.829862,0,tick,""
179805.829901,0,reduction,""
179805.829904,0,sched_state,running
179805.831609,0,tick,""
179805.831624,0,reduction,""
179805.831626,0,sched_state,running
179805.833419,0,tick,""
179805.833433,0,reduction,""
179805.833435,0,sched_state,running
179805.835130,0,tick,""
179805.835177,0,reduction,""
179805.835180,0,sched_state,running
179805.836936,0,tick,""
179805.836954,0,reduction,""
179805.836956,0,sched_state,running
179805.838690,0,tick,""
179805.846308,0,channel_unblocked,279
179805.846319,0,yield,""
179805.846326,0,sched_state,running
179805.848470,0,tick,""
179805.848485,0,reduction,""
179805.848487,0,sched_state,running
179805.850412,0,tick,""
179805.850432,0,reduction,""
179805.850434,0,sched_state,running
179805.852284,0,tick,""
179805.852299,0,reduction,""
179805.852301,0,sched_state,running
179805.854208,0,tick,""
179805.854255,0,reduction,""
179805.854257,0,sched_state,running
179805.856093,0,tick,""
179805.856140,0,reduction,""
179805.856143,0,sched_state,running
179805.858043,0,tick,""
179805.858081,0,reduction,""
179805.858083,0,sched_state,running
179805.859870,0,tick,""
179805.859910,0,reduction,""
179805.859912,0,sched_state,running
179805.861849,0,tick,""
179805.861868,0,reduction,""
179805.861871,0,sched_state,running
179805.863655,0,tick,""
179805.863801,0,reduction,""
179805.863804,0,sched_state,running
179805.865624,0,tick,""
179805.865664,0,reduction,""
179805.865667,0,sched_state,running
179805.867458,0,tick,""
179805.867473,0,reduction,""
179805.867475,0,sched_state,running
179805.869346,0,tick,""
179805.869364,0,reduction,""
179805.869365,0,sched_state,running
179805.871179,0,tick,""
179805.871193,0,reduction,""
179805.871195,0,sched_state,running
179805.873008,0,tick,""
179805.873044,0,reduction,""
179805.873046,0,sched_state,running
179805.874834,0,tick,""
179805.874848,0,reduction,""
179805.874850,0,sched_state,running
179805.876655,0,tick,""
179805.876669,0,reduction,""
179805.876671,0,sched_state,running
179805.878537,0,tick,""
179805.878587,0,reduction,""
179805.878590,0,sched_state,running
179805.880405,0,tick,""
179805.880423,0,reduction,""
179805.880425,0,sched_state,running
179805.882292,0,tick,""
179805.888648,0,channel_blocked,236
179805.888657,0,yield,""
179805.888661,0,sched_state,running
179805.890404,0,tick,""
179805.890418,0,reduction,""
179805.890420,0,sched_state,running
179805.892156,0,tick,""
179805.892173,0,reduction,""
179805.892182,0,sched_state,running
179805.893140,0,tick,""
179805.893162,0,reduction,""
179805.893164,0,sched_state,running
179805.894092,0,tick,""
179805.894098,0,reduction,""
179805.894099,0,sched_state,running
179805.894989,0,tick,""
179805.894995,0,reduction,""
179805.894996,0,sched_state,running
179805.895893,0,tick,""
179805.904432,1,channel_unblocked,279
179805.904445,0,yield,""
179805.904460,0,sched_state,running
179805.907312,0,tick,""
179805.907325,0,sched_state,running
179805.908700,0,tick,""
179805.908708,0,queue_length,2
179805.908709,1,queue_length,0
179805.908738,0,reduction,""
179805.908740,0,sched_state,running
179805.910085,0,tick,""
179805.910093,0,reduction,""
179805.910095,0,sched_state,running
179805.911430,0,tick,""
179805.911458,0,reduction,""
179805.911460,0,sched_state,running
179805.912812,0,tick,""
179805.912820,0,sched_state,running
179805.913294,0,tick,""
179805.913296,0,queue_length,1
179805.913298,1,queue_length,0
179805.913302,0,sched_state,stop
