timestamp,lpu,event,value
170596.052556,7,sched_state,startup
170596.052564,3,sched_state,startup
170596.052564,1,sched_state,startup
170596.052580,5,sched_state,startup
170596.052696,4,sched_state,startup
170596.053209,4,tick,""
170596.053218,0,sched_state,startup
170596.053218,6,sched_state,startup
170596.053291,7,tick,""
170596.053291,3,tick,""
170596.053303,1,tick,""
170596.053303,5,tick,""
170596.053627,2,sched_state,startup
170596.053631,6,tick,""
170596.053706,3,queue_length,0
170596.053711,6,queue_length,0
170596.053734,7,queue_length,0
170596.053734,3,sched_state,waiting
170596.053732,5,queue_length,0
170596.053743,1,queue_length,0
170596.053762,7,sched_state,waiting
170596.053771,6,sched_state,waiting
170596.053773,1,sched_state,waiting
170596.053773,5,sched_state,waiting
170596.053776,3,tick,""
170596.053800,7,tick,""
170596.053802,6,tick,""
170596.053802,4,queue_length,0
170596.053804,1,tick,""
170596.053804,5,tick,""
170596.053809,4,sched_state,waiting
170596.053809,0,tick,""
170596.053818,4,tick,""
170596.053909,2,tick,""
170596.053926,2,queue_length,0
170596.053930,2,sched_state,waiting
170596.053942,2,tick,""
170596.054071,0,queue_length,0
170596.054420,0,sched_state,running
170596.054840,0,tick,""
170596.054867,0,reduction,""
170596.054874,0,sched_state,running
170596.055146,0,tick,""
170596.055159,0,reduction,""
170596.055165,0,sched_state,running
170596.055547,0,tick,""
170596.055558,0,reduction,""
170596.055563,0,sched_state,running
170596.055808,0,tick,""
170596.055817,0,reduction,""
170596.055822,0,sched_state,running
170596.056055,0,tick,""
170596.056064,0,reduction,""
170596.056069,0,sched_state,running
170596.056424,0,tick,""
170596.056438,0,reduction,""
170596.056443,0,sched_state,running
170596.056681,0,tick,""
170596.056692,0,reduction,""
170596.056697,0,sched_state,running
170596.056924,0,tick,""
170596.056933,0,reduction,""
170596.056938,0,sched_state,running
170596.057170,0,tick,""
170596.057181,0,reduction,""
170596.057186,0,sched_state,running
170596.057415,0,tick,""
170596.057428,0,reduction,""
170596.057432,0,sched_state,running
170596.057657,0,tick,""
170596.057668,0,reduction,""
170596.057672,0,sched_state,running
170596.058087,0,tick,""
170596.058123,0,reduction,""
170596.058133,0,sched_state,running
170596.058326,0,tick,""
170596.058330,0,reduction,""
170596.058332,0,sched_state,running
170596.058609,0,tick,""
170596.058629,0,reduction,""
170596.058638,0,sched_state,running
170596.058870,1,sched_state,waiting
170596.058877,1,tick,""
170596.058898,3,sched_state,waiting
170596.058900,4,sched_state,waiting
170596.058904,3,tick,""
170596.058905,4,tick,""
170596.058912,0,tick,""
170596.058917,0,reduction,""
170596.058919,0,sched_state,running
170596.058926,2,sched_state,waiting
170596.058926,5,sched_state,waiting
170596.058932,5,tick,""
170596.058935,2,tick,""
170596.058947,1,sched_state,waiting
170596.058950,6,sched_state,waiting
170596.058950,3,sched_state,waiting
170596.058955,6,tick,""
170596.058956,3,tick,""
170596.058956,1,tick,""
170596.058970,7,sched_state,waiting
170596.058976,7,tick,""
170596.059003,3,sched_state,waiting
170596.059007,3,tick,""
170596.059008,5,sched_state,waiting
170596.059011,2,sched_state,waiting
170596.059014,5,tick,""
170596.059016,2,tick,""
170596.059035,1,sched_state,waiting
170596.059035,0,tick,""
170596.059040,1,tick,""
170596.059060,6,sched_state,waiting
170596.059065,6,tick,""
170596.059075,5,sched_state,waiting
170596.059079,4,sched_state,waiting
170596.059080,5,tick,""
170596.059083,4,tick,""
170596.059091,1,sched_state,waiting
170596.059094,3,sched_state,waiting
170596.059096,1,tick,""
170596.059099,3,tick,""
170596.059114,4,sched_state,waiting
170596.059117,4,tick,""
170596.059132,7,sched_state,waiting
170596.059140,7,tick,""
170596.059144,6,sched_state,waiting
170596.059149,6,tick,""
170596.059151,5,sched_state,waiting
170596.059153,1,sched_state,waiting
170596.059157,1,tick,""
170596.059158,5,tick,""
170596.059172,3,sched_state,waiting
170596.059176,3,tick,""
170596.059194,7,sched_state,waiting
170596.059203,7,tick,""
170596.059215,5,sched_state,waiting
170596.059215,1,sched_state,waiting
170596.059220,1,tick,""
170596.059220,5,tick,""
170596.059242,0,reduction,""
170596.059245,0,sched_state,running
170596.059271,1,sched_state,waiting
170596.059276,1,tick,""
170596.059291,4,sched_state,waiting
170596.059293,6,sched_state,waiting
170596.059295,4,tick,""
170596.059298,6,tick,""
170596.059302,7,sched_state,waiting
170596.059304,2,sched_state,waiting
170596.059307,7,tick,""
170596.059312,2,tick,""
170596.059331,1,sched_state,waiting
170596.059332,4,sched_state,waiting
170596.059335,4,tick,""
170596.059339,1,tick,""
170596.059349,6,sched_state,waiting
170596.059352,3,sched_state,waiting
170596.059353,6,tick,""
170596.059354,0,tick,""
170596.059357,3,tick,""
170596.059367,5,sched_state,waiting
170596.059371,0,reduction,""
170596.059372,5,tick,""
170596.059372,4,sched_state,waiting
170596.059373,0,sched_state,running
170596.059376,4,tick,""
170596.059383,1,sched_state,waiting
170596.059387,1,tick,""
170596.059442,4,sched_state,waiting
170596.059446,4,tick,""
170596.059447,3,sched_state,waiting
170596.059452,3,tick,""
170596.059464,1,sched_state,waiting
170596.059465,6,sched_state,waiting
170596.059466,7,sched_state,waiting
170596.059469,1,tick,""
170596.059470,6,tick,""
170596.059471,7,tick,""
170596.059480,4,sched_state,waiting
170596.059483,4,tick,""
170596.059497,3,sched_state,waiting
170596.059502,3,tick,""
170596.059516,4,sched_state,waiting
170596.059516,1,sched_state,waiting
170596.059520,4,tick,""
170596.059521,1,tick,""
170596.059537,3,sched_state,waiting
170596.059540,3,tick,""
170596.059541,6,sched_state,waiting
170596.059545,6,tick,""
170596.059550,4,sched_state,waiting
170596.059555,2,sched_state,waiting
170596.059553,4,tick,""
170596.059558,0,tick,""
170596.059562,2,tick,""
170596.059561,0,reduction,""
170596.059567,0,sched_state,running
170596.059579,1,sched_state,waiting
170596.059581,3,sched_state,waiting
170596.059584,1,tick,""
170596.059585,3,tick,""
170596.059609,7,sched_state,waiting
170596.059613,7,tick,""
170596.059626,4,sched_state,waiting
170596.059629,1,sched_state,waiting
170596.059630,4,tick,""
170596.059634,1,tick,""
170596.059638,3,sched_state,waiting
170596.059643,3,tick,""
170596.059657,7,sched_state,waiting
170596.059658,4,sched_state,waiting
170596.059661,4,tick,""
170596.059662,7,tick,""
170596.059661,2,sched_state,waiting
170596.059667,2,tick,""
170596.059676,6,sched_state,waiting
170596.059682,6,tick,""
170596.059688,1,sched_state,waiting
170596.059693,1,tick,""
170596.059715,2,sched_state,waiting
170596.059720,2,tick,""
170596.059720,7,sched_state,waiting
170596.059723,3,sched_state,waiting
170596.059726,7,tick,""
170596.059727,3,tick,""
170596.059729,1,sched_state,waiting
170596.059733,1,tick,""
170596.059736,0,tick,""
170596.059736,4,sched_state,waiting
170596.059739,4,tick,""
170596.059740,5,sched_state,waiting
170596.059744,5,tick,""
170596.059748,0,reduction,""
170596.059754,0,sched_state,running
170596.059774,3,sched_state,waiting
170596.059779,3,tick,""
170596.059779,2,sched_state,waiting
170596.059781,7,sched_state,waiting
170596.059784,2,tick,""
170596.059785,7,tick,""
170596.059808,4,sched_state,waiting
170596.059811,4,tick,""
170596.059814,3,sched_state,waiting
170596.059818,3,tick,""
170596.059839,6,sched_state,waiting
170596.059843,7,sched_state,waiting
170596.059845,6,tick,""
170596.059848,7,tick,""
170596.059849,4,sched_state,waiting
170596.059852,4,tick,""
170596.059856,0,tick,""
170596.059861,3,sched_state,waiting
170596.059864,3,tick,""
170596.059868,5,sched_state,waiting
170596.059873,5,tick,""
170596.059873,2,sched_state,waiting
170596.059877,2,tick,""
170596.059882,4,sched_state,waiting
170596.059885,4,tick,""
170596.059907,7,sched_state,waiting
170596.059911,7,tick,""
170596.059938,2,sched_state,waiting
170596.059943,2,tick,""
170596.059953,3,sched_state,waiting
170596.059958,3,tick,""
170596.059967,4,sched_state,waiting
170596.059969,6,sched_state,waiting
170596.059971,4,tick,""
170596.059973,6,tick,""
170596.059988,1,sched_state,waiting
170596.059993,1,tick,""
170596.060010,7,sched_state,waiting
170596.060015,7,tick,""
170596.060017,2,sched_state,waiting
170596.060022,2,tick,""
170596.060038,3,sched_state,waiting
170596.060038,1,sched_state,waiting
170596.060043,3,tick,""
170596.060044,1,tick,""
170596.060059,7,sched_state,waiting
170596.060063,7,tick,""
170596.060073,2,sched_state,waiting
170596.060077,2,tick,""
170596.060086,3,sched_state,waiting
170596.060091,3,tick,""
170596.060093,1,sched_state,waiting
170596.060098,1,tick,""
170596.060126,2,sched_state,waiting
170596.060127,7,sched_state,waiting
170596.060131,2,tick,""
170596.060132,7,tick,""
170596.060181,7,sched_state,waiting
170596.060181,2,sched_state,waiting
170596.060183,1,sched_state,waiting
170596.060185,2,tick,""
170596.060186,7,tick,""
170596.060188,1,tick,""
170596.060206,3,sched_state,waiting
170596.060211,3,tick,""
170596.060226,2,sched_state,waiting
170596.060230,2,tick,""
170596.060250,1,sched_state,waiting
170596.060254,3,sched_state,waiting
170596.060254,1,tick,""
170596.060258,3,tick,""
170596.060269,2,sched_state,waiting
170596.060274,2,tick,""
170596.060398,5,sched_state,waiting
170596.060399,4,sched_state,waiting
170596.060398,1,sched_state,waiting
170596.060403,7,sched_state,waiting
170596.060406,4,tick,""
170596.060407,5,tick,""
170596.060407,1,tick,""
170596.060412,7,tick,""
170596.060426,3,sched_state,waiting
170596.060433,3,tick,""
170596.060458,4,sched_state,waiting
170596.060462,4,tick,""
170596.060471,2,sched_state,waiting
170596.060477,2,tick,""
170596.060483,5,sched_state,waiting
170596.060489,5,tick,""
170596.060489,3,sched_state,waiting
170596.060492,1,sched_state,waiting
170596.060491,6,sched_state,waiting
170596.060495,3,tick,""
170596.060497,1,tick,""
170596.060497,6,tick,""
170596.060511,2,sched_state,waiting
170596.060515,2,tick,""
170596.060517,4,sched_state,waiting
170596.060520,4,tick,""
170596.060524,5,sched_state,waiting
170596.060529,5,tick,""
170596.060551,6,sched_state,waiting
170596.060553,1,sched_state,waiting
170596.060555,6,tick,""
170596.060558,1,tick,""
170596.060569,3,sched_state,waiting
170596.060570,7,sched_state,waiting
170596.060574,3,tick,""
170596.060574,7,tick,""
170596.060589,5,sched_state,waiting
170596.060594,5,tick,""
170596.060602,1,sched_state,waiting
170596.060607,1,tick,""
170596.060619,3,sched_state,waiting
170596.060624,3,tick,""
170596.060627,2,sched_state,waiting
170596.060632,2,tick,""
170596.060640,1,sched_state,waiting
170596.060645,1,tick,""
170596.060648,6,sched_state,waiting
170596.060652,6,tick,""
170596.060674,3,sched_state,waiting
170596.060679,3,tick,""
170596.060679,7,sched_state,waiting
170596.060683,7,tick,""
170596.060694,2,sched_state,waiting
170596.060701,2,tick,""
170596.060702,6,sched_state,waiting
170596.060707,6,tick,""
170596.060785,5,sched_state,waiting
170596.060785,1,sched_state,waiting
170596.060794,1,tick,""
170596.060794,5,tick,""
170596.060818,0,reduction,""
170596.060822,0,sched_state,running
170596.060823,4,sched_state,waiting
170596.060828,4,tick,""
170596.060845,6,sched_state,waiting
170596.060854,6,tick,""
170596.060871,7,sched_state,waiting
170596.060878,7,tick,""
170596.060888,5,sched_state,waiting
170596.060894,5,tick,""
170596.060895,2,sched_state,waiting
170596.060898,6,sched_state,waiting
170596.060899,4,sched_state,waiting
170596.060902,2,tick,""
170596.060903,6,tick,""
170596.060904,4,tick,""
170596.060922,3,sched_state,waiting
170596.060924,7,sched_state,waiting
170596.060928,3,tick,""
170596.060928,7,tick,""
170596.060930,0,tick,""
170596.060933,1,sched_state,waiting
170596.060939,1,tick,""
170596.060957,6,sched_state,waiting
170596.060961,6,tick,""
170596.060966,5,sched_state,waiting
170596.060971,5,tick,""
170596.060974,4,sched_state,waiting
170596.060978,4,tick,""
170596.060978,3,sched_state,waiting
170596.060983,3,tick,""
170596.061011,5,sched_state,waiting
170596.061012,1,sched_state,waiting
170596.061015,6,sched_state,waiting
170596.061016,5,tick,""
170596.061016,1,tick,""
170596.061020,6,tick,""
170596.061027,7,sched_state,waiting
170596.061032,7,tick,""
170596.061058,1,sched_state,waiting
170596.061064,1,tick,""
170596.061066,4,sched_state,waiting
170596.061070,4,tick,""
170596.061082,6,sched_state,waiting
170596.061085,3,sched_state,waiting
170596.061087,6,tick,""
170596.061091,3,tick,""
170596.061116,1,sched_state,waiting
170596.061121,1,tick,""
170596.061136,6,sched_state,waiting
170596.061139,4,sched_state,waiting
170596.061140,6,tick,""
170596.061143,4,tick,""
170596.061156,1,sched_state,waiting
170596.061160,1,tick,""
170596.061167,3,sched_state,waiting
170596.061176,3,tick,""
170596.061183,6,sched_state,waiting
170596.061187,6,tick,""
170596.061201,1,sched_state,waiting
170596.061205,1,tick,""
170596.061207,4,sched_state,waiting
170596.061211,4,tick,""
170596.061213,3,sched_state,waiting
170596.061217,3,tick,""
170596.061275,4,sched_state,waiting
170596.061278,4,tick,""
170596.061285,1,sched_state,waiting
170596.061286,3,sched_state,waiting
170596.061289,1,tick,""
170596.061291,3,tick,""
170596.061319,1,sched_state,waiting
170596.061323,1,tick,""
170596.061346,4,sched_state,waiting
170596.061349,4,tick,""
170596.061366,2,sched_state,waiting
170596.061372,2,tick,""
170596.061386,4,sched_state,waiting
170596.061387,5,sched_state,waiting
170596.061389,4,tick,""
170596.061393,5,tick,""
170596.061394,6,sched_state,waiting
170596.061399,6,tick,""
170596.061399,1,sched_state,waiting
170596.061403,1,tick,""
170596.061441,5,sched_state,waiting
170596.061445,7,sched_state,waiting
170596.061446,5,tick,""
170596.061451,7,tick,""
170596.061473,1,sched_state,waiting
170596.061478,1,tick,""
170596.061492,6,sched_state,waiting
170596.061495,7,sched_state,waiting
170596.061497,6,tick,""
170596.061499,7,tick,""
170596.061525,1,sched_state,waiting
170596.061530,1,tick,""
170596.061543,7,sched_state,waiting
170596.061543,5,sched_state,waiting
170596.061547,7,tick,""
170596.061549,5,tick,""
170596.061558,6,sched_state,waiting
170596.061563,6,tick,""
170596.061576,1,sched_state,waiting
170596.061581,1,tick,""
170596.061596,6,sched_state,waiting
170596.061597,0,queue_length,0
170596.061598,3,sched_state,waiting
170596.061601,6,tick,""
170596.061603,3,tick,""
170596.061616,2,sched_state,waiting
170596.061616,1,sched_state,waiting
170596.061619,7,sched_state,waiting
170596.061620,2,tick,""
170596.061621,1,tick,""
170596.061623,7,tick,""
170596.061652,3,sched_state,waiting
170596.061657,3,tick,""
170596.061678,2,sched_state,waiting
170596.061683,2,tick,""
170596.061729,7,sched_state,waiting
170596.061734,7,tick,""
170596.061797,7,sched_state,waiting
170596.061802,7,tick,""
170596.061888,6,sched_state,waiting
170596.061890,1,sched_state,waiting
170596.061891,3,sched_state,waiting
170596.061894,6,tick,""
170596.061893,7,sched_state,waiting
170596.061895,4,sched_state,waiting
170596.061896,1,tick,""
170596.061897,3,tick,""
170596.061899,7,tick,""
170596.061899,4,tick,""
170596.061938,5,sched_state,waiting
170596.061943,5,tick,""
170596.061965,4,sched_state,waiting
170596.061968,4,tick,""
170596.061970,7,sched_state,waiting
170596.061975,7,tick,""
170596.061982,5,sched_state,waiting
170596.061986,5,tick,""
170596.061999,4,sched_state,waiting
170596.062004,4,tick,""
170596.062010,7,sched_state,waiting
170596.062014,7,tick,""
170596.062030,3,sched_state,waiting
170596.062036,3,tick,""
170596.062064,4,sched_state,waiting
170596.062068,4,tick,""
170596.062096,4,sched_state,waiting
170596.062099,4,tick,""
170596.062118,4,sched_state,waiting
170596.062121,4,tick,""
170596.062141,4,sched_state,waiting
170596.062144,4,tick,""
170596.062155,7,sched_state,waiting
170596.062161,7,tick,""
170596.062164,4,sched_state,waiting
170596.062166,4,tick,""
170596.062199,4,sched_state,waiting
170596.062202,4,tick,""
170596.062214,7,sched_state,waiting
170596.062219,7,tick,""
170596.062219,2,sched_state,waiting
170596.062225,2,tick,""
170596.062227,0,sched_state,running
170596.062235,6,sched_state,waiting
170596.062236,1,sched_state,waiting
170596.062240,6,tick,""
170596.062241,5,sched_state,waiting
170596.062242,3,sched_state,waiting
170596.062243,1,tick,""
170596.062246,5,tick,""
170596.062248,3,tick,""
170596.062270,2,sched_state,waiting
170596.062275,2,tick,""
170596.062282,4,sched_state,waiting
170596.062286,4,tick,""
170596.062299,1,sched_state,waiting
170596.062304,1,tick,""
170596.062308,3,sched_state,waiting
170596.062313,3,tick,""
170596.062318,5,sched_state,waiting
170596.062324,5,tick,""
170596.062348,2,sched_state,waiting
170596.062354,2,tick,""
170596.062355,4,sched_state,waiting
170596.062359,4,tick,""
170596.062368,5,sched_state,waiting
170596.062373,5,tick,""
170596.062390,4,sched_state,waiting
170596.062394,4,tick,""
170596.062459,4,sched_state,waiting
170596.062463,4,tick,""
170596.062487,4,sched_state,waiting
170596.062490,4,tick,""
170596.062535,0,tick,""
170596.062554,0,reduction,""
170596.062557,0,sched_state,running
170596.062771,0,tick,""
170596.062779,0,spawn,""
170596.062782,0,reduction,""
170596.062785,0,sched_state,running
170596.062953,1,sched_state,waiting
170596.062957,6,sched_state,waiting
170596.062957,2,sched_state,waiting
170596.062959,1,tick,""
170596.062959,5,sched_state,waiting
170596.062963,6,tick,""
170596.062963,2,tick,""
170596.062964,5,tick,""
170596.062989,4,sched_state,waiting
170596.062993,4,tick,""
170596.063004,3,sched_state,waiting
170596.063009,2,sched_state,waiting
170596.063011,3,tick,""
170596.063014,2,tick,""
170596.063033,6,sched_state,waiting
170596.063036,7,sched_state,waiting
170596.063042,6,tick,""
170596.063042,7,tick,""
170596.063045,1,sched_state,waiting
170596.063051,1,tick,""
170596.063052,4,sched_state,waiting
170596.063056,4,tick,""
170596.063225,3,sched_state,waiting
170596.063244,5,sched_state,waiting
170596.063254,3,tick,""
170596.063269,5,tick,""
170596.063346,4,sched_state,waiting
170596.063367,4,tick,""
170596.063367,6,sched_state,waiting
170596.063371,1,sched_state,waiting
170596.063375,6,tick,""
170596.063376,1,tick,""
170596.063397,5,sched_state,waiting
170596.063407,5,tick,""
170596.063416,4,sched_state,waiting
170596.063417,1,sched_state,waiting
170596.063423,4,tick,""
170596.063427,7,sched_state,waiting
170596.063429,6,sched_state,waiting
170596.063429,1,tick,""
170596.063433,7,tick,""
170596.063433,6,tick,""
170596.063459,3,sched_state,waiting
170596.063463,1,sched_state,waiting
170596.063465,3,tick,""
170596.063464,4,sched_state,waiting
170596.063468,1,tick,""
170596.063471,4,tick,""
170596.063519,1,sched_state,waiting
170596.063524,1,tick,""
170596.063524,6,sched_state,waiting
170596.063524,3,sched_state,waiting
170596.063523,7,sched_state,waiting
170596.063529,6,tick,""
170596.063529,3,tick,""
170596.063529,7,tick,""
170596.063589,6,sched_state,waiting
170596.063595,6,tick,""
170596.063615,1,sched_state,waiting
170596.063620,1,tick,""
170596.063624,3,sched_state,waiting
170596.063630,3,tick,""
170596.063647,6,sched_state,waiting
170596.063648,7,sched_state,waiting
170596.063652,6,tick,""
170596.063654,7,tick,""
170596.063673,1,sched_state,waiting
170596.063673,3,sched_state,waiting
170596.063678,1,tick,""
170596.063682,3,tick,""
170596.063697,0,tick,""
170596.063704,0,reduction,""
170596.063709,2,sched_state,waiting
170596.063710,6,sched_state,waiting
170596.063711,0,sched_state,running
170596.063717,2,tick,""
170596.063731,6,tick,""
170596.063732,4,sched_state,waiting
170596.063737,4,tick,""
170596.063773,2,sched_state,waiting
170596.063778,2,tick,""
170596.063790,3,sched_state,waiting
170596.063795,3,tick,""
170596.063846,6,sched_state,waiting
170596.063851,6,tick,""
170596.063861,2,sched_state,waiting
170596.063865,2,tick,""
170596.063890,6,sched_state,waiting
170596.063895,6,tick,""
170596.063978,6,sched_state,waiting
170596.063983,6,tick,""
170596.063992,0,queue_length,1
170596.063991,7,sched_state,waiting
170596.063998,7,tick,""
170596.064036,7,sched_state,waiting
170596.064043,7,tick,""
170596.064046,5,sched_state,waiting
170596.064048,0,tick,""
170596.064053,5,tick,""
170596.064053,4,sched_state,waiting
170596.064055,0,reduction,""
170596.064057,4,tick,""
170596.064057,0,sched_state,running
170596.064133,4,sched_state,waiting
170596.064136,4,tick,""
170596.064161,7,sched_state,waiting
170596.064168,7,tick,""
170596.064200,4,sched_state,waiting
170596.064203,4,tick,""
170596.064213,7,sched_state,waiting
170596.064218,7,tick,""
170596.064229,4,sched_state,waiting
170596.064232,4,tick,""
170596.064256,7,sched_state,waiting
170596.064262,7,tick,""
170596.064270,4,sched_state,waiting
170596.064274,4,tick,""
170596.064288,7,sched_state,waiting
170596.064292,7,tick,""
170596.064293,2,sched_state,waiting
170596.064298,2,tick,""
170596.064309,4,sched_state,waiting
170596.064312,4,tick,""
170596.064338,5,sched_state,waiting
170596.064340,1,sched_state,waiting
170596.064343,0,tick,""
170596.064345,1,tick,""
170596.064345,5,tick,""
170596.064348,0,reduction,""
170596.064351,0,sched_state,running
170596.064358,7,sched_state,waiting
170596.064360,4,sched_state,waiting
170596.064364,4,tick,""
170596.064363,7,tick,""
170596.064395,2,sched_state,waiting
170596.064401,2,tick,""
170596.064409,5,sched_state,waiting
170596.064414,5,tick,""
170596.064428,7,sched_state,waiting
170596.064433,7,tick,""
170596.064467,7,sched_state,waiting
170596.064481,7,tick,""
170596.064485,2,sched_state,waiting
170596.064490,2,tick,""
170596.064515,7,sched_state,waiting
170596.064521,7,tick,""
170596.064559,7,sched_state,waiting
170596.064564,7,tick,""
170596.064642,6,sched_state,waiting
170596.064642,0,tick,""
170596.064646,6,tick,""
170596.064648,0,reduction,""
170596.064650,0,sched_state,running
170596.064657,5,sched_state,waiting
170596.064662,5,tick,""
170596.064715,5,sched_state,waiting
170596.064715,6,sched_state,waiting
170596.064720,5,tick,""
170596.064722,6,tick,""
170596.064764,5,sched_state,waiting
170596.064769,5,tick,""
170596.064768,6,sched_state,waiting
170596.064773,6,tick,""
170596.064809,6,sched_state,waiting
170596.064814,6,tick,""
170596.064843,2,sched_state,waiting
170596.064849,6,sched_state,waiting
170596.064849,2,tick,""
170596.064853,6,tick,""
170596.064865,4,sched_state,waiting
170596.064871,4,tick,""
170596.064896,2,sched_state,waiting
170596.064901,2,tick,""
170596.064906,7,sched_state,waiting
170596.064912,7,tick,""
170596.064933,2,sched_state,waiting
170596.064937,2,tick,""
170596.064968,2,sched_state,waiting
170596.064973,2,tick,""
170596.064974,3,queue_length,1
170596.064979,3,queue_length,0
170596.065009,2,sched_state,waiting
170596.065013,2,tick,""
170596.065019,0,tick,""
170596.065021,1,sched_state,waiting
170596.065026,0,reduction,""
170596.065028,0,sched_state,running
170596.065028,1,tick,""
170596.065040,5,sched_state,waiting
170596.065047,5,tick,""
170596.065085,5,sched_state,waiting
170596.065088,1,sched_state,waiting
170596.065091,5,tick,""
170596.065093,1,tick,""
170596.065213,7,sched_state,waiting
170596.065218,7,tick,""
170596.065224,0,tick,""
170596.065244,2,sched_state,waiting
170596.065244,1,sched_state,waiting
170596.065248,2,tick,""
170596.065249,1,tick,""
170596.065267,7,sched_state,waiting
170596.065272,7,tick,""
170596.065280,2,sched_state,waiting
170596.065283,4,sched_state,waiting
170596.065285,2,tick,""
170596.065286,5,sched_state,waiting
170596.065287,4,tick,""
170596.065293,5,tick,""
170596.065297,0,reduction,""
170596.065300,0,sched_state,running
170596.065309,6,sched_state,waiting
170596.065316,7,sched_state,waiting
170596.065322,7,tick,""
170596.065324,6,tick,""
170596.065341,5,sched_state,waiting
170596.065346,5,tick,""
170596.065354,1,sched_state,waiting
170596.065360,1,tick,""
170596.065373,7,sched_state,waiting
170596.065378,7,tick,""
170596.065392,6,sched_state,waiting
170596.065400,6,tick,""
170596.065414,7,sched_state,waiting
170596.065419,7,tick,""
170596.065438,5,sched_state,waiting
170596.065443,6,sched_state,waiting
170596.065444,5,tick,""
170596.065448,6,tick,""
170596.065484,5,sched_state,waiting
170596.065488,7,sched_state,waiting
170596.065489,5,tick,""
170596.065499,7,tick,""
170596.065503,3,sched_state,running
170596.065605,0,tick,""
170596.065611,0,reduction,""
170596.065614,0,sched_state,running
170596.065616,4,sched_state,waiting
170596.065620,4,tick,""
170596.065629,7,sched_state,waiting
170596.065636,7,tick,""
170596.065646,2,sched_state,waiting
170596.065656,2,tick,""
170596.065678,7,sched_state,waiting
170596.065683,7,tick,""
170596.065689,4,sched_state,waiting
170596.065692,4,tick,""
170596.065692,2,sched_state,waiting
170596.065698,2,tick,""
170596.065721,7,sched_state,waiting
170596.065726,7,tick,""
170596.065739,2,sched_state,waiting
170596.065744,2,tick,""
170596.065779,2,sched_state,waiting
170596.065784,2,tick,""
170596.065784,0,tick,""
170596.065790,0,spawn,""
170596.065793,0,reduction,""
170596.065794,3,tick,""
170596.065796,0,sched_state,running
170596.065800,3,reduction,""
170596.065804,3,sched_state,running
170596.066047,3,tick,""
170596.066051,3,reduction,""
170596.066054,3,sched_state,running
170596.066170,3,tick,""
170596.066175,3,reduction,""
170596.066177,3,sched_state,running
170596.066286,3,tick,""
170596.066290,3,reduction,""
170596.066292,3,sched_state,running
170596.066400,3,tick,""
170596.066403,3,reduction,""
170596.066405,3,sched_state,running
170596.066512,3,tick,""
170596.066517,3,reduction,""
170596.066518,3,sched_state,running
170596.066603,0,tick,""
170596.066604,0,queue_length,1
170596.066611,0,reduction,""
170596.066615,0,sched_state,running
170596.066618,2,sched_state,waiting
170596.066618,7,sched_state,waiting
170596.066623,2,tick,""
170596.066625,7,tick,""
170596.066633,3,tick,""
170596.066654,3,reduction,""
170596.066659,3,sched_state,running
170596.066674,2,sched_state,waiting
170596.066680,2,tick,""
170596.066712,2,sched_state,waiting
170596.066717,2,tick,""
170596.066789,0,tick,""
170596.066798,0,reduction,""
170596.066799,0,sched_state,running
170596.066828,3,tick,""
170596.066835,3,reduction,""
170596.066837,3,sched_state,running
170596.067002,3,tick,""
170596.067032,3,reduction,""
170596.067036,3,sched_state,running
170596.067059,0,tick,""
170596.067065,0,reduction,""
170596.067067,0,sched_state,running
170596.067201,3,tick,""
170596.067221,3,reduction,""
170596.067224,3,sched_state,running
170596.067236,0,tick,""
170596.067241,0,reduction,""
170596.067244,0,sched_state,running
170596.067388,3,tick,""
170596.067394,3,reduction,""
170596.067396,3,sched_state,running
170596.067401,0,tick,""
170596.067406,0,reduction,""
170596.067409,0,sched_state,running
170596.067557,3,tick,""
170596.067561,0,tick,""
170596.067567,0,reduction,""
170596.067570,0,sched_state,running
170596.067718,0,tick,""
170596.067734,3,reduction,""
170596.067737,3,sched_state,running
170596.067760,2,queue_length,1
170596.067765,2,queue_length,0
170596.067907,3,tick,""
170596.067925,3,reduction,""
170596.067927,3,sched_state,running
170596.068093,3,tick,""
170596.068097,3,reduction,""
170596.068099,3,sched_state,running
170596.068215,3,tick,""
170596.068227,3,reduction,""
170596.068229,3,sched_state,running
170596.068340,3,tick,""
170596.068361,1,sched_state,waiting
170596.068369,1,tick,""
170596.068370,4,sched_state,waiting
170596.068373,6,sched_state,waiting
170596.068378,4,tick,""
170596.068382,6,tick,""
170596.068393,7,sched_state,waiting
170596.068400,7,tick,""
170596.068419,2,sched_state,running
170596.068427,3,reduction,""
170596.068431,3,sched_state,running
170596.068446,4,sched_state,waiting
170596.068454,4,tick,""
170596.068469,7,sched_state,waiting
170596.068481,7,tick,""
170596.068489,4,sched_state,waiting
170596.068495,4,tick,""
170596.068522,7,sched_state,waiting
170596.068527,7,tick,""
170596.068559,7,sched_state,waiting
170596.068564,7,tick,""
170596.068586,4,sched_state,waiting
170596.068592,4,tick,""
170596.068595,3,tick,""
170596.068611,3,reduction,""
170596.068613,3,sched_state,running
170596.068637,5,sched_state,waiting
170596.068652,5,tick,""
170596.068663,6,sched_state,waiting
170596.068672,6,tick,""
170596.068697,5,sched_state,waiting
170596.068706,5,tick,""
170596.068710,6,sched_state,waiting
170596.068715,6,tick,""
170596.068754,5,sched_state,waiting
170596.068762,5,tick,""
170596.068763,3,tick,""
170596.068770,3,spawn,""
170596.068773,3,reduction,""
170596.068774,3,sched_state,running
170596.068818,2,tick,""
170596.068823,2,reduction,""
170596.068826,2,sched_state,running
170596.069056,2,tick,""
170596.069061,2,reduction,""
170596.069064,2,sched_state,running
170596.069253,3,tick,""
170596.069258,3,reduction,""
170596.069259,3,sched_state,running
170596.069377,3,tick,""
170596.069382,3,reduction,""
170596.069384,3,sched_state,running
170596.069392,2,tick,""
170596.069397,2,reduction,""
170596.069399,2,sched_state,running
170596.069495,3,tick,""
170596.069508,4,sched_state,waiting
170596.069509,5,sched_state,waiting
170596.069515,5,tick,""
170596.069515,4,tick,""
170596.069554,2,tick,""
170596.069559,2,reduction,""
170596.069561,2,sched_state,running
170596.069563,5,sched_state,waiting
170596.069568,5,tick,""
170596.069601,5,sched_state,waiting
170596.069612,5,tick,""
170596.069643,5,sched_state,waiting
170596.069648,5,tick,""
170596.069681,3,queue_length,1
170596.069777,2,tick,""
170596.069788,2,reduction,""
170596.069791,2,sched_state,running
170596.069862,0,channel_blocked,87
170596.069866,0,yield,""
170596.070009,2,tick,""
170596.070083,3,queue_length,1
170596.070169,2,reduction,""
170596.070536,2,sched_state,running
170596.070547,3,sched_state,running
170596.070910,3,tick,""
170596.070914,3,reduction,""
170596.070915,3,sched_state,running
170596.070979,2,tick,""
170596.070990,2,reduction,""
170596.070993,2,sched_state,running
170596.071051,3,tick,""
170596.071055,3,reduction,""
170596.071057,3,sched_state,running
170596.071190,3,tick,""
170596.071194,3,reduction,""
170596.071195,3,sched_state,running
170596.071212,2,tick,""
170596.071286,0,sched_state,running
170596.071302,0,queue_length,1
170596.071306,0,tick,""
170596.071324,0,queue_length,0
170596.071330,3,tick,""
170596.071332,2,reduction,""
170596.071334,3,reduction,""
170596.071335,2,sched_state,running
170596.071336,3,sched_state,running
170596.071469,3,tick,""
170596.071473,3,reduction,""
170596.071474,3,sched_state,running
170596.071565,2,tick,""
170596.071572,2,reduction,""
170596.071575,2,sched_state,running
170596.071608,3,tick,""
170596.071611,3,reduction,""
170596.071613,3,sched_state,running
170596.071751,3,tick,""
170596.071772,3,reduction,""
170596.071776,3,sched_state,running
170596.071803,2,tick,""
170596.071820,2,reduction,""
170596.071823,2,sched_state,running
170596.071913,3,tick,""
170596.071918,3,reduction,""
170596.071920,3,sched_state,running
170596.072044,2,tick,""
170596.072054,3,tick,""
170596.072064,2,reduction,""
170596.072063,0,sched_state,running
170596.072065,3,reduction,""
170596.072066,2,sched_state,running
170596.072067,3,sched_state,running
170596.072218,3,tick,""
170596.072230,3,reduction,""
170596.072231,3,sched_state,running
170596.072315,2,tick,""
170596.072330,2,reduction,""
170596.072332,2,sched_state,running
170596.072364,3,tick,""
170596.072370,3,reduction,""
170596.072373,3,sched_state,running
170596.072373,0,tick,""
170596.072504,3,tick,""
170596.072563,2,tick,""
170596.072606,3,reduction,""
170596.072610,3,sched_state,running
170596.072750,3,tick,""
170596.072764,3,reduction,""
170596.072767,3,sched_state,running
170596.072843,2,reduction,""
170596.072848,2,sched_state,running
170596.072901,3,tick,""
170596.072906,3,reduction,""
170596.072908,3,sched_state,running
170596.073042,3,tick,""
170596.073054,3,reduction,""
170596.073056,3,sched_state,running
170596.073071,2,tick,""
170596.073079,2,reduction,""
170596.073082,2,sched_state,running
170596.073189,3,tick,""
170596.073258,3,reduction,""
170596.073262,3,sched_state,running
170596.073297,2,tick,""
170596.073305,2,reduction,""
170596.073308,2,sched_state,running
170596.073410,3,tick,""
170596.073422,3,reduction,""
170596.073424,3,sched_state,running
170596.073520,2,tick,""
170596.073527,2,reduction,""
170596.073530,2,sched_state,running
170596.073556,3,tick,""
170596.073561,3,spawn,""
170596.073563,3,reduction,""
170596.073565,3,sched_state,running
170596.073750,2,tick,""
170596.073757,2,reduction,""
170596.073759,2,sched_state,running
170596.073970,2,tick,""
170596.073976,2,reduction,""
170596.073978,2,sched_state,running
170596.074038,3,tick,""
170596.074043,3,reduction,""
170596.074046,3,sched_state,running
170596.074187,3,tick,""
170596.074190,2,tick,""
170596.074192,3,reduction,""
170596.074194,3,sched_state,running
170596.074196,2,reduction,""
170596.074199,2,sched_state,running
170596.074238,0,channel_blocked,87
170596.074242,0,yield,""
170596.074328,3,tick,""
170596.074413,2,tick,""
170596.074418,2,reduction,""
170596.074420,2,sched_state,running
170596.074634,2,tick,""
170596.074638,0,sched_state,running
170596.074661,7,sched_state,waiting
170596.074667,5,sched_state,waiting
170596.074670,7,tick,""
170596.074676,5,tick,""
170596.074693,1,sched_state,waiting
170596.074699,0,tick,""
170596.074701,1,tick,""
170596.074705,4,sched_state,waiting
170596.074717,4,tick,""
170596.075075,6,sched_state,waiting
170596.075079,0,queue_length,1
170596.075085,6,tick,""
170596.075085,3,queue_length,2
170596.075468,2,queue_length,0
170596.075664,0,queue_length,0
170596.075680,6,sched_state,waiting
170596.075682,0,sched_state,waiting
170596.075689,6,tick,""
170596.075689,0,tick,""
170596.075739,6,sched_state,waiting
170596.075745,6,tick,""
170596.075753,0,sched_state,waiting
170596.075758,0,tick,""
170596.075761,4,sched_state,waiting
170596.075768,4,tick,""
170596.075893,4,sched_state,waiting
170596.075897,4,tick,""
170596.075923,4,sched_state,waiting
170596.075926,4,tick,""
170596.075955,2,sched_state,running
170596.075980,4,sched_state,waiting
170596.075984,4,tick,""
170596.076054,4,sched_state,waiting
170596.076058,4,tick,""
170596.076466,2,tick,""
170596.076477,2,reduction,""
170596.076479,2,sched_state,running
170596.076630,2,tick,""
170596.076635,2,reduction,""
170596.076636,2,sched_state,running
170596.076647,3,queue_length,0
170596.076756,6,sched_state,waiting
170596.076761,0,sched_state,waiting
170596.076767,6,tick,""
170596.076772,0,tick,""
170596.076795,2,tick,""
170596.076800,2,reduction,""
170596.076799,5,queue_length,1
170596.076803,2,sched_state,running
170596.076806,5,queue_length,0
170596.076808,4,sched_state,waiting
170596.076816,4,tick,""
170596.076845,0,sched_state,waiting
170596.076850,0,tick,""
170596.076997,2,tick,""
170596.077091,7,queue_length,1
170596.077096,7,queue_length,0
170596.077178,0,sched_state,waiting
170596.077184,0,tick,""
170596.077212,4,sched_state,waiting
170596.077223,4,tick,""
170596.077461,1,queue_length,1
170596.077468,1,queue_length,0
170596.077729,5,sched_state,running
170596.077732,6,sched_state,waiting
170596.077740,6,tick,""
170596.077850,4,sched_state,waiting
170596.077856,4,tick,""
170596.077944,4,sched_state,waiting
170596.077951,4,tick,""
170596.077979,4,sched_state,waiting
170596.077983,4,tick,""
170596.078090,3,sched_state,running
170596.078217,5,tick,""
170596.078228,5,reduction,""
170596.078231,5,sched_state,running
170596.078250,7,sched_state,running
170596.078283,6,sched_state,waiting
170596.078290,6,tick,""
170596.078322,1,sched_state,running
170596.078336,1,channel_blocked,894
170596.078339,2,yield,""
170596.078446,5,tick,""
170596.078454,5,reduction,""
170596.078456,5,sched_state,running
170596.078582,3,tick,""
170596.078591,3,reduction,""
170596.078593,3,sched_state,running
170596.078751,7,tick,""
170596.078825,2,sched_state,running
170596.078841,2,tick,""
170596.078853,2,queue_length,1
170596.078865,2,queue_length,0
170596.078868,1,tick,""
170596.078875,1,reduction,""
170596.078878,1,sched_state,running
170596.078956,5,tick,""
170596.078965,5,reduction,""
170596.078968,5,sched_state,running
170596.079155,3,tick,""
170596.079163,3,reduction,""
170596.079165,3,sched_state,running
170596.079179,5,tick,""
170596.079201,4,sched_state,waiting
170596.079209,4,tick,""
170596.079323,5,reduction,""
170596.079326,5,sched_state,running
170596.079391,3,tick,""
170596.079399,3,reduction,""
170596.079403,3,sched_state,running
170596.079424,1,tick,""
170596.079430,1,reduction,""
170596.079435,1,sched_state,running
170596.079447,4,sched_state,waiting
170596.079455,4,tick,""
170596.079532,5,tick,""
170596.079542,5,reduction,""
170596.079545,5,sched_state,running
170596.079648,2,sched_state,running
170596.079654,3,tick,""
170596.079673,0,sched_state,waiting
170596.079679,0,tick,""
170596.079687,1,tick,""
170596.079704,3,reduction,""
170596.079707,3,sched_state,running
170596.079693,1,reduction,""
170596.079728,1,sched_state,running
170596.079738,5,tick,""
170596.079744,5,spawn,""
170596.079747,5,reduction,""
170596.079749,5,sched_state,running
170596.079807,0,sched_state,waiting
170596.079815,0,tick,""
170596.079952,3,tick,""
170596.079960,3,reduction,""
170596.079963,3,sched_state,running
170596.079973,1,tick,""
170596.079978,1,reduction,""
170596.079980,1,sched_state,running
170596.080083,0,channel_blocked,87
170596.080087,7,yield,""
170596.080097,2,tick,""
170596.080224,3,tick,""
170596.080231,3,spawn,""
170596.080235,3,reduction,""
170596.080238,3,sched_state,running
170596.080243,1,tick,""
170596.080249,1,reduction,""
170596.080253,1,sched_state,running
170596.080494,1,tick,""
170596.080500,1,reduction,""
170596.080502,1,sched_state,running
170596.080530,4,sched_state,waiting
170596.080540,4,tick,""
170596.080676,5,tick,""
170596.080682,5,reduction,""
170596.080685,5,sched_state,running
170596.080704,7,sched_state,running
170596.080718,7,tick,""
170596.080758,1,tick,""
170596.080790,1,reduction,""
170596.080793,1,sched_state,running
170596.080896,5,tick,""
170596.080904,5,reduction,""
170596.080906,5,sched_state,running
170596.080920,7,queue_length,1
170596.080931,7,queue_length,0
170596.081052,1,tick,""
170596.081059,1,reduction,""
170596.081060,3,tick,""
170596.081062,1,sched_state,running
170596.081073,3,reduction,""
170596.081076,3,sched_state,running
170596.081115,5,tick,""
170596.081120,5,reduction,""
170596.081122,5,sched_state,running
170596.081291,3,tick,""
170596.081301,3,reduction,""
170596.081304,3,sched_state,running
170596.081319,1,tick,""
170596.081325,5,tick,""
170596.081329,5,reduction,""
170596.081331,5,sched_state,running
170596.081342,1,reduction,""
170596.081346,1,sched_state,running
170596.081544,5,tick,""
170596.081550,5,reduction,""
170596.081550,3,tick,""
170596.081551,5,sched_state,running
170596.081556,3,reduction,""
170596.081558,3,sched_state,running
170596.081589,1,tick,""
170596.081612,1,reduction,""
170596.081615,1,sched_state,running
170596.081764,5,tick,""
170596.081770,5,reduction,""
170596.081772,5,sched_state,running
170596.081811,3,tick,""
170596.081817,3,reduction,""
170596.081819,3,sched_state,running
170596.081867,1,tick,""
170596.081874,1,reduction,""
170596.081876,1,sched_state,running
170596.081885,7,sched_state,running
170596.081986,5,tick,""
170596.082038,1,channel_blocked,894
170596.082042,2,yield,""
170596.082060,3,tick,""
170596.082067,3,reduction,""
170596.082073,3,sched_state,running
170596.082128,1,tick,""
170596.082282,3,tick,""
170596.082290,3,reduction,""
170596.082292,3,sched_state,running
170596.082383,1,reduction,""
170596.082391,1,sched_state,running
170596.082436,7,tick,""
170596.082538,3,tick,""
170596.082647,2,sched_state,running
170596.082653,1,tick,""
170596.082670,1,reduction,""
170596.082673,1,sched_state,running
170596.082717,2,tick,""
170596.082920,1,tick,""
170596.082925,1,reduction,""
170596.082927,1,sched_state,running
170596.083075,5,queue_length,1
170596.083085,0,sched_state,waiting
170596.083092,0,tick,""
170596.083161,1,tick,""
170596.083168,1,reduction,""
170596.083170,1,sched_state,running
170596.083305,2,queue_length,1
170596.083322,2,queue_length,0
170596.083410,1,tick,""
170596.083416,1,reduction,""
170596.083419,1,sched_state,running
170596.083670,1,tick,""
170596.083687,1,reduction,""
170596.083687,3,queue_length,1
170596.083692,1,sched_state,running
170596.083893,2,sched_state,running
170596.083922,1,tick,""
170596.084063,1,reduction,""
170596.084067,1,sched_state,running
170596.084148,2,tick,""
170596.084338,1,tick,""
170596.084346,1,reduction,""
170596.084348,1,sched_state,running
170596.084505,3,channel_blocked,966
170596.084510,3,yield,""
170596.084558,2,channel_blocked,630
170596.084564,5,yield,""
170596.084594,1,tick,""
170596.084631,0,channel_blocked,87
170596.084635,7,yield,""
170596.084708,1,reduction,""
170596.084711,1,sched_state,running
170596.084941,1,tick,""
170596.085009,4,sched_state,waiting
170596.085015,4,tick,""
170596.085257,7,sched_state,running
170596.085287,7,tick,""
170596.085302,7,queue_length,1
170596.085313,7,queue_length,0
170596.085371,3,sched_state,running
170596.085405,3,tick,""
170596.085417,3,queue_length,2
170596.085429,3,queue_length,1
170596.085530,5,sched_state,running
170596.085545,0,queue_length,1
170596.085550,0,queue_length,0
170596.085550,6,sched_state,waiting
170596.085559,6,tick,""
170596.085651,5,tick,""
170596.085665,5,queue_length,1
170596.085676,5,queue_length,0
170596.085679,1,channel_blocked,894
170596.085683,2,yield,""
170596.086082,7,sched_state,running
170596.086326,7,tick,""
170596.086342,2,sched_state,running
170596.086383,1,queue_length,0
170596.086389,2,tick,""
170596.086404,2,queue_length,1
170596.086413,2,queue_length,0
170596.086535,4,sched_state,waiting
170596.086542,4,tick,""
170596.086547,0,sched_state,running
170596.087040,0,tick,""
170596.087051,0,reduction,""
170596.087056,0,sched_state,running
170596.087127,2,sched_state,running
170596.087139,5,sched_state,running
170596.087347,2,tick,""
170596.087441,1,sched_state,running
170596.087444,5,tick,""
170596.087469,3,sched_state,running
170596.087606,0,tick,""
170596.087613,0,reduction,""
170596.087616,0,sched_state,running
170596.087743,3,tick,""
170596.087748,3,reduction,""
170596.087752,3,sched_state,running
170596.087868,1,tick,""
170596.087878,1,reduction,""
170596.087881,1,sched_state,running
170596.087888,0,tick,""
170596.087894,0,reduction,""
170596.087897,0,sched_state,running
170596.088002,6,sched_state,waiting
170596.088015,6,tick,""
170596.088144,0,tick,""
170596.088149,0,reduction,""
170596.088150,0,sched_state,running
170596.088223,1,tick,""
170596.088255,1,reduction,""
170596.088258,1,sched_state,running
170596.088324,6,sched_state,waiting
170596.088331,6,tick,""
170596.088343,0,tick,""
170596.088351,0,reduction,""
170596.088353,0,sched_state,running
170596.088434,3,tick,""
170596.088442,3,reduction,""
170596.088445,3,sched_state,running
170596.088574,1,tick,""
170596.088593,0,tick,""
170596.088599,1,reduction,""
170596.088602,1,sched_state,running
170596.088647,0,channel_blocked,87
170596.088651,7,yield,""
170596.088752,3,tick,""
170596.088759,3,reduction,""
170596.088761,3,sched_state,running
170596.088781,0,reduction,""
170596.088785,0,sched_state,running
170596.088914,1,channel_blocked,894
170596.088917,2,yield,""
170596.088921,1,tick,""
170596.088939,1,reduction,""
170596.088941,1,sched_state,running
170596.089034,2,channel_blocked,630
170596.089038,5,yield,""
170596.089044,0,tick,""
170596.089053,0,reduction,""
170596.089055,0,sched_state,running
170596.089065,3,tick,""
170596.089071,3,reduction,""
170596.089074,3,sched_state,running
170596.089231,1,tick,""
170596.089287,7,sched_state,running
170596.089297,0,tick,""
170596.089351,2,sched_state,running
170596.089376,3,tick,""
170596.089375,7,tick,""
170596.089383,2,tick,""
170596.089384,3,reduction,""
170596.089387,3,sched_state,running
170596.089393,2,queue_length,1
170596.089404,6,sched_state,waiting
170596.089410,2,queue_length,0
170596.089412,6,tick,""
170596.089414,0,reduction,""
170596.089449,0,sched_state,running
170596.089467,1,reduction,""
170596.089472,1,sched_state,running
170596.089552,5,sched_state,running
170596.089582,5,tick,""
170596.089691,3,tick,""
170596.089700,0,tick,""
170596.089708,0,reduction,""
170596.089710,0,sched_state,running
170596.089754,1,tick,""
170596.089764,1,reduction,""
170596.089767,1,sched_state,running
170596.089797,7,queue_length,1
170596.089817,7,queue_length,0
170596.089844,3,reduction,""
170596.089849,3,sched_state,running
170596.089925,0,tick,""
170596.089938,0,reduction,""
170596.089940,0,sched_state,running
170596.089976,2,sched_state,running
170596.090007,5,queue_length,1
170596.090019,5,queue_length,0
170596.090036,1,tick,""
170596.090044,1,reduction,""
170596.090046,1,sched_state,running
170596.090115,0,tick,""
170596.090133,0,reduction,""
170596.090137,0,sched_state,running
170596.090180,3,tick,""
170596.090188,3,reduction,""
170596.090191,3,sched_state,running
170596.090211,2,tick,""
170596.090309,0,tick,""
170596.090309,1,tick,""
170596.090317,1,reduction,""
170596.090320,1,sched_state,running
170596.090321,0,reduction,""
170596.090323,0,sched_state,running
170596.090468,3,tick,""
170596.090509,0,tick,""
170596.090568,1,tick,""
170596.090581,1,reduction,""
170596.090584,1,sched_state,running
170596.090599,3,reduction,""
170596.090606,3,sched_state,running
170596.090708,7,sched_state,running
170596.090783,0,reduction,""
170596.090786,0,sched_state,running
170596.090840,1,tick,""
170596.090850,1,reduction,""
170596.090856,1,sched_state,running
170596.090908,3,tick,""
170596.090915,3,reduction,""
170596.090917,3,sched_state,running
170596.091013,0,tick,""
170596.091023,0,reduction,""
170596.091025,0,sched_state,running
170596.091115,1,tick,""
170596.091123,1,reduction,""
170596.091125,1,sched_state,running
170596.091192,3,tick,""
170596.091199,0,tick,""
170596.091205,0,reduction,""
170596.091206,0,sched_state,running
170596.091211,3,reduction,""
170596.091214,3,sched_state,running
170596.091242,7,tick,""
170596.091376,0,tick,""
170596.091382,0,reduction,""
170596.091381,5,sched_state,running
170596.091384,0,sched_state,running
170596.091391,1,tick,""
170596.091397,1,reduction,""
170596.091399,1,sched_state,running
170596.091500,3,tick,""
170596.091531,3,reduction,""
170596.091537,3,sched_state,running
170596.091553,0,tick,""
170596.091559,0,reduction,""
170596.091560,0,sched_state,running
170596.091603,1,channel_blocked,894
170596.091608,2,yield,""
170596.091651,1,tick,""
170596.091657,1,reduction,""
170596.091660,1,sched_state,running
170596.091724,0,tick,""
170596.091728,0,reduction,""
170596.091730,0,sched_state,running
170596.091846,3,tick,""
170596.091864,3,reduction,""
170596.091867,3,sched_state,running
170596.091893,0,tick,""
170596.091897,0,reduction,""
170596.091898,0,sched_state,running
170596.091928,1,tick,""
170596.091934,1,reduction,""
170596.091936,1,sched_state,running
170596.092008,5,tick,""
170596.092106,2,sched_state,running
170596.092122,0,tick,""
170596.092129,0,reduction,""
170596.092133,0,sched_state,running
170596.092157,2,tick,""
170596.092170,2,queue_length,1
170596.092183,2,queue_length,0
170596.092187,3,tick,""
170596.092216,1,tick,""
170596.092225,1,reduction,""
170596.092230,1,sched_state,running
170596.092380,0,tick,""
170596.092423,3,reduction,""
170596.092428,3,sched_state,running
170596.092462,1,tick,""
170596.092751,3,tick,""
170596.092762,3,reduction,""
170596.092765,3,sched_state,running
170596.093053,3,tick,""
170596.093060,3,reduction,""
170596.093062,3,sched_state,running
170596.093061,2,sched_state,running
170596.093158,6,sched_state,waiting
170596.093171,6,tick,""
170596.093181,0,queue_length,0
170596.093290,0,channel_blocked,87
170596.093295,7,yield,""
170596.093299,2,tick,""
170596.093361,3,tick,""
170596.093369,3,reduction,""
170596.093372,3,sched_state,running
170596.093664,2,channel_blocked,630
170596.093669,5,yield,""
170596.093689,3,tick,""
170596.093697,3,reduction,""
170596.093700,3,sched_state,running
170596.093872,7,sched_state,running
170596.093956,7,tick,""
170596.093965,3,channel_unblocked,1034
170596.093971,1,yield,""
170596.093974,0,sched_state,running
170596.093974,7,queue_length,1
170596.093975,1,sched_state,running
170596.093982,4,sched_state,waiting
170596.093986,7,queue_length,0
170596.093990,4,tick,""
170596.093993,3,tick,""
170596.094002,3,reduction,""
170596.094005,3,sched_state,running
170596.094037,4,sched_state,waiting
170596.094043,4,tick,""
170596.094276,0,tick,""
170596.094282,0,reduction,""
170596.094285,0,sched_state,running
170596.094320,3,tick,""
170596.094327,3,reduction,""
170596.094330,3,sched_state,running
170596.094543,5,sched_state,running
170596.094591,5,tick,""
170596.094607,5,queue_length,1
170596.094621,5,queue_length,0
170596.094637,3,tick,""
170596.094645,3,reduction,""
170596.094648,3,sched_state,running
170596.094660,1,tick,""
170596.094666,1,sched_state,running
170596.094675,1,tick,""
170596.094691,4,sched_state,waiting
170596.094692,1,queue_length,0
170596.094700,4,tick,""
170596.094701,1,sched_state,waiting
170596.094707,1,tick,""
170596.094853,7,sched_state,running
170596.094874,0,tick,""
170596.094880,0,reduction,""
170596.094883,0,sched_state,running
170596.094956,3,tick,""
170596.095117,7,tick,""
170596.095140,1,channel_blocked,894
170596.095143,0,tick,""
170596.095144,2,yield,""
170596.095153,0,reduction,""
170596.095155,0,sched_state,running
170596.095162,1,sched_state,waiting
170596.095172,1,tick,""
170596.095172,6,sched_state,waiting
170596.095178,6,tick,""
170596.095217,1,sched_state,waiting
170596.095224,1,tick,""
170596.095321,1,sched_state,waiting
170596.095326,1,tick,""
170596.095338,6,sched_state,waiting
170596.095342,0,tick,""
170596.095344,6,tick,""
170596.095393,5,sched_state,running
170596.095563,2,sched_state,running
170596.095669,5,tick,""
170596.095685,2,tick,""
170596.096099,2,queue_length,1
170596.096131,2,queue_length,0
170596.096300,4,sched_state,waiting
170596.096310,4,channel_blocked,1175
170596.096314,0,yield,""
170596.096315,4,tick,""
170596.096745,2,channel_blocked,630
170596.096750,5,yield,""
170596.096788,0,sched_state,running
170596.096806,0,tick,""
170596.096822,4,sched_state,waiting
170596.096827,4,tick,""
170596.096917,3,queue_length,0
170596.097110,2,sched_state,running
170596.097288,0,channel_blocked,87
170596.097292,7,yield,""
170596.097409,1,sched_state,waiting
170596.097418,1,tick,""
170596.097427,0,queue_length,1
170596.097523,5,sched_state,running
170596.097580,5,tick,""
170596.097594,5,queue_length,1
170596.097597,4,sched_state,waiting
170596.097603,4,tick,""
170596.097606,5,queue_length,0
170596.097611,2,tick,""
170596.097897,7,sched_state,running
170596.097897,3,sched_state,running
170596.097973,7,tick,""
170596.097988,7,queue_length,1
170596.098003,7,queue_length,0
170596.098253,3,tick,""
170596.098263,3,reduction,""
170596.098267,3,sched_state,running
170596.098345,5,sched_state,running
170596.098587,3,tick,""
170596.098595,3,reduction,""
170596.098598,3,sched_state,running
170596.098651,5,tick,""
170596.098715,6,queue_length,1
170596.098721,6,queue_length,0
170596.098870,3,tick,""
170596.098875,3,reduction,""
170596.098876,3,sched_state,running
170596.099032,7,sched_state,running
170596.099110,0,queue_length,0
170596.099118,0,sched_state,waiting
170596.099124,0,tick,""
170596.099151,3,tick,""
170596.099292,7,tick,""
170596.099376,1,queue_length,1
170596.099381,1,queue_length,0
170596.099419,0,sched_state,waiting
170596.099426,0,tick,""
170596.099748,1,channel_blocked,894
170596.099753,2,yield,""
170596.099829,6,sched_state,running
170596.099901,2,channel_blocked,630
170596.099905,5,yield,""
170596.099938,4,sched_state,waiting
170596.099945,4,tick,""
170596.100401,1,sched_state,running
170596.100403,2,sched_state,running
170596.100436,0,sched_state,waiting
170596.100445,0,tick,""
170596.100481,2,tick,""
170596.100496,2,queue_length,1
170596.100565,6,tick,""
170596.100688,5,channel_blocked,1185
170596.100694,3,yield,""
170596.100771,5,sched_state,running
170596.100815,5,tick,""
170596.100841,4,sched_state,waiting
170596.100851,4,tick,""
170596.100914,2,queue_length,0
170596.100924,2,sched_state,waiting
170596.100931,2,tick,""
170596.101129,1,tick,""
170596.101224,3,sched_state,running
170596.101255,3,tick,""
170596.101462,5,queue_length,1
170596.101581,4,sched_state,waiting
170596.101588,4,tick,""
170596.101701,0,channel_blocked,87
170596.101706,7,yield,""
170596.101900,3,queue_length,1
170596.101915,3,queue_length,0
170596.101917,5,queue_length,0
170596.101921,5,sched_state,waiting
170596.101926,5,tick,""
170596.102067,0,queue_length,1
170596.102077,0,queue_length,0
170596.102099,5,sched_state,waiting
170596.102106,5,tick,""
170596.102258,7,sched_state,running
170596.102275,7,tick,""
170596.102302,7,queue_length,1
170596.102312,7,queue_length,0
170596.102341,3,channel_unblocked,966
170596.102349,6,yield,""
170596.102353,6,sched_state,running
170596.102651,0,sched_state,running
170596.102654,6,tick,""
170596.102661,6,reduction,""
170596.102663,6,sched_state,running
170596.102886,6,tick,""
170596.102894,6,reduction,""
170596.102896,6,sched_state,running
170596.103148,4,sched_state,waiting
170596.103158,4,tick,""
170596.103161,4,channel_blocked,1175
170596.103166,1,yield,""
170596.103189,2,queue_length,1
170596.103196,2,queue_length,0
170596.103200,6,tick,""
170596.103206,7,sched_state,running
170596.103284,0,tick,""
170596.103305,3,sched_state,running
170596.103522,7,tick,""
170596.103899,5,sched_state,waiting
170596.103917,5,tick,""
170596.103970,5,sched_state,waiting
170596.103976,5,tick,""
170596.103989,1,sched_state,running
170596.104089,1,tick,""
170596.104104,1,queue_length,1
170596.104153,4,sched_state,waiting
170596.104161,4,tick,""
170596.104313,3,tick,""
170596.104676,2,sched_state,running
170596.104697,5,channel_unblocked,966
170596.104705,6,yield,""
170596.104710,6,sched_state,running
170596.104794,1,channel_blocked,894
170596.104798,0,yield,""
170596.104848,1,queue_length,0
170596.104854,1,sched_state,waiting
170596.104860,1,tick,""
170596.105364,0,sched_state,running
170596.105368,0,queue_length,1
170596.105393,0,tick,""
170596.105410,2,tick,""
170596.105416,0,queue_length,0
170596.105510,6,tick,""
170596.105526,6,reduction,""
170596.105529,6,sched_state,running
170596.105644,0,channel_blocked,87
170596.105649,7,yield,""
170596.105839,6,tick,""
170596.105850,6,reduction,""
170596.105853,6,sched_state,running
170596.105871,5,queue_length,1
170596.105877,5,queue_length,0
170596.106053,7,sched_state,running
170596.106125,7,tick,""
170596.106151,6,tick,""
170596.106321,4,sched_state,waiting
170596.106327,4,tick,""
170596.106382,5,channel_unblocked,1185
170596.106390,3,yield,""
170596.106394,3,sched_state,running
170596.106440,1,sched_state,waiting
170596.106451,1,tick,""
170596.106461,0,sched_state,running
170596.106527,5,sched_state,running
170596.106728,7,queue_length,1
170596.106744,7,queue_length,0
170596.107067,0,tick,""
170596.107101,5,tick,""
170596.107211,3,tick,""
170596.107218,3,sched_state,running
170596.107227,3,tick,""
170596.107244,3,queue_length,0
170596.107252,3,sched_state,waiting
170596.107259,3,tick,""
170596.107297,3,sched_state,waiting
170596.107305,3,tick,""
170596.107535,7,sched_state,running
170596.107731,1,sched_state,waiting
170596.107742,1,tick,""
170596.107778,1,sched_state,waiting
170596.107784,1,tick,""
170596.107822,1,sched_state,waiting
170596.107829,1,tick,""
170596.107864,1,sched_state,waiting
170596.107869,1,tick,""
170596.107957,1,sched_state,waiting
170596.107962,1,tick,""
170596.107966,7,tick,""
170596.108430,2,channel_blocked,630
170596.108436,2,yield,""
170596.108437,2,channel_unblocked,966
170596.108442,6,yield,""
170596.108446,6,sched_state,running
170596.108559,3,sched_state,waiting
170596.108571,3,tick,""
170596.108570,4,channel_blocked,1175
170596.108574,5,yield,""
170596.108673,1,sched_state,waiting
170596.108683,1,channel_blocked,894
170596.108686,0,yield,""
170596.108764,6,tick,""
170596.108768,6,sched_state,running
170596.108776,6,tick,""
170596.108791,6,queue_length,0
170596.108795,6,sched_state,waiting
170596.108939,6,tick,""
170596.109351,2,sched_state,running
170596.109428,0,sched_state,running
170596.109431,2,tick,""
170596.109432,0,queue_length,1
170596.109439,6,sched_state,waiting
170596.109445,6,tick,""
170596.109448,2,queue_length,1
170596.109453,0,tick,""
170596.109462,1,tick,""
170596.109462,2,queue_length,0
170596.109483,4,sched_state,waiting
170596.109489,4,tick,""
170596.109488,5,sched_state,running
170596.109493,0,queue_length,0
170596.109539,5,tick,""
170596.109555,5,queue_length,1
170596.109565,6,sched_state,waiting
170596.109567,5,queue_length,0
170596.109573,6,tick,""
170596.109620,1,sched_state,waiting
170596.109627,1,tick,""
170596.109676,6,sched_state,waiting
170596.109683,6,tick,""
170596.109976,3,sched_state,waiting
170596.109989,3,tick,""
170596.110003,6,sched_state,waiting
170596.110012,6,tick,""
170596.110015,4,sched_state,waiting
170596.110021,4,tick,""
170596.110059,4,sched_state,waiting
170596.110064,4,tick,""
170596.110155,1,sched_state,waiting
170596.110157,0,channel_blocked,87
170596.110161,7,yield,""
170596.110166,1,tick,""
170596.110169,3,sched_state,waiting
170596.110169,0,sched_state,running
170596.110176,3,tick,""
170596.110266,5,sched_state,running
170596.110443,0,tick,""
170596.110556,5,tick,""
170596.110594,2,sched_state,running
170596.110699,7,sched_state,running
170596.110772,7,tick,""
170596.110792,6,sched_state,waiting
170596.110798,7,queue_length,1
170596.110798,3,sched_state,waiting
170596.110799,4,sched_state,waiting
170596.110801,6,tick,""
170596.110805,4,tick,""
170596.110807,3,tick,""
170596.110814,7,queue_length,0
170596.110870,4,sched_state,waiting
170596.110875,4,tick,""
170596.110886,2,tick,""
170596.110906,3,sched_state,waiting
170596.110913,3,tick,""
170596.111130,3,sched_state,waiting
170596.111137,3,tick,""
170596.111204,4,sched_state,waiting
170596.111211,4,tick,""
170596.111235,3,sched_state,waiting
170596.111240,3,tick,""
170596.111248,4,sched_state,waiting
170596.111253,4,tick,""
170596.111272,3,sched_state,waiting
170596.111278,3,tick,""
170596.111343,4,sched_state,waiting
170596.111349,4,tick,""
170596.111414,6,sched_state,waiting
170596.111421,6,tick,""
170596.111599,6,sched_state,waiting
170596.111606,6,tick,""
170596.111652,7,sched_state,running
170596.111853,3,sched_state,waiting
170596.111860,3,tick,""
170596.111877,6,sched_state,waiting
170596.111880,4,sched_state,waiting
170596.111884,6,tick,""
170596.111888,4,tick,""
170596.111899,4,channel_blocked,1175
170596.111902,5,yield,""
170596.111917,7,tick,""
170596.111919,3,sched_state,waiting
170596.111925,3,tick,""
170596.111940,6,sched_state,waiting
170596.111945,6,tick,""
170596.111963,3,sched_state,waiting
170596.111968,3,tick,""
170596.112060,1,sched_state,waiting
170596.112061,3,sched_state,waiting
170596.112068,3,tick,""
170596.112068,1,tick,""
170596.112080,1,channel_blocked,894
170596.112082,0,yield,""
170596.112356,3,sched_state,waiting
170596.112364,3,tick,""
170596.112430,5,sched_state,running
170596.112457,3,sched_state,waiting
170596.112463,3,tick,""
170596.112473,0,sched_state,running
170596.112542,0,tick,""
170596.112541,5,tick,""
170596.112571,3,sched_state,waiting
170596.112578,3,tick,""
170596.112602,4,sched_state,waiting
170596.112611,4,tick,""
170596.112632,6,sched_state,waiting
170596.112638,0,queue_length,1
170596.112640,6,tick,""
170596.112664,2,channel_unblocked,630
170596.112694,3,sched_state,waiting
170596.112701,3,tick,""
170596.112708,2,yield,""
170596.112714,2,sched_state,running
170596.113040,0,queue_length,0
170596.113051,0,sched_state,waiting
170596.113062,0,tick,""
170596.113061,6,sched_state,waiting
170596.113070,6,tick,""
170596.113111,0,sched_state,waiting
170596.113117,0,tick,""
170596.113171,5,queue_length,1
170596.113180,2,tick,""
170596.113188,2,reduction,""
170596.113190,2,sched_state,running
170596.113363,2,tick,""
170596.113369,2,reduction,""
170596.113371,2,sched_state,running
170596.113538,2,tick,""
170596.113663,6,sched_state,waiting
170596.113671,6,tick,""
170596.113672,5,queue_length,0
170596.113680,5,sched_state,waiting
170596.113687,5,tick,""
170596.113849,0,channel_blocked,87
170596.113854,7,yield,""
170596.114081,1,queue_length,1
170596.114086,1,queue_length,0
170596.114137,5,sched_state,waiting
170596.114144,5,tick,""
170596.114231,5,sched_state,waiting
170596.114237,5,tick,""
170596.114291,0,queue_length,1
170596.114296,0,queue_length,0
170596.114402,5,sched_state,waiting
170596.114408,5,tick,""
170596.114494,5,sched_state,waiting
170596.114500,5,tick,""
170596.114514,7,sched_state,running
170596.114572,7,tick,""
170596.114599,6,sched_state,waiting
170596.114602,7,queue_length,1
170596.114605,6,tick,""
170596.114614,7,queue_length,0
170596.114641,1,sched_state,running
170596.114642,4,sched_state,waiting
170596.114650,4,tick,""
170596.114656,3,sched_state,waiting
170596.114666,3,tick,""
170596.114880,1,tick,""
170596.114970,6,sched_state,waiting
170596.114976,6,tick,""
170596.115006,6,sched_state,waiting
170596.115006,3,sched_state,waiting
170596.115012,6,tick,""
170596.115021,3,tick,""
170596.115310,3,sched_state,waiting
170596.115318,3,tick,""
170596.115345,4,channel_unblocked,630
170596.115351,2,yield,""
170596.115355,2,sched_state,running
170596.115398,7,sched_state,running
170596.115428,0,sched_state,running
170596.115430,5,sched_state,waiting
170596.115438,5,tick,""
170596.115448,4,sched_state,waiting
170596.115454,4,tick,""
170596.115490,4,sched_state,waiting
170596.115494,4,tick,""
170596.115528,4,sched_state,waiting
170596.115533,4,tick,""
170596.115556,6,sched_state,waiting
170596.115566,6,tick,""
170596.115578,5,sched_state,waiting
170596.115585,5,tick,""
170596.115613,6,sched_state,waiting
170596.115619,6,tick,""
170596.115636,2,tick,""
170596.115649,2,reduction,""
170596.115653,2,sched_state,running
170596.115662,7,tick,""
170596.115914,2,tick,""
170596.115920,2,reduction,""
170596.115922,2,sched_state,running
170596.115948,0,tick,""
170596.115971,1,channel_blocked,894
170596.115974,1,yield,""
170596.116133,5,sched_state,waiting
170596.116179,5,tick,""
170596.116187,2,tick,""
170596.116592,1,sched_state,running
170596.116610,1,tick,""
170596.116622,5,sched_state,waiting
170596.116622,1,queue_length,1
170596.116629,5,tick,""
170596.116637,1,queue_length,0
170596.116828,3,sched_state,waiting
170596.116837,3,tick,""
170596.116838,6,sched_state,waiting
170596.116848,6,tick,""
170596.116884,6,sched_state,waiting
170596.116890,6,tick,""
170596.116891,3,sched_state,waiting
170596.116899,3,tick,""
170596.117023,6,sched_state,waiting
170596.117029,6,tick,""
170596.117034,3,sched_state,waiting
170596.117043,3,tick,""
170596.117133,3,sched_state,waiting
170596.117141,3,tick,""
170596.117209,1,sched_state,running
170596.117218,4,sched_state,waiting
170596.117221,4,channel_unblocked,1175
170596.117224,4,tick,""
170596.117226,0,yield,""
170596.117233,0,sched_state,running
170596.117455,1,tick,""
170596.117711,3,sched_state,waiting
170596.117719,3,tick,""
170596.117719,0,tick,""
170596.117724,0,sched_state,running
170596.117734,0,tick,""
170596.117748,0,queue_length,0
170596.117753,0,sched_state,waiting
170596.117761,0,tick,""
170596.117766,3,sched_state,waiting
170596.117772,3,tick,""
170596.117807,3,sched_state,waiting
170596.117814,3,tick,""
170596.117864,6,sched_state,waiting
170596.117866,4,sched_state,waiting
170596.117868,3,sched_state,waiting
170596.117871,6,tick,""
170596.117872,4,tick,""
170596.117874,3,tick,""
170596.117905,0,channel_unblocked,630
170596.117911,2,yield,""
170596.117915,2,sched_state,running
170596.117929,4,sched_state,waiting
170596.117929,3,sched_state,waiting
170596.117935,3,tick,""
170596.117936,4,tick,""
170596.117999,3,sched_state,waiting
170596.118006,3,tick,""
170596.118043,3,sched_state,waiting
170596.118050,3,tick,""
170596.118085,3,sched_state,waiting
170596.118091,3,tick,""
170596.118147,3,sched_state,waiting
170596.118152,3,tick,""
170596.118184,2,tick,""
170596.118190,2,sched_state,running
170596.118198,2,tick,""
170596.118210,4,sched_state,waiting
170596.118218,4,tick,""
170596.118221,2,queue_length,0
170596.118226,2,sched_state,waiting
170596.118232,2,tick,""
170596.118272,2,sched_state,waiting
170596.118279,2,tick,""
170596.118317,4,sched_state,waiting
170596.118323,4,tick,""
170596.118361,4,sched_state,waiting
170596.118367,4,tick,""
170596.118380,2,sched_state,waiting
170596.118386,2,tick,""
170596.118426,2,sched_state,waiting
170596.118429,4,sched_state,waiting
170596.118433,2,tick,""
170596.118435,4,tick,""
170596.118481,2,sched_state,waiting
170596.118486,2,tick,""
170596.118530,4,sched_state,waiting
170596.118536,4,tick,""
170596.118570,4,sched_state,waiting
170596.118576,4,tick,""
170596.118666,4,sched_state,waiting
170596.118672,4,tick,""
170596.118685,0,channel_blocked,87
170596.118689,7,yield,""
170596.118715,4,sched_state,waiting
170596.118721,4,tick,""
170596.119350,7,sched_state,running
170596.119468,7,tick,""
170596.119486,5,sched_state,waiting
170596.119492,0,sched_state,waiting
170596.119496,5,tick,""
170596.119498,3,sched_state,waiting
170596.119499,0,tick,""
170596.119504,7,queue_length,1
170596.119505,2,sched_state,waiting
170596.119507,3,tick,""
170596.119509,2,tick,""
170596.119512,4,sched_state,waiting
170596.119515,7,queue_length,0
170596.119520,4,tick,""
170596.119522,6,sched_state,waiting
170596.119528,6,tick,""
170596.119557,0,sched_state,waiting
170596.119562,0,tick,""
170596.119578,2,sched_state,waiting
170596.119584,2,tick,""
170596.119599,0,sched_state,waiting
170596.119608,0,tick,""
170596.119642,0,sched_state,waiting
170596.119647,0,tick,""
170596.119659,6,sched_state,waiting
170596.119665,6,tick,""
170596.119682,0,sched_state,waiting
170596.119687,0,tick,""
170596.119718,0,sched_state,waiting
170596.119725,0,tick,""
170596.119760,0,sched_state,waiting
170596.119767,0,tick,""
170596.119812,1,channel_blocked,894
170596.119816,1,yield,""
170596.119899,0,sched_state,waiting
170596.119906,0,tick,""
170596.119949,0,sched_state,waiting
170596.119954,0,tick,""
170596.120079,0,sched_state,waiting
170596.120085,0,tick,""
170596.120190,0,sched_state,waiting
170596.120198,0,tick,""
170596.120228,0,sched_state,waiting
170596.120234,0,tick,""
170596.120312,0,sched_state,waiting
170596.120318,0,tick,""
170596.120405,7,sched_state,running
170596.120449,1,sched_state,running
170596.120486,1,tick,""
170596.120504,3,sched_state,waiting
170596.120508,2,sched_state,waiting
170596.120509,4,sched_state,waiting
170596.120509,6,sched_state,waiting
170596.120514,4,tick,""
170596.120515,6,tick,""
170596.120514,1,queue_length,1
170596.120514,3,tick,""
170596.120517,2,tick,""
170596.120525,1,queue_length,0
170596.120546,5,sched_state,waiting
170596.120554,5,tick,""
170596.120566,3,sched_state,waiting
170596.120569,6,sched_state,waiting
170596.120572,3,tick,""
170596.120575,6,tick,""
170596.120581,2,sched_state,waiting
170596.120586,2,tick,""
170596.120589,4,sched_state,waiting
170596.120593,4,tick,""
170596.120594,5,sched_state,waiting
170596.120600,5,tick,""
170596.120639,6,sched_state,waiting
170596.120642,2,sched_state,waiting
170596.120646,6,tick,""
170596.120648,2,tick,""
170596.120654,7,tick,""
170596.120664,5,sched_state,waiting
170596.120669,5,tick,""
170596.120678,3,sched_state,waiting
170596.120684,3,tick,""
170596.120697,4,sched_state,waiting
170596.120699,2,sched_state,waiting
170596.120703,4,tick,""
170596.120704,2,tick,""
170596.120731,5,sched_state,waiting
170596.120737,5,tick,""
170596.120737,3,sched_state,waiting
170596.120742,6,sched_state,waiting
170596.120743,3,tick,""
170596.120749,6,tick,""
170596.120777,5,sched_state,waiting
170596.120782,5,tick,""
170596.120793,3,sched_state,waiting
170596.120792,6,sched_state,waiting
170596.120798,6,tick,""
170596.120798,3,tick,""
170596.120824,5,sched_state,waiting
170596.120829,5,tick,""
170596.120845,3,sched_state,waiting
170596.120851,3,tick,""
170596.120868,2,sched_state,waiting
170596.120875,2,tick,""
170596.120887,4,sched_state,waiting
170596.120892,4,tick,""
170596.120892,5,sched_state,waiting
170596.120898,5,tick,""
170596.120927,4,sched_state,waiting
170596.120932,4,tick,""
170596.120935,6,sched_state,waiting
170596.120941,6,tick,""
170596.120946,5,sched_state,waiting
170596.120951,5,tick,""
170596.120987,3,sched_state,waiting
170596.120995,3,tick,""
170596.121026,4,sched_state,waiting
170596.121032,4,tick,""
170596.121036,3,sched_state,waiting
170596.121041,5,sched_state,waiting
170596.121042,3,tick,""
170596.121049,5,tick,""
170596.121068,4,sched_state,waiting
170596.121073,4,tick,""
170596.121090,3,sched_state,waiting
170596.121092,5,sched_state,waiting
170596.121097,5,tick,""
170596.121098,3,tick,""
170596.121111,1,sched_state,running
170596.121138,4,sched_state,waiting
170596.121142,4,tick,""
170596.121174,3,sched_state,waiting
170596.121181,3,tick,""
170596.121238,0,sched_state,waiting
170596.121243,0,tick,""
170596.121257,6,sched_state,waiting
170596.121262,6,tick,""
170596.121354,2,sched_state,waiting
170596.121359,1,tick,""
170596.121361,2,tick,""
170596.121397,0,sched_state,waiting
170596.121402,0,tick,""
170596.121421,2,sched_state,waiting
170596.121427,2,tick,""
170596.121464,2,sched_state,waiting
170596.121469,2,tick,""
170596.121507,2,sched_state,waiting
170596.121512,2,tick,""
170596.121540,2,sched_state,waiting
170596.121545,2,tick,""
170596.121577,2,sched_state,waiting
170596.121581,2,tick,""
170596.121949,5,sched_state,waiting
170596.121953,6,sched_state,waiting
170596.121957,5,tick,""
170596.121956,0,sched_state,waiting
170596.121958,6,tick,""
170596.121963,0,tick,""
170596.121990,4,sched_state,waiting
170596.121996,4,tick,""
170596.122003,5,sched_state,waiting
170596.122007,0,sched_state,waiting
170596.122012,5,tick,""
170596.122013,0,tick,""
170596.122023,6,sched_state,waiting
170596.122027,6,tick,""
170596.122058,0,sched_state,waiting
170596.122064,0,tick,""
170596.122079,6,sched_state,waiting
170596.122085,6,tick,""
170596.122142,6,sched_state,waiting
170596.122148,6,tick,""
170596.122180,6,sched_state,waiting
170596.122186,6,tick,""
170596.122188,0,sched_state,waiting
170596.122200,0,tick,""
170596.122220,6,sched_state,waiting
170596.122225,6,tick,""
170596.122265,6,sched_state,waiting
170596.122273,6,tick,""
170596.122312,6,sched_state,waiting
170596.122318,6,tick,""
170596.122333,0,channel_unblocked,87
170596.122336,3,sched_state,waiting
170596.122343,3,tick,""
170596.122345,7,yield,""
170596.122349,7,sched_state,running
170596.122361,6,sched_state,waiting
170596.122365,0,sched_state,waiting
170596.122366,6,tick,""
170596.122373,0,tick,""
170596.122394,3,sched_state,waiting
170596.122401,3,tick,""
170596.122743,7,tick,""
170596.122749,7,reduction,""
170596.122752,7,sched_state,running
170596.122759,1,channel_blocked,894
170596.122763,1,yield,""
170596.122982,7,tick,""
170596.122990,7,reduction,""
170596.122993,7,sched_state,running
170596.123296,1,sched_state,running
170596.123330,1,tick,""
170596.123341,1,queue_length,1
170596.123341,6,sched_state,waiting
170596.123342,7,tick,""
170596.123349,1,queue_length,0
170596.123349,6,tick,""
170596.123452,6,sched_state,waiting
170596.123457,6,tick,""
170596.123545,6,sched_state,waiting
170596.123551,6,tick,""
170596.123640,6,sched_state,waiting
170596.123645,6,tick,""
170596.123806,2,sched_state,waiting
170596.123809,4,sched_state,waiting
170596.123811,2,tick,""
170596.123810,5,sched_state,waiting
170596.123815,4,tick,""
170596.123819,5,tick,""
170596.123821,0,sched_state,waiting
170596.123824,0,tick,""
170596.123825,6,sched_state,waiting
170596.123831,6,tick,""
170596.123881,1,sched_state,running
170596.123898,2,sched_state,waiting
170596.123904,2,tick,""
170596.123920,5,sched_state,waiting
170596.123927,5,tick,""
170596.123935,0,sched_state,waiting
170596.123939,0,tick,""
170596.124004,0,sched_state,waiting
170596.124010,0,tick,""
170596.124054,0,sched_state,waiting
170596.124060,0,tick,""
170596.124096,0,sched_state,waiting
170596.124104,0,tick,""
170596.124128,1,tick,""
170596.124147,0,sched_state,waiting
170596.124154,0,tick,""
170596.124186,0,sched_state,waiting
170596.124197,0,tick,""
170596.124223,0,sched_state,waiting
170596.124228,0,tick,""
170596.124293,0,sched_state,waiting
170596.124300,0,tick,""
170596.124324,3,sched_state,waiting
170596.124328,1,channel_unblocked,87
170596.124332,3,tick,""
170596.124333,7,yield,""
170596.124338,7,sched_state,running
170596.124346,4,sched_state,waiting
170596.124346,5,sched_state,waiting
170596.124352,4,tick,""
170596.124352,5,tick,""
170596.124359,0,sched_state,waiting
170596.124363,0,tick,""
170596.124383,6,sched_state,waiting
170596.124389,6,tick,""
170596.124543,2,sched_state,waiting
170596.124550,2,tick,""
170596.124557,0,sched_state,waiting
170596.124559,4,sched_state,waiting
170596.124564,0,tick,""
170596.124567,4,tick,""
170596.124575,7,tick,""
170596.124585,7,reduction,""
170596.124588,7,sched_state,running
170596.124595,6,sched_state,waiting
170596.124601,6,tick,""
170596.124630,0,sched_state,waiting
170596.124637,0,tick,""
170596.124811,7,tick,""
170596.124817,7,sched_state,stop
