timestamp,lpu,event,value
174298.093121,0,sched_state,startup
174298.093234,0,tick,""
174298.093239,0,reduction,""
174298.093240,0,sched_state,running
174298.093303,0,tick,""
174298.093306,0,reduction,""
174298.093307,0,sched_state,running
174298.093368,0,tick,""
174298.093370,0,reduction,""
174298.093371,0,sched_state,running
174298.093429,0,tick,""
174298.093431,0,reduction,""
174298.093432,0,sched_state,running
174298.093488,0,tick,""
174298.093490,0,reduction,""
174298.093491,0,sched_state,running
174298.093549,0,tick,""
174298.093551,0,reduction,""
174298.093552,0,sched_state,running
174298.093608,0,tick,""
174298.093611,0,reduction,""
174298.093611,0,sched_state,running
174298.093670,0,tick,""
174298.093672,0,reduction,""
174298.093673,0,sched_state,running
174298.093732,0,tick,""
174298.093734,0,reduction,""
174298.093735,0,sched_state,running
174298.093794,0,tick,""
174298.097211,0,reduction,""
174298.097220,0,sched_state,running
174298.097561,0,tick,""
174298.097565,0,reduction,""
174298.097567,0,sched_state,running
174298.097684,0,tick,""
174298.097688,0,reduction,""
174298.097690,0,sched_state,running
174298.097799,0,tick,""
174298.097942,0,reduction,""
174298.097945,0,sched_state,running
174298.097996,0,tick,""
174298.098000,0,reduction,""
174298.098001,0,sched_state,running
174298.098047,0,tick,""
174298.098051,0,reduction,""
174298.098053,0,sched_state,running
174298.098099,0,tick,""
174298.098101,0,reduction,""
174298.098104,0,sched_state,running
174298.098149,0,tick,""
174298.098153,0,reduction,""
174298.098154,0,sched_state,running
174298.098198,0,tick,""
174298.098200,0,reduction,""
174298.098202,0,sched_state,running
174298.098246,0,tick,""
174298.098249,0,reduction,""
174298.098250,0,sched_state,running
174298.098293,0,tick,""
174298.098296,0,reduction,""
174298.098297,0,sched_state,running
174298.098341,0,tick,""
174298.098345,0,reduction,""
174298.098347,0,sched_state,running
174298.098390,0,tick,""
174298.098394,0,reduction,""
174298.098395,0,sched_state,running
174298.098438,0,tick,""
174298.098442,0,reduction,""
174298.098443,0,sched_state,running
174298.098487,0,tick,""
174298.098523,0,reduction,""
174298.098524,0,sched_state,running
174298.098569,0,tick,""
174298.098575,0,reduction,""
174298.098576,0,sched_state,running
174298.098619,0,tick,""
174298.098625,0,reduction,""
174298.098626,0,sched_state,running
174298.098675,0,tick,""
174298.098679,0,reduction,""
174298.098680,0,sched_state,running
174298.098729,0,tick,""
174298.098739,0,reduction,""
174298.098740,0,sched_state,running
174298.098791,0,tick,""
174298.098795,0,reduction,""
174298.098796,0,sched_state,running
174298.098844,0,tick,""
174298.098853,0,reduction,""
174298.098854,0,sched_state,running
174298.098903,0,tick,""
174298.098907,0,spawn,""
174298.098909,0,reduction,""
174298.098910,0,sched_state,running
174298.098960,0,tick,""
174298.098964,0,reduction,""
174298.098965,0,sched_state,running
174298.099014,0,tick,""
174298.099017,0,reduction,""
174298.099018,0,sched_state,running
174298.099066,0,tick,""
174298.099070,0,reduction,""
174298.099071,0,sched_state,running
174298.099118,0,tick,""
174298.099122,0,reduction,""
174298.099123,0,sched_state,running
174298.099169,0,tick,""
174298.099176,0,reduction,""
174298.099177,0,sched_state,running
174298.099224,0,tick,""
174298.099255,0,reduction,""
174298.099256,0,sched_state,running
174298.099306,0,tick,""
174298.099314,0,reduction,""
174298.099315,0,sched_state,running
174298.099364,0,tick,""
174298.099368,0,reduction,""
174298.099369,0,sched_state,running
174298.099416,0,tick,""
174298.099420,0,reduction,""
174298.099422,0,sched_state,running
174298.099469,0,tick,""
174298.099474,0,reduction,""
174298.099477,0,sched_state,running
174298.099524,0,tick,""
174298.099528,0,reduction,""
174298.099529,0,sched_state,running
174298.099575,0,tick,""
174298.099578,0,reduction,""
174298.099579,0,sched_state,running
174298.099629,0,tick,""
174298.099657,0,reduction,""
174298.099659,0,sched_state,running
174298.099709,0,tick,""
174298.099713,0,reduction,""
174298.099715,0,sched_state,running
174298.099764,0,tick,""
174298.099769,0,reduction,""
174298.099770,0,sched_state,running
174298.099819,0,tick,""
174298.099824,0,reduction,""
174298.099825,0,sched_state,running
174298.099872,0,tick,""
174298.099881,0,reduction,""
174298.099882,0,sched_state,running
174298.099933,0,tick,""
174298.099938,0,reduction,""
174298.099939,0,sched_state,running
174298.099989,0,tick,""
174298.099997,0,reduction,""
174298.099998,0,sched_state,running
174298.100049,0,tick,""
174298.100052,0,spawn,""
174298.100054,0,reduction,""
174298.100055,0,sched_state,running
174298.100107,0,tick,""
174298.100114,0,reduction,""
174298.100115,0,sched_state,running
174298.100167,0,tick,""
174298.100171,0,reduction,""
174298.100172,0,sched_state,running
174298.100220,0,tick,""
174298.100224,0,reduction,""
174298.100225,0,sched_state,running
174298.100275,0,tick,""
174298.100279,0,reduction,""
174298.100279,0,sched_state,running
174298.100330,0,tick,""
174298.100336,0,reduction,""
174298.100337,0,sched_state,running
174298.100387,0,tick,""
174298.100422,0,reduction,""
174298.100424,0,sched_state,running
174298.100474,0,tick,""
174298.100481,0,reduction,""
174298.100482,0,sched_state,running
174298.100533,0,tick,""
174298.100538,0,reduction,""
174298.100539,0,sched_state,running
174298.100589,0,tick,""
174298.100593,0,reduction,""
174298.100594,0,sched_state,running
174298.100644,0,tick,""
174298.100647,0,reduction,""
174298.100648,0,sched_state,running
174298.100699,0,tick,""
174298.100702,0,reduction,""
174298.100703,0,sched_state,running
174298.100753,0,tick,""
174298.100755,0,reduction,""
174298.100756,0,sched_state,running
174298.100807,0,tick,""
174298.100810,0,reduction,""
174298.100811,0,sched_state,running
174298.100860,0,tick,""
174298.100863,0,reduction,""
174298.100863,0,sched_state,running
174298.100914,0,tick,""
174298.100916,0,reduction,""
174298.100918,0,sched_state,running
174298.100968,0,tick,""
174298.101588,0,channel_blocked,111
174298.101590,0,yield,""
174298.101592,0,sched_state,waiting
174298.101651,0,tick,""
174298.101664,0,reduction,""
174298.101665,0,sched_state,running
174298.101722,0,tick,""
174298.101726,0,reduction,""
174298.101728,0,sched_state,running
174298.101780,0,tick,""
174298.101789,0,reduction,""
174298.101791,0,sched_state,running
174298.101844,0,tick,""
174298.101848,0,spawn,""
174298.101849,0,reduction,""
174298.101850,0,sched_state,running
174298.101905,0,tick,""
174298.101909,0,reduction,""
174298.101910,0,sched_state,running
174298.101962,0,tick,""
174298.101965,0,reduction,""
174298.101966,0,sched_state,running
174298.102016,0,tick,""
174298.102021,0,reduction,""
174298.102023,0,sched_state,running
174298.102073,0,tick,""
174298.102076,0,reduction,""
174298.102077,0,sched_state,running
174298.102127,0,tick,""
174298.102134,0,reduction,""
174298.102136,0,sched_state,running
174298.102187,0,tick,""
174298.102219,0,reduction,""
174298.102221,0,sched_state,running
174298.102273,0,tick,""
174298.102281,0,reduction,""
174298.102282,0,sched_state,running
174298.102333,0,tick,""
174298.102338,0,reduction,""
174298.102339,0,sched_state,running
174298.102389,0,tick,""
174298.102393,0,reduction,""
174298.102394,0,sched_state,running
174298.102443,0,tick,""
174298.102453,0,reduction,""
174298.102454,0,sched_state,running
174298.102505,0,tick,""
174298.102510,0,reduction,""
174298.102511,0,sched_state,running
174298.102560,0,tick,""
174298.102569,0,reduction,""
174298.102572,0,sched_state,running
174298.102622,0,tick,""
174298.102625,0,spawn,""
174298.102627,0,reduction,""
174298.102628,0,sched_state,running
174298.102681,0,tick,""
174298.102685,0,reduction,""
174298.102686,0,sched_state,running
174298.102737,0,tick,""
174298.102740,0,reduction,""
174298.102741,0,sched_state,running
174298.102790,0,tick,""
174298.102796,0,reduction,""
174298.102797,0,sched_state,running
174298.102847,0,tick,""
174298.102850,0,reduction,""
174298.102851,0,sched_state,running
174298.102904,0,tick,""
174298.102907,0,reduction,""
174298.102908,0,sched_state,running
174298.102959,0,tick,""
174298.102962,0,reduction,""
174298.102963,0,sched_state,running
174298.103015,0,tick,""
174298.103017,0,reduction,""
174298.103018,0,sched_state,running
174298.103069,0,tick,""
174298.103072,0,reduction,""
174298.103073,0,sched_state,running
174298.103125,0,tick,""
174298.103128,0,reduction,""
174298.103129,0,sched_state,running
174298.103180,0,tick,""
174298.105193,0,channel_unblocked,137
174298.105200,0,yield,""
174298.105202,0,sched_state,waiting
174298.105734,0,tick,""
174298.105749,0,reduction,""
174298.105750,0,sched_state,running
174298.106221,0,tick,""
174298.106226,0,reduction,""
174298.106228,0,sched_state,running
174298.106489,0,tick,""
174298.106499,0,reduction,""
174298.106500,0,sched_state,running
174298.106754,0,tick,""
174298.106758,0,spawn,""
174298.106759,0,reduction,""
174298.106760,0,sched_state,running
174298.107015,0,tick,""
174298.107019,0,reduction,""
174298.107020,0,sched_state,running
174298.107275,0,tick,""
174298.107279,0,reduction,""
174298.107280,0,sched_state,running
174298.107535,0,tick,""
174298.107540,0,reduction,""
174298.107542,0,sched_state,running
174298.107795,0,tick,""
174298.107799,0,reduction,""
174298.107800,0,sched_state,running
174298.108054,0,tick,""
174298.108061,0,reduction,""
174298.108063,0,sched_state,running
174298.108334,0,tick,""
174298.108373,0,reduction,""
174298.108375,0,sched_state,running
174298.108633,0,tick,""
174298.108640,0,reduction,""
174298.108642,0,sched_state,running
174298.108900,0,tick,""
174298.108905,0,reduction,""
174298.108906,0,sched_state,running
174298.109164,0,tick,""
174298.109169,0,reduction,""
174298.109170,0,sched_state,running
174298.109426,0,tick,""
174298.109438,0,reduction,""
174298.109440,0,sched_state,running
174298.109695,0,tick,""
174298.109699,0,reduction,""
174298.109700,0,sched_state,running
174298.109954,0,tick,""
174298.109964,0,reduction,""
174298.109965,0,sched_state,running
174298.110223,0,tick,""
174298.110227,0,spawn,""
174298.110228,0,reduction,""
174298.110229,0,sched_state,running
174298.110488,0,tick,""
174298.110491,0,reduction,""
174298.110492,0,sched_state,running
174298.110747,0,tick,""
174298.110751,0,reduction,""
174298.110752,0,sched_state,running
174298.111006,0,tick,""
174298.111011,0,reduction,""
174298.111012,0,sched_state,running
174298.111267,0,tick,""
174298.111270,0,reduction,""
174298.111271,0,sched_state,running
174298.111527,0,tick,""
174298.111530,0,reduction,""
174298.111532,0,sched_state,running
174298.111787,0,tick,""
174298.111790,0,reduction,""
174298.111791,0,sched_state,running
174298.112048,0,tick,""
174298.112051,0,reduction,""
174298.112052,0,sched_state,running
174298.112315,0,tick,""
174298.112318,0,reduction,""
174298.112319,0,sched_state,running
174298.112577,0,tick,""
174298.112580,0,reduction,""
174298.112582,0,sched_state,running
174298.112841,0,tick,""
174298.113474,1,channel_blocked,175
174298.113476,0,yield,""
174298.113477,0,sched_state,waiting
174298.113746,0,tick,""
174298.113749,0,reduction,""
174298.113750,0,sched_state,running
174298.114007,0,tick,""
174298.114011,0,reduction,""
174298.114012,0,sched_state,running
174298.114269,0,tick,""
174298.114272,0,reduction,""
174298.114273,0,sched_state,running
174298.114530,0,tick,""
174298.114533,0,reduction,""
174298.114534,0,sched_state,running
174298.114791,0,tick,""
174298.114794,0,reduction,""
174298.114795,0,sched_state,running
174298.115052,0,tick,""
174298.115055,0,reduction,""
174298.115056,0,sched_state,running
174298.115315,0,tick,""
174298.115832,2,channel_blocked,192
174298.115834,0,yield,""
174298.115835,0,sched_state,waiting
174298.116265,0,tick,""
174298.116270,0,reduction,""
174298.116271,0,sched_state,running
174298.116529,0,tick,""
174298.116540,0,reduction,""
174298.116541,0,sched_state,running
174298.116799,0,tick,""
174298.116831,0,reduction,""
174298.116833,0,sched_state,running
174298.117093,0,tick,""
174298.117101,0,reduction,""
174298.117102,0,sched_state,running
174298.117360,0,tick,""
174298.117365,0,reduction,""
174298.117369,0,sched_state,running
174298.117625,0,tick,""
174298.117630,0,reduction,""
174298.117631,0,sched_state,running
174298.117888,0,tick,""
174298.117901,0,reduction,""
174298.117902,0,sched_state,running
174298.118159,0,tick,""
174298.118164,0,reduction,""
174298.118165,0,sched_state,running
174298.118421,0,tick,""
174298.118433,0,reduction,""
174298.118434,0,sched_state,running
174298.118714,0,tick,""
174298.118717,0,spawn,""
174298.118719,0,reduction,""
174298.118720,0,sched_state,running
174298.118980,0,tick,""
174298.118983,0,reduction,""
174298.118984,0,sched_state,running
174298.119240,0,tick,""
174298.119243,0,reduction,""
174298.119244,0,sched_state,running
174298.119500,0,tick,""
174298.119506,0,reduction,""
174298.119507,0,sched_state,running
174298.119783,0,tick,""
174298.119787,0,reduction,""
174298.119788,0,sched_state,running
174298.120044,0,tick,""
174298.120047,0,reduction,""
174298.120048,0,sched_state,running
174298.120328,0,tick,""
174298.120332,0,reduction,""
174298.120334,0,sched_state,running
174298.120592,0,tick,""
174298.120595,0,reduction,""
174298.120597,0,sched_state,running
174298.120855,0,tick,""
174298.120864,0,reduction,""
174298.120866,0,sched_state,running
174298.121124,0,tick,""
174298.121128,0,reduction,""
174298.121129,0,sched_state,running
174298.121388,0,tick,""
174298.121396,0,reduction,""
174298.121398,0,sched_state,running
174298.121659,0,tick,""
174298.121662,0,reduction,""
174298.121664,0,sched_state,running
174298.121923,0,tick,""
174298.121927,0,reduction,""
174298.121928,0,sched_state,running
174298.122188,0,tick,""
174298.122313,0,reduction,""
174298.122316,0,sched_state,running
174298.122569,0,tick,""
174298.122573,0,reduction,""
174298.122574,0,sched_state,running
174298.122824,0,tick,""
174298.122827,0,reduction,""
174298.122828,0,sched_state,running
174298.123076,0,tick,""
174298.123078,0,reduction,""
174298.123079,0,sched_state,running
174298.123330,0,tick,""
174298.123333,0,reduction,""
174298.123334,0,sched_state,running
174298.123584,0,tick,""
174298.123676,0,reduction,""
174298.123678,0,sched_state,running
174298.123933,0,tick,""
174298.123936,0,reduction,""
174298.123938,0,sched_state,running
174298.124192,0,tick,""
174298.124204,0,reduction,""
174298.124205,0,sched_state,running
174298.124444,0,tick,""
174298.124447,0,reduction,""
174298.124449,0,sched_state,running
174298.124686,0,tick,""
174298.124690,0,reduction,""
174298.124691,0,sched_state,running
174298.124929,0,tick,""
174298.124932,0,reduction,""
174298.124933,0,sched_state,running
174298.125170,0,tick,""
174298.125654,3,channel_blocked,137
174298.125658,0,yield,""
174298.125659,0,sched_state,waiting
174298.125939,0,tick,""
174298.125943,0,reduction,""
174298.125945,0,sched_state,running
174298.126222,0,tick,""
174298.126227,0,reduction,""
174298.126230,0,sched_state,running
174298.126393,0,tick,""
174298.126506,0,reduction,""
174298.126509,0,sched_state,running
174298.126663,0,tick,""
174298.126667,0,reduction,""
174298.126668,0,sched_state,running
174298.126819,0,tick,""
174298.126822,0,reduction,""
174298.126823,0,sched_state,running
174298.126973,0,tick,""
174298.126975,0,reduction,""
174298.126976,0,sched_state,running
174298.127128,0,tick,""
174298.127132,0,reduction,""
174298.127133,0,sched_state,running
174298.127283,0,tick,""
174298.127373,0,reduction,""
174298.127375,0,sched_state,running
174298.127529,0,tick,""
174298.127533,0,reduction,""
174298.127534,0,sched_state,running
174298.127685,0,tick,""
174298.127696,0,reduction,""
174298.127697,0,sched_state,running
174298.127836,0,tick,""
174298.127839,0,reduction,""
174298.127840,0,sched_state,running
174298.127981,0,tick,""
174298.127984,0,reduction,""
174298.127985,0,sched_state,running
174298.128128,0,tick,""
174298.128132,0,reduction,""
174298.128133,0,sched_state,running
174298.128272,0,tick,""
174298.130128,1,channel_unblocked,111
174298.130137,0,yield,""
174298.130139,0,sched_state,waiting
174298.130656,0,tick,""
174298.130663,0,reduction,""
174298.130665,0,sched_state,running
174298.131115,0,tick,""
174298.131121,0,reduction,""
174298.131123,0,sched_state,running
174298.131368,0,tick,""
174298.131371,0,reduction,""
174298.131373,0,sched_state,running
174298.131619,0,tick,""
174298.131622,0,reduction,""
174298.131623,0,sched_state,running
174298.131867,0,tick,""
174298.131870,0,reduction,""
174298.131872,0,sched_state,running
174298.132125,0,tick,""
174298.132128,0,reduction,""
174298.132130,0,sched_state,running
174298.132374,0,tick,""
174298.133593,3,channel_unblocked,274
174298.133600,0,yield,""
174298.133601,0,sched_state,waiting
174298.134202,0,tick,""
174298.134207,0,reduction,""
174298.134209,0,sched_state,running
174298.134825,0,tick,""
174298.134830,0,reduction,""
174298.134831,0,sched_state,running
174298.135623,0,tick,""
174298.135628,0,reduction,""
174298.135630,0,sched_state,running
174298.136053,0,tick,""
174298.136056,0,reduction,""
174298.136058,0,sched_state,running
174298.136481,0,tick,""
174298.136485,0,reduction,""
174298.136486,0,sched_state,running
174298.136902,0,tick,""
174298.136906,0,reduction,""
174298.136907,0,sched_state,running
174298.137324,0,tick,""
174298.138054,4,channel_blocked,346
174298.138058,0,yield,""
174298.138059,0,sched_state,waiting
174298.138486,0,tick,""
174298.138491,0,reduction,""
174298.138493,0,sched_state,running
174298.138912,0,tick,""
174298.138922,0,reduction,""
174298.138924,0,sched_state,running
174298.139340,0,tick,""
174298.139397,0,reduction,""
174298.139400,0,sched_state,running
174298.140116,0,tick,""
174298.140136,0,reduction,""
174298.140138,0,sched_state,running
174298.140922,0,tick,""
174298.140930,0,reduction,""
174298.140931,0,sched_state,running
174298.141338,0,tick,""
174298.141342,0,reduction,""
174298.141343,0,sched_state,running
174298.141768,0,tick,""
174298.141789,0,reduction,""
174298.141790,0,sched_state,running
174298.142211,0,tick,""
174298.142215,0,reduction,""
174298.142216,0,sched_state,running
174298.142619,0,tick,""
174298.142629,0,reduction,""
174298.142631,0,sched_state,running
174298.143055,0,tick,""
174298.143059,0,spawn,""
174298.143060,0,reduction,""
174298.143061,0,sched_state,running
174298.143480,0,tick,""
174298.143483,0,reduction,""
174298.143484,0,sched_state,running
174298.143901,0,tick,""
174298.143905,0,reduction,""
174298.143906,0,sched_state,running
174298.144357,0,tick,""
174298.144363,0,reduction,""
174298.144366,0,sched_state,running
174298.144784,0,tick,""
174298.144787,0,reduction,""
174298.144789,0,sched_state,running
174298.145203,0,tick,""
174298.145206,0,reduction,""
174298.145207,0,sched_state,running
174298.145621,0,tick,""
174298.145624,0,reduction,""
174298.145626,0,sched_state,running
174298.146038,0,tick,""
174298.146041,0,reduction,""
174298.146043,0,sched_state,running
174298.146459,0,tick,""
174298.146470,0,reduction,""
174298.146471,0,sched_state,running
174298.146887,0,tick,""
174298.146890,0,reduction,""
174298.146892,0,sched_state,running
174298.147305,0,tick,""
174298.147314,0,reduction,""
174298.147315,0,sched_state,running
174298.147734,0,tick,""
174298.147737,0,reduction,""
174298.147739,0,sched_state,running
174298.148157,0,tick,""
174298.148160,0,reduction,""
174298.148161,0,sched_state,running
174298.148576,0,tick,""
174298.148579,0,reduction,""
174298.148580,0,sched_state,running
174298.148996,0,tick,""
174298.148998,0,reduction,""
174298.149000,0,sched_state,running
174298.149420,0,tick,""
174298.149423,0,reduction,""
174298.149424,0,sched_state,running
174298.149844,0,tick,""
174298.149847,0,reduction,""
174298.149849,0,sched_state,running
174298.150268,0,tick,""
174298.150853,5,channel_blocked,514
174298.150856,0,yield,""
174298.150857,0,sched_state,waiting
174298.151278,0,tick,""
174298.151283,0,reduction,""
174298.151284,0,sched_state,running
174298.151704,0,tick,""
174298.151708,0,reduction,""
174298.151709,0,sched_state,running
174298.152142,0,tick,""
174298.152304,0,channel_blocked,73
174298.152306,0,yield,""
174298.152308,0,sched_state,waiting
174298.152726,0,tick,""
174298.152729,0,reduction,""
174298.152731,0,sched_state,running
174298.153149,0,tick,""
174298.153152,0,reduction,""
174298.153154,0,sched_state,running
174298.153571,0,tick,""
174298.153574,0,reduction,""
174298.153575,0,sched_state,running
174298.153989,0,tick,""
174298.153992,0,reduction,""
174298.153994,0,sched_state,running
174298.154412,0,tick,""
174298.154415,0,reduction,""
174298.154417,0,sched_state,running
174298.154836,0,tick,""
174298.154845,0,reduction,""
174298.154847,0,sched_state,running
174298.155265,0,tick,""
174298.155269,0,reduction,""
174298.155270,0,sched_state,running
174298.155688,0,tick,""
174298.156679,0,channel_unblocked,111
174298.156686,0,yield,""
174298.156688,0,sched_state,waiting
174298.157276,0,tick,""
174298.157281,0,reduction,""
174298.157283,0,sched_state,running
174298.157789,0,tick,""
174298.157794,0,reduction,""
174298.157795,0,sched_state,running
174298.158296,0,tick,""
174298.158453,0,reduction,""
174298.158455,0,sched_state,running
174298.158950,0,tick,""
174298.158956,0,reduction,""
174298.158957,0,sched_state,running
174298.159447,0,tick,""
174298.159451,0,reduction,""
174298.159452,0,sched_state,running
174298.159941,0,tick,""
174298.159945,0,reduction,""
174298.159947,0,sched_state,running
174298.160465,0,tick,""
174298.160469,0,reduction,""
174298.160471,0,sched_state,running
174298.160965,0,tick,""
174298.161062,0,reduction,""
174298.161064,0,sched_state,running
174298.161559,0,tick,""
174298.161565,0,reduction,""
174298.161566,0,sched_state,running
174298.162059,0,tick,""
174298.162071,0,reduction,""
174298.162072,0,sched_state,running
174298.162555,0,tick,""
174298.162560,0,reduction,""
174298.162561,0,sched_state,running
174298.163042,0,tick,""
174298.163046,0,reduction,""
174298.163048,0,sched_state,running
174298.163530,0,tick,""
174298.163535,0,reduction,""
174298.163536,0,sched_state,running
174298.164017,0,tick,""
174298.165280,2,channel_unblocked,175
174298.165285,0,yield,""
174298.165287,0,sched_state,waiting
174298.166388,0,tick,""
174298.166394,0,reduction,""
174298.166395,0,sched_state,running
174298.167504,0,tick,""
174298.167511,0,reduction,""
174298.167512,0,sched_state,running
174298.168139,0,tick,""
174298.168291,0,reduction,""
174298.168294,0,sched_state,running
174298.168873,0,tick,""
174298.168879,0,reduction,""
174298.168880,0,sched_state,running
174298.169461,0,tick,""
174298.169464,0,reduction,""
174298.169465,0,sched_state,running
174298.170039,0,tick,""
174298.170043,0,reduction,""
174298.170044,0,sched_state,running
174298.170612,0,tick,""
174298.170617,0,reduction,""
174298.170618,0,sched_state,running
174298.171192,0,tick,""
174298.171288,0,reduction,""
174298.171290,0,sched_state,running
174298.171862,0,tick,""
174298.171867,0,reduction,""
174298.171869,0,sched_state,running
174298.172462,0,tick,""
174298.172474,0,reduction,""
174298.172475,0,sched_state,running
174298.173032,0,tick,""
174298.173037,0,reduction,""
174298.173038,0,sched_state,running
174298.173601,0,tick,""
174298.173606,0,reduction,""
174298.173607,0,sched_state,running
174298.174175,0,tick,""
174298.174179,0,reduction,""
174298.174180,0,sched_state,running
174298.174741,0,tick,""
174298.176067,4,channel_unblocked,274
174298.176072,0,yield,""
174298.176076,0,sched_state,waiting
174298.177375,0,tick,""
174298.177383,0,reduction,""
174298.177385,0,sched_state,running
174298.178642,0,tick,""
174298.178650,0,reduction,""
174298.178651,0,sched_state,running
174298.179906,0,tick,""
174298.179911,0,reduction,""
174298.179913,0,sched_state,running
174298.180631,0,tick,""
174298.180636,0,reduction,""
174298.180637,0,sched_state,running
174298.181349,0,tick,""
174298.181353,0,reduction,""
174298.181355,0,sched_state,running
174298.182022,0,tick,""
174298.182033,0,reduction,""
174298.182034,0,sched_state,running
174298.182693,0,tick,""
174298.182698,0,reduction,""
174298.182699,0,sched_state,running
174298.183359,0,tick,""
174298.184122,0,channel_blocked,137
174298.184125,0,yield,""
174298.184128,0,sched_state,waiting
174298.184729,0,tick,""
174298.184735,0,reduction,""
174298.184737,0,sched_state,running
174298.185310,0,tick,""
174298.185315,0,reduction,""
174298.185317,0,sched_state,running
174298.185896,0,tick,""
174298.185900,0,reduction,""
174298.185901,0,sched_state,running
174298.186473,0,tick,""
174298.186478,0,reduction,""
174298.186479,0,sched_state,running
174298.187050,0,tick,""
174298.187055,0,reduction,""
174298.187056,0,sched_state,running
174298.187632,0,tick,""
174298.187637,0,reduction,""
174298.187638,0,sched_state,running
174298.188219,0,tick,""
174298.188822,6,channel_blocked,699
174298.188825,0,yield,""
174298.188826,0,sched_state,waiting
174298.189407,0,tick,""
174298.189413,0,reduction,""
174298.189415,0,sched_state,running
174298.189987,0,tick,""
174298.189992,0,reduction,""
174298.189994,0,sched_state,running
174298.190568,0,tick,""
174298.191182,0,channel_unblocked,73
174298.191189,0,yield,""
174298.191192,0,sched_state,waiting
174298.191911,0,tick,""
174298.191925,0,reduction,""
174298.191926,0,sched_state,running
174298.192641,0,tick,""
174298.192647,0,reduction,""
174298.192649,0,sched_state,running
174298.193335,0,tick,""
174298.193485,0,reduction,""
174298.193487,0,sched_state,running
174298.194165,0,tick,""
174298.194170,0,reduction,""
174298.194172,0,sched_state,running
174298.194840,0,tick,""
174298.194844,0,reduction,""
174298.194845,0,sched_state,running
174298.195520,0,tick,""
174298.195523,0,reduction,""
174298.195525,0,sched_state,running
174298.196198,0,tick,""
174298.196204,0,reduction,""
174298.196205,0,sched_state,running
174298.196872,0,tick,""
174298.196963,0,reduction,""
174298.196965,0,sched_state,running
174298.197645,0,tick,""
174298.197650,0,reduction,""
174298.197652,0,sched_state,running
174298.198329,0,tick,""
174298.198342,0,reduction,""
174298.198344,0,sched_state,running
174298.199008,0,tick,""
174298.199017,0,reduction,""
174298.199018,0,sched_state,running
174298.199677,0,tick,""
174298.199681,0,reduction,""
174298.199683,0,sched_state,running
174298.200346,0,tick,""
174298.200351,0,reduction,""
174298.200353,0,sched_state,running
174298.201016,0,tick,""
174298.201354,1,channel_blocked,111
174298.201356,0,yield,""
174298.201358,0,sched_state,waiting
174298.201938,0,tick,""
174298.201943,0,reduction,""
174298.201945,0,sched_state,running
174298.202520,0,tick,""
174298.202525,0,reduction,""
174298.202527,0,sched_state,running
174298.203100,0,tick,""
174298.203105,0,reduction,""
174298.203106,0,sched_state,running
174298.203682,0,tick,""
174298.203697,0,reduction,""
174298.203699,0,sched_state,running
174298.204284,0,tick,""
174298.204289,0,reduction,""
174298.204291,0,sched_state,running
174298.204868,0,tick,""
174298.204882,0,reduction,""
174298.204883,0,sched_state,running
174298.205458,0,tick,""
174298.205463,0,reduction,""
174298.205465,0,sched_state,running
174298.206042,0,tick,""
174298.206047,0,reduction,""
174298.206048,0,sched_state,running
174298.206623,0,tick,""
174298.206627,0,reduction,""
174298.206628,0,sched_state,running
174298.207206,0,tick,""
174298.207212,0,reduction,""
174298.207213,0,sched_state,running
174298.207787,0,tick,""
174298.207792,0,reduction,""
174298.207793,0,sched_state,running
174298.208398,0,tick,""
174298.208403,0,reduction,""
174298.208405,0,sched_state,running
174298.208982,0,tick,""
174298.209633,7,channel_blocked,73
174298.209637,0,yield,""
174298.209639,0,sched_state,waiting
174298.210596,0,tick,""
174298.210601,0,reduction,""
174298.210603,0,sched_state,running
174298.211140,0,tick,""
174298.211145,0,reduction,""
174298.211146,0,sched_state,running
174298.211675,0,tick,""
174298.211678,0,reduction,""
174298.211680,0,sched_state,running
174298.212214,0,tick,""
174298.212218,0,reduction,""
174298.212219,0,sched_state,running
174298.212750,0,tick,""
174298.212755,0,reduction,""
174298.212756,0,sched_state,running
174298.213287,0,tick,""
174298.213296,0,reduction,""
174298.213297,0,sched_state,running
174298.213832,0,tick,""
174298.213837,0,reduction,""
174298.213838,0,sched_state,running
174298.214371,0,tick,""
174298.215767,1,channel_unblocked,175
174298.215773,0,yield,""
174298.215776,0,sched_state,waiting
174298.217048,0,tick,""
174298.217056,0,reduction,""
174298.217058,0,sched_state,running
174298.217733,0,tick,""
174298.217739,0,reduction,""
174298.217741,0,sched_state,running
174298.218404,0,tick,""
174298.218549,0,reduction,""
174298.218551,0,sched_state,running
174298.219208,0,tick,""
174298.219213,0,reduction,""
174298.219214,0,sched_state,running
174298.219861,0,tick,""
174298.219865,0,reduction,""
174298.219867,0,sched_state,running
174298.220541,0,tick,""
174298.220545,0,reduction,""
174298.220547,0,sched_state,running
174298.221218,0,tick,""
174298.221224,0,reduction,""
174298.221225,0,sched_state,running
174298.221873,0,tick,""
174298.221963,0,reduction,""
174298.221965,0,sched_state,running
174298.222617,0,tick,""
174298.222622,0,reduction,""
174298.222624,0,sched_state,running
174298.223268,0,tick,""
174298.223281,0,reduction,""
174298.223283,0,sched_state,running
174298.223918,0,tick,""
174298.223923,0,reduction,""
174298.223925,0,sched_state,running
174298.224588,0,tick,""
174298.224594,0,reduction,""
174298.224595,0,sched_state,running
174298.225233,0,tick,""
174298.225238,0,reduction,""
174298.225239,0,sched_state,running
174298.225882,0,tick,""
174298.227289,5,channel_unblocked,192
174298.227297,0,yield,""
174298.227299,0,sched_state,waiting
174298.228743,0,tick,""
174298.228752,0,reduction,""
174298.228754,0,sched_state,running
174298.229509,0,tick,""
174298.229514,0,reduction,""
174298.229515,0,sched_state,running
174298.230271,0,tick,""
174298.230274,0,reduction,""
174298.230276,0,sched_state,running
174298.231027,0,tick,""
174298.231031,0,reduction,""
174298.231032,0,sched_state,running
174298.231787,0,tick,""
174298.231791,0,reduction,""
174298.231792,0,sched_state,running
174298.232569,0,tick,""
174298.232581,0,reduction,""
174298.232582,0,sched_state,running
174298.233324,0,tick,""
174298.233329,0,reduction,""
174298.233331,0,sched_state,running
174298.234077,0,tick,""
174298.234814,3,channel_blocked,274
174298.234817,0,yield,""
174298.234819,0,sched_state,waiting
174298.235491,0,tick,""
174298.235498,0,reduction,""
174298.235500,0,sched_state,running
174298.236198,0,tick,""
174298.236205,0,reduction,""
174298.236206,0,sched_state,running
174298.236872,0,tick,""
174298.236992,0,reduction,""
174298.236994,0,sched_state,running
174298.237654,0,tick,""
174298.237659,0,reduction,""
174298.237661,0,sched_state,running
174298.238323,0,tick,""
174298.238327,0,reduction,""
174298.238328,0,sched_state,running
174298.238983,0,tick,""
174298.238987,0,reduction,""
174298.238988,0,sched_state,running
174298.239648,0,tick,""
174298.239654,0,reduction,""
174298.239655,0,sched_state,running
174298.240345,0,tick,""
174298.240436,0,reduction,""
174298.240438,0,sched_state,running
174298.241106,0,tick,""
174298.241111,0,reduction,""
174298.241113,0,sched_state,running
174298.241778,0,tick,""
174298.241791,0,reduction,""
174298.241793,0,sched_state,running
174298.242438,0,tick,""
174298.242443,0,reduction,""
174298.242444,0,sched_state,running
174298.243097,0,tick,""
174298.243102,0,reduction,""
174298.243103,0,sched_state,running
174298.243748,0,tick,""
174298.243752,0,reduction,""
174298.243754,0,sched_state,running
174298.244403,0,tick,""
174298.245763,6,channel_unblocked,346
174298.245769,0,yield,""
174298.245772,0,sched_state,waiting
174298.247127,0,tick,""
174298.247134,0,reduction,""
174298.247135,0,sched_state,running
174298.247878,0,tick,""
174298.247884,0,reduction,""
174298.247886,0,sched_state,running
174298.248639,0,tick,""
174298.248644,0,reduction,""
174298.248645,0,sched_state,running
174298.249385,0,tick,""
174298.249400,0,reduction,""
174298.249402,0,sched_state,running
174298.250150,0,tick,""
174298.250155,0,reduction,""
174298.250157,0,sched_state,running
174298.250904,0,tick,""
174298.250917,0,reduction,""
174298.250918,0,sched_state,running
174298.251662,0,tick,""
174298.251667,0,reduction,""
174298.251669,0,sched_state,running
174298.252420,0,tick,""
174298.252425,0,reduction,""
174298.252427,0,sched_state,running
174298.253169,0,tick,""
174298.253173,0,reduction,""
174298.253175,0,sched_state,running
174298.253924,0,tick,""
174298.253929,0,reduction,""
174298.253930,0,sched_state,running
174298.254677,0,tick,""
174298.254682,0,reduction,""
174298.254683,0,sched_state,running
174298.255431,0,tick,""
174298.255435,0,reduction,""
174298.255437,0,sched_state,running
174298.256182,0,tick,""
174298.256814,8,channel_blocked,73
174298.256817,0,yield,""
174298.256819,0,sched_state,waiting
174298.257531,0,tick,""
174298.257541,0,reduction,""
174298.257542,0,sched_state,running
174298.258254,0,tick,""
174298.258260,0,reduction,""
174298.258262,0,sched_state,running
174298.258967,0,tick,""
174298.259087,0,reduction,""
174298.259090,0,sched_state,running
174298.259783,0,tick,""
174298.259788,0,reduction,""
174298.259789,0,sched_state,running
174298.260482,0,tick,""
174298.260487,0,reduction,""
174298.260489,0,sched_state,running
174298.261172,0,tick,""
174298.261175,0,reduction,""
174298.261177,0,sched_state,running
174298.261871,0,tick,""
174298.261876,0,reduction,""
174298.261877,0,sched_state,running
174298.262563,0,tick,""
174298.262652,0,reduction,""
174298.262654,0,sched_state,running
174298.263353,0,tick,""
174298.263359,0,reduction,""
174298.263360,0,sched_state,running
174298.264054,0,tick,""
174298.264067,0,reduction,""
174298.264068,0,sched_state,running
174298.264753,0,tick,""
174298.264760,0,reduction,""
174298.264762,0,sched_state,running
174298.265444,0,tick,""
174298.265449,0,reduction,""
174298.265450,0,sched_state,running
174298.266133,0,tick,""
174298.266137,0,reduction,""
174298.266139,0,sched_state,running
174298.266816,0,tick,""
174298.268028,3,channel_unblocked,137
174298.268034,0,yield,""
174298.268037,0,sched_state,waiting
174298.268853,0,tick,""
174298.268864,0,reduction,""
174298.268866,0,sched_state,running
174298.269655,0,tick,""
174298.269662,0,reduction,""
174298.269664,0,sched_state,running
174298.270450,0,tick,""
174298.270563,0,reduction,""
174298.270565,0,sched_state,running
174298.271352,0,tick,""
174298.271358,0,reduction,""
174298.271359,0,sched_state,running
174298.272158,0,tick,""
174298.272163,0,reduction,""
174298.272164,0,sched_state,running
174298.272946,0,tick,""
174298.272951,0,reduction,""
174298.272952,0,sched_state,running
174298.273737,0,tick,""
174298.273743,0,reduction,""
174298.273745,0,sched_state,running
174298.274528,0,tick,""
174298.274619,0,reduction,""
174298.274621,0,sched_state,running
174298.275408,0,tick,""
174298.275415,0,reduction,""
174298.275416,0,sched_state,running
174298.276209,0,tick,""
174298.276223,0,reduction,""
174298.276225,0,sched_state,running
174298.277005,0,tick,""
174298.277013,0,reduction,""
174298.277015,0,sched_state,running
174298.277782,0,tick,""
174298.277787,0,reduction,""
174298.277788,0,sched_state,running
174298.278553,0,tick,""
174298.278558,0,reduction,""
174298.278559,0,sched_state,running
174298.279331,0,tick,""
174298.279685,2,channel_blocked,175
174298.279687,0,yield,""
174298.279689,0,sched_state,waiting
174298.280369,0,tick,""
174298.280374,0,reduction,""
174298.280377,0,sched_state,running
174298.281058,0,tick,""
174298.281063,0,reduction,""
174298.281065,0,sched_state,running
174298.281746,0,tick,""
174298.281750,0,reduction,""
174298.281752,0,sched_state,running
174298.282425,0,tick,""
174298.282429,0,reduction,""
174298.282431,0,sched_state,running
174298.283109,0,tick,""
174298.283113,0,reduction,""
174298.283114,0,sched_state,running
174298.283794,0,tick,""
174298.283806,0,reduction,""
174298.283807,0,sched_state,running
174298.284497,0,tick,""
174298.284502,0,reduction,""
174298.284503,0,sched_state,running
174298.285197,0,tick,""
174298.285576,0,channel_blocked,111
174298.285578,0,yield,""
174298.285579,0,sched_state,waiting
174298.286175,0,tick,""
174298.286180,0,reduction,""
174298.286182,0,sched_state,running
174298.286775,0,tick,""
174298.286779,0,reduction,""
174298.286780,0,sched_state,running
174298.287376,0,tick,""
174298.287379,0,reduction,""
174298.287380,0,sched_state,running
174298.287977,0,tick,""
174298.287981,0,reduction,""
174298.287982,0,sched_state,running
174298.288596,0,tick,""
174298.288601,0,reduction,""
174298.288602,0,sched_state,running
174298.289201,0,tick,""
174298.289209,0,reduction,""
174298.289211,0,sched_state,running
174298.289814,0,tick,""
174298.289819,0,reduction,""
174298.289820,0,sched_state,running
174298.290424,0,tick,""
174298.292048,2,channel_unblocked,192
174298.292055,0,yield,""
174298.292058,0,sched_state,waiting
174298.293483,0,tick,""
174298.293493,0,reduction,""
174298.293495,0,sched_state,running
174298.294230,0,tick,""
174298.294237,0,reduction,""
174298.294238,0,sched_state,running
174298.294963,0,tick,""
174298.295121,0,reduction,""
174298.295125,0,sched_state,running
174298.295837,0,tick,""
174298.295843,0,reduction,""
174298.295844,0,sched_state,running
174298.296561,0,tick,""
174298.296566,0,reduction,""
174298.296567,0,sched_state,running
174298.297279,0,tick,""
174298.297284,0,reduction,""
174298.297285,0,sched_state,running
174298.297993,0,tick,""
174298.297999,0,reduction,""
174298.298001,0,sched_state,running
174298.298712,0,tick,""
174298.298809,0,reduction,""
174298.298811,0,sched_state,running
174298.299519,0,tick,""
174298.299524,0,reduction,""
174298.299526,0,sched_state,running
174298.300249,0,tick,""
174298.300264,0,reduction,""
174298.300265,0,sched_state,running
174298.300964,0,tick,""
174298.300970,0,reduction,""
174298.300971,0,sched_state,running
174298.301674,0,tick,""
174298.301680,0,reduction,""
174298.301681,0,sched_state,running
174298.302383,0,tick,""
174298.302388,0,reduction,""
174298.302389,0,sched_state,running
174298.303092,0,tick,""
174298.304469,7,channel_unblocked,514
174298.304475,0,yield,""
174298.304477,0,sched_state,waiting
174298.306025,0,tick,""
174298.306033,0,reduction,""
174298.306034,0,sched_state,running
174298.306853,0,tick,""
174298.306860,0,reduction,""
174298.306861,0,sched_state,running
174298.307670,0,tick,""
174298.307674,0,reduction,""
174298.307676,0,sched_state,running
174298.308486,0,tick,""
174298.308491,0,reduction,""
174298.308492,0,sched_state,running
174298.309309,0,tick,""
174298.309315,0,reduction,""
174298.309317,0,sched_state,running
174298.310132,0,tick,""
174298.310144,0,reduction,""
174298.310145,0,sched_state,running
174298.310952,0,tick,""
174298.310959,0,reduction,""
174298.310960,0,sched_state,running
174298.311774,0,tick,""
174298.312532,4,channel_blocked,346
174298.312535,0,yield,""
174298.312537,0,sched_state,waiting
174298.313278,0,tick,""
174298.313285,0,reduction,""
174298.313287,0,sched_state,running
174298.314026,0,tick,""
174298.314032,0,reduction,""
174298.314034,0,sched_state,running
174298.314772,0,tick,""
174298.314893,0,reduction,""
174298.314895,0,sched_state,running
174298.315624,0,tick,""
174298.315630,0,reduction,""
174298.315631,0,sched_state,running
174298.316361,0,tick,""
174298.316366,0,reduction,""
174298.316368,0,sched_state,running
174298.317093,0,tick,""
174298.317097,0,reduction,""
174298.317098,0,sched_state,running
174298.317827,0,tick,""
174298.317833,0,reduction,""
174298.317834,0,sched_state,running
174298.318564,0,tick,""
174298.318663,0,reduction,""
174298.318665,0,sched_state,running
174298.319388,0,tick,""
174298.319394,0,reduction,""
174298.319395,0,sched_state,running
174298.320129,0,tick,""
174298.320143,0,reduction,""
174298.320145,0,sched_state,running
174298.320862,0,tick,""
174298.320867,0,reduction,""
174298.320869,0,sched_state,running
174298.321584,0,tick,""
174298.321589,0,reduction,""
174298.321590,0,sched_state,running
174298.322300,0,tick,""
174298.322305,0,reduction,""
174298.322307,0,sched_state,running
174298.323022,0,tick,""
174298.324433,8,channel_unblocked,699
174298.324439,0,yield,""
174298.324442,0,sched_state,waiting
174298.325956,0,tick,""
174298.325963,0,reduction,""
174298.325964,0,sched_state,running
174298.326805,0,tick,""
174298.326811,0,reduction,""
174298.326812,0,sched_state,running
174298.327645,0,tick,""
174298.327649,0,reduction,""
174298.327650,0,sched_state,running
174298.328479,0,tick,""
174298.328484,0,reduction,""
174298.328486,0,sched_state,running
174298.329314,0,tick,""
174298.329319,0,reduction,""
174298.329320,0,sched_state,running
174298.330170,0,tick,""
174298.330181,0,reduction,""
174298.330183,0,sched_state,running
174298.331006,0,tick,""
174298.331012,0,reduction,""
174298.331014,0,sched_state,running
174298.331843,0,tick,""
174298.333368,0,channel_unblocked,137
174298.333376,0,yield,""
174298.333379,0,sched_state,waiting
174298.334583,0,tick,""
174298.334608,0,reduction,""
174298.334609,0,sched_state,running
174298.335619,0,tick,""
174298.335628,0,reduction,""
174298.335629,0,sched_state,running
174298.336633,0,tick,""
174298.336788,0,reduction,""
174298.336791,0,sched_state,running
174298.337778,0,tick,""
174298.337785,0,reduction,""
174298.337786,0,sched_state,running
174298.338770,0,tick,""
174298.338776,0,reduction,""
174298.338778,0,sched_state,running
174298.339762,0,tick,""
174298.339768,0,reduction,""
174298.339769,0,sched_state,running
174298.340795,0,tick,""
174298.340803,0,reduction,""
174298.340805,0,sched_state,running
174298.341947,0,tick,""
174298.342067,0,reduction,""
174298.342069,0,sched_state,running
174298.343080,0,tick,""
174298.343088,0,reduction,""
174298.343090,0,sched_state,running
174298.344078,0,tick,""
174298.344095,0,reduction,""
174298.344096,0,sched_state,running
174298.345070,0,tick,""
174298.345081,0,reduction,""
174298.345083,0,sched_state,running
174298.346062,0,tick,""
174298.346069,0,reduction,""
174298.346071,0,sched_state,running
174298.347043,0,tick,""
174298.347050,0,reduction,""
174298.347051,0,sched_state,running
174298.348021,0,tick,""
174298.349214,4,channel_unblocked,274
174298.349220,0,yield,""
174298.349222,0,sched_state,waiting
174298.350405,0,tick,""
174298.350421,0,reduction,""
174298.350431,0,sched_state,running
174298.352562,0,tick,""
174298.352574,0,reduction,""
174298.352576,0,sched_state,running
174298.354703,0,tick,""
174298.354876,0,reduction,""
174298.354879,0,sched_state,running
174298.355976,0,tick,""
174298.355984,0,reduction,""
174298.355985,0,sched_state,running
174298.357070,0,tick,""
174298.357076,0,reduction,""
174298.357078,0,sched_state,running
174298.358159,0,tick,""
174298.358164,0,reduction,""
174298.358165,0,sched_state,running
174298.359252,0,tick,""
174298.359260,0,reduction,""
174298.359262,0,sched_state,running
174298.360358,0,tick,""
174298.360482,0,reduction,""
174298.360485,0,sched_state,running
174298.361572,0,tick,""
174298.361580,0,reduction,""
174298.361582,0,sched_state,running
174298.362661,0,tick,""
174298.362689,0,reduction,""
174298.362691,0,sched_state,running
174298.363750,0,tick,""
174298.363762,0,reduction,""
174298.363764,0,sched_state,running
174298.364834,0,tick,""
174298.364842,0,reduction,""
174298.364843,0,sched_state,running
174298.365916,0,tick,""
174298.365923,0,reduction,""
174298.365926,0,sched_state,running
174298.366999,0,tick,""
174298.367360,5,channel_blocked,192
174298.367362,0,yield,""
174298.367364,0,sched_state,waiting
174298.368348,0,tick,""
174298.368356,0,reduction,""
174298.368358,0,sched_state,running
174298.369327,0,tick,""
174298.369333,0,reduction,""
174298.369334,0,sched_state,running
174298.370309,0,tick,""
174298.370314,0,reduction,""
174298.370315,0,sched_state,running
174298.371290,0,tick,""
174298.371295,0,reduction,""
174298.371296,0,sched_state,running
174298.372298,0,tick,""
174298.372303,0,reduction,""
174298.372304,0,sched_state,running
174298.373277,0,tick,""
174298.373289,0,reduction,""
174298.373290,0,sched_state,running
174298.374269,0,tick,""
174298.374275,0,reduction,""
174298.374276,0,sched_state,running
174298.375250,0,tick,""
174298.375782,1,channel_blocked,175
174298.375785,0,yield,""
174298.375787,0,sched_state,waiting
174298.376680,0,tick,""
174298.376686,0,reduction,""
174298.376687,0,sched_state,running
174298.377566,0,tick,""
174298.377571,0,reduction,""
174298.377573,0,sched_state,running
174298.378451,0,tick,""
174298.378455,0,reduction,""
174298.378456,0,sched_state,running
174298.379330,0,tick,""
174298.379334,0,reduction,""
174298.379335,0,sched_state,running
174298.380212,0,tick,""
174298.380217,0,reduction,""
174298.380218,0,sched_state,running
174298.381091,0,tick,""
174298.381101,0,reduction,""
174298.381102,0,sched_state,running
174298.381983,0,tick,""
174298.381988,0,reduction,""
174298.381990,0,sched_state,running
174298.382883,0,tick,""
174298.384851,5,channel_unblocked,514
174298.384858,0,yield,""
174298.384861,0,sched_state,waiting
174298.385926,0,tick,""
174298.385935,0,reduction,""
174298.385937,0,sched_state,running
174298.386952,0,tick,""
174298.386959,0,reduction,""
174298.386961,0,sched_state,running
174298.387974,0,tick,""
174298.388099,0,reduction,""
174298.388102,0,sched_state,running
174298.389119,0,tick,""
174298.389128,0,reduction,""
174298.389129,0,sched_state,running
174298.390143,0,tick,""
174298.390162,0,reduction,""
174298.390171,0,sched_state,running
174298.391170,0,tick,""
174298.391176,0,reduction,""
174298.391177,0,sched_state,running
174298.392181,0,tick,""
174298.392187,0,reduction,""
174298.392188,0,sched_state,running
174298.393189,0,tick,""
174298.393195,0,reduction,""
174298.393197,0,sched_state,running
174298.394195,0,tick,""
174298.394201,0,reduction,""
174298.394202,0,sched_state,running
174298.395200,0,tick,""
174298.395206,0,reduction,""
174298.395207,0,sched_state,running
174298.396211,0,tick,""
174298.396858,0,channel_blocked,73
174298.396862,0,yield,""
174298.396863,0,sched_state,waiting
174298.397781,0,tick,""
174298.397789,0,reduction,""
174298.397790,0,sched_state,running
174298.398694,0,tick,""
174298.398699,0,reduction,""
174298.398700,0,sched_state,running
174298.399603,0,tick,""
174298.399607,0,reduction,""
174298.399608,0,sched_state,running
174298.400508,0,tick,""
174298.400513,0,reduction,""
174298.400514,0,sched_state,running
174298.401415,0,tick,""
174298.401420,0,reduction,""
174298.401421,0,sched_state,running
174298.402325,0,tick,""
174298.402336,0,reduction,""
174298.402337,0,sched_state,running
174298.403234,0,tick,""
174298.403240,0,reduction,""
174298.403241,0,sched_state,running
174298.404150,0,tick,""
174298.405026,6,channel_blocked,699
174298.405030,0,yield,""
174298.405031,0,sched_state,waiting
174298.405873,0,tick,""
174298.405881,0,reduction,""
174298.405882,0,sched_state,running
174298.406705,0,tick,""
174298.406711,0,reduction,""
174298.406712,0,sched_state,running
174298.407536,0,tick,""
174298.407652,0,reduction,""
174298.407654,0,sched_state,running
174298.408483,0,tick,""
174298.408489,0,reduction,""
174298.408490,0,sched_state,running
174298.409310,0,tick,""
174298.409325,0,reduction,""
174298.409334,0,sched_state,running
174298.410132,0,tick,""
174298.410137,0,reduction,""
174298.410138,0,sched_state,running
174298.410956,0,tick,""
174298.410961,0,reduction,""
174298.410962,0,sched_state,running
174298.411762,0,tick,""
174298.411767,0,reduction,""
174298.411769,0,sched_state,running
174298.412581,0,tick,""
174298.412586,0,reduction,""
174298.412588,0,sched_state,running
174298.413393,0,tick,""
174298.413397,0,reduction,""
174298.413398,0,sched_state,running
174298.414212,0,tick,""
174298.415108,0,channel_unblocked,73
174298.415114,0,yield,""
174298.415116,0,sched_state,waiting
174298.416035,0,tick,""
174298.416049,0,reduction,""
174298.416050,0,sched_state,running
174298.416966,0,tick,""
174298.416972,0,reduction,""
174298.416974,0,sched_state,running
174298.417882,0,tick,""
174298.418009,0,reduction,""
174298.418011,0,sched_state,running
174298.418906,0,tick,""
174298.418912,0,reduction,""
174298.418914,0,sched_state,running
174298.419814,0,tick,""
174298.419819,0,reduction,""
174298.419821,0,sched_state,running
174298.420716,0,tick,""
174298.420721,0,reduction,""
174298.420722,0,sched_state,running
174298.421620,0,tick,""
174298.421626,0,reduction,""
174298.421628,0,sched_state,running
174298.422512,0,tick,""
174298.422606,0,reduction,""
174298.422609,0,sched_state,running
174298.423511,0,tick,""
174298.423517,0,reduction,""
174298.423518,0,sched_state,running
174298.424413,0,tick,""
174298.424428,0,reduction,""
174298.424430,0,sched_state,running
174298.425303,0,tick,""
174298.425313,0,reduction,""
174298.425314,0,sched_state,running
174298.426223,0,tick,""
174298.426228,0,reduction,""
174298.426229,0,sched_state,running
174298.427110,0,tick,""
174298.427115,0,reduction,""
174298.427116,0,sched_state,running
174298.427996,0,tick,""
174298.428418,3,channel_blocked,137
174298.428421,0,yield,""
174298.428423,0,sched_state,waiting
174298.429198,0,tick,""
174298.429208,0,reduction,""
174298.429210,0,sched_state,running
174298.429990,0,tick,""
174298.429996,0,reduction,""
174298.429997,0,sched_state,running
174298.430765,0,tick,""
174298.430874,0,reduction,""
174298.430876,0,sched_state,running
174298.431637,0,tick,""
174298.431642,0,reduction,""
174298.431644,0,sched_state,running
174298.432411,0,tick,""
174298.432415,0,reduction,""
174298.432417,0,sched_state,running
174298.433192,0,tick,""
174298.433196,0,reduction,""
174298.433197,0,sched_state,running
174298.433958,0,tick,""
174298.433963,0,reduction,""
174298.433965,0,sched_state,running
174298.434727,0,tick,""
174298.434816,0,reduction,""
174298.434818,0,sched_state,running
174298.435575,0,tick,""
174298.435580,0,reduction,""
174298.435581,0,sched_state,running
174298.436350,0,tick,""
174298.436364,0,reduction,""
174298.436366,0,sched_state,running
174298.437107,0,tick,""
174298.437115,0,reduction,""
174298.437117,0,sched_state,running
174298.437861,0,tick,""
174298.437867,0,reduction,""
174298.437868,0,sched_state,running
174298.438611,0,tick,""
174298.438616,0,reduction,""
174298.438617,0,sched_state,running
174298.439367,0,tick,""
174298.440919,1,channel_unblocked,111
174298.440927,0,yield,""
174298.440930,0,sched_state,waiting
174298.441847,0,tick,""
174298.441854,0,reduction,""
174298.441856,0,sched_state,running
174298.442758,0,tick,""
174298.442763,0,reduction,""
174298.442764,0,sched_state,running
174298.443657,0,tick,""
174298.443660,0,reduction,""
174298.443662,0,sched_state,running
174298.444566,0,tick,""
174298.444571,0,reduction,""
174298.444572,0,sched_state,running
174298.445486,0,tick,""
174298.445491,0,reduction,""
174298.445492,0,sched_state,running
174298.446387,0,tick,""
174298.446398,0,reduction,""
174298.446399,0,sched_state,running
174298.447294,0,tick,""
174298.447300,0,reduction,""
174298.447302,0,sched_state,running
174298.448202,0,tick,""
174298.450013,3,channel_unblocked,274
174298.450019,0,yield,""
174298.450022,0,sched_state,waiting
174298.451111,0,tick,""
174298.451126,0,reduction,""
174298.451128,0,sched_state,running
174298.452204,0,tick,""
174298.452212,0,reduction,""
174298.452214,0,sched_state,running
174298.453263,0,tick,""
174298.453404,0,reduction,""
174298.453406,0,sched_state,running
174298.454446,0,tick,""
174298.454453,0,reduction,""
174298.454454,0,sched_state,running
174298.455489,0,tick,""
174298.455496,0,reduction,""
174298.455498,0,sched_state,running
174298.456550,0,tick,""
174298.456555,0,reduction,""
174298.456557,0,sched_state,running
174298.457599,0,tick,""
174298.457607,0,reduction,""
174298.457608,0,sched_state,running
174298.458652,0,tick,""
174298.458762,0,reduction,""
174298.458765,0,sched_state,running
174298.459808,0,tick,""
174298.459815,0,reduction,""
174298.459816,0,sched_state,running
174298.460867,0,tick,""
174298.460894,0,reduction,""
174298.460895,0,sched_state,running
174298.461926,0,tick,""
174298.461937,0,reduction,""
174298.461939,0,sched_state,running
174298.462971,0,tick,""
174298.462978,0,reduction,""
174298.462979,0,sched_state,running
174298.464004,0,tick,""
174298.464011,0,reduction,""
174298.464012,0,sched_state,running
174298.465047,0,tick,""
174298.466273,6,channel_unblocked,346
174298.466281,0,yield,""
174298.466283,0,sched_state,waiting
174298.467504,0,tick,""
174298.467531,0,reduction,""
174298.467532,0,sched_state,running
174298.468742,0,tick,""
174298.468753,0,reduction,""
174298.468754,0,sched_state,running
174298.469945,0,tick,""
174298.470106,0,reduction,""
174298.470108,0,sched_state,running
174298.471246,0,tick,""
174298.471255,0,reduction,""
174298.471257,0,sched_state,running
174298.472410,0,tick,""
174298.472418,0,reduction,""
174298.472419,0,sched_state,running
174298.473556,0,tick,""
174298.473563,0,reduction,""
174298.473564,0,sched_state,running
174298.474710,0,tick,""
174298.474719,0,reduction,""
174298.474721,0,sched_state,running
174298.475870,0,tick,""
174298.475986,0,reduction,""
174298.475988,0,sched_state,running
174298.477143,0,tick,""
174298.477151,0,reduction,""
174298.477153,0,sched_state,running
174298.478289,0,tick,""
174298.478319,0,reduction,""
174298.478322,0,sched_state,running
174298.479445,0,tick,""
174298.479459,0,reduction,""
174298.479460,0,sched_state,running
174298.480608,0,tick,""
174298.480617,0,reduction,""
174298.480618,0,sched_state,running
174298.481745,0,tick,""
174298.481753,0,reduction,""
174298.481754,0,sched_state,running
174298.482880,0,tick,""
174298.483268,7,channel_blocked,514
174298.483270,0,yield,""
174298.483272,0,sched_state,waiting
174298.484314,0,tick,""
174298.484321,0,reduction,""
174298.484323,0,sched_state,running
174298.485352,0,tick,""
174298.485359,0,reduction,""
174298.485361,0,sched_state,running
174298.486383,0,tick,""
174298.486389,0,reduction,""
174298.486390,0,sched_state,running
174298.487402,0,tick,""
174298.487408,0,reduction,""
174298.487409,0,sched_state,running
174298.488435,0,tick,""
174298.488441,0,reduction,""
174298.488442,0,sched_state,running
174298.489463,0,tick,""
174298.489476,0,reduction,""
174298.489478,0,sched_state,running
174298.490495,0,tick,""
174298.490502,0,reduction,""
174298.490503,0,sched_state,running
174298.491526,0,tick,""
174298.492077,2,channel_blocked,192
174298.492080,0,yield,""
174298.492082,0,sched_state,waiting
174298.493044,0,tick,""
174298.493051,0,reduction,""
174298.493052,0,sched_state,running
174298.493982,0,tick,""
174298.493987,0,reduction,""
174298.493989,0,sched_state,running
174298.494910,0,tick,""
174298.494914,0,reduction,""
174298.494915,0,sched_state,running
174298.495839,0,tick,""
174298.495845,0,reduction,""
174298.495846,0,sched_state,running
174298.496777,0,tick,""
174298.496783,0,reduction,""
174298.496785,0,sched_state,running
174298.497710,0,tick,""
174298.497721,0,reduction,""
174298.497723,0,sched_state,running
174298.498648,0,tick,""
174298.498653,0,reduction,""
174298.498655,0,sched_state,running
174298.499573,0,tick,""
174298.499596,0,reduction,""
174298.499598,0,sched_state,running
174298.500507,0,tick,""
174298.500519,0,reduction,""
174298.500520,0,sched_state,running
174298.501435,0,tick,""
174298.501441,0,reduction,""
174298.501442,0,sched_state,running
174298.502360,0,tick,""
174298.502852,8,channel_blocked,73
174298.502855,0,yield,""
174298.502857,0,sched_state,waiting
174298.503703,0,tick,""
174298.503709,0,reduction,""
174298.503711,0,sched_state,running
174298.504550,0,tick,""
174298.504556,0,reduction,""
174298.504558,0,sched_state,running
174298.505384,0,tick,""
174298.505388,0,reduction,""
174298.505389,0,sched_state,running
174298.506215,0,tick,""
174298.506220,0,reduction,""
174298.506222,0,sched_state,running
174298.507047,0,tick,""
174298.507052,0,reduction,""
174298.507054,0,sched_state,running
174298.507881,0,tick,""
174298.507891,0,reduction,""
174298.507893,0,sched_state,running
174298.508738,0,tick,""
174298.508744,0,reduction,""
174298.508746,0,sched_state,running
174298.509574,0,tick,""
174298.509588,0,reduction,""
174298.509590,0,sched_state,running
174298.510403,0,tick,""
174298.510412,0,reduction,""
174298.510414,0,sched_state,running
174298.511231,0,tick,""
174298.511236,0,reduction,""
174298.511238,0,sched_state,running
174298.512059,0,tick,""
174298.513458,7,channel_unblocked,73
174298.513465,0,yield,""
174298.513468,0,sched_state,waiting
174298.514464,0,tick,""
174298.514471,0,reduction,""
174298.514473,0,sched_state,running
174298.515449,0,tick,""
174298.515454,0,reduction,""
174298.515456,0,sched_state,running
174298.516431,0,tick,""
174298.516436,0,reduction,""
174298.516437,0,sched_state,running
174298.517405,0,tick,""
174298.517410,0,reduction,""
174298.517411,0,sched_state,running
174298.518380,0,tick,""
174298.518384,0,reduction,""
174298.518386,0,sched_state,running
174298.519355,0,tick,""
174298.519369,0,reduction,""
174298.519370,0,sched_state,running
174298.520354,0,tick,""
174298.520360,0,reduction,""
174298.520361,0,sched_state,running
174298.521331,0,tick,""
174298.522308,0,channel_blocked,111
174298.522312,0,yield,""
174298.522314,0,sched_state,waiting
174298.523180,0,tick,""
174298.523194,0,reduction,""
174298.523204,0,sched_state,running
174298.524058,0,tick,""
174298.524064,0,reduction,""
174298.524065,0,sched_state,running
174298.524924,0,tick,""
174298.525056,0,reduction,""
174298.525058,0,sched_state,running
174298.525899,0,tick,""
174298.525905,0,reduction,""
174298.525906,0,sched_state,running
174298.526742,0,tick,""
174298.526746,0,reduction,""
174298.526748,0,sched_state,running
174298.527577,0,tick,""
174298.527580,0,reduction,""
174298.527582,0,sched_state,running
174298.528443,0,tick,""
174298.528449,0,reduction,""
174298.528451,0,sched_state,running
174298.529295,0,tick,""
174298.529399,0,reduction,""
174298.529402,0,sched_state,running
174298.530237,0,tick,""
174298.530242,0,reduction,""
174298.530244,0,sched_state,running
174298.531084,0,tick,""
174298.531098,0,reduction,""
174298.531108,0,sched_state,running
174298.531930,0,tick,""
174298.531939,0,reduction,""
174298.531941,0,sched_state,running
174298.532779,0,tick,""
174298.532785,0,reduction,""
174298.532787,0,sched_state,running
174298.533606,0,tick,""
174298.533611,0,reduction,""
174298.533613,0,sched_state,running
174298.534438,0,tick,""
174298.536104,2,channel_unblocked,175
174298.536117,0,yield,""
174298.536120,0,sched_state,waiting
174298.537121,0,tick,""
174298.537135,0,reduction,""
174298.537137,0,sched_state,running
174298.538111,0,tick,""
174298.538118,0,reduction,""
174298.538120,0,sched_state,running
174298.539084,0,tick,""
174298.539220,0,reduction,""
174298.539222,0,sched_state,running
174298.540188,0,tick,""
174298.540194,0,reduction,""
174298.540196,0,sched_state,running
174298.541146,0,tick,""
174298.541151,0,reduction,""
174298.541153,0,sched_state,running
174298.542102,0,tick,""
174298.542106,0,reduction,""
174298.542108,0,sched_state,running
174298.543064,0,tick,""
174298.543071,0,reduction,""
174298.543073,0,sched_state,running
174298.544018,0,tick,""
174298.544129,0,reduction,""
174298.544131,0,sched_state,running
174298.545089,0,tick,""
174298.545096,0,reduction,""
174298.545097,0,sched_state,running
174298.546047,0,tick,""
174298.546063,0,reduction,""
174298.546073,0,sched_state,running
174298.547007,0,tick,""
174298.547018,0,reduction,""
174298.547019,0,sched_state,running
174298.547983,0,tick,""
174298.547989,0,reduction,""
174298.547990,0,sched_state,running
174298.548957,0,tick,""
174298.548963,0,reduction,""
174298.548964,0,sched_state,running
174298.549908,0,tick,""
174298.550329,4,channel_blocked,274
174298.550333,0,yield,""
174298.550334,0,sched_state,waiting
174298.551166,0,tick,""
174298.551171,0,reduction,""
174298.551173,0,sched_state,running
174298.552000,0,tick,""
174298.552004,0,reduction,""
174298.552005,0,sched_state,running
174298.552841,0,tick,""
174298.552845,0,reduction,""
174298.552846,0,sched_state,running
174298.553670,0,tick,""
174298.553674,0,reduction,""
174298.553676,0,sched_state,running
174298.554506,0,tick,""
174298.554510,0,reduction,""
174298.554511,0,sched_state,running
174298.555349,0,tick,""
174298.555360,0,reduction,""
174298.555362,0,sched_state,running
174298.556197,0,tick,""
174298.556202,0,reduction,""
174298.556203,0,sched_state,running
174298.557034,0,tick,""
174298.558666,0,channel_unblocked,137
174298.558672,0,yield,""
174298.558674,0,sched_state,waiting
174298.559723,0,tick,""
174298.559731,0,reduction,""
174298.559732,0,sched_state,running
174298.560761,0,tick,""
174298.560768,0,reduction,""
174298.560769,0,sched_state,running
174298.561797,0,tick,""
174298.561803,0,reduction,""
174298.561804,0,sched_state,running
174298.562821,0,tick,""
174298.562827,0,reduction,""
174298.562829,0,sched_state,running
174298.563860,0,tick,""
174298.563867,0,reduction,""
174298.563869,0,sched_state,running
174298.564898,0,tick,""
174298.564912,0,reduction,""
174298.564913,0,sched_state,running
174298.565945,0,tick,""
174298.565952,0,reduction,""
174298.565954,0,sched_state,running
174298.566977,0,tick,""
174298.568814,4,channel_unblocked,346
174298.568821,0,yield,""
174298.568824,0,sched_state,waiting
174298.570083,0,tick,""
174298.570111,0,reduction,""
174298.570113,0,sched_state,running
174298.571320,0,tick,""
174298.571331,0,reduction,""
174298.571332,0,sched_state,running
174298.572528,0,tick,""
174298.572700,0,reduction,""
174298.572703,0,sched_state,running
174298.573877,0,tick,""
174298.573886,0,reduction,""
174298.573888,0,sched_state,running
174298.575055,0,tick,""
174298.575063,0,reduction,""
174298.575064,0,sched_state,running
174298.576247,0,tick,""
174298.576253,0,reduction,""
174298.576254,0,sched_state,running
174298.577433,0,tick,""
174298.577443,0,reduction,""
174298.577444,0,sched_state,running
174298.578615,0,tick,""
174298.578732,0,reduction,""
174298.578735,0,sched_state,running
174298.579909,0,tick,""
174298.579918,0,reduction,""
174298.579920,0,sched_state,running
174298.581110,0,tick,""
174298.581134,0,reduction,""
174298.581135,0,sched_state,running
174298.582293,0,tick,""
174298.582308,0,reduction,""
174298.582310,0,sched_state,running
174298.583477,0,tick,""
174298.583485,0,reduction,""
174298.583487,0,sched_state,running
174298.584660,0,tick,""
174298.584668,0,reduction,""
174298.584670,0,sched_state,running
174298.585825,0,tick,""
174298.586966,8,channel_unblocked,699
174298.586975,0,yield,""
174298.586978,0,sched_state,waiting
174298.588394,0,tick,""
174298.588412,0,reduction,""
174298.588421,0,sched_state,running
174298.589728,0,tick,""
174298.589739,0,reduction,""
174298.589741,0,sched_state,running
174298.591047,0,tick,""
174298.591200,0,reduction,""
174298.591203,0,sched_state,running
174298.592511,0,tick,""
174298.592523,0,reduction,""
174298.592525,0,sched_state,running
174298.593827,0,tick,""
174298.593860,0,reduction,""
174298.593862,0,sched_state,running
174298.595148,0,tick,""
174298.595164,0,reduction,""
174298.595168,0,sched_state,running
174298.596469,0,tick,""
174298.596478,0,reduction,""
174298.596480,0,sched_state,running
174298.597771,0,tick,""
174298.597781,0,reduction,""
174298.597783,0,sched_state,running
174298.599068,0,tick,""
174298.599078,0,reduction,""
174298.599080,0,sched_state,running
174298.600392,0,tick,""
174298.600403,0,reduction,""
174298.600405,0,sched_state,running
174298.601686,0,tick,""
174298.602149,0,channel_blocked,73
174298.602152,0,yield,""
174298.602155,0,sched_state,waiting
174298.603330,0,tick,""
174298.603339,0,reduction,""
174298.603341,0,sched_state,running
174298.604517,0,tick,""
174298.604526,0,reduction,""
174298.604528,0,sched_state,running
174298.605688,0,tick,""
174298.605695,0,reduction,""
174298.605696,0,sched_state,running
174298.606855,0,tick,""
174298.606863,0,reduction,""
174298.606864,0,sched_state,running
174298.608034,0,tick,""
174298.608041,0,reduction,""
174298.608043,0,sched_state,running
174298.609215,0,tick,""
174298.609232,0,reduction,""
174298.609233,0,sched_state,running
174298.610407,0,tick,""
174298.610416,0,reduction,""
174298.610417,0,sched_state,running
174298.611580,0,tick,""
174298.612166,5,channel_blocked,514
174298.612169,0,yield,""
174298.612171,0,sched_state,waiting
174298.613243,0,tick,""
174298.613251,0,reduction,""
174298.613253,0,sched_state,running
174298.614314,0,tick,""
174298.614321,0,reduction,""
174298.614323,0,sched_state,running
174298.615379,0,tick,""
174298.615384,0,reduction,""
174298.615385,0,sched_state,running
174298.616440,0,tick,""
174298.616447,0,reduction,""
174298.616448,0,sched_state,running
174298.617512,0,tick,""
174298.617518,0,reduction,""
174298.617520,0,sched_state,running
174298.618575,0,tick,""
174298.618588,0,reduction,""
174298.618590,0,sched_state,running
174298.619646,0,tick,""
174298.619653,0,reduction,""
174298.619654,0,sched_state,running
174298.620723,0,tick,""
174298.621345,1,channel_blocked,175
174298.621348,0,yield,""
174298.621350,0,sched_state,waiting
174298.622311,0,tick,""
174298.622325,0,reduction,""
174298.622326,0,sched_state,running
174298.623282,0,tick,""
174298.623289,0,reduction,""
174298.623291,0,sched_state,running
174298.624240,0,tick,""
174298.624371,0,reduction,""
174298.624373,0,sched_state,running
174298.625302,0,tick,""
174298.625307,0,reduction,""
174298.625308,0,sched_state,running
174298.626236,0,tick,""
174298.626240,0,reduction,""
174298.626242,0,sched_state,running
174298.627169,0,tick,""
174298.627173,0,reduction,""
174298.627174,0,sched_state,running
174298.628103,0,tick,""
174298.628114,0,reduction,""
174298.628116,0,sched_state,running
174298.629051,0,tick,""
174298.629156,0,reduction,""
174298.629158,0,sched_state,running
174298.630084,0,tick,""
174298.630090,0,reduction,""
174298.630092,0,sched_state,running
174298.631036,0,tick,""
174298.631060,0,reduction,""
174298.631062,0,sched_state,running
174298.631980,0,tick,""
174298.631989,0,reduction,""
174298.631990,0,sched_state,running
174298.632914,0,tick,""
174298.632920,0,reduction,""
174298.632922,0,sched_state,running
174298.633842,0,tick,""
174298.633847,0,reduction,""
174298.633849,0,sched_state,running
174298.634765,0,tick,""
174298.636502,5,channel_unblocked,192
174298.636509,0,yield,""
174298.636512,0,sched_state,waiting
174298.637620,0,tick,""
174298.637655,0,reduction,""
174298.637656,0,sched_state,running
174298.638728,0,tick,""
174298.638736,0,reduction,""
174298.638737,0,sched_state,running
174298.639799,0,tick,""
174298.639938,0,reduction,""
174298.639941,0,sched_state,running
174298.641010,0,tick,""
174298.641017,0,reduction,""
174298.641019,0,sched_state,running
174298.642064,0,tick,""
174298.642069,0,reduction,""
174298.642071,0,sched_state,running
174298.643124,0,tick,""
174298.643129,0,reduction,""
174298.643131,0,sched_state,running
174298.644207,0,tick,""
174298.644216,0,reduction,""
174298.644217,0,sched_state,running
174298.645265,0,tick,""
174298.645376,0,reduction,""
174298.645379,0,sched_state,running
174298.646435,0,tick,""
174298.646442,0,reduction,""
174298.646443,0,sched_state,running
174298.647499,0,tick,""
174298.647526,0,reduction,""
174298.647527,0,sched_state,running
174298.648588,0,tick,""
174298.648602,0,reduction,""
174298.648603,0,sched_state,running
174298.649641,0,tick,""
174298.649649,0,reduction,""
174298.649650,0,sched_state,running
174298.650715,0,tick,""
174298.650722,0,reduction,""
174298.650723,0,sched_state,running
174298.651760,0,tick,""
174298.652286,3,channel_blocked,137
174298.652289,0,yield,""
174298.652291,0,sched_state,waiting
174298.653210,0,tick,""
174298.653224,0,reduction,""
174298.653226,0,sched_state,running
174298.654137,0,tick,""
174298.654143,0,reduction,""
174298.654145,0,sched_state,running
174298.655053,0,tick,""
174298.655173,0,reduction,""
174298.655175,0,sched_state,running
174298.656067,0,tick,""
174298.656073,0,reduction,""
174298.656075,0,sched_state,running
174298.656965,0,tick,""
174298.656970,0,reduction,""
174298.656972,0,sched_state,running
174298.657864,0,tick,""
174298.657868,0,reduction,""
174298.657869,0,sched_state,running
174298.658760,0,tick,""
174298.658765,0,reduction,""
174298.658766,0,sched_state,running
174298.659656,0,tick,""
174298.659759,0,reduction,""
174298.659761,0,sched_state,running
174298.660658,0,tick,""
174298.660664,0,reduction,""
174298.660665,0,sched_state,running
174298.661559,0,tick,""
174298.661574,0,reduction,""
174298.661576,0,sched_state,running
174298.662462,0,tick,""
174298.662471,0,reduction,""
174298.662473,0,sched_state,running
174298.663355,0,tick,""
174298.663360,0,reduction,""
174298.663361,0,sched_state,running
174298.664241,0,tick,""
174298.664246,0,reduction,""
174298.664247,0,sched_state,running
174298.665124,0,tick,""
174298.666594,1,channel_unblocked,111
174298.666601,0,yield,""
174298.666604,0,sched_state,waiting
174298.667686,0,tick,""
174298.667700,0,reduction,""
174298.667703,0,sched_state,running
174298.668775,0,tick,""
174298.668783,0,reduction,""
174298.668786,0,sched_state,running
174298.669822,0,tick,""
174298.669948,0,reduction,""
174298.669951,0,sched_state,running
174298.670993,0,tick,""
174298.671000,0,reduction,""
174298.671002,0,sched_state,running
174298.672023,0,tick,""
174298.672028,0,reduction,""
174298.672029,0,sched_state,running
174298.673061,0,tick,""
174298.673067,0,reduction,""
174298.673068,0,sched_state,running
174298.674095,0,tick,""
174298.674103,0,reduction,""
174298.674104,0,sched_state,running
174298.675134,0,tick,""
174298.675245,0,reduction,""
174298.675248,0,sched_state,running
174298.676281,0,tick,""
174298.676288,0,reduction,""
174298.676289,0,sched_state,running
174298.677321,0,tick,""
174298.677348,0,reduction,""
174298.677349,0,sched_state,running
174298.678360,0,tick,""
174298.678372,0,reduction,""
174298.678373,0,sched_state,running
174298.679388,0,tick,""
174298.679395,0,reduction,""
174298.679397,0,sched_state,running
174298.680410,0,tick,""
174298.680417,0,reduction,""
174298.680418,0,sched_state,running
174298.681435,0,tick,""
174298.681872,6,channel_blocked,346
174298.681883,0,yield,""
174298.681884,0,sched_state,waiting
174298.682801,0,tick,""
174298.682807,0,reduction,""
174298.682809,0,sched_state,running
174298.683715,0,tick,""
174298.683721,0,reduction,""
174298.683722,0,sched_state,running
174298.684656,0,tick,""
174298.684660,0,reduction,""
174298.684661,0,sched_state,running
174298.685580,0,tick,""
174298.685585,0,reduction,""
174298.685586,0,sched_state,running
174298.686490,0,tick,""
174298.686494,0,reduction,""
174298.686495,0,sched_state,running
174298.687391,0,tick,""
174298.687402,0,reduction,""
174298.687403,0,sched_state,running
174298.688308,0,tick,""
174298.688313,0,reduction,""
174298.688315,0,sched_state,running
174298.689216,0,tick,""
174298.690722,3,channel_unblocked,274
174298.690728,0,yield,""
174298.690731,0,sched_state,waiting
174298.691836,0,tick,""
174298.691844,0,reduction,""
174298.691846,0,sched_state,running
174298.692996,0,tick,""
174298.693004,0,reduction,""
174298.693005,0,sched_state,running
174298.694158,0,tick,""
174298.694164,0,reduction,""
174298.694165,0,sched_state,running
174298.695237,0,tick,""
174298.695243,0,reduction,""
174298.695245,0,sched_state,running
174298.696348,0,tick,""
174298.696354,0,reduction,""
174298.696356,0,sched_state,running
174298.697426,0,tick,""
174298.697440,0,reduction,""
174298.697441,0,sched_state,running
174298.698530,0,tick,""
174298.698537,0,reduction,""
174298.698538,0,sched_state,running
174298.699618,0,tick,""
174298.701509,6,channel_unblocked,699
174298.701516,0,yield,""
174298.701519,0,sched_state,waiting
174298.702812,0,tick,""
174298.702839,0,reduction,""
174298.702842,0,sched_state,running
174298.704134,0,tick,""
174298.704146,0,reduction,""
174298.704147,0,sched_state,running
174298.705471,0,tick,""
174298.705604,0,reduction,""
174298.705606,0,sched_state,running
174298.706849,0,tick,""
174298.706860,0,reduction,""
174298.706862,0,sched_state,running
174298.708141,0,tick,""
174298.708173,0,reduction,""
174298.708175,0,sched_state,running
174298.709399,0,tick,""
174298.709416,0,reduction,""
174298.709418,0,sched_state,running
174298.710656,0,tick,""
174298.710666,0,reduction,""
174298.710667,0,sched_state,running
174298.711897,0,tick,""
174298.711908,0,reduction,""
174298.711909,0,sched_state,running
174298.713254,0,tick,""
174298.713264,0,reduction,""
174298.713266,0,sched_state,running
174298.714631,0,tick,""
174298.714642,0,reduction,""
174298.714643,0,sched_state,running
174298.715872,0,tick,""
174298.717599,0,channel_unblocked,73
174298.717606,0,yield,""
174298.717609,0,sched_state,waiting
174298.719022,0,tick,""
174298.719033,0,reduction,""
174298.719034,0,sched_state,running
174298.720444,0,tick,""
174298.720454,0,reduction,""
174298.720456,0,sched_state,running
174298.721828,0,tick,""
174298.721837,0,reduction,""
174298.721838,0,sched_state,running
174298.723210,0,tick,""
174298.723221,0,reduction,""
174298.723222,0,sched_state,running
174298.724654,0,tick,""
174298.724665,0,reduction,""
174298.724667,0,sched_state,running
174298.726078,0,tick,""
174298.726097,0,reduction,""
174298.726106,0,sched_state,running
174298.727481,0,tick,""
174298.727493,0,reduction,""
174298.727494,0,sched_state,running
174298.728894,0,tick,""
174298.729557,2,channel_blocked,192
174298.729560,0,yield,""
174298.729562,0,sched_state,waiting
174298.730819,0,tick,""
174298.730838,0,reduction,""
174298.730847,0,sched_state,running
174298.732084,0,tick,""
174298.732095,0,reduction,""
174298.732096,0,sched_state,running
174298.733449,0,tick,""
174298.733596,0,reduction,""
174298.733599,0,sched_state,running
174298.734856,0,tick,""
174298.734865,0,reduction,""
174298.734867,0,sched_state,running
174298.736092,0,tick,""
174298.736100,0,reduction,""
174298.736102,0,sched_state,running
174298.737425,0,tick,""
174298.737433,0,reduction,""
174298.737434,0,sched_state,running
174298.738670,0,tick,""
174298.738680,0,reduction,""
174298.738681,0,sched_state,running
174298.739930,0,tick,""
174298.740052,0,reduction,""
174298.740055,0,sched_state,running
174298.741314,0,tick,""
174298.741323,0,reduction,""
174298.741325,0,sched_state,running
174298.742564,0,tick,""
174298.742588,0,reduction,""
174298.742590,0,sched_state,running
174298.743813,0,tick,""
174298.743828,0,reduction,""
174298.743830,0,sched_state,running
174298.745093,0,tick,""
174298.745103,0,reduction,""
174298.745104,0,sched_state,running
174298.746328,0,tick,""
174298.746337,0,reduction,""
174298.746339,0,sched_state,running
174298.747548,0,tick,""
174298.748019,7,channel_blocked,514
174298.748022,0,yield,""
174298.748023,0,sched_state,waiting
174298.749153,0,tick,""
174298.749161,0,reduction,""
174298.749163,0,sched_state,running
174298.750257,0,tick,""
174298.750265,0,reduction,""
174298.750266,0,sched_state,running
174298.751362,0,tick,""
174298.751368,0,reduction,""
174298.751370,0,sched_state,running
174298.752483,0,tick,""
174298.752490,0,reduction,""
174298.752491,0,sched_state,running
174298.753598,0,tick,""
174298.753605,0,reduction,""
174298.753606,0,sched_state,running
174298.754695,0,tick,""
174298.754711,0,reduction,""
174298.754712,0,sched_state,running
174298.755807,0,tick,""
174298.755815,0,reduction,""
174298.755816,0,sched_state,running
174298.756936,0,tick,""
174298.757612,0,channel_blocked,111
174298.757615,0,yield,""
174298.757617,0,sched_state,waiting
174298.758579,0,tick,""
174298.758595,0,reduction,""
174298.758596,0,sched_state,running
174298.759547,0,tick,""
174298.759554,0,reduction,""
174298.759556,0,sched_state,running
174298.760530,0,tick,""
174298.760659,0,reduction,""
174298.760662,0,sched_state,running
174298.761602,0,tick,""
174298.761608,0,reduction,""
174298.761609,0,sched_state,running
174298.762543,0,tick,""
174298.762548,0,reduction,""
174298.762550,0,sched_state,running
174298.763489,0,tick,""
174298.763493,0,reduction,""
174298.763494,0,sched_state,running
174298.764446,0,tick,""
174298.764453,0,reduction,""
174298.764454,0,sched_state,running
174298.765393,0,tick,""
174298.765498,0,reduction,""
174298.765500,0,sched_state,running
174298.766440,0,tick,""
174298.766446,0,reduction,""
174298.766447,0,sched_state,running
174298.767383,0,tick,""
174298.767399,0,reduction,""
174298.767401,0,sched_state,running
174298.768357,0,tick,""
174298.768367,0,reduction,""
174298.768369,0,sched_state,running
174298.769289,0,tick,""
174298.769295,0,reduction,""
174298.769296,0,sched_state,running
174298.770222,0,tick,""
174298.770227,0,reduction,""
174298.770228,0,sched_state,running
174298.771160,0,tick,""
174298.772688,2,channel_unblocked,175
174298.772695,0,yield,""
174298.772698,0,sched_state,waiting
174298.773860,0,tick,""
174298.773876,0,reduction,""
174298.773878,0,sched_state,running
174298.774975,0,tick,""
174298.774984,0,reduction,""
174298.774985,0,sched_state,running
174298.776071,0,tick,""
174298.776212,0,reduction,""
174298.776215,0,sched_state,running
174298.777291,0,tick,""
174298.777298,0,reduction,""
174298.777299,0,sched_state,running
174298.778370,0,tick,""
174298.778376,0,reduction,""
174298.778378,0,sched_state,running
174298.779453,0,tick,""
174298.779458,0,reduction,""
174298.779460,0,sched_state,running
174298.780548,0,tick,""
174298.780556,0,reduction,""
174298.780557,0,sched_state,running
174298.781635,0,tick,""
174298.781746,0,reduction,""
174298.781748,0,sched_state,running
174298.782821,0,tick,""
174298.782828,0,reduction,""
174298.782829,0,sched_state,running
174298.783907,0,tick,""
174298.783934,0,reduction,""
174298.783935,0,sched_state,running
174298.785002,0,tick,""
174298.785014,0,reduction,""
174298.785016,0,sched_state,running
174298.786085,0,tick,""
174298.786092,0,reduction,""
174298.786094,0,sched_state,running
174298.787161,0,tick,""
174298.787167,0,reduction,""
174298.787169,0,sched_state,running
174298.788240,0,tick,""
174298.788730,4,channel_blocked,274
174298.788733,0,yield,""
174298.788735,0,sched_state,waiting
174298.789675,0,tick,""
174298.789683,0,reduction,""
174298.789684,0,sched_state,running
174298.790620,0,tick,""
174298.790626,0,reduction,""
174298.790627,0,sched_state,running
174298.791553,0,tick,""
174298.791557,0,reduction,""
174298.791559,0,sched_state,running
174298.792485,0,tick,""
174298.792490,0,reduction,""
174298.792491,0,sched_state,running
174298.793417,0,tick,""
174298.793422,0,reduction,""
174298.793424,0,sched_state,running
174298.794348,0,tick,""
174298.794359,0,reduction,""
174298.794361,0,sched_state,running
174298.795288,0,tick,""
174298.795294,0,reduction,""
174298.795295,0,sched_state,running
174298.796229,0,tick,""
174298.798052,0,channel_unblocked,137
174298.798060,0,yield,""
174298.798063,0,sched_state,waiting
174298.799239,0,tick,""
174298.799256,0,reduction,""
174298.799258,0,sched_state,running
174298.800420,0,tick,""
174298.800429,0,reduction,""
174298.800430,0,sched_state,running
174298.801576,0,tick,""
174298.801719,0,reduction,""
174298.801721,0,sched_state,running
174298.802858,0,tick,""
174298.802866,0,reduction,""
174298.802867,0,sched_state,running
174298.804000,0,tick,""
174298.804007,0,reduction,""
174298.804008,0,sched_state,running
174298.805160,0,tick,""
174298.805167,0,reduction,""
174298.805168,0,sched_state,running
174298.806306,0,tick,""
174298.806316,0,reduction,""
174298.806318,0,sched_state,running
174298.807449,0,tick,""
174298.807556,0,reduction,""
174298.807558,0,sched_state,running
174298.808709,0,tick,""
174298.808717,0,reduction,""
174298.808719,0,sched_state,running
174298.809852,0,tick,""
174298.809882,0,reduction,""
174298.809884,0,sched_state,running
174298.811003,0,tick,""
174298.811018,0,reduction,""
174298.811019,0,sched_state,running
174298.812147,0,tick,""
174298.812155,0,reduction,""
174298.812156,0,sched_state,running
174298.813274,0,tick,""
174298.813283,0,reduction,""
174298.813284,0,sched_state,running
174298.814404,0,tick,""
174298.814735,8,channel_blocked,699
174298.814737,0,yield,""
174298.814739,0,sched_state,waiting
174298.815751,0,tick,""
174298.815759,0,reduction,""
174298.815760,0,sched_state,running
174298.816787,0,tick,""
174298.816794,0,reduction,""
174298.816796,0,sched_state,running
174298.817792,0,tick,""
174298.817797,0,reduction,""
174298.817798,0,sched_state,running
174298.818792,0,tick,""
174298.818797,0,reduction,""
174298.818799,0,sched_state,running
174298.819804,0,tick,""
174298.819809,0,reduction,""
174298.819811,0,sched_state,running
174298.820823,0,tick,""
174298.820837,0,reduction,""
174298.820839,0,sched_state,running
174298.821842,0,tick,""
174298.821849,0,reduction,""
174298.821851,0,sched_state,running
174298.822857,0,tick,""
174298.824353,4,channel_unblocked,346
174298.824360,0,yield,""
174298.824362,0,sched_state,waiting
174298.825586,0,tick,""
174298.825595,0,reduction,""
174298.825597,0,sched_state,running
174298.826784,0,tick,""
174298.826792,0,reduction,""
174298.826794,0,sched_state,running
174298.827979,0,tick,""
174298.827987,0,reduction,""
174298.827988,0,sched_state,running
174298.829183,0,tick,""
174298.829190,0,sched_state,stop
