timestamp,lpu,event,value
174296.020919,0,sched_state,startup
174296.021022,0,tick,""
174296.021026,0,reduction,""
174296.021028,0,sched_state,running
174296.021125,0,tick,""
174296.021128,0,reduction,""
174296.021129,0,sched_state,running
174296.021185,0,tick,""
174296.021187,0,reduction,""
174296.021188,0,sched_state,running
174296.021269,0,tick,""
174296.021271,0,reduction,""
174296.021272,0,sched_state,running
174296.021325,0,tick,""
174296.021327,0,reduction,""
174296.021328,0,sched_state,running
174296.021379,0,tick,""
174296.021381,0,reduction,""
174296.021382,0,sched_state,running
174296.021435,0,tick,""
174296.021438,0,reduction,""
174296.021439,0,sched_state,running
174296.021491,0,tick,""
174296.021493,0,reduction,""
174296.021494,0,sched_state,running
174296.021546,0,tick,""
174296.021551,0,reduction,""
174296.021552,0,sched_state,running
174296.021615,0,tick,""
174296.021617,0,reduction,""
174296.021619,0,sched_state,running
174296.021674,0,tick,""
174296.021676,0,reduction,""
174296.021677,0,sched_state,running
174296.021731,0,tick,""
174296.021734,0,reduction,""
174296.021735,0,sched_state,running
174296.021790,0,tick,""
174296.021792,0,reduction,""
174296.021793,0,sched_state,running
174296.021847,0,tick,""
174296.021849,0,reduction,""
174296.021850,0,sched_state,running
174296.021903,0,tick,""
174296.021906,0,reduction,""
174296.021907,0,sched_state,running
174296.021960,0,tick,""
174296.022047,0,reduction,""
174296.022048,0,sched_state,running
174296.022104,0,tick,""
174296.022115,0,reduction,""
174296.022116,0,sched_state,running
174296.022172,0,tick,""
174296.022173,0,reduction,""
174296.022174,0,sched_state,running
174296.022231,0,tick,""
174296.022234,0,reduction,""
174296.022235,0,sched_state,running
174296.022290,0,tick,""
174296.023620,0,reduction,""
174296.023623,0,sched_state,running
174296.023736,0,tick,""
174296.023750,0,reduction,""
174296.023752,0,sched_state,running
174296.023857,0,tick,""
174296.023861,0,spawn,""
174296.023862,0,reduction,""
174296.023863,0,sched_state,running
174296.023966,0,tick,""
174296.023969,0,reduction,""
174296.023970,0,sched_state,running
174296.024028,0,tick,""
174296.024033,0,reduction,""
174296.024034,0,sched_state,running
174296.024090,0,tick,""
174296.024093,0,reduction,""
174296.024094,0,sched_state,running
174296.024180,0,tick,""
174296.024183,0,reduction,""
174296.024184,0,sched_state,running
174296.024242,0,tick,""
174296.024245,0,reduction,""
174296.024247,0,sched_state,running
174296.024304,0,tick,""
174296.024341,0,reduction,""
174296.024343,0,sched_state,running
174296.024402,0,tick,""
174296.024406,0,reduction,""
174296.024407,0,sched_state,running
174296.024464,0,tick,""
174296.024467,0,spawn,""
174296.024469,0,reduction,""
174296.024469,0,sched_state,running
174296.024528,0,tick,""
174296.024531,0,reduction,""
174296.024532,0,sched_state,running
174296.024588,0,tick,""
174296.024593,0,reduction,""
174296.024594,0,sched_state,running
174296.024651,0,tick,""
174296.024653,0,reduction,""
174296.024655,0,sched_state,running
174296.024712,0,tick,""
174296.024714,0,reduction,""
174296.024715,0,sched_state,running
174296.024771,0,tick,""
174296.024775,0,reduction,""
174296.024776,0,sched_state,running
174296.024831,0,tick,""
174296.024834,0,reduction,""
174296.024835,0,sched_state,running
174296.024891,0,tick,""
174296.025462,0,channel_blocked,73
174296.025464,0,yield,""
174296.025465,0,sched_state,waiting
174296.025527,0,tick,""
174296.025540,0,reduction,""
174296.025541,0,sched_state,running
174296.025604,0,tick,""
174296.025608,0,spawn,""
174296.025609,0,reduction,""
174296.025610,0,sched_state,running
174296.025672,0,tick,""
174296.025675,0,reduction,""
174296.025676,0,sched_state,running
174296.025736,0,tick,""
174296.025739,0,reduction,""
174296.025740,0,sched_state,running
174296.025799,0,tick,""
174296.025801,0,reduction,""
174296.025802,0,sched_state,running
174296.025860,0,tick,""
174296.025863,0,reduction,""
174296.025864,0,sched_state,running
174296.025922,0,tick,""
174296.025926,0,reduction,""
174296.025927,0,sched_state,running
174296.025983,0,tick,""
174296.026014,0,reduction,""
174296.026016,0,sched_state,running
174296.026072,0,tick,""
174296.026077,0,reduction,""
174296.026078,0,sched_state,running
174296.026135,0,tick,""
174296.026138,0,spawn,""
174296.026139,0,reduction,""
174296.026140,0,sched_state,running
174296.026199,0,tick,""
174296.026201,0,reduction,""
174296.026202,0,sched_state,running
174296.026260,0,tick,""
174296.026263,0,reduction,""
174296.026265,0,sched_state,running
174296.026322,0,tick,""
174296.026325,0,reduction,""
174296.026326,0,sched_state,running
174296.026382,0,tick,""
174296.026386,0,reduction,""
174296.026387,0,sched_state,running
174296.026444,0,tick,""
174296.026446,0,reduction,""
174296.026447,0,sched_state,running
174296.026504,0,tick,""
174296.026507,0,reduction,""
174296.026508,0,sched_state,running
174296.026565,0,tick,""
174296.028254,0,channel_unblocked,73
174296.028260,0,yield,""
174296.028262,0,sched_state,waiting
174296.028850,0,tick,""
174296.028856,0,reduction,""
174296.028857,0,sched_state,running
174296.029380,0,tick,""
174296.029387,0,reduction,""
174296.029388,0,sched_state,running
174296.029682,0,tick,""
174296.029685,0,reduction,""
174296.029687,0,sched_state,running
174296.029977,0,tick,""
174296.029980,0,reduction,""
174296.029981,0,sched_state,running
174296.030274,0,tick,""
174296.030277,0,reduction,""
174296.030278,0,sched_state,running
174296.030570,0,tick,""
174296.030573,0,reduction,""
174296.030574,0,sched_state,running
174296.030868,0,tick,""
174296.030881,0,reduction,""
174296.030883,0,sched_state,running
174296.031175,0,tick,""
174296.031179,0,reduction,""
174296.031180,0,sched_state,running
174296.031470,0,tick,""
174296.031485,0,reduction,""
174296.031487,0,sched_state,running
174296.031777,0,tick,""
174296.031789,0,reduction,""
174296.031791,0,sched_state,running
174296.032093,0,tick,""
174296.032098,0,reduction,""
174296.032099,0,sched_state,running
174296.032414,0,tick,""
174296.032526,0,reduction,""
174296.032528,0,sched_state,running
174296.032825,0,tick,""
174296.032838,0,reduction,""
174296.032839,0,sched_state,running
174296.033130,0,tick,""
174296.033133,0,reduction,""
174296.033134,0,sched_state,running
174296.033427,0,tick,""
174296.033436,0,reduction,""
174296.033437,0,sched_state,running
174296.033729,0,tick,""
174296.033764,0,reduction,""
174296.033766,0,sched_state,running
174296.034061,0,tick,""
174296.034071,0,reduction,""
174296.034072,0,sched_state,running
174296.034366,0,tick,""
174296.034370,0,spawn,""
174296.034372,0,reduction,""
174296.034373,0,sched_state,running
174296.034667,0,tick,""
174296.034670,0,reduction,""
174296.034671,0,sched_state,running
174296.034963,0,tick,""
174296.034967,0,reduction,""
174296.034969,0,sched_state,running
174296.035260,0,tick,""
174296.035262,0,reduction,""
174296.035264,0,sched_state,running
174296.035558,0,tick,""
174296.035560,0,reduction,""
174296.035562,0,sched_state,running
174296.035855,0,tick,""
174296.035858,0,reduction,""
174296.035860,0,sched_state,running
174296.036174,0,tick,""
174296.036177,0,reduction,""
174296.036179,0,sched_state,running
174296.036470,0,tick,""
174296.036474,0,reduction,""
174296.036475,0,sched_state,running
174296.036768,0,tick,""
174296.036837,0,reduction,""
174296.036839,0,sched_state,running
174296.037137,0,tick,""
174296.037142,0,reduction,""
174296.037143,0,sched_state,running
174296.037438,0,tick,""
174296.037505,0,reduction,""
174296.037507,0,sched_state,running
174296.037805,0,tick,""
174296.037809,0,reduction,""
174296.037810,0,sched_state,running
174296.038109,0,tick,""
174296.038119,0,reduction,""
174296.038120,0,sched_state,running
174296.038418,0,tick,""
174296.038708,0,reduction,""
174296.038710,0,sched_state,running
174296.039012,0,tick,""
174296.039023,0,reduction,""
174296.039025,0,sched_state,running
174296.039322,0,tick,""
174296.039631,0,reduction,""
174296.039633,0,sched_state,running
174296.039934,0,tick,""
174296.039946,0,reduction,""
174296.039947,0,sched_state,running
174296.040264,0,tick,""
174296.040275,0,reduction,""
174296.040277,0,sched_state,running
174296.040569,0,tick,""
174296.040579,0,reduction,""
174296.040580,0,sched_state,running
174296.040871,0,tick,""
174296.040882,0,reduction,""
174296.040883,0,sched_state,running
174296.041175,0,tick,""
174296.041185,0,reduction,""
174296.041186,0,sched_state,running
174296.041476,0,tick,""
174296.041486,0,reduction,""
174296.041487,0,sched_state,running
174296.041778,0,tick,""
174296.041787,0,reduction,""
174296.041789,0,sched_state,running
174296.042080,0,tick,""
174296.042082,0,reduction,""
174296.042084,0,sched_state,running
174296.042379,0,tick,""
174296.042381,0,reduction,""
174296.042383,0,sched_state,running
174296.042675,0,tick,""
174296.042678,0,reduction,""
174296.042679,0,sched_state,running
174296.042973,0,tick,""
174296.042976,0,reduction,""
174296.042977,0,sched_state,running
174296.043272,0,tick,""
174296.043276,0,reduction,""
174296.043277,0,sched_state,running
174296.043570,0,tick,""
174296.043574,0,reduction,""
174296.043575,0,sched_state,running
174296.043870,0,tick,""
174296.043880,0,reduction,""
174296.043882,0,sched_state,running
174296.044204,0,tick,""
174296.044208,0,reduction,""
174296.044210,0,sched_state,running
174296.044508,0,tick,""
174296.044518,0,reduction,""
174296.044519,0,sched_state,running
174296.044815,0,tick,""
174296.044825,0,reduction,""
174296.044826,0,sched_state,running
174296.045125,0,tick,""
174296.045129,0,reduction,""
174296.045131,0,sched_state,running
174296.045425,0,tick,""
174296.045509,0,reduction,""
174296.045511,0,sched_state,running
174296.045814,0,tick,""
174296.045826,0,reduction,""
174296.045828,0,sched_state,running
174296.046122,0,tick,""
174296.046125,0,reduction,""
174296.046126,0,sched_state,running
174296.046423,0,tick,""
174296.046431,0,reduction,""
174296.046432,0,sched_state,running
174296.046728,0,tick,""
174296.046764,0,reduction,""
174296.046766,0,sched_state,running
174296.047062,0,tick,""
174296.047071,0,reduction,""
174296.047072,0,sched_state,running
174296.047370,0,tick,""
174296.047374,0,spawn,""
174296.047375,0,reduction,""
174296.047376,0,sched_state,running
174296.047673,0,tick,""
174296.047677,0,reduction,""
174296.047678,0,sched_state,running
174296.047975,0,tick,""
174296.047979,0,reduction,""
174296.047980,0,sched_state,running
174296.048306,0,tick,""
174296.048310,0,reduction,""
174296.048312,0,sched_state,running
174296.048607,0,tick,""
174296.048610,0,reduction,""
174296.048611,0,sched_state,running
174296.048908,0,tick,""
174296.048911,0,reduction,""
174296.048912,0,sched_state,running
174296.049209,0,tick,""
174296.049212,0,reduction,""
174296.049213,0,sched_state,running
174296.049510,0,tick,""
174296.049513,0,reduction,""
174296.049515,0,sched_state,running
174296.049810,0,tick,""
174296.049879,0,reduction,""
174296.049881,0,sched_state,running
174296.050182,0,tick,""
174296.050187,0,reduction,""
174296.050188,0,sched_state,running
174296.050484,0,tick,""
174296.050552,0,reduction,""
174296.050554,0,sched_state,running
174296.050855,0,tick,""
174296.050859,0,reduction,""
174296.050861,0,sched_state,running
174296.051159,0,tick,""
174296.051169,0,reduction,""
174296.051170,0,sched_state,running
174296.051466,0,tick,""
174296.051477,0,reduction,""
174296.051479,0,sched_state,running
174296.051774,0,tick,""
174296.051783,0,reduction,""
174296.051785,0,sched_state,running
174296.052078,0,tick,""
174296.052367,0,reduction,""
174296.052369,0,sched_state,running
174296.052669,0,tick,""
174296.052681,0,reduction,""
174296.052682,0,sched_state,running
174296.052979,0,tick,""
174296.052989,0,reduction,""
174296.052991,0,sched_state,running
174296.053286,0,tick,""
174296.053297,0,reduction,""
174296.053298,0,sched_state,running
174296.053590,0,tick,""
174296.053600,0,reduction,""
174296.053601,0,sched_state,running
174296.053896,0,tick,""
174296.053906,0,reduction,""
174296.053907,0,sched_state,running
174296.054200,0,tick,""
174296.054210,0,reduction,""
174296.054211,0,sched_state,running
174296.054506,0,tick,""
174296.054515,0,reduction,""
174296.054516,0,sched_state,running
174296.054811,0,tick,""
174296.054814,0,reduction,""
174296.054816,0,sched_state,running
174296.055115,0,tick,""
174296.055118,0,reduction,""
174296.055119,0,sched_state,running
174296.055415,0,tick,""
174296.056016,2,channel_blocked,73
174296.056019,0,yield,""
174296.056021,0,sched_state,waiting
174296.056255,0,tick,""
174296.056259,0,reduction,""
174296.056261,0,sched_state,running
174296.056452,0,tick,""
174296.056455,0,reduction,""
174296.056457,0,sched_state,running
174296.056641,0,tick,""
174296.057192,1,channel_blocked,73
174296.057195,0,yield,""
174296.057197,0,sched_state,waiting
174296.057277,0,tick,""
174296.057280,0,reduction,""
174296.057282,0,sched_state,running
174296.057352,0,tick,""
174296.057355,0,reduction,""
174296.057356,0,sched_state,running
174296.057466,0,tick,""
174296.057469,0,reduction,""
174296.057471,0,sched_state,running
174296.057536,0,tick,""
174296.057539,0,reduction,""
174296.057540,0,sched_state,running
174296.057604,0,tick,""
174296.057607,0,reduction,""
174296.057608,0,sched_state,running
174296.057671,0,tick,""
174296.057675,0,reduction,""
174296.057676,0,sched_state,running
174296.057739,0,tick,""
174296.057754,0,reduction,""
174296.057756,0,sched_state,running
174296.057821,0,tick,""
174296.057825,0,reduction,""
174296.057826,0,sched_state,running
174296.057891,0,tick,""
174296.057900,0,reduction,""
174296.057902,0,sched_state,running
174296.057964,0,tick,""
174296.057974,0,reduction,""
174296.057975,0,sched_state,running
174296.058040,0,tick,""
174296.058044,0,reduction,""
174296.058046,0,sched_state,running
174296.058110,0,tick,""
174296.058196,0,reduction,""
174296.058198,0,sched_state,running
174296.058264,0,tick,""
174296.058275,0,reduction,""
174296.058276,0,sched_state,running
174296.058341,0,tick,""
174296.058343,0,reduction,""
174296.058344,0,sched_state,running
174296.058407,0,tick,""
174296.058416,0,reduction,""
174296.058418,0,sched_state,running
174296.058482,0,tick,""
174296.058514,0,reduction,""
174296.058516,0,sched_state,running
174296.058580,0,tick,""
174296.058589,0,reduction,""
174296.058591,0,sched_state,running
174296.058656,0,tick,""
174296.058659,0,spawn,""
174296.058661,0,reduction,""
174296.058662,0,sched_state,running
174296.058726,0,tick,""
174296.058730,0,reduction,""
174296.058730,0,sched_state,running
174296.058793,0,tick,""
174296.058796,0,reduction,""
174296.058797,0,sched_state,running
174296.058860,0,tick,""
174296.058864,0,reduction,""
174296.058865,0,sched_state,running
174296.058928,0,tick,""
174296.058932,0,reduction,""
174296.058933,0,sched_state,running
174296.058995,0,tick,""
174296.058998,0,reduction,""
174296.058999,0,sched_state,running
174296.059061,0,tick,""
174296.059091,0,reduction,""
174296.059092,0,sched_state,running
174296.059154,0,tick,""
174296.059158,0,reduction,""
174296.059159,0,sched_state,running
174296.059221,0,tick,""
174296.059224,0,spawn,""
174296.059225,0,reduction,""
174296.059226,0,sched_state,running
174296.059288,0,tick,""
174296.059291,0,reduction,""
174296.059293,0,sched_state,running
174296.059353,0,tick,""
174296.059357,0,reduction,""
174296.059358,0,sched_state,running
174296.059423,0,tick,""
174296.059426,0,reduction,""
174296.059426,0,sched_state,running
174296.059489,0,tick,""
174296.059492,0,reduction,""
174296.059493,0,sched_state,running
174296.059556,0,tick,""
174296.059558,0,reduction,""
174296.059559,0,sched_state,running
174296.059622,0,tick,""
174296.059625,0,reduction,""
174296.059626,0,sched_state,running
174296.059688,0,tick,""
174296.060402,3,channel_blocked,87
174296.060404,0,yield,""
174296.060405,0,sched_state,waiting
174296.060477,0,tick,""
174296.060487,0,reduction,""
174296.060489,0,sched_state,running
174296.060558,0,tick,""
174296.060569,0,reduction,""
174296.060571,0,sched_state,running
174296.060638,0,tick,""
174296.060647,0,reduction,""
174296.060648,0,sched_state,running
174296.060714,0,tick,""
174296.060723,0,reduction,""
174296.060724,0,sched_state,running
174296.060789,0,tick,""
174296.060797,0,reduction,""
174296.060798,0,sched_state,running
174296.060862,0,tick,""
174296.060870,0,reduction,""
174296.060871,0,sched_state,running
174296.060935,0,tick,""
174296.060942,0,reduction,""
174296.060943,0,sched_state,running
174296.061007,0,tick,""
174296.061014,0,reduction,""
174296.061015,0,sched_state,running
174296.061080,0,tick,""
174296.061087,0,reduction,""
174296.061088,0,sched_state,running
174296.061152,0,tick,""
174296.061159,0,reduction,""
174296.061160,0,sched_state,running
174296.061223,0,tick,""
174296.061230,0,reduction,""
174296.061231,0,sched_state,running
174296.061294,0,tick,""
174296.061301,0,reduction,""
174296.061302,0,sched_state,running
174296.061364,0,tick,""
174296.061371,0,reduction,""
174296.061372,0,sched_state,running
174296.061436,0,tick,""
174296.061442,0,reduction,""
174296.061443,0,sched_state,running
174296.061507,0,tick,""
174296.061513,0,reduction,""
174296.061514,0,sched_state,running
174296.061576,0,tick,""
174296.061582,0,reduction,""
174296.061583,0,sched_state,running
174296.061645,0,tick,""
174296.061651,0,reduction,""
174296.061652,0,sched_state,running
174296.061715,0,tick,""
174296.061721,0,reduction,""
174296.061722,0,sched_state,running
174296.061784,0,tick,""
174296.061789,0,reduction,""
174296.061790,0,sched_state,running
174296.061852,0,tick,""
174296.061858,0,reduction,""
174296.061858,0,sched_state,running
174296.061921,0,tick,""
174296.061923,0,reduction,""
174296.061924,0,sched_state,running
174296.061987,0,tick,""
174296.061990,0,reduction,""
174296.061991,0,sched_state,running
174296.062054,0,tick,""
174296.062057,0,reduction,""
174296.062058,0,sched_state,running
174296.062122,0,tick,""
174296.062124,0,reduction,""
174296.062125,0,sched_state,running
174296.062188,0,tick,""
174296.062191,0,reduction,""
174296.062192,0,sched_state,running
174296.062254,0,tick,""
174296.062258,0,reduction,""
174296.062259,0,sched_state,running
174296.062322,0,tick,""
174296.062332,0,reduction,""
174296.062333,0,sched_state,running
174296.062397,0,tick,""
174296.062401,0,reduction,""
174296.062402,0,sched_state,running
174296.062466,0,tick,""
174296.062475,0,reduction,""
174296.062476,0,sched_state,running
174296.062540,0,tick,""
174296.062549,0,reduction,""
174296.062550,0,sched_state,running
174296.062615,0,tick,""
174296.062619,0,reduction,""
174296.062620,0,sched_state,running
174296.062684,0,tick,""
174296.062783,0,reduction,""
174296.062784,0,sched_state,running
174296.062851,0,tick,""
174296.062862,0,reduction,""
174296.062864,0,sched_state,running
174296.062928,0,tick,""
174296.062931,0,reduction,""
174296.062932,0,sched_state,running
174296.062997,0,tick,""
174296.063005,0,reduction,""
174296.063006,0,sched_state,running
174296.063070,0,tick,""
174296.063102,0,reduction,""
174296.063104,0,sched_state,running
174296.063169,0,tick,""
174296.063178,0,reduction,""
174296.063179,0,sched_state,running
174296.063244,0,tick,""
174296.063248,0,spawn,""
174296.063249,0,reduction,""
174296.063250,0,sched_state,running
174296.063316,0,tick,""
174296.063319,0,reduction,""
174296.063320,0,sched_state,running
174296.063384,0,tick,""
174296.063388,0,reduction,""
174296.063389,0,sched_state,running
174296.063452,0,tick,""
174296.063456,0,reduction,""
174296.063458,0,sched_state,running
174296.063523,0,tick,""
174296.063526,0,reduction,""
174296.063527,0,sched_state,running
174296.063591,0,tick,""
174296.063594,0,reduction,""
174296.063595,0,sched_state,running
174296.063659,0,tick,""
174296.063687,0,reduction,""
174296.063689,0,sched_state,running
174296.063751,0,tick,""
174296.063755,0,reduction,""
174296.063757,0,sched_state,running
174296.063818,0,tick,""
174296.063823,0,spawn,""
174296.063824,0,reduction,""
174296.063825,0,sched_state,running
174296.063888,0,tick,""
174296.063891,0,reduction,""
174296.063892,0,sched_state,running
174296.063953,0,tick,""
174296.063958,0,reduction,""
174296.063959,0,sched_state,running
174296.064025,0,tick,""
174296.064028,0,reduction,""
174296.064029,0,sched_state,running
174296.064093,0,tick,""
174296.064096,0,reduction,""
174296.064097,0,sched_state,running
174296.064183,0,tick,""
174296.064187,0,reduction,""
174296.064188,0,sched_state,running
174296.064253,0,tick,""
174296.064256,0,reduction,""
174296.064257,0,sched_state,running
174296.064321,0,tick,""
174296.064867,4,channel_blocked,125
174296.064869,0,yield,""
174296.064870,0,sched_state,waiting
174296.064943,0,tick,""
174296.064954,0,reduction,""
174296.064955,0,sched_state,running
174296.065026,0,tick,""
174296.065035,0,reduction,""
174296.065036,0,sched_state,running
174296.065104,0,tick,""
174296.065112,0,reduction,""
174296.065114,0,sched_state,running
174296.065179,0,tick,""
174296.065187,0,reduction,""
174296.065188,0,sched_state,running
174296.065254,0,tick,""
174296.065262,0,reduction,""
174296.065264,0,sched_state,running
174296.065329,0,tick,""
174296.065337,0,reduction,""
174296.065338,0,sched_state,running
174296.065402,0,tick,""
174296.065410,0,reduction,""
174296.065411,0,sched_state,running
174296.065475,0,tick,""
174296.065483,0,reduction,""
174296.065484,0,sched_state,running
174296.065548,0,tick,""
174296.065555,0,reduction,""
174296.065557,0,sched_state,running
174296.065620,0,tick,""
174296.065627,0,reduction,""
174296.065628,0,sched_state,running
174296.065692,0,tick,""
174296.065699,0,reduction,""
174296.065700,0,sched_state,running
174296.065763,0,tick,""
174296.065770,0,reduction,""
174296.065771,0,sched_state,running
174296.065834,0,tick,""
174296.065841,0,reduction,""
174296.065842,0,sched_state,running
174296.065905,0,tick,""
174296.065911,0,reduction,""
174296.065912,0,sched_state,running
174296.065975,0,tick,""
174296.065981,0,reduction,""
174296.065982,0,sched_state,running
174296.066045,0,tick,""
174296.066051,0,reduction,""
174296.066052,0,sched_state,running
174296.066115,0,tick,""
174296.066121,0,reduction,""
174296.066122,0,sched_state,running
174296.066184,0,tick,""
174296.066189,0,reduction,""
174296.066190,0,sched_state,running
174296.066252,0,tick,""
174296.066257,0,reduction,""
174296.066258,0,sched_state,running
174296.066321,0,tick,""
174296.066326,0,reduction,""
174296.066327,0,sched_state,running
174296.066389,0,tick,""
174296.066392,0,reduction,""
174296.066392,0,sched_state,running
174296.066456,0,tick,""
174296.066459,0,reduction,""
174296.066459,0,sched_state,running
174296.066523,0,tick,""
174296.066526,0,reduction,""
174296.066527,0,sched_state,running
174296.066591,0,tick,""
174296.066594,0,reduction,""
174296.066594,0,sched_state,running
174296.066658,0,tick,""
174296.066661,0,reduction,""
174296.066662,0,sched_state,running
174296.066726,0,tick,""
174296.066729,0,reduction,""
174296.066730,0,sched_state,running
174296.066793,0,tick,""
174296.066804,0,reduction,""
174296.066805,0,sched_state,running
174296.066871,0,tick,""
174296.066874,0,reduction,""
174296.066876,0,sched_state,running
174296.066939,0,tick,""
174296.066950,0,reduction,""
174296.066951,0,sched_state,running
174296.067015,0,tick,""
174296.067025,0,reduction,""
174296.067027,0,sched_state,running
174296.067092,0,tick,""
174296.067096,0,reduction,""
174296.067097,0,sched_state,running
174296.067162,0,tick,""
174296.067246,0,reduction,""
174296.067248,0,sched_state,running
174296.067314,0,tick,""
174296.067324,0,reduction,""
174296.067326,0,sched_state,running
174296.067391,0,tick,""
174296.067394,0,reduction,""
174296.067395,0,sched_state,running
174296.067458,0,tick,""
174296.067460,0,reduction,""
174296.067461,0,sched_state,running
174296.067522,0,tick,""
174296.067525,0,reduction,""
174296.067526,0,sched_state,running
174296.067587,0,tick,""
174296.067591,0,reduction,""
174296.067592,0,sched_state,running
174296.067652,0,tick,""
174296.067720,0,reduction,""
174296.067722,0,sched_state,running
174296.067788,0,tick,""
174296.067792,0,reduction,""
174296.067794,0,sched_state,running
174296.067856,0,tick,""
174296.067925,0,reduction,""
174296.067926,0,sched_state,running
174296.067992,0,tick,""
174296.067996,0,reduction,""
174296.067998,0,sched_state,running
174296.068062,0,tick,""
174296.068065,0,reduction,""
174296.068066,0,sched_state,running
174296.068147,0,tick,""
174296.068160,0,reduction,""
174296.068162,0,sched_state,running
174296.068229,0,tick,""
174296.068260,0,reduction,""
174296.068261,0,sched_state,running
174296.068326,0,tick,""
174296.068330,0,reduction,""
174296.068331,0,sched_state,running
174296.068396,0,tick,""
174296.068400,0,spawn,""
174296.068401,0,reduction,""
174296.068402,0,sched_state,running
174296.068467,0,tick,""
174296.068470,0,reduction,""
174296.068471,0,sched_state,running
174296.068535,0,tick,""
174296.068540,0,reduction,""
174296.068541,0,sched_state,running
174296.068606,0,tick,""
174296.068609,0,reduction,""
174296.068610,0,sched_state,running
174296.068672,0,tick,""
174296.068675,0,reduction,""
174296.068677,0,sched_state,running
174296.068739,0,tick,""
174296.068742,0,reduction,""
174296.068743,0,sched_state,running
174296.068806,0,tick,""
174296.068809,0,reduction,""
174296.068813,0,sched_state,running
174296.068875,0,tick,""
174296.069491,5,channel_blocked,304
174296.069493,0,yield,""
174296.069494,0,sched_state,waiting
174296.069564,0,tick,""
174296.069568,0,reduction,""
174296.069569,0,sched_state,running
174296.069638,0,tick,""
174296.069641,0,reduction,""
174296.069642,0,sched_state,running
174296.069707,0,tick,""
174296.069711,0,reduction,""
174296.069712,0,sched_state,running
174296.069779,0,tick,""
174296.069782,0,reduction,""
174296.069783,0,sched_state,running
174296.069848,0,tick,""
174296.069852,0,reduction,""
174296.069853,0,sched_state,running
174296.069916,0,tick,""
174296.069987,0,reduction,""
174296.069991,0,sched_state,running
174296.070057,0,tick,""
174296.070062,0,reduction,""
174296.070063,0,sched_state,running
174296.070127,0,tick,""
174296.070195,0,reduction,""
174296.070197,0,sched_state,running
174296.070263,0,tick,""
174296.070268,0,reduction,""
174296.070269,0,sched_state,running
174296.070330,0,tick,""
174296.070340,0,reduction,""
174296.070341,0,sched_state,running
174296.070407,0,tick,""
174296.070418,0,reduction,""
174296.070419,0,sched_state,running
174296.070485,0,tick,""
174296.070495,0,reduction,""
174296.070496,0,sched_state,running
174296.070574,0,tick,""
174296.070839,0,reduction,""
174296.070841,0,sched_state,running
174296.070912,0,tick,""
174296.070923,0,reduction,""
174296.070924,0,sched_state,running
174296.070989,0,tick,""
174296.071000,0,reduction,""
174296.071001,0,sched_state,running
174296.071065,0,tick,""
174296.071075,0,reduction,""
174296.071076,0,sched_state,running
174296.071140,0,tick,""
174296.071150,0,reduction,""
174296.071151,0,sched_state,running
174296.071213,0,tick,""
174296.071223,0,reduction,""
174296.071225,0,sched_state,running
174296.071287,0,tick,""
174296.071297,0,reduction,""
174296.071298,0,sched_state,running
174296.071360,0,tick,""
174296.071369,0,reduction,""
174296.071370,0,sched_state,running
174296.071432,0,tick,""
174296.071438,0,reduction,""
174296.071439,0,sched_state,running
174296.071507,0,tick,""
174296.071512,0,reduction,""
174296.071513,0,sched_state,running
174296.071579,0,tick,""
174296.071583,0,reduction,""
174296.071584,0,sched_state,running
174296.071649,0,tick,""
174296.071654,0,reduction,""
174296.071655,0,sched_state,running
174296.071720,0,tick,""
174296.071724,0,reduction,""
174296.071725,0,sched_state,running
174296.071790,0,tick,""
174296.071794,0,reduction,""
174296.071794,0,sched_state,running
174296.071859,0,tick,""
174296.071864,0,reduction,""
174296.071865,0,sched_state,running
174296.071930,0,tick,""
174296.071933,0,reduction,""
174296.071934,0,sched_state,running
174296.071998,0,tick,""
174296.072002,0,reduction,""
174296.072003,0,sched_state,running
174296.072066,0,tick,""
174296.072070,0,reduction,""
174296.072071,0,sched_state,running
174296.072158,0,tick,""
174296.072162,0,reduction,""
174296.072163,0,sched_state,running
174296.072228,0,tick,""
174296.072231,0,reduction,""
174296.072232,0,sched_state,running
174296.072295,0,tick,""
174296.072299,0,reduction,""
174296.072300,0,sched_state,running
174296.072364,0,tick,""
174296.074226,1,channel_unblocked,101
174296.074230,0,yield,""
174296.074233,0,sched_state,waiting
174296.074832,0,tick,""
174296.074836,0,reduction,""
174296.074838,0,sched_state,running
174296.075373,0,tick,""
174296.075377,0,reduction,""
174296.075379,0,sched_state,running
174296.075682,0,tick,""
174296.075687,0,reduction,""
174296.075688,0,sched_state,running
174296.075990,0,tick,""
174296.075993,0,reduction,""
174296.075994,0,sched_state,running
174296.076318,0,tick,""
174296.076322,0,reduction,""
174296.076324,0,sched_state,running
174296.076624,0,tick,""
174296.076628,0,reduction,""
174296.076629,0,sched_state,running
174296.076930,0,tick,""
174296.076945,0,reduction,""
174296.076946,0,sched_state,running
174296.077249,0,tick,""
174296.077253,0,reduction,""
174296.077254,0,sched_state,running
174296.077569,0,tick,""
174296.077581,0,reduction,""
174296.077582,0,sched_state,running
174296.077884,0,tick,""
174296.077898,0,reduction,""
174296.077899,0,sched_state,running
174296.078203,0,tick,""
174296.078207,0,reduction,""
174296.078208,0,sched_state,running
174296.078510,0,tick,""
174296.078621,0,reduction,""
174296.078623,0,sched_state,running
174296.078927,0,tick,""
174296.078938,0,reduction,""
174296.078940,0,sched_state,running
174296.079240,0,tick,""
174296.079243,0,reduction,""
174296.079244,0,sched_state,running
174296.079542,0,tick,""
174296.079545,0,reduction,""
174296.079546,0,sched_state,running
174296.079841,0,tick,""
174296.079844,0,reduction,""
174296.079845,0,sched_state,running
174296.080174,0,tick,""
174296.080179,0,reduction,""
174296.080181,0,sched_state,running
174296.080479,0,tick,""
174296.080550,0,reduction,""
174296.080551,0,sched_state,running
174296.080851,0,tick,""
174296.080855,0,reduction,""
174296.080856,0,sched_state,running
174296.081152,0,tick,""
174296.081222,0,reduction,""
174296.081224,0,sched_state,running
174296.081525,0,tick,""
174296.081529,0,reduction,""
174296.081530,0,sched_state,running
174296.081833,0,tick,""
174296.081837,0,reduction,""
174296.081838,0,sched_state,running
174296.082139,0,tick,""
174296.082143,0,reduction,""
174296.082144,0,sched_state,running
174296.082444,0,tick,""
174296.082483,0,reduction,""
174296.082485,0,sched_state,running
174296.082786,0,tick,""
174296.082791,0,reduction,""
174296.082792,0,sched_state,running
174296.083093,0,tick,""
174296.083097,0,spawn,""
174296.083098,0,reduction,""
174296.083099,0,sched_state,running
174296.083399,0,tick,""
174296.083402,0,reduction,""
174296.083403,0,sched_state,running
174296.083703,0,tick,""
174296.083708,0,reduction,""
174296.083709,0,sched_state,running
174296.084007,0,tick,""
174296.084010,0,reduction,""
174296.084012,0,sched_state,running
174296.084334,0,tick,""
174296.084338,0,reduction,""
174296.084339,0,sched_state,running
174296.084639,0,tick,""
174296.084643,0,reduction,""
174296.084644,0,sched_state,running
174296.084946,0,tick,""
174296.084949,0,reduction,""
174296.084950,0,sched_state,running
174296.085251,0,tick,""
174296.085900,7,channel_blocked,427
174296.085902,0,yield,""
174296.085903,0,sched_state,waiting
174296.086208,0,tick,""
174296.086211,0,reduction,""
174296.086213,0,sched_state,running
174296.086516,0,tick,""
174296.086518,0,reduction,""
174296.086519,0,sched_state,running
174296.086820,0,tick,""
174296.086824,0,reduction,""
174296.086824,0,sched_state,running
174296.087121,0,tick,""
174296.087124,0,reduction,""
174296.087125,0,sched_state,running
174296.087419,0,tick,""
174296.087423,0,reduction,""
174296.087424,0,sched_state,running
174296.087718,0,tick,""
174296.087801,0,reduction,""
174296.087804,0,sched_state,running
174296.088105,0,tick,""
174296.088121,0,reduction,""
174296.088122,0,sched_state,running
174296.088430,0,tick,""
174296.088500,0,reduction,""
174296.088502,0,sched_state,running
174296.088803,0,tick,""
174296.088807,0,reduction,""
174296.088808,0,sched_state,running
174296.089103,0,tick,""
174296.089113,0,reduction,""
174296.089115,0,sched_state,running
174296.089417,0,tick,""
174296.089429,0,reduction,""
174296.089430,0,sched_state,running
174296.089736,0,tick,""
174296.089749,0,reduction,""
174296.089752,0,sched_state,running
174296.090058,0,tick,""
174296.090342,0,reduction,""
174296.090344,0,sched_state,running
174296.090649,0,tick,""
174296.090661,0,reduction,""
174296.090662,0,sched_state,running
174296.090961,0,tick,""
174296.090971,0,reduction,""
174296.090972,0,sched_state,running
174296.091272,0,tick,""
174296.091283,0,reduction,""
174296.091284,0,sched_state,running
174296.091582,0,tick,""
174296.091592,0,reduction,""
174296.091593,0,sched_state,running
174296.091890,0,tick,""
174296.091900,0,reduction,""
174296.091901,0,sched_state,running
174296.092225,0,tick,""
174296.092235,0,reduction,""
174296.092237,0,sched_state,running
174296.092536,0,tick,""
174296.092545,0,reduction,""
174296.092547,0,sched_state,running
174296.092845,0,tick,""
174296.092851,0,reduction,""
174296.092853,0,sched_state,running
174296.093159,0,tick,""
174296.093164,0,reduction,""
174296.093166,0,sched_state,running
174296.093475,0,tick,""
174296.093480,0,reduction,""
174296.093481,0,sched_state,running
174296.093786,0,tick,""
174296.093791,0,reduction,""
174296.093792,0,sched_state,running
174296.094097,0,tick,""
174296.094102,0,reduction,""
174296.094103,0,sched_state,running
174296.094407,0,tick,""
174296.094411,0,reduction,""
174296.094412,0,sched_state,running
174296.094718,0,tick,""
174296.094722,0,reduction,""
174296.094724,0,sched_state,running
174296.095029,0,tick,""
174296.095032,0,reduction,""
174296.095034,0,sched_state,running
174296.095339,0,tick,""
174296.095343,0,reduction,""
174296.095344,0,sched_state,running
174296.095647,0,tick,""
174296.095650,0,reduction,""
174296.095651,0,sched_state,running
174296.095958,0,tick,""
174296.095962,0,reduction,""
174296.095963,0,sched_state,running
174296.096290,0,tick,""
174296.096294,0,reduction,""
174296.096295,0,sched_state,running
174296.096599,0,tick,""
174296.096601,0,reduction,""
174296.096603,0,sched_state,running
174296.096909,0,tick,""
174296.098286,2,channel_unblocked,138
174296.098293,0,yield,""
174296.098294,0,sched_state,waiting
174296.099251,0,tick,""
174296.099259,0,reduction,""
174296.099260,0,sched_state,running
174296.099777,0,tick,""
174296.099791,0,reduction,""
174296.099793,0,sched_state,running
174296.100321,0,tick,""
174296.100335,0,reduction,""
174296.100339,0,sched_state,running
174296.100848,0,tick,""
174296.100859,0,reduction,""
174296.100861,0,sched_state,running
174296.101364,0,tick,""
174296.101677,0,reduction,""
174296.101679,0,sched_state,running
174296.102189,0,tick,""
174296.102205,0,reduction,""
174296.102207,0,sched_state,running
174296.102710,0,tick,""
174296.102722,0,reduction,""
174296.102723,0,sched_state,running
174296.103225,0,tick,""
174296.103236,0,reduction,""
174296.103238,0,sched_state,running
174296.103742,0,tick,""
174296.103754,0,reduction,""
174296.103755,0,sched_state,running
174296.104288,0,tick,""
174296.104300,0,reduction,""
174296.104302,0,sched_state,running
174296.104808,0,tick,""
174296.104819,0,reduction,""
174296.104821,0,sched_state,running
174296.105326,0,tick,""
174296.105337,0,reduction,""
174296.105338,0,sched_state,running
174296.105843,0,tick,""
174296.105854,0,reduction,""
174296.105855,0,sched_state,running
174296.106362,0,tick,""
174296.106372,0,reduction,""
174296.106373,0,sched_state,running
174296.106879,0,tick,""
174296.106889,0,reduction,""
174296.106891,0,sched_state,running
174296.107395,0,tick,""
174296.107405,0,reduction,""
174296.107406,0,sched_state,running
174296.107910,0,tick,""
174296.107920,0,reduction,""
174296.107922,0,sched_state,running
174296.108444,0,tick,""
174296.108454,0,reduction,""
174296.108456,0,sched_state,running
174296.108959,0,tick,""
174296.108968,0,reduction,""
174296.108969,0,sched_state,running
174296.109471,0,tick,""
174296.109481,0,reduction,""
174296.109482,0,sched_state,running
174296.109987,0,tick,""
174296.109991,0,reduction,""
174296.109992,0,sched_state,running
174296.110490,0,tick,""
174296.110494,0,reduction,""
174296.110495,0,sched_state,running
174296.110998,0,tick,""
174296.111002,0,reduction,""
174296.111004,0,sched_state,running
174296.111507,0,tick,""
174296.111511,0,reduction,""
174296.111512,0,sched_state,running
174296.112013,0,tick,""
174296.112019,0,reduction,""
174296.112020,0,sched_state,running
174296.112542,0,tick,""
174296.112630,0,reduction,""
174296.112632,0,sched_state,running
174296.113139,0,tick,""
174296.113145,0,reduction,""
174296.113147,0,sched_state,running
174296.113653,0,tick,""
174296.113724,0,reduction,""
174296.113726,0,sched_state,running
174296.114232,0,tick,""
174296.114237,0,reduction,""
174296.114239,0,sched_state,running
174296.114744,0,tick,""
174296.114756,0,reduction,""
174296.114758,0,sched_state,running
174296.115260,0,tick,""
174296.115272,0,reduction,""
174296.115274,0,sched_state,running
174296.115777,0,tick,""
174296.115788,0,reduction,""
174296.115790,0,sched_state,running
174296.116316,0,tick,""
174296.116583,0,reduction,""
174296.116585,0,sched_state,running
174296.117092,0,tick,""
174296.117105,0,reduction,""
174296.117106,0,sched_state,running
174296.117609,0,tick,""
174296.117621,0,reduction,""
174296.117622,0,sched_state,running
174296.118119,0,tick,""
174296.118131,0,reduction,""
174296.118132,0,sched_state,running
174296.118633,0,tick,""
174296.118645,0,reduction,""
174296.118646,0,sched_state,running
174296.119141,0,tick,""
174296.119152,0,reduction,""
174296.119154,0,sched_state,running
174296.119655,0,tick,""
174296.119666,0,reduction,""
174296.119667,0,sched_state,running
174296.120187,0,tick,""
174296.120199,0,reduction,""
174296.120201,0,sched_state,running
174296.120699,0,tick,""
174296.120710,0,reduction,""
174296.120712,0,sched_state,running
174296.121214,0,tick,""
174296.121225,0,reduction,""
174296.121226,0,sched_state,running
174296.121723,0,tick,""
174296.121733,0,reduction,""
174296.121735,0,sched_state,running
174296.122235,0,tick,""
174296.122245,0,reduction,""
174296.122246,0,sched_state,running
174296.122745,0,tick,""
174296.122754,0,reduction,""
174296.122756,0,sched_state,running
174296.123252,0,tick,""
174296.123262,0,reduction,""
174296.123263,0,sched_state,running
174296.123764,0,tick,""
174296.123774,0,reduction,""
174296.123775,0,sched_state,running
174296.124292,0,tick,""
174296.124302,0,reduction,""
174296.124304,0,sched_state,running
174296.124800,0,tick,""
174296.124809,0,reduction,""
174296.124811,0,sched_state,running
174296.125309,0,tick,""
174296.125318,0,reduction,""
174296.125319,0,sched_state,running
174296.125816,0,tick,""
174296.125825,0,reduction,""
174296.125826,0,sched_state,running
174296.126321,0,tick,""
174296.126329,0,reduction,""
174296.126331,0,sched_state,running
174296.126830,0,tick,""
174296.126839,0,reduction,""
174296.126840,0,sched_state,running
174296.127340,0,tick,""
174296.127348,0,reduction,""
174296.127349,0,sched_state,running
174296.127846,0,tick,""
174296.127854,0,reduction,""
174296.127855,0,sched_state,running
174296.128379,0,tick,""
174296.128388,0,reduction,""
174296.128389,0,sched_state,running
174296.128885,0,tick,""
174296.128892,0,reduction,""
174296.128894,0,sched_state,running
174296.129394,0,tick,""
174296.129402,0,reduction,""
174296.129403,0,sched_state,running
174296.129899,0,tick,""
174296.129906,0,reduction,""
174296.129907,0,sched_state,running
174296.130404,0,tick,""
174296.130411,0,reduction,""
174296.130412,0,sched_state,running
174296.130908,0,tick,""
174296.130912,0,sched_state,running
174296.131315,0,tick,""
174296.131323,0,reduction,""
174296.131324,0,sched_state,running
174296.131738,0,tick,""
174296.131742,0,sched_state,stop
