timestamp,lpu,event,value
174296.730565,0,sched_state,startup
174296.730668,0,tick,""
174296.730673,0,reduction,""
174296.730674,0,sched_state,running
174296.730772,0,tick,""
174296.730775,0,reduction,""
174296.730776,0,sched_state,running
174296.730832,0,tick,""
174296.730834,0,reduction,""
174296.730835,0,sched_state,running
174296.730915,0,tick,""
174296.730917,0,reduction,""
174296.730918,0,sched_state,running
174296.730972,0,tick,""
174296.730974,0,reduction,""
174296.730975,0,sched_state,running
174296.731026,0,tick,""
174296.731029,0,reduction,""
174296.731029,0,sched_state,running
174296.731082,0,tick,""
174296.731084,0,reduction,""
174296.731085,0,sched_state,running
174296.731137,0,tick,""
174296.731139,0,reduction,""
174296.731140,0,sched_state,running
174296.731193,0,tick,""
174296.731199,0,reduction,""
174296.731200,0,sched_state,running
174296.731262,0,tick,""
174296.731266,0,reduction,""
174296.731267,0,sched_state,running
174296.731322,0,tick,""
174296.731324,0,reduction,""
174296.731325,0,sched_state,running
174296.731380,0,tick,""
174296.731382,0,reduction,""
174296.731383,0,sched_state,running
174296.731438,0,tick,""
174296.731441,0,reduction,""
174296.731442,0,sched_state,running
174296.731495,0,tick,""
174296.731497,0,reduction,""
174296.731498,0,sched_state,running
174296.731551,0,tick,""
174296.731554,0,reduction,""
174296.731555,0,sched_state,running
174296.731608,0,tick,""
174296.731693,0,reduction,""
174296.731695,0,sched_state,running
174296.731750,0,tick,""
174296.731762,0,reduction,""
174296.731763,0,sched_state,running
174296.731818,0,tick,""
174296.731819,0,reduction,""
174296.731820,0,sched_state,running
174296.731877,0,tick,""
174296.731880,0,reduction,""
174296.731881,0,sched_state,running
174296.731936,0,tick,""
174296.733332,0,reduction,""
174296.733334,0,sched_state,running
174296.733447,0,tick,""
174296.733463,0,reduction,""
174296.733465,0,sched_state,running
174296.733574,0,tick,""
174296.733578,0,spawn,""
174296.733579,0,reduction,""
174296.733580,0,sched_state,running
174296.733684,0,tick,""
174296.733687,0,reduction,""
174296.733688,0,sched_state,running
174296.733749,0,tick,""
174296.733752,0,reduction,""
174296.733753,0,sched_state,running
174296.733811,0,tick,""
174296.733814,0,reduction,""
174296.733815,0,sched_state,running
174296.733873,0,tick,""
174296.733876,0,reduction,""
174296.733877,0,sched_state,running
174296.733936,0,tick,""
174296.733939,0,reduction,""
174296.733940,0,sched_state,running
174296.733997,0,tick,""
174296.734033,0,reduction,""
174296.734035,0,sched_state,running
174296.734094,0,tick,""
174296.734097,0,reduction,""
174296.734098,0,sched_state,running
174296.734157,0,tick,""
174296.734159,0,spawn,""
174296.734161,0,reduction,""
174296.734162,0,sched_state,running
174296.734221,0,tick,""
174296.734223,0,reduction,""
174296.734224,0,sched_state,running
174296.734280,0,tick,""
174296.734285,0,reduction,""
174296.734286,0,sched_state,running
174296.734343,0,tick,""
174296.734346,0,reduction,""
174296.734346,0,sched_state,running
174296.734403,0,tick,""
174296.734405,0,reduction,""
174296.734406,0,sched_state,running
174296.734463,0,tick,""
174296.734466,0,reduction,""
174296.734467,0,sched_state,running
174296.734522,0,tick,""
174296.734525,0,reduction,""
174296.734526,0,sched_state,running
174296.734582,0,tick,""
174296.735154,0,channel_blocked,73
174296.735155,0,yield,""
174296.735157,0,sched_state,waiting
174296.735221,0,tick,""
174296.735233,0,reduction,""
174296.735234,0,sched_state,running
174296.735298,0,tick,""
174296.735301,0,spawn,""
174296.735303,0,reduction,""
174296.735304,0,sched_state,running
174296.735366,0,tick,""
174296.735369,0,reduction,""
174296.735370,0,sched_state,running
174296.735430,0,tick,""
174296.735434,0,reduction,""
174296.735435,0,sched_state,running
174296.735494,0,tick,""
174296.735496,0,reduction,""
174296.735497,0,sched_state,running
174296.735555,0,tick,""
174296.735558,0,reduction,""
174296.735559,0,sched_state,running
174296.735618,0,tick,""
174296.735621,0,reduction,""
174296.735622,0,sched_state,running
174296.735677,0,tick,""
174296.735709,0,reduction,""
174296.735710,0,sched_state,running
174296.735769,0,tick,""
174296.735773,0,reduction,""
174296.735774,0,sched_state,running
174296.735831,0,tick,""
174296.735834,0,spawn,""
174296.735836,0,reduction,""
174296.735837,0,sched_state,running
174296.735896,0,tick,""
174296.735898,0,reduction,""
174296.735899,0,sched_state,running
174296.735956,0,tick,""
174296.735960,0,reduction,""
174296.735961,0,sched_state,running
174296.736020,0,tick,""
174296.736023,0,reduction,""
174296.736024,0,sched_state,running
174296.736081,0,tick,""
174296.736083,0,reduction,""
174296.736085,0,sched_state,running
174296.736148,0,tick,""
174296.736151,0,reduction,""
174296.736152,0,sched_state,running
174296.736209,0,tick,""
174296.736212,0,reduction,""
174296.736213,0,sched_state,running
174296.736270,0,tick,""
174296.737937,0,channel_unblocked,73
174296.737943,0,yield,""
174296.737944,0,sched_state,waiting
174296.738534,0,tick,""
174296.738542,0,reduction,""
174296.738543,0,sched_state,running
174296.739064,0,tick,""
174296.739069,0,reduction,""
174296.739070,0,sched_state,running
174296.739364,0,tick,""
174296.739367,0,reduction,""
174296.739368,0,sched_state,running
174296.739659,0,tick,""
174296.739662,0,reduction,""
174296.739664,0,sched_state,running
174296.739958,0,tick,""
174296.739961,0,reduction,""
174296.739962,0,sched_state,running
174296.740287,0,tick,""
174296.740291,0,reduction,""
174296.740292,0,sched_state,running
174296.740586,0,tick,""
174296.740600,0,reduction,""
174296.740601,0,sched_state,running
174296.740894,0,tick,""
174296.740898,0,reduction,""
174296.740899,0,sched_state,running
174296.741190,0,tick,""
174296.741207,0,reduction,""
174296.741209,0,sched_state,running
174296.741500,0,tick,""
174296.741513,0,reduction,""
174296.741515,0,sched_state,running
174296.741806,0,tick,""
174296.741810,0,reduction,""
174296.741811,0,sched_state,running
174296.742101,0,tick,""
174296.742211,0,reduction,""
174296.742213,0,sched_state,running
174296.742509,0,tick,""
174296.742521,0,reduction,""
174296.742522,0,sched_state,running
174296.742812,0,tick,""
174296.742815,0,reduction,""
174296.742816,0,sched_state,running
174296.743106,0,tick,""
174296.743115,0,reduction,""
174296.743116,0,sched_state,running
174296.743406,0,tick,""
174296.743443,0,reduction,""
174296.743444,0,sched_state,running
174296.743735,0,tick,""
174296.743746,0,reduction,""
174296.743748,0,sched_state,running
174296.744040,0,tick,""
174296.744044,0,spawn,""
174296.744046,0,reduction,""
174296.744047,0,sched_state,running
174296.744344,0,tick,""
174296.744347,0,reduction,""
174296.744349,0,sched_state,running
174296.744638,0,tick,""
174296.744642,0,reduction,""
174296.744643,0,sched_state,running
174296.744934,0,tick,""
174296.744937,0,reduction,""
174296.744938,0,sched_state,running
174296.745230,0,tick,""
174296.745233,0,reduction,""
174296.745234,0,sched_state,running
174296.745526,0,tick,""
174296.745529,0,reduction,""
174296.745530,0,sched_state,running
174296.745824,0,tick,""
174296.745827,0,reduction,""
174296.745828,0,sched_state,running
174296.746124,0,tick,""
174296.746128,0,reduction,""
174296.746129,0,sched_state,running
174296.746424,0,tick,""
174296.746493,0,reduction,""
174296.746495,0,sched_state,running
174296.746794,0,tick,""
174296.746798,0,reduction,""
174296.746800,0,sched_state,running
174296.747094,0,tick,""
174296.747163,0,reduction,""
174296.747165,0,sched_state,running
174296.747465,0,tick,""
174296.747469,0,reduction,""
174296.747471,0,sched_state,running
174296.747770,0,tick,""
174296.747780,0,reduction,""
174296.747782,0,sched_state,running
174296.748080,0,tick,""
174296.748381,0,reduction,""
174296.748383,0,sched_state,running
174296.748686,0,tick,""
174296.748697,0,reduction,""
174296.748698,0,sched_state,running
174296.748993,0,tick,""
174296.749303,0,reduction,""
174296.749305,0,sched_state,running
174296.749605,0,tick,""
174296.749617,0,reduction,""
174296.749618,0,sched_state,running
174296.749911,0,tick,""
174296.749921,0,reduction,""
174296.749923,0,sched_state,running
174296.750218,0,tick,""
174296.750229,0,reduction,""
174296.750230,0,sched_state,running
174296.750524,0,tick,""
174296.750534,0,reduction,""
174296.750535,0,sched_state,running
174296.750826,0,tick,""
174296.750836,0,reduction,""
174296.750837,0,sched_state,running
174296.751127,0,tick,""
174296.751137,0,reduction,""
174296.751138,0,sched_state,running
174296.751432,0,tick,""
174296.751441,0,reduction,""
174296.751443,0,sched_state,running
174296.751734,0,tick,""
174296.751737,0,reduction,""
174296.751738,0,sched_state,running
174296.752031,0,tick,""
174296.752034,0,reduction,""
174296.752036,0,sched_state,running
174296.752357,0,tick,""
174296.752361,0,reduction,""
174296.752362,0,sched_state,running
174296.752657,0,tick,""
174296.752660,0,reduction,""
174296.752662,0,sched_state,running
174296.752957,0,tick,""
174296.752960,0,reduction,""
174296.752962,0,sched_state,running
174296.753257,0,tick,""
174296.753260,0,reduction,""
174296.753262,0,sched_state,running
174296.753558,0,tick,""
174296.753569,0,reduction,""
174296.753570,0,sched_state,running
174296.753865,0,tick,""
174296.753869,0,reduction,""
174296.753870,0,sched_state,running
174296.754165,0,tick,""
174296.754174,0,reduction,""
174296.754176,0,sched_state,running
174296.754469,0,tick,""
174296.754479,0,reduction,""
174296.754480,0,sched_state,running
174296.754778,0,tick,""
174296.754781,0,reduction,""
174296.754783,0,sched_state,running
174296.755078,0,tick,""
174296.755163,0,reduction,""
174296.755165,0,sched_state,running
174296.755468,0,tick,""
174296.755479,0,reduction,""
174296.755481,0,sched_state,running
174296.755795,0,tick,""
174296.755800,0,reduction,""
174296.755803,0,sched_state,running
174296.756246,0,tick,""
174296.756260,0,reduction,""
174296.756262,0,sched_state,running
174296.756730,0,tick,""
174296.756800,0,reduction,""
174296.756803,0,sched_state,running
174296.757278,0,tick,""
174296.757294,0,reduction,""
174296.757296,0,sched_state,running
174296.757766,0,tick,""
174296.757772,0,spawn,""
174296.757776,0,reduction,""
174296.757778,0,sched_state,running
174296.758243,0,tick,""
174296.758249,0,reduction,""
174296.758251,0,sched_state,running
174296.758725,0,tick,""
174296.758731,0,reduction,""
174296.758733,0,sched_state,running
174296.759203,0,tick,""
174296.759208,0,reduction,""
174296.759211,0,sched_state,running
174296.759668,0,tick,""
174296.759675,0,reduction,""
174296.759677,0,sched_state,running
174296.760029,0,tick,""
174296.760033,0,reduction,""
174296.760035,0,sched_state,running
174296.760337,0,tick,""
174296.760341,0,reduction,""
174296.760342,0,sched_state,running
174296.760640,0,tick,""
174296.760644,0,reduction,""
174296.760645,0,sched_state,running
174296.760940,0,tick,""
174296.761011,0,reduction,""
174296.761013,0,sched_state,running
174296.761314,0,tick,""
174296.761319,0,reduction,""
174296.761320,0,sched_state,running
174296.761618,0,tick,""
174296.761687,0,reduction,""
174296.761688,0,sched_state,running
174296.761987,0,tick,""
174296.761991,0,reduction,""
174296.761993,0,sched_state,running
174296.762291,0,tick,""
174296.762301,0,reduction,""
174296.762302,0,sched_state,running
174296.762601,0,tick,""
174296.762613,0,reduction,""
174296.762614,0,sched_state,running
174296.762908,0,tick,""
174296.762917,0,reduction,""
174296.762918,0,sched_state,running
174296.763216,0,tick,""
174296.763483,0,reduction,""
174296.763485,0,sched_state,running
174296.763789,0,tick,""
174296.763801,0,reduction,""
174296.763802,0,sched_state,running
174296.764100,0,tick,""
174296.764118,0,reduction,""
174296.764120,0,sched_state,running
174296.764414,0,tick,""
174296.764424,0,reduction,""
174296.764425,0,sched_state,running
174296.764720,0,tick,""
174296.764730,0,reduction,""
174296.764732,0,sched_state,running
174296.765028,0,tick,""
174296.765038,0,reduction,""
174296.765039,0,sched_state,running
174296.765333,0,tick,""
174296.765343,0,reduction,""
174296.765344,0,sched_state,running
174296.765640,0,tick,""
174296.765650,0,reduction,""
174296.765651,0,sched_state,running
174296.765944,0,tick,""
174296.765947,0,reduction,""
174296.765949,0,sched_state,running
174296.766246,0,tick,""
174296.766250,0,reduction,""
174296.766251,0,sched_state,running
174296.766546,0,tick,""
174296.767147,2,channel_blocked,73
174296.767150,0,yield,""
174296.767152,0,sched_state,waiting
174296.767357,0,tick,""
174296.767363,0,reduction,""
174296.767365,0,sched_state,running
174296.767555,0,tick,""
174296.767558,0,reduction,""
174296.767560,0,sched_state,running
174296.767744,0,tick,""
174296.768302,1,channel_blocked,73
174296.768305,0,yield,""
174296.768306,0,sched_state,waiting
174296.768387,0,tick,""
174296.768391,0,reduction,""
174296.768393,0,sched_state,running
174296.768463,0,tick,""
174296.768467,0,reduction,""
174296.768468,0,sched_state,running
174296.768576,0,tick,""
174296.768579,0,reduction,""
174296.768580,0,sched_state,running
174296.768647,0,tick,""
174296.768650,0,reduction,""
174296.768651,0,sched_state,running
174296.768715,0,tick,""
174296.768718,0,reduction,""
174296.768720,0,sched_state,running
174296.768784,0,tick,""
174296.768788,0,reduction,""
174296.768789,0,sched_state,running
174296.768852,0,tick,""
174296.768868,0,reduction,""
174296.768870,0,sched_state,running
174296.768935,0,tick,""
174296.768938,0,reduction,""
174296.768939,0,sched_state,running
174296.769003,0,tick,""
174296.769013,0,reduction,""
174296.769015,0,sched_state,running
174296.769077,0,tick,""
174296.769087,0,reduction,""
174296.769088,0,sched_state,running
174296.769153,0,tick,""
174296.769157,0,reduction,""
174296.769158,0,sched_state,running
174296.769222,0,tick,""
174296.769307,0,reduction,""
174296.769309,0,sched_state,running
174296.769375,0,tick,""
174296.769386,0,reduction,""
174296.769388,0,sched_state,running
174296.769452,0,tick,""
174296.769455,0,reduction,""
174296.769456,0,sched_state,running
174296.769520,0,tick,""
174296.769528,0,reduction,""
174296.769530,0,sched_state,running
174296.769594,0,tick,""
174296.769626,0,reduction,""
174296.769627,0,sched_state,running
174296.769692,0,tick,""
174296.769702,0,reduction,""
174296.769703,0,sched_state,running
174296.769767,0,tick,""
174296.769771,0,spawn,""
174296.769772,0,reduction,""
174296.769773,0,sched_state,running
174296.769838,0,tick,""
174296.769841,0,reduction,""
174296.769842,0,sched_state,running
174296.769905,0,tick,""
174296.769909,0,reduction,""
174296.769910,0,sched_state,running
174296.769973,0,tick,""
174296.769977,0,reduction,""
174296.769978,0,sched_state,running
174296.770042,0,tick,""
174296.770045,0,reduction,""
174296.770046,0,sched_state,running
174296.770109,0,tick,""
174296.770113,0,reduction,""
174296.770114,0,sched_state,running
174296.770175,0,tick,""
174296.770207,0,reduction,""
174296.770209,0,sched_state,running
174296.770271,0,tick,""
174296.770276,0,reduction,""
174296.770277,0,sched_state,running
174296.770338,0,tick,""
174296.770342,0,spawn,""
174296.770343,0,reduction,""
174296.770344,0,sched_state,running
174296.770405,0,tick,""
174296.770408,0,reduction,""
174296.770409,0,sched_state,running
174296.770470,0,tick,""
174296.770475,0,reduction,""
174296.770476,0,sched_state,running
174296.770540,0,tick,""
174296.770542,0,reduction,""
174296.770543,0,sched_state,running
174296.770606,0,tick,""
174296.770609,0,reduction,""
174296.770610,0,sched_state,running
174296.770673,0,tick,""
174296.770677,0,reduction,""
174296.770678,0,sched_state,running
174296.770740,0,tick,""
174296.770743,0,reduction,""
174296.770744,0,sched_state,running
174296.770806,0,tick,""
174296.771502,3,channel_blocked,87
174296.771504,0,yield,""
174296.771505,0,sched_state,waiting
174296.771577,0,tick,""
174296.771588,0,reduction,""
174296.771589,0,sched_state,running
174296.771660,0,tick,""
174296.771671,0,reduction,""
174296.771672,0,sched_state,running
174296.771739,0,tick,""
174296.771748,0,reduction,""
174296.771750,0,sched_state,running
174296.771815,0,tick,""
174296.771824,0,reduction,""
174296.771825,0,sched_state,running
174296.771890,0,tick,""
174296.771898,0,reduction,""
174296.771899,0,sched_state,running
174296.771963,0,tick,""
174296.771971,0,reduction,""
174296.771972,0,sched_state,running
174296.772035,0,tick,""
174296.772043,0,reduction,""
174296.772044,0,sched_state,running
174296.772123,0,tick,""
174296.772131,0,reduction,""
174296.772133,0,sched_state,running
174296.772208,0,tick,""
174296.772216,0,reduction,""
174296.772217,0,sched_state,running
174296.772279,0,tick,""
174296.772287,0,reduction,""
174296.772288,0,sched_state,running
174296.772350,0,tick,""
174296.772357,0,reduction,""
174296.772358,0,sched_state,running
174296.772421,0,tick,""
174296.772428,0,reduction,""
174296.772429,0,sched_state,running
174296.772491,0,tick,""
174296.772498,0,reduction,""
174296.772499,0,sched_state,running
174296.772561,0,tick,""
174296.772568,0,reduction,""
174296.772569,0,sched_state,running
174296.772631,0,tick,""
174296.772637,0,reduction,""
174296.772638,0,sched_state,running
174296.772700,0,tick,""
174296.772706,0,reduction,""
174296.772707,0,sched_state,running
174296.772769,0,tick,""
174296.772775,0,reduction,""
174296.772776,0,sched_state,running
174296.772838,0,tick,""
174296.772843,0,reduction,""
174296.772845,0,sched_state,running
174296.772907,0,tick,""
174296.772912,0,reduction,""
174296.772913,0,sched_state,running
174296.772976,0,tick,""
174296.772981,0,reduction,""
174296.772982,0,sched_state,running
174296.773044,0,tick,""
174296.773047,0,reduction,""
174296.773048,0,sched_state,running
174296.773111,0,tick,""
174296.773114,0,reduction,""
174296.773115,0,sched_state,running
174296.773178,0,tick,""
174296.773181,0,reduction,""
174296.773182,0,sched_state,running
174296.773246,0,tick,""
174296.773249,0,reduction,""
174296.773250,0,sched_state,running
174296.773313,0,tick,""
174296.773316,0,reduction,""
174296.773317,0,sched_state,running
174296.773380,0,tick,""
174296.773383,0,reduction,""
174296.773384,0,sched_state,running
174296.773446,0,tick,""
174296.773456,0,reduction,""
174296.773457,0,sched_state,running
174296.773521,0,tick,""
174296.773525,0,reduction,""
174296.773526,0,sched_state,running
174296.773590,0,tick,""
174296.773600,0,reduction,""
174296.773601,0,sched_state,running
174296.773663,0,tick,""
174296.773672,0,reduction,""
174296.773673,0,sched_state,running
174296.773737,0,tick,""
174296.773741,0,reduction,""
174296.773742,0,sched_state,running
174296.773806,0,tick,""
174296.773905,0,reduction,""
174296.773907,0,sched_state,running
174296.773974,0,tick,""
174296.773986,0,reduction,""
174296.773987,0,sched_state,running
174296.774052,0,tick,""
174296.774054,0,reduction,""
174296.774055,0,sched_state,running
174296.774118,0,tick,""
174296.774127,0,reduction,""
174296.774128,0,sched_state,running
174296.774194,0,tick,""
174296.774226,0,reduction,""
174296.774228,0,sched_state,running
174296.774292,0,tick,""
174296.774301,0,reduction,""
174296.774302,0,sched_state,running
174296.774366,0,tick,""
174296.774370,0,spawn,""
174296.774372,0,reduction,""
174296.774373,0,sched_state,running
174296.774438,0,tick,""
174296.774441,0,reduction,""
174296.774443,0,sched_state,running
174296.774506,0,tick,""
174296.774509,0,reduction,""
174296.774510,0,sched_state,running
174296.774573,0,tick,""
174296.774577,0,reduction,""
174296.774578,0,sched_state,running
174296.774643,0,tick,""
174296.774647,0,reduction,""
174296.774648,0,sched_state,running
174296.774711,0,tick,""
174296.774715,0,reduction,""
174296.774716,0,sched_state,running
174296.774779,0,tick,""
174296.774808,0,reduction,""
174296.774810,0,sched_state,running
174296.774873,0,tick,""
174296.774877,0,reduction,""
174296.774878,0,sched_state,running
174296.774940,0,tick,""
174296.774943,0,spawn,""
174296.774944,0,reduction,""
174296.774945,0,sched_state,running
174296.775008,0,tick,""
174296.775011,0,reduction,""
174296.775012,0,sched_state,running
174296.775073,0,tick,""
174296.775077,0,reduction,""
174296.775079,0,sched_state,running
174296.775143,0,tick,""
174296.775146,0,reduction,""
174296.775147,0,sched_state,running
174296.775210,0,tick,""
174296.775213,0,reduction,""
174296.775214,0,sched_state,running
174296.775279,0,tick,""
174296.775282,0,reduction,""
174296.775283,0,sched_state,running
174296.775346,0,tick,""
174296.775349,0,reduction,""
174296.775350,0,sched_state,running
174296.775413,0,tick,""
174296.775957,4,channel_blocked,125
174296.775959,0,yield,""
174296.775961,0,sched_state,waiting
174296.776034,0,tick,""
174296.776044,0,reduction,""
174296.776045,0,sched_state,running
174296.776134,0,tick,""
174296.776145,0,reduction,""
174296.776146,0,sched_state,running
174296.776222,0,tick,""
174296.776231,0,reduction,""
174296.776232,0,sched_state,running
174296.776300,0,tick,""
174296.776309,0,reduction,""
174296.776310,0,sched_state,running
174296.776377,0,tick,""
174296.776385,0,reduction,""
174296.776386,0,sched_state,running
174296.776452,0,tick,""
174296.776460,0,reduction,""
174296.776462,0,sched_state,running
174296.776526,0,tick,""
174296.776534,0,reduction,""
174296.776535,0,sched_state,running
174296.776600,0,tick,""
174296.776608,0,reduction,""
174296.776609,0,sched_state,running
174296.776673,0,tick,""
174296.776681,0,reduction,""
174296.776682,0,sched_state,running
174296.776746,0,tick,""
174296.776753,0,reduction,""
174296.776754,0,sched_state,running
174296.776819,0,tick,""
174296.776826,0,reduction,""
174296.776827,0,sched_state,running
174296.776890,0,tick,""
174296.776897,0,reduction,""
174296.776899,0,sched_state,running
174296.776962,0,tick,""
174296.776969,0,reduction,""
174296.776970,0,sched_state,running
174296.777033,0,tick,""
174296.777040,0,reduction,""
174296.777041,0,sched_state,running
174296.777104,0,tick,""
174296.777110,0,reduction,""
174296.777111,0,sched_state,running
174296.777174,0,tick,""
174296.777180,0,reduction,""
174296.777181,0,sched_state,running
174296.777244,0,tick,""
174296.777250,0,reduction,""
174296.777251,0,sched_state,running
174296.777313,0,tick,""
174296.777319,0,reduction,""
174296.777320,0,sched_state,running
174296.777382,0,tick,""
174296.777388,0,reduction,""
174296.777389,0,sched_state,running
174296.777452,0,tick,""
174296.777457,0,reduction,""
174296.777458,0,sched_state,running
174296.777521,0,tick,""
174296.777523,0,reduction,""
174296.777524,0,sched_state,running
174296.777589,0,tick,""
174296.777591,0,reduction,""
174296.777592,0,sched_state,running
174296.777656,0,tick,""
174296.777659,0,reduction,""
174296.777660,0,sched_state,running
174296.777724,0,tick,""
174296.777727,0,reduction,""
174296.777728,0,sched_state,running
174296.777792,0,tick,""
174296.777795,0,reduction,""
174296.777796,0,sched_state,running
174296.777859,0,tick,""
174296.777863,0,reduction,""
174296.777864,0,sched_state,running
174296.777926,0,tick,""
174296.777938,0,reduction,""
174296.777939,0,sched_state,running
174296.778004,0,tick,""
174296.778008,0,reduction,""
174296.778009,0,sched_state,running
174296.778073,0,tick,""
174296.778083,0,reduction,""
174296.778084,0,sched_state,running
174296.778147,0,tick,""
174296.778158,0,reduction,""
174296.778159,0,sched_state,running
174296.778223,0,tick,""
174296.778227,0,reduction,""
174296.778229,0,sched_state,running
174296.778293,0,tick,""
174296.778377,0,reduction,""
174296.778379,0,sched_state,running
174296.778444,0,tick,""
174296.778456,0,reduction,""
174296.778457,0,sched_state,running
174296.778521,0,tick,""
174296.778524,0,reduction,""
174296.778525,0,sched_state,running
174296.778589,0,tick,""
174296.778599,0,reduction,""
174296.778600,0,sched_state,running
174296.778665,0,tick,""
174296.778696,0,reduction,""
174296.778697,0,sched_state,running
174296.778762,0,tick,""
174296.778772,0,reduction,""
174296.778773,0,sched_state,running
174296.778837,0,tick,""
174296.778841,0,spawn,""
174296.778844,0,reduction,""
174296.778845,0,sched_state,running
174296.778909,0,tick,""
174296.778912,0,reduction,""
174296.778913,0,sched_state,running
174296.778976,0,tick,""
174296.778981,0,reduction,""
174296.778982,0,sched_state,running
174296.779046,0,tick,""
174296.779050,0,reduction,""
174296.779051,0,sched_state,running
174296.779115,0,tick,""
174296.779118,0,reduction,""
174296.779119,0,sched_state,running
174296.779182,0,tick,""
174296.779187,0,reduction,""
174296.779188,0,sched_state,running
174296.779251,0,tick,""
174296.779285,0,reduction,""
174296.779287,0,sched_state,running
174296.779349,0,tick,""
174296.779353,0,reduction,""
174296.779355,0,sched_state,running
174296.779417,0,tick,""
174296.779420,0,spawn,""
174296.779422,0,reduction,""
174296.779423,0,sched_state,running
174296.779486,0,tick,""
174296.779489,0,reduction,""
174296.779490,0,sched_state,running
174296.779550,0,tick,""
174296.779556,0,reduction,""
174296.779557,0,sched_state,running
174296.779619,0,tick,""
174296.779622,0,reduction,""
174296.779623,0,sched_state,running
174296.779684,0,tick,""
174296.779688,0,reduction,""
174296.779689,0,sched_state,running
174296.779752,0,tick,""
174296.779756,0,reduction,""
174296.779757,0,sched_state,running
174296.779821,0,tick,""
174296.779824,0,reduction,""
174296.779826,0,sched_state,running
174296.779889,0,tick,""
174296.780527,5,channel_blocked,304
174296.780529,0,yield,""
174296.780530,0,sched_state,waiting
174296.780602,0,tick,""
174296.780606,0,reduction,""
174296.780607,0,sched_state,running
174296.780675,0,tick,""
174296.780678,0,reduction,""
174296.780679,0,sched_state,running
174296.780745,0,tick,""
174296.780748,0,reduction,""
174296.780749,0,sched_state,running
174296.780817,0,tick,""
174296.780819,0,reduction,""
174296.780821,0,sched_state,running
174296.780887,0,tick,""
174296.780890,0,reduction,""
174296.780892,0,sched_state,running
174296.780957,0,tick,""
174296.781029,0,reduction,""
174296.781030,0,sched_state,running
174296.781099,0,tick,""
174296.781105,0,reduction,""
174296.781106,0,sched_state,running
174296.781171,0,tick,""
174296.781239,0,reduction,""
174296.781241,0,sched_state,running
174296.781306,0,tick,""
174296.781311,0,reduction,""
174296.781312,0,sched_state,running
174296.781373,0,tick,""
174296.781384,0,reduction,""
174296.781385,0,sched_state,running
174296.781450,0,tick,""
174296.781461,0,reduction,""
174296.781462,0,sched_state,running
174296.781527,0,tick,""
174296.781537,0,reduction,""
174296.781539,0,sched_state,running
174296.781604,0,tick,""
174296.781867,0,reduction,""
174296.781869,0,sched_state,running
174296.781939,0,tick,""
174296.781950,0,reduction,""
174296.781952,0,sched_state,running
174296.782017,0,tick,""
174296.782027,0,reduction,""
174296.782029,0,sched_state,running
174296.782092,0,tick,""
174296.782102,0,reduction,""
174296.782104,0,sched_state,running
174296.782168,0,tick,""
174296.782178,0,reduction,""
174296.782179,0,sched_state,running
174296.782243,0,tick,""
174296.782253,0,reduction,""
174296.782254,0,sched_state,running
174296.782315,0,tick,""
174296.782325,0,reduction,""
174296.782326,0,sched_state,running
174296.782388,0,tick,""
174296.782399,0,reduction,""
174296.782400,0,sched_state,running
174296.782461,0,tick,""
174296.782467,0,reduction,""
174296.782468,0,sched_state,running
174296.782534,0,tick,""
174296.782540,0,reduction,""
174296.782541,0,sched_state,running
174296.782606,0,tick,""
174296.782611,0,reduction,""
174296.782612,0,sched_state,running
174296.782677,0,tick,""
174296.782681,0,reduction,""
174296.782682,0,sched_state,running
174296.782746,0,tick,""
174296.782751,0,reduction,""
174296.782752,0,sched_state,running
174296.782816,0,tick,""
174296.782820,0,reduction,""
174296.782821,0,sched_state,running
174296.782886,0,tick,""
174296.782890,0,reduction,""
174296.782891,0,sched_state,running
174296.782955,0,tick,""
174296.782959,0,reduction,""
174296.782961,0,sched_state,running
174296.783025,0,tick,""
174296.783029,0,reduction,""
174296.783030,0,sched_state,running
174296.783093,0,tick,""
174296.783097,0,reduction,""
174296.783098,0,sched_state,running
174296.783162,0,tick,""
174296.783165,0,reduction,""
174296.783166,0,sched_state,running
174296.783231,0,tick,""
174296.783234,0,reduction,""
174296.783235,0,sched_state,running
174296.783299,0,tick,""
174296.783302,0,reduction,""
174296.783303,0,sched_state,running
174296.783366,0,tick,""
174296.785239,1,channel_unblocked,100
174296.785244,0,yield,""
174296.785245,0,sched_state,waiting
174296.785845,0,tick,""
174296.785849,0,reduction,""
174296.785851,0,sched_state,running
174296.786394,0,tick,""
174296.786398,0,reduction,""
174296.786400,0,sched_state,running
174296.786699,0,tick,""
174296.786703,0,reduction,""
174296.786704,0,sched_state,running
174296.787000,0,tick,""
174296.787003,0,reduction,""
174296.787004,0,sched_state,running
174296.787300,0,tick,""
174296.787304,0,reduction,""
174296.787305,0,sched_state,running
174296.787617,0,tick,""
174296.787621,0,reduction,""
174296.787622,0,sched_state,running
174296.787923,0,tick,""
174296.787938,0,reduction,""
174296.787939,0,sched_state,running
174296.788266,0,tick,""
174296.788271,0,reduction,""
174296.788272,0,sched_state,running
174296.788571,0,tick,""
174296.788583,0,reduction,""
174296.788585,0,sched_state,running
174296.788881,0,tick,""
174296.788895,0,reduction,""
174296.788897,0,sched_state,running
174296.789197,0,tick,""
174296.789202,0,reduction,""
174296.789203,0,sched_state,running
174296.789502,0,tick,""
174296.789608,0,reduction,""
174296.789610,0,sched_state,running
174296.789914,0,tick,""
174296.789927,0,reduction,""
174296.789928,0,sched_state,running
174296.790223,0,tick,""
174296.790226,0,reduction,""
174296.790227,0,sched_state,running
174296.790523,0,tick,""
174296.790531,0,reduction,""
174296.790533,0,sched_state,running
174296.790828,0,tick,""
174296.790867,0,reduction,""
174296.790868,0,sched_state,running
174296.791166,0,tick,""
174296.791176,0,reduction,""
174296.791177,0,sched_state,running
174296.791473,0,tick,""
174296.791477,0,spawn,""
174296.791478,0,reduction,""
174296.791479,0,sched_state,running
174296.791775,0,tick,""
174296.791779,0,reduction,""
174296.791780,0,sched_state,running
174296.792074,0,tick,""
174296.792078,0,reduction,""
174296.792079,0,sched_state,running
174296.792396,0,tick,""
174296.792401,0,reduction,""
174296.792402,0,sched_state,running
174296.792701,0,tick,""
174296.792704,0,reduction,""
174296.792705,0,sched_state,running
174296.793006,0,tick,""
174296.793009,0,reduction,""
174296.793010,0,sched_state,running
174296.793310,0,tick,""
174296.793343,0,reduction,""
174296.793345,0,sched_state,running
174296.793642,0,tick,""
174296.793646,0,reduction,""
174296.793647,0,sched_state,running
174296.793946,0,tick,""
174296.793949,0,spawn,""
174296.793951,0,reduction,""
174296.793951,0,sched_state,running
174296.794251,0,tick,""
174296.794254,0,reduction,""
174296.794255,0,sched_state,running
174296.794565,0,tick,""
174296.794570,0,reduction,""
174296.794572,0,sched_state,running
174296.794867,0,tick,""
174296.794871,0,reduction,""
174296.794872,0,sched_state,running
174296.795171,0,tick,""
174296.795175,0,reduction,""
174296.795176,0,sched_state,running
174296.795478,0,tick,""
174296.795482,0,reduction,""
174296.795483,0,sched_state,running
174296.795781,0,tick,""
174296.795784,0,reduction,""
174296.795785,0,sched_state,running
174296.796087,0,tick,""
174296.796892,7,channel_blocked,427
174296.796894,0,yield,""
174296.796895,0,sched_state,waiting
174296.797201,0,tick,""
174296.797204,0,reduction,""
174296.797205,0,sched_state,running
174296.797506,0,tick,""
174296.797510,0,reduction,""
174296.797511,0,sched_state,running
174296.797811,0,tick,""
174296.797814,0,reduction,""
174296.797815,0,sched_state,running
174296.798114,0,tick,""
174296.798117,0,reduction,""
174296.798117,0,sched_state,running
174296.798418,0,tick,""
174296.798421,0,reduction,""
174296.798422,0,sched_state,running
174296.798724,0,tick,""
174296.798809,0,reduction,""
174296.798811,0,sched_state,running
174296.799118,0,tick,""
174296.799123,0,reduction,""
174296.799124,0,sched_state,running
174296.799429,0,tick,""
174296.799498,0,reduction,""
174296.799500,0,sched_state,running
174296.799805,0,tick,""
174296.799809,0,reduction,""
174296.799810,0,sched_state,running
174296.800130,0,tick,""
174296.800142,0,reduction,""
174296.800143,0,sched_state,running
174296.800458,0,tick,""
174296.800470,0,reduction,""
174296.800472,0,sched_state,running
174296.800776,0,tick,""
174296.800785,0,reduction,""
174296.800787,0,sched_state,running
174296.801090,0,tick,""
174296.801374,0,reduction,""
174296.801377,0,sched_state,running
174296.801684,0,tick,""
174296.801695,0,reduction,""
174296.801696,0,sched_state,running
174296.801995,0,tick,""
174296.802005,0,reduction,""
174296.802007,0,sched_state,running
174296.802305,0,tick,""
174296.802316,0,reduction,""
174296.802317,0,sched_state,running
174296.802616,0,tick,""
174296.802626,0,reduction,""
174296.802628,0,sched_state,running
174296.802927,0,tick,""
174296.802937,0,reduction,""
174296.802938,0,sched_state,running
174296.803239,0,tick,""
174296.803249,0,reduction,""
174296.803251,0,sched_state,running
174296.803550,0,tick,""
174296.803559,0,reduction,""
174296.803561,0,sched_state,running
174296.803860,0,tick,""
174296.803866,0,reduction,""
174296.803867,0,sched_state,running
174296.804188,0,tick,""
174296.804193,0,reduction,""
174296.804195,0,sched_state,running
174296.804495,0,tick,""
174296.804500,0,reduction,""
174296.804501,0,sched_state,running
174296.804800,0,tick,""
174296.804805,0,reduction,""
174296.804806,0,sched_state,running
174296.805104,0,tick,""
174296.805108,0,reduction,""
174296.805110,0,sched_state,running
174296.805410,0,tick,""
174296.805414,0,reduction,""
174296.805415,0,sched_state,running
174296.805714,0,tick,""
174296.805718,0,reduction,""
174296.805719,0,sched_state,running
174296.806020,0,tick,""
174296.806024,0,reduction,""
174296.806025,0,sched_state,running
174296.806325,0,tick,""
174296.806328,0,reduction,""
174296.806329,0,sched_state,running
174296.806629,0,tick,""
174296.806633,0,reduction,""
174296.806634,0,sched_state,running
174296.806934,0,tick,""
174296.806937,0,reduction,""
174296.806938,0,sched_state,running
174296.807238,0,tick,""
174296.807241,0,reduction,""
174296.807242,0,sched_state,running
174296.807542,0,tick,""
174296.807545,0,reduction,""
174296.807546,0,sched_state,running
174296.807845,0,tick,""
174296.809222,2,channel_unblocked,138
174296.809228,0,yield,""
174296.809229,0,sched_state,waiting
174296.810170,0,tick,""
174296.810178,0,reduction,""
174296.810179,0,sched_state,running
174296.810701,0,tick,""
174296.810706,0,reduction,""
174296.810708,0,sched_state,running
174296.811217,0,tick,""
174296.811221,0,reduction,""
174296.811223,0,sched_state,running
174296.811742,0,tick,""
174296.811747,0,reduction,""
174296.811749,0,sched_state,running
174296.812283,0,tick,""
174296.812288,0,reduction,""
174296.812290,0,sched_state,running
174296.812798,0,tick,""
174296.812803,0,reduction,""
174296.812805,0,sched_state,running
174296.813309,0,tick,""
174296.813326,0,reduction,""
174296.813328,0,sched_state,running
174296.813833,0,tick,""
174296.813839,0,reduction,""
174296.813840,0,sched_state,running
174296.814346,0,tick,""
174296.814358,0,reduction,""
174296.814360,0,sched_state,running
174296.814864,0,tick,""
174296.814878,0,reduction,""
174296.814881,0,sched_state,running
174296.815391,0,tick,""
174296.815396,0,reduction,""
174296.815398,0,sched_state,running
174296.815902,0,tick,""
174296.816009,0,reduction,""
174296.816012,0,sched_state,running
174296.816543,0,tick,""
174296.816557,0,reduction,""
174296.816559,0,sched_state,running
174296.817066,0,tick,""
174296.817071,0,reduction,""
174296.817072,0,sched_state,running
174296.817579,0,tick,""
174296.817591,0,reduction,""
174296.817593,0,sched_state,running
174296.818102,0,tick,""
174296.818148,0,reduction,""
174296.818150,0,sched_state,running
174296.818655,0,tick,""
174296.818667,0,reduction,""
174296.818669,0,sched_state,running
174296.819176,0,tick,""
174296.819180,0,spawn,""
174296.819181,0,reduction,""
174296.819183,0,sched_state,running
174296.819687,0,tick,""
174296.819692,0,reduction,""
174296.819694,0,sched_state,running
174296.820217,0,tick,""
174296.820221,0,reduction,""
174296.820223,0,sched_state,running
174296.820725,0,tick,""
174296.820730,0,reduction,""
174296.820732,0,sched_state,running
174296.821236,0,tick,""
174296.821240,0,reduction,""
174296.821242,0,sched_state,running
174296.821748,0,tick,""
174296.821752,0,reduction,""
174296.821753,0,sched_state,running
174296.822260,0,tick,""
174296.822291,0,reduction,""
174296.822293,0,sched_state,running
174296.822798,0,tick,""
174296.822804,0,reduction,""
174296.822806,0,sched_state,running
174296.823306,0,tick,""
174296.823310,0,spawn,""
174296.823311,0,reduction,""
174296.823313,0,sched_state,running
174296.823814,0,tick,""
174296.823817,0,reduction,""
174296.823818,0,sched_state,running
174296.824350,0,tick,""
174296.824356,0,reduction,""
174296.824358,0,sched_state,running
174296.824859,0,tick,""
174296.824863,0,reduction,""
174296.824865,0,sched_state,running
174296.825369,0,tick,""
174296.825374,0,reduction,""
174296.825375,0,sched_state,running
174296.825879,0,tick,""
174296.825883,0,reduction,""
174296.825884,0,sched_state,running
174296.826392,0,tick,""
174296.826397,0,reduction,""
174296.826398,0,sched_state,running
174296.826901,0,tick,""
174296.827801,9,channel_blocked,547
174296.827804,0,yield,""
174296.827806,0,sched_state,waiting
174296.828337,0,tick,""
174296.828343,0,reduction,""
174296.828344,0,sched_state,running
174296.828851,0,tick,""
174296.828856,0,reduction,""
174296.828857,0,sched_state,running
174296.829365,0,tick,""
174296.829369,0,reduction,""
174296.829371,0,sched_state,running
174296.829882,0,tick,""
174296.829886,0,reduction,""
174296.829888,0,sched_state,running
174296.830398,0,tick,""
174296.830404,0,reduction,""
174296.830405,0,sched_state,running
174296.830915,0,tick,""
174296.831002,0,reduction,""
174296.831004,0,sched_state,running
174296.831518,0,tick,""
174296.831524,0,reduction,""
174296.831526,0,sched_state,running
174296.832040,0,tick,""
174296.832123,0,reduction,""
174296.832126,0,sched_state,running
174296.832648,0,tick,""
174296.832654,0,reduction,""
174296.832656,0,sched_state,running
174296.833167,0,tick,""
174296.833179,0,reduction,""
174296.833180,0,sched_state,running
174296.833687,0,tick,""
174296.833700,0,reduction,""
174296.833702,0,sched_state,running
174296.834213,0,tick,""
174296.834224,0,reduction,""
174296.834225,0,sched_state,running
174296.834735,0,tick,""
174296.835021,0,reduction,""
174296.835023,0,sched_state,running
174296.835536,0,tick,""
174296.835549,0,reduction,""
174296.835551,0,sched_state,running
174296.836056,0,tick,""
174296.836068,0,reduction,""
174296.836069,0,sched_state,running
174296.836598,0,tick,""
174296.836610,0,reduction,""
174296.836612,0,sched_state,running
174296.837119,0,tick,""
174296.837131,0,reduction,""
174296.837132,0,sched_state,running
174296.837634,0,tick,""
174296.837645,0,reduction,""
174296.837646,0,sched_state,running
174296.838150,0,tick,""
174296.838161,0,reduction,""
174296.838163,0,sched_state,running
174296.838665,0,tick,""
174296.838676,0,reduction,""
174296.838678,0,sched_state,running
174296.839184,0,tick,""
174296.839195,0,reduction,""
174296.839197,0,sched_state,running
174296.839711,0,tick,""
174296.839722,0,reduction,""
174296.839723,0,sched_state,running
174296.840254,0,tick,""
174296.840265,0,reduction,""
174296.840266,0,sched_state,running
174296.840771,0,tick,""
174296.840782,0,reduction,""
174296.840783,0,sched_state,running
174296.841292,0,tick,""
174296.841302,0,reduction,""
174296.841303,0,sched_state,running
174296.841808,0,tick,""
174296.841818,0,reduction,""
174296.841819,0,sched_state,running
174296.842324,0,tick,""
174296.842333,0,reduction,""
174296.842334,0,sched_state,running
174296.842842,0,tick,""
174296.842851,0,reduction,""
174296.842853,0,sched_state,running
174296.843355,0,tick,""
174296.843364,0,reduction,""
174296.843365,0,sched_state,running
174296.843873,0,tick,""
174296.843882,0,reduction,""
174296.843884,0,sched_state,running
174296.844411,0,tick,""
174296.844421,0,reduction,""
174296.844422,0,sched_state,running
174296.844932,0,tick,""
174296.844941,0,reduction,""
174296.844942,0,sched_state,running
174296.845452,0,tick,""
174296.845460,0,reduction,""
174296.845462,0,sched_state,running
174296.845967,0,tick,""
174296.845975,0,reduction,""
174296.845976,0,sched_state,running
174296.846482,0,tick,""
174296.846490,0,reduction,""
174296.846492,0,sched_state,running
174296.846993,0,tick,""
174296.847001,0,reduction,""
174296.847002,0,sched_state,running
174296.847505,0,tick,""
174296.847512,0,reduction,""
174296.847513,0,sched_state,running
174296.848022,0,tick,""
174296.848029,0,reduction,""
174296.848030,0,sched_state,running
174296.848560,0,tick,""
174296.848567,0,reduction,""
174296.848569,0,sched_state,running
174296.849079,0,tick,""
174296.849086,0,reduction,""
174296.849087,0,sched_state,running
174296.849597,0,tick,""
174296.849601,0,sched_state,running
174296.850011,0,tick,""
174296.850018,0,reduction,""
174296.850019,0,sched_state,running
174296.850432,0,tick,""
174296.850436,0,sched_state,stop
