timestamp,lpu,event,value
174294.234287,0,sched_state,startup
174294.234375,0,tick,""
174294.234380,0,reduction,""
174294.234381,0,sched_state,running
174294.234441,0,tick,""
174294.234444,0,reduction,""
174294.234445,0,sched_state,running
174294.234504,0,tick,""
174294.234506,0,reduction,""
174294.234507,0,sched_state,running
174294.234565,0,tick,""
174294.234567,0,reduction,""
174294.234568,0,sched_state,running
174294.234622,0,tick,""
174294.234624,0,reduction,""
174294.234625,0,sched_state,running
174294.234678,0,tick,""
174294.234680,0,reduction,""
174294.234681,0,sched_state,running
174294.234736,0,tick,""
174294.234738,0,reduction,""
174294.234739,0,sched_state,running
174294.234793,0,tick,""
174294.234795,0,reduction,""
174294.234796,0,sched_state,running
174294.234850,0,tick,""
174294.234856,0,reduction,""
174294.234858,0,sched_state,running
174294.234912,0,tick,""
174294.234915,0,reduction,""
174294.234916,0,sched_state,running
174294.234970,0,tick,""
174294.234973,0,reduction,""
174294.234974,0,sched_state,running
174294.235027,0,tick,""
174294.235031,0,reduction,""
174294.235032,0,sched_state,running
174294.235088,0,tick,""
174294.235091,0,reduction,""
174294.235092,0,sched_state,running
174294.235145,0,tick,""
174294.235148,0,reduction,""
174294.235148,0,sched_state,running
174294.235221,0,tick,""
174294.235224,0,reduction,""
174294.235225,0,sched_state,running
174294.235278,0,tick,""
174294.235364,0,reduction,""
174294.235365,0,sched_state,running
174294.235421,0,tick,""
174294.235433,0,reduction,""
174294.235434,0,sched_state,running
174294.235490,0,tick,""
174294.235492,0,reduction,""
174294.235493,0,sched_state,running
174294.235550,0,tick,""
174294.235553,0,reduction,""
174294.235554,0,sched_state,running
174294.235609,0,tick,""
174294.255261,0,reduction,""
174294.255264,0,sched_state,running
174294.255329,0,tick,""
174294.255340,0,reduction,""
174294.255341,0,sched_state,running
174294.255403,0,tick,""
174294.255406,0,spawn,""
174294.255408,0,reduction,""
174294.255409,0,sched_state,running
174294.255468,0,tick,""
174294.255472,0,reduction,""
174294.255473,0,sched_state,running
174294.255530,0,tick,""
174294.255534,0,reduction,""
174294.255535,0,sched_state,running
174294.255592,0,tick,""
174294.255595,0,reduction,""
174294.255596,0,sched_state,running
174294.255653,0,tick,""
174294.255655,0,reduction,""
174294.255657,0,sched_state,running
174294.255715,0,tick,""
174294.255718,0,reduction,""
174294.255719,0,sched_state,running
174294.255777,0,tick,""
174294.255816,0,reduction,""
174294.255818,0,sched_state,running
174294.255926,0,tick,""
174294.255931,0,reduction,""
174294.255932,0,sched_state,running
174294.256039,0,tick,""
174294.256043,0,spawn,""
174294.256044,0,reduction,""
174294.256045,0,sched_state,running
174294.256176,0,tick,""
174294.256180,0,reduction,""
174294.256181,0,sched_state,running
174294.256249,0,tick,""
174294.256255,0,reduction,""
174294.256256,0,sched_state,running
174294.256322,0,tick,""
174294.256325,0,reduction,""
174294.256326,0,sched_state,running
174294.256382,0,tick,""
174294.256384,0,reduction,""
174294.256386,0,sched_state,running
174294.256444,0,tick,""
174294.256446,0,reduction,""
174294.256447,0,sched_state,running
174294.256503,0,tick,""
174294.256506,0,reduction,""
174294.256507,0,sched_state,running
174294.256563,0,tick,""
174294.257135,0,channel_blocked,73
174294.257136,0,yield,""
174294.257138,0,sched_state,waiting
174294.257202,0,tick,""
174294.257213,0,reduction,""
174294.257215,0,sched_state,running
174294.257278,0,tick,""
174294.257282,0,spawn,""
174294.257283,0,reduction,""
174294.257284,0,sched_state,running
174294.257347,0,tick,""
174294.257350,0,reduction,""
174294.257351,0,sched_state,running
174294.257411,0,tick,""
174294.257414,0,reduction,""
174294.257415,0,sched_state,running
174294.257474,0,tick,""
174294.257477,0,reduction,""
174294.257478,0,sched_state,running
174294.257537,0,tick,""
174294.257540,0,reduction,""
174294.257541,0,sched_state,running
174294.257600,0,tick,""
174294.257603,0,reduction,""
174294.257604,0,sched_state,running
174294.257660,0,tick,""
174294.257693,0,reduction,""
174294.257695,0,sched_state,running
174294.257753,0,tick,""
174294.257756,0,reduction,""
174294.257758,0,sched_state,running
174294.257815,0,tick,""
174294.257819,0,spawn,""
174294.257820,0,reduction,""
174294.257821,0,sched_state,running
174294.257880,0,tick,""
174294.257883,0,reduction,""
174294.257884,0,sched_state,running
174294.257942,0,tick,""
174294.257946,0,reduction,""
174294.257947,0,sched_state,running
174294.258006,0,tick,""
174294.258008,0,reduction,""
174294.258009,0,sched_state,running
174294.258067,0,tick,""
174294.258069,0,reduction,""
174294.258070,0,sched_state,running
174294.258128,0,tick,""
174294.258131,0,reduction,""
174294.258132,0,sched_state,running
174294.258188,0,tick,""
174294.258191,0,reduction,""
174294.258192,0,sched_state,running
174294.258249,0,tick,""
174294.259931,0,channel_unblocked,73
174294.259938,0,yield,""
174294.259940,0,sched_state,waiting
174294.260555,0,tick,""
174294.260562,0,reduction,""
174294.260563,0,sched_state,running
174294.261093,0,tick,""
174294.261098,0,reduction,""
174294.261099,0,sched_state,running
174294.261391,0,tick,""
174294.261394,0,reduction,""
174294.261395,0,sched_state,running
174294.261684,0,tick,""
174294.261687,0,reduction,""
174294.261688,0,sched_state,running
174294.261977,0,tick,""
174294.261980,0,reduction,""
174294.261982,0,sched_state,running
174294.262272,0,tick,""
174294.262275,0,reduction,""
174294.262276,0,sched_state,running
174294.262587,0,tick,""
174294.262601,0,reduction,""
174294.262602,0,sched_state,running
174294.262894,0,tick,""
174294.262898,0,reduction,""
174294.262899,0,sched_state,running
174294.263190,0,tick,""
174294.263206,0,reduction,""
174294.263207,0,sched_state,running
174294.263499,0,tick,""
174294.263511,0,reduction,""
174294.263514,0,sched_state,running
174294.263806,0,tick,""
174294.263810,0,reduction,""
174294.263811,0,sched_state,running
174294.264102,0,tick,""
174294.264238,0,reduction,""
174294.264241,0,sched_state,running
174294.264554,0,tick,""
174294.264566,0,reduction,""
174294.264567,0,sched_state,running
174294.264859,0,tick,""
174294.264862,0,reduction,""
174294.264864,0,sched_state,running
174294.265152,0,tick,""
174294.265156,0,reduction,""
174294.265157,0,sched_state,running
174294.265445,0,tick,""
174294.265448,0,reduction,""
174294.265449,0,sched_state,running
174294.265737,0,tick,""
174294.265741,0,reduction,""
174294.265742,0,sched_state,running
174294.266029,0,tick,""
174294.266099,0,reduction,""
174294.266100,0,sched_state,running
174294.266414,0,tick,""
174294.266419,0,reduction,""
174294.266421,0,sched_state,running
174294.266712,0,tick,""
174294.266780,0,reduction,""
174294.266781,0,sched_state,running
174294.267079,0,tick,""
174294.267082,0,reduction,""
174294.267084,0,sched_state,running
174294.267376,0,tick,""
174294.267379,0,reduction,""
174294.267380,0,sched_state,running
174294.267675,0,tick,""
174294.267678,0,reduction,""
174294.267680,0,sched_state,running
174294.267974,0,tick,""
174294.267977,0,reduction,""
174294.267979,0,sched_state,running
174294.268317,0,tick,""
174294.268321,0,reduction,""
174294.268323,0,sched_state,running
174294.268613,0,tick,""
174294.268683,0,reduction,""
174294.268684,0,sched_state,running
174294.268981,0,tick,""
174294.268986,0,reduction,""
174294.268987,0,sched_state,running
174294.269280,0,tick,""
174294.269348,0,reduction,""
174294.269350,0,sched_state,running
174294.269645,0,tick,""
174294.269650,0,reduction,""
174294.269651,0,sched_state,running
174294.269948,0,tick,""
174294.269958,0,reduction,""
174294.269959,0,sched_state,running
174294.270272,0,tick,""
174294.270566,0,reduction,""
174294.270568,0,sched_state,running
174294.270872,0,tick,""
174294.270883,0,reduction,""
174294.270885,0,sched_state,running
174294.271184,0,tick,""
174294.271340,0,reduction,""
174294.271342,0,sched_state,running
174294.271641,0,tick,""
174294.271646,0,reduction,""
174294.271648,0,sched_state,running
174294.271940,0,tick,""
174294.271944,0,reduction,""
174294.271945,0,sched_state,running
174294.272265,0,tick,""
174294.272270,0,reduction,""
174294.272271,0,sched_state,running
174294.272566,0,tick,""
174294.272570,0,reduction,""
174294.272572,0,sched_state,running
174294.272863,0,tick,""
174294.272867,0,reduction,""
174294.272868,0,sched_state,running
174294.273159,0,tick,""
174294.273163,0,reduction,""
174294.273164,0,sched_state,running
174294.273457,0,tick,""
174294.273460,0,reduction,""
174294.273462,0,sched_state,running
174294.273753,0,tick,""
174294.273756,0,reduction,""
174294.273757,0,sched_state,running
174294.274052,0,tick,""
174294.274055,0,reduction,""
174294.274056,0,sched_state,running
174294.274369,0,tick,""
174294.274372,0,reduction,""
174294.274373,0,sched_state,running
174294.274668,0,tick,""
174294.274671,0,reduction,""
174294.274672,0,sched_state,running
174294.274965,0,tick,""
174294.274968,0,reduction,""
174294.274969,0,sched_state,running
174294.275262,0,tick,""
174294.275266,0,reduction,""
174294.275267,0,sched_state,running
174294.275562,0,tick,""
174294.275573,0,reduction,""
174294.275574,0,sched_state,running
174294.275870,0,tick,""
174294.275874,0,reduction,""
174294.275875,0,sched_state,running
174294.276210,0,tick,""
174294.276220,0,reduction,""
174294.276221,0,sched_state,running
174294.276517,0,tick,""
174294.276527,0,reduction,""
174294.276528,0,sched_state,running
174294.276822,0,tick,""
174294.276826,0,reduction,""
174294.276827,0,sched_state,running
174294.277121,0,tick,""
174294.277203,0,reduction,""
174294.277205,0,sched_state,running
174294.277503,0,tick,""
174294.277514,0,reduction,""
174294.277516,0,sched_state,running
174294.277812,0,tick,""
174294.277815,0,reduction,""
174294.277816,0,sched_state,running
174294.278129,0,tick,""
174294.278133,0,reduction,""
174294.278134,0,sched_state,running
174294.278427,0,tick,""
174294.278429,0,reduction,""
174294.278431,0,sched_state,running
174294.278722,0,tick,""
174294.278726,0,reduction,""
174294.278728,0,sched_state,running
174294.279018,0,tick,""
174294.279087,0,reduction,""
174294.279089,0,sched_state,running
174294.279388,0,tick,""
174294.279393,0,reduction,""
174294.279394,0,sched_state,running
174294.279689,0,tick,""
174294.279758,0,reduction,""
174294.279760,0,sched_state,running
174294.280076,0,tick,""
174294.280080,0,reduction,""
174294.280081,0,sched_state,running
174294.280407,0,tick,""
174294.280411,0,reduction,""
174294.280412,0,sched_state,running
174294.280710,0,tick,""
174294.280713,0,reduction,""
174294.280714,0,sched_state,running
174294.281010,0,tick,""
174294.281013,0,reduction,""
174294.281014,0,sched_state,running
174294.281308,0,tick,""
174294.281312,0,reduction,""
174294.281313,0,sched_state,running
174294.281607,0,tick,""
174294.281676,0,reduction,""
174294.281678,0,sched_state,running
174294.281975,0,tick,""
174294.281979,0,reduction,""
174294.281981,0,sched_state,running
174294.282295,0,tick,""
174294.282364,0,reduction,""
174294.282365,0,sched_state,running
174294.282663,0,tick,""
174294.282668,0,reduction,""
174294.282669,0,sched_state,running
174294.282965,0,tick,""
174294.282975,0,reduction,""
174294.282977,0,sched_state,running
174294.283274,0,tick,""
174294.283285,0,reduction,""
174294.283286,0,sched_state,running
174294.283583,0,tick,""
174294.283592,0,reduction,""
174294.283594,0,sched_state,running
174294.283889,0,tick,""
174294.284020,0,reduction,""
174294.284022,0,sched_state,running
174294.284363,0,tick,""
174294.284369,0,reduction,""
174294.284370,0,sched_state,running
174294.284667,0,tick,""
174294.284671,0,reduction,""
174294.284673,0,sched_state,running
174294.284967,0,tick,""
174294.284971,0,reduction,""
174294.284973,0,sched_state,running
174294.285270,0,tick,""
174294.285274,0,reduction,""
174294.285275,0,sched_state,running
174294.285570,0,tick,""
174294.285574,0,reduction,""
174294.285576,0,sched_state,running
174294.285870,0,tick,""
174294.285874,0,reduction,""
174294.285875,0,sched_state,running
174294.286191,0,tick,""
174294.286194,0,reduction,""
174294.286195,0,sched_state,running
174294.286492,0,tick,""
174294.286495,0,reduction,""
174294.286497,0,sched_state,running
174294.286797,0,tick,""
174294.286800,0,reduction,""
174294.286801,0,sched_state,running
174294.287100,0,tick,""
174294.287697,2,channel_blocked,73
174294.287701,0,yield,""
174294.287702,0,sched_state,waiting
174294.287908,0,tick,""
174294.287912,0,reduction,""
174294.287914,0,sched_state,running
174294.288139,0,tick,""
174294.288143,0,reduction,""
174294.288144,0,sched_state,running
174294.288343,0,tick,""
174294.288893,1,channel_blocked,73
174294.288897,0,yield,""
174294.288898,0,sched_state,waiting
174294.288975,0,tick,""
174294.288980,0,reduction,""
174294.288982,0,sched_state,running
174294.289048,0,tick,""
174294.289060,0,reduction,""
174294.289062,0,sched_state,running
174294.289163,0,tick,""
174294.289178,0,reduction,""
174294.289179,0,sched_state,running
174294.289242,0,tick,""
174294.289252,0,reduction,""
174294.289253,0,sched_state,running
174294.289314,0,tick,""
174294.289470,0,reduction,""
174294.289472,0,sched_state,running
174294.289533,0,tick,""
174294.289538,0,reduction,""
174294.289540,0,sched_state,running
174294.289598,0,tick,""
174294.289602,0,reduction,""
174294.289604,0,sched_state,running
174294.289661,0,tick,""
174294.289665,0,reduction,""
174294.289666,0,sched_state,running
174294.289723,0,tick,""
174294.289727,0,reduction,""
174294.289728,0,sched_state,running
174294.289784,0,tick,""
174294.289787,0,reduction,""
174294.289788,0,sched_state,running
174294.289843,0,tick,""
174294.289848,0,reduction,""
174294.289849,0,sched_state,running
174294.289904,0,tick,""
174294.289907,0,reduction,""
174294.289908,0,sched_state,running
174294.289963,0,tick,""
174294.289966,0,reduction,""
174294.289967,0,sched_state,running
174294.290023,0,tick,""
174294.290026,0,reduction,""
174294.290027,0,sched_state,running
174294.290081,0,tick,""
174294.290084,0,reduction,""
174294.290085,0,sched_state,running
174294.290139,0,tick,""
174294.290514,0,channel_blocked,134
174294.290515,0,yield,""
174294.290517,0,sched_state,waiting
174294.290581,0,tick,""
174294.290585,0,reduction,""
174294.290586,0,sched_state,running
174294.290648,0,tick,""
174294.290651,0,reduction,""
174294.290652,0,sched_state,running
174294.290711,0,tick,""
174294.290713,0,reduction,""
174294.290714,0,sched_state,running
174294.290772,0,tick,""
174294.292318,1,channel_unblocked,141
174294.292322,0,yield,""
174294.292324,0,sched_state,waiting
174294.292913,0,tick,""
174294.292922,0,reduction,""
174294.292924,0,sched_state,running
174294.293461,0,tick,""
174294.293476,0,reduction,""
174294.293477,0,sched_state,running
174294.293781,0,tick,""
174294.293792,0,reduction,""
174294.293795,0,sched_state,running
174294.294088,0,tick,""
174294.294098,0,reduction,""
174294.294099,0,sched_state,running
174294.294411,0,tick,""
174294.294567,0,reduction,""
174294.294569,0,sched_state,running
174294.294863,0,tick,""
174294.294868,0,reduction,""
174294.294871,0,sched_state,running
174294.295156,0,tick,""
174294.295160,0,reduction,""
174294.295162,0,sched_state,running
174294.295445,0,tick,""
174294.295449,0,reduction,""
174294.295451,0,sched_state,running
174294.295738,0,tick,""
174294.295742,0,reduction,""
174294.295744,0,sched_state,running
174294.296031,0,tick,""
174294.296035,0,reduction,""
174294.296037,0,sched_state,running
174294.296360,0,tick,""
174294.296364,0,reduction,""
174294.296366,0,sched_state,running
174294.296652,0,tick,""
174294.296656,0,reduction,""
174294.296657,0,sched_state,running
174294.296943,0,tick,""
174294.296947,0,reduction,""
174294.296948,0,sched_state,running
174294.297235,0,tick,""
174294.297238,0,reduction,""
174294.297239,0,sched_state,running
174294.297526,0,tick,""
174294.297529,0,reduction,""
174294.297530,0,sched_state,running
174294.297817,0,tick,""
174294.298655,0,channel_unblocked,167
174294.298660,0,yield,""
174294.298662,0,sched_state,waiting
174294.299304,0,tick,""
174294.299311,0,reduction,""
174294.299312,0,sched_state,running
174294.299790,0,tick,""
174294.299794,0,reduction,""
174294.299795,0,sched_state,running
174294.300314,0,tick,""
174294.300319,0,reduction,""
174294.300320,0,sched_state,running
174294.300797,0,tick,""
174294.302201,2,channel_unblocked,180
174294.302207,0,yield,""
174294.302209,0,sched_state,waiting
174294.303002,0,tick,""
174294.303007,0,sched_state,running
174294.304000,0,tick,""
174294.304011,0,reduction,""
174294.304012,0,sched_state,running
174294.305079,0,tick,""
174294.305085,0,sched_state,stop
