timestamp,lpu,event,value
179804.634704,0,sched_state,startup
179804.634819,0,tick,""
179804.634825,0,reduction,""
179804.634827,0,sched_state,running
179804.634904,0,tick,""
179804.634907,0,reduction,""
179804.634908,0,sched_state,running
179804.634967,0,tick,""
179804.634969,0,reduction,""
179804.634970,0,sched_state,running
179804.635049,0,tick,""
179804.635051,0,reduction,""
179804.635052,0,sched_state,running
179804.635109,0,tick,""
179804.635111,0,reduction,""
179804.635112,0,sched_state,running
179804.635171,0,tick,""
179804.635173,0,reduction,""
179804.635174,0,sched_state,running
179804.635229,0,tick,""
179804.635232,0,reduction,""
179804.635233,0,sched_state,running
179804.635293,0,tick,""
179804.635295,0,reduction,""
179804.635296,0,sched_state,running
179804.635357,0,tick,""
179804.635360,0,reduction,""
179804.635360,0,sched_state,running
179804.635420,0,tick,""
179804.639787,0,reduction,""
179804.639796,0,sched_state,running
179804.640087,0,tick,""
179804.640091,0,reduction,""
179804.640092,0,sched_state,running
179804.640222,0,tick,""
179804.640227,0,reduction,""
179804.640229,0,sched_state,running
179804.640357,0,tick,""
179804.640522,0,reduction,""
179804.640524,0,sched_state,running
179804.640575,0,tick,""
179804.640579,0,reduction,""
179804.640580,0,sched_state,running
179804.640625,0,tick,""
179804.640629,0,reduction,""
179804.640630,0,sched_state,running
179804.640675,0,tick,""
179804.640679,0,reduction,""
179804.640680,0,sched_state,running
179804.640724,0,tick,""
179804.640726,0,reduction,""
179804.640728,0,sched_state,running
179804.640772,0,tick,""
179804.640774,0,reduction,""
179804.640776,0,sched_state,running
179804.640820,0,tick,""
179804.640823,0,reduction,""
179804.640824,0,sched_state,running
179804.640870,0,tick,""
179804.640873,0,reduction,""
179804.640874,0,sched_state,running
179804.640918,0,tick,""
179804.640919,0,queue_length,0
179804.640920,1,queue_length,0
179804.640925,0,reduction,""
179804.640926,0,sched_state,running
179804.640970,0,tick,""
179804.640974,0,reduction,""
179804.640975,0,sched_state,running
179804.641019,0,tick,""
179804.641023,0,reduction,""
179804.641024,0,sched_state,running
179804.641067,0,tick,""
179804.641071,0,reduction,""
179804.641072,0,sched_state,running
179804.641115,0,tick,""
179804.641120,0,reduction,""
179804.641121,0,sched_state,running
179804.641163,0,tick,""
179804.641169,0,reduction,""
179804.641170,0,sched_state,running
179804.641213,0,tick,""
179804.641218,0,reduction,""
179804.641219,0,sched_state,running
179804.641262,0,tick,""
179804.641269,0,reduction,""
179804.641270,0,sched_state,running
179804.641313,0,tick,""
179804.641317,0,reduction,""
179804.641318,0,sched_state,running
179804.641363,0,tick,""
179804.641403,0,reduction,""
179804.641405,0,sched_state,running
179804.641450,0,tick,""
179804.641455,0,reduction,""
179804.641456,0,sched_state,running
179804.641502,0,tick,""
179804.641508,0,reduction,""
179804.641509,0,sched_state,running
179804.641553,0,tick,""
179804.641558,0,reduction,""
179804.641559,0,sched_state,running
179804.641602,0,tick,""
179804.641613,0,reduction,""
179804.641614,0,sched_state,running
179804.641661,0,tick,""
179804.641667,0,reduction,""
179804.641667,0,sched_state,running
179804.641711,0,tick,""
179804.641721,0,reduction,""
179804.641722,0,sched_state,running
179804.641772,0,tick,""
179804.641776,0,spawn,""
179804.641778,0,reduction,""
179804.641779,0,sched_state,running
179804.641831,0,queue_length,1
179804.641832,1,queue_length,0
179804.641833,0,tick,""
179804.641835,0,reduction,""
179804.641836,0,sched_state,running
179804.641885,0,tick,""
179804.641888,0,reduction,""
179804.641889,0,sched_state,running
179804.641937,0,tick,""
179804.641939,0,reduction,""
179804.641941,0,sched_state,running
179804.641989,0,tick,""
179804.641991,0,reduction,""
179804.641992,0,sched_state,running
179804.642041,0,tick,""
179804.642044,0,reduction,""
179804.642045,0,sched_state,running
179804.642093,0,tick,""
179804.642096,0,reduction,""
179804.642097,0,sched_state,running
179804.642145,0,tick,""
179804.642699,0,channel_blocked,117
179804.642701,0,yield,""
179804.642703,0,sched_state,running
179804.642756,0,tick,""
179804.642764,0,reduction,""
179804.642765,0,sched_state,running
179804.642816,0,tick,""
179804.642821,0,reduction,""
179804.642822,0,sched_state,running
179804.642870,0,tick,""
179804.642875,0,reduction,""
179804.642876,0,sched_state,running
179804.642922,0,tick,""
179804.642927,0,reduction,""
179804.642928,0,sched_state,running
179804.642974,0,tick,""
179804.642982,0,reduction,""
179804.642983,0,sched_state,running
179804.643029,0,tick,""
179804.643062,0,reduction,""
179804.643064,0,sched_state,running
179804.643113,0,tick,""
179804.643121,0,reduction,""
179804.643122,0,sched_state,running
179804.643168,0,tick,""
179804.643174,0,reduction,""
179804.643175,0,sched_state,running
179804.643225,0,tick,""
179804.643230,0,reduction,""
179804.643231,0,sched_state,running
179804.643280,0,tick,""
179804.643290,0,reduction,""
179804.643292,0,sched_state,running
179804.643343,0,tick,""
179804.643348,0,reduction,""
179804.643349,0,sched_state,running
179804.643398,0,tick,""
179804.643410,0,reduction,""
179804.643411,0,sched_state,running
179804.643463,0,tick,""
179804.643467,0,spawn,""
179804.643469,0,reduction,""
179804.643470,0,sched_state,running
179804.643523,0,queue_length,1
179804.643524,1,queue_length,0
179804.643525,0,tick,""
179804.643526,0,reduction,""
179804.643527,0,sched_state,running
179804.643578,0,tick,""
179804.643583,0,reduction,""
179804.643584,0,sched_state,running
179804.643633,0,tick,""
179804.643636,0,reduction,""
179804.643637,0,sched_state,running
179804.643688,0,tick,""
179804.643690,0,reduction,""
179804.643691,0,sched_state,running
179804.643740,0,tick,""
179804.643742,0,reduction,""
179804.643743,0,sched_state,running
179804.643793,0,tick,""
179804.643796,0,reduction,""
179804.643797,0,sched_state,running
179804.643846,0,tick,""
179804.644371,1,channel_blocked,154
179804.644373,0,yield,""
179804.644374,0,sched_state,running
179804.644431,0,tick,""
179804.644437,0,reduction,""
179804.644438,0,sched_state,running
179804.644488,0,tick,""
179804.644493,0,reduction,""
179804.644494,0,sched_state,running
179804.644543,0,tick,""
179804.644551,0,reduction,""
179804.644552,0,sched_state,running
179804.644599,0,tick,""
179804.644603,0,reduction,""
179804.644604,0,sched_state,running
179804.644651,0,tick,""
179804.644660,0,reduction,""
179804.644661,0,sched_state,running
179804.644710,0,tick,""
179804.644742,0,reduction,""
179804.644743,0,sched_state,running
179804.644792,0,tick,""
179804.644801,0,reduction,""
179804.644802,0,sched_state,running
179804.644850,0,tick,""
179804.644856,0,reduction,""
179804.644857,0,sched_state,running
179804.644907,0,tick,""
179804.644912,0,reduction,""
179804.644915,0,sched_state,running
179804.644967,0,tick,""
179804.644978,0,reduction,""
179804.644979,0,sched_state,running
179804.645031,0,tick,""
179804.645036,0,reduction,""
179804.645037,0,sched_state,running
179804.645088,0,tick,""
179804.645099,0,reduction,""
179804.645100,0,sched_state,running
179804.645151,0,tick,""
179804.645155,0,spawn,""
179804.645157,0,reduction,""
179804.645158,0,sched_state,running
179804.645213,0,queue_length,1
179804.645214,1,queue_length,0
179804.645216,0,tick,""
179804.645218,0,reduction,""
179804.645218,0,sched_state,running
179804.645271,0,tick,""
179804.645273,0,reduction,""
179804.645274,0,sched_state,running
179804.645325,0,tick,""
179804.645327,0,reduction,""
179804.645328,0,sched_state,running
179804.645379,0,tick,""
179804.645381,0,reduction,""
179804.645382,0,sched_state,running
179804.645432,0,tick,""
179804.645435,0,reduction,""
179804.645436,0,sched_state,running
179804.645486,0,tick,""
179804.645489,0,reduction,""
179804.645490,0,sched_state,running
179804.645539,0,tick,""
179804.646046,2,channel_blocked,189
179804.646048,0,yield,""
179804.646049,0,sched_state,running
179804.646105,0,tick,""
179804.646110,0,reduction,""
179804.646111,0,sched_state,running
179804.646161,0,tick,""
179804.646166,0,reduction,""
179804.646167,0,sched_state,running
179804.646214,0,tick,""
179804.646220,0,reduction,""
179804.646222,0,sched_state,running
179804.646270,0,tick,""
179804.646275,0,reduction,""
179804.646276,0,sched_state,running
179804.646321,0,tick,""
179804.646330,0,reduction,""
179804.646333,0,sched_state,running
179804.646379,0,tick,""
179804.646416,0,reduction,""
179804.646418,0,sched_state,running
179804.646465,0,tick,""
179804.646475,0,reduction,""
179804.646476,0,sched_state,running
179804.646522,0,tick,""
179804.646528,0,reduction,""
179804.646529,0,sched_state,running
179804.646578,0,tick,""
179804.646583,0,reduction,""
179804.646584,0,sched_state,running
179804.646636,0,tick,""
179804.646648,0,reduction,""
179804.646650,0,sched_state,running
179804.646702,0,tick,""
179804.646706,0,reduction,""
179804.646707,0,sched_state,running
179804.646757,0,tick,""
179804.646769,0,reduction,""
179804.646770,0,sched_state,running
179804.646824,0,tick,""
179804.646828,0,spawn,""
179804.646830,0,reduction,""
179804.646831,0,sched_state,running
179804.646882,0,queue_length,1
179804.646883,1,queue_length,0
179804.646884,0,tick,""
179804.646887,0,reduction,""
179804.646889,0,sched_state,running
179804.646942,0,tick,""
179804.646945,0,reduction,""
179804.646946,0,sched_state,running
179804.646996,0,tick,""
179804.646999,0,reduction,""
179804.647000,0,sched_state,running
179804.647051,0,tick,""
179804.647053,0,reduction,""
179804.647054,0,sched_state,running
179804.647104,0,tick,""
179804.647109,0,reduction,""
179804.647110,0,sched_state,running
179804.647161,0,tick,""
179804.647164,0,reduction,""
179804.647165,0,sched_state,running
179804.647215,0,tick,""
179804.647719,3,channel_blocked,224
179804.647721,0,yield,""
179804.647723,0,sched_state,running
179804.647778,0,tick,""
179804.647783,0,reduction,""
179804.647784,0,sched_state,running
179804.647835,0,tick,""
179804.647840,0,reduction,""
179804.647841,0,sched_state,running
179804.647889,0,tick,""
179804.647896,0,reduction,""
179804.647897,0,sched_state,running
179804.647945,0,tick,""
179804.647949,0,reduction,""
179804.647950,0,sched_state,running
179804.647998,0,tick,""
179804.648007,0,reduction,""
179804.648009,0,sched_state,running
179804.648055,0,tick,""
179804.648094,0,reduction,""
179804.648095,0,sched_state,running
179804.648160,0,tick,""
179804.648171,0,reduction,""
179804.648172,0,sched_state,running
179804.648218,0,tick,""
179804.648224,0,reduction,""
179804.648225,0,sched_state,running
179804.648277,0,tick,""
179804.648282,0,reduction,""
179804.648283,0,sched_state,running
179804.648333,0,tick,""
179804.648349,0,reduction,""
179804.648350,0,sched_state,running
179804.648402,0,tick,""
179804.648407,0,reduction,""
179804.648409,0,sched_state,running
179804.648459,0,tick,""
179804.648471,0,reduction,""
179804.648475,0,sched_state,running
179804.648527,0,tick,""
179804.648532,0,spawn,""
179804.648533,0,reduction,""
179804.648536,0,sched_state,running
179804.648589,0,queue_length,1
179804.648590,1,queue_length,0
179804.648591,0,tick,""
179804.648593,0,reduction,""
179804.648594,0,sched_state,running
179804.648645,0,tick,""
179804.648648,0,reduction,""
179804.648649,0,sched_state,running
179804.648700,0,tick,""
179804.648705,0,reduction,""
179804.648706,0,sched_state,running
179804.648758,0,tick,""
179804.648761,0,reduction,""
179804.648762,0,sched_state,running
179804.648813,0,tick,""
179804.648816,0,reduction,""
179804.648817,0,sched_state,running
179804.648868,0,tick,""
179804.648871,0,reduction,""
179804.648872,0,sched_state,running
179804.648924,0,tick,""
179804.649429,4,channel_blocked,260
179804.649431,0,yield,""
179804.649433,0,sched_state,running
179804.649490,0,tick,""
179804.649495,0,reduction,""
179804.649496,0,sched_state,running
179804.649549,0,tick,""
179804.649553,0,reduction,""
179804.649555,0,sched_state,running
179804.649604,0,tick,""
179804.649611,0,reduction,""
179804.649612,0,sched_state,running
179804.649662,0,tick,""
179804.649666,0,reduction,""
179804.649668,0,sched_state,running
179804.649716,0,tick,""
179804.649727,0,reduction,""
179804.649728,0,sched_state,running
179804.649776,0,tick,""
179804.649811,0,reduction,""
179804.649813,0,sched_state,running
179804.649862,0,tick,""
179804.649873,0,reduction,""
179804.649877,0,sched_state,running
179804.649926,0,tick,""
179804.649931,0,reduction,""
179804.649932,0,sched_state,running
179804.649984,0,tick,""
179804.649989,0,reduction,""
179804.649990,0,sched_state,running
179804.650042,0,tick,""
179804.650055,0,reduction,""
179804.650057,0,sched_state,running
179804.650109,0,tick,""
179804.650113,0,reduction,""
179804.650114,0,sched_state,running
179804.650166,0,tick,""
179804.650180,0,reduction,""
179804.650182,0,sched_state,running
179804.650233,0,tick,""
179804.650237,0,spawn,""
179804.650240,0,reduction,""
179804.650241,0,sched_state,running
179804.650295,0,queue_length,1
179804.650296,1,queue_length,0
179804.650297,0,tick,""
179804.650300,0,reduction,""
179804.650303,0,sched_state,running
179804.650357,0,tick,""
179804.650360,0,reduction,""
179804.650361,0,sched_state,running
179804.650412,0,tick,""
179804.650415,0,reduction,""
179804.650416,0,sched_state,running
179804.650468,0,tick,""
179804.650470,0,reduction,""
179804.650471,0,sched_state,running
179804.650522,0,tick,""
179804.650525,0,reduction,""
179804.650527,0,sched_state,running
179804.650579,0,tick,""
179804.650582,0,reduction,""
179804.650583,0,sched_state,running
179804.650636,0,tick,""
179804.651143,5,channel_blocked,295
179804.651145,0,yield,""
179804.651147,0,sched_state,running
179804.651204,0,tick,""
179804.651209,0,reduction,""
179804.651210,0,sched_state,running
179804.651262,0,tick,""
179804.651268,0,reduction,""
179804.651270,0,sched_state,running
179804.651321,0,tick,""
179804.651329,0,reduction,""
179804.651330,0,sched_state,running
179804.651380,0,tick,""
179804.651384,0,reduction,""
179804.651386,0,sched_state,running
179804.651436,0,tick,""
179804.651447,0,reduction,""
179804.651448,0,sched_state,running
179804.651498,0,tick,""
179804.651536,0,reduction,""
179804.651538,0,sched_state,running
179804.651588,0,tick,""
179804.651602,0,reduction,""
179804.651603,0,sched_state,running
179804.651652,0,tick,""
179804.651657,0,reduction,""
179804.651658,0,sched_state,running
179804.651712,0,tick,""
179804.651717,0,reduction,""
179804.651718,0,sched_state,running
179804.651769,0,tick,""
179804.651785,0,reduction,""
179804.651787,0,sched_state,running
179804.651840,0,tick,""
179804.651845,0,reduction,""
179804.651846,0,sched_state,running
179804.651898,0,tick,""
179804.651914,0,reduction,""
179804.651916,0,sched_state,running
179804.651969,0,tick,""
179804.651972,0,spawn,""
179804.651975,0,reduction,""
179804.651976,0,sched_state,running
179804.652029,0,queue_length,1
179804.652031,1,queue_length,0
179804.652032,0,tick,""
179804.652033,0,reduction,""
179804.652037,0,sched_state,running
179804.652091,0,tick,""
179804.652094,0,reduction,""
179804.652095,0,sched_state,running
179804.652152,0,tick,""
179804.652155,0,reduction,""
179804.652156,0,sched_state,running
179804.652211,0,tick,""
179804.652213,0,reduction,""
179804.652215,0,sched_state,running
179804.652268,0,tick,""
179804.652271,0,reduction,""
179804.652272,0,sched_state,running
179804.652324,0,tick,""
179804.652327,0,reduction,""
179804.652328,0,sched_state,running
179804.652381,0,tick,""
179804.652891,6,channel_blocked,331
179804.652892,0,yield,""
179804.652894,0,sched_state,running
179804.652954,0,tick,""
179804.652958,0,reduction,""
179804.652959,0,sched_state,running
179804.653013,0,tick,""
179804.653016,0,reduction,""
179804.653017,0,sched_state,running
179804.653069,0,tick,""
179804.653076,0,reduction,""
179804.653078,0,sched_state,running
179804.653128,0,tick,""
179804.653132,0,reduction,""
179804.653133,0,sched_state,running
179804.653182,0,tick,""
179804.653196,0,reduction,""
179804.653198,0,sched_state,running
179804.653247,0,tick,""
179804.653281,0,reduction,""
179804.653283,0,sched_state,running
179804.653333,0,tick,""
179804.653346,0,reduction,""
179804.653347,0,sched_state,running
179804.653396,0,tick,""
179804.653404,0,reduction,""
179804.653405,0,sched_state,running
179804.653459,0,tick,""
179804.653463,0,reduction,""
179804.653464,0,sched_state,running
179804.653516,0,tick,""
179804.653531,0,reduction,""
179804.653532,0,sched_state,running
179804.653588,0,tick,""
179804.653593,0,reduction,""
179804.653594,0,sched_state,running
179804.653646,0,tick,""
179804.653661,0,reduction,""
179804.653662,0,sched_state,running
179804.653717,0,tick,""
179804.653722,0,spawn,""
179804.653723,0,reduction,""
179804.653725,0,sched_state,running
179804.653779,0,queue_length,1
179804.653780,1,queue_length,0
179804.653781,0,tick,""
179804.653783,0,reduction,""
179804.653784,0,sched_state,running
179804.653838,0,tick,""
179804.653842,0,reduction,""
179804.653843,0,sched_state,running
179804.653894,0,tick,""
179804.653897,0,reduction,""
179804.653899,0,sched_state,running
179804.653953,0,tick,""
179804.653955,0,reduction,""
179804.653959,0,sched_state,running
179804.654012,0,tick,""
179804.654015,0,reduction,""
179804.654016,0,sched_state,running
179804.654069,0,tick,""
179804.654072,0,reduction,""
179804.654073,0,sched_state,running
179804.654126,0,tick,""
179804.654639,7,channel_blocked,367
179804.654641,0,yield,""
179804.654643,0,sched_state,running
179804.654703,0,tick,""
179804.654707,0,reduction,""
179804.654708,0,sched_state,running
179804.654762,0,tick,""
179804.654766,0,reduction,""
179804.654767,0,sched_state,running
179804.654820,0,tick,""
179804.654828,0,reduction,""
179804.654830,0,sched_state,running
179804.654881,0,tick,""
179804.654884,0,reduction,""
179804.654886,0,sched_state,running
179804.654935,0,tick,""
179804.654948,0,reduction,""
179804.654950,0,sched_state,running
179804.655000,0,tick,""
179804.655029,0,reduction,""
179804.655031,0,sched_state,running
179804.655082,0,tick,""
179804.655096,0,reduction,""
179804.655098,0,sched_state,running
179804.655148,0,tick,""
179804.655153,0,reduction,""
179804.655154,0,sched_state,running
179804.655207,0,tick,""
179804.655214,0,reduction,""
179804.655216,0,sched_state,running
179804.655268,0,tick,""
179804.655284,0,reduction,""
179804.655286,0,sched_state,running
179804.655339,0,tick,""
179804.655346,0,reduction,""
179804.655348,0,sched_state,running
179804.655400,0,tick,""
179804.655415,0,reduction,""
179804.655417,0,sched_state,running
179804.655471,0,tick,""
179804.655474,0,spawn,""
179804.655476,0,reduction,""
179804.655477,0,sched_state,running
179804.655533,0,queue_length,1
179804.655536,1,queue_length,0
179804.655537,0,tick,""
179804.655539,0,reduction,""
179804.655540,0,sched_state,running
179804.655593,0,tick,""
179804.655598,0,reduction,""
179804.655599,0,sched_state,running
179804.655652,0,tick,""
179804.655655,0,reduction,""
179804.655656,0,sched_state,running
179804.655709,0,tick,""
179804.655714,0,reduction,""
179804.655715,0,sched_state,running
179804.655768,0,tick,""
179804.655771,0,reduction,""
179804.655772,0,sched_state,running
179804.655826,0,tick,""
179804.655829,0,reduction,""
179804.655830,0,sched_state,running
179804.655883,0,tick,""
179804.656426,8,channel_blocked,402
179804.656428,0,yield,""
179804.656431,0,sched_state,running
179804.656490,0,tick,""
179804.656493,0,reduction,""
179804.656495,0,sched_state,running
179804.656549,0,tick,""
179804.656553,0,reduction,""
179804.656554,0,sched_state,running
179804.656608,0,tick,""
179804.656617,0,reduction,""
179804.656619,0,sched_state,running
179804.656671,0,tick,""
179804.656674,0,reduction,""
179804.656676,0,sched_state,running
179804.656726,0,tick,""
179804.656739,0,reduction,""
179804.656741,0,sched_state,running
179804.656792,0,tick,""
179804.656829,0,reduction,""
179804.656831,0,sched_state,running
179804.656882,0,tick,""
179804.656897,0,reduction,""
179804.656898,0,sched_state,running
179804.656948,0,tick,""
179804.656955,0,reduction,""
179804.656956,0,sched_state,running
179804.657010,0,tick,""
179804.657014,0,reduction,""
179804.657015,0,sched_state,running
179804.657067,0,tick,""
179804.657086,0,reduction,""
179804.657088,0,sched_state,running
179804.657141,0,tick,""
179804.657146,0,reduction,""
179804.657147,0,sched_state,running
179804.657199,0,tick,""
179804.657215,0,reduction,""
179804.657219,0,sched_state,running
179804.657272,0,tick,""
179804.657276,0,spawn,""
179804.657277,0,reduction,""
179804.657279,0,sched_state,running
179804.657333,0,queue_length,1
179804.657335,1,queue_length,0
179804.657336,0,tick,""
179804.657338,0,reduction,""
179804.657339,0,sched_state,running
179804.657392,0,tick,""
179804.657395,0,reduction,""
179804.657396,0,sched_state,running
179804.657448,0,tick,""
179804.657453,0,reduction,""
179804.657454,0,sched_state,running
179804.657507,0,tick,""
179804.657511,0,reduction,""
179804.657512,0,sched_state,running
179804.657564,0,tick,""
179804.657569,0,reduction,""
179804.657570,0,sched_state,running
179804.657623,0,tick,""
179804.657627,0,reduction,""
179804.657628,0,sched_state,running
179804.657679,0,tick,""
179804.658192,9,channel_blocked,437
179804.658194,0,yield,""
179804.658196,0,sched_state,running
179804.658255,0,tick,""
179804.658259,0,reduction,""
179804.658260,0,sched_state,running
179804.658315,0,tick,""
179804.658318,0,reduction,""
179804.658320,0,sched_state,running
179804.658372,0,tick,""
179804.658381,0,reduction,""
179804.658384,0,sched_state,running
179804.658435,0,tick,""
179804.658438,0,reduction,""
179804.658439,0,sched_state,running
179804.658489,0,tick,""
179804.658492,0,reduction,""
179804.658493,0,sched_state,running
179804.658543,0,tick,""
179804.658546,0,reduction,""
179804.658547,0,sched_state,running
179804.658598,0,tick,""
179804.658600,0,reduction,""
179804.658602,0,sched_state,running
179804.658651,0,tick,""
179804.658665,0,reduction,""
179804.658666,0,sched_state,running
179804.658716,0,tick,""
179804.658719,0,reduction,""
179804.658720,0,sched_state,running
179804.658769,0,tick,""
179804.658783,0,reduction,""
179804.658784,0,sched_state,running
179804.658835,0,tick,""
179804.658838,0,reduction,""
179804.658840,0,sched_state,running
179804.658888,0,tick,""
179804.658892,0,reduction,""
179804.658893,0,sched_state,running
179804.658942,0,tick,""
179804.660049,0,channel_unblocked,73
179804.660055,0,yield,""
179804.660059,0,sched_state,running
179804.660407,0,tick,""
179804.660410,0,reduction,""
179804.660412,0,sched_state,running
179804.660714,0,tick,""
179804.660719,0,reduction,""
179804.660721,0,sched_state,running
179804.660890,0,tick,""
179804.660894,0,reduction,""
179804.660895,0,sched_state,running
179804.661059,0,tick,""
179804.661083,0,reduction,""
179804.661085,0,sched_state,running
179804.661251,0,tick,""
179804.661254,0,reduction,""
179804.661256,0,sched_state,running
179804.661419,0,tick,""
179804.661436,0,reduction,""
179804.661438,0,sched_state,running
179804.661603,0,tick,""
179804.661607,0,reduction,""
179804.661609,0,sched_state,running
179804.661772,0,tick,""
179804.661775,0,reduction,""
179804.661776,0,sched_state,running
179804.661937,0,tick,""
179804.661941,0,reduction,""
179804.661942,0,sched_state,running
179804.662103,0,tick,""
179804.662107,0,reduction,""
179804.662110,0,sched_state,running
179804.662273,0,tick,""
179804.662276,0,reduction,""
179804.662277,0,sched_state,running
179804.662442,0,tick,""
179804.662446,0,reduction,""
179804.662447,0,sched_state,running
179804.662609,0,tick,""
179804.663239,10,channel_blocked,73
179804.663240,0,yield,""
179804.663245,0,sched_state,running
179804.663375,0,tick,""
179804.663379,0,reduction,""
179804.663380,0,sched_state,running
179804.663587,0,tick,""
179804.663592,0,reduction,""
179804.663593,0,sched_state,running
179804.663804,0,tick,""
179804.663944,0,reduction,""
179804.663948,0,sched_state,running
179804.664056,0,tick,""
179804.664060,0,reduction,""
179804.664063,0,sched_state,running
179804.664179,0,tick,""
179804.664183,0,reduction,""
179804.664184,0,sched_state,running
179804.664289,0,tick,""
179804.664291,0,reduction,""
179804.664293,0,sched_state,running
179804.664397,0,tick,""
179804.664400,0,reduction,""
179804.664402,0,sched_state,running
179804.664507,0,tick,""
179804.664604,0,reduction,""
179804.664608,0,sched_state,running
179804.664716,0,tick,""
179804.664720,0,reduction,""
179804.664721,0,sched_state,running
179804.664825,0,tick,""
179804.664836,0,reduction,""
179804.664838,0,sched_state,running
179804.664931,0,tick,""
179804.664934,0,reduction,""
179804.664935,0,sched_state,running
179804.665027,0,tick,""
179804.665030,0,reduction,""
179804.665031,0,sched_state,running
179804.665123,0,tick,""
179804.665127,0,reduction,""
179804.665128,0,sched_state,running
179804.665221,0,tick,""
179804.666494,1,channel_unblocked,117
179804.666498,0,yield,""
179804.666501,0,sched_state,running
179804.666879,0,tick,""
179804.666882,0,reduction,""
179804.666884,0,sched_state,running
179804.667082,0,tick,""
179804.667086,0,reduction,""
179804.667087,0,sched_state,running
179804.667286,0,tick,""
179804.667288,0,reduction,""
179804.667289,0,sched_state,running
179804.667483,0,tick,""
179804.667486,0,reduction,""
179804.667487,0,sched_state,running
179804.667688,0,tick,""
179804.667691,0,reduction,""
179804.667692,0,sched_state,running
179804.667889,0,tick,""
179804.667897,0,reduction,""
179804.667899,0,sched_state,running
179804.668100,0,tick,""
179804.668105,0,reduction,""
179804.668119,0,sched_state,running
179804.668319,0,tick,""
179804.669031,0,channel_blocked,117
179804.669033,0,yield,""
179804.669036,0,sched_state,running
179804.669258,0,tick,""
179804.669262,0,reduction,""
179804.669263,0,sched_state,running
179804.669384,0,tick,""
179804.669388,0,reduction,""
179804.669389,0,sched_state,running
179804.669505,0,tick,""
179804.669626,0,reduction,""
179804.669628,0,sched_state,running
179804.669737,0,tick,""
179804.669740,0,reduction,""
179804.669742,0,sched_state,running
179804.669850,0,tick,""
179804.669853,0,reduction,""
179804.669855,0,sched_state,running
179804.669959,0,tick,""
179804.669961,0,reduction,""
179804.669963,0,sched_state,running
179804.670068,0,tick,""
179804.670072,0,reduction,""
179804.670075,0,sched_state,running
179804.670181,0,tick,""
179804.670263,0,reduction,""
179804.670268,0,sched_state,running
179804.670376,0,tick,""
179804.670380,0,reduction,""
179804.670381,0,sched_state,running
179804.670487,0,tick,""
179804.670498,0,reduction,""
179804.670499,0,sched_state,running
179804.670593,0,tick,""
179804.670597,0,reduction,""
179804.670598,0,sched_state,running
179804.670693,0,tick,""
179804.670696,0,reduction,""
179804.670697,0,sched_state,running
179804.670791,0,tick,""
179804.670794,0,reduction,""
179804.670796,0,sched_state,running
179804.670891,0,tick,""
179804.672055,2,channel_unblocked,154
179804.672061,0,yield,""
179804.672066,0,sched_state,running
179804.672468,0,tick,""
179804.672472,0,reduction,""
179804.672473,0,sched_state,running
179804.672672,0,tick,""
179804.672675,0,reduction,""
179804.672677,0,sched_state,running
179804.672878,0,tick,""
179804.672881,0,reduction,""
179804.672882,0,sched_state,running
179804.673078,0,tick,""
179804.673081,0,reduction,""
179804.673083,0,sched_state,running
179804.673282,0,tick,""
179804.673285,0,reduction,""
179804.673286,0,sched_state,running
179804.673485,0,tick,""
179804.673492,0,reduction,""
179804.673494,0,sched_state,running
179804.673696,0,tick,""
179804.673699,0,reduction,""
179804.673701,0,sched_state,running
179804.673899,0,tick,""
179804.674611,1,channel_blocked,154
179804.674613,0,yield,""
179804.674615,0,sched_state,running
179804.674743,0,tick,""
179804.674747,0,reduction,""
179804.674749,0,sched_state,running
179804.674871,0,tick,""
179804.674875,0,reduction,""
179804.674876,0,sched_state,running
179804.674993,0,tick,""
179804.675097,0,reduction,""
179804.675102,0,sched_state,running
179804.675211,0,tick,""
179804.675214,0,reduction,""
179804.675215,0,sched_state,running
179804.675321,0,tick,""
179804.675323,0,reduction,""
179804.675325,0,sched_state,running
179804.675430,0,tick,""
179804.675432,0,reduction,""
179804.675433,0,sched_state,running
179804.675538,0,tick,""
179804.675541,0,reduction,""
179804.675542,0,sched_state,running
179804.675648,0,tick,""
179804.675730,0,reduction,""
179804.675734,0,sched_state,running
179804.675842,0,tick,""
179804.675845,0,reduction,""
179804.675847,0,sched_state,running
179804.675952,0,tick,""
179804.675962,0,reduction,""
179804.675964,0,sched_state,running
179804.676058,0,tick,""
179804.676061,0,reduction,""
179804.676062,0,sched_state,running
179804.676159,0,tick,""
179804.676163,0,reduction,""
179804.676164,0,sched_state,running
179804.676258,0,tick,""
179804.676261,0,reduction,""
179804.676263,0,sched_state,running
179804.676357,0,tick,""
179804.677513,3,channel_unblocked,189
179804.677517,0,yield,""
179804.677520,0,sched_state,running
179804.677894,0,tick,""
179804.677897,0,reduction,""
179804.677898,0,sched_state,running
179804.678100,0,tick,""
179804.678104,0,reduction,""
179804.678105,0,sched_state,running
179804.678305,0,tick,""
179804.678307,0,reduction,""
179804.678308,0,sched_state,running
179804.678508,0,tick,""
179804.678511,0,reduction,""
179804.678512,0,sched_state,running
179804.678712,0,tick,""
179804.678715,0,reduction,""
179804.678716,0,sched_state,running
179804.678915,0,tick,""
179804.678922,0,reduction,""
179804.678923,0,sched_state,running
179804.679127,0,tick,""
179804.679131,0,reduction,""
179804.679133,0,sched_state,running
179804.679334,0,tick,""
179804.680050,2,channel_blocked,189
179804.680052,0,yield,""
179804.680055,0,sched_state,running
179804.680218,0,tick,""
179804.680222,0,reduction,""
179804.680224,0,sched_state,running
179804.680347,0,tick,""
179804.680351,0,reduction,""
179804.680352,0,sched_state,running
179804.680471,0,tick,""
179804.680572,0,reduction,""
179804.680577,0,sched_state,running
179804.680687,0,tick,""
179804.680691,0,reduction,""
179804.680692,0,sched_state,running
179804.680801,0,tick,""
179804.680804,0,reduction,""
179804.680805,0,sched_state,running
179804.680911,0,tick,""
179804.680913,0,reduction,""
179804.680914,0,sched_state,running
179804.681021,0,tick,""
179804.681025,0,reduction,""
179804.681026,0,sched_state,running
179804.681133,0,tick,""
179804.681217,0,reduction,""
179804.681219,0,sched_state,running
179804.681330,0,tick,""
179804.681333,0,reduction,""
179804.681335,0,sched_state,running
179804.681442,0,tick,""
179804.681453,0,reduction,""
179804.681455,0,sched_state,running
179804.681551,0,tick,""
179804.681554,0,reduction,""
179804.681555,0,sched_state,running
179804.681649,0,tick,""
179804.681653,0,reduction,""
179804.681654,0,sched_state,running
179804.681751,0,tick,""
179804.681754,0,reduction,""
179804.681756,0,sched_state,running
179804.681851,0,tick,""
179804.683009,4,channel_unblocked,224
179804.683014,0,yield,""
179804.683018,0,sched_state,running
179804.683394,0,tick,""
179804.683397,0,reduction,""
179804.683398,0,sched_state,running
179804.683600,0,tick,""
179804.683603,0,reduction,""
179804.683604,0,sched_state,running
179804.683807,0,tick,""
179804.683809,0,reduction,""
179804.683810,0,sched_state,running
179804.684009,0,tick,""
179804.684012,0,reduction,""
179804.684013,0,sched_state,running
179804.684220,0,tick,""
179804.684223,0,reduction,""
179804.684224,0,sched_state,running
179804.684423,0,tick,""
179804.684431,0,reduction,""
179804.684432,0,sched_state,running
179804.684635,0,tick,""
179804.684641,0,reduction,""
179804.684643,0,sched_state,running
179804.684845,0,tick,""
179804.685560,3,channel_blocked,224
179804.685562,0,yield,""
179804.685564,0,sched_state,running
179804.685692,0,tick,""
179804.685696,0,reduction,""
179804.685697,0,sched_state,running
179804.685817,0,tick,""
179804.685821,0,reduction,""
179804.685822,0,sched_state,running
179804.685941,0,tick,""
179804.686042,0,reduction,""
179804.686045,0,sched_state,running
179804.686157,0,tick,""
179804.686160,0,reduction,""
179804.686161,0,sched_state,running
179804.686270,0,tick,""
179804.686272,0,reduction,""
179804.686273,0,sched_state,running
179804.686379,0,tick,""
179804.686381,0,reduction,""
179804.686382,0,sched_state,running
179804.686489,0,tick,""
179804.686493,0,reduction,""
179804.686494,0,sched_state,running
179804.686602,0,tick,""
179804.686685,0,reduction,""
179804.686687,0,sched_state,running
179804.686797,0,tick,""
179804.686801,0,reduction,""
179804.686802,0,sched_state,running
179804.686909,0,tick,""
179804.686920,0,reduction,""
179804.686922,0,sched_state,running
179804.687018,0,tick,""
179804.687021,0,reduction,""
179804.687022,0,sched_state,running
179804.687116,0,tick,""
179804.687120,0,reduction,""
179804.687121,0,sched_state,running
179804.687216,0,tick,""
179804.687219,0,reduction,""
179804.687220,0,sched_state,running
179804.687314,0,tick,""
179804.688477,5,channel_unblocked,260
179804.688481,0,yield,""
179804.688483,0,sched_state,running
179804.688861,0,tick,""
179804.688863,0,reduction,""
179804.688864,0,sched_state,running
179804.689070,0,tick,""
179804.689073,0,reduction,""
179804.689074,0,sched_state,running
179804.689276,0,tick,""
179804.689278,0,reduction,""
179804.689279,0,sched_state,running
179804.689479,0,tick,""
179804.689482,0,reduction,""
179804.689483,0,sched_state,running
179804.689683,0,tick,""
179804.689685,0,reduction,""
179804.689686,0,sched_state,running
179804.689885,0,tick,""
179804.689893,0,reduction,""
179804.689894,0,sched_state,running
179804.690098,0,tick,""
179804.690101,0,reduction,""
179804.690102,0,sched_state,running
179804.690302,0,tick,""
179804.691019,4,channel_blocked,260
179804.691021,0,yield,""
179804.691023,0,sched_state,running
179804.691154,0,tick,""
179804.691158,0,reduction,""
179804.691159,0,sched_state,running
179804.691280,0,tick,""
179804.691284,0,reduction,""
179804.691285,0,sched_state,running
179804.691404,0,tick,""
179804.691506,0,reduction,""
179804.691508,0,sched_state,running
179804.691622,0,tick,""
179804.691625,0,reduction,""
179804.691626,0,sched_state,running
179804.691735,0,tick,""
179804.691738,0,reduction,""
179804.691739,0,sched_state,running
179804.691844,0,tick,""
179804.691846,0,reduction,""
179804.691847,0,sched_state,running
179804.691955,0,tick,""
179804.691959,0,reduction,""
179804.691960,0,sched_state,running
179804.692067,0,tick,""
179804.692162,0,reduction,""
179804.692164,0,sched_state,running
179804.692273,0,tick,""
179804.692277,0,reduction,""
179804.692278,0,sched_state,running
179804.692386,0,tick,""
179804.692397,0,reduction,""
179804.692398,0,sched_state,running
179804.692494,0,tick,""
179804.692498,0,reduction,""
179804.692499,0,sched_state,running
179804.692594,0,tick,""
179804.692597,0,reduction,""
179804.692598,0,sched_state,running
179804.692694,0,tick,""
179804.692697,0,reduction,""
179804.692699,0,sched_state,running
179804.692793,0,tick,""
179804.693962,6,channel_unblocked,295
179804.693967,0,yield,""
179804.693970,0,sched_state,running
179804.694351,0,tick,""
179804.694354,0,reduction,""
179804.694355,0,sched_state,running
179804.694559,0,tick,""
179804.694562,0,reduction,""
179804.694563,0,sched_state,running
179804.694763,0,tick,""
179804.694765,0,reduction,""
179804.694766,0,sched_state,running
179804.694967,0,tick,""
179804.694970,0,reduction,""
179804.694971,0,sched_state,running
179804.695172,0,tick,""
179804.695175,0,reduction,""
179804.695176,0,sched_state,running
179804.695378,0,tick,""
179804.695385,0,reduction,""
179804.695386,0,sched_state,running
179804.695590,0,tick,""
179804.695593,0,reduction,""
179804.695594,0,sched_state,running
179804.695795,0,tick,""
179804.696537,5,channel_blocked,295
179804.696538,0,yield,""
179804.696540,0,sched_state,running
179804.696669,0,tick,""
179804.696672,0,reduction,""
179804.696673,0,sched_state,running
179804.696795,0,tick,""
179804.696799,0,reduction,""
179804.696800,0,sched_state,running
179804.696920,0,tick,""
179804.697022,0,reduction,""
179804.697024,0,sched_state,running
179804.697135,0,tick,""
179804.697138,0,reduction,""
179804.697139,0,sched_state,running
179804.697247,0,tick,""
179804.697250,0,reduction,""
179804.697251,0,sched_state,running
179804.697358,0,tick,""
179804.697360,0,reduction,""
179804.697361,0,sched_state,running
179804.697467,0,tick,""
179804.697471,0,reduction,""
179804.697472,0,sched_state,running
179804.697577,0,tick,""
179804.697658,0,reduction,""
179804.697660,0,sched_state,running
179804.697769,0,tick,""
179804.697772,0,reduction,""
179804.697773,0,sched_state,running
179804.697881,0,tick,""
179804.697892,0,reduction,""
179804.697893,0,sched_state,running
179804.697989,0,tick,""
179804.697992,0,reduction,""
179804.697993,0,sched_state,running
179804.698087,0,tick,""
179804.698090,0,reduction,""
179804.698091,0,sched_state,running
179804.698187,0,tick,""
179804.698190,0,reduction,""
179804.698191,0,sched_state,running
179804.698285,0,tick,""
179804.699442,7,channel_unblocked,331
179804.699446,0,yield,""
179804.699449,0,sched_state,running
179804.699847,0,tick,""
179804.699850,0,reduction,""
179804.699851,0,sched_state,running
179804.700056,0,tick,""
179804.700059,0,reduction,""
179804.700060,0,sched_state,running
179804.700288,0,tick,""
179804.700291,0,reduction,""
179804.700292,0,sched_state,running
179804.700493,0,tick,""
179804.700496,0,reduction,""
179804.700497,0,sched_state,running
179804.700701,0,tick,""
179804.700704,0,reduction,""
179804.700706,0,sched_state,running
179804.700909,0,tick,""
179804.700917,0,reduction,""
179804.700918,0,sched_state,running
179804.701121,0,tick,""
179804.701124,0,reduction,""
179804.701125,0,sched_state,running
179804.701327,0,tick,""
179804.702045,6,channel_blocked,331
179804.702047,0,yield,""
179804.702049,0,sched_state,running
179804.702177,0,tick,""
179804.702180,0,reduction,""
179804.702182,0,sched_state,running
179804.702307,0,tick,""
179804.702311,0,reduction,""
179804.702312,0,sched_state,running
179804.702432,0,tick,""
179804.702535,0,reduction,""
179804.702537,0,sched_state,running
179804.702647,0,tick,""
179804.702650,0,reduction,""
179804.702651,0,sched_state,running
179804.702760,0,tick,""
179804.702763,0,reduction,""
179804.702764,0,sched_state,running
179804.702872,0,tick,""
179804.702874,0,reduction,""
179804.702875,0,sched_state,running
179804.702984,0,tick,""
179804.702988,0,reduction,""
179804.702989,0,sched_state,running
179804.703096,0,tick,""
179804.703177,0,reduction,""
179804.703179,0,sched_state,running
179804.703289,0,tick,""
179804.703292,0,reduction,""
179804.703293,0,sched_state,running
179804.703400,0,tick,""
179804.703411,0,reduction,""
179804.703413,0,sched_state,running
179804.703509,0,tick,""
179804.703513,0,reduction,""
179804.703514,0,sched_state,running
179804.703609,0,tick,""
179804.703612,0,reduction,""
179804.703613,0,sched_state,running
179804.703708,0,tick,""
179804.703711,0,reduction,""
179804.703712,0,sched_state,running
179804.703807,0,tick,""
179804.705001,8,channel_unblocked,367
179804.705007,0,yield,""
179804.705010,0,sched_state,running
179804.705391,0,tick,""
179804.705393,0,reduction,""
179804.705395,0,sched_state,running
179804.705596,0,tick,""
179804.705600,0,reduction,""
179804.705601,0,sched_state,running
179804.705806,0,tick,""
179804.705809,0,reduction,""
179804.705810,0,sched_state,running
179804.706013,0,tick,""
179804.706016,0,reduction,""
179804.706017,0,sched_state,running
179804.706219,0,tick,""
179804.706222,0,reduction,""
179804.706223,0,sched_state,running
179804.706425,0,tick,""
179804.706432,0,reduction,""
179804.706433,0,sched_state,running
179804.706638,0,tick,""
179804.706642,0,reduction,""
179804.706643,0,sched_state,running
179804.706846,0,tick,""
179804.707565,7,channel_blocked,367
179804.707567,0,yield,""
179804.707569,0,sched_state,running
179804.707698,0,tick,""
179804.707702,0,reduction,""
179804.707703,0,sched_state,running
179804.707826,0,tick,""
179804.707831,0,reduction,""
179804.707832,0,sched_state,running
179804.707950,0,tick,""
179804.708053,0,reduction,""
179804.708055,0,sched_state,running
179804.708173,0,tick,""
179804.708176,0,reduction,""
179804.708178,0,sched_state,running
179804.708288,0,tick,""
179804.708290,0,reduction,""
179804.708291,0,sched_state,running
179804.708398,0,tick,""
179804.708400,0,reduction,""
179804.708401,0,sched_state,running
179804.708509,0,tick,""
179804.708514,0,reduction,""
179804.708515,0,sched_state,running
179804.708623,0,tick,""
179804.708705,0,reduction,""
179804.708708,0,sched_state,running
179804.708819,0,tick,""
179804.708822,0,reduction,""
179804.708823,0,sched_state,running
179804.708930,0,tick,""
179804.708941,0,reduction,""
179804.708942,0,sched_state,running
179804.709039,0,tick,""
179804.709042,0,reduction,""
179804.709045,0,sched_state,running
179804.709140,0,tick,""
179804.709143,0,reduction,""
179804.709144,0,sched_state,running
179804.709239,0,tick,""
179804.709242,0,reduction,""
179804.709243,0,sched_state,running
179804.709337,0,tick,""
179804.710497,9,channel_unblocked,402
179804.710501,0,yield,""
179804.710504,0,sched_state,running
179804.710886,0,tick,""
179804.710889,0,reduction,""
179804.710890,0,sched_state,running
179804.711093,0,tick,""
179804.711096,0,reduction,""
179804.711097,0,sched_state,running
179804.711299,0,tick,""
179804.711301,0,reduction,""
179804.711302,0,sched_state,running
179804.711503,0,tick,""
179804.711506,0,reduction,""
179804.711507,0,sched_state,running
179804.711708,0,tick,""
179804.711710,0,reduction,""
179804.711711,0,sched_state,running
179804.711917,0,tick,""
179804.711924,0,reduction,""
179804.711926,0,sched_state,running
179804.712135,0,tick,""
179804.712139,0,reduction,""
179804.712140,0,sched_state,running
179804.712345,0,tick,""
179804.713060,8,channel_blocked,402
179804.713062,0,yield,""
179804.713064,0,sched_state,running
179804.713193,0,tick,""
179804.713197,0,reduction,""
179804.713198,0,sched_state,running
179804.713320,0,tick,""
179804.713324,0,reduction,""
179804.713325,0,sched_state,running
179804.713446,0,tick,""
179804.713549,0,reduction,""
179804.713550,0,sched_state,running
179804.713663,0,tick,""
179804.713667,0,reduction,""
179804.713668,0,sched_state,running
179804.713776,0,tick,""
179804.713778,0,reduction,""
179804.713779,0,sched_state,running
179804.713889,0,tick,""
179804.713891,0,reduction,""
179804.713892,0,sched_state,running
179804.713999,0,tick,""
179804.714003,0,reduction,""
179804.714005,0,sched_state,running
179804.714112,0,tick,""
179804.714193,0,reduction,""
179804.714195,0,sched_state,running
179804.714307,0,tick,""
179804.714310,0,reduction,""
179804.714311,0,sched_state,running
179804.714419,0,tick,""
179804.714429,0,reduction,""
179804.714431,0,sched_state,running
179804.714530,0,tick,""
179804.714534,0,reduction,""
179804.714535,0,sched_state,running
179804.714630,0,tick,""
179804.714634,0,reduction,""
179804.714635,0,sched_state,running
179804.714732,0,tick,""
179804.714735,0,reduction,""
179804.714736,0,sched_state,running
179804.714833,0,tick,""
179804.715990,10,channel_unblocked,437
179804.715998,0,yield,""
179804.716001,0,sched_state,running
179804.716407,0,tick,""
179804.716413,0,reduction,""
179804.716414,0,sched_state,running
179804.716629,0,tick,""
179804.716633,0,reduction,""
179804.716634,0,sched_state,running
179804.716849,0,tick,""
179804.716853,0,reduction,""
179804.716854,0,sched_state,running
179804.717066,0,tick,""
179804.717069,0,reduction,""
179804.717070,0,sched_state,running
179804.717285,0,tick,""
179804.717290,0,reduction,""
179804.717291,0,sched_state,running
179804.717507,0,tick,""
179804.717515,0,reduction,""
179804.717517,0,sched_state,running
179804.717732,0,tick,""
179804.717738,0,reduction,""
179804.717739,0,sched_state,running
179804.717954,0,tick,""
179804.718663,9,channel_blocked,437
179804.718667,0,yield,""
179804.718668,0,sched_state,running
179804.718807,0,tick,""
179804.718811,0,reduction,""
179804.718813,0,sched_state,running
179804.718935,0,tick,""
179804.718939,0,reduction,""
179804.718940,0,sched_state,running
179804.719059,0,tick,""
179804.719148,0,reduction,""
179804.719150,0,sched_state,running
179804.719271,0,tick,""
179804.719275,0,reduction,""
179804.719276,0,sched_state,running
179804.719395,0,tick,""
179804.719406,0,reduction,""
179804.719408,0,sched_state,running
179804.719517,0,tick,""
179804.719521,0,reduction,""
179804.719522,0,sched_state,running
179804.719629,0,tick,""
179804.719632,0,reduction,""
179804.719633,0,sched_state,running
179804.719742,0,tick,""
179804.719746,0,reduction,""
179804.719747,0,sched_state,running
179804.719854,0,tick,""
179804.719857,0,reduction,""
179804.719858,0,sched_state,running
179804.719964,0,tick,""
179804.719967,0,reduction,""
179804.719968,0,sched_state,running
179804.720076,0,tick,""
179804.722006,0,channel_unblocked,73
179804.722015,0,yield,""
179804.722018,0,sched_state,running
179804.722483,0,tick,""
179804.722487,0,reduction,""
179804.722489,0,sched_state,running
179804.722938,0,tick,""
179804.722943,0,reduction,""
179804.722944,0,sched_state,running
179804.723192,0,tick,""
179804.723194,0,reduction,""
179804.723196,0,sched_state,running
179804.723440,0,tick,""
179804.723445,0,reduction,""
179804.723446,0,sched_state,running
179804.723698,0,tick,""
179804.723703,0,reduction,""
179804.723704,0,sched_state,running
179804.723954,0,tick,""
179804.723966,0,reduction,""
179804.723968,0,sched_state,running
179804.724249,0,tick,""
179804.724256,0,reduction,""
179804.724257,0,sched_state,running
179804.724509,0,tick,""
179804.724525,0,reduction,""
179804.724534,0,sched_state,running
179804.724767,0,tick,""
179804.724778,0,reduction,""
179804.724780,0,sched_state,running
179804.725022,0,tick,""
179804.725027,0,reduction,""
179804.725029,0,sched_state,running
179804.725263,0,tick,""
179804.725860,10,channel_blocked,73
179804.725864,0,yield,""
179804.725866,0,sched_state,running
179804.726114,0,tick,""
179804.726127,0,reduction,""
179804.726128,0,sched_state,running
179804.726271,0,tick,""
179804.726275,0,reduction,""
179804.726276,0,sched_state,running
179804.726538,0,tick,""
179804.726660,0,reduction,""
179804.726664,0,sched_state,running
179804.726799,0,tick,""
179804.726804,0,reduction,""
179804.726805,0,sched_state,running
179804.727015,0,tick,""
179804.727020,0,reduction,""
179804.727021,0,sched_state,running
179804.727263,0,tick,""
179804.727267,0,reduction,""
179804.727268,0,sched_state,running
179804.727397,0,tick,""
179804.727401,0,reduction,""
179804.727402,0,sched_state,running
179804.727531,0,tick,""
179804.727637,0,reduction,""
179804.727639,0,sched_state,running
179804.727770,0,tick,""
179804.727774,0,reduction,""
179804.727775,0,sched_state,running
179804.727901,0,tick,""
179804.727913,0,reduction,""
179804.727914,0,sched_state,running
179804.728032,0,tick,""
179804.728041,0,reduction,""
179804.728042,0,sched_state,running
179804.728181,0,tick,""
179804.728188,0,reduction,""
179804.728189,0,sched_state,running
179804.728305,0,tick,""
179804.728308,0,reduction,""
179804.728309,0,sched_state,running
179804.728425,0,tick,""
179804.730757,1,channel_unblocked,117
179804.730766,0,yield,""
179804.730773,0,sched_state,running
179804.731389,0,tick,""
179804.731398,0,reduction,""
179804.731400,0,sched_state,running
179804.731973,0,tick,""
179804.731983,0,reduction,""
179804.731985,0,sched_state,running
179804.732286,0,tick,""
179804.732293,0,reduction,""
179804.732295,0,sched_state,running
179804.732575,0,tick,""
179804.732579,0,reduction,""
179804.732580,0,sched_state,running
179804.732859,0,tick,""
179804.732866,0,reduction,""
179804.732868,0,sched_state,running
179804.733157,0,tick,""
179804.733173,0,reduction,""
179804.733175,0,sched_state,running
179804.733455,0,tick,""
179804.733461,0,reduction,""
179804.733462,0,sched_state,running
179804.733710,0,tick,""
179804.734416,0,channel_blocked,117
179804.734419,0,yield,""
179804.734422,0,sched_state,running
179804.734603,0,tick,""
179804.734611,0,reduction,""
179804.734612,0,sched_state,running
179804.734905,0,tick,""
179804.734917,0,reduction,""
179804.734919,0,sched_state,running
179804.735207,0,tick,""
179804.735378,0,reduction,""
179804.735381,0,sched_state,running
179804.735512,0,tick,""
179804.735517,0,reduction,""
179804.735518,0,sched_state,running
179804.735646,0,tick,""
179804.735649,0,reduction,""
179804.735650,0,sched_state,running
179804.735774,0,tick,""
179804.735776,0,reduction,""
179804.735777,0,sched_state,running
179804.735902,0,tick,""
179804.735906,0,reduction,""
179804.735907,0,sched_state,running
179804.736035,0,tick,""
179804.736135,0,reduction,""
179804.736137,0,sched_state,running
179804.736267,0,tick,""
179804.736270,0,reduction,""
179804.736271,0,sched_state,running
179804.736399,0,tick,""
179804.736411,0,reduction,""
179804.736412,0,sched_state,running
179804.736528,0,tick,""
179804.736534,0,reduction,""
179804.736535,0,sched_state,running
179804.736649,0,tick,""
179804.736652,0,reduction,""
179804.736653,0,sched_state,running
179804.736769,0,tick,""
179804.736773,0,reduction,""
179804.736774,0,sched_state,running
179804.736887,0,tick,""
179804.739453,2,channel_unblocked,154
179804.739462,0,yield,""
179804.739467,0,sched_state,running
179804.740043,0,tick,""
179804.740051,0,reduction,""
179804.740053,0,sched_state,running
179804.740553,0,tick,""
179804.740559,0,reduction,""
179804.740560,0,sched_state,running
179804.740817,0,tick,""
179804.740822,0,reduction,""
179804.740823,0,sched_state,running
179804.741074,0,tick,""
179804.741079,0,reduction,""
179804.741080,0,sched_state,running
179804.741327,0,tick,""
179804.741331,0,reduction,""
179804.741332,0,sched_state,running
179804.741569,0,tick,""
179804.741580,0,reduction,""
179804.741581,0,sched_state,running
179804.741820,0,tick,""
179804.741826,0,reduction,""
179804.741827,0,sched_state,running
179804.742064,0,tick,""
179804.742575,1,channel_blocked,154
179804.742578,0,yield,""
179804.742580,0,sched_state,running
179804.742732,0,tick,""
179804.742739,0,reduction,""
179804.742741,0,sched_state,running
179804.743008,0,tick,""
179804.743015,0,reduction,""
179804.743016,0,sched_state,running
179804.743256,0,tick,""
179804.743376,0,reduction,""
179804.743380,0,sched_state,running
179804.743514,0,tick,""
179804.743517,0,reduction,""
179804.743519,0,sched_state,running
179804.743647,0,tick,""
179804.743649,0,reduction,""
179804.743650,0,sched_state,running
179804.743777,0,tick,""
179804.743779,0,reduction,""
179804.743780,0,sched_state,running
179804.743909,0,tick,""
179804.743913,0,reduction,""
179804.743914,0,sched_state,running
179804.744042,0,tick,""
179804.744139,0,reduction,""
179804.744141,0,sched_state,running
179804.744271,0,tick,""
179804.744277,0,reduction,""
179804.744278,0,sched_state,running
179804.744408,0,tick,""
179804.744420,0,reduction,""
179804.744421,0,sched_state,running
179804.744539,0,tick,""
179804.744545,0,reduction,""
179804.744546,0,sched_state,running
179804.744662,0,tick,""
179804.744666,0,reduction,""
179804.744667,0,sched_state,running
179804.744784,0,tick,""
179804.744788,0,reduction,""
179804.744788,0,sched_state,running
179804.744903,0,tick,""
179804.746850,3,channel_unblocked,189
179804.746857,0,yield,""
179804.746862,0,sched_state,running
179804.747320,0,tick,""
179804.747325,0,reduction,""
179804.747326,0,sched_state,running
179804.747770,0,tick,""
179804.747776,0,reduction,""
179804.747777,0,sched_state,running
179804.748031,0,tick,""
179804.748035,0,reduction,""
179804.748036,0,sched_state,running
179804.748291,0,tick,""
179804.748296,0,reduction,""
179804.748297,0,sched_state,running
179804.748545,0,tick,""
179804.748550,0,reduction,""
179804.748551,0,sched_state,running
179804.748792,0,tick,""
179804.748803,0,reduction,""
179804.748805,0,sched_state,running
179804.749046,0,tick,""
179804.749053,0,reduction,""
179804.749055,0,sched_state,running
179804.749293,0,tick,""
179804.749806,2,channel_blocked,189
179804.749810,0,yield,""
179804.749812,0,sched_state,running
179804.749964,0,tick,""
179804.749971,0,reduction,""
179804.749973,0,sched_state,running
179804.750238,0,tick,""
179804.750245,0,reduction,""
179804.750246,0,sched_state,running
179804.750488,0,tick,""
179804.750609,0,reduction,""
179804.750613,0,sched_state,running
179804.750745,0,tick,""
179804.750751,0,reduction,""
179804.750752,0,sched_state,running
179804.750881,0,tick,""
179804.750884,0,reduction,""
179804.750885,0,sched_state,running
179804.751011,0,tick,""
179804.751013,0,reduction,""
179804.751014,0,sched_state,running
179804.751143,0,tick,""
179804.751147,0,reduction,""
179804.751148,0,sched_state,running
179804.751278,0,tick,""
179804.751370,0,reduction,""
179804.751372,0,sched_state,running
179804.751502,0,tick,""
179804.751508,0,reduction,""
179804.751509,0,sched_state,running
179804.751639,0,tick,""
179804.751650,0,reduction,""
179804.751651,0,sched_state,running
179804.751768,0,tick,""
179804.751774,0,reduction,""
179804.751775,0,sched_state,running
179804.751893,0,tick,""
179804.751896,0,reduction,""
179804.751898,0,sched_state,running
179804.752016,0,tick,""
179804.752019,0,reduction,""
179804.752020,0,sched_state,running
179804.752156,0,tick,""
179804.754179,4,channel_unblocked,224
179804.754187,0,yield,""
179804.754191,0,sched_state,running
179804.754645,0,tick,""
179804.754651,0,reduction,""
179804.754652,0,sched_state,running
179804.755090,0,tick,""
179804.755096,0,reduction,""
179804.755097,0,sched_state,running
179804.755339,0,tick,""
179804.755343,0,reduction,""
179804.755344,0,sched_state,running
179804.755582,0,tick,""
179804.755586,0,reduction,""
179804.755587,0,sched_state,running
179804.755828,0,tick,""
179804.755832,0,reduction,""
179804.755833,0,sched_state,running
179804.756073,0,tick,""
179804.756083,0,reduction,""
179804.756084,0,sched_state,running
179804.756333,0,tick,""
179804.756339,0,reduction,""
179804.756341,0,sched_state,running
179804.756584,0,tick,""
179804.757097,3,channel_blocked,224
179804.757101,0,yield,""
179804.757103,0,sched_state,running
179804.757253,0,tick,""
179804.757260,0,reduction,""
179804.757262,0,sched_state,running
179804.757525,0,tick,""
179804.757532,0,reduction,""
179804.757534,0,sched_state,running
179804.757777,0,tick,""
179804.757898,0,reduction,""
179804.757901,0,sched_state,running
179804.758032,0,tick,""
179804.758037,0,reduction,""
179804.758039,0,sched_state,running
179804.758169,0,tick,""
179804.758171,0,reduction,""
179804.758172,0,sched_state,running
179804.758299,0,tick,""
179804.758301,0,reduction,""
179804.758302,0,sched_state,running
179804.758430,0,tick,""
179804.758434,0,reduction,""
179804.758436,0,sched_state,running
179804.758565,0,tick,""
179804.758657,0,reduction,""
179804.758659,0,sched_state,running
179804.758790,0,tick,""
179804.758796,0,reduction,""
179804.758797,0,sched_state,running
179804.758927,0,tick,""
179804.758938,0,reduction,""
179804.758939,0,sched_state,running
179804.759055,0,tick,""
179804.759061,0,reduction,""
179804.759062,0,sched_state,running
179804.759177,0,tick,""
179804.759180,0,reduction,""
179804.759181,0,sched_state,running
179804.759298,0,tick,""
179804.759302,0,reduction,""
179804.759303,0,sched_state,running
179804.759418,0,tick,""
179804.761386,5,channel_unblocked,260
179804.761392,0,yield,""
179804.761396,0,sched_state,running
179804.761857,0,tick,""
179804.761862,0,reduction,""
179804.761863,0,sched_state,running
179804.762309,0,tick,""
179804.762315,0,reduction,""
179804.762316,0,sched_state,running
179804.762559,0,tick,""
179804.762563,0,reduction,""
179804.762565,0,sched_state,running
179804.762804,0,tick,""
179804.762809,0,reduction,""
179804.762810,0,sched_state,running
179804.763050,0,tick,""
179804.763055,0,reduction,""
179804.763056,0,sched_state,running
179804.763295,0,tick,""
179804.763306,0,reduction,""
179804.763308,0,sched_state,running
179804.763549,0,tick,""
179804.763554,0,reduction,""
179804.763556,0,sched_state,running
179804.763797,0,tick,""
179804.764332,4,channel_blocked,260
179804.764336,0,yield,""
179804.764338,0,sched_state,running
179804.764489,0,tick,""
179804.764497,0,reduction,""
179804.764498,0,sched_state,running
179804.764765,0,tick,""
179804.764772,0,reduction,""
179804.764773,0,sched_state,running
179804.765018,0,tick,""
179804.765141,0,reduction,""
179804.765145,0,sched_state,running
179804.765277,0,tick,""
179804.765282,0,reduction,""
179804.765283,0,sched_state,running
179804.765413,0,tick,""
179804.765416,0,reduction,""
179804.765417,0,sched_state,running
179804.765544,0,tick,""
179804.765546,0,reduction,""
179804.765548,0,sched_state,running
179804.765677,0,tick,""
179804.765681,0,reduction,""
179804.765682,0,sched_state,running
179804.765812,0,tick,""
179804.765901,0,reduction,""
179804.765903,0,sched_state,running
179804.766034,0,tick,""
179804.766038,0,reduction,""
179804.766039,0,sched_state,running
179804.766167,0,tick,""
179804.766178,0,reduction,""
179804.766180,0,sched_state,running
179804.766297,0,tick,""
179804.766303,0,reduction,""
179804.766304,0,sched_state,running
179804.766422,0,tick,""
179804.766426,0,reduction,""
179804.766427,0,sched_state,running
179804.766544,0,tick,""
179804.766548,0,reduction,""
179804.766549,0,sched_state,running
179804.766665,0,tick,""
179804.768621,6,channel_unblocked,295
179804.768628,0,yield,""
179804.768633,0,sched_state,running
179804.769103,0,tick,""
179804.769109,0,reduction,""
179804.769110,0,sched_state,running
179804.769555,0,tick,""
179804.769561,0,reduction,""
179804.769562,0,sched_state,running
179804.769807,0,tick,""
179804.769811,0,reduction,""
179804.769812,0,sched_state,running
179804.770051,0,tick,""
179804.770056,0,reduction,""
179804.770057,0,sched_state,running
179804.770302,0,tick,""
179804.770307,0,reduction,""
179804.770308,0,sched_state,running
179804.770553,0,tick,""
179804.770564,0,reduction,""
179804.770566,0,sched_state,running
179804.770809,0,tick,""
179804.770816,0,reduction,""
179804.770818,0,sched_state,running
179804.771062,0,tick,""
179804.771574,5,channel_blocked,295
179804.771578,0,yield,""
179804.771580,0,sched_state,running
179804.771732,0,tick,""
179804.771739,0,reduction,""
179804.771741,0,sched_state,running
179804.772005,0,tick,""
179804.772014,0,reduction,""
179804.772016,0,sched_state,running
179804.772266,0,tick,""
179804.772391,0,reduction,""
179804.772394,0,sched_state,running
179804.772526,0,tick,""
179804.772531,0,reduction,""
179804.772533,0,sched_state,running
179804.772664,0,tick,""
179804.772667,0,reduction,""
179804.772668,0,sched_state,running
179804.772794,0,tick,""
179804.772796,0,reduction,""
179804.772797,0,sched_state,running
179804.772923,0,tick,""
179804.772927,0,reduction,""
179804.772928,0,sched_state,running
179804.773060,0,tick,""
179804.773150,0,reduction,""
179804.773152,0,sched_state,running
179804.773282,0,tick,""
179804.773287,0,reduction,""
179804.773289,0,sched_state,running
179804.773420,0,tick,""
179804.773431,0,reduction,""
179804.773432,0,sched_state,running
179804.773548,0,tick,""
179804.773554,0,reduction,""
179804.773555,0,sched_state,running
179804.773671,0,tick,""
179804.773674,0,reduction,""
179804.773675,0,sched_state,running
179804.773794,0,tick,""
179804.773797,0,reduction,""
179804.773798,0,sched_state,running
179804.773914,0,tick,""
179804.775862,7,channel_unblocked,331
179804.775871,0,yield,""
179804.775875,0,sched_state,running
179804.776358,0,tick,""
179804.776364,0,reduction,""
179804.776365,0,sched_state,running
179804.776811,0,tick,""
179804.776817,0,reduction,""
179804.776818,0,sched_state,running
179804.777064,0,tick,""
179804.777068,0,reduction,""
179804.777069,0,sched_state,running
179804.777309,0,tick,""
179804.777313,0,reduction,""
179804.777314,0,sched_state,running
179804.777557,0,tick,""
179804.777561,0,reduction,""
179804.777562,0,sched_state,running
179804.777804,0,tick,""
179804.777813,0,reduction,""
179804.777815,0,sched_state,running
179804.778058,0,tick,""
179804.778063,0,reduction,""
179804.778064,0,sched_state,running
179804.778310,0,tick,""
179804.778821,6,channel_blocked,331
179804.778825,0,yield,""
179804.778827,0,sched_state,running
179804.778984,0,tick,""
179804.778994,0,reduction,""
179804.778996,0,sched_state,running
179804.779279,0,tick,""
179804.779287,0,reduction,""
179804.779289,0,sched_state,running
179804.779552,0,tick,""
179804.779749,0,reduction,""
179804.779752,0,sched_state,running
179804.779998,0,tick,""
179804.780004,0,reduction,""
179804.780006,0,sched_state,running
179804.780261,0,tick,""
179804.780267,0,reduction,""
179804.780268,0,sched_state,running
179804.780514,0,tick,""
179804.780518,0,reduction,""
179804.780520,0,sched_state,running
179804.780759,0,tick,""
179804.780766,0,reduction,""
179804.780768,0,sched_state,running
179804.781007,0,tick,""
179804.781166,0,reduction,""
179804.781170,0,sched_state,running
179804.781412,0,tick,""
179804.781418,0,reduction,""
179804.781420,0,sched_state,running
179804.781659,0,tick,""
179804.781679,0,reduction,""
179804.781681,0,sched_state,running
179804.781903,0,tick,""
179804.781915,0,reduction,""
179804.781918,0,sched_state,running
179804.782135,0,tick,""
179804.782141,0,reduction,""
179804.782143,0,sched_state,running
179804.782361,0,tick,""
179804.782368,0,reduction,""
179804.782370,0,sched_state,running
179804.782591,0,tick,""
179804.785954,8,channel_unblocked,367
179804.785965,0,yield,""
179804.785971,0,sched_state,running
179804.786825,0,tick,""
179804.786831,0,reduction,""
179804.786834,0,sched_state,running
179804.787655,0,tick,""
179804.787662,0,reduction,""
179804.787665,0,sched_state,running
179804.788135,0,tick,""
179804.788139,0,reduction,""
179804.788142,0,sched_state,running
179804.788437,0,tick,""
179804.788440,0,reduction,""
179804.788442,0,sched_state,running
179804.788684,0,tick,""
179804.788687,0,reduction,""
179804.788688,0,sched_state,running
179804.788931,0,tick,""
179804.788943,0,reduction,""
179804.788945,0,sched_state,running
179804.789188,0,tick,""
179804.789192,0,reduction,""
179804.789193,0,sched_state,running
179804.789439,0,tick,""
179804.789963,7,channel_blocked,367
179804.789974,0,yield,""
179804.789976,0,sched_state,running
179804.790173,0,tick,""
179804.790181,0,reduction,""
179804.790183,0,sched_state,running
179804.790469,0,tick,""
179804.790474,0,reduction,""
179804.790476,0,sched_state,running
179804.790724,0,tick,""
179804.790861,0,reduction,""
179804.790864,0,sched_state,running
179804.791007,0,tick,""
179804.791011,0,reduction,""
179804.791012,0,sched_state,running
179804.791142,0,tick,""
179804.791145,0,reduction,""
179804.791146,0,sched_state,running
179804.791278,0,tick,""
179804.791288,0,reduction,""
179804.791289,0,sched_state,running
179804.791430,0,tick,""
179804.791434,0,reduction,""
179804.791435,0,sched_state,running
179804.791565,0,tick,""
179804.791659,0,reduction,""
179804.791673,0,sched_state,running
179804.791934,0,tick,""
179804.791938,0,reduction,""
179804.791940,0,sched_state,running
179804.792186,0,tick,""
179804.792204,0,reduction,""
179804.792205,0,sched_state,running
179804.792328,0,tick,""
179804.792344,0,reduction,""
179804.792346,0,sched_state,running
179804.792474,0,tick,""
179804.792478,0,reduction,""
179804.792479,0,sched_state,running
179804.792598,0,tick,""
179804.792601,0,reduction,""
179804.792602,0,sched_state,running
179804.792722,0,tick,""
179804.794785,9,channel_unblocked,402
179804.794799,0,yield,""
179804.794803,0,sched_state,running
179804.795320,0,tick,""
179804.795323,0,reduction,""
179804.795325,0,sched_state,running
179804.795812,0,tick,""
179804.795816,0,reduction,""
179804.795820,0,sched_state,running
179804.796080,0,tick,""
179804.796083,0,reduction,""
179804.796084,0,sched_state,running
179804.796344,0,tick,""
179804.796347,0,reduction,""
179804.796349,0,sched_state,running
179804.796608,0,tick,""
179804.796611,0,reduction,""
179804.796612,0,sched_state,running
179804.796872,0,tick,""
179804.796881,0,reduction,""
179804.796883,0,sched_state,running
179804.797142,0,tick,""
179804.797146,0,reduction,""
179804.797148,0,sched_state,running
179804.797406,0,tick,""
179804.797970,8,channel_blocked,402
179804.797972,0,yield,""
179804.797974,0,sched_state,running
179804.798144,0,tick,""
179804.798153,0,reduction,""
179804.798154,0,sched_state,running
179804.798307,0,tick,""
179804.798311,0,reduction,""
179804.798312,0,sched_state,running
179804.798463,0,tick,""
179804.798580,0,reduction,""
179804.798582,0,sched_state,running
179804.798727,0,tick,""
179804.798730,0,reduction,""
179804.798732,0,sched_state,running
179804.798870,0,tick,""
179804.798873,0,reduction,""
179804.798874,0,sched_state,running
179804.799010,0,tick,""
179804.799012,0,reduction,""
179804.799013,0,sched_state,running
179804.799156,0,tick,""
179804.799169,0,reduction,""
179804.799170,0,sched_state,running
179804.799309,0,tick,""
179804.799398,0,reduction,""
179804.799400,0,sched_state,running
179804.799551,0,tick,""
179804.799562,0,reduction,""
179804.799564,0,sched_state,running
179804.799705,0,tick,""
179804.799716,0,reduction,""
179804.799718,0,sched_state,running
179804.799844,0,tick,""
179804.799851,0,reduction,""
179804.799852,0,sched_state,running
179804.799982,0,tick,""
179804.799986,0,reduction,""
179804.799987,0,sched_state,running
179804.800106,0,tick,""
179804.800121,0,reduction,""
179804.800122,0,sched_state,running
179804.800241,0,tick,""
179804.802763,10,channel_unblocked,437
179804.802772,0,yield,""
179804.802781,0,sched_state,running
179804.803295,0,tick,""
179804.803298,0,reduction,""
179804.803300,0,sched_state,running
179804.803764,0,tick,""
179804.803769,0,reduction,""
179804.803771,0,sched_state,running
179804.804027,0,tick,""
179804.804029,0,reduction,""
179804.804030,0,sched_state,running
179804.804283,0,tick,""
179804.804286,0,reduction,""
179804.804288,0,sched_state,running
179804.804540,0,tick,""
179804.804543,0,reduction,""
179804.804544,0,sched_state,running
179804.804795,0,tick,""
179804.804805,0,reduction,""
179804.804807,0,sched_state,running
179804.805057,0,tick,""
179804.805062,0,reduction,""
179804.805064,0,sched_state,running
179804.805314,0,tick,""
179804.805905,9,channel_blocked,437
179804.805908,0,yield,""
179804.805911,0,sched_state,running
179804.806107,0,tick,""
179804.806116,0,reduction,""
179804.806117,0,sched_state,running
179804.806398,0,tick,""
179804.806403,0,reduction,""
179804.806405,0,sched_state,running
179804.806664,0,tick,""
179804.806780,0,reduction,""
179804.806782,0,sched_state,running
179804.806938,0,tick,""
179804.806943,0,reduction,""
179804.806944,0,sched_state,running
179804.807095,0,tick,""
179804.807107,0,reduction,""
179804.807108,0,sched_state,running
179804.807247,0,tick,""
179804.807257,0,reduction,""
179804.807258,0,sched_state,running
179804.807563,0,tick,""
179804.807569,0,reduction,""
179804.807570,0,sched_state,running
179804.807822,0,tick,""
179804.807828,0,reduction,""
179804.807829,0,sched_state,running
179804.807971,0,tick,""
179804.807974,0,reduction,""
179804.807975,0,sched_state,running
179804.808132,0,tick,""
179804.808137,0,reduction,""
179804.808138,0,sched_state,running
179804.808277,0,tick,""
179804.810951,0,channel_unblocked,73
179804.810959,0,yield,""
179804.810970,0,sched_state,running
179804.811557,0,tick,""
179804.811562,0,reduction,""
179804.811563,0,sched_state,running
179804.811856,0,tick,""
179804.811859,0,reduction,""
179804.811861,0,sched_state,running
179804.812383,0,tick,""
179804.812387,0,reduction,""
179804.812388,0,sched_state,running
179804.812681,0,tick,""
179804.812688,0,sched_state,stop
