timestamp,lpu,event,value
179803.798987,0,sched_state,startup
179803.799097,0,tick,""
179803.799105,0,reduction,""
179803.799106,0,sched_state,running
179803.799167,0,tick,""
179803.799169,0,reduction,""
179803.799170,0,sched_state,running
179803.799227,0,tick,""
179803.799229,0,reduction,""
179803.799230,0,sched_state,running
179803.799287,0,tick,""
179803.799289,0,reduction,""
179803.799290,0,sched_state,running
179803.799344,0,tick,""
179803.799346,0,reduction,""
179803.799347,0,sched_state,running
179803.799404,0,tick,""
179803.799406,0,reduction,""
179803.799407,0,sched_state,running
179803.799473,0,tick,""
179803.799476,0,reduction,""
179803.799477,0,sched_state,running
179803.799536,0,tick,""
179803.799538,0,reduction,""
179803.799539,0,sched_state,running
179803.799600,0,tick,""
179803.799602,0,reduction,""
179803.799603,0,sched_state,running
179803.799664,0,tick,""
179803.803949,0,reduction,""
179803.803958,0,sched_state,running
179803.804260,0,tick,""
179803.804264,0,reduction,""
179803.804265,0,sched_state,running
179803.804378,0,tick,""
179803.804383,0,reduction,""
179803.804384,0,sched_state,running
179803.804493,0,tick,""
179803.804642,0,reduction,""
179803.804644,0,sched_state,running
179803.804697,0,tick,""
179803.804701,0,reduction,""
179803.804703,0,sched_state,running
179803.804749,0,tick,""
179803.804753,0,reduction,""
179803.804755,0,sched_state,running
179803.804799,0,tick,""
179803.804802,0,reduction,""
179803.804803,0,sched_state,running
179803.804850,0,tick,""
179803.804853,0,reduction,""
179803.804854,0,sched_state,running
179803.804898,0,tick,""
179803.804900,0,reduction,""
179803.804902,0,sched_state,running
179803.804945,0,tick,""
179803.804948,0,reduction,""
179803.804949,0,sched_state,running
179803.804994,0,tick,""
179803.804997,0,reduction,""
179803.804998,0,sched_state,running
179803.805042,0,tick,""
179803.805044,0,queue_length,0
179803.805045,1,queue_length,0
179803.805050,0,reduction,""
179803.805051,0,sched_state,running
179803.805094,0,tick,""
179803.805097,0,reduction,""
179803.805101,0,sched_state,running
179803.805143,0,tick,""
179803.805147,0,reduction,""
179803.805148,0,sched_state,running
179803.805192,0,tick,""
179803.805195,0,reduction,""
179803.805197,0,sched_state,running
179803.805239,0,tick,""
179803.805246,0,reduction,""
179803.805247,0,sched_state,running
179803.805289,0,tick,""
179803.805331,0,reduction,""
179803.805333,0,sched_state,running
179803.805377,0,tick,""
179803.805382,0,reduction,""
179803.805385,0,sched_state,running
179803.805428,0,tick,""
179803.805433,0,reduction,""
179803.805434,0,sched_state,running
179803.805478,0,tick,""
179803.805483,0,reduction,""
179803.805484,0,sched_state,running
179803.805527,0,tick,""
179803.805537,0,reduction,""
179803.805538,0,sched_state,running
179803.805589,0,tick,""
179803.805594,0,reduction,""
179803.805595,0,sched_state,running
179803.805643,0,tick,""
179803.805653,0,reduction,""
179803.805654,0,sched_state,running
179803.805704,0,tick,""
179803.805708,0,spawn,""
179803.805710,0,reduction,""
179803.805711,0,sched_state,running
179803.805763,0,queue_length,1
179803.805764,1,queue_length,0
179803.805765,0,tick,""
179803.805767,0,reduction,""
179803.805768,0,sched_state,running
179803.805817,0,tick,""
179803.805820,0,reduction,""
179803.805821,0,sched_state,running
179803.805871,0,tick,""
179803.805874,0,reduction,""
179803.805875,0,sched_state,running
179803.805924,0,tick,""
179803.805926,0,reduction,""
179803.805927,0,sched_state,running
179803.805975,0,tick,""
179803.805978,0,reduction,""
179803.805978,0,sched_state,running
179803.806029,0,tick,""
179803.806032,0,reduction,""
179803.806033,0,sched_state,running
179803.806082,0,tick,""
179803.806638,0,channel_blocked,114
179803.806640,0,yield,""
179803.806642,0,sched_state,running
179803.806696,0,tick,""
179803.806701,0,reduction,""
179803.806703,0,sched_state,running
179803.806755,0,tick,""
179803.806759,0,reduction,""
179803.806760,0,sched_state,running
179803.806808,0,tick,""
179803.806812,0,reduction,""
179803.806813,0,sched_state,running
179803.806859,0,tick,""
179803.806862,0,reduction,""
179803.806863,0,sched_state,running
179803.806910,0,tick,""
179803.806918,0,reduction,""
179803.806919,0,sched_state,running
179803.806965,0,tick,""
179803.806996,0,reduction,""
179803.806998,0,sched_state,running
179803.807045,0,tick,""
179803.807055,0,reduction,""
179803.807057,0,sched_state,running
179803.807102,0,tick,""
179803.807106,0,reduction,""
179803.807108,0,sched_state,running
179803.807157,0,tick,""
179803.807162,0,reduction,""
179803.807163,0,sched_state,running
179803.807211,0,tick,""
179803.807222,0,reduction,""
179803.807223,0,sched_state,running
179803.807275,0,tick,""
179803.807279,0,reduction,""
179803.807280,0,sched_state,running
179803.807330,0,tick,""
179803.807339,0,reduction,""
179803.807341,0,sched_state,running
179803.807392,0,tick,""
179803.807396,0,spawn,""
179803.807398,0,reduction,""
179803.807399,0,sched_state,running
179803.807451,0,queue_length,1
179803.807452,1,queue_length,0
179803.807453,0,tick,""
179803.807454,0,reduction,""
179803.807455,0,sched_state,running
179803.807506,0,tick,""
179803.807509,0,reduction,""
179803.807510,0,sched_state,running
179803.807559,0,tick,""
179803.807562,0,reduction,""
179803.807563,0,sched_state,running
179803.807613,0,tick,""
179803.807615,0,reduction,""
179803.807617,0,sched_state,running
179803.807665,0,tick,""
179803.807668,0,reduction,""
179803.807669,0,sched_state,running
179803.807720,0,tick,""
179803.807723,0,reduction,""
179803.807725,0,sched_state,running
179803.807775,0,tick,""
179803.808286,1,channel_blocked,151
179803.808289,0,yield,""
179803.808291,0,sched_state,running
179803.808346,0,tick,""
179803.808351,0,reduction,""
179803.808352,0,sched_state,running
179803.808403,0,tick,""
179803.808407,0,reduction,""
179803.808408,0,sched_state,running
179803.808456,0,tick,""
179803.808463,0,reduction,""
179803.808464,0,sched_state,running
179803.808511,0,tick,""
179803.808514,0,reduction,""
179803.808515,0,sched_state,running
179803.808561,0,tick,""
179803.808569,0,reduction,""
179803.808570,0,sched_state,running
179803.808617,0,tick,""
179803.808649,0,reduction,""
179803.808650,0,sched_state,running
179803.808698,0,tick,""
179803.808706,0,reduction,""
179803.808707,0,sched_state,running
179803.808755,0,tick,""
179803.808760,0,reduction,""
179803.808761,0,sched_state,running
179803.808813,0,tick,""
179803.808817,0,reduction,""
179803.808818,0,sched_state,running
179803.808868,0,tick,""
179803.808879,0,reduction,""
179803.808880,0,sched_state,running
179803.808931,0,tick,""
179803.808936,0,reduction,""
179803.808937,0,sched_state,running
179803.808988,0,tick,""
179803.808999,0,reduction,""
179803.809000,0,sched_state,running
179803.809051,0,tick,""
179803.809055,0,spawn,""
179803.809057,0,reduction,""
179803.809057,0,sched_state,running
179803.809110,0,queue_length,1
179803.809112,1,queue_length,0
179803.809113,0,tick,""
179803.809115,0,reduction,""
179803.809115,0,sched_state,running
179803.809168,0,tick,""
179803.809171,0,reduction,""
179803.809172,0,sched_state,running
179803.809223,0,tick,""
179803.809225,0,reduction,""
179803.809226,0,sched_state,running
179803.809279,0,tick,""
179803.809281,0,reduction,""
179803.809282,0,sched_state,running
179803.809333,0,tick,""
179803.809335,0,reduction,""
179803.809336,0,sched_state,running
179803.809386,0,tick,""
179803.809389,0,reduction,""
179803.809390,0,sched_state,running
179803.809440,0,tick,""
179803.809947,2,channel_blocked,187
179803.809948,0,yield,""
179803.809950,0,sched_state,running
179803.810005,0,tick,""
179803.810009,0,reduction,""
179803.810011,0,sched_state,running
179803.810061,0,tick,""
179803.810065,0,reduction,""
179803.810067,0,sched_state,running
179803.810116,0,tick,""
179803.810122,0,reduction,""
179803.810123,0,sched_state,running
179803.810170,0,tick,""
179803.810173,0,reduction,""
179803.810174,0,sched_state,running
179803.810221,0,tick,""
179803.810229,0,reduction,""
179803.810230,0,sched_state,running
179803.810276,0,tick,""
179803.810313,0,reduction,""
179803.810315,0,sched_state,running
179803.810362,0,tick,""
179803.810371,0,reduction,""
179803.810372,0,sched_state,running
179803.810420,0,tick,""
179803.810425,0,reduction,""
179803.810426,0,sched_state,running
179803.810478,0,tick,""
179803.810482,0,reduction,""
179803.810483,0,sched_state,running
179803.810534,0,tick,""
179803.810545,0,reduction,""
179803.810546,0,sched_state,running
179803.810598,0,tick,""
179803.810603,0,reduction,""
179803.810604,0,sched_state,running
179803.810654,0,tick,""
179803.810664,0,reduction,""
179803.810666,0,sched_state,running
179803.810717,0,tick,""
179803.810721,0,spawn,""
179803.810723,0,reduction,""
179803.810724,0,sched_state,running
179803.810776,0,queue_length,1
179803.810779,1,queue_length,0
179803.810780,0,tick,""
179803.810782,0,reduction,""
179803.810782,0,sched_state,running
179803.810834,0,tick,""
179803.810837,0,reduction,""
179803.810838,0,sched_state,running
179803.810889,0,tick,""
179803.810891,0,reduction,""
179803.810892,0,sched_state,running
179803.810944,0,tick,""
179803.810948,0,reduction,""
179803.810949,0,sched_state,running
179803.811000,0,tick,""
179803.811002,0,reduction,""
179803.811003,0,sched_state,running
179803.811053,0,tick,""
179803.811057,0,reduction,""
179803.811058,0,sched_state,running
179803.811110,0,tick,""
179803.811618,3,channel_blocked,222
179803.811620,0,yield,""
179803.811622,0,sched_state,running
179803.811677,0,tick,""
179803.811681,0,reduction,""
179803.811682,0,sched_state,running
179803.811733,0,tick,""
179803.811736,0,reduction,""
179803.811737,0,sched_state,running
179803.811788,0,tick,""
179803.811794,0,reduction,""
179803.811795,0,sched_state,running
179803.811842,0,tick,""
179803.811846,0,reduction,""
179803.811847,0,sched_state,running
179803.811893,0,tick,""
179803.811902,0,reduction,""
179803.811903,0,sched_state,running
179803.811949,0,tick,""
179803.811977,0,reduction,""
179803.811979,0,sched_state,running
179803.812026,0,tick,""
179803.812039,0,reduction,""
179803.812040,0,sched_state,running
179803.812087,0,tick,""
179803.812091,0,reduction,""
179803.812093,0,sched_state,running
179803.812150,0,tick,""
179803.812157,0,reduction,""
179803.812159,0,sched_state,running
179803.812211,0,tick,""
179803.812222,0,reduction,""
179803.812224,0,sched_state,running
179803.812276,0,tick,""
179803.812281,0,reduction,""
179803.812282,0,sched_state,running
179803.812333,0,tick,""
179803.812345,0,reduction,""
179803.812346,0,sched_state,running
179803.812397,0,tick,""
179803.812402,0,spawn,""
179803.812404,0,reduction,""
179803.812405,0,sched_state,running
179803.812458,0,queue_length,1
179803.812459,1,queue_length,0
179803.812460,0,tick,""
179803.812465,0,reduction,""
179803.812468,0,sched_state,running
179803.812521,0,tick,""
179803.812524,0,reduction,""
179803.812525,0,sched_state,running
179803.812575,0,tick,""
179803.812578,0,reduction,""
179803.812580,0,sched_state,running
179803.812631,0,tick,""
179803.812633,0,reduction,""
179803.812634,0,sched_state,running
179803.812684,0,tick,""
179803.812687,0,reduction,""
179803.812689,0,sched_state,running
179803.812740,0,tick,""
179803.812742,0,reduction,""
179803.812743,0,sched_state,running
179803.812793,0,tick,""
179803.813298,4,channel_blocked,257
179803.813300,0,yield,""
179803.813301,0,sched_state,running
179803.813357,0,tick,""
179803.813361,0,reduction,""
179803.813362,0,sched_state,running
179803.813414,0,tick,""
179803.813417,0,reduction,""
179803.813418,0,sched_state,running
179803.813466,0,tick,""
179803.813474,0,reduction,""
179803.813476,0,sched_state,running
179803.813523,0,tick,""
179803.813526,0,reduction,""
179803.813527,0,sched_state,running
179803.813575,0,tick,""
179803.813584,0,reduction,""
179803.813586,0,sched_state,running
179803.813633,0,tick,""
179803.813665,0,reduction,""
179803.813667,0,sched_state,running
179803.813716,0,tick,""
179803.813726,0,reduction,""
179803.813727,0,sched_state,running
179803.813774,0,tick,""
179803.813781,0,reduction,""
179803.813782,0,sched_state,running
179803.813834,0,tick,""
179803.813838,0,reduction,""
179803.813839,0,sched_state,running
179803.813890,0,tick,""
179803.813902,0,reduction,""
179803.813904,0,sched_state,running
179803.813956,0,tick,""
179803.813960,0,reduction,""
179803.813961,0,sched_state,running
179803.814012,0,tick,""
179803.814024,0,reduction,""
179803.814025,0,sched_state,running
179803.814077,0,tick,""
179803.814081,0,spawn,""
179803.814082,0,reduction,""
179803.814083,0,sched_state,running
179803.814138,0,queue_length,1
179803.814139,1,queue_length,0
179803.814140,0,tick,""
179803.814143,0,reduction,""
179803.814144,0,sched_state,running
179803.814195,0,tick,""
179803.814198,0,reduction,""
179803.814199,0,sched_state,running
179803.814249,0,tick,""
179803.814253,0,reduction,""
179803.814255,0,sched_state,running
179803.814306,0,tick,""
179803.814308,0,reduction,""
179803.814309,0,sched_state,running
179803.814359,0,tick,""
179803.814362,0,reduction,""
179803.814363,0,sched_state,running
179803.814415,0,tick,""
179803.814418,0,reduction,""
179803.814420,0,sched_state,running
179803.814470,0,tick,""
179803.814980,5,channel_blocked,293
179803.814982,0,yield,""
179803.814983,0,sched_state,running
179803.815041,0,tick,""
179803.815045,0,reduction,""
179803.815046,0,sched_state,running
179803.815099,0,tick,""
179803.815102,0,reduction,""
179803.815104,0,sched_state,running
179803.815154,0,tick,""
179803.815161,0,reduction,""
179803.815162,0,sched_state,running
179803.815210,0,tick,""
179803.815214,0,reduction,""
179803.815215,0,sched_state,running
179803.815264,0,tick,""
179803.815266,0,reduction,""
179803.815267,0,sched_state,running
179803.815314,0,tick,""
179803.815319,0,reduction,""
179803.815321,0,sched_state,running
179803.815369,0,tick,""
179803.815371,0,reduction,""
179803.815372,0,sched_state,running
179803.815420,0,tick,""
179803.815430,0,reduction,""
179803.815432,0,sched_state,running
179803.815479,0,tick,""
179803.815484,0,reduction,""
179803.815485,0,sched_state,running
179803.815533,0,tick,""
179803.815543,0,reduction,""
179803.815544,0,sched_state,running
179803.815591,0,tick,""
179803.815594,0,reduction,""
179803.815595,0,sched_state,running
179803.815643,0,tick,""
179803.815646,0,reduction,""
179803.815649,0,sched_state,running
179803.815697,0,tick,""
179803.816729,0,channel_unblocked,73
179803.816733,0,yield,""
179803.816735,0,sched_state,running
179803.817057,0,tick,""
179803.817060,0,reduction,""
179803.817062,0,sched_state,running
179803.817360,0,tick,""
179803.817365,0,reduction,""
179803.817366,0,sched_state,running
179803.817534,0,tick,""
179803.817538,0,reduction,""
179803.817540,0,sched_state,running
179803.817701,0,tick,""
179803.817719,0,reduction,""
179803.817721,0,sched_state,running
179803.817883,0,tick,""
179803.817887,0,reduction,""
179803.817888,0,sched_state,running
179803.818052,0,tick,""
179803.818065,0,reduction,""
179803.818067,0,sched_state,running
179803.818228,0,tick,""
179803.818231,0,reduction,""
179803.818233,0,sched_state,running
179803.818393,0,tick,""
179803.818396,0,reduction,""
179803.818398,0,sched_state,running
179803.818556,0,tick,""
179803.818559,0,reduction,""
179803.818560,0,sched_state,running
179803.818720,0,tick,""
179803.818723,0,reduction,""
179803.818724,0,sched_state,running
179803.818886,0,tick,""
179803.818889,0,reduction,""
179803.818890,0,sched_state,running
179803.819051,0,tick,""
179803.819054,0,reduction,""
179803.819055,0,sched_state,running
179803.819217,0,tick,""
179803.819832,6,channel_blocked,73
179803.819836,0,yield,""
179803.819838,0,sched_state,running
179803.819968,0,tick,""
179803.819971,0,reduction,""
179803.819972,0,sched_state,running
179803.820201,0,tick,""
179803.820206,0,reduction,""
179803.820207,0,sched_state,running
179803.820416,0,tick,""
179803.820547,0,reduction,""
179803.820549,0,sched_state,running
179803.820657,0,tick,""
179803.820661,0,reduction,""
179803.820662,0,sched_state,running
179803.820769,0,tick,""
179803.820772,0,reduction,""
179803.820773,0,sched_state,running
179803.820877,0,tick,""
179803.820879,0,reduction,""
179803.820879,0,sched_state,running
179803.820984,0,tick,""
179803.820988,0,reduction,""
179803.820989,0,sched_state,running
179803.821093,0,tick,""
179803.821188,0,reduction,""
179803.821190,0,sched_state,running
179803.821299,0,tick,""
179803.821302,0,reduction,""
179803.821303,0,sched_state,running
179803.821408,0,tick,""
179803.821419,0,reduction,""
179803.821420,0,sched_state,running
179803.821512,0,tick,""
179803.821515,0,reduction,""
179803.821516,0,sched_state,running
179803.821610,0,tick,""
179803.821613,0,reduction,""
179803.821614,0,sched_state,running
179803.821705,0,tick,""
179803.821708,0,reduction,""
179803.821709,0,sched_state,running
179803.821800,0,tick,""
179803.823055,1,channel_unblocked,114
179803.823060,0,yield,""
179803.823063,0,sched_state,running
179803.823443,0,tick,""
179803.823446,0,reduction,""
179803.823447,0,sched_state,running
179803.823644,0,tick,""
179803.823647,0,reduction,""
179803.823648,0,sched_state,running
179803.823847,0,tick,""
179803.823849,0,reduction,""
179803.823850,0,sched_state,running
179803.824045,0,tick,""
179803.824048,0,reduction,""
179803.824049,0,sched_state,running
179803.824273,0,tick,""
179803.824276,0,reduction,""
179803.824277,0,sched_state,running
179803.824473,0,tick,""
179803.824481,0,reduction,""
179803.824483,0,sched_state,running
179803.824682,0,tick,""
179803.824685,0,reduction,""
179803.824686,0,sched_state,running
179803.824884,0,tick,""
179803.825594,0,channel_blocked,114
179803.825596,0,yield,""
179803.825597,0,sched_state,running
179803.825821,0,tick,""
179803.825825,0,reduction,""
179803.825827,0,sched_state,running
179803.825946,0,tick,""
179803.825949,0,reduction,""
179803.825951,0,sched_state,running
179803.826066,0,tick,""
179803.826188,0,reduction,""
179803.826190,0,sched_state,running
179803.826300,0,tick,""
179803.826303,0,reduction,""
179803.826304,0,sched_state,running
179803.826409,0,tick,""
179803.826412,0,reduction,""
179803.826413,0,sched_state,running
179803.826518,0,tick,""
179803.826521,0,reduction,""
179803.826522,0,sched_state,running
179803.826627,0,tick,""
179803.826631,0,reduction,""
179803.826632,0,sched_state,running
179803.826736,0,tick,""
179803.826819,0,reduction,""
179803.826821,0,sched_state,running
179803.826928,0,tick,""
179803.826931,0,reduction,""
179803.826932,0,sched_state,running
179803.827038,0,tick,""
179803.827049,0,reduction,""
179803.827050,0,sched_state,running
179803.827144,0,tick,""
179803.827146,0,reduction,""
179803.827148,0,sched_state,running
179803.827242,0,tick,""
179803.827246,0,reduction,""
179803.827247,0,sched_state,running
179803.827340,0,tick,""
179803.827343,0,reduction,""
179803.827344,0,sched_state,running
179803.827437,0,tick,""
179803.828622,2,channel_unblocked,151
179803.828626,0,yield,""
179803.828629,0,sched_state,running
179803.829007,0,tick,""
179803.829010,0,reduction,""
179803.829011,0,sched_state,running
179803.829210,0,tick,""
179803.829213,0,reduction,""
179803.829214,0,sched_state,running
179803.829412,0,tick,""
179803.829414,0,reduction,""
179803.829415,0,sched_state,running
179803.829612,0,tick,""
179803.829614,0,reduction,""
179803.829615,0,sched_state,running
179803.829813,0,tick,""
179803.829816,0,reduction,""
179803.829817,0,sched_state,running
179803.830014,0,tick,""
179803.830021,0,reduction,""
179803.830022,0,sched_state,running
179803.830221,0,tick,""
179803.830224,0,reduction,""
179803.830227,0,sched_state,running
179803.830425,0,tick,""
179803.831133,1,channel_blocked,151
179803.831135,0,yield,""
179803.831137,0,sched_state,running
179803.831263,0,tick,""
179803.831266,0,reduction,""
179803.831267,0,sched_state,running
179803.831387,0,tick,""
179803.831390,0,reduction,""
179803.831391,0,sched_state,running
179803.831506,0,tick,""
179803.831608,0,reduction,""
179803.831610,0,sched_state,running
179803.831720,0,tick,""
179803.831723,0,reduction,""
179803.831724,0,sched_state,running
179803.831830,0,tick,""
179803.831832,0,reduction,""
179803.831833,0,sched_state,running
179803.831936,0,tick,""
179803.831938,0,reduction,""
179803.831939,0,sched_state,running
179803.832044,0,tick,""
179803.832048,0,reduction,""
179803.832049,0,sched_state,running
179803.832176,0,tick,""
179803.832260,0,reduction,""
179803.832262,0,sched_state,running
179803.832370,0,tick,""
179803.832373,0,reduction,""
179803.832374,0,sched_state,running
179803.832479,0,tick,""
179803.832490,0,reduction,""
179803.832491,0,sched_state,running
179803.832585,0,tick,""
179803.832588,0,reduction,""
179803.832589,0,sched_state,running
179803.832681,0,tick,""
179803.832684,0,reduction,""
179803.832685,0,sched_state,running
179803.832778,0,tick,""
179803.832781,0,reduction,""
179803.832781,0,sched_state,running
179803.832875,0,tick,""
179803.834020,3,channel_unblocked,187
179803.834025,0,yield,""
179803.834028,0,sched_state,running
179803.834405,0,tick,""
179803.834410,0,reduction,""
179803.834411,0,sched_state,running
179803.834610,0,tick,""
179803.834613,0,reduction,""
179803.834614,0,sched_state,running
179803.834816,0,tick,""
179803.834818,0,reduction,""
179803.834819,0,sched_state,running
179803.835016,0,tick,""
179803.835019,0,reduction,""
179803.835020,0,sched_state,running
179803.835219,0,tick,""
179803.835221,0,reduction,""
179803.835222,0,sched_state,running
179803.835422,0,tick,""
179803.835429,0,reduction,""
179803.835430,0,sched_state,running
179803.835631,0,tick,""
179803.835634,0,reduction,""
179803.835635,0,sched_state,running
179803.835837,0,tick,""
179803.836553,2,channel_blocked,187
179803.836555,0,yield,""
179803.836557,0,sched_state,running
179803.836685,0,tick,""
179803.836688,0,reduction,""
179803.836690,0,sched_state,running
179803.836813,0,tick,""
179803.836817,0,reduction,""
179803.836818,0,sched_state,running
179803.836934,0,tick,""
179803.837036,0,reduction,""
179803.837038,0,sched_state,running
179803.837148,0,tick,""
179803.837151,0,reduction,""
179803.837152,0,sched_state,running
179803.837258,0,tick,""
179803.837260,0,reduction,""
179803.837261,0,sched_state,running
179803.837367,0,tick,""
179803.837369,0,reduction,""
179803.837369,0,sched_state,running
179803.837478,0,tick,""
179803.837482,0,reduction,""
179803.837483,0,sched_state,running
179803.837589,0,tick,""
179803.837671,0,reduction,""
179803.837673,0,sched_state,running
179803.837780,0,tick,""
179803.837784,0,reduction,""
179803.837785,0,sched_state,running
179803.837893,0,tick,""
179803.837904,0,reduction,""
179803.837905,0,sched_state,running
179803.837999,0,tick,""
179803.838002,0,reduction,""
179803.838003,0,sched_state,running
179803.838097,0,tick,""
179803.838100,0,reduction,""
179803.838101,0,sched_state,running
179803.838194,0,tick,""
179803.838197,0,reduction,""
179803.838198,0,sched_state,running
179803.838291,0,tick,""
179803.839436,4,channel_unblocked,222
179803.839440,0,yield,""
179803.839443,0,sched_state,running
179803.839820,0,tick,""
179803.839823,0,reduction,""
179803.839824,0,sched_state,running
179803.840027,0,tick,""
179803.840030,0,reduction,""
179803.840031,0,sched_state,running
179803.840243,0,tick,""
179803.840246,0,reduction,""
179803.840247,0,sched_state,running
179803.840444,0,tick,""
179803.840447,0,reduction,""
179803.840448,0,sched_state,running
179803.840648,0,tick,""
179803.840650,0,reduction,""
179803.840651,0,sched_state,running
179803.840852,0,tick,""
179803.840859,0,reduction,""
179803.840860,0,sched_state,running
179803.841063,0,tick,""
179803.841067,0,reduction,""
179803.841068,0,sched_state,running
179803.841268,0,tick,""
179803.841979,3,channel_blocked,222
179803.841981,0,yield,""
179803.841983,0,sched_state,running
179803.842110,0,tick,""
179803.842114,0,reduction,""
179803.842115,0,sched_state,running
179803.842237,0,tick,""
179803.842241,0,reduction,""
179803.842243,0,sched_state,running
179803.842361,0,tick,""
179803.842462,0,reduction,""
179803.842464,0,sched_state,running
179803.842573,0,tick,""
179803.842577,0,reduction,""
179803.842578,0,sched_state,running
179803.842685,0,tick,""
179803.842690,0,reduction,""
179803.842691,0,sched_state,running
179803.842797,0,tick,""
179803.842799,0,reduction,""
179803.842800,0,sched_state,running
179803.842907,0,tick,""
179803.842911,0,reduction,""
179803.842912,0,sched_state,running
179803.843017,0,tick,""
179803.843099,0,reduction,""
179803.843101,0,sched_state,running
179803.843208,0,tick,""
179803.843212,0,reduction,""
179803.843213,0,sched_state,running
179803.843320,0,tick,""
179803.843331,0,reduction,""
179803.843332,0,sched_state,running
179803.843425,0,tick,""
179803.843429,0,reduction,""
179803.843430,0,sched_state,running
179803.843523,0,tick,""
179803.843526,0,reduction,""
179803.843527,0,sched_state,running
179803.843620,0,tick,""
179803.843623,0,reduction,""
179803.843624,0,sched_state,running
179803.843717,0,tick,""
179803.844877,5,channel_unblocked,257
179803.844883,0,yield,""
179803.844885,0,sched_state,running
179803.845263,0,tick,""
179803.845266,0,reduction,""
179803.845267,0,sched_state,running
179803.845469,0,tick,""
179803.845472,0,reduction,""
179803.845474,0,sched_state,running
179803.845675,0,tick,""
179803.845677,0,reduction,""
179803.845678,0,sched_state,running
179803.845877,0,tick,""
179803.845879,0,reduction,""
179803.845880,0,sched_state,running
179803.846083,0,tick,""
179803.846086,0,reduction,""
179803.846087,0,sched_state,running
179803.846288,0,tick,""
179803.846296,0,reduction,""
179803.846297,0,sched_state,running
179803.846499,0,tick,""
179803.846504,0,reduction,""
179803.846505,0,sched_state,running
179803.846708,0,tick,""
179803.847420,4,channel_blocked,257
179803.847422,0,yield,""
179803.847424,0,sched_state,running
179803.847553,0,tick,""
179803.847557,0,reduction,""
179803.847558,0,sched_state,running
179803.847679,0,tick,""
179803.847682,0,reduction,""
179803.847684,0,sched_state,running
179803.847803,0,tick,""
179803.847904,0,reduction,""
179803.847906,0,sched_state,running
179803.848018,0,tick,""
179803.848021,0,reduction,""
179803.848022,0,sched_state,running
179803.848132,0,tick,""
179803.848135,0,reduction,""
179803.848137,0,sched_state,running
179803.848245,0,tick,""
179803.848247,0,reduction,""
179803.848248,0,sched_state,running
179803.848354,0,tick,""
179803.848358,0,reduction,""
179803.848359,0,sched_state,running
179803.848466,0,tick,""
179803.848547,0,reduction,""
179803.848549,0,sched_state,running
179803.848657,0,tick,""
179803.848661,0,reduction,""
179803.848662,0,sched_state,running
179803.848768,0,tick,""
179803.848779,0,reduction,""
179803.848780,0,sched_state,running
179803.848876,0,tick,""
179803.848879,0,reduction,""
179803.848880,0,sched_state,running
179803.848974,0,tick,""
179803.848977,0,reduction,""
179803.848978,0,sched_state,running
179803.849073,0,tick,""
179803.849077,0,reduction,""
179803.849078,0,sched_state,running
179803.849171,0,tick,""
179803.850315,6,channel_unblocked,293
179803.850324,0,yield,""
179803.850326,0,sched_state,running
179803.850720,0,tick,""
179803.850726,0,reduction,""
179803.850728,0,sched_state,running
179803.850942,0,tick,""
179803.850945,0,reduction,""
179803.850947,0,sched_state,running
179803.851160,0,tick,""
179803.851164,0,reduction,""
179803.851165,0,sched_state,running
179803.851377,0,tick,""
179803.851382,0,reduction,""
179803.851383,0,sched_state,running
179803.851755,0,tick,""
179803.851760,0,reduction,""
179803.851761,0,sched_state,running
179803.852163,0,tick,""
179803.852174,0,reduction,""
179803.852175,0,sched_state,running
179803.852375,0,tick,""
179803.852378,0,reduction,""
179803.852379,0,sched_state,running
179803.852580,0,tick,""
179803.853256,5,channel_blocked,293
179803.853260,0,yield,""
179803.853262,0,sched_state,running
179803.853395,0,tick,""
179803.853399,0,reduction,""
179803.853400,0,sched_state,running
179803.853521,0,tick,""
179803.853524,0,reduction,""
179803.853526,0,sched_state,running
179803.853643,0,tick,""
179803.853736,0,reduction,""
179803.853738,0,sched_state,running
179803.853858,0,tick,""
179803.853862,0,reduction,""
179803.853863,0,sched_state,running
179803.853982,0,tick,""
179803.853994,0,reduction,""
179803.853996,0,sched_state,running
179803.854102,0,tick,""
179803.854105,0,reduction,""
179803.854106,0,sched_state,running
179803.854212,0,tick,""
179803.854215,0,reduction,""
179803.854216,0,sched_state,running
179803.854323,0,tick,""
179803.854326,0,reduction,""
179803.854327,0,sched_state,running
179803.854434,0,tick,""
179803.854437,0,reduction,""
179803.854438,0,sched_state,running
179803.854545,0,tick,""
179803.854548,0,reduction,""
179803.854549,0,sched_state,running
179803.854655,0,tick,""
179803.856591,0,channel_unblocked,73
179803.856600,0,yield,""
179803.856603,0,sched_state,running
179803.857076,0,tick,""
179803.857081,0,reduction,""
179803.857082,0,sched_state,running
179803.857554,0,tick,""
179803.857559,0,reduction,""
179803.857560,0,sched_state,running
179803.857816,0,tick,""
179803.857820,0,reduction,""
179803.857821,0,sched_state,running
179803.858062,0,tick,""
179803.858074,0,reduction,""
179803.858076,0,sched_state,running
179803.858325,0,tick,""
179803.858330,0,reduction,""
179803.858331,0,sched_state,running
179803.858572,0,tick,""
179803.858582,0,reduction,""
179803.858585,0,sched_state,running
179803.858820,0,tick,""
179803.858826,0,reduction,""
179803.858827,0,sched_state,running
179803.859061,0,tick,""
179803.859077,0,reduction,""
179803.859078,0,sched_state,running
179803.859302,0,tick,""
179803.859313,0,reduction,""
179803.859314,0,sched_state,running
179803.859538,0,tick,""
179803.859543,0,reduction,""
179803.859544,0,sched_state,running
179803.859766,0,tick,""
179803.860368,6,channel_blocked,73
179803.860372,0,yield,""
179803.860374,0,sched_state,running
179803.860623,0,tick,""
179803.860635,0,reduction,""
179803.860637,0,sched_state,running
179803.860780,0,tick,""
179803.860784,0,reduction,""
179803.860785,0,sched_state,running
179803.861050,0,tick,""
179803.861176,0,reduction,""
179803.861179,0,sched_state,running
179803.861310,0,tick,""
179803.861314,0,reduction,""
179803.861316,0,sched_state,running
179803.861440,0,tick,""
179803.861443,0,reduction,""
179803.861444,0,sched_state,running
179803.861567,0,tick,""
179803.861569,0,reduction,""
179803.861570,0,sched_state,running
179803.861696,0,tick,""
179803.861700,0,reduction,""
179803.861701,0,sched_state,running
179803.861827,0,tick,""
179803.861912,0,reduction,""
179803.861913,0,sched_state,running
179803.862041,0,tick,""
179803.862044,0,reduction,""
179803.862046,0,sched_state,running
179803.862175,0,tick,""
179803.862186,0,reduction,""
179803.862188,0,sched_state,running
179803.862302,0,tick,""
179803.862309,0,reduction,""
179803.862310,0,sched_state,running
179803.862423,0,tick,""
179803.862428,0,reduction,""
179803.862429,0,sched_state,running
179803.862545,0,tick,""
179803.862549,0,reduction,""
179803.862549,0,sched_state,running
179803.862663,0,tick,""
179803.864545,1,channel_unblocked,114
179803.864552,0,yield,""
179803.864555,0,sched_state,running
179803.865026,0,tick,""
179803.865031,0,reduction,""
179803.865032,0,sched_state,running
179803.865487,0,tick,""
179803.865492,0,reduction,""
179803.865494,0,sched_state,running
179803.865745,0,tick,""
179803.865748,0,reduction,""
179803.865749,0,sched_state,running
179803.865996,0,tick,""
179803.866000,0,reduction,""
179803.866001,0,sched_state,running
179803.866253,0,tick,""
179803.866258,0,reduction,""
179803.866259,0,sched_state,running
179803.866511,0,tick,""
179803.866521,0,reduction,""
179803.866524,0,sched_state,running
179803.866771,0,tick,""
179803.866777,0,reduction,""
179803.866778,0,sched_state,running
179803.867014,0,tick,""
179803.867521,0,channel_blocked,114
179803.867524,0,yield,""
179803.867526,0,sched_state,running
179803.867676,0,tick,""
179803.867684,0,reduction,""
179803.867685,0,sched_state,running
179803.867946,0,tick,""
179803.867952,0,reduction,""
179803.867954,0,sched_state,running
179803.868194,0,tick,""
179803.868318,0,reduction,""
179803.868322,0,sched_state,running
179803.868451,0,tick,""
179803.868456,0,reduction,""
179803.868457,0,sched_state,running
179803.868582,0,tick,""
179803.868585,0,reduction,""
179803.868586,0,sched_state,running
179803.868710,0,tick,""
179803.868712,0,reduction,""
179803.868713,0,sched_state,running
179803.868839,0,tick,""
179803.868843,0,reduction,""
179803.868844,0,sched_state,running
179803.868970,0,tick,""
179803.869062,0,reduction,""
179803.869064,0,sched_state,running
179803.869193,0,tick,""
179803.869199,0,reduction,""
179803.869201,0,sched_state,running
179803.869331,0,tick,""
179803.869342,0,reduction,""
179803.869343,0,sched_state,running
179803.869458,0,tick,""
179803.869464,0,reduction,""
179803.869466,0,sched_state,running
179803.869582,0,tick,""
179803.869586,0,reduction,""
179803.869587,0,sched_state,running
179803.869700,0,tick,""
179803.869704,0,reduction,""
179803.869705,0,sched_state,running
179803.869818,0,tick,""
179803.871749,2,channel_unblocked,151
179803.871756,0,yield,""
179803.871759,0,sched_state,running
179803.872238,0,tick,""
179803.872244,0,reduction,""
179803.872245,0,sched_state,running
179803.872688,0,tick,""
179803.872693,0,reduction,""
179803.872694,0,sched_state,running
179803.872947,0,tick,""
179803.872951,0,reduction,""
179803.872952,0,sched_state,running
179803.873202,0,tick,""
179803.873207,0,reduction,""
179803.873208,0,sched_state,running
179803.873459,0,tick,""
179803.873464,0,reduction,""
179803.873465,0,sched_state,running
179803.873716,0,tick,""
179803.873727,0,reduction,""
179803.873728,0,sched_state,running
179803.873983,0,tick,""
179803.873988,0,reduction,""
179803.873989,0,sched_state,running
179803.874239,0,tick,""
179803.874770,1,channel_blocked,151
179803.874774,0,yield,""
179803.874776,0,sched_state,running
179803.874925,0,tick,""
179803.874932,0,reduction,""
179803.874934,0,sched_state,running
179803.875196,0,tick,""
179803.875202,0,reduction,""
179803.875204,0,sched_state,running
179803.875442,0,tick,""
179803.875564,0,reduction,""
179803.875567,0,sched_state,running
179803.875699,0,tick,""
179803.875703,0,reduction,""
179803.875704,0,sched_state,running
179803.875832,0,tick,""
179803.875834,0,reduction,""
179803.875835,0,sched_state,running
179803.875960,0,tick,""
179803.875962,0,reduction,""
179803.875963,0,sched_state,running
179803.876092,0,tick,""
179803.876096,0,reduction,""
179803.876097,0,sched_state,running
179803.876232,0,tick,""
179803.876325,0,reduction,""
179803.876327,0,sched_state,running
179803.876456,0,tick,""
179803.876462,0,reduction,""
179803.876463,0,sched_state,running
179803.876590,0,tick,""
179803.876601,0,reduction,""
179803.876603,0,sched_state,running
179803.876716,0,tick,""
179803.876722,0,reduction,""
179803.876724,0,sched_state,running
179803.876840,0,tick,""
179803.876843,0,reduction,""
179803.876844,0,sched_state,running
179803.876961,0,tick,""
179803.876964,0,reduction,""
179803.876966,0,sched_state,running
179803.877081,0,tick,""
179803.878980,3,channel_unblocked,187
179803.878986,0,yield,""
179803.878990,0,sched_state,running
179803.879450,0,tick,""
179803.879457,0,reduction,""
179803.879458,0,sched_state,running
179803.879916,0,tick,""
179803.879923,0,reduction,""
179803.879925,0,sched_state,running
179803.880180,0,tick,""
179803.880185,0,reduction,""
179803.880186,0,sched_state,running
179803.880436,0,tick,""
179803.880441,0,reduction,""
179803.880442,0,sched_state,running
179803.880694,0,tick,""
179803.880698,0,reduction,""
179803.880699,0,sched_state,running
179803.880952,0,tick,""
179803.880961,0,reduction,""
179803.880962,0,sched_state,running
179803.881216,0,tick,""
179803.881221,0,reduction,""
179803.881222,0,sched_state,running
179803.881473,0,tick,""
179803.881986,2,channel_blocked,187
179803.881990,0,yield,""
179803.881992,0,sched_state,running
179803.882148,0,tick,""
179803.882155,0,reduction,""
179803.882157,0,sched_state,running
179803.882425,0,tick,""
179803.882431,0,reduction,""
179803.882433,0,sched_state,running
179803.882682,0,tick,""
179803.882805,0,reduction,""
179803.882809,0,sched_state,running
179803.882940,0,tick,""
179803.882944,0,reduction,""
179803.882946,0,sched_state,running
179803.883072,0,tick,""
179803.883075,0,reduction,""
179803.883076,0,sched_state,running
179803.883202,0,tick,""
179803.883204,0,reduction,""
179803.883205,0,sched_state,running
179803.883332,0,tick,""
179803.883336,0,reduction,""
179803.883338,0,sched_state,running
179803.883465,0,tick,""
179803.883559,0,reduction,""
179803.883561,0,sched_state,running
179803.883689,0,tick,""
179803.883695,0,reduction,""
179803.883696,0,sched_state,running
179803.883826,0,tick,""
179803.883837,0,reduction,""
179803.883838,0,sched_state,running
179803.883953,0,tick,""
179803.883959,0,reduction,""
179803.883960,0,sched_state,running
179803.884074,0,tick,""
179803.884077,0,reduction,""
179803.884079,0,sched_state,running
179803.884199,0,tick,""
179803.884202,0,reduction,""
179803.884203,0,sched_state,running
179803.884317,0,tick,""
179803.886247,4,channel_unblocked,222
179803.886256,0,yield,""
179803.886259,0,sched_state,running
179803.886711,0,tick,""
179803.886717,0,reduction,""
179803.886718,0,sched_state,running
179803.887155,0,tick,""
179803.887161,0,reduction,""
179803.887162,0,sched_state,running
179803.887405,0,tick,""
179803.887409,0,reduction,""
179803.887410,0,sched_state,running
179803.887645,0,tick,""
179803.887650,0,reduction,""
179803.887651,0,sched_state,running
179803.887892,0,tick,""
179803.887897,0,reduction,""
179803.887898,0,sched_state,running
179803.888146,0,tick,""
179803.888158,0,reduction,""
179803.888160,0,sched_state,running
179803.888402,0,tick,""
179803.888407,0,reduction,""
179803.888408,0,sched_state,running
179803.888650,0,tick,""
179803.889158,3,channel_blocked,222
179803.889161,0,yield,""
179803.889163,0,sched_state,running
179803.889316,0,tick,""
179803.889326,0,reduction,""
179803.889327,0,sched_state,running
179803.889558,0,tick,""
179803.889564,0,reduction,""
179803.889566,0,sched_state,running
179803.889774,0,tick,""
179803.889931,0,reduction,""
179803.889934,0,sched_state,running
179803.890121,0,tick,""
179803.890126,0,reduction,""
179803.890127,0,sched_state,running
179803.890311,0,tick,""
179803.890315,0,reduction,""
179803.890316,0,sched_state,running
179803.890499,0,tick,""
179803.890502,0,reduction,""
179803.890503,0,sched_state,running
179803.890666,0,tick,""
179803.890670,0,reduction,""
179803.890671,0,sched_state,running
179803.890802,0,tick,""
179803.890890,0,reduction,""
179803.890892,0,sched_state,running
179803.891023,0,tick,""
179803.891026,0,reduction,""
179803.891027,0,sched_state,running
179803.891155,0,tick,""
179803.891167,0,reduction,""
179803.891168,0,sched_state,running
179803.891289,0,tick,""
179803.891295,0,reduction,""
179803.891296,0,sched_state,running
179803.891411,0,tick,""
179803.891415,0,reduction,""
179803.891417,0,sched_state,running
179803.891534,0,tick,""
179803.891537,0,reduction,""
179803.891538,0,sched_state,running
179803.891653,0,tick,""
179803.894013,5,channel_unblocked,257
179803.894024,0,yield,""
179803.894029,0,sched_state,running
179803.894651,0,tick,""
179803.894658,0,reduction,""
179803.894660,0,sched_state,running
179803.895251,0,tick,""
179803.895259,0,reduction,""
179803.895261,0,sched_state,running
179803.895557,0,tick,""
179803.895563,0,reduction,""
179803.895565,0,sched_state,running
179803.895846,0,tick,""
179803.895853,0,reduction,""
179803.895854,0,sched_state,running
179803.896138,0,tick,""
179803.896146,0,reduction,""
179803.896147,0,sched_state,running
179803.896440,0,tick,""
179803.896457,0,reduction,""
179803.896461,0,sched_state,running
179803.896745,0,tick,""
179803.896751,0,reduction,""
179803.896754,0,sched_state,running
179803.897006,0,tick,""
179803.897715,4,channel_blocked,257
179803.897718,0,yield,""
179803.897720,0,sched_state,running
179803.897903,0,tick,""
179803.897910,0,reduction,""
179803.897912,0,sched_state,running
179803.898212,0,tick,""
179803.898223,0,reduction,""
179803.898225,0,sched_state,running
179803.898513,0,tick,""
179803.898680,0,reduction,""
179803.898684,0,sched_state,running
179803.898816,0,tick,""
179803.898821,0,reduction,""
179803.898822,0,sched_state,running
179803.898950,0,tick,""
179803.898953,0,reduction,""
179803.898954,0,sched_state,running
179803.899079,0,tick,""
179803.899082,0,reduction,""
179803.899083,0,sched_state,running
179803.899211,0,tick,""
179803.899215,0,reduction,""
179803.899216,0,sched_state,running
179803.899344,0,tick,""
179803.899436,0,reduction,""
179803.899438,0,sched_state,running
179803.899568,0,tick,""
179803.899571,0,reduction,""
179803.899573,0,sched_state,running
179803.899703,0,tick,""
179803.899714,0,reduction,""
179803.899715,0,sched_state,running
179803.899832,0,tick,""
179803.899838,0,reduction,""
179803.899839,0,sched_state,running
179803.899956,0,tick,""
179803.899959,0,reduction,""
179803.899961,0,sched_state,running
179803.900079,0,tick,""
179803.900082,0,reduction,""
179803.900083,0,sched_state,running
179803.900211,0,tick,""
179803.902093,6,channel_unblocked,293
179803.902100,0,yield,""
179803.902104,0,sched_state,running
179803.902575,0,tick,""
179803.902580,0,reduction,""
179803.902582,0,sched_state,running
179803.903030,0,tick,""
179803.903036,0,reduction,""
179803.903037,0,sched_state,running
179803.903303,0,tick,""
179803.903307,0,reduction,""
179803.903308,0,sched_state,running
179803.903570,0,tick,""
179803.903574,0,reduction,""
179803.903575,0,sched_state,running
179803.903836,0,tick,""
179803.903841,0,reduction,""
179803.903842,0,sched_state,running
179803.904102,0,tick,""
179803.904125,0,reduction,""
179803.904127,0,sched_state,running
179803.904384,0,tick,""
179803.904389,0,reduction,""
179803.904390,0,sched_state,running
179803.904654,0,tick,""
179803.905175,5,channel_blocked,293
179803.905178,0,yield,""
179803.905181,0,sched_state,running
179803.905332,0,tick,""
179803.905340,0,reduction,""
179803.905341,0,sched_state,running
179803.905602,0,tick,""
179803.905608,0,reduction,""
179803.905611,0,sched_state,running
179803.905848,0,tick,""
179803.905958,0,reduction,""
179803.905961,0,sched_state,running
179803.906103,0,tick,""
179803.906107,0,reduction,""
179803.906109,0,sched_state,running
179803.906253,0,tick,""
179803.906264,0,reduction,""
179803.906266,0,sched_state,running
179803.906391,0,tick,""
179803.906397,0,reduction,""
179803.906399,0,sched_state,running
179803.906527,0,tick,""
179803.906531,0,reduction,""
179803.906532,0,sched_state,running
179803.906660,0,tick,""
179803.906664,0,reduction,""
179803.906665,0,sched_state,running
179803.906792,0,tick,""
179803.906795,0,reduction,""
179803.906796,0,sched_state,running
179803.906923,0,tick,""
179803.906926,0,reduction,""
179803.906928,0,sched_state,running
179803.907057,0,tick,""
179803.909191,0,channel_unblocked,73
179803.909199,0,yield,""
179803.909201,0,sched_state,running
179803.909749,0,tick,""
179803.909753,0,reduction,""
179803.909754,0,sched_state,running
179803.910272,0,tick,""
179803.910278,0,reduction,""
179803.910279,0,sched_state,running
179803.910569,0,tick,""
179803.910573,0,reduction,""
179803.910574,0,sched_state,running
179803.910845,0,tick,""
179803.910849,0,sched_state,stop
