timestamp,lpu,event,value
153334.332906,6,sched_state,startup
153334.332908,7,sched_state,startup
153334.332913,5,sched_state,startup
153334.332913,4,sched_state,startup
153334.332916,3,sched_state,startup
153334.332920,2,sched_state,startup
153334.333144,0,sched_state,startup
153334.333154,6,tick,""
153334.333161,2,tick,""
153334.333162,4,tick,""
153334.333168,7,tick,""
153334.333169,3,tick,""
153334.333168,2,queue_length,0
153334.333169,6,queue_length,0
153334.333171,4,queue_length,0
153334.333176,6,sched_state,waiting
153334.333176,2,sched_state,waiting
153334.333176,4,sched_state,waiting
153334.333176,3,queue_length,0
153334.333180,7,queue_length,0
153334.333183,3,sched_state,waiting
153334.333183,7,sched_state,waiting
153334.333212,7,tick,""
153334.333214,4,tick,""
153334.333216,2,tick,""
153334.333214,5,tick,""
153334.333218,3,tick,""
153334.333219,6,tick,""
153334.333226,5,queue_length,0
153334.333234,5,sched_state,waiting
153334.333249,5,tick,""
153334.333259,3,sched_state,waiting
153334.333259,7,sched_state,waiting
153334.333266,4,sched_state,waiting
153334.333266,6,sched_state,waiting
153334.333266,2,sched_state,waiting
153334.333268,3,tick,""
153334.333268,7,tick,""
153334.333276,4,tick,""
153334.333277,6,tick,""
153334.333277,2,tick,""
153334.333282,5,sched_state,waiting
153334.333291,5,tick,""
153334.333338,1,sched_state,startup
153334.333505,1,tick,""
153334.333512,1,queue_length,0
153334.333516,1,sched_state,waiting
153334.333527,1,tick,""
153334.333540,0,tick,""
153334.333555,1,sched_state,waiting
153334.333562,1,tick,""
153334.333567,1,sched_state,waiting
153334.333571,1,tick,""
153334.333575,1,sched_state,waiting
153334.333578,1,tick,""
153334.333630,0,queue_length,1
153334.333637,0,queue_length,0
153334.333891,0,sched_state,running
153334.334064,0,tick,""
153334.334070,0,reduction,""
153334.334072,0,sched_state,running
153334.334185,0,tick,""
153334.334190,0,reduction,""
153334.334191,0,sched_state,running
153334.334255,0,tick,""
153334.334258,0,reduction,""
153334.334259,0,sched_state,running
153334.334319,0,tick,""
153334.334321,0,reduction,""
153334.334323,0,sched_state,running
153334.334383,0,tick,""
153334.334385,0,reduction,""
153334.334386,0,sched_state,running
153334.334446,0,tick,""
153334.334448,0,reduction,""
153334.334449,0,sched_state,running
153334.334598,0,tick,""
153334.334604,0,reduction,""
153334.334606,0,sched_state,running
153334.334681,0,tick,""
153334.334686,0,reduction,""
153334.334688,0,sched_state,running
153334.334795,0,tick,""
153334.334799,0,reduction,""
153334.334801,0,sched_state,running
153334.334901,0,tick,""
153334.336379,0,reduction,""
153334.336383,0,sched_state,running
153334.336492,0,tick,""
153334.336497,0,reduction,""
153334.336499,0,sched_state,running
153334.336657,0,tick,""
153334.336666,0,reduction,""
153334.336668,0,sched_state,running
153334.336769,0,tick,""
153334.337001,0,reduction,""
153334.337006,0,sched_state,running
153334.337089,0,tick,""
153334.337096,0,reduction,""
153334.337097,0,sched_state,running
153334.337159,0,tick,""
153334.337164,0,reduction,""
153334.337165,0,sched_state,running
153334.337214,0,tick,""
153334.337217,0,reduction,""
153334.337219,0,sched_state,running
153334.337265,0,tick,""
153334.337269,0,reduction,""
153334.337270,0,sched_state,running
153334.337319,0,tick,""
153334.337322,0,reduction,""
153334.337323,0,sched_state,running
153334.337370,0,tick,""
153334.337373,0,reduction,""
153334.337375,0,sched_state,running
153334.337421,0,tick,""
153334.337425,0,reduction,""
153334.337426,0,sched_state,running
153334.337471,0,tick,""
153334.337719,0,queue_length,0
153334.337835,0,sched_state,running
153334.337933,0,tick,""
153334.337941,0,reduction,""
153334.337942,0,sched_state,running
153334.337997,0,tick,""
153334.338001,0,reduction,""
153334.338002,0,sched_state,running
153334.338054,0,tick,""
153334.338058,0,reduction,""
153334.338059,0,sched_state,running
153334.338110,0,tick,""
153334.338114,0,reduction,""
153334.338115,0,sched_state,running
153334.338164,0,tick,""
153334.338169,0,reduction,""
153334.338170,0,sched_state,running
153334.338219,0,tick,""
153334.338276,0,reduction,""
153334.338277,0,sched_state,running
153334.338357,0,tick,""
153334.338364,0,reduction,""
153334.338366,0,sched_state,running
153334.338445,0,tick,""
153334.338453,0,reduction,""
153334.338455,0,sched_state,running
153334.338532,0,tick,""
153334.338539,0,reduction,""
153334.338541,0,sched_state,running
153334.338620,0,tick,""
153334.338636,0,reduction,""
153334.338639,0,sched_state,running
153334.338722,0,tick,""
153334.338730,0,reduction,""
153334.338731,0,sched_state,running
153334.338790,0,tick,""
153334.338801,0,reduction,""
153334.338803,0,sched_state,running
153334.338856,0,tick,""
153334.338861,0,spawn,""
153334.338863,0,reduction,""
153334.338864,0,sched_state,running
153334.339135,0,tick,""
153334.339138,0,queue_length,1
153334.339140,0,reduction,""
153334.339141,0,sched_state,running
153334.339195,0,tick,""
153334.339200,0,reduction,""
153334.339201,0,sched_state,running
153334.339252,0,tick,""
153334.339257,0,reduction,""
153334.339258,0,sched_state,running
153334.339309,0,tick,""
153334.339313,0,reduction,""
153334.339314,0,sched_state,running
153334.339363,0,tick,""
153334.339371,0,reduction,""
153334.339372,0,sched_state,running
153334.339421,0,tick,""
153334.339460,0,reduction,""
153334.339461,0,sched_state,running
153334.339540,0,tick,""
153334.339551,0,reduction,""
153334.339553,0,sched_state,running
153334.339632,0,tick,""
153334.340116,0,queue_length,1
153334.340379,0,sched_state,running
153334.340465,0,tick,""
153334.340468,0,reduction,""
153334.340469,0,sched_state,running
153334.340547,0,tick,""
153334.340550,0,reduction,""
153334.340551,0,sched_state,running
153334.340627,0,tick,""
153334.340630,0,reduction,""
153334.340631,0,sched_state,running
153334.340706,0,tick,""
153334.340709,0,reduction,""
153334.340710,0,sched_state,running
153334.340784,0,tick,""
153334.340787,0,reduction,""
153334.340788,0,sched_state,running
153334.340862,0,tick,""
153334.340865,0,reduction,""
153334.340866,0,sched_state,running
153334.340940,0,tick,""
153334.342126,0,channel_blocked,161
153334.342129,0,yield,""
153334.342405,0,sched_state,running
153334.342427,0,tick,""
153334.342781,0,queue_length,2
153334.342787,0,queue_length,1
153334.342969,0,sched_state,running
153334.343035,0,tick,""
153334.343042,0,reduction,""
153334.343044,0,sched_state,running
153334.343107,0,tick,""
153334.343113,0,reduction,""
153334.343114,0,sched_state,running
153334.343171,0,tick,""
153334.343184,0,reduction,""
153334.343185,0,sched_state,running
153334.343245,0,tick,""
153334.343251,0,reduction,""
153334.343252,0,sched_state,running
153334.343310,0,tick,""
153334.343320,0,reduction,""
153334.343322,0,sched_state,running
153334.343379,0,tick,""
153334.343384,0,spawn,""
153334.343386,0,reduction,""
153334.343387,0,sched_state,running
153334.343658,0,tick,""
153334.343658,0,queue_length,2
153334.343663,0,reduction,""
153334.343665,0,sched_state,running
153334.343723,0,tick,""
153334.343727,0,reduction,""
153334.343728,0,sched_state,running
153334.343782,0,tick,""
153334.343789,0,reduction,""
153334.343791,0,sched_state,running
153334.343843,0,tick,""
153334.343848,0,reduction,""
153334.343849,0,sched_state,running
153334.343901,0,tick,""
153334.343909,0,reduction,""
153334.343912,0,sched_state,running
153334.343963,0,tick,""
153334.344009,0,reduction,""
153334.344012,0,sched_state,running
153334.344091,0,tick,""
153334.344106,0,reduction,""
153334.344113,0,sched_state,running
153334.344195,0,tick,""
153334.344202,0,reduction,""
153334.344204,0,sched_state,running
153334.344290,0,tick,""
153334.344297,0,reduction,""
153334.344298,0,sched_state,running
153334.344381,0,tick,""
153334.344398,0,reduction,""
153334.344401,0,sched_state,running
153334.344470,0,tick,""
153334.344475,0,reduction,""
153334.344477,0,sched_state,running
153334.344578,0,tick,""
153334.344593,0,reduction,""
153334.344594,0,sched_state,running
153334.344654,0,tick,""
153334.344658,0,spawn,""
153334.344660,0,reduction,""
153334.344661,0,sched_state,running
153334.344935,0,tick,""
153334.344941,0,reduction,""
153334.344942,0,sched_state,running
153334.345001,0,tick,""
153334.345150,0,queue_length,3
153334.345153,0,queue_length,3
153334.345841,0,sched_state,running
153334.346019,7,sched_state,waiting
153334.346019,2,sched_state,waiting
153334.346031,7,tick,""
153334.346032,2,tick,""
153334.346037,2,sched_state,waiting
153334.346048,2,tick,""
153334.346055,5,sched_state,waiting
153334.346058,7,sched_state,waiting
153334.346065,7,tick,""
153334.346070,5,tick,""
153334.346073,5,sched_state,waiting
153334.346079,5,tick,""
153334.346098,5,sched_state,waiting
153334.346102,5,tick,""
153334.346106,5,sched_state,waiting
153334.346109,5,tick,""
153334.346112,5,sched_state,waiting
153334.346117,5,tick,""
153334.346134,4,sched_state,waiting
153334.346139,4,tick,""
153334.346140,0,tick,""
153334.346156,4,sched_state,waiting
153334.346160,4,tick,""
153334.347260,0,channel_blocked,161
153334.347263,0,yield,""
153334.347714,0,sched_state,running
153334.347717,0,queue_length,4
153334.347732,0,tick,""
153334.347742,0,queue_length,3
153334.348058,0,sched_state,running
153334.348174,0,tick,""
153334.348179,0,reduction,""
153334.348180,0,sched_state,running
153334.348328,0,tick,""
153334.348333,0,reduction,""
153334.348334,0,sched_state,running
153334.348530,0,tick,""
153334.348534,0,reduction,""
153334.348536,0,sched_state,running
153334.348656,0,tick,""
153334.348660,0,reduction,""
153334.348661,0,sched_state,running
153334.348786,0,tick,""
153334.348790,0,reduction,""
153334.348791,0,sched_state,running
153334.348910,0,tick,""
153334.348915,0,reduction,""
153334.348917,0,sched_state,running
153334.349032,0,tick,""
153334.350371,1,channel_blocked,231
153334.350374,0,yield,""
153334.350714,0,sched_state,running
153334.350862,0,tick,""
153334.351624,0,queue_length,4
153334.351630,0,queue_length,3
153334.351926,0,sched_state,running
153334.352041,0,tick,""
153334.352045,0,reduction,""
153334.352046,0,sched_state,running
153334.352149,0,tick,""
153334.352153,0,reduction,""
153334.352155,0,sched_state,running
153334.352237,0,tick,""
153334.352240,0,reduction,""
153334.352242,0,sched_state,running
153334.352321,0,tick,""
153334.352325,0,reduction,""
153334.352326,0,sched_state,running
153334.352404,0,tick,""
153334.352407,0,reduction,""
153334.352408,0,sched_state,running
153334.352484,0,tick,""
153334.352488,0,reduction,""
153334.352489,0,sched_state,running
153334.352564,0,tick,""
153334.353790,2,channel_blocked,252
153334.353792,0,yield,""
153334.354189,0,sched_state,running
153334.354203,0,tick,""
153334.354209,0,queue_length,4
153334.354212,0,queue_length,3
153334.354380,0,sched_state,running
153334.354447,0,tick,""
153334.354452,0,reduction,""
153334.354453,0,sched_state,running
153334.354547,0,tick,""
153334.354558,0,reduction,""
153334.354559,0,sched_state,running
153334.354616,0,tick,""
153334.354620,0,reduction,""
153334.354621,0,sched_state,running
153334.354675,0,tick,""
153334.354686,0,reduction,""
153334.354688,0,sched_state,running
153334.354742,0,tick,""
153334.354816,0,reduction,""
153334.354820,0,sched_state,running
153334.354909,0,tick,""
153334.354925,0,reduction,""
153334.354927,0,sched_state,running
153334.355007,0,tick,""
153334.355015,0,reduction,""
153334.355018,0,sched_state,running
153334.355100,0,tick,""
153334.355108,0,reduction,""
153334.355110,0,sched_state,running
153334.355189,0,tick,""
153334.355213,0,reduction,""
153334.355215,0,sched_state,running
153334.355291,0,tick,""
153334.355298,0,reduction,""
153334.355300,0,sched_state,running
153334.355373,0,tick,""
153334.355390,0,reduction,""
153334.355393,0,sched_state,running
153334.355467,0,tick,""
153334.355473,0,spawn,""
153334.355475,0,reduction,""
153334.355476,0,sched_state,running
153334.355817,0,queue_length,4
153334.355817,0,tick,""
153334.355823,0,reduction,""
153334.355825,0,sched_state,running
153334.355899,0,tick,""
153334.355905,0,reduction,""
153334.355907,0,sched_state,running
153334.355979,0,tick,""
153334.355988,0,reduction,""
153334.355990,0,sched_state,running
153334.356061,0,tick,""
153334.356065,0,reduction,""
153334.356067,0,sched_state,running
153334.356140,0,tick,""
153334.356153,0,reduction,""
153334.356155,0,sched_state,running
153334.356224,0,tick,""
153334.356294,0,reduction,""
153334.356297,0,sched_state,running
153334.356376,0,tick,""
153334.356392,0,reduction,""
153334.356394,0,sched_state,running
153334.356468,0,tick,""
153334.356475,0,reduction,""
153334.356478,0,sched_state,running
153334.356557,0,tick,""
153334.356851,0,queue_length,4
153334.357015,3,sched_state,waiting
153334.357018,6,sched_state,waiting
153334.357025,6,tick,""
153334.357028,6,sched_state,waiting
153334.357030,3,tick,""
153334.357033,6,tick,""
153334.357064,2,sched_state,waiting
153334.357067,3,sched_state,waiting
153334.357068,6,sched_state,waiting
153334.357072,2,tick,""
153334.357077,3,tick,""
153334.357078,6,tick,""
153334.357081,3,sched_state,waiting
153334.357087,3,tick,""
153334.357103,3,sched_state,waiting
153334.357108,3,tick,""
153334.357149,2,sched_state,waiting
153334.357155,2,tick,""
153334.357431,1,sched_state,waiting
153334.357440,1,tick,""
153334.357466,1,sched_state,waiting
153334.357473,1,tick,""
153334.357788,0,sched_state,running
153334.358116,0,tick,""
153334.359293,0,channel_blocked,161
153334.359296,0,yield,""
153334.359807,0,sched_state,running
153334.359833,0,queue_length,5
153334.359865,0,tick,""
153334.359885,0,queue_length,4
153334.360737,0,sched_state,running
153334.361024,0,tick,""
153334.362285,1,channel_blocked,231
153334.362288,0,yield,""
153334.362612,0,sched_state,running
153334.362625,0,tick,""
153334.363807,0,queue_length,5
153334.363812,0,queue_length,4
153334.364392,0,sched_state,running
153334.364810,0,tick,""
153334.365867,2,channel_blocked,252
153334.365871,0,yield,""
153334.366305,0,sched_state,running
153334.366319,0,tick,""
153334.366326,0,queue_length,5
153334.366329,0,queue_length,4
153334.366566,0,sched_state,running
153334.366751,0,tick,""
153334.366756,0,reduction,""
153334.366759,0,sched_state,running
153334.366900,0,tick,""
153334.366904,0,reduction,""
153334.366905,0,sched_state,running
153334.366987,0,tick,""
153334.366991,0,reduction,""
153334.366992,0,sched_state,running
153334.367072,0,tick,""
153334.367075,0,reduction,""
153334.367076,0,sched_state,running
153334.367154,0,tick,""
153334.367157,0,reduction,""
153334.367159,0,sched_state,running
153334.367235,0,tick,""
153334.367238,0,reduction,""
153334.367240,0,sched_state,running
153334.367316,0,tick,""
153334.368014,4,sched_state,waiting
153334.368020,4,tick,""
153334.368019,7,sched_state,waiting
153334.368020,5,sched_state,waiting
153334.368026,7,tick,""
153334.368031,5,tick,""
153334.368031,6,sched_state,waiting
153334.368037,6,tick,""
153334.368061,7,sched_state,waiting
153334.368061,4,sched_state,waiting
153334.368065,4,tick,""
153334.368066,7,tick,""
153334.368068,4,sched_state,waiting
153334.368071,4,tick,""
153334.368133,5,sched_state,waiting
153334.368140,5,tick,""
153334.368281,1,sched_state,waiting
153334.368291,1,tick,""
153334.368315,1,sched_state,waiting
153334.368320,1,tick,""
153334.368609,3,channel_blocked,439
153334.368612,0,yield,""
153334.369112,0,sched_state,running
153334.369112,0,queue_length,5
153334.369124,0,tick,""
153334.369136,0,queue_length,4
153334.369457,0,sched_state,running
153334.369608,0,tick,""
153334.369616,0,reduction,""
153334.369618,0,sched_state,running
153334.369753,0,tick,""
153334.369778,0,reduction,""
153334.369780,0,sched_state,running
153334.369909,0,tick,""
153334.369915,0,reduction,""
153334.369916,0,sched_state,running
153334.370042,0,tick,""
153334.370061,0,reduction,""
153334.370063,0,sched_state,running
153334.370184,0,tick,""
153334.370190,0,spawn,""
153334.370192,0,reduction,""
153334.370194,0,sched_state,running
153334.370601,0,tick,""
153334.370606,0,reduction,""
153334.370608,0,sched_state,running
153334.370693,0,tick,""
153334.370697,0,reduction,""
153334.370699,0,sched_state,running
153334.370786,0,tick,""
153334.370795,0,reduction,""
153334.370796,0,sched_state,running
153334.370848,0,tick,""
153334.370852,0,reduction,""
153334.370853,0,sched_state,running
153334.370907,0,tick,""
153334.370917,0,reduction,""
153334.370919,0,sched_state,running
153334.370970,0,tick,""
153334.370982,0,queue_length,5
153334.371045,0,reduction,""
153334.371049,0,sched_state,running
153334.371200,0,tick,""
153334.371221,0,reduction,""
153334.371223,0,sched_state,running
153334.371310,0,tick,""
153334.371317,0,reduction,""
153334.371319,0,sched_state,running
153334.371416,0,tick,""
153334.371421,0,reduction,""
153334.371423,0,sched_state,running
153334.371507,0,tick,""
153334.371528,0,reduction,""
153334.371530,0,sched_state,running
153334.371615,0,tick,""
153334.371622,0,reduction,""
153334.371626,0,sched_state,running
153334.371711,0,tick,""
153334.371732,0,reduction,""
153334.371734,0,sched_state,running
153334.371819,0,tick,""
153334.371823,0,spawn,""
153334.371826,0,reduction,""
153334.371827,0,sched_state,running
153334.372179,0,tick,""
153334.372183,0,reduction,""
153334.372188,0,sched_state,running
153334.372274,0,tick,""
153334.372278,0,reduction,""
153334.372280,0,sched_state,running
153334.372366,0,tick,""
153334.372566,0,queue_length,6
153334.372573,0,queue_length,6
153334.373605,0,sched_state,running
153334.373857,0,tick,""
153334.375183,0,channel_blocked,161
153334.375186,0,yield,""
153334.375829,0,sched_state,running
153334.375868,0,queue_length,7
153334.375880,0,tick,""
153334.375896,0,queue_length,6
153334.377139,0,sched_state,running
153334.377736,0,tick,""
153334.379021,2,sched_state,waiting
153334.379022,6,sched_state,waiting
153334.379021,3,sched_state,waiting
153334.379030,6,tick,""
153334.379030,2,tick,""
153334.379031,3,tick,""
153334.379036,3,sched_state,waiting
153334.379043,3,tick,""
153334.379050,4,sched_state,waiting
153334.379058,4,tick,""
153334.379078,2,sched_state,waiting
153334.379079,4,sched_state,waiting
153334.379084,4,tick,""
153334.379084,2,tick,""
153334.379088,2,sched_state,waiting
153334.379093,2,tick,""
153334.379491,7,sched_state,waiting
153334.379499,7,tick,""
153334.379526,1,channel_blocked,231
153334.379531,0,yield,""
153334.379532,7,sched_state,waiting
153334.379538,7,tick,""
153334.379542,7,sched_state,waiting
153334.379546,7,tick,""
153334.380068,0,sched_state,running
153334.380073,0,queue_length,7
153334.380131,0,tick,""
153334.380141,0,queue_length,6
153334.381930,0,sched_state,running
153334.382305,0,tick,""
153334.384302,2,channel_blocked,252
153334.384306,0,yield,""
153334.384998,0,sched_state,running
153334.385071,0,tick,""
153334.386932,0,queue_length,7
153334.386938,0,queue_length,6
153334.387820,0,sched_state,running
153334.388204,0,tick,""
153334.389541,3,channel_blocked,439
153334.389546,0,yield,""
153334.390028,1,sched_state,waiting
153334.390029,5,sched_state,waiting
153334.390038,5,tick,""
153334.390038,1,tick,""
153334.390058,3,sched_state,waiting
153334.390068,3,tick,""
153334.390069,1,sched_state,waiting
153334.390069,5,sched_state,waiting
153334.390074,1,tick,""
153334.390074,5,tick,""
153334.390142,0,sched_state,running
153334.390146,0,queue_length,7
153334.390161,0,tick,""
153334.390168,0,queue_length,6
153334.390170,2,sched_state,waiting
153334.390175,2,tick,""
153334.390195,2,sched_state,waiting
153334.390200,2,tick,""
153334.390537,0,sched_state,running
153334.390676,0,tick,""
153334.390684,0,reduction,""
153334.390686,0,sched_state,running
153334.390821,0,tick,""
153334.390826,0,reduction,""
153334.390828,0,sched_state,running
153334.390955,0,tick,""
153334.390959,0,reduction,""
153334.390961,0,sched_state,running
153334.391086,0,tick,""
153334.391090,0,reduction,""
153334.391091,0,sched_state,running
153334.391213,0,tick,""
153334.391217,0,reduction,""
153334.391219,0,sched_state,running
153334.391341,0,tick,""
153334.391346,0,reduction,""
153334.391348,0,sched_state,running
153334.391469,0,tick,""
153334.392777,4,channel_blocked,674
153334.392780,0,yield,""
153334.393175,0,sched_state,running
153334.393207,0,queue_length,7
153334.393452,0,tick,""
153334.393461,0,queue_length,6
153334.393761,0,sched_state,running
153334.393861,0,tick,""
153334.393864,0,reduction,""
153334.393866,0,sched_state,running
153334.393959,0,tick,""
153334.393962,0,reduction,""
153334.393964,0,sched_state,running
153334.394049,0,tick,""
153334.394052,0,reduction,""
153334.394053,0,sched_state,running
153334.394136,0,tick,""
153334.394138,0,reduction,""
153334.394140,0,sched_state,running
153334.394220,0,tick,""
153334.394224,0,reduction,""
153334.394225,0,sched_state,running
153334.394305,0,tick,""
153334.394309,0,reduction,""
153334.394310,0,sched_state,running
153334.394390,0,tick,""
153334.395578,5,channel_blocked,703
153334.395587,0,yield,""
153334.396042,0,sched_state,running
153334.396061,0,tick,""
153334.396068,0,queue_length,7
153334.396070,0,queue_length,6
153334.396297,0,sched_state,running
153334.396367,0,tick,""
153334.396379,0,reduction,""
153334.396381,0,sched_state,running
153334.396452,0,tick,""
153334.396455,0,reduction,""
153334.396456,0,sched_state,running
153334.396515,0,tick,""
153334.396526,0,reduction,""
153334.396527,0,sched_state,running
153334.396584,0,tick,""
153334.396587,0,reduction,""
153334.396588,0,sched_state,running
153334.396644,0,tick,""
153334.396647,0,reduction,""
153334.396648,0,sched_state,running
153334.396701,0,tick,""
153334.396715,0,reduction,""
153334.396717,0,sched_state,running
153334.396772,0,tick,""
153334.396775,0,reduction,""
153334.396776,0,sched_state,running
153334.396829,0,tick,""
153334.396843,0,reduction,""
153334.396844,0,sched_state,running
153334.396897,0,tick,""
153334.396900,0,reduction,""
153334.396903,0,sched_state,running
153334.396955,0,tick,""
153334.396958,0,reduction,""
153334.396960,0,sched_state,running
153334.397011,0,tick,""
153334.397547,0,channel_unblocked,87
153334.397552,0,yield,""
153334.397554,0,sched_state,running
153334.397657,0,tick,""
153334.397660,0,reduction,""
153334.397661,0,sched_state,running
153334.397718,0,tick,""
153334.397721,0,reduction,""
153334.397723,0,sched_state,running
153334.397780,0,tick,""
153334.397783,0,reduction,""
153334.397784,0,sched_state,running
153334.397840,0,tick,""
153334.397854,0,reduction,""
153334.397856,0,sched_state,running
153334.397912,0,tick,""
153334.397915,0,reduction,""
153334.397916,0,sched_state,running
153334.397969,0,tick,""
153334.397983,0,reduction,""
153334.397984,0,sched_state,running
153334.398039,0,tick,""
153334.398042,0,reduction,""
153334.398043,0,sched_state,running
153334.398096,0,tick,""
153334.398099,0,reduction,""
153334.398100,0,sched_state,running
153334.398152,0,tick,""
153334.398155,0,reduction,""
153334.398156,0,sched_state,running
153334.398207,0,tick,""
153334.398213,0,queue_length,5
153334.400125,0,queue_length,5
153334.401017,7,sched_state,waiting
153334.401025,5,sched_state,waiting
153334.401032,5,tick,""
153334.401049,6,sched_state,waiting
153334.401064,6,tick,""
153334.401256,0,sched_state,running
153334.401353,7,tick,""
153334.401385,7,sched_state,waiting
153334.401393,7,tick,""
153334.401759,0,tick,""
153334.403184,1,channel_blocked,231
153334.403188,0,yield,""
153334.403937,0,sched_state,running
153334.403959,0,tick,""
153334.403965,0,queue_length,6
153334.403969,0,queue_length,5
153334.405077,3,sched_state,waiting
153334.405341,0,sched_state,running
153334.405594,3,tick,""
153334.405871,0,tick,""
153334.407774,2,channel_blocked,252
153334.407778,0,yield,""
153334.408367,0,sched_state,running
153334.408418,0,tick,""
153334.408436,0,queue_length,6
153334.408440,0,queue_length,5
153334.409264,0,sched_state,running
153334.409464,0,tick,""
153334.410609,3,channel_blocked,439
153334.410613,0,yield,""
153334.411243,0,sched_state,running
153334.411281,0,tick,""
153334.411287,0,queue_length,6
153334.411289,0,queue_length,5
153334.411923,0,sched_state,running
153334.412405,0,tick,""
153334.412737,4,sched_state,running
153334.412844,5,sched_state,waiting
153334.412863,2,sched_state,waiting
153334.412877,2,tick,""
153334.412881,2,sched_state,waiting
153334.412885,2,tick,""
153334.412885,5,tick,""
153334.412938,2,sched_state,waiting
153334.412943,2,tick,""
153334.412945,5,sched_state,waiting
153334.412951,5,tick,""
153334.413037,1,sched_state,waiting
153334.413046,4,tick,""
153334.413204,1,tick,""
153334.413226,1,sched_state,waiting
153334.413232,1,tick,""
153334.413844,4,channel_blocked,674
153334.413847,0,yield,""
153334.414531,0,sched_state,running
153334.414582,0,tick,""
153334.414594,0,queue_length,6
153334.414598,0,queue_length,5
153334.416020,3,sched_state,waiting
153334.416141,3,tick,""
153334.416153,3,sched_state,waiting
153334.416158,3,tick,""
153334.416318,0,sched_state,running
153334.416785,0,tick,""
153334.416896,0,channel_unblocked,161
153334.416902,4,yield,""
153334.416905,4,sched_state,running
153334.417216,4,tick,""
153334.417221,4,reduction,""
153334.417223,4,sched_state,running
153334.417364,4,tick,""
153334.417370,4,reduction,""
153334.417371,4,sched_state,running
153334.417494,4,tick,""
153334.417656,4,reduction,""
153334.417659,4,sched_state,running
153334.417776,4,tick,""
153334.417781,4,reduction,""
153334.417782,4,sched_state,running
153334.417892,4,tick,""
153334.417895,4,reduction,""
153334.417896,4,sched_state,running
153334.418003,4,tick,""
153334.418006,4,reduction,""
153334.418007,4,sched_state,running
153334.418114,4,tick,""
153334.418117,4,reduction,""
153334.418119,4,sched_state,running
153334.418225,4,tick,""
153334.418287,5,channel_blocked,703
153334.418290,0,yield,""
153334.418318,4,reduction,""
153334.418320,4,sched_state,running
153334.418431,4,tick,""
153334.418435,4,reduction,""
153334.418437,4,sched_state,running
153334.418544,4,tick,""
153334.418556,4,reduction,""
153334.418558,4,sched_state,running
153334.418654,4,tick,""
153334.418657,4,reduction,""
153334.418658,4,sched_state,running
153334.418754,4,tick,""
153334.418758,4,reduction,""
153334.418760,4,sched_state,running
153334.418855,4,tick,""
153334.418859,4,reduction,""
153334.418860,4,sched_state,running
153334.418893,0,queue_length,6
153334.418893,0,sched_state,running
153334.418937,0,tick,""
153334.418945,0,queue_length,5
153334.418963,4,tick,""
153334.419741,1,channel_unblocked,161
153334.419745,4,yield,""
153334.419747,4,sched_state,running
153334.419750,0,sched_state,running
153334.419855,4,tick,""
153334.419859,4,reduction,""
153334.419860,4,sched_state,running
153334.419959,4,tick,""
153334.419962,4,reduction,""
153334.419963,4,sched_state,running
153334.420006,0,tick,""
153334.420012,0,reduction,""
153334.420015,0,sched_state,running
153334.420061,4,tick,""
153334.420064,4,reduction,""
153334.420065,4,sched_state,running
153334.420179,4,tick,""
153334.420182,4,reduction,""
153334.420183,4,sched_state,running
153334.420280,4,tick,""
153334.420283,4,reduction,""
153334.420284,4,sched_state,running
153334.420345,0,tick,""
153334.420351,0,reduction,""
153334.420353,0,sched_state,running
153334.420381,4,tick,""
153334.420539,0,tick,""
153334.420544,0,reduction,""
153334.420545,0,sched_state,running
153334.420683,0,tick,""
153334.420810,4,queue_length,0
153334.421107,4,sched_state,running
153334.421262,4,tick,""
153334.421274,4,reduction,""
153334.421277,4,sched_state,running
153334.421422,4,tick,""
153334.421426,4,reduction,""
153334.421428,4,sched_state,running
153334.421567,4,tick,""
153334.422183,6,channel_blocked,87
153334.422187,0,yield,""
153334.422535,0,sched_state,running
153334.422549,0,tick,""
153334.422621,0,channel_blocked,161
153334.422623,4,yield,""
153334.422945,4,sched_state,running
153334.422952,4,tick,""
153334.423013,7,sched_state,waiting
153334.423022,7,tick,""
153334.423023,5,sched_state,waiting
153334.423029,5,tick,""
153334.423028,2,sched_state,waiting
153334.423040,2,tick,""
153334.423056,5,sched_state,waiting
153334.423061,5,tick,""
153334.423060,7,sched_state,waiting
153334.423067,7,tick,""
153334.423126,2,sched_state,waiting
153334.423133,2,tick,""
153334.423364,4,queue_length,1
153334.423368,4,queue_length,0
153334.423843,4,sched_state,running
153334.424253,4,tick,""
153334.425114,6,sched_state,waiting
153334.425128,6,tick,""
153334.425137,0,queue_length,6
153334.425141,0,queue_length,5
153334.425331,0,channel_blocked,161
153334.425334,4,yield,""
153334.425844,4,sched_state,running
153334.425864,4,tick,""
153334.425871,4,queue_length,1
153334.425873,4,queue_length,0
153334.426415,4,sched_state,running
153334.426510,0,sched_state,running
153334.426628,4,tick,""
153334.427013,3,sched_state,waiting
153334.427021,3,tick,""
153334.427025,3,sched_state,waiting
153334.427029,3,tick,""
153334.427092,0,tick,""
153334.428594,0,channel_blocked,161
153334.428600,4,yield,""
153334.429174,4,sched_state,running
153334.429192,4,tick,""
153334.429201,4,queue_length,1
153334.429204,4,queue_length,0
153334.429885,1,channel_unblocked,231
153334.429891,0,yield,""
153334.429894,0,sched_state,running
153334.430027,4,sched_state,running
153334.430231,0,tick,""
153334.430238,0,reduction,""
153334.430241,0,sched_state,running
153334.430281,4,tick,""
153334.430433,0,tick,""
153334.430439,0,reduction,""
153334.430441,0,sched_state,running
153334.430618,0,tick,""
153334.430839,0,reduction,""
153334.430842,0,sched_state,running
153334.431007,0,tick,""
153334.431013,0,reduction,""
153334.431015,0,sched_state,running
153334.431174,0,tick,""
153334.431179,0,reduction,""
153334.431181,0,sched_state,running
153334.431339,0,tick,""
153334.431343,0,reduction,""
153334.431344,0,sched_state,running
153334.431504,0,tick,""
153334.431510,0,reduction,""
153334.431511,0,sched_state,running
153334.431669,0,tick,""
153334.431802,0,reduction,""
153334.431805,0,sched_state,running
153334.431967,0,tick,""
153334.431972,0,reduction,""
153334.431974,0,sched_state,running
153334.432147,0,tick,""
153334.432164,0,reduction,""
153334.432166,0,sched_state,running
153334.432177,0,channel_blocked,161
153334.432180,4,yield,""
153334.432307,0,tick,""
153334.432312,0,reduction,""
153334.432314,0,sched_state,running
153334.432454,0,tick,""
153334.432459,0,reduction,""
153334.432461,0,sched_state,running
153334.432600,0,tick,""
153334.432605,0,reduction,""
153334.432606,0,sched_state,running
153334.432635,4,sched_state,running
153334.432678,4,tick,""
153334.432749,0,tick,""
153334.432893,4,queue_length,1
153334.432897,4,queue_length,0
153334.433573,4,sched_state,running
153334.433638,2,channel_unblocked,231
153334.433642,0,yield,""
153334.433644,0,sched_state,running
153334.433802,0,tick,""
153334.433805,0,reduction,""
153334.433807,0,sched_state,running
153334.433827,4,tick,""
153334.433954,0,tick,""
153334.433958,0,reduction,""
153334.433960,0,sched_state,running
153334.434042,7,sched_state,waiting
153334.434052,7,tick,""
153334.434056,2,sched_state,waiting
153334.434062,2,tick,""
153334.434093,2,sched_state,waiting
153334.434093,7,sched_state,waiting
153334.434097,2,tick,""
153334.434099,7,tick,""
153334.434105,0,tick,""
153334.434108,0,reduction,""
153334.434110,0,sched_state,running
153334.434269,0,tick,""
153334.434274,0,reduction,""
153334.434276,0,sched_state,running
153334.434434,0,tick,""
153334.434440,0,reduction,""
153334.434443,0,sched_state,running
153334.434600,0,tick,""
153334.434609,0,queue_length,4
153334.435005,0,channel_blocked,161
153334.435008,4,yield,""
153334.435012,1,sched_state,waiting
153334.435022,1,tick,""
153334.435046,1,sched_state,waiting
153334.435050,1,tick,""
153334.435689,4,sched_state,running
153334.435786,4,tick,""
153334.435797,4,queue_length,1
153334.435799,4,queue_length,0
153334.436013,6,sched_state,waiting
153334.436030,6,tick,""
153334.436729,4,sched_state,running
153334.436883,0,queue_length,4
153334.437007,4,tick,""
153334.438723,0,sched_state,running
153334.439156,0,channel_blocked,161
153334.439161,4,yield,""
153334.439814,0,tick,""
153334.440070,4,sched_state,running
153334.440161,4,tick,""
153334.440169,4,queue_length,1
153334.440173,4,queue_length,0
153334.441129,3,channel_blocked,439
153334.441134,0,yield,""
153334.441146,4,sched_state,running
153334.441668,4,tick,""
153334.441748,0,sched_state,running
153334.441753,0,queue_length,5
153334.441772,0,tick,""
153334.441783,0,queue_length,4
153334.443087,0,sched_state,running
153334.443399,0,channel_blocked,161
153334.443401,4,yield,""
153334.443633,0,tick,""
153334.444261,4,sched_state,running
153334.444300,4,tick,""
153334.444853,4,queue_length,1
153334.444857,4,queue_length,0
153334.445023,5,sched_state,waiting
153334.445023,2,sched_state,waiting
153334.445272,4,channel_blocked,674
153334.445289,0,yield,""
153334.445377,5,tick,""
153334.445385,5,sched_state,running
153334.445393,7,sched_state,waiting
153334.445405,7,tick,""
153334.445437,7,sched_state,waiting
153334.445492,7,tick,""
153334.445516,2,tick,""
153334.445523,2,sched_state,waiting
153334.445649,2,tick,""
153334.445655,2,sched_state,waiting
153334.445660,2,tick,""
153334.445682,2,sched_state,waiting
153334.445686,2,tick,""
153334.446119,4,sched_state,running
153334.446331,5,tick,""
153334.446341,0,sched_state,running
153334.446344,0,queue_length,5
153334.446377,0,tick,""
153334.446385,0,queue_length,4
153334.447254,4,tick,""
153334.447314,1,sched_state,waiting
153334.447338,1,tick,""
153334.447372,1,sched_state,waiting
153334.447377,1,tick,""
153334.447381,1,sched_state,waiting
153334.447385,1,tick,""
153334.448217,0,sched_state,running
153334.448812,0,tick,""
153334.449554,2,channel_unblocked,252
153334.449560,5,yield,""
153334.449563,5,sched_state,running
153334.449865,5,tick,""
153334.449875,5,reduction,""
153334.449878,5,sched_state,running
153334.450089,5,tick,""
153334.450096,5,reduction,""
153334.450098,5,sched_state,running
153334.450293,5,tick,""
153334.450493,0,channel_blocked,161
153334.450497,4,yield,""
153334.450518,5,reduction,""
153334.450523,5,sched_state,running
153334.450595,5,channel_blocked,703
153334.450598,0,yield,""
153334.450709,5,tick,""
153334.450714,5,reduction,""
153334.450716,5,sched_state,running
153334.450897,5,tick,""
153334.450901,5,reduction,""
153334.450903,5,sched_state,running
153334.451077,5,tick,""
153334.451081,5,reduction,""
153334.451082,5,sched_state,running
153334.451257,5,tick,""
153334.451263,5,reduction,""
153334.451265,5,sched_state,running
153334.451369,0,sched_state,running
153334.451369,4,sched_state,running
153334.451372,0,queue_length,5
153334.451422,5,tick,""
153334.451472,4,tick,""
153334.451478,0,tick,""
153334.451483,4,queue_length,1
153334.451490,4,queue_length,0
153334.451490,0,queue_length,4
153334.451576,5,reduction,""
153334.451580,5,sched_state,running
153334.451759,5,tick,""
153334.451764,5,reduction,""
153334.451765,5,sched_state,running
153334.451938,5,tick,""
153334.451955,5,reduction,""
153334.451957,5,sched_state,running
153334.452073,5,tick,""
153334.452077,5,reduction,""
153334.452078,5,sched_state,running
153334.452224,5,tick,""
153334.452230,5,reduction,""
153334.452232,5,sched_state,running
153334.452392,5,tick,""
153334.452397,5,reduction,""
153334.452399,5,sched_state,running
153334.452427,0,sched_state,running
153334.452554,5,tick,""
153334.452780,4,sched_state,running
153334.452941,0,tick,""
153334.453196,4,tick,""
153334.453616,3,channel_unblocked,252
153334.453622,5,yield,""
153334.453625,5,sched_state,running
153334.453796,5,tick,""
153334.453800,5,reduction,""
153334.453803,5,sched_state,running
153334.453973,5,tick,""
153334.453979,5,reduction,""
153334.453981,5,sched_state,running
153334.454140,5,tick,""
153334.454143,5,reduction,""
153334.454145,5,sched_state,running
153334.454302,5,tick,""
153334.454306,5,reduction,""
153334.454308,5,sched_state,running
153334.454465,5,tick,""
153334.454469,5,reduction,""
153334.454471,5,sched_state,running
153334.454485,6,channel_blocked,87
153334.454487,0,yield,""
153334.454634,5,tick,""
153334.455209,0,sched_state,running
153334.455212,0,queue_length,5
153334.455342,0,tick,""
153334.455352,0,queue_length,4
153334.455729,5,queue_length,0
153334.456010,2,sched_state,waiting
153334.456012,7,sched_state,waiting
153334.456015,2,tick,""
153334.456021,7,tick,""
153334.456052,7,sched_state,waiting
153334.456055,7,tick,""
153334.456058,7,sched_state,waiting
153334.456061,7,tick,""
153334.456090,2,sched_state,waiting
153334.456097,2,tick,""
153334.456194,5,sched_state,running
153334.456259,0,sched_state,running
153334.456419,5,tick,""
153334.456440,5,reduction,""
153334.456443,5,sched_state,running
153334.456648,5,tick,""
153334.456655,5,reduction,""
153334.456658,5,sched_state,running
153334.456667,0,tick,""
153334.456681,0,reduction,""
153334.456683,0,sched_state,running
153334.456683,0,channel_blocked,161
153334.456687,4,yield,""
153334.456865,5,tick,""
153334.457041,0,tick,""
153334.457046,0,reduction,""
153334.457047,0,sched_state,running
153334.457196,0,tick,""
153334.457429,4,sched_state,running
153334.457441,4,tick,""
153334.458015,1,sched_state,waiting
153334.458024,1,tick,""
153334.458053,1,sched_state,waiting
153334.458058,1,tick,""
153334.458307,4,queue_length,1
153334.458311,4,queue_length,0
153334.458648,2,channel_blocked,252
153334.458651,5,yield,""
153334.458712,1,channel_blocked,231
153334.458715,0,yield,""
153334.459101,5,sched_state,running
153334.459124,5,tick,""
153334.459491,0,sched_state,running
153334.459523,0,tick,""
153334.459532,0,queue_length,5
153334.459535,0,queue_length,4
153334.459566,5,queue_length,1
153334.459569,5,queue_length,0
153334.459672,4,sched_state,running
153334.460382,4,tick,""
153334.460477,5,sched_state,running
153334.460883,0,sched_state,running
153334.460984,5,tick,""
153334.461025,3,sched_state,waiting
153334.461135,3,tick,""
153334.461655,0,tick,""
153334.462576,2,channel_blocked,252
153334.462582,5,yield,""
153334.463378,5,sched_state,running
153334.463420,5,tick,""
153334.463433,5,queue_length,1
153334.463437,5,queue_length,0
153334.464141,0,channel_blocked,161
153334.464146,4,yield,""
153334.464547,5,sched_state,running
153334.464704,3,channel_unblocked,439
153334.464711,0,yield,""
153334.464714,0,sched_state,running
153334.464864,5,tick,""
153334.465150,0,tick,""
153334.465157,0,reduction,""
153334.465160,0,sched_state,running
153334.465310,4,sched_state,running
153334.465354,0,tick,""
153334.465360,0,reduction,""
153334.465361,0,sched_state,running
153334.465402,4,tick,""
153334.465412,4,queue_length,1
153334.465415,4,queue_length,0
153334.465545,0,tick,""
153334.465766,0,reduction,""
153334.465769,0,sched_state,running
153334.465960,0,tick,""
153334.465966,0,reduction,""
153334.465968,0,sched_state,running
153334.466157,0,tick,""
153334.466161,0,reduction,""
153334.466163,0,sched_state,running
153334.466352,0,tick,""
153334.466355,0,reduction,""
153334.466357,0,sched_state,running
153334.466455,4,sched_state,running
153334.466522,0,tick,""
153334.466527,0,reduction,""
153334.466528,0,sched_state,running
153334.466698,0,tick,""
153334.466847,0,reduction,""
153334.466850,0,sched_state,running
153334.467015,2,sched_state,waiting
153334.467023,2,tick,""
153334.467032,0,tick,""
153334.467038,0,reduction,""
153334.467040,0,sched_state,running
153334.467057,2,sched_state,waiting
153334.467063,2,tick,""
153334.467216,0,tick,""
153334.467235,0,reduction,""
153334.467237,0,sched_state,running
153334.467286,4,tick,""
153334.467395,0,tick,""
153334.467400,0,reduction,""
153334.467402,0,sched_state,running
153334.467557,0,tick,""
153334.467562,0,reduction,""
153334.467564,0,sched_state,running
153334.467673,2,channel_blocked,252
153334.467677,5,yield,""
153334.467719,0,tick,""
153334.467725,0,reduction,""
153334.467727,0,sched_state,running
153334.467894,0,tick,""
153334.468559,5,sched_state,running
153334.468583,5,tick,""
153334.468592,5,queue_length,1
153334.468596,5,queue_length,0
153334.468625,4,channel_unblocked,439
153334.468630,0,yield,""
153334.468632,0,sched_state,running
153334.468813,0,tick,""
153334.468818,0,reduction,""
153334.468820,0,sched_state,running
153334.468990,0,tick,""
153334.468995,0,reduction,""
153334.468997,0,sched_state,running
153334.469168,0,tick,""
153334.469172,0,reduction,""
153334.469173,0,sched_state,running
153334.469325,0,tick,""
153334.469330,0,reduction,""
153334.469332,0,sched_state,running
153334.469489,0,tick,""
153334.469493,0,reduction,""
153334.469496,0,sched_state,running
153334.469638,0,channel_blocked,161
153334.469640,4,yield,""
153334.469654,0,tick,""
153334.469663,0,queue_length,3
153334.469818,5,sched_state,running
153334.470167,5,tick,""
153334.470771,4,sched_state,running
153334.470867,4,tick,""
153334.470875,4,queue_length,1
153334.470878,4,queue_length,0
153334.471857,0,queue_length,3
153334.472421,4,sched_state,running
153334.472836,4,tick,""
153334.473643,0,sched_state,running
153334.473955,2,channel_blocked,252
153334.473960,5,yield,""
153334.474050,0,tick,""
153334.474705,5,sched_state,running
153334.475373,5,tick,""
153334.475672,5,queue_length,1
153334.475677,5,queue_length,0
153334.476186,5,channel_blocked,703
153334.476190,0,yield,""
153334.476658,5,sched_state,running
153334.477147,0,sched_state,running
153334.477220,0,queue_length,4
153334.477221,0,tick,""
153334.477236,0,queue_length,3
153334.477408,5,tick,""
153334.478025,0,channel_blocked,161
153334.478028,4,yield,""
153334.478344,0,sched_state,running
153334.478639,0,tick,""
153334.479354,4,sched_state,running
153334.479818,4,tick,""
153334.479827,4,queue_length,1
153334.479830,4,queue_length,0
153334.479839,2,channel_blocked,252
153334.479844,5,yield,""
153334.480198,6,channel_blocked,87
153334.480202,0,yield,""
153334.480412,6,sched_state,running
153334.480992,6,tick,""
153334.480997,0,queue_length,4
153334.480999,0,sched_state,running
153334.481026,0,tick,""
153334.481037,0,queue_length,3
153334.481112,5,sched_state,running
153334.481129,5,tick,""
153334.481136,5,queue_length,1
153334.481139,5,queue_length,0
153334.482214,0,sched_state,running
153334.482230,4,sched_state,running
153334.482477,0,tick,""
153334.483264,4,tick,""
153334.483269,4,channel_unblocked,674
153334.483280,6,yield,""
153334.483283,6,sched_state,running
153334.483293,5,sched_state,running
153334.483605,6,tick,""
153334.483611,6,reduction,""
153334.483615,6,sched_state,running
153334.483883,6,tick,""
153334.483891,6,reduction,""
153334.483892,6,sched_state,running
153334.484227,1,channel_blocked,231
153334.484230,0,yield,""
153334.484245,6,tick,""
153334.484249,5,tick,""
153334.484410,6,reduction,""
153334.484413,6,sched_state,running
153334.484528,6,tick,""
153334.484532,6,reduction,""
153334.484533,6,sched_state,running
153334.484644,6,tick,""
153334.484647,6,reduction,""
153334.484648,6,sched_state,running
153334.484755,0,sched_state,running
153334.484757,6,tick,""
153334.484759,6,reduction,""
153334.484760,6,sched_state,running
153334.484801,0,tick,""
153334.484809,0,queue_length,4
153334.484813,0,queue_length,3
153334.484872,6,tick,""
153334.484877,6,reduction,""
153334.484878,6,sched_state,running
153334.484989,6,tick,""
153334.485143,6,reduction,""
153334.485146,6,sched_state,running
153334.485266,6,tick,""
153334.485271,6,reduction,""
153334.485272,6,sched_state,running
153334.485381,6,tick,""
153334.485396,6,reduction,""
153334.485397,6,sched_state,running
153334.485494,6,tick,""
153334.485498,6,reduction,""
153334.485499,6,sched_state,running
153334.485595,6,tick,""
153334.485600,6,reduction,""
153334.485602,6,sched_state,running
153334.485612,0,sched_state,running
153334.485697,6,tick,""
153334.485700,6,reduction,""
153334.485701,6,sched_state,running
153334.485783,0,tick,""
153334.485794,0,reduction,""
153334.485796,0,sched_state,running
153334.485797,6,tick,""
153334.486094,0,tick,""
153334.486125,0,reduction,""
153334.486128,0,sched_state,running
153334.486277,0,tick,""
153334.486549,5,channel_unblocked,674
153334.486555,6,yield,""
153334.486557,6,sched_state,running
153334.486672,6,tick,""
153334.486675,6,reduction,""
153334.486677,6,sched_state,running
153334.486775,2,channel_blocked,252
153334.486778,5,yield,""
153334.486779,6,tick,""
153334.486783,6,reduction,""
153334.486784,6,sched_state,running
153334.486883,6,tick,""
153334.486886,6,reduction,""
153334.486887,6,sched_state,running
153334.486991,6,tick,""
153334.486995,6,reduction,""
153334.486996,6,sched_state,running
153334.487094,6,tick,""
153334.487097,6,reduction,""
153334.487099,6,sched_state,running
153334.487187,0,channel_blocked,161
153334.487192,4,yield,""
153334.487198,6,tick,""
153334.487310,3,channel_blocked,439
153334.487314,0,yield,""
153334.487831,6,queue_length,0
153334.487953,0,sched_state,running
153334.487976,0,tick,""
153334.487983,0,queue_length,4
153334.487988,0,queue_length,3
153334.488077,5,sched_state,running
153334.488212,4,sched_state,running
153334.488277,5,tick,""
153334.488277,4,tick,""
153334.488286,5,queue_length,1
153334.488288,5,queue_length,0
153334.488437,6,sched_state,running
153334.488688,6,tick,""
153334.488705,6,reduction,""
153334.488707,6,sched_state,running
153334.488940,6,tick,""
153334.488947,6,reduction,""
153334.488949,6,sched_state,running
153334.489128,6,tick,""
153334.489272,4,queue_length,1
153334.489276,4,queue_length,0
153334.489456,0,sched_state,running
153334.489876,0,tick,""
153334.490090,5,sched_state,running
153334.490116,4,channel_blocked,674
153334.490120,6,yield,""
153334.490514,5,tick,""
153334.490626,6,sched_state,running
153334.490639,6,tick,""
153334.490872,6,queue_length,1
153334.490877,6,queue_length,0
153334.491433,6,sched_state,running
153334.491445,4,sched_state,running
153334.491875,6,tick,""
153334.491925,4,tick,""
153334.492995,5,channel_unblocked,703
153334.493007,0,yield,""
153334.493011,0,sched_state,running
153334.493146,4,channel_blocked,674
153334.493149,6,yield,""
153334.493283,0,tick,""
153334.493289,0,reduction,""
153334.493292,0,sched_state,running
153334.493435,0,tick,""
153334.493440,0,reduction,""
153334.493441,0,sched_state,running
153334.493517,6,sched_state,running
153334.493572,0,tick,""
153334.493581,6,tick,""
153334.493591,6,queue_length,1
153334.493594,6,queue_length,0
153334.493736,0,reduction,""
153334.493738,0,sched_state,running
153334.493858,0,tick,""
153334.493862,0,reduction,""
153334.493863,0,sched_state,running
153334.493965,2,channel_blocked,252
153334.493968,5,yield,""
153334.493978,0,tick,""
153334.493981,0,reduction,""
153334.493982,0,sched_state,running
153334.494143,0,tick,""
153334.494147,0,reduction,""
153334.494149,0,sched_state,running
153334.494276,6,sched_state,running
153334.494324,0,tick,""
153334.494330,0,reduction,""
153334.494332,0,sched_state,running
153334.494492,6,tick,""
153334.494504,0,tick,""
153334.494618,0,reduction,""
153334.494620,0,sched_state,running
153334.494709,0,channel_blocked,161
153334.494713,4,yield,""
153334.494739,0,tick,""
153334.494743,0,reduction,""
153334.494744,0,sched_state,running
153334.494818,5,sched_state,running
153334.494857,0,tick,""
153334.494872,0,reduction,""
153334.494874,0,sched_state,running
153334.494926,5,tick,""
153334.494978,0,tick,""
153334.494982,0,reduction,""
153334.494983,0,sched_state,running
153334.495084,0,tick,""
153334.495089,0,reduction,""
153334.495090,0,sched_state,running
153334.495191,0,tick,""
153334.495195,0,reduction,""
153334.495196,0,sched_state,running
153334.495307,0,tick,""
153334.495704,5,queue_length,1
153334.495709,5,queue_length,0
153334.495938,6,channel_unblocked,703
153334.495943,0,yield,""
153334.495945,0,sched_state,running
153334.496062,0,tick,""
153334.496067,0,reduction,""
153334.496068,0,sched_state,running
153334.496183,0,tick,""
153334.496187,0,reduction,""
153334.496188,0,sched_state,running
153334.496198,4,sched_state,running
153334.496292,0,tick,""
153334.496294,0,reduction,""
153334.496295,0,sched_state,running
153334.496399,0,tick,""
153334.496402,0,reduction,""
153334.496403,0,sched_state,running
153334.496501,4,tick,""
153334.496506,0,tick,""
153334.496509,0,reduction,""
153334.496510,4,queue_length,1
153334.496511,0,sched_state,running
153334.496513,4,queue_length,0
153334.496612,0,tick,""
153334.496619,0,queue_length,2
153334.496780,4,channel_blocked,674
153334.496785,6,yield,""
153334.497213,6,sched_state,running
153334.497278,6,tick,""
153334.497287,6,queue_length,1
153334.497289,6,queue_length,0
153334.498124,6,sched_state,running
153334.498224,0,queue_length,2
153334.498382,6,tick,""
153334.498577,4,sched_state,running
153334.499045,4,tick,""
153334.499645,0,sched_state,running
153334.500000,0,tick,""
153334.500798,5,sched_state,running
153334.501363,5,tick,""
153334.501595,1,channel_blocked,231
153334.501599,0,yield,""
153334.502269,0,sched_state,running
153334.502302,0,tick,""
153334.502313,0,queue_length,3
153334.502316,0,queue_length,2
153334.503154,0,sched_state,running
153334.503439,0,tick,""
153334.504619,3,channel_blocked,439
153334.504632,0,yield,""
153334.505390,0,sched_state,running
153334.505387,3,sched_state,running
153334.505470,0,tick,""
153334.505488,0,queue_length,3
153334.505495,0,queue_length,2
153334.505666,2,channel_blocked,252
153334.505670,5,yield,""
153334.505819,0,channel_blocked,161
153334.505822,4,yield,""
153334.506033,3,tick,""
153334.506553,0,sched_state,running
153334.506593,4,channel_blocked,674
153334.506597,6,yield,""
153334.506824,0,tick,""
153334.506841,0,reduction,""
153334.506844,0,sched_state,running
153334.506846,5,sched_state,running
153334.507449,5,tick,""
153334.507455,0,tick,""
153334.507462,5,queue_length,1
153334.507465,0,reduction,""
153334.507468,0,sched_state,running
153334.507468,5,queue_length,0
153334.507706,0,tick,""
153334.507722,6,sched_state,running
153334.507991,4,sched_state,running
153334.508539,4,tick,""
153334.508549,4,queue_length,1
153334.508553,4,queue_length,0
153334.508559,6,tick,""
153334.508588,6,channel_unblocked,87
153334.508595,3,yield,""
153334.508598,3,sched_state,running
153334.508836,3,tick,""
153334.508842,3,reduction,""
153334.508845,3,sched_state,running
153334.508867,6,queue_length,1
153334.508871,6,queue_length,0
153334.508969,5,sched_state,running
153334.509049,3,tick,""
153334.509055,3,reduction,""
153334.509057,3,sched_state,running
153334.509197,5,channel_blocked,703
153334.509200,0,yield,""
153334.509255,3,tick,""
153334.509323,5,tick,""
153334.509437,3,reduction,""
153334.509439,3,sched_state,running
153334.509636,3,tick,""
153334.509643,3,reduction,""
153334.509645,3,sched_state,running
153334.509815,6,sched_state,running
153334.509841,3,tick,""
153334.509863,3,reduction,""
153334.509866,3,sched_state,running
153334.509884,0,sched_state,running
153334.509916,0,tick,""
153334.509926,0,queue_length,3
153334.509929,0,queue_length,2
153334.510030,3,tick,""
153334.510036,3,reduction,""
153334.510037,3,sched_state,running
153334.510191,6,tick,""
153334.510196,3,tick,""
153334.510200,3,reduction,""
153334.510202,3,sched_state,running
153334.510357,3,tick,""
153334.510363,3,reduction,""
153334.510365,3,sched_state,running
153334.510522,3,tick,""
153334.510527,3,reduction,""
153334.510528,3,sched_state,running
153334.510680,3,tick,""
153334.510684,3,reduction,""
153334.510687,3,sched_state,running
153334.510864,3,tick,""
153334.511044,4,sched_state,running
153334.511770,0,sched_state,running
153334.511975,0,channel_unblocked,87
153334.511983,3,yield,""
153334.511985,3,sched_state,running
153334.512153,0,tick,""
153334.512188,3,tick,""
153334.512192,3,reduction,""
153334.512194,3,sched_state,running
153334.512312,4,tick,""
153334.512380,3,tick,""
153334.512384,3,reduction,""
153334.512386,3,sched_state,running
153334.512563,3,tick,""
153334.512567,3,reduction,""
153334.512570,3,sched_state,running
153334.512745,3,tick,""
153334.512750,3,reduction,""
153334.512752,3,sched_state,running
153334.512871,4,channel_blocked,674
153334.512875,6,yield,""
153334.512927,3,tick,""
153334.512932,3,reduction,""
153334.512933,3,sched_state,running
153334.513107,3,tick,""
153334.513126,3,reduction,""
153334.513128,3,sched_state,running
153334.513295,3,tick,""
153334.513301,3,reduction,""
153334.513303,3,sched_state,running
153334.513486,3,tick,""
153334.513544,3,reduction,""
153334.513547,3,sched_state,running
153334.513723,3,tick,""
153334.513828,2,channel_blocked,252
153334.513832,5,yield,""
153334.513897,6,sched_state,running
153334.514041,6,tick,""
153334.514051,6,queue_length,1
153334.514054,6,queue_length,0
153334.514524,5,sched_state,running
153334.514539,5,tick,""
153334.514633,3,queue_length,0
153334.515217,3,sched_state,running
153334.515490,3,tick,""
153334.515521,3,reduction,""
153334.515524,3,sched_state,running
153334.515769,3,tick,""
153334.515774,5,queue_length,1
153334.515777,3,reduction,""
153334.515780,3,sched_state,running
153334.515781,5,queue_length,0
153334.516014,3,tick,""
153334.516270,6,sched_state,running
153334.516497,1,channel_blocked,231
153334.516501,0,yield,""
153334.516680,6,tick,""
153334.517246,6,channel_blocked,87
153334.517253,3,yield,""
153334.517628,5,sched_state,running
153334.517766,0,sched_state,running
153334.517825,0,tick,""
153334.517840,0,queue_length,3
153334.517844,0,queue_length,2
153334.518047,3,sched_state,running
153334.518060,3,tick,""
153334.518254,3,queue_length,1
153334.518257,3,queue_length,0
153334.518651,0,channel_unblocked,161
153334.518660,4,yield,""
153334.518663,4,sched_state,running
153334.518879,4,tick,""
153334.518899,4,reduction,""
153334.518902,4,sched_state,running
153334.518981,5,tick,""
153334.518995,3,sched_state,running
153334.519127,0,sched_state,running
153334.519139,4,channel_blocked,674
153334.519142,6,yield,""
153334.519203,4,tick,""
153334.519208,4,reduction,""
153334.519209,4,sched_state,running
153334.519358,4,tick,""
153334.519441,0,tick,""
153334.519503,4,reduction,""
153334.519505,4,sched_state,running
153334.519561,3,tick,""
153334.519643,4,tick,""
153334.519648,4,reduction,""
153334.519650,4,sched_state,running
153334.519780,4,tick,""
153334.519783,4,reduction,""
153334.519784,4,sched_state,running
153334.519915,4,tick,""
153334.519917,4,reduction,""
153334.519918,4,sched_state,running
153334.520050,4,tick,""
153334.520054,4,reduction,""
153334.520055,4,sched_state,running
153334.520195,4,tick,""
153334.520313,4,reduction,""
153334.520315,4,sched_state,running
153334.520453,4,tick,""
153334.520457,4,reduction,""
153334.520458,4,sched_state,running
153334.520464,6,sched_state,running
153334.520560,6,tick,""
153334.520571,6,queue_length,1
153334.520575,6,queue_length,0
153334.520591,4,tick,""
153334.520604,4,reduction,""
153334.520606,4,sched_state,running
153334.520726,4,tick,""
153334.520737,4,reduction,""
153334.520739,4,sched_state,running
153334.520858,4,tick,""
153334.520862,4,reduction,""
153334.520863,4,sched_state,running
153334.520982,4,tick,""
153334.520987,4,reduction,""
153334.520988,4,sched_state,running
153334.521108,4,tick,""
153334.521224,6,channel_blocked,87
153334.521228,3,yield,""
153334.521820,3,sched_state,running
153334.521878,3,tick,""
153334.521889,3,queue_length,1
153334.521893,3,queue_length,0
153334.521969,1,channel_unblocked,161
153334.521975,4,yield,""
153334.521977,4,sched_state,running
153334.521989,3,channel_blocked,439
153334.521994,0,yield,""
153334.522114,4,tick,""
153334.522118,4,reduction,""
153334.522119,4,sched_state,running
153334.522249,4,tick,""
153334.522254,4,reduction,""
153334.522255,4,sched_state,running
153334.522377,4,tick,""
153334.522380,4,reduction,""
153334.522381,4,sched_state,running
153334.522435,6,sched_state,running
153334.522501,4,tick,""
153334.522505,4,reduction,""
153334.522506,4,sched_state,running
153334.522629,4,tick,""
153334.522632,4,reduction,""
153334.522634,4,sched_state,running
153334.522723,0,sched_state,running
153334.522757,4,tick,""
153334.522766,4,queue_length,0
153334.522790,0,tick,""
153334.522813,3,sched_state,running
153334.522884,6,tick,""
153334.523136,3,tick,""
153334.523382,4,queue_length,0
153334.523773,4,sched_state,running
153334.523975,4,tick,""
153334.523993,4,reduction,""
153334.523996,4,sched_state,running
153334.524005,2,channel_blocked,252
153334.524008,5,yield,""
153334.524170,4,tick,""
153334.524176,4,reduction,""
153334.524177,4,sched_state,running
153334.524340,4,tick,""
153334.525148,0,queue_length,3
153334.525156,0,queue_length,2
153334.525502,0,channel_blocked,161
153334.525505,4,yield,""
153334.525588,5,sched_state,running
153334.525692,5,tick,""
153334.525702,5,queue_length,1
153334.525704,5,queue_length,0
153334.525872,4,sched_state,running
153334.525943,4,tick,""
153334.525949,4,queue_length,1
153334.525951,4,queue_length,0
153334.526215,6,channel_blocked,87
153334.526220,3,yield,""
153334.526238,0,sched_state,running
153334.526539,0,tick,""
153334.526759,4,channel_blocked,674
153334.526763,6,yield,""
153334.527109,4,sched_state,running
153334.527209,5,sched_state,running
153334.527333,4,tick,""
153334.527362,3,sched_state,running
153334.527420,3,tick,""
153334.527431,3,queue_length,1
153334.527435,3,queue_length,0
153334.527941,6,sched_state,running
153334.527969,6,tick,""
153334.528219,5,tick,""
153334.528239,5,channel_blocked,703
153334.528243,0,yield,""
153334.529127,6,queue_length,1
153334.529135,6,queue_length,0
153334.529175,3,sched_state,running
153334.529448,0,sched_state,running
153334.529530,0,queue_length,3
153334.529568,0,tick,""
153334.529582,0,queue_length,2
153334.529601,3,tick,""
153334.529699,0,channel_blocked,161
153334.529702,4,yield,""
153334.530133,4,sched_state,running
153334.530173,4,tick,""
153334.530179,4,queue_length,1
153334.530182,4,queue_length,0
153334.530691,6,sched_state,running
153334.531219,4,sched_state,running
153334.531226,6,tick,""
153334.531272,0,sched_state,running
153334.531546,4,tick,""
153334.531656,2,channel_blocked,252
153334.531660,5,yield,""
153334.532040,0,tick,""
153334.533018,2,sched_state,waiting
153334.533180,2,tick,""
153334.533282,2,sched_state,waiting
153334.533358,2,tick,""
153334.533473,6,channel_blocked,87
153334.533478,3,yield,""
153334.533583,5,sched_state,running
153334.533729,5,tick,""
153334.533741,5,queue_length,1
153334.533745,5,queue_length,0
153334.533753,7,sched_state,waiting
153334.533785,7,tick,""
153334.534113,3,sched_state,running
153334.534169,3,tick,""
153334.534219,0,channel_blocked,161
153334.534222,4,yield,""
153334.534496,3,queue_length,1
153334.534500,3,queue_length,0
153334.534703,4,sched_state,running
153334.534776,4,tick,""
153334.534992,4,queue_length,1
153334.534995,4,queue_length,0
153334.535353,4,channel_blocked,674
153334.535358,6,yield,""
153334.535401,1,channel_unblocked,231
153334.535411,0,yield,""
153334.535414,0,sched_state,running
153334.535515,3,sched_state,running
153334.535730,0,tick,""
153334.535749,0,reduction,""
153334.535751,0,sched_state,running
153334.535761,4,sched_state,running
153334.535942,3,tick,""
153334.536001,0,tick,""
153334.536009,0,reduction,""
153334.536011,0,sched_state,running
153334.536033,4,tick,""
153334.536548,0,tick,""
153334.536654,6,sched_state,running
153334.536679,5,sched_state,running
153334.536767,6,tick,""
153334.536778,6,queue_length,1
153334.536781,6,queue_length,0
153334.536865,0,reduction,""
153334.536869,0,sched_state,running
153334.537090,0,tick,""
153334.537096,0,reduction,""
153334.537097,0,sched_state,running
153334.537284,5,tick,""
153334.537301,0,tick,""
153334.537307,0,reduction,""
153334.537309,0,sched_state,running
153334.537519,0,tick,""
153334.537523,0,reduction,""
153334.537525,0,sched_state,running
153334.537579,0,channel_blocked,161
153334.537581,4,yield,""
153334.537730,0,tick,""
153334.537736,0,reduction,""
153334.537738,0,sched_state,running
153334.537954,0,tick,""
153334.538136,0,reduction,""
153334.538140,0,sched_state,running
153334.538312,6,channel_blocked,87
153334.538315,3,yield,""
153334.538317,4,sched_state,running
153334.538371,0,tick,""
153334.538376,0,reduction,""
153334.538378,0,sched_state,running
153334.538442,6,sched_state,running
153334.538513,4,tick,""
153334.538521,4,queue_length,1
153334.538524,4,queue_length,0
153334.538597,0,tick,""
153334.538618,0,reduction,""
153334.538621,0,sched_state,running
153334.538824,0,tick,""
153334.538826,6,tick,""
153334.538836,0,reduction,""
153334.538838,0,sched_state,running
153334.539046,0,tick,""
153334.539052,0,reduction,""
153334.539054,0,sched_state,running
153334.539150,3,sched_state,running
153334.539244,0,tick,""
153334.539251,0,reduction,""
153334.539252,3,tick,""
153334.539254,0,sched_state,running
153334.539261,3,queue_length,1
153334.539265,3,queue_length,0
153334.539451,0,tick,""
153334.539742,4,sched_state,running
153334.540035,4,tick,""
153334.540875,3,sched_state,running
153334.541157,3,tick,""
153334.542081,2,channel_blocked,252
153334.542090,5,yield,""
153334.542334,0,channel_blocked,161
153334.542337,4,yield,""
153334.542677,2,channel_unblocked,231
153334.542685,0,yield,""
153334.542690,0,sched_state,running
153334.542929,0,tick,""
153334.542935,0,reduction,""
153334.542937,0,sched_state,running
153334.543147,0,tick,""
153334.543152,0,reduction,""
153334.543154,0,sched_state,running
153334.543170,6,channel_blocked,87
153334.543174,3,yield,""
153334.543359,0,tick,""
153334.543362,0,reduction,""
153334.543363,0,sched_state,running
153334.543489,4,channel_blocked,674
153334.543492,6,yield,""
153334.543570,0,tick,""
153334.543574,0,reduction,""
153334.543576,0,sched_state,running
153334.543783,0,tick,""
153334.543788,0,reduction,""
153334.543790,0,sched_state,running
153334.543851,4,sched_state,running
153334.543947,4,tick,""
153334.543956,4,queue_length,1
153334.543959,4,queue_length,0
153334.543994,3,sched_state,running
153334.543997,0,tick,""
153334.544013,2,sched_state,waiting
153334.544020,2,tick,""
153334.544038,3,tick,""
153334.544047,3,queue_length,1
153334.544050,3,queue_length,0
153334.544051,2,sched_state,waiting
153334.544055,2,tick,""
153334.544733,5,sched_state,running
153334.544743,6,sched_state,running
153334.544898,6,tick,""
153334.544916,0,queue_length,2
153334.544940,5,tick,""
153334.544950,5,queue_length,1
153334.544955,5,queue_length,0
153334.544956,4,sched_state,running
153334.545265,4,tick,""
153334.545753,6,queue_length,1
153334.545758,6,queue_length,0
153334.545868,3,sched_state,running
153334.546064,0,sched_state,running
153334.546369,3,tick,""
153334.546606,0,tick,""
153334.547058,0,channel_blocked,161
153334.547061,4,yield,""
153334.547842,6,sched_state,running
153334.548448,4,sched_state,running
153334.548449,6,tick,""
153334.548516,4,tick,""
153334.548660,5,sched_state,running
153334.549173,4,queue_length,1
153334.549178,4,queue_length,0
153334.549370,5,tick,""
153334.550487,4,sched_state,running
153334.550639,6,channel_blocked,87
153334.550644,3,yield,""
153334.550875,4,tick,""
153334.551042,3,channel_blocked,439
153334.551045,0,yield,""
153334.551685,3,sched_state,running
153334.551747,3,tick,""
153334.552139,0,sched_state,running
153334.552189,3,queue_length,1
153334.552194,3,queue_length,0
153334.552197,0,queue_length,3
153334.552198,0,tick,""
153334.552211,0,queue_length,2
153334.553430,3,sched_state,running
153334.554106,3,tick,""
153334.554230,0,sched_state,running
153334.554318,4,channel_blocked,674
153334.554322,6,yield,""
153334.554536,0,tick,""
153334.554758,0,channel_blocked,161
153334.554762,4,yield,""
153334.555720,4,sched_state,running
153334.555739,6,sched_state,running
153334.555887,4,tick,""
153334.555915,4,queue_length,1
153334.555919,4,queue_length,0
153334.555979,6,tick,""
153334.555991,6,queue_length,1
153334.555995,6,queue_length,0
153334.556085,2,channel_unblocked,252
153334.556095,5,yield,""
153334.556097,5,sched_state,running
153334.556728,5,tick,""
153334.556749,5,reduction,""
153334.556752,5,sched_state,running
153334.557040,5,tick,""
153334.557051,5,reduction,""
153334.557054,5,sched_state,running
153334.557262,5,tick,""
153334.557438,5,channel_blocked,703
153334.557443,0,yield,""
153334.557546,5,reduction,""
153334.557550,5,sched_state,running
153334.557582,4,sched_state,running
153334.557766,5,tick,""
153334.557773,5,reduction,""
153334.557773,6,sched_state,running
153334.557775,5,sched_state,running
153334.557968,5,tick,""
153334.557973,5,reduction,""
153334.557974,5,sched_state,running
153334.558027,4,tick,""
153334.558161,5,tick,""
153334.558165,5,reduction,""
153334.558167,5,sched_state,running
153334.558357,5,tick,""
153334.558365,5,reduction,""
153334.558366,5,sched_state,running
153334.558555,5,tick,""
153334.558636,6,tick,""
153334.558736,0,sched_state,running
153334.558826,0,tick,""
153334.558838,0,queue_length,3
153334.558842,0,queue_length,2
153334.558847,5,reduction,""
153334.558850,5,sched_state,running
153334.559058,5,tick,""
153334.559066,5,reduction,""
153334.559069,5,sched_state,running
153334.559222,6,channel_blocked,87
153334.559226,3,yield,""
153334.559256,5,tick,""
153334.559276,5,reduction,""
153334.559279,5,sched_state,running
153334.559455,5,tick,""
153334.559467,5,reduction,""
153334.559469,5,sched_state,running
153334.559641,5,tick,""
153334.559647,5,reduction,""
153334.559648,5,sched_state,running
153334.559819,5,tick,""
153334.559824,5,reduction,""
153334.559826,5,sched_state,running
153334.559997,5,tick,""
153334.560042,0,sched_state,running
153334.560262,3,sched_state,running
153334.560378,0,tick,""
153334.560392,0,reduction,""
153334.560395,0,sched_state,running
153334.560441,3,tick,""
153334.560454,3,queue_length,1
153334.560457,3,queue_length,0
153334.560665,0,tick,""
153334.560671,0,reduction,""
153334.560673,0,sched_state,running
153334.560925,0,tick,""
153334.561125,3,channel_unblocked,252
153334.561135,5,yield,""
153334.561138,5,sched_state,running
153334.561350,5,tick,""
153334.561356,5,reduction,""
153334.561358,5,sched_state,running
153334.561360,0,channel_blocked,161
153334.561363,4,yield,""
153334.561534,5,tick,""
153334.561541,5,reduction,""
153334.561544,5,sched_state,running
153334.561719,5,tick,""
153334.561723,5,reduction,""
153334.561725,5,sched_state,running
153334.561856,4,channel_blocked,674
153334.561858,6,yield,""
153334.561899,5,tick,""
153334.561904,5,reduction,""
153334.561905,5,sched_state,running
153334.562077,5,tick,""
153334.562081,5,reduction,""
153334.562083,5,sched_state,running
153334.562187,4,sched_state,running
153334.562249,5,tick,""
153334.562262,5,queue_length,0
153334.562339,4,tick,""
153334.563083,3,sched_state,running
153334.563148,1,channel_blocked,231
153334.563155,0,yield,""
153334.563570,3,tick,""
153334.563723,4,queue_length,1
153334.563729,4,queue_length,0
153334.563768,5,queue_length,0
153334.563893,6,sched_state,running
153334.564025,6,tick,""
153334.564037,6,queue_length,1
153334.564040,6,queue_length,0
153334.564078,0,sched_state,running
153334.564086,0,queue_length,3
153334.564105,0,tick,""
153334.564129,0,queue_length,2
153334.564362,5,sched_state,running
153334.564625,5,tick,""
153334.564647,5,reduction,""
153334.564649,5,sched_state,running
153334.564885,5,tick,""
153334.564892,5,reduction,""
153334.564893,5,sched_state,running
153334.565127,5,tick,""
153334.565644,0,sched_state,running
153334.566041,0,tick,""
153334.566383,4,sched_state,running
153334.566863,6,sched_state,running
153334.567348,6,tick,""
153334.567383,2,channel_blocked,252
153334.567387,5,yield,""
153334.568013,1,sched_state,waiting
153334.568168,1,tick,""
153334.568215,4,tick,""
153334.568312,1,sched_state,waiting
153334.568374,1,tick,""
153334.568438,5,sched_state,running
153334.568545,5,tick,""
153334.568556,5,queue_length,1
153334.568559,5,queue_length,0
153334.568736,6,channel_blocked,87
153334.568740,3,yield,""
153334.569474,3,channel_unblocked,439
153334.569488,0,yield,""
153334.569492,0,sched_state,running
153334.569635,3,sched_state,running
153334.569793,0,tick,""
153334.569809,0,reduction,""
153334.569811,0,sched_state,running
153334.570192,3,tick,""
153334.570649,5,sched_state,running
153334.570729,0,tick,""
153334.570739,0,reduction,""
153334.570741,0,sched_state,running
153334.570961,5,tick,""
153334.571067,3,queue_length,1
153334.571071,3,queue_length,0
153334.571221,4,channel_blocked,674
153334.571226,6,yield,""
153334.571292,0,tick,""
153334.571509,0,reduction,""
153334.571516,0,sched_state,running
153334.571725,0,tick,""
153334.571733,0,reduction,""
153334.571735,0,sched_state,running
153334.571940,0,tick,""
153334.571944,0,reduction,""
153334.571945,0,sched_state,running
153334.572155,0,tick,""
153334.572159,0,reduction,""
153334.572160,0,sched_state,running
153334.572374,0,tick,""
153334.572382,0,reduction,""
153334.572385,0,sched_state,running
153334.572532,3,sched_state,running
153334.572568,0,tick,""
153334.572819,0,reduction,""
153334.572822,0,sched_state,running
153334.573003,0,tick,""
153334.573014,0,reduction,""
153334.573015,0,sched_state,running
153334.573126,3,tick,""
153334.573191,0,tick,""
153334.573211,0,reduction,""
153334.573213,0,sched_state,running
153334.573412,0,tick,""
153334.573424,0,reduction,""
153334.573426,0,sched_state,running
153334.573627,0,tick,""
153334.573633,0,reduction,""
153334.573635,0,sched_state,running
153334.573671,6,sched_state,running
153334.573740,6,tick,""
153334.573753,6,queue_length,1
153334.573757,6,queue_length,0
153334.573820,0,tick,""
153334.573826,0,reduction,""
153334.573828,0,sched_state,running
153334.573887,2,channel_blocked,252
153334.573891,5,yield,""
153334.574011,0,tick,""
153334.574879,5,sched_state,running
153334.574983,5,tick,""
153334.574995,5,queue_length,1
153334.575000,5,queue_length,0
153334.575534,4,channel_unblocked,439
153334.575547,0,yield,""
153334.575550,0,sched_state,running
153334.575722,0,tick,""
153334.575729,0,reduction,""
153334.575731,0,sched_state,running
153334.575941,0,tick,""
153334.575948,0,reduction,""
153334.575951,0,sched_state,running
153334.576097,0,tick,""
153334.576101,0,reduction,""
153334.576102,0,sched_state,running
153334.576314,0,tick,""
153334.576320,0,reduction,""
153334.576322,0,sched_state,running
153334.576357,5,sched_state,running
153334.576530,0,tick,""
153334.576536,0,reduction,""
153334.576538,0,sched_state,running
153334.576751,0,tick,""
153334.576781,5,tick,""
153334.576785,0,queue_length,1
153334.576882,0,channel_blocked,161
153334.576888,4,yield,""
153334.577228,6,sched_state,running
153334.577294,6,channel_blocked,87
153334.577299,3,yield,""
153334.577967,6,tick,""
153334.578449,3,sched_state,running
153334.578787,3,tick,""
153334.578800,3,queue_length,1
153334.578806,3,queue_length,0
153334.579265,4,sched_state,running
153334.579372,4,tick,""
153334.579381,4,queue_length,1
153334.579384,4,queue_length,0
153334.580421,3,sched_state,running
153334.580538,0,queue_length,1
153334.580849,2,channel_blocked,252
153334.580854,5,yield,""
153334.580919,4,sched_state,running
153334.581563,5,sched_state,running
153334.581576,3,tick,""
153334.581655,5,tick,""
153334.581970,5,queue_length,1
153334.581978,5,queue_length,0
153334.581990,4,tick,""
153334.582806,0,sched_state,running
153334.583051,5,sched_state,running
153334.583374,0,tick,""
153334.583472,5,tick,""
153334.585484,1,channel_blocked,231
153334.585504,0,yield,""
153334.586488,0,sched_state,running
153334.586533,0,tick,""
153334.586551,0,queue_length,2
153334.586557,0,queue_length,1
153334.588172,0,channel_blocked,161
153334.588183,4,yield,""
153334.588797,0,sched_state,running
153334.589053,6,channel_blocked,87
153334.589058,3,yield,""
153334.589739,2,channel_blocked,252
153334.589744,0,tick,""
153334.589744,5,yield,""
153334.589769,0,reduction,""
153334.589772,0,sched_state,running
153334.590014,4,channel_unblocked,674
153334.590023,6,yield,""
153334.590028,6,sched_state,running
153334.590316,4,sched_state,running
153334.590471,0,tick,""
153334.590481,0,reduction,""
153334.590484,0,sched_state,running
153334.590563,5,sched_state,running
153334.590722,0,tick,""
153334.590789,1,sched_state,running
153334.591032,4,tick,""
153334.591042,4,queue_length,1
153334.591046,4,queue_length,0
153334.591381,5,tick,""
153334.591392,5,queue_length,1
153334.591396,5,queue_length,0
153334.591543,6,tick,""
153334.591749,6,reduction,""
153334.591752,1,tick,""
153334.591753,6,sched_state,running
153334.592179,6,tick,""
153334.592187,6,reduction,""
153334.592189,6,sched_state,running
153334.592228,3,sched_state,running
153334.592777,6,tick,""
153334.593157,3,tick,""
153334.593167,3,queue_length,1
153334.593171,3,queue_length,0
153334.593200,3,channel_blocked,439
153334.593204,0,yield,""
153334.593233,6,reduction,""
153334.593237,6,sched_state,running
153334.593406,5,sched_state,running
153334.593461,6,tick,""
153334.593467,6,reduction,""
153334.593469,6,sched_state,running
153334.593619,4,sched_state,running
153334.593664,6,tick,""
153334.593669,6,reduction,""
153334.593670,6,sched_state,running
153334.593824,5,tick,""
153334.593851,6,tick,""
153334.593855,6,reduction,""
153334.593856,6,sched_state,running
153334.594069,6,tick,""
153334.594075,6,reduction,""
153334.594077,6,sched_state,running
153334.594290,6,tick,""
153334.594328,0,sched_state,running
153334.594359,0,tick,""
153334.594369,0,queue_length,2
153334.594373,0,queue_length,1
153334.594462,6,reduction,""
153334.594465,6,sched_state,running
153334.594663,6,tick,""
153334.594668,6,reduction,""
153334.594670,6,sched_state,running
153334.594863,6,tick,""
153334.594883,6,reduction,""
153334.594885,6,sched_state,running
153334.594907,4,tick,""
153334.595061,6,tick,""
153334.595073,6,reduction,""
153334.595075,6,sched_state,running
153334.595233,6,tick,""
153334.595240,6,reduction,""
153334.595242,6,sched_state,running
153334.595434,6,tick,""
153334.595439,6,reduction,""
153334.595442,6,sched_state,running
153334.595646,6,tick,""
153334.595771,3,sched_state,running
153334.596593,5,channel_blocked,703
153334.596600,1,yield,""
153334.596660,0,sched_state,running
153334.596739,2,channel_blocked,252
153334.596743,5,yield,""
153334.596751,5,channel_unblocked,674
153334.596758,6,yield,""
153334.596761,6,sched_state,running
153334.596931,6,tick,""
153334.596936,6,reduction,""
153334.596937,6,sched_state,running
153334.596983,3,tick,""
153334.597121,6,tick,""
153334.597127,6,reduction,""
153334.597129,6,sched_state,running
153334.597320,6,tick,""
153334.597324,6,reduction,""
153334.597325,6,sched_state,running
153334.597459,0,tick,""
153334.597489,1,sched_state,running
153334.597516,6,tick,""
153334.597521,6,reduction,""
153334.597523,6,sched_state,running
153334.597576,1,tick,""
153334.597696,5,sched_state,running
153334.597718,6,tick,""
153334.597722,6,reduction,""
153334.597724,6,sched_state,running
153334.597858,5,tick,""
153334.597868,5,queue_length,1
153334.597871,5,queue_length,0
153334.597903,6,tick,""
153334.597913,1,queue_length,1
153334.597917,1,queue_length,0
153334.599111,1,sched_state,running
153334.599740,6,queue_length,0
153334.600225,1,tick,""
153334.600271,6,sched_state,running
153334.600604,6,tick,""
153334.600664,6,reduction,""
153334.600668,6,sched_state,running
153334.600774,5,sched_state,running
153334.600947,6,tick,""
153334.600956,6,reduction,""
153334.600959,6,sched_state,running
153334.601100,0,channel_blocked,161
153334.601104,4,yield,""
153334.601227,6,tick,""
153334.601329,5,tick,""
153334.601561,6,channel_blocked,87
153334.601564,3,yield,""
153334.602139,1,channel_blocked,231
153334.602146,0,yield,""
153334.603029,3,sched_state,running
153334.603260,3,tick,""
153334.603274,3,queue_length,1
153334.603279,3,queue_length,0
153334.603399,5,channel_unblocked,703
153334.603409,1,yield,""
153334.603412,1,sched_state,running
153334.603442,4,channel_blocked,674
153334.603442,0,sched_state,running
153334.603446,6,yield,""
153334.603561,0,tick,""
153334.603572,0,queue_length,2
153334.603576,0,queue_length,1
153334.603797,4,sched_state,running
153334.603925,4,tick,""
153334.603935,4,queue_length,1
153334.603938,4,queue_length,0
153334.604046,1,tick,""
153334.604064,1,reduction,""
153334.604066,1,sched_state,running
153334.604441,6,sched_state,running
153334.604515,1,tick,""
153334.604523,1,reduction,""
153334.604525,1,sched_state,running
153334.604608,6,tick,""
153334.604619,6,queue_length,1
153334.604622,6,queue_length,0
153334.604764,0,sched_state,running
153334.605045,1,tick,""
153334.605073,0,tick,""
153334.605412,1,reduction,""
153334.605416,1,sched_state,running
153334.605459,2,channel_blocked,252
153334.605463,5,yield,""
153334.605646,1,tick,""
153334.605653,1,reduction,""
153334.605654,1,sched_state,running
153334.605856,1,tick,""
153334.605860,1,reduction,""
153334.605862,1,sched_state,running
153334.606056,1,tick,""
153334.606059,1,reduction,""
153334.606061,1,sched_state,running
153334.606170,3,sched_state,running
153334.606269,1,tick,""
153334.606279,1,reduction,""
153334.606281,1,sched_state,running
153334.606508,1,tick,""
153334.606670,5,sched_state,running
153334.606691,3,tick,""
153334.606712,6,sched_state,running
153334.606828,5,tick,""
153334.606904,1,reduction,""
153334.606908,1,sched_state,running
153334.607059,6,tick,""
153334.607153,1,tick,""
153334.607159,1,reduction,""
153334.607160,1,sched_state,running
153334.607257,5,queue_length,1
153334.607262,5,queue_length,0
153334.607380,1,tick,""
153334.607404,1,reduction,""
153334.607406,1,sched_state,running
153334.607597,1,tick,""
153334.607611,1,reduction,""
153334.607612,1,sched_state,running
153334.607808,1,tick,""
153334.607814,1,reduction,""
153334.607816,1,sched_state,running
153334.608022,1,tick,""
153334.608029,1,reduction,""
153334.608031,1,sched_state,running
153334.608242,1,tick,""
153334.608303,4,sched_state,running
153334.608755,5,sched_state,running
153334.609028,3,channel_blocked,439
153334.609033,0,yield,""
153334.609264,4,tick,""
153334.609292,5,tick,""
153334.609922,0,sched_state,running
153334.609986,0,tick,""
153334.610706,4,channel_blocked,674
153334.610714,6,yield,""
153334.611654,0,queue_length,2
153334.611665,0,queue_length,1
153334.611682,6,channel_blocked,87
153334.611682,6,channel_unblocked,703
153334.611688,3,yield,""
153334.611691,1,yield,""
153334.611695,1,sched_state,running
153334.611702,6,sched_state,running
153334.611861,1,tick,""
153334.611868,1,reduction,""
153334.611871,1,sched_state,running
153334.611878,6,tick,""
153334.611887,6,queue_length,1
153334.611890,6,queue_length,0
153334.612047,1,tick,""
153334.612054,1,reduction,""
153334.612056,1,sched_state,running
153334.612248,1,tick,""
153334.612252,1,reduction,""
153334.612254,1,sched_state,running
153334.612448,1,tick,""
153334.612453,1,reduction,""
153334.612456,1,sched_state,running
153334.612617,1,tick,""
153334.612623,1,reduction,""
153334.612625,1,sched_state,running
153334.612816,1,tick,""
153334.613279,6,sched_state,running
153334.613414,3,sched_state,running
153334.613479,3,tick,""
153334.613779,6,tick,""
153334.613997,0,sched_state,running
153334.614067,1,queue_length,0
153334.614219,2,channel_blocked,252
153334.614226,5,yield,""
153334.614419,0,tick,""
153334.614522,3,queue_length,1
153334.614526,3,queue_length,0
153334.614637,1,sched_state,running
153334.614899,1,tick,""
153334.614915,1,reduction,""
153334.614918,1,sched_state,running
153334.615181,1,tick,""
153334.615187,1,reduction,""
153334.615190,1,sched_state,running
153334.615473,1,tick,""
153334.615624,5,sched_state,running
153334.615788,5,tick,""
153334.615802,5,queue_length,1
153334.615807,5,queue_length,0
153334.616191,0,channel_blocked,161
153334.616195,4,yield,""
153334.616241,3,sched_state,running
153334.616695,3,tick,""
153334.617227,1,channel_blocked,231
153334.617234,0,yield,""
153334.617418,5,channel_blocked,703
153334.617422,1,yield,""
153334.618093,1,sched_state,running
153334.618190,1,tick,""
153334.618212,1,queue_length,1
153334.618218,1,queue_length,0
153334.618251,4,sched_state,running
153334.618440,4,tick,""
153334.618880,5,sched_state,running
153334.619084,4,channel_blocked,674
153334.619089,6,yield,""
153334.619137,0,sched_state,running
153334.619304,0,queue_length,2
153334.619371,0,tick,""
153334.619384,0,queue_length,1
153334.619453,5,tick,""
153334.619728,1,sched_state,running
153334.619990,6,sched_state,running
153334.619998,4,queue_length,1
153334.620004,4,queue_length,0
153334.620031,6,tick,""
153334.620060,1,tick,""
153334.620425,6,queue_length,1
153334.620429,6,queue_length,0
153334.621083,6,channel_unblocked,87
153334.621095,3,yield,""
153334.621102,3,sched_state,running
153334.621171,0,sched_state,running
153334.621649,0,tick,""
153334.622076,3,tick,""
153334.622088,6,sched_state,running
153334.622093,3,reduction,""
153334.622097,3,sched_state,running
153334.622259,3,tick,""
153334.622265,3,reduction,""
153334.622266,3,sched_state,running
153334.622381,6,tick,""
153334.622411,3,tick,""
153334.622686,3,reduction,""
153334.622689,3,sched_state,running
153334.622844,3,tick,""
153334.622850,3,reduction,""
153334.622851,3,sched_state,running
153334.622999,3,tick,""
153334.623014,3,reduction,""
153334.623017,3,sched_state,running
153334.623180,3,tick,""
153334.623193,3,reduction,""
153334.623197,3,sched_state,running
153334.623415,3,tick,""
153334.623422,3,reduction,""
153334.623425,3,sched_state,running
153334.623570,5,channel_blocked,703
153334.623573,1,yield,""
153334.623594,4,sched_state,running
153334.623640,3,tick,""
153334.623647,3,reduction,""
153334.623649,3,sched_state,running
153334.623860,3,tick,""
153334.623865,3,reduction,""
153334.623866,3,sched_state,running
153334.624055,3,tick,""
153334.624064,3,reduction,""
153334.624067,3,sched_state,running
153334.624226,3,tick,""
153334.624373,4,tick,""
153334.624382,1,sched_state,running
153334.624538,4,channel_blocked,674
153334.624541,6,yield,""
153334.624759,1,tick,""
153334.624767,1,queue_length,1
153334.624772,1,queue_length,0
153334.625661,0,channel_unblocked,87
153334.625669,3,yield,""
153334.625673,3,sched_state,running
153334.625849,3,tick,""
153334.625855,3,reduction,""
153334.625857,3,sched_state,running
153334.625913,6,sched_state,running
153334.626004,3,tick,""
153334.626009,3,reduction,""
153334.626011,3,sched_state,running
153334.626022,6,tick,""
153334.626033,6,queue_length,1
153334.626037,6,queue_length,0
153334.626057,1,sched_state,running
153334.626147,3,tick,""
153334.626150,3,reduction,""
153334.626151,3,sched_state,running
153334.626273,3,tick,""
153334.626278,3,sched_state,stop
