timestamp,lpu,event,value
153334.051098,5,sched_state,startup
153334.051134,2,sched_state,startup
153334.051135,4,sched_state,startup
153334.051134,7,sched_state,startup
153334.051134,3,sched_state,startup
153334.051138,6,sched_state,startup
153334.051592,0,sched_state,startup
153334.051644,5,tick,""
153334.051668,4,tick,""
153334.051678,4,queue_length,0
153334.051684,4,sched_state,waiting
153334.051683,5,queue_length,0
153334.051690,5,sched_state,waiting
153334.051694,4,tick,""
153334.051693,7,tick,""
153334.051697,3,tick,""
153334.051699,5,tick,""
153334.051703,3,queue_length,0
153334.051703,7,queue_length,0
153334.051708,3,sched_state,waiting
153334.051708,7,sched_state,waiting
153334.051720,7,tick,""
153334.051720,3,tick,""
153334.051726,6,tick,""
153334.051725,2,tick,""
153334.051735,5,sched_state,waiting
153334.051736,2,queue_length,0
153334.051737,6,queue_length,0
153334.051742,2,sched_state,waiting
153334.051742,5,tick,""
153334.051742,6,sched_state,waiting
153334.051756,6,tick,""
153334.051755,7,sched_state,waiting
153334.051755,3,sched_state,waiting
153334.051755,2,tick,""
153334.051766,7,tick,""
153334.051766,3,tick,""
153334.051772,7,sched_state,waiting
153334.051773,4,sched_state,waiting
153334.051775,1,sched_state,startup
153334.051777,7,tick,""
153334.051779,4,tick,""
153334.051788,6,sched_state,waiting
153334.051789,2,sched_state,waiting
153334.051799,6,tick,""
153334.051799,2,tick,""
153334.051804,6,sched_state,waiting
153334.051804,2,sched_state,waiting
153334.051811,6,tick,""
153334.051811,2,tick,""
153334.051814,6,sched_state,waiting
153334.051819,6,tick,""
153334.051839,6,sched_state,waiting
153334.051843,6,tick,""
153334.051857,6,sched_state,waiting
153334.051868,6,tick,""
153334.051967,1,tick,""
153334.051974,1,queue_length,0
153334.051979,1,sched_state,waiting
153334.051980,0,tick,""
153334.051992,1,tick,""
153334.052024,1,sched_state,waiting
153334.052032,1,tick,""
153334.052036,1,sched_state,waiting
153334.052040,1,tick,""
153334.052073,0,queue_length,1
153334.052080,0,queue_length,0
153334.052300,0,sched_state,running
153334.052413,0,tick,""
153334.052420,0,reduction,""
153334.052422,0,sched_state,running
153334.052562,0,tick,""
153334.052567,0,reduction,""
153334.052569,0,sched_state,running
153334.052632,0,tick,""
153334.052634,0,reduction,""
153334.052636,0,sched_state,running
153334.052696,0,tick,""
153334.052699,0,reduction,""
153334.052700,0,sched_state,running
153334.052761,0,tick,""
153334.052763,0,reduction,""
153334.052764,0,sched_state,running
153334.052824,0,tick,""
153334.052827,0,reduction,""
153334.052828,0,sched_state,running
153334.052889,0,tick,""
153334.052903,0,reduction,""
153334.052908,0,sched_state,running
153334.053369,0,tick,""
153334.053428,0,reduction,""
153334.053437,0,sched_state,running
153334.053641,0,tick,""
153334.053645,0,reduction,""
153334.053647,0,sched_state,running
153334.053750,0,tick,""
153334.055175,0,reduction,""
153334.055189,0,sched_state,running
153334.055312,0,tick,""
153334.055317,0,reduction,""
153334.055319,0,sched_state,running
153334.055427,0,tick,""
153334.055433,0,reduction,""
153334.055435,0,sched_state,running
153334.055537,0,tick,""
153334.055762,0,reduction,""
153334.055766,0,sched_state,running
153334.055825,0,tick,""
153334.055829,0,reduction,""
153334.055830,0,sched_state,running
153334.055880,0,tick,""
153334.055883,0,reduction,""
153334.055884,0,sched_state,running
153334.055933,0,tick,""
153334.055936,0,reduction,""
153334.055937,0,sched_state,running
153334.055986,0,tick,""
153334.055990,0,reduction,""
153334.055991,0,sched_state,running
153334.056038,0,tick,""
153334.056041,0,reduction,""
153334.056042,0,sched_state,running
153334.056089,0,tick,""
153334.056093,0,reduction,""
153334.056094,0,sched_state,running
153334.056148,0,tick,""
153334.056152,0,reduction,""
153334.056153,0,sched_state,running
153334.056199,0,tick,""
153334.056470,0,queue_length,0
153334.056930,0,sched_state,running
153334.057155,0,tick,""
153334.057165,0,reduction,""
153334.057167,0,sched_state,running
153334.057219,0,tick,""
153334.057223,0,reduction,""
153334.057224,0,sched_state,running
153334.057275,0,tick,""
153334.057280,0,reduction,""
153334.057281,0,sched_state,running
153334.057330,0,tick,""
153334.057377,0,reduction,""
153334.057378,0,sched_state,running
153334.057440,0,tick,""
153334.057446,0,reduction,""
153334.057448,0,sched_state,running
153334.057519,0,tick,""
153334.057526,0,reduction,""
153334.057528,0,sched_state,running
153334.057607,0,tick,""
153334.057614,0,reduction,""
153334.057616,0,sched_state,running
153334.057690,0,tick,""
153334.057707,0,reduction,""
153334.057709,0,sched_state,running
153334.057785,0,tick,""
153334.057793,0,reduction,""
153334.057795,0,sched_state,running
153334.057873,0,tick,""
153334.057886,0,reduction,""
153334.057888,0,sched_state,running
153334.057965,0,tick,""
153334.057970,0,spawn,""
153334.057973,0,reduction,""
153334.057974,0,sched_state,running
153334.059211,0,tick,""
153334.059226,0,queue_length,1
153334.059235,0,reduction,""
153334.059243,0,sched_state,running
153334.059548,0,tick,""
153334.059576,0,reduction,""
153334.059585,0,sched_state,running
153334.060096,0,tick,""
153334.060173,0,reduction,""
153334.060180,0,sched_state,running
153334.060368,0,tick,""
153334.060373,0,reduction,""
153334.060375,0,sched_state,running
153334.060500,0,tick,""
153334.060513,0,reduction,""
153334.060515,0,sched_state,running
153334.060595,0,tick,""
153334.060649,0,reduction,""
153334.060652,0,sched_state,running
153334.060732,0,tick,""
153334.060749,0,reduction,""
153334.060751,0,sched_state,running
153334.060899,0,tick,""
153334.060909,0,reduction,""
153334.060911,0,sched_state,running
153334.060996,0,tick,""
153334.061003,0,reduction,""
153334.061005,0,sched_state,running
153334.061153,0,tick,""
153334.061774,0,queue_length,1
153334.062064,0,sched_state,running
153334.062184,0,tick,""
153334.062188,0,reduction,""
153334.062189,0,sched_state,running
153334.062304,0,tick,""
153334.062309,0,reduction,""
153334.062310,0,sched_state,running
153334.062421,0,tick,""
153334.062424,0,reduction,""
153334.062428,0,sched_state,running
153334.062539,0,tick,""
153334.062543,0,reduction,""
153334.062545,0,sched_state,running
153334.062653,0,tick,""
153334.062657,0,reduction,""
153334.062658,0,sched_state,running
153334.062767,0,tick,""
153334.062771,0,reduction,""
153334.062772,0,sched_state,running
153334.062880,0,tick,""
153334.064275,0,channel_blocked,162
153334.064278,0,yield,""
153334.064598,0,sched_state,running
153334.064609,0,tick,""
153334.064993,0,queue_length,2
153334.064997,0,queue_length,1
153334.065018,7,sched_state,waiting
153334.065018,3,sched_state,waiting
153334.065022,2,sched_state,waiting
153334.065029,7,tick,""
153334.065030,3,tick,""
153334.065030,2,tick,""
153334.065040,4,sched_state,waiting
153334.065048,4,tick,""
153334.065049,5,sched_state,waiting
153334.065061,5,tick,""
153334.065071,3,sched_state,waiting
153334.065071,7,sched_state,waiting
153334.065077,2,sched_state,waiting
153334.065078,3,tick,""
153334.065078,7,tick,""
153334.065084,3,sched_state,waiting
153334.065087,5,sched_state,waiting
153334.065084,2,tick,""
153334.065101,3,tick,""
153334.065101,2,sched_state,waiting
153334.065105,5,tick,""
153334.065107,3,sched_state,waiting
153334.065112,3,tick,""
153334.065116,3,sched_state,waiting
153334.065116,2,tick,""
153334.065119,3,tick,""
153334.065338,6,sched_state,waiting
153334.065346,6,tick,""
153334.065349,6,sched_state,waiting
153334.065353,6,tick,""
153334.065377,6,sched_state,waiting
153334.065381,6,tick,""
153334.065448,0,sched_state,running
153334.065657,0,tick,""
153334.065678,0,reduction,""
153334.065680,0,sched_state,running
153334.065888,0,tick,""
153334.065897,0,reduction,""
153334.065899,0,sched_state,running
153334.066097,0,tick,""
153334.066114,0,reduction,""
153334.066116,0,sched_state,running
153334.066205,0,tick,""
153334.066210,0,spawn,""
153334.066212,0,reduction,""
153334.066213,0,sched_state,running
153334.066626,0,tick,""
153334.066627,0,queue_length,2
153334.066631,0,reduction,""
153334.066633,0,sched_state,running
153334.066708,0,tick,""
153334.066712,0,reduction,""
153334.066714,0,sched_state,running
153334.066775,0,tick,""
153334.066784,0,reduction,""
153334.066786,0,sched_state,running
153334.066867,0,tick,""
153334.066872,0,reduction,""
153334.066874,0,sched_state,running
153334.066953,0,tick,""
153334.066964,0,reduction,""
153334.066966,0,sched_state,running
153334.067050,0,tick,""
153334.067104,0,reduction,""
153334.067114,0,sched_state,running
153334.067196,0,tick,""
153334.067207,0,reduction,""
153334.067209,0,sched_state,running
153334.067288,0,tick,""
153334.067295,0,reduction,""
153334.067296,0,sched_state,running
153334.067377,0,tick,""
153334.067388,0,reduction,""
153334.067389,0,sched_state,running
153334.067472,0,tick,""
153334.067487,0,reduction,""
153334.067489,0,sched_state,running
153334.067573,0,tick,""
153334.067586,0,reduction,""
153334.067588,0,sched_state,running
153334.067656,0,tick,""
153334.067666,0,reduction,""
153334.067667,0,sched_state,running
153334.067720,0,tick,""
153334.067723,0,spawn,""
153334.067724,0,reduction,""
153334.067725,0,sched_state,running
153334.067999,0,tick,""
153334.068010,0,reduction,""
153334.068012,0,sched_state,running
153334.068024,0,queue_length,3
153334.068068,0,tick,""
153334.068072,0,reduction,""
153334.068073,0,sched_state,running
153334.068141,0,tick,""
153334.068148,0,reduction,""
153334.068149,0,sched_state,running
153334.068202,0,tick,""
153334.068353,0,queue_length,3
153334.068975,0,sched_state,running
153334.069259,0,tick,""
153334.070462,0,channel_blocked,162
153334.070465,0,yield,""
153334.070912,0,sched_state,running
153334.070925,0,tick,""
153334.070931,0,queue_length,4
153334.070934,0,queue_length,3
153334.071316,0,sched_state,running
153334.071458,0,tick,""
153334.071461,0,reduction,""
153334.071462,0,sched_state,running
153334.071598,0,tick,""
153334.071602,0,reduction,""
153334.071603,0,sched_state,running
153334.071734,0,tick,""
153334.071737,0,reduction,""
153334.071739,0,sched_state,running
153334.071819,0,tick,""
153334.071822,0,reduction,""
153334.071823,0,sched_state,running
153334.071900,0,tick,""
153334.071903,0,reduction,""
153334.071904,0,sched_state,running
153334.071981,0,tick,""
153334.071984,0,reduction,""
153334.071985,0,sched_state,running
153334.072060,0,tick,""
153334.073330,1,channel_blocked,291
153334.073333,0,yield,""
153334.073675,0,sched_state,running
153334.073688,0,tick,""
153334.074440,0,queue_length,4
153334.074451,0,queue_length,3
153334.074857,0,sched_state,running
153334.074999,0,tick,""
153334.075002,0,reduction,""
153334.075003,0,sched_state,running
153334.075139,0,tick,""
153334.075143,0,reduction,""
153334.075144,0,sched_state,running
153334.075276,0,tick,""
153334.075279,0,reduction,""
153334.075280,0,sched_state,running
153334.075360,0,tick,""
153334.075363,0,reduction,""
153334.075364,0,sched_state,running
153334.075443,0,tick,""
153334.075445,0,reduction,""
153334.075447,0,sched_state,running
153334.075524,0,tick,""
153334.075527,0,reduction,""
153334.075528,0,sched_state,running
153334.075606,0,tick,""
153334.076017,2,sched_state,waiting
153334.076026,4,sched_state,waiting
153334.076025,1,sched_state,waiting
153334.076026,5,sched_state,waiting
153334.076028,2,tick,""
153334.076032,4,tick,""
153334.076034,5,tick,""
153334.076036,1,tick,""
153334.076057,4,sched_state,waiting
153334.076061,4,tick,""
153334.076062,5,sched_state,waiting
153334.076064,2,sched_state,waiting
153334.076065,1,sched_state,waiting
153334.076066,5,tick,""
153334.076070,2,tick,""
153334.076074,1,tick,""
153334.076076,2,sched_state,waiting
153334.076080,1,sched_state,waiting
153334.076080,2,tick,""
153334.076084,1,tick,""
153334.076223,7,sched_state,waiting
153334.076239,7,tick,""
153334.076244,7,sched_state,waiting
153334.076251,7,tick,""
153334.076256,7,sched_state,waiting
153334.076260,7,tick,""
153334.076262,7,sched_state,waiting
153334.076265,7,tick,""
153334.076283,7,sched_state,waiting
153334.076287,7,tick,""
153334.077027,2,channel_blocked,321
153334.077033,0,yield,""
153334.077653,0,sched_state,running
153334.077661,0,queue_length,4
153334.077752,0,tick,""
153334.077775,0,queue_length,3
153334.078093,0,sched_state,running
153334.078194,0,tick,""
153334.078199,0,reduction,""
153334.078201,0,sched_state,running
153334.078293,0,tick,""
153334.078311,0,reduction,""
153334.078313,0,sched_state,running
153334.078441,0,tick,""
153334.078514,0,reduction,""
153334.078518,0,sched_state,running
153334.078603,0,tick,""
153334.078615,0,reduction,""
153334.078618,0,sched_state,running
153334.078700,0,tick,""
153334.078707,0,reduction,""
153334.078709,0,sched_state,running
153334.078794,0,tick,""
153334.078800,0,reduction,""
153334.078803,0,sched_state,running
153334.078885,0,tick,""
153334.078904,0,reduction,""
153334.078907,0,sched_state,running
153334.078992,0,tick,""
153334.078997,0,reduction,""
153334.079000,0,sched_state,running
153334.079084,0,tick,""
153334.079100,0,reduction,""
153334.079103,0,sched_state,running
153334.079189,0,tick,""
153334.079194,0,spawn,""
153334.079195,0,reduction,""
153334.079197,0,sched_state,running
153334.079621,0,tick,""
153334.079631,0,queue_length,4
153334.079634,0,reduction,""
153334.079638,0,sched_state,running
153334.079808,0,tick,""
153334.079813,0,reduction,""
153334.079814,0,sched_state,running
153334.079910,0,tick,""
153334.079919,0,reduction,""
153334.079921,0,sched_state,running
153334.079997,0,tick,""
153334.080001,0,reduction,""
153334.080003,0,sched_state,running
153334.080080,0,tick,""
153334.080092,0,reduction,""
153334.080094,0,sched_state,running
153334.080182,0,tick,""
153334.080186,0,reduction,""
153334.080188,0,sched_state,running
153334.080262,0,tick,""
153334.080267,0,reduction,""
153334.080269,0,sched_state,running
153334.080341,0,tick,""
153334.080367,0,reduction,""
153334.080369,0,sched_state,running
153334.080462,0,tick,""
153334.080466,0,reduction,""
153334.080469,0,sched_state,running
153334.080546,0,tick,""
153334.080562,0,reduction,""
153334.080564,0,sched_state,running
153334.080647,0,tick,""
153334.080856,0,queue_length,4
153334.081815,0,sched_state,running
153334.082131,0,tick,""
153334.083291,0,channel_blocked,162
153334.083294,0,yield,""
153334.083794,0,sched_state,running
153334.083811,0,tick,""
153334.083818,0,queue_length,5
153334.083822,0,queue_length,4
153334.084607,0,sched_state,running
153334.084783,0,tick,""
153334.085889,1,channel_blocked,291
153334.085893,0,yield,""
153334.086202,0,sched_state,running
153334.086235,0,tick,""
153334.087030,4,sched_state,waiting
153334.087034,3,sched_state,waiting
153334.087038,4,tick,""
153334.087044,3,tick,""
153334.087053,2,sched_state,waiting
153334.087054,5,sched_state,waiting
153334.087059,6,sched_state,waiting
153334.087065,2,tick,""
153334.087066,5,tick,""
153334.087067,6,tick,""
153334.087070,6,sched_state,waiting
153334.087074,6,tick,""
153334.087074,4,sched_state,waiting
153334.087075,3,sched_state,waiting
153334.087078,4,tick,""
153334.087080,3,tick,""
153334.087109,2,sched_state,waiting
153334.087109,6,sched_state,waiting
153334.087115,6,tick,""
153334.087115,2,tick,""
153334.087159,5,sched_state,waiting
153334.087170,5,tick,""
153334.087175,5,sched_state,waiting
153334.087179,5,tick,""
153334.087183,5,sched_state,waiting
153334.087187,5,tick,""
153334.087473,0,queue_length,5
153334.087478,0,queue_length,4
153334.088174,0,sched_state,running
153334.088433,0,tick,""
153334.089829,2,channel_blocked,321
153334.089833,0,yield,""
153334.090405,0,sched_state,running
153334.090409,0,queue_length,5
153334.090426,0,tick,""
153334.090436,0,queue_length,4
153334.090796,0,sched_state,running
153334.091087,0,tick,""
153334.091094,0,reduction,""
153334.091097,0,sched_state,running
153334.091289,0,tick,""
153334.091295,0,reduction,""
153334.091296,0,sched_state,running
153334.091413,0,tick,""
153334.091418,0,reduction,""
153334.091420,0,sched_state,running
153334.091531,0,tick,""
153334.091536,0,reduction,""
153334.091538,0,sched_state,running
153334.091651,0,tick,""
153334.091655,0,reduction,""
153334.091657,0,sched_state,running
153334.091764,0,tick,""
153334.091769,0,reduction,""
153334.091771,0,sched_state,running
153334.091881,0,tick,""
153334.093542,3,channel_blocked,537
153334.093547,0,yield,""
153334.094081,0,sched_state,running
153334.094108,0,tick,""
153334.094118,0,queue_length,5
153334.094123,0,queue_length,4
153334.094400,0,sched_state,running
153334.094491,0,tick,""
153334.094497,0,reduction,""
153334.094499,0,sched_state,running
153334.094584,0,tick,""
153334.094589,0,reduction,""
153334.094591,0,sched_state,running
153334.094673,0,tick,""
153334.095174,0,channel_unblocked,87
153334.095179,0,yield,""
153334.095182,0,sched_state,running
153334.095359,0,tick,""
153334.095365,0,reduction,""
153334.095368,0,sched_state,running
153334.095449,0,tick,""
153334.095454,0,reduction,""
153334.095457,0,sched_state,running
153334.095540,0,tick,""
153334.095546,0,reduction,""
153334.095548,0,sched_state,running
153334.095627,0,tick,""
153334.095647,0,reduction,""
153334.095650,0,sched_state,running
153334.095732,0,tick,""
153334.095736,0,reduction,""
153334.095738,0,sched_state,running
153334.095817,0,tick,""
153334.095834,0,reduction,""
153334.095837,0,sched_state,running
153334.095915,0,tick,""
153334.095920,0,reduction,""
153334.095922,0,sched_state,running
153334.096005,0,tick,""
153334.096010,0,reduction,""
153334.096012,0,sched_state,running
153334.096082,0,tick,""
153334.096086,0,reduction,""
153334.096089,0,sched_state,running
153334.096186,0,tick,""
153334.096191,0,reduction,""
153334.096192,0,sched_state,running
153334.096263,0,tick,""
153334.096267,0,reduction,""
153334.096269,0,sched_state,running
153334.096341,0,tick,""
153334.096345,0,reduction,""
153334.096346,0,sched_state,running
153334.096416,0,tick,""
153334.097773,4,channel_blocked,87
153334.097776,0,yield,""
153334.098030,3,sched_state,waiting
153334.098031,4,sched_state,waiting
153334.098038,4,tick,""
153334.098038,3,tick,""
153334.098041,4,sched_state,waiting
153334.098041,3,sched_state,waiting
153334.098043,4,tick,""
153334.098045,3,tick,""
153334.098051,1,sched_state,waiting
153334.098059,2,sched_state,waiting
153334.098065,1,tick,""
153334.098069,2,tick,""
153334.098070,4,sched_state,waiting
153334.098073,4,tick,""
153334.098084,3,sched_state,waiting
153334.098089,3,tick,""
153334.098096,2,sched_state,waiting
153334.098112,2,tick,""
153334.098169,1,sched_state,waiting
153334.098176,1,tick,""
153334.098181,1,sched_state,waiting
153334.098186,1,tick,""
153334.098300,0,sched_state,running
153334.098304,0,queue_length,5
153334.098318,0,tick,""
153334.098325,0,queue_length,4
153334.098334,7,sched_state,waiting
153334.098342,7,tick,""
153334.098346,7,sched_state,waiting
153334.098350,7,tick,""
153334.100300,0,sched_state,running
153334.100696,0,tick,""
153334.102771,0,channel_unblocked,162
153334.102781,0,yield,""
153334.102784,0,sched_state,running
153334.103110,0,tick,""
153334.103116,0,reduction,""
153334.103120,0,sched_state,running
153334.103291,0,tick,""
153334.103296,0,reduction,""
153334.103298,0,sched_state,running
153334.103427,0,tick,""
153334.103637,0,reduction,""
153334.103640,0,sched_state,running
153334.103817,0,tick,""
153334.103822,0,reduction,""
153334.103824,0,sched_state,running
153334.103957,0,tick,""
153334.103960,0,reduction,""
153334.103962,0,sched_state,running
153334.104072,0,tick,""
153334.104074,0,reduction,""
153334.104075,0,sched_state,running
153334.104195,0,tick,""
153334.104200,0,reduction,""
153334.104201,0,sched_state,running
153334.104312,0,tick,""
153334.104407,0,reduction,""
153334.104409,0,sched_state,running
153334.104523,0,tick,""
153334.104527,0,reduction,""
153334.104528,0,sched_state,running
153334.104639,0,tick,""
153334.104651,0,reduction,""
153334.104652,0,sched_state,running
153334.104752,0,tick,""
153334.104755,0,reduction,""
153334.104757,0,sched_state,running
153334.104855,0,tick,""
153334.104859,0,reduction,""
153334.104860,0,sched_state,running
153334.104956,0,tick,""
153334.104960,0,reduction,""
153334.104961,0,sched_state,running
153334.105058,0,tick,""
153334.105547,1,channel_unblocked,162
153334.105550,0,yield,""
153334.105553,0,sched_state,running
153334.105664,0,tick,""
153334.105667,0,reduction,""
153334.105668,0,sched_state,running
153334.105771,0,tick,""
153334.105774,0,reduction,""
153334.105776,0,sched_state,running
153334.105877,0,tick,""
153334.105879,0,reduction,""
153334.105880,0,sched_state,running
153334.105978,0,tick,""
153334.105981,0,reduction,""
153334.105982,0,sched_state,running
153334.106081,0,tick,""
153334.106084,0,reduction,""
153334.106085,0,sched_state,running
153334.106185,0,tick,""
153334.106191,0,queue_length,3
153334.107845,0,queue_length,3
153334.109040,4,sched_state,waiting
153334.109048,4,tick,""
153334.109058,6,sched_state,waiting
153334.109058,2,sched_state,waiting
153334.109060,3,sched_state,waiting
153334.109069,2,tick,""
153334.109071,3,tick,""
153334.109108,2,sched_state,waiting
153334.109109,3,sched_state,waiting
153334.109114,2,tick,""
153334.109115,3,tick,""
153334.109313,6,tick,""
153334.109334,6,sched_state,waiting
153334.109444,6,tick,""
153334.109483,7,sched_state,running
153334.109551,0,sched_state,running
153334.109703,7,tick,""
153334.109899,0,tick,""
153334.110997,2,channel_blocked,321
153334.111001,0,yield,""
153334.111072,1,channel_unblocked,291
153334.111082,7,yield,""
153334.111085,7,sched_state,running
153334.111381,7,tick,""
153334.111388,7,reduction,""
153334.111390,7,sched_state,running
153334.111515,7,tick,""
153334.111520,7,reduction,""
153334.111521,7,sched_state,running
153334.111527,0,sched_state,running
153334.111532,0,queue_length,4
153334.111583,0,tick,""
153334.111592,0,queue_length,3
153334.111643,7,tick,""
153334.111806,7,reduction,""
153334.111808,7,sched_state,running
153334.111924,7,tick,""
153334.111929,7,reduction,""
153334.111931,7,sched_state,running
153334.111949,5,sched_state,waiting
153334.112065,7,tick,""
153334.112069,7,reduction,""
153334.112070,7,sched_state,running
153334.112195,7,tick,""
153334.112199,7,reduction,""
153334.112200,7,sched_state,running
153334.112312,7,tick,""
153334.112317,7,reduction,""
153334.112318,7,sched_state,running
153334.112380,5,tick,""
153334.112385,5,sched_state,waiting
153334.112396,5,tick,""
153334.112423,5,sched_state,waiting
153334.112427,5,tick,""
153334.112437,7,tick,""
153334.112545,7,reduction,""
153334.112548,7,sched_state,running
153334.112575,0,sched_state,running
153334.112666,7,tick,""
153334.112672,7,reduction,""
153334.112674,7,sched_state,running
153334.112750,0,tick,""
153334.112787,7,tick,""
153334.112800,7,reduction,""
153334.112801,7,sched_state,running
153334.112900,7,tick,""
153334.112904,7,reduction,""
153334.112905,7,sched_state,running
153334.113000,7,tick,""
153334.113003,7,reduction,""
153334.113005,7,sched_state,running
153334.113100,7,tick,""
153334.113104,7,reduction,""
153334.113105,7,sched_state,running
153334.113199,7,tick,""
153334.113703,2,channel_unblocked,291
153334.113708,7,yield,""
153334.113711,7,sched_state,running
153334.113821,7,tick,""
153334.113824,7,reduction,""
153334.113825,7,sched_state,running
153334.113845,3,channel_blocked,537
153334.113848,0,yield,""
153334.113926,7,tick,""
153334.113931,7,reduction,""
153334.113932,7,sched_state,running
153334.114031,7,tick,""
153334.114033,7,reduction,""
153334.114035,7,sched_state,running
153334.114130,7,tick,""
153334.114133,7,reduction,""
153334.114134,7,sched_state,running
153334.114170,0,sched_state,running
153334.114235,7,tick,""
153334.114238,7,reduction,""
153334.114239,7,sched_state,running
153334.114305,0,tick,""
153334.114336,7,tick,""
153334.114884,7,queue_length,0
153334.115166,7,sched_state,running
153334.115324,7,tick,""
153334.115338,7,reduction,""
153334.115341,7,sched_state,running
153334.115484,7,tick,""
153334.115489,7,reduction,""
153334.115490,7,sched_state,running
153334.115630,7,tick,""
153334.116011,0,queue_length,4
153334.116016,0,queue_length,3
153334.116783,0,sched_state,running
153334.116962,0,tick,""
153334.117034,1,channel_blocked,291
153334.117037,7,yield,""
153334.117360,7,sched_state,running
153334.117367,7,tick,""
153334.117525,7,queue_length,1
153334.117530,7,queue_length,0
153334.118031,7,sched_state,running
153334.118040,4,channel_blocked,87
153334.118043,0,yield,""
153334.118437,7,tick,""
153334.118478,0,sched_state,running
153334.118480,0,queue_length,4
153334.118495,0,tick,""
153334.118502,0,queue_length,3
153334.119249,0,sched_state,running
153334.119422,0,tick,""
153334.119434,0,reduction,""
153334.119435,0,sched_state,running
153334.119499,1,channel_blocked,291
153334.119501,7,yield,""
153334.119720,0,tick,""
153334.119725,0,reduction,""
153334.119727,0,sched_state,running
153334.119873,0,tick,""
153334.120049,7,sched_state,running
153334.120248,7,tick,""
153334.120260,7,queue_length,1
153334.120263,7,queue_length,0
153334.120663,2,sched_state,waiting
153334.120707,1,sched_state,waiting
153334.120857,2,tick,""
153334.120871,1,tick,""
153334.120909,1,sched_state,waiting
153334.120909,3,sched_state,waiting
153334.120915,1,tick,""
153334.120920,1,sched_state,waiting
153334.120922,3,tick,""
153334.120924,1,tick,""
153334.120929,1,sched_state,waiting
153334.120932,1,tick,""
153334.121000,4,sched_state,waiting
153334.121009,4,tick,""
153334.121029,4,sched_state,waiting
153334.121033,4,tick,""
153334.121389,0,channel_blocked,162
153334.121393,0,yield,""
153334.121430,7,sched_state,running
153334.121647,7,tick,""
153334.122006,0,queue_length,4
153334.122006,0,sched_state,running
153334.122119,0,tick,""
153334.122129,0,queue_length,3
153334.123018,5,sched_state,waiting
153334.123029,5,tick,""
153334.123055,5,sched_state,waiting
153334.123060,5,tick,""
153334.123566,0,sched_state,running
153334.123996,1,channel_blocked,291
153334.123999,7,yield,""
153334.124095,0,tick,""
153334.124516,7,sched_state,running
153334.124796,7,tick,""
153334.124807,7,queue_length,1
153334.124810,7,queue_length,0
153334.125844,7,sched_state,running
153334.126188,7,tick,""
153334.127061,2,channel_unblocked,321
153334.127069,0,yield,""
153334.127073,0,sched_state,running
153334.127444,0,tick,""
153334.127451,0,reduction,""
153334.127454,0,sched_state,running
153334.127650,0,tick,""
153334.127657,0,reduction,""
153334.127659,0,sched_state,running
153334.127836,0,tick,""
153334.128046,0,reduction,""
153334.128048,0,sched_state,running
153334.128218,0,tick,""
153334.128223,0,reduction,""
153334.128226,0,sched_state,running
153334.128385,0,tick,""
153334.128390,0,reduction,""
153334.128393,0,sched_state,running
153334.128475,1,channel_blocked,291
153334.128478,7,yield,""
153334.128551,0,tick,""
153334.128555,0,reduction,""
153334.128556,0,sched_state,running
153334.128717,0,tick,""
153334.128723,0,reduction,""
153334.128724,0,sched_state,running
153334.128880,0,tick,""
153334.129013,0,reduction,""
153334.129016,0,sched_state,running
153334.129067,7,sched_state,running
153334.129092,7,tick,""
153334.129178,0,tick,""
153334.129183,0,reduction,""
153334.129185,0,sched_state,running
153334.129341,7,queue_length,1
153334.129345,7,queue_length,0
153334.129344,0,tick,""
153334.129362,0,reduction,""
153334.129365,0,sched_state,running
153334.129506,0,tick,""
153334.129511,0,reduction,""
153334.129513,0,sched_state,running
153334.129656,0,tick,""
153334.129662,0,reduction,""
153334.129664,0,sched_state,running
153334.129805,0,tick,""
153334.129812,0,reduction,""
153334.129813,0,sched_state,running
153334.129955,0,tick,""
153334.130124,7,sched_state,running
153334.130425,7,tick,""
153334.130630,3,channel_unblocked,321
153334.130637,0,yield,""
153334.130639,0,sched_state,running
153334.130794,0,tick,""
153334.130799,0,reduction,""
153334.130801,0,sched_state,running
153334.130946,0,tick,""
153334.130951,0,reduction,""
153334.130954,0,sched_state,running
153334.131022,3,sched_state,waiting
153334.131025,2,sched_state,waiting
153334.131030,3,tick,""
153334.131034,2,tick,""
153334.131062,3,sched_state,waiting
153334.131068,3,tick,""
153334.131069,2,sched_state,waiting
153334.131072,3,sched_state,waiting
153334.131074,2,tick,""
153334.131075,3,tick,""
153334.131078,2,sched_state,waiting
153334.131081,2,tick,""
153334.131104,6,sched_state,waiting
153334.131104,0,tick,""
153334.131113,0,reduction,""
153334.131115,0,sched_state,running
153334.131128,6,tick,""
153334.131157,6,sched_state,waiting
153334.131168,6,tick,""
153334.131173,6,sched_state,waiting
153334.131177,6,tick,""
153334.131235,0,tick,""
153334.131239,0,reduction,""
153334.131240,0,sched_state,running
153334.131453,0,tick,""
153334.131457,0,reduction,""
153334.131459,0,sched_state,running
153334.131563,0,tick,""
153334.131930,1,channel_blocked,291
153334.131933,7,yield,""
153334.131964,0,queue_length,3
153334.132447,7,sched_state,running
153334.132507,7,tick,""
153334.132514,7,queue_length,1
153334.132517,7,queue_length,0
153334.132580,0,sched_state,running
153334.132580,4,sched_state,waiting
153334.132586,4,tick,""
153334.132611,4,sched_state,waiting
153334.132615,4,tick,""
153334.133077,0,tick,""
153334.133499,7,sched_state,running
153334.133821,7,tick,""
153334.134462,3,channel_unblocked,537
153334.134469,0,yield,""
153334.134473,0,sched_state,running
153334.134740,0,tick,""
153334.134746,0,reduction,""
153334.134748,0,sched_state,running
153334.134876,0,tick,""
153334.134881,0,reduction,""
153334.134883,0,sched_state,running
153334.135007,0,tick,""
153334.135166,0,reduction,""
153334.135168,0,sched_state,running
153334.135227,1,channel_blocked,291
153334.135230,7,yield,""
153334.135289,0,tick,""
153334.135294,0,reduction,""
153334.135296,0,sched_state,running
153334.135472,0,tick,""
153334.135477,0,reduction,""
153334.135478,0,sched_state,running
153334.135654,0,tick,""
153334.135658,0,reduction,""
153334.135659,0,sched_state,running
153334.135800,0,tick,""
153334.135806,0,reduction,""
153334.135807,0,sched_state,running
153334.135939,7,sched_state,running
153334.135973,7,tick,""
153334.135980,7,queue_length,1
153334.135983,7,queue_length,0
153334.136046,0,tick,""
153334.136177,0,reduction,""
153334.136180,0,sched_state,running
153334.136299,0,tick,""
153334.136303,0,reduction,""
153334.136304,0,sched_state,running
153334.136418,0,tick,""
153334.136431,0,reduction,""
153334.136433,0,sched_state,running
153334.136535,0,tick,""
153334.136539,0,reduction,""
153334.136540,0,sched_state,running
153334.136639,0,tick,""
153334.136643,0,reduction,""
153334.136644,0,sched_state,running
153334.136743,0,tick,""
153334.136746,0,reduction,""
153334.136747,0,sched_state,running
153334.136847,0,tick,""
153334.137039,7,sched_state,running
153334.137341,7,tick,""
153334.137468,4,channel_unblocked,537
153334.137472,0,yield,""
153334.137474,0,sched_state,running
153334.137594,0,tick,""
153334.137597,0,reduction,""
153334.137599,0,sched_state,running
153334.137704,0,tick,""
153334.137708,0,reduction,""
153334.137709,0,sched_state,running
153334.137812,0,tick,""
153334.137814,0,reduction,""
153334.137815,0,sched_state,running
153334.137915,0,tick,""
153334.137918,0,reduction,""
153334.137919,0,sched_state,running
153334.138022,0,tick,""
153334.138025,0,reduction,""
153334.138026,0,sched_state,running
153334.138126,0,tick,""
153334.138673,0,queue_length,3
153334.139375,0,sched_state,running
153334.139412,1,channel_blocked,291
153334.139415,7,yield,""
153334.139564,0,tick,""
153334.139983,7,sched_state,running
153334.140011,7,tick,""
153334.140545,4,channel_unblocked,87
153334.140550,0,yield,""
153334.140552,0,sched_state,running
153334.140575,7,queue_length,1
153334.140578,7,queue_length,0
153334.140699,0,tick,""
153334.140704,0,reduction,""
153334.140705,0,sched_state,running
153334.140834,0,tick,""
153334.140838,0,reduction,""
153334.140839,0,sched_state,running
153334.140963,0,tick,""
153334.141080,0,reduction,""
153334.141082,0,sched_state,running
153334.141210,0,tick,""
153334.141214,0,reduction,""
153334.141215,0,sched_state,running
153334.141342,0,tick,""
153334.141355,0,reduction,""
153334.141357,0,sched_state,running
153334.141440,7,sched_state,running
153334.141472,0,tick,""
153334.141477,0,reduction,""
153334.141478,0,sched_state,running
153334.141591,0,tick,""
153334.141595,0,reduction,""
153334.141596,0,sched_state,running
153334.141707,0,tick,""
153334.141712,0,reduction,""
153334.141713,0,sched_state,running
153334.141824,0,tick,""
153334.141827,0,reduction,""
153334.141828,0,sched_state,running
153334.141920,7,tick,""
153334.141938,0,tick,""
153334.141941,0,reduction,""
153334.141942,0,sched_state,running
153334.142021,1,sched_state,waiting
153334.142026,2,sched_state,waiting
153334.142030,1,tick,""
153334.142035,2,tick,""
153334.142040,2,sched_state,waiting
153334.142044,2,tick,""
153334.142046,2,sched_state,waiting
153334.142048,2,tick,""
153334.142059,1,sched_state,waiting
153334.142064,1,tick,""
153334.142069,2,sched_state,waiting
153334.142074,2,tick,""
153334.142075,6,sched_state,waiting
153334.142076,0,tick,""
153334.142078,2,sched_state,waiting
153334.142081,6,tick,""
153334.142081,2,tick,""
153334.142100,6,sched_state,waiting
153334.142105,6,tick,""
153334.142109,6,sched_state,waiting
153334.142112,6,tick,""
153334.142798,0,channel_unblocked,87
153334.142803,0,yield,""
153334.142805,0,sched_state,running
153334.143012,4,sched_state,waiting
153334.143021,4,tick,""
153334.143043,4,sched_state,waiting
153334.143046,4,tick,""
153334.143049,4,sched_state,waiting
153334.143052,4,tick,""
153334.143054,0,tick,""
153334.143058,0,reduction,""
153334.143061,0,sched_state,running
153334.143388,0,tick,""
153334.143393,0,reduction,""
153334.143395,0,sched_state,running
153334.143555,0,tick,""
153334.143558,0,reduction,""
153334.143559,0,sched_state,running
153334.143687,0,tick,""
153334.143691,0,reduction,""
153334.143692,0,sched_state,running
153334.143813,0,tick,""
153334.143817,0,reduction,""
153334.143818,0,sched_state,running
153334.143933,0,tick,""
153334.143944,0,reduction,""
153334.143945,0,sched_state,running
153334.144061,0,tick,""
153334.144064,0,reduction,""
153334.144065,0,sched_state,running
153334.144198,0,tick,""
153334.144218,0,reduction,""
153334.144220,0,sched_state,running
153334.144321,0,tick,""
153334.144645,1,channel_blocked,291
153334.144650,7,yield,""
153334.144735,0,queue_length,3
153334.145450,0,sched_state,running
153334.145625,7,sched_state,running
153334.145631,0,tick,""
153334.145799,7,tick,""
153334.145807,7,queue_length,1
153334.145809,7,queue_length,0
153334.146623,0,channel_unblocked,162
153334.146627,0,yield,""
153334.146629,0,sched_state,running
153334.146787,0,tick,""
153334.146799,0,reduction,""
153334.146801,0,sched_state,running
153334.146948,0,tick,""
153334.146952,0,reduction,""
153334.146954,0,sched_state,running
153334.146992,7,sched_state,running
153334.147103,0,tick,""
153334.147240,0,reduction,""
153334.147242,0,sched_state,running
153334.147349,7,tick,""
153334.147378,0,tick,""
153334.147381,0,reduction,""
153334.147383,0,sched_state,running
153334.147514,0,tick,""
153334.147517,0,reduction,""
153334.147518,0,sched_state,running
153334.147649,0,tick,""
153334.147651,0,reduction,""
153334.147652,0,sched_state,running
153334.147786,0,tick,""
153334.147790,0,reduction,""
153334.147791,0,sched_state,running
153334.147924,0,tick,""
153334.148015,0,reduction,""
153334.148017,0,sched_state,running
153334.148160,0,tick,""
153334.148164,0,reduction,""
153334.148165,0,sched_state,running
153334.148299,0,tick,""
153334.148311,0,reduction,""
153334.148312,0,sched_state,running
153334.148433,0,tick,""
153334.148441,0,reduction,""
153334.148442,0,sched_state,running
153334.148563,0,tick,""
153334.148567,0,reduction,""
153334.148568,0,sched_state,running
153334.148692,0,tick,""
153334.148696,0,reduction,""
153334.148697,0,sched_state,running
153334.148817,0,tick,""
153334.149852,1,channel_unblocked,162
153334.149859,0,yield,""
153334.149861,0,sched_state,running
153334.150000,0,tick,""
153334.150003,0,reduction,""
153334.150005,0,sched_state,running
153334.150132,0,tick,""
153334.150135,0,reduction,""
153334.150137,0,sched_state,running
153334.150258,0,tick,""
153334.150261,0,reduction,""
153334.150262,0,sched_state,running
153334.150383,0,tick,""
153334.150385,0,reduction,""
153334.150386,0,sched_state,running
153334.150508,0,tick,""
153334.150511,0,reduction,""
153334.150512,0,sched_state,running
153334.150634,0,tick,""
153334.150649,1,channel_blocked,291
153334.150652,7,yield,""
153334.151098,0,queue_length,3
153334.151314,7,sched_state,running
153334.151432,7,tick,""
153334.151620,0,sched_state,running
153334.151780,0,tick,""
153334.151790,0,reduction,""
153334.151792,0,sched_state,running
153334.151939,0,tick,""
153334.151944,0,reduction,""
153334.151945,0,sched_state,running
153334.152035,7,queue_length,1
153334.152038,7,queue_length,0
153334.152092,0,tick,""
153334.152895,2,channel_blocked,321
153334.152899,0,yield,""
153334.153022,1,sched_state,waiting
153334.153032,1,tick,""
153334.153044,2,sched_state,waiting
153334.153056,2,tick,""
153334.153055,6,sched_state,waiting
153334.153063,1,sched_state,waiting
153334.153063,6,tick,""
153334.153068,6,sched_state,waiting
153334.153069,1,tick,""
153334.153073,6,tick,""
153334.153089,2,sched_state,waiting
153334.153095,2,tick,""
153334.153098,6,sched_state,waiting
153334.153101,2,sched_state,waiting
153334.153102,6,tick,""
153334.153104,2,tick,""
153334.153353,0,sched_state,running
153334.153359,0,queue_length,4
153334.153366,0,tick,""
153334.153372,0,queue_length,3
153334.153526,7,sched_state,running
153334.154011,7,tick,""
153334.154042,4,sched_state,waiting
153334.154051,4,tick,""
153334.154091,4,sched_state,waiting
153334.154096,4,tick,""
153334.154533,0,sched_state,running
153334.154712,0,tick,""
153334.154723,0,reduction,""
153334.154725,0,sched_state,running
153334.155008,0,tick,""
153334.155015,0,reduction,""
153334.155017,0,sched_state,running
153334.155165,0,tick,""
153334.156602,3,channel_blocked,537
153334.156606,0,yield,""
153334.157249,0,sched_state,running
153334.157268,0,tick,""
153334.157279,0,queue_length,4
153334.157283,0,queue_length,3
153334.157504,1,channel_unblocked,291
153334.157511,7,yield,""
153334.157513,7,sched_state,running
153334.158170,7,tick,""
153334.158186,7,reduction,""
153334.158188,7,sched_state,running
153334.158347,7,tick,""
153334.158352,7,reduction,""
153334.158354,7,sched_state,running
153334.158501,7,tick,""
153334.158653,0,sched_state,running
153334.158670,7,reduction,""
153334.158673,7,sched_state,running
153334.158882,7,tick,""
153334.158887,7,reduction,""
153334.158889,7,sched_state,running
153334.159024,0,tick,""
153334.159042,0,reduction,""
153334.159045,0,sched_state,running
153334.159099,7,tick,""
153334.159103,7,reduction,""
153334.159105,7,sched_state,running
153334.159242,7,tick,""
153334.159245,7,reduction,""
153334.159246,7,sched_state,running
153334.159377,7,tick,""
153334.159381,7,reduction,""
153334.159383,7,sched_state,running
153334.159415,0,tick,""
153334.159421,0,reduction,""
153334.159424,0,sched_state,running
153334.159513,7,tick,""
153334.159608,7,reduction,""
153334.159610,7,sched_state,running
153334.159636,0,tick,""
153334.159810,7,tick,""
153334.159816,7,reduction,""
153334.159818,7,sched_state,running
153334.160025,7,tick,""
153334.160040,7,reduction,""
153334.160043,7,sched_state,running
153334.160213,7,tick,""
153334.160221,7,reduction,""
153334.160222,7,sched_state,running
153334.160340,7,tick,""
153334.160344,7,reduction,""
153334.160345,7,sched_state,running
153334.160464,7,tick,""
153334.160468,7,reduction,""
153334.160469,7,sched_state,running
153334.160586,7,tick,""
153334.161134,4,channel_blocked,87
153334.161137,0,yield,""
153334.161200,2,channel_unblocked,291
153334.161205,7,yield,""
153334.161208,7,sched_state,running
153334.161408,7,tick,""
153334.161411,7,reduction,""
153334.161413,7,sched_state,running
153334.161604,7,tick,""
153334.161608,7,reduction,""
153334.161609,7,sched_state,running
153334.161729,7,tick,""
153334.161727,0,sched_state,running
153334.161732,7,reduction,""
153334.161734,7,sched_state,running
153334.161743,0,tick,""
153334.161752,0,queue_length,4
153334.161755,0,queue_length,3
153334.161852,7,tick,""
153334.161854,7,reduction,""
153334.161855,7,sched_state,running
153334.161977,7,tick,""
153334.161980,7,reduction,""
153334.161981,7,sched_state,running
153334.162100,7,tick,""
153334.162106,7,queue_length,0
153334.162731,0,sched_state,running
153334.162835,7,queue_length,0
153334.163273,0,tick,""
153334.163291,0,reduction,""
153334.163293,0,sched_state,running
153334.163328,7,sched_state,running
153334.163600,7,tick,""
153334.163612,7,reduction,""
153334.163614,7,sched_state,running
153334.163735,0,tick,""
153334.163741,0,reduction,""
153334.163743,0,sched_state,running
153334.163878,7,tick,""
153334.163882,7,reduction,""
153334.163885,7,sched_state,running
153334.164016,0,tick,""
153334.164021,1,sched_state,waiting
153334.164024,3,sched_state,waiting
153334.164029,1,tick,""
153334.164033,1,sched_state,waiting
153334.164034,3,tick,""
153334.164036,1,tick,""
153334.164038,1,sched_state,waiting
153334.164042,1,tick,""
153334.164064,3,sched_state,waiting
153334.164070,3,tick,""
153334.164070,1,sched_state,waiting
153334.164075,1,tick,""
153334.164145,7,tick,""
153334.165301,4,sched_state,waiting
153334.165306,0,channel_blocked,162
153334.165308,4,tick,""
153334.165310,0,yield,""
153334.165328,4,sched_state,waiting
153334.165331,4,tick,""
153334.165668,1,channel_blocked,291
153334.165672,7,yield,""
153334.166044,0,sched_state,running
153334.166045,0,queue_length,4
153334.166061,0,tick,""
153334.166071,0,queue_length,3
153334.166248,7,sched_state,running
153334.166356,7,tick,""
153334.166365,7,queue_length,1
153334.166368,7,queue_length,0
153334.167628,7,sched_state,running
153334.167642,0,sched_state,running
153334.167849,7,tick,""
153334.168084,0,tick,""
153334.169388,2,channel_unblocked,321
153334.169393,0,yield,""
153334.169396,0,sched_state,running
153334.169584,1,channel_blocked,291
153334.169588,7,yield,""
153334.169680,0,tick,""
153334.169693,0,reduction,""
153334.169695,0,sched_state,running
153334.169846,0,tick,""
153334.169851,0,reduction,""
153334.169852,0,sched_state,running
153334.169999,0,tick,""
153334.170157,7,sched_state,running
153334.170158,0,reduction,""
153334.170160,0,sched_state,running
153334.170289,7,tick,""
153334.170297,7,queue_length,1
153334.170300,7,queue_length,0
153334.170308,0,tick,""
153334.170313,0,reduction,""
153334.170314,0,sched_state,running
153334.170523,0,tick,""
153334.170527,0,reduction,""
153334.170528,0,sched_state,running
153334.170741,0,tick,""
153334.170744,0,reduction,""
153334.170745,0,sched_state,running
153334.170891,0,tick,""
153334.170895,0,reduction,""
153334.170896,0,sched_state,running
153334.171031,0,tick,""
153334.171093,7,sched_state,running
153334.171130,0,reduction,""
153334.171133,0,sched_state,running
153334.171270,0,tick,""
153334.171274,0,reduction,""
153334.171275,0,sched_state,running
153334.171348,7,tick,""
153334.171415,0,tick,""
153334.171431,0,reduction,""
153334.171433,0,sched_state,running
153334.171625,0,tick,""
153334.171633,0,reduction,""
153334.171635,0,sched_state,running
153334.171825,0,tick,""
153334.171830,0,reduction,""
153334.171831,0,sched_state,running
153334.171969,0,tick,""
153334.171973,0,reduction,""
153334.171974,0,sched_state,running
153334.172100,0,tick,""
153334.172718,3,channel_unblocked,321
153334.172722,0,yield,""
153334.172724,0,sched_state,running
153334.172862,0,tick,""
153334.172865,0,reduction,""
153334.172866,0,sched_state,running
153334.172991,0,tick,""
153334.172995,0,reduction,""
153334.172996,0,sched_state,running
153334.173119,0,tick,""
153334.173122,0,reduction,""
153334.173123,0,sched_state,running
153334.173243,0,tick,""
153334.173246,0,reduction,""
153334.173248,0,sched_state,running
153334.173262,1,channel_blocked,291
153334.173265,7,yield,""
153334.173375,0,tick,""
153334.173380,0,reduction,""
153334.173381,0,sched_state,running
153334.173572,0,tick,""
153334.173581,0,queue_length,2
153334.173885,7,sched_state,running
153334.173941,7,tick,""
153334.173948,7,queue_length,1
153334.173950,7,queue_length,0
153334.174842,7,sched_state,running
153334.175018,6,sched_state,waiting
153334.175025,3,sched_state,waiting
153334.175026,2,sched_state,waiting
153334.175028,6,tick,""
153334.175033,3,tick,""
153334.175034,2,tick,""
153334.175074,6,sched_state,waiting
153334.175079,6,tick,""
153334.175202,0,queue_length,2
153334.175969,7,tick,""
153334.177016,0,sched_state,running
153334.177421,0,tick,""
153334.178756,4,channel_blocked,87
153334.178762,0,yield,""
153334.179274,0,sched_state,running
153334.179411,0,tick,""
153334.179437,1,channel_blocked,291
153334.179440,7,yield,""
153334.180168,7,sched_state,running
153334.180480,7,tick,""
153334.180488,7,queue_length,1
153334.180492,7,queue_length,0
153334.180889,0,queue_length,3
153334.180895,0,queue_length,2
153334.181221,7,sched_state,running
153334.181503,7,tick,""
153334.182054,0,sched_state,running
153334.182597,0,tick,""
153334.183266,1,channel_blocked,291
153334.183271,7,yield,""
153334.184009,7,sched_state,running
153334.184071,7,tick,""
153334.184753,7,queue_length,1
153334.184758,7,queue_length,0
153334.184881,0,channel_blocked,162
153334.184884,0,yield,""
153334.185459,0,sched_state,running
153334.185464,0,queue_length,3
153334.185492,0,tick,""
153334.185499,0,queue_length,2
153334.185535,7,sched_state,running
153334.185846,7,tick,""
153334.186303,3,sched_state,waiting
153334.186317,3,tick,""
153334.186355,3,sched_state,waiting
153334.186359,3,tick,""
153334.186566,0,sched_state,running
153334.186587,2,sched_state,running
153334.186832,1,sched_state,waiting
153334.186844,1,tick,""
153334.186862,0,tick,""
153334.186873,1,sched_state,waiting
153334.186879,1,tick,""
153334.186881,0,reduction,""
153334.186883,0,sched_state,running
153334.186955,2,tick,""
153334.187151,0,tick,""
153334.187157,0,reduction,""
153334.187160,0,sched_state,running
153334.187749,0,tick,""
153334.188407,3,channel_unblocked,537
153334.188414,2,yield,""
153334.188417,2,sched_state,running
153334.188504,1,channel_blocked,291
153334.188507,7,yield,""
153334.188796,2,tick,""
153334.188809,2,reduction,""
153334.188811,2,sched_state,running
153334.188959,2,tick,""
153334.188964,2,reduction,""
153334.188965,2,sched_state,running
153334.189022,4,sched_state,waiting
153334.189111,2,tick,""
153334.189130,4,tick,""
153334.189135,4,sched_state,waiting
153334.189139,4,tick,""
153334.189289,2,reduction,""
153334.189291,2,sched_state,running
153334.189429,2,tick,""
153334.189433,2,reduction,""
153334.189435,2,sched_state,running
153334.189438,2,channel_blocked,321
153334.189440,0,yield,""
153334.189659,2,tick,""
153334.189663,2,reduction,""
153334.189665,2,sched_state,running
153334.189678,7,sched_state,running
153334.189755,7,tick,""
153334.189767,7,queue_length,1
153334.189773,7,queue_length,0
153334.189858,2,tick,""
153334.189862,2,reduction,""
153334.189864,2,sched_state,running
153334.190072,2,tick,""
153334.190077,2,reduction,""
153334.190079,2,sched_state,running
153334.190254,0,sched_state,running
153334.190259,0,queue_length,3
153334.190275,0,tick,""
153334.190284,0,queue_length,2
153334.190287,2,tick,""
153334.190425,2,reduction,""
153334.190428,2,sched_state,running
153334.190639,2,tick,""
153334.190644,2,reduction,""
153334.190646,2,sched_state,running
153334.190853,2,tick,""
153334.190869,2,reduction,""
153334.190871,2,sched_state,running
153334.190998,2,tick,""
153334.191008,2,reduction,""
153334.191009,2,sched_state,running
153334.191128,2,tick,""
153334.191132,2,reduction,""
153334.191134,2,sched_state,running
153334.191253,2,tick,""
153334.191258,2,reduction,""
153334.191259,2,sched_state,running
153334.191346,7,sched_state,running
153334.191376,2,tick,""
153334.191676,7,tick,""
153334.191899,0,sched_state,running
153334.192139,4,channel_unblocked,537
153334.192144,2,yield,""
153334.192147,2,sched_state,running
153334.192350,2,tick,""
153334.192354,2,reduction,""
153334.192356,2,sched_state,running
153334.192487,2,tick,""
153334.192491,2,reduction,""
153334.192492,2,sched_state,running
153334.192613,2,tick,""
153334.192616,2,reduction,""
153334.192617,2,sched_state,running
153334.192737,2,tick,""
153334.192740,2,reduction,""
153334.192741,2,sched_state,running
153334.192861,2,tick,""
153334.192864,2,reduction,""
153334.192865,2,sched_state,running
153334.192984,2,tick,""
153334.192992,2,queue_length,0
153334.193024,0,tick,""
153334.193681,2,queue_length,0
153334.194085,2,sched_state,running
153334.194354,2,tick,""
153334.194367,2,reduction,""
153334.194370,2,sched_state,running
153334.194538,2,tick,""
153334.194544,2,reduction,""
153334.194545,2,sched_state,running
153334.194601,1,channel_blocked,291
153334.194605,7,yield,""
153334.194781,2,tick,""
153334.195504,4,channel_unblocked,87
153334.195513,0,yield,""
153334.195517,0,sched_state,running
153334.195559,7,sched_state,running
153334.195661,7,tick,""
153334.195673,7,queue_length,1
153334.195677,7,queue_length,0
153334.195763,0,tick,""
153334.195777,0,reduction,""
153334.195779,0,sched_state,running
153334.196004,0,tick,""
153334.196011,0,reduction,""
153334.196013,0,sched_state,running
153334.196221,0,tick,""
153334.196329,3,channel_blocked,537
153334.196332,2,yield,""
153334.196396,0,reduction,""
153334.196400,0,sched_state,running
153334.196613,0,tick,""
153334.196620,0,reduction,""
153334.196621,0,sched_state,running
153334.196700,2,sched_state,running
153334.196710,2,tick,""
153334.196830,0,tick,""
153334.196848,0,reduction,""
153334.196851,0,sched_state,running
153334.197017,3,sched_state,waiting
153334.197021,6,sched_state,waiting
153334.197027,3,tick,""
153334.197042,1,sched_state,waiting
153334.197048,1,tick,""
153334.197053,0,tick,""
153334.197059,3,sched_state,waiting
153334.197064,0,reduction,""
153334.197065,3,tick,""
153334.197067,0,sched_state,running
153334.197076,6,tick,""
153334.197104,6,sched_state,waiting
153334.197168,6,tick,""
153334.197217,2,queue_length,1
153334.197221,2,queue_length,0
153334.197275,1,sched_state,waiting
153334.197281,0,tick,""
153334.197281,1,tick,""
153334.197287,0,reduction,""
153334.197289,0,sched_state,running
153334.197352,7,sched_state,running
153334.197502,0,tick,""
153334.197508,0,reduction,""
153334.197510,0,sched_state,running
153334.197718,0,tick,""
153334.197723,0,reduction,""
153334.197725,0,sched_state,running
153334.197897,7,tick,""
153334.197934,0,tick,""
153334.197939,0,reduction,""
153334.197941,0,sched_state,running
153334.197987,2,sched_state,running
153334.198084,0,tick,""
153334.198280,2,tick,""
153334.198853,0,channel_unblocked,87
153334.198857,0,yield,""
153334.198859,0,sched_state,running
153334.199008,0,tick,""
153334.199011,0,reduction,""
153334.199012,0,sched_state,running
153334.199151,0,tick,""
153334.199154,0,reduction,""
153334.199156,0,sched_state,running
153334.199291,0,tick,""
153334.199293,0,reduction,""
153334.199294,0,sched_state,running
153334.199417,0,tick,""
153334.199421,0,sched_state,stop
