timestamp,lpu,event,value
178495.918391,2,sched_state,startup
178495.918394,6,sched_state,startup
178495.918525,4,sched_state,startup
178495.918524,7,sched_state,startup
178495.918529,3,sched_state,startup
178495.918680,5,sched_state,startup
178495.918680,0,sched_state,startup
178495.918772,4,tick,""
178495.918772,2,tick,""
178495.918772,6,tick,""
178495.918784,4,queue_length,0
178495.918787,2,queue_length,0
178495.918786,7,tick,""
178495.918786,3,tick,""
178495.918789,4,sched_state,waiting
178495.918794,2,sched_state,waiting
178495.918798,7,queue_length,0
178495.918798,3,queue_length,0
178495.918800,4,tick,""
178495.918805,7,sched_state,waiting
178495.918806,2,tick,""
178495.918807,3,sched_state,waiting
178495.918809,6,queue_length,0
178495.918813,6,sched_state,waiting
178495.918818,3,tick,""
178495.918818,7,tick,""
178495.918823,6,tick,""
178495.918834,4,sched_state,waiting
178495.918840,4,tick,""
178495.918845,2,sched_state,waiting
178495.918851,6,sched_state,waiting
178495.918850,5,tick,""
178495.918854,1,sched_state,startup
178495.918859,3,sched_state,waiting
178495.918856,6,tick,""
178495.918861,5,queue_length,0
178495.918855,2,tick,""
178495.918871,5,sched_state,waiting
178495.918875,3,tick,""
178495.918886,5,tick,""
178495.918911,7,sched_state,waiting
178495.918912,5,sched_state,waiting
178495.918918,5,tick,""
178495.918920,7,tick,""
178495.918923,5,sched_state,waiting
178495.918924,7,sched_state,waiting
178495.918927,5,tick,""
178495.918928,7,tick,""
178495.918991,0,tick,""
178495.919029,1,tick,""
178495.919038,1,queue_length,0
178495.919043,1,sched_state,waiting
178495.919062,1,tick,""
178495.919066,0,queue_length,1
178495.919070,0,queue_length,0
178495.919094,1,sched_state,waiting
178495.919101,1,tick,""
178495.919380,0,sched_state,running
178495.919549,0,tick,""
178495.919559,0,reduction,""
178495.919561,0,sched_state,running
178495.919720,0,tick,""
178495.919724,0,reduction,""
178495.919729,0,sched_state,running
178495.919804,0,tick,""
178495.919807,0,reduction,""
178495.919808,0,sched_state,running
178495.919914,0,tick,""
178495.919917,0,reduction,""
178495.919918,0,sched_state,running
178495.920062,0,tick,""
178495.920071,0,reduction,""
178495.920075,0,sched_state,running
178495.920320,0,tick,""
178495.920331,0,reduction,""
178495.920335,0,sched_state,running
178495.920735,0,tick,""
178495.920762,0,reduction,""
178495.920770,0,sched_state,running
178495.920977,0,tick,""
178495.920980,0,reduction,""
178495.920982,0,sched_state,running
178495.921047,0,tick,""
178495.921050,0,reduction,""
178495.921052,0,sched_state,running
178495.921114,0,tick,""
178495.921117,0,reduction,""
178495.921118,0,sched_state,running
178495.921179,0,tick,""
178495.921182,0,reduction,""
178495.921183,0,sched_state,running
178495.921243,0,tick,""
178495.921246,0,reduction,""
178495.921247,0,sched_state,running
178495.921307,0,tick,""
178495.921310,0,reduction,""
178495.921311,0,sched_state,running
178495.921370,0,tick,""
178495.921372,0,reduction,""
178495.921373,0,sched_state,running
178495.921432,0,tick,""
178495.921435,0,reduction,""
178495.921436,0,sched_state,running
178495.921493,0,tick,""
178495.921647,0,reduction,""
178495.921656,0,sched_state,running
178495.922122,0,tick,""
178495.922200,0,reduction,""
178495.922212,0,sched_state,running
178495.922426,0,tick,""
178495.922441,0,reduction,""
178495.922448,0,sched_state,running
178495.922713,0,tick,""
178495.922741,0,reduction,""
178495.922747,0,sched_state,running
178495.923108,0,tick,""
178495.924851,0,reduction,""
178495.924854,0,sched_state,running
178495.924956,0,tick,""
178495.925464,0,queue_length,0
178495.925953,0,sched_state,running
178495.926165,0,tick,""
178495.926178,0,reduction,""
178495.926180,0,sched_state,running
178495.926379,0,tick,""
178495.926385,0,spawn,""
178495.926386,0,reduction,""
178495.926388,0,sched_state,running
178495.926782,0,tick,""
178495.926785,0,reduction,""
178495.926784,0,queue_length,1
178495.926787,0,sched_state,running
178495.926903,0,tick,""
178495.926906,0,reduction,""
178495.926908,0,sched_state,running
178495.927017,0,tick,""
178495.927020,0,reduction,""
178495.927021,0,sched_state,running
178495.927128,0,tick,""
178495.927132,0,reduction,""
178495.927133,0,sched_state,running
178495.927243,0,tick,""
178495.927247,0,reduction,""
178495.927248,0,sched_state,running
178495.927353,0,tick,""
178495.927408,0,reduction,""
178495.927410,0,sched_state,running
178495.927684,0,tick,""
178495.927690,0,reduction,""
178495.927692,0,sched_state,running
178495.927929,0,tick,""
178495.927933,0,spawn,""
178495.927935,0,reduction,""
178495.927936,0,sched_state,running
178495.928363,0,tick,""
178495.928367,0,reduction,""
178495.928369,0,sched_state,running
178495.928484,0,tick,""
178495.928491,0,reduction,""
178495.928492,0,sched_state,running
178495.928600,0,tick,""
178495.928603,0,reduction,""
178495.928604,0,sched_state,running
178495.928708,0,tick,""
178495.928711,0,reduction,""
178495.928712,0,sched_state,running
178495.928816,0,tick,""
178495.928819,0,reduction,""
178495.928820,0,sched_state,running
178495.928825,0,queue_length,2
178495.928924,0,tick,""
178495.928928,0,reduction,""
178495.928929,0,sched_state,running
178495.929031,0,tick,""
178495.929595,0,channel_blocked,87
178495.929597,0,yield,""
178495.929599,0,sched_state,running
178495.929604,0,tick,""
178495.929610,0,queue_length,1
178495.930126,0,sched_state,running
178495.930255,0,tick,""
178495.930258,0,reduction,""
178495.930259,0,sched_state,running
178495.930378,0,tick,""
178495.930381,0,reduction,""
178495.930382,0,sched_state,running
178495.930495,0,tick,""
178495.930498,0,reduction,""
178495.930499,0,sched_state,running
178495.930608,0,tick,""
178495.930611,0,reduction,""
178495.930612,0,sched_state,running
178495.930718,0,tick,""
178495.930722,0,reduction,""
178495.930723,0,sched_state,running
178495.930830,0,tick,""
178495.930833,0,reduction,""
178495.930834,0,sched_state,running
178495.930941,0,tick,""
178495.930955,0,reduction,""
178495.930957,0,sched_state,running
178495.931068,0,tick,""
178495.931072,0,reduction,""
178495.931073,0,sched_state,running
178495.931181,0,tick,""
178495.931197,0,reduction,""
178495.931199,0,sched_state,running
178495.931307,0,tick,""
178495.931321,0,reduction,""
178495.931322,0,sched_state,running
178495.931431,0,tick,""
178495.931436,0,reduction,""
178495.931437,0,sched_state,running
178495.931543,0,tick,""
178495.931656,0,reduction,""
178495.931659,0,sched_state,running
178495.931768,0,tick,""
178495.931781,0,reduction,""
178495.931783,0,sched_state,running
178495.931890,0,tick,""
178495.931893,0,reduction,""
178495.931895,0,sched_state,running
178495.932003,0,tick,""
178495.932012,0,reduction,""
178495.932014,0,sched_state,running
178495.932136,0,tick,""
178495.932198,0,reduction,""
178495.932201,0,sched_state,running
178495.932365,0,tick,""
178495.932379,0,reduction,""
178495.932381,0,sched_state,running
178495.932546,0,tick,""
178495.932552,0,spawn,""
178495.932554,0,reduction,""
178495.932556,0,sched_state,running
178495.933014,4,sched_state,waiting
178495.933019,3,sched_state,waiting
178495.933021,4,tick,""
178495.933022,2,sched_state,waiting
178495.933030,3,tick,""
178495.933035,3,sched_state,waiting
178495.933038,2,tick,""
178495.933041,2,sched_state,waiting
178495.933043,3,tick,""
178495.933047,3,sched_state,waiting
178495.933048,2,tick,""
178495.933050,3,tick,""
178495.933074,0,tick,""
178495.933075,2,sched_state,waiting
178495.933077,3,sched_state,waiting
178495.933078,0,queue_length,2
178495.933081,2,tick,""
178495.933079,0,reduction,""
178495.933084,3,tick,""
178495.933087,0,sched_state,running
178495.933090,3,sched_state,waiting
178495.933094,3,tick,""
178495.933263,6,sched_state,waiting
178495.933275,0,tick,""
178495.933281,6,tick,""
178495.933281,0,reduction,""
178495.933284,0,sched_state,running
178495.933300,6,sched_state,waiting
178495.933307,6,tick,""
178495.933456,0,tick,""
178495.934833,0,queue_length,2
178495.935589,0,sched_state,running
178495.935959,0,tick,""
178495.935964,0,reduction,""
178495.935965,0,sched_state,running
178495.936189,0,tick,""
178495.936194,0,reduction,""
178495.936196,0,sched_state,running
178495.936549,0,tick,""
178495.936555,0,reduction,""
178495.936557,0,sched_state,running
178495.936758,0,tick,""
178495.936762,0,reduction,""
178495.936764,0,sched_state,running
178495.936964,0,tick,""
178495.936970,0,reduction,""
178495.936971,0,sched_state,running
178495.937182,0,tick,""
178495.937326,0,reduction,""
178495.937332,0,sched_state,running
178495.937542,0,tick,""
178495.937552,0,reduction,""
178495.937554,0,sched_state,running
178495.937757,0,tick,""
178495.937864,0,reduction,""
178495.937867,0,sched_state,running
178495.938065,0,tick,""
178495.938071,0,reduction,""
178495.938073,0,sched_state,running
178495.938272,0,tick,""
178495.938286,0,reduction,""
178495.938288,0,sched_state,running
178495.938488,0,tick,""
178495.938509,0,reduction,""
178495.938511,0,sched_state,running
178495.938708,0,tick,""
178495.938723,0,reduction,""
178495.938726,0,sched_state,running
178495.938922,0,tick,""
178495.939160,0,reduction,""
178495.939163,0,sched_state,running
178495.939365,0,tick,""
178495.939373,0,reduction,""
178495.939374,0,sched_state,running
178495.939570,0,tick,""
178495.939578,0,reduction,""
178495.939580,0,sched_state,running
178495.939774,0,tick,""
178495.939781,0,reduction,""
178495.939783,0,sched_state,running
178495.939976,0,tick,""
178495.939982,0,reduction,""
178495.939984,0,sched_state,running
178495.940181,0,tick,""
178495.940188,0,reduction,""
178495.940191,0,sched_state,running
178495.940383,0,tick,""
178495.940389,0,reduction,""
178495.940390,0,sched_state,running
178495.940582,0,tick,""
178495.940588,0,reduction,""
178495.940590,0,sched_state,running
178495.940781,0,tick,""
178495.941284,0,queue_length,2
178495.941716,0,sched_state,running
178495.941897,0,tick,""
178495.941901,0,reduction,""
178495.941903,0,sched_state,running
178495.942075,0,tick,""
178495.942079,0,reduction,""
178495.942081,0,sched_state,running
178495.942247,0,tick,""
178495.942252,0,reduction,""
178495.942254,0,sched_state,running
178495.942424,0,tick,""
178495.942428,0,reduction,""
178495.942430,0,sched_state,running
178495.942597,0,tick,""
178495.942602,0,reduction,""
178495.942605,0,sched_state,running
178495.942777,0,tick,""
178495.942782,0,reduction,""
178495.942783,0,sched_state,running
178495.942952,0,tick,""
178495.942970,0,reduction,""
178495.942973,0,sched_state,running
178495.943153,0,tick,""
178495.943158,0,reduction,""
178495.943159,0,sched_state,running
178495.943336,0,tick,""
178495.943349,0,reduction,""
178495.943350,0,sched_state,running
178495.943521,0,tick,""
178495.943538,0,reduction,""
178495.943540,0,sched_state,running
178495.943715,0,tick,""
178495.943721,0,reduction,""
178495.943722,0,sched_state,running
178495.943896,0,tick,""
178495.944021,5,sched_state,waiting
178495.944022,1,sched_state,waiting
178495.944025,0,reduction,""
178495.944027,0,sched_state,running
178495.944031,1,tick,""
178495.944031,5,tick,""
178495.944045,2,sched_state,waiting
178495.944051,4,sched_state,waiting
178495.944055,2,tick,""
178495.944060,4,tick,""
178495.944061,1,sched_state,waiting
178495.944061,5,sched_state,waiting
178495.944067,5,tick,""
178495.944067,1,tick,""
178495.944088,2,sched_state,waiting
178495.944096,2,tick,""
178495.944247,7,sched_state,waiting
178495.944255,7,tick,""
178495.944262,0,tick,""
178495.944278,0,reduction,""
178495.944280,0,sched_state,running
178495.944491,0,tick,""
178495.944496,0,reduction,""
178495.944498,0,sched_state,running
178495.944499,7,sched_state,waiting
178495.944506,7,tick,""
178495.944510,7,sched_state,waiting
178495.944514,7,tick,""
178495.944860,0,tick,""
178495.944878,0,reduction,""
178495.944881,0,sched_state,running
178495.945223,0,tick,""
178495.945280,0,reduction,""
178495.945283,0,sched_state,running
178495.945490,0,tick,""
178495.945505,0,reduction,""
178495.945507,0,sched_state,running
178495.945712,0,tick,""
178495.945718,0,spawn,""
178495.945723,0,reduction,""
178495.945724,0,sched_state,running
178495.946379,0,tick,""
178495.946384,0,reduction,""
178495.946385,0,sched_state,running
178495.946530,0,tick,""
178495.946535,0,reduction,""
178495.946536,0,sched_state,running
178495.946731,0,tick,""
178495.947329,0,queue_length,3
178495.947575,0,queue_length,3
178495.947962,0,sched_state,running
178495.948122,0,tick,""
178495.948128,0,reduction,""
178495.948130,0,sched_state,running
178495.948323,0,tick,""
178495.948329,0,reduction,""
178495.948332,0,sched_state,running
178495.948539,0,tick,""
178495.948545,0,reduction,""
178495.948546,0,sched_state,running
178495.948711,0,tick,""
178495.948778,0,reduction,""
178495.948782,0,sched_state,running
178495.949135,0,tick,""
178495.949142,0,reduction,""
178495.949144,0,sched_state,running
178495.949554,0,tick,""
178495.949568,0,spawn,""
178495.949570,0,reduction,""
178495.949571,0,sched_state,running
178495.950485,0,tick,""
178495.950498,0,reduction,""
178495.950499,0,sched_state,running
178495.950514,0,queue_length,4
178495.950759,0,tick,""
178495.950766,0,reduction,""
178495.950767,0,sched_state,running
178495.950911,0,tick,""
178495.950915,0,reduction,""
178495.950916,0,sched_state,running
178495.951114,0,tick,""
178495.951119,0,reduction,""
178495.951121,0,sched_state,running
178495.951321,0,tick,""
178495.951325,0,reduction,""
178495.951326,0,sched_state,running
178495.951482,0,tick,""
178495.951486,0,reduction,""
178495.951487,0,sched_state,running
178495.951683,0,tick,""
178495.952618,2,channel_blocked,156
178495.952621,0,yield,""
178495.952623,0,sched_state,running
178495.952643,0,tick,""
178495.952656,0,queue_length,3
178495.953256,0,sched_state,running
178495.953529,0,tick,""
178495.953536,0,reduction,""
178495.953538,0,sched_state,running
178495.953807,0,tick,""
178495.953813,0,reduction,""
178495.953815,0,sched_state,running
178495.953961,0,tick,""
178495.953964,0,reduction,""
178495.953965,0,sched_state,running
178495.954109,0,tick,""
178495.954518,1,channel_blocked,186
178495.954520,0,yield,""
178495.954522,0,sched_state,running
178495.954528,0,tick,""
178495.954533,0,queue_length,2
178495.955019,4,sched_state,waiting
178495.955024,4,tick,""
178495.955028,3,sched_state,waiting
178495.955037,3,tick,""
178495.955041,3,sched_state,waiting
178495.955045,3,tick,""
178495.955043,2,sched_state,waiting
178495.955045,6,sched_state,waiting
178495.955052,2,tick,""
178495.955054,6,tick,""
178495.955079,3,sched_state,waiting
178495.955080,2,sched_state,waiting
178495.955084,6,sched_state,waiting
178495.955083,3,tick,""
178495.955086,2,tick,""
178495.955092,6,tick,""
178495.955112,1,sched_state,waiting
178495.955120,1,tick,""
178495.955124,1,sched_state,waiting
178495.955128,1,tick,""
178495.955148,1,sched_state,waiting
178495.955152,1,tick,""
178495.955593,0,sched_state,running
178495.955862,0,tick,""
178495.955867,0,reduction,""
178495.955869,0,sched_state,running
178495.956127,0,tick,""
178495.956133,0,reduction,""
178495.956134,0,sched_state,running
178495.956381,0,tick,""
178495.956386,0,reduction,""
178495.956388,0,sched_state,running
178495.956791,0,tick,""
178495.956796,0,reduction,""
178495.956798,0,sched_state,running
178495.956976,0,tick,""
178495.956982,0,reduction,""
178495.956984,0,sched_state,running
178495.957229,0,tick,""
178495.957234,0,reduction,""
178495.957236,0,sched_state,running
178495.957470,0,tick,""
178495.957488,0,reduction,""
178495.957490,0,sched_state,running
178495.957658,0,tick,""
178495.957663,0,reduction,""
178495.957665,0,sched_state,running
178495.957913,0,tick,""
178495.957933,0,reduction,""
178495.957935,0,sched_state,running
178495.958161,0,tick,""
178495.958179,0,reduction,""
178495.958181,0,sched_state,running
178495.958342,0,tick,""
178495.958348,0,reduction,""
178495.958350,0,sched_state,running
178495.958594,0,tick,""
178495.958769,0,reduction,""
178495.958771,0,sched_state,running
178495.958947,0,tick,""
178495.958965,0,reduction,""
178495.958967,0,sched_state,running
178495.959213,0,tick,""
178495.959217,0,reduction,""
178495.959219,0,sched_state,running
178495.959448,0,tick,""
178495.959459,0,reduction,""
178495.959461,0,sched_state,running
178495.959617,0,tick,""
178495.959672,0,reduction,""
178495.959675,0,sched_state,running
178495.959922,0,tick,""
178495.959937,0,reduction,""
178495.959939,0,sched_state,running
178495.960183,0,tick,""
178495.960189,0,spawn,""
178495.960191,0,reduction,""
178495.960192,0,sched_state,running
178495.960840,0,tick,""
178495.960845,0,reduction,""
178495.960844,0,queue_length,3
178495.960846,0,sched_state,running
178495.961014,0,tick,""
178495.961019,0,reduction,""
178495.961020,0,sched_state,running
178495.961181,0,tick,""
178495.962859,0,queue_length,3
178495.963199,0,sched_state,running
178495.963434,0,tick,""
178495.963440,0,reduction,""
178495.963442,0,sched_state,running
178495.963605,0,tick,""
178495.963611,0,reduction,""
178495.963612,0,sched_state,running
178495.963857,0,tick,""
178495.963863,0,reduction,""
178495.963865,0,sched_state,running
178495.964098,0,tick,""
178495.964156,0,reduction,""
178495.964158,0,sched_state,running
178495.964403,0,tick,""
178495.964409,0,reduction,""
178495.964411,0,sched_state,running
178495.964655,0,tick,""
178495.964660,0,spawn,""
178495.964663,0,reduction,""
178495.964665,0,sched_state,running
178495.965417,0,tick,""
178495.965420,0,queue_length,4
178495.965422,0,reduction,""
178495.965423,0,sched_state,running
178495.965590,0,tick,""
178495.965598,0,reduction,""
178495.965600,0,sched_state,running
178495.965842,0,tick,""
178495.965846,0,reduction,""
178495.965848,0,sched_state,running
178495.966017,2,sched_state,waiting
178495.966021,7,sched_state,waiting
178495.966026,2,tick,""
178495.966030,7,tick,""
178495.966033,7,sched_state,waiting
178495.966037,7,tick,""
178495.966061,7,sched_state,waiting
178495.966066,7,tick,""
178495.966090,3,sched_state,waiting
178495.966095,0,tick,""
178495.966096,3,tick,""
178495.966102,3,sched_state,waiting
178495.966102,0,reduction,""
178495.966104,0,sched_state,running
178495.966105,3,tick,""
178495.966400,0,tick,""
178495.966404,0,reduction,""
178495.966405,0,sched_state,running
178495.966705,0,tick,""
178495.966710,0,reduction,""
178495.966711,0,sched_state,running
178495.966869,0,tick,""
178495.967731,3,channel_blocked,274
178495.967734,0,yield,""
178495.967736,0,sched_state,running
178495.967744,0,tick,""
178495.967751,0,queue_length,3
178495.968601,0,sched_state,running
178495.968941,0,tick,""
178495.968945,0,reduction,""
178495.968947,0,sched_state,running
178495.969265,0,tick,""
178495.969269,0,reduction,""
178495.969271,0,sched_state,running
178495.969443,0,tick,""
178495.969447,0,reduction,""
178495.969450,0,sched_state,running
178495.969620,0,tick,""
178495.969623,0,reduction,""
178495.969625,0,sched_state,running
178495.969794,0,tick,""
178495.969798,0,reduction,""
178495.969799,0,sched_state,running
178495.969968,0,tick,""
178495.970092,0,reduction,""
178495.970095,0,sched_state,running
178495.970268,0,tick,""
178495.970273,0,reduction,""
178495.970275,0,sched_state,running
178495.970445,0,tick,""
178495.970518,0,reduction,""
178495.970520,0,sched_state,running
178495.970687,0,tick,""
178495.970692,0,reduction,""
178495.970694,0,sched_state,running
178495.970858,0,tick,""
178495.970870,0,reduction,""
178495.970871,0,sched_state,running
178495.971040,0,tick,""
178495.971056,0,reduction,""
178495.971058,0,sched_state,running
178495.971225,0,tick,""
178495.971236,0,reduction,""
178495.971237,0,sched_state,running
178495.971404,0,tick,""
178495.971570,0,reduction,""
178495.971573,0,sched_state,running
178495.971743,0,tick,""
178495.971748,0,reduction,""
178495.971750,0,sched_state,running
178495.971915,0,tick,""
178495.971920,0,reduction,""
178495.971921,0,sched_state,running
178495.972086,0,tick,""
178495.972091,0,reduction,""
178495.972092,0,sched_state,running
178495.972273,0,tick,""
178495.972277,0,reduction,""
178495.972279,0,sched_state,running
178495.972443,0,tick,""
178495.972447,0,reduction,""
178495.972449,0,sched_state,running
178495.972614,0,tick,""
178495.972618,0,reduction,""
178495.972620,0,sched_state,running
178495.972784,0,tick,""
178495.972788,0,reduction,""
178495.972789,0,sched_state,running
178495.972954,0,tick,""
178495.973418,0,queue_length,3
178495.974111,0,sched_state,running
178495.974303,0,tick,""
178495.974306,0,reduction,""
178495.974308,0,sched_state,running
178495.974491,0,tick,""
178495.974494,0,reduction,""
178495.974495,0,sched_state,running
178495.974675,0,tick,""
178495.974678,0,reduction,""
178495.974679,0,sched_state,running
178495.974860,0,tick,""
178495.974864,0,reduction,""
178495.974865,0,sched_state,running
178495.975045,0,tick,""
178495.975049,0,reduction,""
178495.975050,0,sched_state,running
178495.975232,0,tick,""
178495.975236,0,reduction,""
178495.975237,0,sched_state,running
178495.975421,0,tick,""
178495.975437,0,reduction,""
178495.975440,0,sched_state,running
178495.975626,0,tick,""
178495.975630,0,reduction,""
178495.975631,0,sched_state,running
178495.975817,0,tick,""
178495.975827,0,reduction,""
178495.975828,0,sched_state,running
178495.976008,0,tick,""
178495.976021,0,reduction,""
178495.976022,0,sched_state,running
178495.976208,0,tick,""
178495.976212,0,reduction,""
178495.976214,0,sched_state,running
178495.976394,0,tick,""
178495.976484,0,reduction,""
178495.976486,0,sched_state,running
178495.976672,0,tick,""
178495.976685,0,reduction,""
178495.976686,0,sched_state,running
178495.976869,0,tick,""
178495.976872,0,reduction,""
178495.976873,0,sched_state,running
178495.977022,7,sched_state,waiting
178495.977032,7,tick,""
178495.977040,1,sched_state,waiting
178495.977049,1,tick,""
178495.977052,2,sched_state,waiting
178495.977057,0,tick,""
178495.977057,7,sched_state,waiting
178495.977062,2,tick,""
178495.977060,6,sched_state,waiting
178495.977068,7,tick,""
178495.977072,6,tick,""
178495.977082,0,reduction,""
178495.977085,0,sched_state,running
178495.977096,2,sched_state,waiting
178495.977096,6,sched_state,waiting
178495.977103,6,tick,""
178495.977103,2,tick,""
178495.977109,6,sched_state,waiting
178495.977117,6,tick,""
178495.977473,1,sched_state,waiting
178495.977476,0,tick,""
178495.977478,1,tick,""
178495.977548,0,reduction,""
178495.977552,0,sched_state,running
178495.977854,0,tick,""
178495.977872,0,reduction,""
178495.977874,0,sched_state,running
178495.978129,0,tick,""
178495.978134,0,spawn,""
178495.978137,0,reduction,""
178495.978138,0,sched_state,running
178495.978882,0,tick,""
178495.978883,0,queue_length,4
178495.978886,0,reduction,""
178495.978888,0,sched_state,running
178495.979080,0,tick,""
178495.979084,0,reduction,""
178495.979086,0,sched_state,running
178495.979276,0,tick,""
178495.979909,0,queue_length,4
178495.980990,0,sched_state,running
178495.981295,0,tick,""
178495.981300,0,reduction,""
178495.981302,0,sched_state,running
178495.981485,0,tick,""
178495.981489,0,reduction,""
178495.981490,0,sched_state,running
178495.981674,0,tick,""
178495.981678,0,reduction,""
178495.981679,0,sched_state,running
178495.981856,0,tick,""
178495.981913,0,reduction,""
178495.981916,0,sched_state,running
178495.982190,0,tick,""
178495.982196,0,reduction,""
178495.982199,0,sched_state,running
178495.982512,0,tick,""
178495.982518,0,spawn,""
178495.982521,0,reduction,""
178495.982523,0,sched_state,running
178495.983514,0,tick,""
178495.983519,0,reduction,""
178495.983521,0,sched_state,running
178495.983785,0,tick,""
178495.983793,0,reduction,""
178495.983796,0,sched_state,running
178495.984077,0,tick,""
178495.984082,0,reduction,""
178495.984084,0,sched_state,running
178495.984322,0,tick,""
178495.984327,0,reduction,""
178495.984328,0,sched_state,running
178495.984508,0,tick,""
178495.984511,0,reduction,""
178495.984513,0,sched_state,running
178495.984691,0,tick,""
178495.984695,0,reduction,""
178495.984697,0,sched_state,running
178495.984872,0,tick,""
178495.985695,0,queue_length,5
178495.985951,5,channel_blocked,466
178495.985955,0,yield,""
178495.985958,0,sched_state,running
178495.985981,0,tick,""
178495.985997,0,queue_length,4
178495.986902,0,sched_state,running
178495.987396,0,tick,""
178495.987401,0,reduction,""
178495.987410,0,sched_state,running
178495.987760,0,tick,""
178495.987764,0,reduction,""
178495.987766,0,sched_state,running
178495.987963,0,tick,""
178495.987968,0,reduction,""
178495.987972,0,sched_state,running
178495.988023,5,sched_state,waiting
178495.988046,7,sched_state,waiting
178495.988049,5,tick,""
178495.988055,7,tick,""
178495.988059,7,sched_state,waiting
178495.988063,7,tick,""
178495.988065,7,sched_state,waiting
178495.988068,7,tick,""
178495.988104,7,sched_state,waiting
178495.988113,7,tick,""
178495.988276,2,sched_state,waiting
178495.988282,0,tick,""
178495.988282,2,tick,""
178495.988286,0,reduction,""
178495.988292,0,sched_state,running
178495.988308,2,sched_state,waiting
178495.988313,2,tick,""
178495.988813,0,tick,""
178495.988824,0,reduction,""
178495.988827,0,sched_state,running
178495.989166,0,tick,""
178495.989324,0,reduction,""
178495.989327,0,sched_state,running
178495.989787,0,tick,""
178495.989803,0,reduction,""
178495.989806,0,sched_state,running
178495.990113,0,tick,""
178495.990187,0,reduction,""
178495.990189,0,sched_state,running
178495.990421,0,tick,""
178495.990428,0,reduction,""
178495.990429,0,sched_state,running
178495.990745,0,tick,""
178495.990771,0,reduction,""
178495.990774,0,sched_state,running
178495.991219,0,tick,""
178495.991253,0,reduction,""
178495.991258,0,sched_state,running
178495.991543,0,tick,""
178495.991557,0,reduction,""
178495.991559,0,sched_state,running
178495.991842,0,tick,""
178495.992215,0,reduction,""
178495.992218,0,sched_state,running
178495.992484,0,tick,""
178495.992492,0,reduction,""
178495.992494,0,sched_state,running
178495.992775,0,tick,""
178495.992787,0,reduction,""
178495.992790,0,sched_state,running
178495.993215,0,tick,""
178495.993225,0,reduction,""
178495.993228,0,sched_state,running
178495.993645,0,tick,""
178495.993655,0,reduction,""
178495.993658,0,sched_state,running
178495.994079,0,tick,""
178495.994088,0,reduction,""
178495.994091,0,sched_state,running
178495.994509,0,tick,""
178495.994518,0,reduction,""
178495.994521,0,sched_state,running
178495.994942,0,tick,""
178495.994950,0,reduction,""
178495.994953,0,sched_state,running
178495.995369,0,tick,""
178495.996378,0,queue_length,4
178495.997050,0,sched_state,running
178495.997238,0,tick,""
178495.997242,0,reduction,""
178495.997244,0,sched_state,running
178495.997416,0,tick,""
178495.997419,0,reduction,""
178495.997421,0,sched_state,running
178495.997588,0,tick,""
178495.997591,0,reduction,""
178495.997593,0,sched_state,running
178495.997757,0,tick,""
178495.998375,4,channel_blocked,538
178495.998378,0,yield,""
178495.998379,0,sched_state,running
178495.998388,0,tick,""
178495.998392,0,queue_length,3
178495.999018,1,sched_state,waiting
178495.999018,7,sched_state,waiting
178495.999020,6,sched_state,waiting
178495.999026,7,tick,""
178495.999026,1,tick,""
178495.999030,6,tick,""
178495.999056,1,sched_state,waiting
178495.999060,6,sched_state,waiting
178495.999062,1,tick,""
178495.999067,6,tick,""
178495.999077,6,sched_state,waiting
178495.999080,6,tick,""
178495.999937,0,sched_state,running
178496.000197,0,tick,""
178496.000201,0,reduction,""
178496.000204,0,sched_state,running
178496.000554,0,tick,""
178496.000559,0,reduction,""
178496.000562,0,sched_state,running
178496.000797,0,tick,""
178496.000802,0,reduction,""
178496.000803,0,sched_state,running
178496.001057,0,tick,""
178496.001063,0,reduction,""
178496.001066,0,sched_state,running
178496.001410,0,tick,""
178496.001415,0,reduction,""
178496.001417,0,sched_state,running
178496.001712,0,tick,""
178496.001717,0,reduction,""
178496.001719,0,sched_state,running
178496.001956,0,tick,""
178496.001974,0,reduction,""
178496.001976,0,sched_state,running
178496.002198,0,tick,""
178496.002204,0,reduction,""
178496.002206,0,sched_state,running
178496.002488,0,tick,""
178496.002506,0,reduction,""
178496.002508,0,sched_state,running
178496.002740,0,tick,""
178496.002757,0,reduction,""
178496.002759,0,sched_state,running
178496.002981,0,tick,""
178496.002987,0,reduction,""
178496.002989,0,sched_state,running
178496.003267,0,tick,""
178496.003420,0,reduction,""
178496.003422,0,sched_state,running
178496.003634,0,tick,""
178496.003647,0,reduction,""
178496.003649,0,sched_state,running
178496.003935,0,tick,""
178496.003940,0,reduction,""
178496.003943,0,sched_state,running
178496.004183,0,tick,""
178496.004195,0,reduction,""
178496.004197,0,sched_state,running
178496.004431,0,tick,""
178496.004508,0,reduction,""
178496.004511,0,sched_state,running
178496.004849,0,tick,""
178496.004866,0,reduction,""
178496.004868,0,sched_state,running
178496.005161,0,tick,""
178496.005168,0,spawn,""
178496.005171,0,reduction,""
178496.005172,0,sched_state,running
178496.006345,0,tick,""
178496.006358,0,reduction,""
178496.006361,0,sched_state,running
178496.006368,0,queue_length,4
178496.006681,0,tick,""
178496.006686,0,reduction,""
178496.006687,0,sched_state,running
178496.006893,0,tick,""
178496.007846,0,queue_length,4
178496.009165,0,sched_state,running
178496.009537,0,tick,""
178496.009551,0,reduction,""
178496.009553,0,sched_state,running
178496.009769,0,tick,""
178496.009774,0,reduction,""
178496.009776,0,sched_state,running
178496.010016,2,sched_state,waiting
178496.010026,2,tick,""
178496.010036,3,sched_state,waiting
178496.010049,3,tick,""
178496.010052,2,sched_state,waiting
178496.010058,2,tick,""
178496.010062,2,sched_state,waiting
178496.010066,2,tick,""
178496.010379,7,sched_state,waiting
178496.010388,7,tick,""
178496.010391,0,tick,""
178496.010397,0,reduction,""
178496.010400,0,sched_state,running
178496.010410,7,sched_state,waiting
178496.010414,7,tick,""
178496.010905,0,tick,""
178496.010965,0,reduction,""
178496.010968,0,sched_state,running
178496.011506,0,tick,""
178496.011512,0,reduction,""
178496.011515,0,sched_state,running
178496.011832,0,tick,""
178496.011838,0,spawn,""
178496.011840,0,reduction,""
178496.011844,0,sched_state,running
178496.013214,0,tick,""
178496.013221,0,queue_length,5
178496.013229,0,reduction,""
178496.013235,0,sched_state,running
178496.013611,0,tick,""
178496.013620,0,reduction,""
178496.013622,0,sched_state,running
178496.013910,0,tick,""
178496.013915,0,reduction,""
178496.013917,0,sched_state,running
178496.014191,0,tick,""
178496.014204,0,reduction,""
178496.014207,0,sched_state,running
178496.014496,0,tick,""
178496.014501,0,reduction,""
178496.014504,0,sched_state,running
178496.014791,0,tick,""
178496.014797,0,reduction,""
178496.014800,0,sched_state,running
178496.015075,0,tick,""
178496.016521,7,channel_blocked,684
178496.016524,0,yield,""
178496.016530,0,sched_state,running
178496.016541,0,tick,""
178496.016560,0,queue_length,4
178496.017775,0,sched_state,running
178496.018474,0,tick,""
178496.018482,0,reduction,""
178496.018485,0,sched_state,running
178496.019287,0,tick,""
178496.019298,0,reduction,""
178496.019302,0,sched_state,running
178496.019688,0,tick,""
178496.019692,0,reduction,""
178496.019697,0,sched_state,running
178496.020139,0,tick,""
178496.020149,0,reduction,""
178496.020152,0,sched_state,running
178496.020507,0,tick,""
178496.020512,0,reduction,""
178496.020513,0,sched_state,running
178496.020752,0,tick,""
178496.020876,0,reduction,""
178496.020879,0,sched_state,running
178496.021021,6,sched_state,waiting
178496.021031,6,tick,""
178496.021040,1,sched_state,waiting
178496.021050,1,tick,""
178496.021056,6,sched_state,waiting
178496.021061,6,tick,""
178496.021067,6,sched_state,waiting
178496.021070,6,tick,""
178496.021080,1,sched_state,waiting
178496.021088,1,tick,""
178496.021093,1,sched_state,waiting
178496.021098,1,tick,""
178496.021154,0,tick,""
178496.021166,0,reduction,""
178496.021168,0,sched_state,running
178496.021502,0,tick,""
178496.021596,0,reduction,""
178496.021599,0,sched_state,running
178496.021822,0,tick,""
178496.021829,0,reduction,""
178496.021830,0,sched_state,running
178496.022164,0,tick,""
178496.022179,0,reduction,""
178496.022184,0,sched_state,running
178496.022439,0,tick,""
178496.022456,0,reduction,""
178496.022458,0,sched_state,running
178496.022675,0,tick,""
178496.022689,0,reduction,""
178496.022691,0,sched_state,running
178496.023026,0,tick,""
178496.023233,0,reduction,""
178496.023235,0,sched_state,running
178496.023460,0,tick,""
178496.023468,0,reduction,""
178496.023470,0,sched_state,running
178496.023803,0,tick,""
178496.023810,0,reduction,""
178496.023812,0,sched_state,running
178496.024069,0,tick,""
178496.024074,0,reduction,""
178496.024076,0,sched_state,running
178496.024299,0,tick,""
178496.024305,0,reduction,""
178496.024307,0,sched_state,running
178496.024639,0,tick,""
178496.024644,0,reduction,""
178496.024646,0,sched_state,running
178496.024906,0,tick,""
178496.024911,0,reduction,""
178496.024912,0,sched_state,running
178496.025127,0,tick,""
178496.025132,0,reduction,""
178496.025135,0,sched_state,running
178496.025467,0,tick,""
178496.025474,0,queue_length,3
178496.027726,0,queue_length,3
178496.028713,0,sched_state,running
178496.029016,0,tick,""
178496.029020,0,reduction,""
178496.029023,0,sched_state,running
178496.029259,0,tick,""
178496.029263,0,reduction,""
178496.029264,0,sched_state,running
178496.029514,0,tick,""
178496.029518,0,reduction,""
178496.029520,0,sched_state,running
178496.029743,0,tick,""
178496.029746,0,reduction,""
178496.029748,0,sched_state,running
178496.029970,0,tick,""
178496.029973,0,reduction,""
178496.029975,0,sched_state,running
178496.030272,0,tick,""
178496.030278,0,reduction,""
178496.030280,0,sched_state,running
178496.030612,0,tick,""
178496.030635,0,reduction,""
178496.030637,0,sched_state,running
178496.030870,0,tick,""
178496.030874,0,reduction,""
178496.030876,0,sched_state,running
178496.031108,0,tick,""
178496.031129,0,reduction,""
178496.031131,0,sched_state,running
178496.031489,0,tick,""
178496.031508,0,reduction,""
178496.031510,0,sched_state,running
178496.031762,0,tick,""
178496.031768,0,reduction,""
178496.031770,0,sched_state,running
178496.032021,2,sched_state,waiting
178496.032060,5,sched_state,waiting
178496.032162,7,sched_state,waiting
178496.032383,0,tick,""
178496.032383,2,tick,""
178496.032447,2,sched_state,waiting
178496.032460,2,tick,""
178496.032521,7,tick,""
178496.032535,6,sched_state,waiting
178496.032546,7,sched_state,waiting
178496.032546,6,tick,""
178496.032553,7,tick,""
178496.032570,6,sched_state,waiting
178496.032576,6,tick,""
178496.032618,0,reduction,""
178496.032622,0,sched_state,running
178496.032824,1,sched_state,running
178496.032860,5,tick,""
178496.032867,5,sched_state,waiting
178496.032886,5,tick,""
178496.033160,1,tick,""
178496.033167,1,reduction,""
178496.033169,1,sched_state,running
178496.033621,0,tick,""
178496.033648,0,reduction,""
178496.033651,0,sched_state,running
178496.033921,1,tick,""
178496.033930,1,reduction,""
178496.033931,1,sched_state,running
178496.034072,0,tick,""
178496.034075,0,reduction,""
178496.034077,0,sched_state,running
178496.034128,1,tick,""
178496.034133,1,reduction,""
178496.034135,1,sched_state,running
178496.034314,0,tick,""
178496.034332,0,reduction,""
178496.034337,0,sched_state,running
178496.034427,1,tick,""
178496.034567,0,tick,""
178496.034635,0,reduction,""
178496.034636,0,sched_state,running
178496.034897,0,tick,""
178496.034911,0,reduction,""
178496.034913,0,sched_state,running
178496.035141,0,tick,""
178496.035146,0,spawn,""
178496.035148,0,reduction,""
178496.035149,0,sched_state,running
178496.035476,6,channel_blocked,716
178496.035479,1,yield,""
178496.035481,1,sched_state,running
178496.035494,1,tick,""
178496.035504,1,queue_length,0
178496.035508,1,sched_state,waiting
178496.035513,1,tick,""
178496.035556,1,sched_state,waiting
178496.035560,1,tick,""
178496.036210,0,tick,""
178496.036214,0,queue_length,4
178496.036216,0,reduction,""
178496.036219,0,sched_state,running
178496.036587,0,tick,""
178496.036593,0,reduction,""
178496.036595,0,sched_state,running
178496.036862,0,tick,""
178496.040252,0,queue_length,4
178496.041045,0,sched_state,running
178496.041419,0,tick,""
178496.041426,0,reduction,""
178496.041429,0,sched_state,running
178496.041665,0,tick,""
178496.041671,0,reduction,""
178496.041672,0,sched_state,running
178496.041901,0,tick,""
178496.041906,0,reduction,""
178496.041908,0,sched_state,running
178496.042129,0,tick,""
178496.042204,0,reduction,""
178496.042207,0,sched_state,running
178496.042564,0,tick,""
178496.042571,0,reduction,""
178496.042574,0,sched_state,running
178496.042931,0,tick,""
178496.042945,0,spawn,""
178496.042948,0,reduction,""
178496.042950,0,sched_state,running
178496.043024,7,sched_state,waiting
178496.043032,7,tick,""
178496.043035,7,sched_state,waiting
178496.043039,7,tick,""
178496.043054,6,sched_state,waiting
178496.043067,6,tick,""
178496.043071,6,sched_state,waiting
178496.043076,6,tick,""
178496.043081,7,sched_state,waiting
178496.043087,7,tick,""
178496.043105,6,sched_state,waiting
178496.043110,6,tick,""
178496.044104,0,tick,""
178496.044124,0,queue_length,5
178496.044127,0,reduction,""
178496.044130,0,sched_state,running
178496.044494,0,tick,""
178496.044503,0,reduction,""
178496.044505,0,sched_state,running
178496.044860,0,tick,""
178496.044865,0,reduction,""
178496.044867,0,sched_state,running
178496.045121,0,tick,""
178496.045127,0,reduction,""
178496.045129,0,sched_state,running
178496.045476,0,tick,""
178496.045481,0,reduction,""
178496.045483,0,sched_state,running
178496.045742,0,tick,""
178496.045748,0,reduction,""
178496.045750,0,sched_state,running
178496.046006,1,sched_state,waiting
178496.046012,1,tick,""
178496.046037,1,sched_state,waiting
178496.046043,1,tick,""
178496.046047,1,sched_state,waiting
178496.046051,1,tick,""
178496.046103,0,tick,""
178496.047757,9,channel_blocked,891
178496.047762,0,yield,""
178496.047766,0,sched_state,running
178496.047784,0,tick,""
178496.047794,0,queue_length,4
178496.049769,0,sched_state,running
178496.050197,0,tick,""
178496.050202,0,reduction,""
178496.050204,0,sched_state,running
178496.050625,0,tick,""
178496.050631,0,reduction,""
178496.050635,0,sched_state,running
178496.051010,0,tick,""
178496.051018,0,reduction,""
178496.051020,0,sched_state,running
178496.051286,0,tick,""
178496.051291,0,reduction,""
178496.051293,0,sched_state,running
178496.051658,0,tick,""
178496.051671,0,reduction,""
178496.051673,0,sched_state,running
178496.051938,0,tick,""
178496.052062,0,reduction,""
178496.052065,0,sched_state,running
178496.052311,0,tick,""
178496.052319,0,reduction,""
178496.052321,0,sched_state,running
178496.052676,0,tick,""
178496.052784,0,reduction,""
178496.052787,0,sched_state,running
178496.053029,0,tick,""
178496.053034,0,reduction,""
178496.053035,0,sched_state,running
178496.053277,0,tick,""
178496.053292,0,reduction,""
178496.053294,0,sched_state,running
178496.053648,0,tick,""
178496.053663,0,reduction,""
178496.053665,0,sched_state,running
178496.053928,0,tick,""
178496.053939,0,reduction,""
178496.053941,0,sched_state,running
178496.054018,6,sched_state,waiting
178496.054026,6,tick,""
178496.054030,6,sched_state,waiting
178496.054034,6,tick,""
178496.054046,5,sched_state,waiting
178496.054063,6,sched_state,waiting
178496.054067,5,tick,""
178496.054069,6,tick,""
178496.054286,0,tick,""
178496.054516,0,reduction,""
178496.054519,0,sched_state,running
178496.054907,0,tick,""
178496.054915,0,reduction,""
178496.054918,0,sched_state,running
178496.055292,0,tick,""
178496.055299,0,reduction,""
178496.055301,0,sched_state,running
178496.055560,0,tick,""
178496.055566,0,reduction,""
178496.055568,0,sched_state,running
178496.055811,0,tick,""
178496.055817,0,reduction,""
178496.055819,0,sched_state,running
178496.056200,0,tick,""
178496.056206,0,reduction,""
178496.056208,0,sched_state,running
178496.056473,0,tick,""
178496.056478,0,reduction,""
178496.056479,0,sched_state,running
178496.056736,0,tick,""
178496.056741,0,reduction,""
178496.056743,0,sched_state,running
178496.057007,1,sched_state,waiting
178496.057017,1,tick,""
178496.057039,1,sched_state,waiting
178496.057044,1,tick,""
178496.057113,0,tick,""
178496.057853,0,queue_length,4
178496.058832,0,sched_state,running
178496.059184,0,tick,""
178496.059190,0,reduction,""
178496.059193,0,sched_state,running
178496.059443,0,tick,""
178496.059447,0,reduction,""
178496.059449,0,sched_state,running
178496.059666,0,tick,""
178496.059670,0,reduction,""
178496.059672,0,sched_state,running
178496.060013,0,tick,""
178496.060933,8,channel_blocked,932
178496.060937,0,yield,""
178496.060939,0,sched_state,running
178496.060950,0,tick,""
178496.060958,0,queue_length,3
178496.063108,0,sched_state,running
178496.063742,0,tick,""
178496.063747,0,reduction,""
178496.063749,0,sched_state,running
178496.064409,0,tick,""
178496.064418,0,reduction,""
178496.064421,0,sched_state,running
178496.064766,0,tick,""
178496.064772,0,reduction,""
178496.064775,0,sched_state,running
178496.065089,5,sched_state,waiting
178496.065090,4,sched_state,waiting
178496.065096,5,tick,""
178496.065103,4,tick,""
178496.065121,7,sched_state,waiting
178496.065123,0,tick,""
178496.065128,7,tick,""
178496.065131,0,reduction,""
178496.065133,0,sched_state,running
178496.065155,7,sched_state,waiting
178496.065160,7,tick,""
178496.065667,0,tick,""
178496.065673,0,reduction,""
178496.065675,0,sched_state,running
178496.066086,0,tick,""
178496.066099,0,reduction,""
178496.066101,0,sched_state,running
178496.066620,0,tick,""
178496.066653,0,reduction,""
178496.066655,0,sched_state,running
178496.066912,0,tick,""
178496.066917,0,reduction,""
178496.066920,0,sched_state,running
178496.067319,0,tick,""
178496.067339,0,reduction,""
178496.067341,0,sched_state,running
178496.067601,0,tick,""
178496.067616,0,reduction,""
178496.067618,0,sched_state,running
178496.067867,0,tick,""
178496.067872,0,reduction,""
178496.067874,0,sched_state,running
178496.068007,1,sched_state,waiting
178496.068015,1,tick,""
178496.068061,1,sched_state,waiting
178496.068067,1,tick,""
178496.068155,0,tick,""
178496.068272,0,reduction,""
178496.068275,0,sched_state,running
178496.068536,0,tick,""
178496.068550,0,reduction,""
178496.068551,0,sched_state,running
178496.068808,0,tick,""
178496.068812,0,reduction,""
178496.068813,0,sched_state,running
178496.069068,0,tick,""
178496.069085,0,reduction,""
178496.069087,0,sched_state,running
178496.069335,0,tick,""
178496.069395,0,reduction,""
178496.069397,0,sched_state,running
178496.069669,0,tick,""
178496.069685,0,reduction,""
178496.069687,0,sched_state,running
178496.069937,0,tick,""
178496.069942,0,spawn,""
178496.069944,0,reduction,""
178496.069945,0,sched_state,running
178496.070944,0,tick,""
178496.070951,0,reduction,""
178496.070952,0,queue_length,4
178496.070953,0,sched_state,running
178496.071323,0,tick,""
178496.071330,0,reduction,""
178496.071333,0,sched_state,running
178496.071704,0,tick,""
178496.072624,0,queue_length,4
178496.073770,0,sched_state,running
178496.074167,0,tick,""
178496.074173,0,reduction,""
178496.074176,0,sched_state,running
178496.074534,0,tick,""
178496.074540,0,reduction,""
178496.074542,0,sched_state,running
178496.074880,0,tick,""
178496.074887,0,reduction,""
178496.074897,0,sched_state,running
178496.075257,0,tick,""
178496.075321,0,reduction,""
178496.075324,0,sched_state,running
178496.075701,0,tick,""
178496.075708,0,reduction,""
178496.075710,0,sched_state,running
178496.076009,4,sched_state,waiting
178496.076015,7,sched_state,waiting
178496.076024,7,tick,""
178496.076027,7,sched_state,waiting
178496.076031,7,tick,""
178496.076043,6,sched_state,waiting
178496.076056,6,tick,""
178496.076058,4,tick,""
178496.076060,7,sched_state,waiting
178496.076065,7,tick,""
178496.076086,0,tick,""
178496.076094,0,spawn,""
178496.076096,0,reduction,""
178496.076098,0,sched_state,running
178496.076099,6,sched_state,waiting
178496.076115,6,tick,""
178496.077556,0,tick,""
178496.077559,0,queue_length,5
178496.077562,0,reduction,""
178496.077565,0,sched_state,running
178496.077919,0,tick,""
178496.077928,0,reduction,""
178496.077931,0,sched_state,running
178496.078297,0,tick,""
178496.078303,0,reduction,""
178496.078306,0,sched_state,running
178496.078667,0,tick,""
178496.078673,0,reduction,""
178496.078676,0,sched_state,running
178496.079040,0,tick,""
178496.079043,1,sched_state,waiting
178496.079046,0,reduction,""
178496.079049,0,sched_state,running
178496.079054,1,tick,""
178496.079085,1,sched_state,waiting
178496.079091,1,tick,""
178496.079100,1,sched_state,waiting
178496.079104,1,tick,""
178496.079350,0,tick,""
178496.079356,0,reduction,""
178496.079357,0,sched_state,running
178496.079602,0,tick,""
178496.080929,11,channel_blocked,1129
178496.080932,0,yield,""
178496.080934,0,sched_state,running
178496.080950,0,tick,""
178496.080968,0,queue_length,4
178496.082569,0,sched_state,running
178496.082888,0,tick,""
178496.082894,0,reduction,""
178496.082897,0,sched_state,running
178496.083349,0,tick,""
178496.083353,0,reduction,""
178496.083357,0,sched_state,running
178496.083623,0,tick,""
178496.083627,0,reduction,""
178496.083629,0,sched_state,running
178496.083896,0,tick,""
178496.083901,0,reduction,""
178496.083904,0,sched_state,running
178496.084172,0,tick,""
178496.084177,0,reduction,""
178496.084179,0,sched_state,running
178496.084438,0,tick,""
178496.084555,0,reduction,""
178496.084557,0,sched_state,running
178496.084827,0,tick,""
178496.084835,0,reduction,""
178496.084837,0,sched_state,running
178496.085104,0,tick,""
178496.085178,0,reduction,""
178496.085180,0,sched_state,running
178496.085442,0,tick,""
178496.085447,0,reduction,""
178496.085448,0,sched_state,running
178496.085706,0,tick,""
178496.085721,0,reduction,""
178496.085723,0,sched_state,running
178496.085967,0,tick,""
178496.085980,0,reduction,""
178496.085981,0,sched_state,running
178496.086225,0,tick,""
178496.086234,0,reduction,""
178496.086236,0,sched_state,running
178496.086481,0,tick,""
178496.086615,0,reduction,""
178496.086617,0,sched_state,running
178496.086924,0,tick,""
178496.086931,0,reduction,""
178496.086934,0,sched_state,running
178496.087045,6,sched_state,waiting
178496.087053,6,tick,""
178496.087053,5,sched_state,waiting
178496.087057,6,sched_state,waiting
178496.087061,6,tick,""
178496.087063,5,tick,""
178496.087146,6,sched_state,waiting
178496.087150,6,tick,""
178496.087349,0,tick,""
178496.087357,0,reduction,""
178496.087359,0,sched_state,running
178496.087716,0,tick,""
178496.087721,0,reduction,""
178496.087723,0,sched_state,running
178496.087986,0,tick,""
178496.087991,0,reduction,""
178496.087993,0,sched_state,running
178496.088256,0,tick,""
178496.088260,0,reduction,""
178496.088262,0,sched_state,running
178496.088520,0,tick,""
178496.088524,0,reduction,""
178496.088525,0,sched_state,running
178496.088788,0,tick,""
178496.088791,0,reduction,""
178496.088793,0,sched_state,running
178496.089054,0,tick,""
178496.089765,0,queue_length,4
178496.090036,1,sched_state,waiting
178496.090045,1,tick,""
178496.090066,1,sched_state,waiting
178496.090071,1,tick,""
178496.090859,0,sched_state,running
178496.091246,0,tick,""
178496.091253,0,reduction,""
178496.091256,0,sched_state,running
178496.091594,0,tick,""
178496.091599,0,reduction,""
178496.091602,0,sched_state,running
178496.091938,0,tick,""
178496.091943,0,reduction,""
178496.091946,0,sched_state,running
178496.092316,0,tick,""
178496.093440,10,channel_blocked,1175
178496.093443,0,yield,""
178496.093446,0,sched_state,running
178496.093459,0,tick,""
178496.093467,0,queue_length,3
178496.095243,0,sched_state,running
178496.095887,0,tick,""
178496.095892,0,reduction,""
178496.095894,0,sched_state,running
178496.096588,0,tick,""
178496.096596,0,reduction,""
178496.096598,0,sched_state,running
178496.096976,0,tick,""
178496.096982,0,reduction,""
178496.096984,0,sched_state,running
178496.097362,0,tick,""
178496.097367,0,reduction,""
178496.097369,0,sched_state,running
178496.097749,0,tick,""
178496.097755,0,reduction,""
178496.097757,0,sched_state,running
178496.098019,7,sched_state,waiting
178496.098027,7,tick,""
178496.098028,6,sched_state,waiting
178496.098037,6,tick,""
178496.098051,7,sched_state,waiting
178496.098057,7,tick,""
178496.098061,7,sched_state,waiting
178496.098065,7,tick,""
178496.098157,0,tick,""
178496.098163,0,reduction,""
178496.098165,0,sched_state,running
178496.098599,0,tick,""
178496.098626,0,reduction,""
178496.098628,0,sched_state,running
178496.099025,0,tick,""
178496.099030,0,reduction,""
178496.099032,0,sched_state,running
178496.099445,0,tick,""
178496.099462,0,reduction,""
178496.099464,0,sched_state,running
178496.099719,0,tick,""
178496.099737,0,reduction,""
178496.099738,0,sched_state,running
178496.099994,0,tick,""
178496.100000,0,reduction,""
178496.100002,0,sched_state,running
178496.100451,0,tick,""
178496.100583,0,reduction,""
178496.100585,0,sched_state,running
178496.100864,0,tick,""
178496.100877,0,reduction,""
178496.100879,0,sched_state,running
178496.101012,1,sched_state,waiting
178496.101021,1,tick,""
178496.101055,1,sched_state,waiting
178496.101059,1,tick,""
178496.101223,0,tick,""
178496.101228,0,reduction,""
178496.101230,0,sched_state,running
178496.101651,0,tick,""
178496.101657,0,reduction,""
178496.101659,0,sched_state,running
178496.102060,0,tick,""
178496.102071,0,reduction,""
178496.102074,0,sched_state,running
178496.102414,0,tick,""
178496.102420,0,reduction,""
178496.102422,0,sched_state,running
178496.102827,0,tick,""
178496.102906,0,reduction,""
178496.102908,0,sched_state,running
178496.103173,0,tick,""
178496.103180,0,reduction,""
178496.103183,0,sched_state,running
178496.103609,0,tick,""
178496.103687,0,reduction,""
178496.103689,0,sched_state,running
178496.103941,0,tick,""
178496.103953,0,queue_length,2
178496.106618,0,queue_length,2
178496.109019,6,sched_state,waiting
178496.109022,5,sched_state,waiting
178496.109450,3,sched_state,waiting
178496.109495,3,tick,""
178496.109509,0,sched_state,running
178496.110048,5,tick,""
178496.110221,6,tick,""
178496.110258,6,sched_state,waiting
178496.110269,6,tick,""
178496.110541,0,tick,""
178496.110547,0,reduction,""
178496.110549,0,sched_state,running
178496.111143,0,tick,""
178496.111150,0,reduction,""
178496.111152,0,sched_state,running
178496.111443,0,tick,""
178496.111447,0,reduction,""
178496.111451,0,sched_state,running
178496.111736,0,tick,""
178496.111739,0,reduction,""
178496.111741,0,sched_state,running
178496.112024,0,tick,""
178496.112029,0,reduction,""
178496.112031,0,sched_state,running
178496.112318,0,tick,""
178496.112445,0,reduction,""
178496.112447,0,sched_state,running
178496.112735,0,tick,""
178496.112741,0,reduction,""
178496.112742,0,sched_state,running
178496.113138,0,tick,""
178496.113249,0,reduction,""
178496.113252,0,sched_state,running
178496.113463,2,sched_state,running
178496.113668,0,tick,""
178496.113674,0,reduction,""
178496.113676,0,sched_state,running
178496.113956,0,tick,""
178496.113968,0,reduction,""
178496.113970,0,sched_state,running
178496.114107,2,tick,""
178496.114114,2,reduction,""
178496.114116,2,sched_state,running
178496.114259,0,tick,""
178496.114274,0,reduction,""
178496.114276,0,sched_state,running
178496.114558,0,tick,""
178496.114569,0,reduction,""
178496.114571,0,sched_state,running
178496.114761,2,tick,""
178496.114769,2,reduction,""
178496.114771,2,sched_state,running
178496.114858,0,tick,""
178496.115039,2,tick,""
178496.115044,2,reduction,""
178496.115045,2,sched_state,running
178496.115095,0,reduction,""
178496.115098,0,sched_state,running
178496.115305,2,tick,""
178496.115362,2,reduction,""
178496.115364,2,sched_state,running
178496.115525,0,tick,""
178496.115534,0,reduction,""
178496.115536,0,sched_state,running
178496.115786,2,tick,""
178496.115793,2,reduction,""
178496.115795,2,sched_state,running
178496.115947,0,tick,""
178496.115956,0,reduction,""
178496.115958,0,sched_state,running
178496.116164,2,tick,""
178496.116171,2,spawn,""
178496.116173,2,reduction,""
178496.116174,2,sched_state,running
178496.116373,0,tick,""
178496.116380,0,reduction,""
178496.116382,0,sched_state,running
178496.116784,0,tick,""
178496.116791,0,reduction,""
178496.116793,0,sched_state,running
178496.117176,2,tick,""
178496.117180,2,reduction,""
178496.117182,2,sched_state,running
178496.117211,0,tick,""
178496.117217,0,reduction,""
178496.117218,0,sched_state,running
178496.117453,2,tick,""
178496.117460,2,reduction,""
178496.117461,2,sched_state,running
178496.117624,0,tick,""
178496.117632,0,reduction,""
178496.117634,0,sched_state,running
178496.117786,2,tick,""
178496.117791,2,reduction,""
178496.117793,2,sched_state,running
178496.118039,0,tick,""
178496.118044,0,reduction,""
178496.118046,0,sched_state,running
178496.118171,2,tick,""
178496.118176,2,reduction,""
178496.118177,2,sched_state,running
178496.118440,2,tick,""
178496.118443,2,reduction,""
178496.118444,2,sched_state,running
178496.118448,0,tick,""
178496.118704,2,tick,""
178496.118708,2,reduction,""
178496.118709,2,sched_state,running
178496.118973,2,tick,""
178496.119624,0,queue_length,2
178496.120688,2,queue_length,1
178496.120898,13,channel_blocked,1364
178496.120901,2,yield,""
178496.120903,2,sched_state,running
178496.120916,2,tick,""
178496.120933,2,queue_length,0
178496.121014,7,sched_state,waiting
178496.121029,7,tick,""
178496.121060,7,sched_state,waiting
178496.121066,7,tick,""
178496.121070,7,sched_state,waiting
178496.121075,7,tick,""
178496.121134,0,sched_state,running
178496.122137,0,tick,""
178496.122146,0,reduction,""
178496.122149,0,sched_state,running
178496.122621,2,sched_state,running
178496.122798,0,tick,""
178496.122803,0,reduction,""
178496.122805,0,sched_state,running
178496.123031,2,tick,""
178496.123038,2,reduction,""
178496.123041,2,sched_state,running
178496.123075,0,tick,""
178496.123080,0,reduction,""
178496.123082,0,sched_state,running
178496.123443,1,sched_state,waiting
178496.123500,0,tick,""
178496.123538,1,tick,""
178496.123573,1,sched_state,waiting
178496.123579,1,tick,""
178496.123893,2,tick,""
178496.123902,2,reduction,""
178496.123905,2,sched_state,running
178496.124375,2,tick,""
178496.124381,2,reduction,""
178496.124384,2,sched_state,running
178496.124853,2,tick,""
178496.124859,2,reduction,""
178496.124861,2,sched_state,running
178496.125013,12,channel_blocked,1414
178496.125017,0,yield,""
178496.125019,0,sched_state,running
178496.125033,0,tick,""
178496.125042,0,queue_length,1
178496.125295,2,tick,""
178496.125302,2,reduction,""
178496.125304,2,sched_state,running
178496.125739,2,tick,""
178496.125898,2,reduction,""
178496.125900,2,sched_state,running
178496.126344,2,tick,""
178496.126351,2,reduction,""
178496.126353,2,sched_state,running
178496.126777,2,tick,""
178496.126875,2,reduction,""
178496.126877,2,sched_state,running
178496.127318,2,tick,""
178496.127334,2,reduction,""
178496.127337,2,sched_state,running
178496.127574,0,sched_state,running
178496.127943,2,tick,""
178496.127962,2,reduction,""
178496.127964,2,sched_state,running
178496.128205,0,tick,""
178496.128215,0,reduction,""
178496.128217,0,sched_state,running
178496.128414,2,tick,""
178496.128441,2,reduction,""
178496.128444,2,sched_state,running
178496.128799,0,tick,""
178496.128814,0,reduction,""
178496.128816,0,sched_state,running
178496.128893,2,tick,""
178496.128907,2,reduction,""
178496.128909,2,sched_state,running
178496.129238,0,tick,""
178496.129253,0,reduction,""
178496.129256,0,sched_state,running
178496.129317,2,tick,""
178496.129567,2,reduction,""
178496.129570,2,sched_state,running
178496.129589,0,tick,""
178496.129600,0,reduction,""
178496.129602,0,sched_state,running
178496.129888,0,tick,""
178496.130009,2,tick,""
178496.130019,2,reduction,""
178496.130020,2,sched_state,running
178496.130046,0,reduction,""
178496.130049,0,sched_state,running
178496.130458,2,tick,""
178496.130465,2,reduction,""
178496.130468,2,sched_state,running
178496.130492,0,tick,""
178496.130498,0,reduction,""
178496.130499,0,sched_state,running
178496.130776,0,tick,""
178496.130781,0,reduction,""
178496.130783,0,sched_state,running
178496.130894,2,tick,""
178496.130901,2,reduction,""
178496.130902,2,sched_state,running
178496.131015,4,sched_state,waiting
178496.131070,0,tick,""
178496.131075,4,tick,""
178496.131078,0,reduction,""
178496.131080,0,sched_state,running
178496.131082,4,sched_state,waiting
178496.131086,4,tick,""
178496.131337,2,tick,""
178496.131343,2,reduction,""
178496.131346,2,sched_state,running
178496.131532,0,tick,""
178496.131539,0,reduction,""
178496.131541,0,sched_state,running
178496.131777,2,tick,""
178496.131783,2,reduction,""
178496.131785,2,sched_state,running
178496.131859,0,tick,""
178496.131866,0,reduction,""
178496.131867,0,sched_state,running
178496.132041,6,sched_state,waiting
178496.132049,6,tick,""
178496.132079,6,sched_state,waiting
178496.132084,6,tick,""
178496.132234,2,tick,""
178496.132241,2,reduction,""
178496.132242,2,sched_state,running
178496.132308,7,sched_state,waiting
178496.132315,7,tick,""
178496.132322,0,tick,""
178496.132328,0,reduction,""
178496.132330,0,sched_state,running
178496.132721,2,tick,""
178496.132727,2,reduction,""
178496.132729,2,sched_state,running
178496.132743,7,sched_state,waiting
178496.132748,7,tick,""
178496.132749,0,tick,""
178496.132756,0,reduction,""
178496.132758,0,sched_state,running
178496.133208,2,tick,""
178496.133228,0,tick,""
178496.133234,0,reduction,""
178496.133236,0,sched_state,running
178496.133978,0,tick,""
178496.133987,0,reduction,""
178496.133989,0,sched_state,running
178496.134019,1,sched_state,waiting
178496.134026,1,tick,""
178496.134053,1,sched_state,waiting
178496.134058,1,tick,""
178496.134442,0,tick,""
178496.134447,0,reduction,""
178496.134448,0,sched_state,running
178496.134577,2,queue_length,0
178496.134902,0,tick,""
178496.136634,2,sched_state,running
178496.137474,2,tick,""
178496.137482,2,reduction,""
178496.137485,2,sched_state,running
178496.137801,2,tick,""
178496.137805,2,reduction,""
178496.137807,2,sched_state,running
178496.138430,2,tick,""
178496.138438,2,reduction,""
178496.138440,2,sched_state,running
178496.138746,2,tick,""
178496.139914,15,channel_blocked,1962
178496.139919,2,yield,""
178496.139921,2,sched_state,running
178496.139989,2,tick,""
178496.140004,2,queue_length,0
178496.140007,2,sched_state,waiting
178496.140083,2,tick,""
178496.140152,2,sched_state,waiting
178496.140158,2,tick,""
178496.141157,13,channel_unblocked,1630
178496.141167,0,yield,""
178496.142107,0,sched_state,running
178496.142109,0,queue_length,2
178496.142769,0,tick,""
178496.142775,0,sched_state,running
178496.142847,0,tick,""
178496.142861,0,queue_length,1
178496.143012,6,sched_state,waiting
178496.143018,6,tick,""
178496.144943,0,sched_state,running
178496.145458,0,tick,""
178496.145466,0,reduction,""
178496.145469,0,sched_state,running
178496.146158,0,tick,""
178496.146170,0,reduction,""
178496.146173,0,sched_state,running
178496.146627,0,tick,""
178496.146632,0,reduction,""
178496.146635,0,sched_state,running
178496.147055,0,tick,""
178496.148139,14,channel_blocked,1665
178496.148142,0,yield,""
178496.148144,0,sched_state,running
178496.148157,0,tick,""
178496.148166,0,queue_length,0
178496.149990,0,sched_state,running
178496.150557,0,tick,""
178496.150573,0,reduction,""
178496.150576,0,sched_state,running
178496.151357,0,tick,""
178496.151368,0,reduction,""
178496.151370,0,sched_state,running
178496.151805,0,tick,""
178496.154013,7,sched_state,waiting
178496.154021,7,tick,""
178496.154054,7,sched_state,waiting
178496.154058,7,tick,""
178496.157417,15,channel_unblocked,1364
178496.157432,0,yield,""
178496.158527,0,sched_state,running
178496.158557,0,queue_length,1
178496.159310,0,tick,""
178496.159329,0,reduction,""
178496.159331,0,sched_state,running
178496.160056,0,tick,""
178496.160067,0,reduction,""
178496.160070,0,sched_state,running
178496.160608,0,tick,""
178496.164805,11,channel_unblocked,1364
178496.164814,0,yield,""
178496.165020,6,sched_state,waiting
178496.165030,6,tick,""
178496.165768,0,sched_state,running
178496.166577,0,tick,""
178496.166583,0,sched_state,running
178496.166793,0,tick,""
178496.167476,0,queue_length,2
178496.167483,0,queue_length,1
178496.169120,0,sched_state,running
178496.169789,0,tick,""
178496.169796,0,sched_state,running
178496.169825,0,tick,""
178496.169838,0,queue_length,0
178496.170968,0,sched_state,running
178496.171322,0,tick,""
178496.171330,0,reduction,""
178496.171332,0,sched_state,running
178496.172039,0,tick,""
178496.172047,0,reduction,""
178496.172049,0,sched_state,running
178496.172380,0,tick,""
178496.176020,7,sched_state,waiting
178496.176031,7,tick,""
178496.176066,7,sched_state,waiting
178496.176072,7,tick,""
178496.177584,14,channel_unblocked,1129
178496.177590,0,yield,""
178496.178351,0,sched_state,running
178496.178458,0,queue_length,1
178496.178940,0,tick,""
178496.178952,0,reduction,""
178496.178954,0,sched_state,running
178496.179415,0,tick,""
178496.179419,0,reduction,""
178496.179421,0,sched_state,running
178496.179709,0,tick,""
178496.185260,9,channel_unblocked,1129
178496.185270,0,yield,""
178496.186043,4,sched_state,waiting
178496.186051,4,tick,""
178496.186104,0,sched_state,running
178496.186131,0,queue_length,2
178496.186862,0,tick,""
178496.186868,0,sched_state,running
178496.186887,0,tick,""
178496.186910,0,queue_length,1
178496.187006,7,sched_state,waiting
178496.187012,7,tick,""
178496.187062,7,sched_state,waiting
178496.187067,7,tick,""
178496.188426,0,sched_state,running
178496.188984,0,tick,""
178496.188990,0,sched_state,running
178496.189087,0,tick,""
178496.189107,0,queue_length,0
178496.190797,0,sched_state,running
178496.191385,0,tick,""
178496.191395,0,reduction,""
178496.191399,0,sched_state,running
178496.192278,0,tick,""
178496.192292,0,reduction,""
178496.192294,0,sched_state,running
178496.192561,0,tick,""
178496.195069,2,sched_state,waiting
178496.195096,2,tick,""
178496.198014,7,sched_state,waiting
178496.198026,7,tick,""
178496.198069,7,sched_state,waiting
178496.198074,7,tick,""
178496.198172,12,channel_unblocked,891
178496.198177,0,yield,""
178496.198864,0,sched_state,running
178496.198941,0,queue_length,1
178496.199417,0,tick,""
178496.199440,0,reduction,""
178496.199445,0,sched_state,running
178496.199773,0,tick,""
178496.199777,0,reduction,""
178496.199779,0,sched_state,running
178496.200047,0,tick,""
178496.207050,7,channel_unblocked,891
178496.207067,0,yield,""
178496.207987,0,sched_state,running
178496.209006,0,tick,""
178496.209015,0,sched_state,running
178496.209032,0,queue_length,2
178496.209041,6,sched_state,waiting
178496.209061,6,tick,""
178496.209142,0,tick,""
178496.209167,0,queue_length,1
178496.211097,0,sched_state,running
178496.211679,0,tick,""
178496.211687,0,sched_state,running
178496.211883,0,tick,""
178496.211892,0,queue_length,0
178496.212843,0,sched_state,running
178496.213237,0,tick,""
178496.213244,0,reduction,""
178496.213246,0,sched_state,running
178496.213706,0,tick,""
178496.213713,0,reduction,""
178496.213718,0,sched_state,running
178496.214098,0,tick,""
178496.217975,10,channel_unblocked,684
178496.217987,0,yield,""
178496.218697,0,sched_state,running
178496.218806,0,queue_length,1
178496.219164,0,tick,""
178496.219176,0,reduction,""
178496.219179,0,sched_state,running
178496.219565,0,tick,""
178496.219570,0,reduction,""
178496.219572,0,sched_state,running
178496.219835,0,tick,""
178496.220016,7,sched_state,waiting
178496.220024,7,tick,""
178496.220055,7,sched_state,waiting
178496.220059,7,tick,""
178496.222036,1,sched_state,waiting
178496.222046,1,tick,""
178496.225421,5,channel_unblocked,684
178496.225428,0,yield,""
178496.225998,0,sched_state,running
178496.226028,0,queue_length,2
178496.226569,0,tick,""
178496.226575,0,sched_state,running
178496.226584,0,tick,""
178496.226596,0,queue_length,1
178496.228085,0,sched_state,running
178496.228382,0,tick,""
178496.228386,0,sched_state,running
178496.228458,0,tick,""
178496.228466,0,queue_length,0
178496.229330,0,sched_state,running
178496.229706,0,tick,""
178496.229713,0,reduction,""
178496.229715,0,sched_state,running
178496.230123,0,tick,""
178496.230131,0,reduction,""
178496.230132,0,sched_state,running
178496.230355,0,tick,""
178496.231013,7,sched_state,waiting
178496.231021,7,tick,""
178496.231051,7,sched_state,waiting
178496.231056,7,tick,""
178496.233044,1,sched_state,waiting
178496.233063,1,tick,""
178496.235773,8,channel_unblocked,466
178496.235797,0,yield,""
178496.236765,0,sched_state,running
178496.236808,0,queue_length,1
178496.237474,0,tick,""
178496.237494,0,reduction,""
178496.237497,0,sched_state,running
178496.237974,0,tick,""
178496.237985,0,reduction,""
178496.237988,0,sched_state,running
178496.238299,0,tick,""
178496.242021,7,sched_state,waiting
178496.242031,7,tick,""
178496.242056,7,sched_state,waiting
178496.242059,7,tick,""
178496.243345,3,channel_unblocked,466
178496.243363,0,yield,""
178496.244046,0,sched_state,running
178496.244046,0,queue_length,2
178496.244853,0,tick,""
178496.244868,0,sched_state,running
178496.245010,0,tick,""
178496.245042,0,queue_length,1
178496.246381,0,sched_state,running
178496.246777,0,tick,""
178496.246783,0,sched_state,running
178496.246798,0,tick,""
178496.246813,0,queue_length,0
178496.248174,0,sched_state,running
178496.248436,0,tick,""
178496.248443,0,reduction,""
178496.248446,0,sched_state,running
178496.248920,0,tick,""
178496.248926,0,reduction,""
178496.248928,0,sched_state,running
178496.249127,0,tick,""
178496.250027,2,sched_state,waiting
178496.250042,2,tick,""
178496.252729,6,channel_unblocked,274
178496.252738,0,yield,""
178496.253013,7,sched_state,waiting
178496.253021,7,tick,""
178496.253048,7,sched_state,waiting
178496.253052,7,tick,""
178496.253338,0,sched_state,running
178496.253826,0,tick,""
178496.253835,0,reduction,""
178496.253837,0,sched_state,running
178496.253914,0,queue_length,1
178496.254206,0,tick,""
178496.254212,0,reduction,""
178496.254214,0,sched_state,running
178496.254519,0,tick,""
178496.255180,3,sched_state,waiting
178496.255194,3,tick,""
178496.256588,2,channel_unblocked,274
178496.256596,0,yield,""
178496.257032,0,sched_state,running
178496.257035,0,queue_length,2
178496.257398,0,tick,""
178496.257401,0,sched_state,running
178496.257485,0,tick,""
178496.257494,0,queue_length,1
178496.258836,0,sched_state,running
178496.259525,0,tick,""
178496.259542,0,sched_state,running
178496.259639,0,tick,""
178496.259658,0,queue_length,0
178496.260422,0,sched_state,running
178496.260712,0,tick,""
178496.260719,0,reduction,""
178496.260721,0,sched_state,running
178496.261146,0,tick,""
178496.261153,0,reduction,""
178496.261156,0,sched_state,running
178496.261419,0,tick,""
178496.264010,7,sched_state,waiting
178496.264016,7,tick,""
178496.264057,7,sched_state,waiting
178496.264060,7,tick,""
178496.264158,4,channel_unblocked,156
178496.264164,0,yield,""
178496.264713,0,sched_state,running
178496.264728,0,queue_length,1
178496.265047,0,tick,""
178496.265056,0,reduction,""
178496.265058,0,sched_state,running
178496.265245,0,tick,""
178496.265249,0,reduction,""
178496.265251,0,sched_state,running
178496.265425,0,tick,""
178496.267806,0,channel_unblocked,156
178496.267811,0,yield,""
178496.268087,0,sched_state,running
178496.268434,0,tick,""
178496.268440,0,sched_state,running
178496.268482,0,tick,""
178496.268768,0,queue_length,2
178496.268778,0,queue_length,1
178496.269672,0,sched_state,running
178496.270131,0,tick,""
178496.270136,0,sched_state,running
178496.270198,0,tick,""
178496.270212,0,queue_length,0
178496.271185,0,sched_state,running
178496.271387,0,tick,""
178496.271392,0,reduction,""
178496.271394,0,sched_state,running
178496.271653,0,tick,""
178496.271658,0,reduction,""
178496.271660,0,sched_state,running
178496.271809,0,tick,""
178496.272023,2,sched_state,waiting
178496.272031,2,tick,""
178496.275010,1,channel_unblocked,87
178496.275011,7,sched_state,waiting
178496.275016,0,yield,""
178496.275018,7,tick,""
178496.275044,7,sched_state,waiting
178496.275049,7,tick,""
178496.275520,0,sched_state,running
178496.275579,0,queue_length,1
178496.275838,0,tick,""
178496.275848,0,reduction,""
178496.275850,0,sched_state,running
178496.276239,0,tick,""
178496.276245,0,sched_state,stop
