timestamp,lpu,event,value
178494.609033,2,sched_state,startup
178494.609036,7,sched_state,startup
178494.609037,5,sched_state,startup
178494.609041,6,sched_state,startup
178494.609180,4,sched_state,startup
178494.609298,0,sched_state,startup
178494.609311,3,sched_state,startup
178494.609334,4,tick,""
178494.609344,4,queue_length,0
178494.609348,4,sched_state,waiting
178494.609354,7,tick,""
178494.609355,5,tick,""
178494.609358,4,tick,""
178494.609367,5,queue_length,0
178494.609370,2,tick,""
178494.609370,6,tick,""
178494.609374,5,sched_state,waiting
178494.609381,2,queue_length,0
178494.609381,6,queue_length,0
178494.609385,5,tick,""
178494.609388,7,queue_length,0
178494.609389,4,sched_state,waiting
178494.609388,6,sched_state,waiting
178494.609388,2,sched_state,waiting
178494.609395,7,sched_state,waiting
178494.609398,4,tick,""
178494.609404,6,tick,""
178494.609404,2,tick,""
178494.609405,7,tick,""
178494.609429,5,sched_state,waiting
178494.609435,5,tick,""
178494.609438,2,sched_state,waiting
178494.609440,6,sched_state,waiting
178494.609441,7,sched_state,waiting
178494.609447,7,tick,""
178494.609448,6,tick,""
178494.609448,2,tick,""
178494.609453,2,sched_state,waiting
178494.609454,7,sched_state,waiting
178494.609458,2,tick,""
178494.609459,7,tick,""
178494.609463,2,sched_state,waiting
178494.609465,1,sched_state,startup
178494.609468,2,tick,""
178494.609474,2,sched_state,waiting
178494.609478,2,tick,""
178494.609488,3,tick,""
178494.609495,3,queue_length,0
178494.609498,2,sched_state,waiting
178494.609500,3,sched_state,waiting
178494.609502,2,tick,""
178494.609513,3,tick,""
178494.609541,3,sched_state,waiting
178494.609548,3,tick,""
178494.609623,1,tick,""
178494.609634,1,queue_length,0
178494.609639,1,sched_state,waiting
178494.609646,0,tick,""
178494.609657,1,tick,""
178494.609683,1,sched_state,waiting
178494.609691,1,tick,""
178494.609727,0,queue_length,1
178494.609731,0,queue_length,0
178494.610015,0,sched_state,running
178494.610180,0,tick,""
178494.610188,0,reduction,""
178494.610190,0,sched_state,running
178494.610293,0,tick,""
178494.610298,0,reduction,""
178494.610299,0,sched_state,running
178494.610451,0,tick,""
178494.610457,0,reduction,""
178494.610459,0,sched_state,running
178494.610552,0,tick,""
178494.610555,0,reduction,""
178494.610556,0,sched_state,running
178494.610647,0,tick,""
178494.610650,0,reduction,""
178494.610651,0,sched_state,running
178494.610861,0,tick,""
178494.610872,0,reduction,""
178494.610877,0,sched_state,running
178494.611108,0,tick,""
178494.611118,0,reduction,""
178494.611123,0,sched_state,running
178494.611350,0,tick,""
178494.611359,0,reduction,""
178494.611364,0,sched_state,running
178494.611725,0,tick,""
178494.611741,0,reduction,""
178494.611748,0,sched_state,running
178494.611997,0,tick,""
178494.612002,0,reduction,""
178494.612004,0,sched_state,running
178494.612089,0,tick,""
178494.612093,0,reduction,""
178494.612095,0,sched_state,running
178494.612184,0,tick,""
178494.612189,0,reduction,""
178494.612190,0,sched_state,running
178494.612274,0,tick,""
178494.612278,0,reduction,""
178494.612280,0,sched_state,running
178494.612362,0,tick,""
178494.612367,0,reduction,""
178494.612369,0,sched_state,running
178494.612452,0,tick,""
178494.612458,0,reduction,""
178494.612460,0,sched_state,running
178494.612540,0,tick,""
178494.613010,0,reduction,""
178494.613024,0,sched_state,running
178494.613167,0,tick,""
178494.613182,0,reduction,""
178494.613186,0,sched_state,running
178494.613300,0,tick,""
178494.613304,0,reduction,""
178494.613306,0,sched_state,running
178494.613373,0,tick,""
178494.613379,0,reduction,""
178494.613381,0,sched_state,running
178494.613446,0,tick,""
178494.614393,0,reduction,""
178494.614397,0,sched_state,running
178494.614508,0,tick,""
178494.615060,0,queue_length,0
178494.615539,0,sched_state,running
178494.615761,0,tick,""
178494.615776,0,reduction,""
178494.615777,0,sched_state,running
178494.615982,0,tick,""
178494.615987,0,spawn,""
178494.615989,0,reduction,""
178494.615990,0,sched_state,running
178494.616401,0,tick,""
178494.616405,0,reduction,""
178494.616405,0,queue_length,1
178494.616406,0,sched_state,running
178494.616521,0,tick,""
178494.616525,0,reduction,""
178494.616526,0,sched_state,running
178494.616640,0,tick,""
178494.616643,0,reduction,""
178494.616644,0,sched_state,running
178494.616753,0,tick,""
178494.616756,0,reduction,""
178494.616757,0,sched_state,running
178494.616865,0,tick,""
178494.616868,0,reduction,""
178494.616870,0,sched_state,running
178494.616975,0,tick,""
178494.617017,0,reduction,""
178494.617020,0,sched_state,running
178494.617186,0,tick,""
178494.617191,0,reduction,""
178494.617192,0,sched_state,running
178494.617353,0,tick,""
178494.617357,0,spawn,""
178494.617359,0,reduction,""
178494.617361,0,sched_state,running
178494.617845,0,tick,""
178494.617848,0,reduction,""
178494.617849,0,sched_state,running
178494.617960,0,tick,""
178494.617966,0,reduction,""
178494.617967,0,sched_state,running
178494.618074,0,tick,""
178494.618077,0,reduction,""
178494.618078,0,sched_state,running
178494.618181,0,tick,""
178494.618184,0,reduction,""
178494.618185,0,sched_state,running
178494.618288,0,tick,""
178494.618291,0,reduction,""
178494.618292,0,sched_state,running
178494.618364,0,queue_length,2
178494.618397,0,tick,""
178494.618401,0,reduction,""
178494.618403,0,sched_state,running
178494.618507,0,tick,""
178494.619125,0,channel_blocked,87
178494.619127,0,yield,""
178494.619128,0,sched_state,running
178494.619134,0,tick,""
178494.619139,0,queue_length,1
178494.619628,0,sched_state,running
178494.619752,0,tick,""
178494.619755,0,reduction,""
178494.619756,0,sched_state,running
178494.619874,0,tick,""
178494.619877,0,reduction,""
178494.619879,0,sched_state,running
178494.619989,0,tick,""
178494.619992,0,reduction,""
178494.619993,0,sched_state,running
178494.620102,0,tick,""
178494.620105,0,reduction,""
178494.620106,0,sched_state,running
178494.620225,0,tick,""
178494.620230,0,reduction,""
178494.620231,0,sched_state,running
178494.620338,0,tick,""
178494.620342,0,reduction,""
178494.620343,0,sched_state,running
178494.620451,0,tick,""
178494.620463,0,reduction,""
178494.620464,0,sched_state,running
178494.620572,0,tick,""
178494.620576,0,reduction,""
178494.620577,0,sched_state,running
178494.620685,0,tick,""
178494.620701,0,reduction,""
178494.620703,0,sched_state,running
178494.620811,0,tick,""
178494.620824,0,reduction,""
178494.620825,0,sched_state,running
178494.620933,0,tick,""
178494.620937,0,reduction,""
178494.620938,0,sched_state,running
178494.621044,0,tick,""
178494.621162,0,reduction,""
178494.621164,0,sched_state,running
178494.621275,0,tick,""
178494.621287,0,reduction,""
178494.621290,0,sched_state,running
178494.621396,0,tick,""
178494.621399,0,reduction,""
178494.621400,0,sched_state,running
178494.621507,0,tick,""
178494.621516,0,reduction,""
178494.621518,0,sched_state,running
178494.621625,0,tick,""
178494.621667,0,reduction,""
178494.621669,0,sched_state,running
178494.621808,0,tick,""
178494.621821,0,reduction,""
178494.621823,0,sched_state,running
178494.621971,0,tick,""
178494.621976,0,spawn,""
178494.621979,0,reduction,""
178494.621980,0,sched_state,running
178494.622600,0,tick,""
178494.622603,0,queue_length,2
178494.622606,0,reduction,""
178494.622608,0,sched_state,running
178494.622768,0,tick,""
178494.622774,0,reduction,""
178494.622776,0,sched_state,running
178494.622931,0,tick,""
178494.623013,3,sched_state,waiting
178494.623013,7,sched_state,waiting
178494.623020,7,tick,""
178494.623020,3,tick,""
178494.623021,5,sched_state,waiting
178494.623035,5,tick,""
178494.623038,5,sched_state,waiting
178494.623043,5,tick,""
178494.623067,2,sched_state,waiting
178494.623069,5,sched_state,waiting
178494.623074,5,tick,""
178494.623076,2,tick,""
178494.623079,2,sched_state,waiting
178494.623082,2,tick,""
178494.623104,2,sched_state,waiting
178494.623109,2,tick,""
178494.623338,6,sched_state,waiting
178494.623350,6,tick,""
178494.623374,6,sched_state,waiting
178494.623381,6,tick,""
178494.624166,0,queue_length,2
178494.625081,0,sched_state,running
178494.625493,0,tick,""
178494.625499,0,reduction,""
178494.625501,0,sched_state,running
178494.625672,0,tick,""
178494.625677,0,reduction,""
178494.625678,0,sched_state,running
178494.625988,0,tick,""
178494.625994,0,reduction,""
178494.625995,0,sched_state,running
178494.626199,0,tick,""
178494.626203,0,reduction,""
178494.626204,0,sched_state,running
178494.626420,0,tick,""
178494.626425,0,reduction,""
178494.626427,0,sched_state,running
178494.626591,0,tick,""
178494.626726,0,reduction,""
178494.626730,0,sched_state,running
178494.626950,0,tick,""
178494.626959,0,reduction,""
178494.626961,0,sched_state,running
178494.627151,0,tick,""
178494.627253,0,reduction,""
178494.627256,0,sched_state,running
178494.627475,0,tick,""
178494.627481,0,reduction,""
178494.627483,0,sched_state,running
178494.627681,0,tick,""
178494.627692,0,reduction,""
178494.627694,0,sched_state,running
178494.627836,0,tick,""
178494.627851,0,reduction,""
178494.627853,0,sched_state,running
178494.627995,0,tick,""
178494.628005,0,reduction,""
178494.628007,0,sched_state,running
178494.628150,0,tick,""
178494.628305,0,reduction,""
178494.628307,0,sched_state,running
178494.628440,0,tick,""
178494.628445,0,reduction,""
178494.628446,0,sched_state,running
178494.628576,0,tick,""
178494.628580,0,reduction,""
178494.628581,0,sched_state,running
178494.628709,0,tick,""
178494.628714,0,reduction,""
178494.628715,0,sched_state,running
178494.628843,0,tick,""
178494.628848,0,reduction,""
178494.628848,0,sched_state,running
178494.628976,0,tick,""
178494.628979,0,reduction,""
178494.628980,0,sched_state,running
178494.629107,0,tick,""
178494.629110,0,reduction,""
178494.629112,0,sched_state,running
178494.629238,0,tick,""
178494.629241,0,reduction,""
178494.629243,0,sched_state,running
178494.629369,0,tick,""
178494.629377,0,queue_length,1
178494.630470,0,queue_length,1
178494.631375,0,sched_state,running
178494.631645,0,tick,""
178494.631651,0,reduction,""
178494.631652,0,sched_state,running
178494.631794,0,tick,""
178494.631798,0,reduction,""
178494.631800,0,sched_state,running
178494.632129,0,tick,""
178494.632134,0,reduction,""
178494.632135,0,sched_state,running
178494.632269,0,tick,""
178494.632327,0,reduction,""
178494.632329,0,sched_state,running
178494.632460,0,tick,""
178494.632465,0,reduction,""
178494.632467,0,sched_state,running
178494.632598,0,tick,""
178494.632602,0,spawn,""
178494.632604,0,reduction,""
178494.632605,0,sched_state,running
178494.633204,0,tick,""
178494.633209,0,reduction,""
178494.633210,0,sched_state,running
178494.633373,0,tick,""
178494.633379,0,reduction,""
178494.633381,0,sched_state,running
178494.633516,0,tick,""
178494.633519,0,reduction,""
178494.633520,0,sched_state,running
178494.633653,0,tick,""
178494.633657,0,reduction,""
178494.633659,0,sched_state,running
178494.633789,0,tick,""
178494.633793,0,reduction,""
178494.633794,0,sched_state,running
178494.633924,0,tick,""
178494.633928,0,reduction,""
178494.633929,0,sched_state,running
178494.634023,7,sched_state,waiting
178494.634026,1,sched_state,waiting
178494.634094,3,sched_state,waiting
178494.634374,2,sched_state,running
178494.634387,0,tick,""
178494.634388,7,tick,""
178494.634904,3,tick,""
178494.634952,3,sched_state,waiting
178494.635039,3,tick,""
178494.635075,1,tick,""
178494.635079,5,sched_state,waiting
178494.635106,5,tick,""
178494.635109,1,sched_state,waiting
178494.635190,1,tick,""
178494.635263,2,tick,""
178494.635268,2,reduction,""
178494.635272,2,sched_state,running
178494.635630,2,tick,""
178494.635635,0,queue_length,2
178494.635636,2,reduction,""
178494.635638,2,sched_state,running
178494.635643,7,sched_state,waiting
178494.635660,7,tick,""
178494.635666,7,sched_state,waiting
178494.635667,2,channel_blocked,153
178494.635671,0,yield,""
178494.635671,7,tick,""
178494.635673,0,sched_state,running
178494.635675,7,sched_state,waiting
178494.635679,7,tick,""
178494.635694,0,tick,""
178494.635702,0,queue_length,1
178494.635832,2,tick,""
178494.635838,2,reduction,""
178494.635840,2,sched_state,running
178494.636028,2,tick,""
178494.636032,2,reduction,""
178494.636034,2,sched_state,running
178494.636241,2,tick,""
178494.636246,2,reduction,""
178494.636249,2,sched_state,running
178494.636250,0,sched_state,running
178494.636436,2,tick,""
178494.636442,2,reduction,""
178494.636443,2,sched_state,running
178494.636528,0,tick,""
178494.636536,0,reduction,""
178494.636537,0,sched_state,running
178494.636629,2,tick,""
178494.636653,2,reduction,""
178494.636655,2,sched_state,running
178494.636803,0,tick,""
178494.636807,0,reduction,""
178494.636813,0,sched_state,running
178494.636840,2,tick,""
178494.636846,2,reduction,""
178494.636848,2,sched_state,running
178494.636960,0,tick,""
178494.636964,0,reduction,""
178494.636965,0,sched_state,running
178494.637030,2,tick,""
178494.637052,2,reduction,""
178494.637054,2,sched_state,running
178494.637106,0,tick,""
178494.637232,2,tick,""
178494.637251,2,reduction,""
178494.637253,2,sched_state,running
178494.637438,2,tick,""
178494.637444,2,reduction,""
178494.637446,2,sched_state,running
178494.637621,1,channel_blocked,174
178494.637623,0,yield,""
178494.637625,0,sched_state,running
178494.637624,2,tick,""
178494.637631,0,tick,""
178494.637637,0,queue_length,0
178494.637807,2,reduction,""
178494.637810,2,sched_state,running
178494.637997,2,tick,""
178494.638017,2,reduction,""
178494.638019,2,sched_state,running
178494.638207,2,tick,""
178494.638212,2,reduction,""
178494.638214,2,sched_state,running
178494.638397,2,tick,""
178494.638411,2,reduction,""
178494.638413,2,sched_state,running
178494.638428,0,sched_state,running
178494.638595,2,tick,""
178494.638664,2,reduction,""
178494.638667,2,sched_state,running
178494.638770,0,tick,""
178494.638774,0,reduction,""
178494.638775,0,sched_state,running
178494.638852,2,tick,""
178494.638865,2,reduction,""
178494.638867,2,sched_state,running
178494.639049,2,tick,""
178494.639055,2,spawn,""
178494.639058,2,reduction,""
178494.639059,2,sched_state,running
178494.639075,0,tick,""
178494.639079,0,reduction,""
178494.639080,0,sched_state,running
178494.639252,0,tick,""
178494.639256,0,reduction,""
178494.639257,0,sched_state,running
178494.639428,0,tick,""
178494.639431,0,reduction,""
178494.639432,0,sched_state,running
178494.639601,0,tick,""
178494.639605,0,reduction,""
178494.639607,0,sched_state,running
178494.639773,0,tick,""
178494.639832,2,tick,""
178494.639837,2,reduction,""
178494.639839,2,sched_state,running
178494.639878,0,reduction,""
178494.639881,0,sched_state,running
178494.640034,2,tick,""
178494.640039,2,reduction,""
178494.640041,2,sched_state,running
178494.640057,0,tick,""
178494.640064,0,reduction,""
178494.640066,0,sched_state,running
178494.640241,2,tick,""
178494.640247,0,tick,""
178494.640322,0,reduction,""
178494.640324,0,sched_state,running
178494.640493,0,tick,""
178494.640498,0,reduction,""
178494.640500,0,sched_state,running
178494.640666,0,tick,""
178494.640677,0,reduction,""
178494.640679,0,sched_state,running
178494.640846,0,tick,""
178494.640875,0,reduction,""
178494.640878,0,sched_state,running
178494.641044,0,tick,""
178494.641055,0,reduction,""
178494.641057,0,sched_state,running
178494.641222,0,tick,""
178494.641393,0,reduction,""
178494.641396,0,sched_state,running
178494.641481,2,queue_length,1
178494.641487,2,queue_length,1
178494.641569,0,tick,""
178494.641575,0,reduction,""
178494.641576,0,sched_state,running
178494.641741,0,tick,""
178494.641746,0,reduction,""
178494.641747,0,sched_state,running
178494.641914,0,tick,""
178494.641920,0,reduction,""
178494.641921,0,sched_state,running
178494.642085,0,tick,""
178494.642089,0,reduction,""
178494.642091,0,sched_state,running
178494.642255,0,tick,""
178494.642259,0,reduction,""
178494.642261,0,sched_state,running
178494.642424,0,tick,""
178494.642427,0,reduction,""
178494.642429,0,sched_state,running
178494.642534,2,sched_state,running
178494.642593,0,tick,""
178494.642597,0,reduction,""
178494.642598,0,sched_state,running
178494.642761,0,tick,""
178494.642927,2,tick,""
178494.642932,2,reduction,""
178494.642934,2,sched_state,running
178494.643303,0,queue_length,0
178494.643378,2,tick,""
178494.643383,2,reduction,""
178494.643385,2,sched_state,running
178494.643603,2,tick,""
178494.643607,2,reduction,""
178494.643609,2,sched_state,running
178494.643721,0,sched_state,running
178494.643825,2,tick,""
178494.643830,2,reduction,""
178494.643833,2,sched_state,running
178494.643907,0,tick,""
178494.643912,0,reduction,""
178494.643914,0,sched_state,running
178494.644049,2,tick,""
178494.644055,2,reduction,""
178494.644060,2,sched_state,running
178494.644083,0,tick,""
178494.644087,0,reduction,""
178494.644088,0,sched_state,running
178494.644260,0,tick,""
178494.644263,0,reduction,""
178494.644265,0,sched_state,running
178494.644282,2,tick,""
178494.644287,2,reduction,""
178494.644291,2,sched_state,running
178494.644430,0,tick,""
178494.644509,2,tick,""
178494.644533,2,reduction,""
178494.644536,2,sched_state,running
178494.644761,2,tick,""
178494.644767,2,reduction,""
178494.644770,2,sched_state,running
178494.644992,2,tick,""
178494.645008,2,reduction,""
178494.645011,2,sched_state,running
178494.645051,4,sched_state,waiting
178494.645057,6,sched_state,waiting
178494.645062,4,tick,""
178494.645068,6,tick,""
178494.645103,6,sched_state,waiting
178494.645174,6,tick,""
178494.645236,2,tick,""
178494.645259,2,reduction,""
178494.645261,2,sched_state,running
178494.645427,3,channel_blocked,419
178494.645431,0,yield,""
178494.645433,0,sched_state,running
178494.645444,0,tick,""
178494.645451,0,queue_length,0
178494.645456,0,sched_state,waiting
178494.645463,0,tick,""
178494.645482,0,sched_state,waiting
178494.645487,0,tick,""
178494.645492,0,sched_state,waiting
178494.645496,0,tick,""
178494.645498,0,sched_state,waiting
178494.645501,0,tick,""
178494.645503,2,tick,""
178494.645505,0,sched_state,waiting
178494.645509,0,tick,""
178494.645509,2,reduction,""
178494.645511,2,sched_state,running
178494.645753,2,tick,""
178494.645921,2,reduction,""
178494.645924,2,sched_state,running
178494.646020,1,sched_state,waiting
178494.646021,3,sched_state,waiting
178494.646029,1,tick,""
178494.646033,1,sched_state,waiting
178494.646033,3,tick,""
178494.646036,1,tick,""
178494.646042,5,sched_state,waiting
178494.646051,5,tick,""
178494.646060,1,sched_state,waiting
178494.646064,1,tick,""
178494.646067,5,sched_state,waiting
178494.646072,5,tick,""
178494.646120,3,sched_state,waiting
178494.646132,3,tick,""
178494.646176,2,tick,""
178494.646193,2,reduction,""
178494.646196,2,sched_state,running
178494.646440,2,tick,""
178494.646445,2,reduction,""
178494.646446,2,sched_state,running
178494.646661,2,tick,""
178494.646676,2,reduction,""
178494.646678,2,sched_state,running
178494.646918,2,tick,""
178494.646968,2,reduction,""
178494.646971,2,sched_state,running
178494.647213,2,tick,""
178494.647228,2,reduction,""
178494.647229,2,sched_state,running
178494.647472,2,tick,""
178494.647477,2,spawn,""
178494.647479,2,reduction,""
178494.647481,2,sched_state,running
178494.648232,2,tick,""
178494.648236,2,reduction,""
178494.648238,2,sched_state,running
178494.648396,2,tick,""
178494.648400,2,reduction,""
178494.648401,2,sched_state,running
178494.648648,2,tick,""
178494.650082,2,queue_length,2
178494.650086,2,queue_length,2
178494.650519,2,sched_state,running
178494.650687,2,tick,""
178494.650692,2,reduction,""
178494.650693,2,sched_state,running
178494.650849,2,tick,""
178494.650853,2,reduction,""
178494.650855,2,sched_state,running
178494.651011,2,tick,""
178494.651016,2,reduction,""
178494.651017,2,sched_state,running
178494.651169,2,tick,""
178494.651211,2,reduction,""
178494.651213,2,sched_state,running
178494.651450,2,tick,""
178494.651456,2,reduction,""
178494.651459,2,sched_state,running
178494.651700,2,tick,""
178494.651706,2,spawn,""
178494.651708,2,reduction,""
178494.651710,2,sched_state,running
178494.652686,2,tick,""
178494.652692,2,reduction,""
178494.652695,2,sched_state,running
178494.652943,2,tick,""
178494.652950,2,reduction,""
178494.652952,2,sched_state,running
178494.653178,2,tick,""
178494.653183,2,reduction,""
178494.653184,2,sched_state,running
178494.653428,2,tick,""
178494.653434,2,reduction,""
178494.653436,2,sched_state,running
178494.653676,2,tick,""
178494.653682,2,reduction,""
178494.653684,2,sched_state,running
178494.653908,2,tick,""
178494.653921,2,reduction,""
178494.653923,2,sched_state,running
178494.654161,2,tick,""
178494.654883,2,queue_length,3
178494.655195,4,channel_blocked,241
178494.655198,2,yield,""
178494.655200,2,sched_state,running
178494.655208,2,tick,""
178494.655214,2,queue_length,2
178494.656017,6,sched_state,waiting
178494.656018,0,sched_state,waiting
178494.656026,0,tick,""
178494.656028,6,tick,""
178494.656032,4,sched_state,waiting
178494.656032,6,sched_state,waiting
178494.656037,6,tick,""
178494.656039,6,sched_state,waiting
178494.656040,4,tick,""
178494.656042,6,tick,""
178494.656086,4,sched_state,waiting
178494.656087,6,sched_state,waiting
178494.656093,4,tick,""
178494.656094,6,tick,""
178494.656320,2,sched_state,running
178494.656630,2,tick,""
178494.656635,2,reduction,""
178494.656637,2,sched_state,running
178494.657030,1,sched_state,waiting
178494.657037,1,tick,""
178494.657038,3,sched_state,waiting
178494.657044,7,sched_state,waiting
178494.657053,7,tick,""
178494.657053,3,tick,""
178494.657078,3,sched_state,waiting
178494.657078,7,sched_state,waiting
178494.657083,3,tick,""
178494.657085,7,tick,""
178494.657088,2,tick,""
178494.657090,3,sched_state,waiting
178494.657093,2,reduction,""
178494.657095,2,sched_state,running
178494.657095,3,tick,""
178494.657112,1,sched_state,waiting
178494.657119,1,tick,""
178494.657294,2,tick,""
178494.657298,2,reduction,""
178494.657300,2,sched_state,running
178494.657485,2,tick,""
178494.657490,2,reduction,""
178494.657492,2,sched_state,running
178494.657675,2,tick,""
178494.657680,2,reduction,""
178494.657681,2,sched_state,running
178494.657865,2,tick,""
178494.657869,2,reduction,""
178494.657870,2,sched_state,running
178494.658061,2,tick,""
178494.658083,2,reduction,""
178494.658085,2,sched_state,running
178494.658274,2,tick,""
178494.658278,2,reduction,""
178494.658279,2,sched_state,running
178494.658465,2,tick,""
178494.658481,2,reduction,""
178494.658482,2,sched_state,running
178494.658668,2,tick,""
178494.658688,2,reduction,""
178494.658690,2,sched_state,running
178494.658875,2,tick,""
178494.658880,2,reduction,""
178494.658881,2,sched_state,running
178494.659061,2,tick,""
178494.659185,2,reduction,""
178494.659187,2,sched_state,running
178494.659375,2,tick,""
178494.659389,2,reduction,""
178494.659391,2,sched_state,running
178494.659573,2,tick,""
178494.659576,2,reduction,""
178494.659578,2,sched_state,running
178494.659760,2,tick,""
178494.659771,2,reduction,""
178494.659773,2,sched_state,running
178494.659954,2,tick,""
178494.660001,2,reduction,""
178494.660003,2,sched_state,running
178494.660205,2,tick,""
178494.660217,2,reduction,""
178494.660219,2,sched_state,running
178494.660400,2,tick,""
178494.660405,2,spawn,""
178494.660406,2,reduction,""
178494.660408,2,sched_state,running
178494.661118,2,tick,""
178494.661122,2,reduction,""
178494.661124,2,sched_state,running
178494.661316,2,tick,""
178494.661321,2,reduction,""
178494.661322,2,sched_state,running
178494.661505,2,tick,""
178494.661929,2,queue_length,3
178494.663281,2,queue_length,3
178494.663698,2,sched_state,running
178494.663891,2,tick,""
178494.663896,2,reduction,""
178494.663898,2,sched_state,running
178494.664082,2,tick,""
178494.664094,2,reduction,""
178494.664096,2,sched_state,running
178494.664294,2,tick,""
178494.664299,2,reduction,""
178494.664300,2,sched_state,running
178494.664479,2,tick,""
178494.664524,2,reduction,""
178494.664527,2,sched_state,running
178494.664802,2,tick,""
178494.664808,2,reduction,""
178494.664810,2,sched_state,running
178494.665058,2,tick,""
178494.665071,2,spawn,""
178494.665072,2,reduction,""
178494.665073,2,sched_state,running
178494.665810,2,tick,""
178494.665814,2,reduction,""
178494.665816,2,sched_state,running
178494.665994,2,tick,""
178494.666008,2,reduction,""
178494.666009,2,sched_state,running
178494.666189,2,tick,""
178494.666193,2,reduction,""
178494.666194,2,sched_state,running
178494.666371,2,tick,""
178494.666375,2,reduction,""
178494.666376,2,sched_state,running
178494.666554,2,tick,""
178494.666558,2,reduction,""
178494.666559,2,sched_state,running
178494.666733,2,tick,""
178494.666737,2,reduction,""
178494.666738,2,sched_state,running
178494.666914,2,tick,""
178494.667013,0,sched_state,waiting
178494.667019,6,sched_state,waiting
178494.667022,4,sched_state,waiting
178494.667023,0,tick,""
178494.667028,6,tick,""
178494.667038,4,tick,""
178494.667044,4,sched_state,waiting
178494.667048,0,sched_state,waiting
178494.667052,4,tick,""
178494.667055,4,sched_state,waiting
178494.667057,0,tick,""
178494.667060,4,tick,""
178494.667081,4,sched_state,waiting
178494.667085,4,tick,""
178494.667486,2,queue_length,4
178494.667883,5,channel_blocked,512
178494.667886,2,yield,""
178494.667889,2,sched_state,running
178494.667898,2,tick,""
178494.667905,2,queue_length,3
178494.668013,1,sched_state,waiting
178494.668017,7,sched_state,waiting
178494.668019,1,tick,""
178494.668023,5,sched_state,waiting
178494.668027,7,tick,""
178494.668030,5,tick,""
178494.668035,5,sched_state,waiting
178494.668040,1,sched_state,waiting
178494.668040,5,tick,""
178494.668045,1,tick,""
178494.668053,7,sched_state,waiting
178494.668060,7,tick,""
178494.669311,2,sched_state,running
178494.669607,2,tick,""
178494.669612,2,reduction,""
178494.669614,2,sched_state,running
178494.670090,2,tick,""
178494.670096,2,reduction,""
178494.670098,2,sched_state,running
178494.670397,2,tick,""
178494.670402,2,reduction,""
178494.670403,2,sched_state,running
178494.670653,2,tick,""
178494.670665,2,reduction,""
178494.670668,2,sched_state,running
178494.670967,2,tick,""
178494.670973,2,reduction,""
178494.670975,2,sched_state,running
178494.671221,2,tick,""
178494.671340,2,reduction,""
178494.671343,2,sched_state,running
178494.671544,2,tick,""
178494.671559,2,reduction,""
178494.671561,2,sched_state,running
178494.671860,2,tick,""
178494.671969,2,reduction,""
178494.671974,2,sched_state,running
178494.672186,2,tick,""
178494.672192,2,reduction,""
178494.672193,2,sched_state,running
178494.672396,2,tick,""
178494.672419,2,reduction,""
178494.672420,2,sched_state,running
178494.672719,2,tick,""
178494.672736,2,reduction,""
178494.672738,2,sched_state,running
178494.672972,2,tick,""
178494.672983,2,reduction,""
178494.672984,2,sched_state,running
178494.673166,2,tick,""
178494.673374,2,reduction,""
178494.673376,2,sched_state,running
178494.673643,2,tick,""
178494.673648,2,reduction,""
178494.673650,2,sched_state,running
178494.673830,2,tick,""
178494.673837,2,reduction,""
178494.673839,2,sched_state,running
178494.674116,2,tick,""
178494.674122,2,reduction,""
178494.674124,2,sched_state,running
178494.674357,2,tick,""
178494.674362,2,reduction,""
178494.674364,2,sched_state,running
178494.674541,2,tick,""
178494.674545,2,reduction,""
178494.674546,2,sched_state,running
178494.674723,2,tick,""
178494.674727,2,reduction,""
178494.674728,2,sched_state,running
178494.674908,2,tick,""
178494.674911,2,reduction,""
178494.674913,2,sched_state,running
178494.675090,2,tick,""
178494.675096,2,queue_length,2
178494.677077,2,queue_length,2
178494.677889,2,sched_state,running
178494.678031,6,sched_state,waiting
178494.678031,4,sched_state,waiting
178494.678042,4,tick,""
178494.678042,6,tick,""
178494.678074,6,sched_state,waiting
178494.678081,6,tick,""
178494.678085,6,sched_state,waiting
178494.678089,6,tick,""
178494.678136,4,sched_state,waiting
178494.678141,4,tick,""
178494.678488,2,tick,""
178494.678497,2,reduction,""
178494.678500,2,sched_state,running
178494.678736,2,tick,""
178494.678741,2,reduction,""
178494.678743,2,sched_state,running
178494.679045,3,sched_state,waiting
178494.679057,3,tick,""
178494.679085,3,sched_state,waiting
178494.679091,3,tick,""
178494.679096,3,sched_state,waiting
178494.679100,3,tick,""
178494.679511,2,tick,""
178494.679521,2,reduction,""
178494.679523,2,sched_state,running
178494.679737,2,tick,""
178494.679776,7,sched_state,running
178494.679798,2,reduction,""
178494.679799,2,sched_state,running
178494.680003,2,tick,""
178494.680008,2,reduction,""
178494.680010,2,sched_state,running
178494.680214,2,tick,""
178494.680220,2,spawn,""
178494.680221,2,reduction,""
178494.680222,2,sched_state,running
178494.680326,7,tick,""
178494.680331,7,reduction,""
178494.680332,7,sched_state,running
178494.680855,7,tick,""
178494.680860,7,reduction,""
178494.680861,7,sched_state,running
178494.681091,2,tick,""
178494.681095,2,reduction,""
178494.681096,2,sched_state,running
178494.681144,7,tick,""
178494.681149,7,reduction,""
178494.681151,7,sched_state,running
178494.681304,2,tick,""
178494.681311,2,reduction,""
178494.681312,2,sched_state,running
178494.681434,7,tick,""
178494.681440,7,reduction,""
178494.681443,7,sched_state,running
178494.681513,2,tick,""
178494.681517,2,reduction,""
178494.681519,2,sched_state,running
178494.681727,7,tick,""
178494.681733,7,reduction,""
178494.681736,7,sched_state,running
178494.681754,2,tick,""
178494.681759,2,reduction,""
178494.681760,2,sched_state,running
178494.681957,2,tick,""
178494.681960,2,reduction,""
178494.681962,2,sched_state,running
178494.682022,7,tick,""
178494.682027,7,reduction,""
178494.682029,7,sched_state,running
178494.682162,2,tick,""
178494.682166,2,reduction,""
178494.682167,2,sched_state,running
178494.682316,7,tick,""
178494.682344,7,reduction,""
178494.682347,7,sched_state,running
178494.682369,2,tick,""
178494.682641,7,tick,""
178494.682646,7,reduction,""
178494.682648,7,sched_state,running
178494.682933,7,tick,""
178494.682956,7,reduction,""
178494.682959,7,sched_state,running
178494.683072,2,queue_length,3
178494.683244,7,tick,""
178494.683273,7,reduction,""
178494.683276,7,sched_state,running
178494.683564,7,tick,""
178494.683570,7,reduction,""
178494.683572,7,sched_state,running
178494.683626,7,channel_blocked,641
178494.683630,2,yield,""
178494.683633,2,sched_state,running
178494.683644,2,tick,""
178494.683653,2,queue_length,2
178494.683858,7,tick,""
178494.684036,7,reduction,""
178494.684039,7,sched_state,running
178494.684335,7,tick,""
178494.684353,7,reduction,""
178494.684355,7,sched_state,running
178494.684642,7,tick,""
178494.684647,7,reduction,""
178494.684649,7,sched_state,running
178494.684853,2,sched_state,running
178494.684942,7,tick,""
178494.684962,7,reduction,""
178494.684964,7,sched_state,running
178494.685248,7,tick,""
178494.685283,2,tick,""
178494.685287,2,reduction,""
178494.685288,2,sched_state,running
178494.685329,7,reduction,""
178494.685331,7,sched_state,running
178494.685632,7,tick,""
178494.685649,7,reduction,""
178494.685651,7,sched_state,running
178494.685824,2,tick,""
178494.685829,2,reduction,""
178494.685831,2,sched_state,running
178494.685939,7,tick,""
178494.685946,7,spawn,""
178494.685948,7,reduction,""
178494.685950,7,sched_state,running
178494.686170,2,tick,""
178494.686175,2,reduction,""
178494.686178,2,sched_state,running
178494.686511,2,tick,""
178494.686516,2,reduction,""
178494.686518,2,sched_state,running
178494.686852,2,tick,""
178494.686858,2,reduction,""
178494.686860,2,sched_state,running
178494.686878,7,tick,""
178494.686884,7,reduction,""
178494.686886,7,sched_state,running
178494.687181,7,tick,""
178494.687187,7,reduction,""
178494.687189,7,sched_state,running
178494.687194,2,tick,""
178494.687344,2,reduction,""
178494.687346,2,sched_state,running
178494.687476,7,tick,""
178494.687689,2,tick,""
178494.687696,2,reduction,""
178494.687697,2,sched_state,running
178494.688032,2,tick,""
178494.688160,2,reduction,""
178494.688164,2,sched_state,running
178494.688504,2,tick,""
178494.688511,2,reduction,""
178494.688513,2,sched_state,running
178494.688845,2,tick,""
178494.688861,2,reduction,""
178494.688864,2,sched_state,running
178494.689196,2,tick,""
178494.689291,2,reduction,""
178494.689297,2,sched_state,running
178494.689592,7,queue_length,1
178494.689600,7,queue_length,1
178494.689651,2,tick,""
178494.689671,2,reduction,""
178494.689673,2,sched_state,running
178494.689703,4,sched_state,waiting
178494.689815,4,tick,""
178494.689853,0,sched_state,waiting
178494.689915,0,tick,""
178494.689929,6,sched_state,waiting
178494.689948,0,sched_state,waiting
178494.689950,6,tick,""
178494.689954,0,tick,""
178494.689961,2,tick,""
178494.689981,6,sched_state,waiting
178494.689994,6,tick,""
178494.690318,3,sched_state,waiting
178494.690349,2,reduction,""
178494.690353,2,sched_state,running
178494.690365,3,tick,""
178494.690681,1,sched_state,waiting
178494.690700,2,tick,""
178494.690709,2,reduction,""
178494.690710,1,tick,""
178494.690711,2,sched_state,running
178494.690736,1,sched_state,waiting
178494.690750,1,tick,""
178494.691051,2,tick,""
178494.691060,2,reduction,""
178494.691062,2,sched_state,running
178494.691398,2,tick,""
178494.691405,2,reduction,""
178494.691408,2,sched_state,running
178494.691528,7,sched_state,running
178494.691742,2,tick,""
178494.691749,2,reduction,""
178494.691751,2,sched_state,running
178494.692082,2,tick,""
178494.692088,2,reduction,""
178494.692090,2,sched_state,running
178494.692115,7,tick,""
178494.692120,7,reduction,""
178494.692122,7,sched_state,running
178494.692428,2,tick,""
178494.692434,2,reduction,""
178494.692436,2,sched_state,running
178494.692450,7,tick,""
178494.692456,7,reduction,""
178494.692458,7,sched_state,running
178494.692769,2,tick,""
178494.692775,2,reduction,""
178494.692777,2,sched_state,running
178494.693026,7,tick,""
178494.693033,7,reduction,""
178494.693035,7,sched_state,running
178494.693110,2,tick,""
178494.693355,7,tick,""
178494.693360,7,reduction,""
178494.693363,7,sched_state,running
178494.693681,7,tick,""
178494.693686,7,reduction,""
178494.693688,7,sched_state,running
178494.694011,7,tick,""
178494.694017,7,reduction,""
178494.694020,7,sched_state,running
178494.694338,7,tick,""
178494.694366,7,reduction,""
178494.694368,7,sched_state,running
178494.694688,7,tick,""
178494.694694,7,reduction,""
178494.694698,7,sched_state,running
178494.695017,7,tick,""
178494.695037,7,reduction,""
178494.695039,7,sched_state,running
178494.695354,7,tick,""
178494.695378,7,reduction,""
178494.695380,7,sched_state,running
178494.695510,2,queue_length,2
178494.695716,7,tick,""
178494.695722,7,reduction,""
178494.695725,7,sched_state,running
178494.696042,7,tick,""
178494.696230,7,reduction,""
178494.696233,7,sched_state,running
178494.696570,7,tick,""
178494.696589,7,reduction,""
178494.696591,7,sched_state,running
178494.696914,7,tick,""
178494.696918,7,reduction,""
178494.696921,7,sched_state,running
178494.697234,7,tick,""
178494.697250,7,reduction,""
178494.697252,7,sched_state,running
178494.697403,2,sched_state,running
178494.697563,7,tick,""
178494.697630,7,reduction,""
178494.697633,7,sched_state,running
178494.697898,2,tick,""
178494.697904,2,reduction,""
178494.697906,2,sched_state,running
178494.697955,7,tick,""
178494.697973,7,reduction,""
178494.697976,7,sched_state,running
178494.698119,2,tick,""
178494.698123,2,reduction,""
178494.698125,2,sched_state,running
178494.698302,7,tick,""
178494.698309,7,spawn,""
178494.698312,7,reduction,""
178494.698313,7,sched_state,running
178494.698324,2,tick,""
178494.698328,2,reduction,""
178494.698329,2,sched_state,running
178494.698524,2,tick,""
178494.699299,6,channel_blocked,711
178494.699301,2,yield,""
178494.699302,2,sched_state,running
178494.699310,2,tick,""
178494.699315,2,queue_length,1
178494.699703,7,tick,""
178494.699710,7,reduction,""
178494.699713,7,sched_state,running
178494.700024,0,sched_state,waiting
178494.700033,0,tick,""
178494.700038,0,sched_state,waiting
178494.700043,0,tick,""
178494.700045,0,sched_state,waiting
178494.700049,0,tick,""
178494.700052,7,tick,""
178494.700059,7,reduction,""
178494.700061,7,sched_state,running
178494.700075,0,sched_state,waiting
178494.700080,0,tick,""
178494.700407,7,tick,""
178494.700775,2,sched_state,running
178494.701044,1,sched_state,waiting
178494.701054,1,tick,""
178494.701152,1,sched_state,waiting
178494.701158,1,tick,""
178494.701293,2,tick,""
178494.701298,2,reduction,""
178494.701300,2,sched_state,running
178494.701777,7,queue_length,2
178494.701781,7,queue_length,1
178494.701864,2,tick,""
178494.701870,2,reduction,""
178494.701872,2,sched_state,running
178494.702245,2,tick,""
178494.702249,2,reduction,""
178494.702251,2,sched_state,running
178494.702491,2,tick,""
178494.702495,2,reduction,""
178494.702496,2,sched_state,running
178494.702737,2,tick,""
178494.702741,2,reduction,""
178494.702743,2,sched_state,running
178494.702980,2,tick,""
178494.703186,2,reduction,""
178494.703189,2,sched_state,running
178494.703430,2,tick,""
178494.703436,2,reduction,""
178494.703438,2,sched_state,running
178494.703677,2,tick,""
178494.703752,2,reduction,""
178494.703754,2,sched_state,running
178494.703991,2,tick,""
178494.703995,2,reduction,""
178494.703997,2,sched_state,running
178494.704257,2,tick,""
178494.704273,2,reduction,""
178494.704275,2,sched_state,running
178494.704365,7,queue_length,1
178494.704650,2,tick,""
178494.704667,2,reduction,""
178494.704670,2,sched_state,running
178494.704968,2,tick,""
178494.704980,2,reduction,""
178494.704982,2,sched_state,running
178494.705222,2,tick,""
178494.705401,2,reduction,""
178494.705403,2,sched_state,running
178494.705643,2,tick,""
178494.705649,2,reduction,""
178494.705650,2,sched_state,running
178494.705890,2,tick,""
178494.705896,2,reduction,""
178494.705898,2,sched_state,running
178494.706134,2,tick,""
178494.706138,2,reduction,""
178494.706140,2,sched_state,running
178494.706377,2,tick,""
178494.706382,2,reduction,""
178494.706383,2,sched_state,running
178494.706620,2,tick,""
178494.706624,2,reduction,""
178494.706625,2,sched_state,running
178494.706859,2,tick,""
178494.706863,2,reduction,""
178494.706864,2,sched_state,running
178494.706993,7,sched_state,running
178494.707097,2,tick,""
178494.707101,2,reduction,""
178494.707102,2,sched_state,running
178494.707338,2,tick,""
178494.707347,2,queue_length,0
178494.707709,7,tick,""
178494.707715,7,reduction,""
178494.707718,7,sched_state,running
178494.708135,7,tick,""
178494.708141,7,reduction,""
178494.708144,7,sched_state,running
178494.708493,7,tick,""
178494.708499,7,reduction,""
178494.708501,7,sched_state,running
178494.708906,7,tick,""
178494.708911,7,reduction,""
178494.708913,7,sched_state,running
178494.709319,7,tick,""
178494.709325,7,reduction,""
178494.709327,7,sched_state,running
178494.709732,7,tick,""
178494.709738,7,reduction,""
178494.709740,7,sched_state,running
178494.710118,7,tick,""
178494.710149,7,reduction,""
178494.710152,7,sched_state,running
178494.710547,7,tick,""
178494.710553,7,reduction,""
178494.710555,7,sched_state,running
178494.710961,7,tick,""
178494.710984,7,reduction,""
178494.710986,7,sched_state,running
178494.711029,6,sched_state,waiting
178494.711325,7,tick,""
178494.711353,7,reduction,""
178494.711356,7,sched_state,running
178494.711429,2,queue_length,0
178494.711756,6,tick,""
178494.711780,0,sched_state,running
178494.711794,6,sched_state,waiting
178494.711798,7,tick,""
178494.711804,7,reduction,""
178494.711806,7,sched_state,running
178494.711874,6,tick,""
178494.712492,7,tick,""
178494.712667,2,sched_state,running
178494.712744,0,tick,""
178494.712753,0,reduction,""
178494.712798,0,sched_state,running
178494.712860,7,reduction,""
178494.712863,7,sched_state,running
178494.713302,7,tick,""
178494.713325,7,reduction,""
178494.713327,7,sched_state,running
178494.713463,0,tick,""
178494.713473,0,reduction,""
178494.713476,0,sched_state,running
178494.713746,7,tick,""
178494.713751,7,reduction,""
178494.713754,7,sched_state,running
178494.714074,0,tick,""
178494.714080,0,reduction,""
178494.714094,0,sched_state,running
178494.714160,7,tick,""
178494.714166,7,reduction,""
178494.714168,7,sched_state,running
178494.714379,2,tick,""
178494.714386,2,reduction,""
178494.714389,2,sched_state,running
178494.714437,0,tick,""
178494.714519,0,reduction,""
178494.714522,0,sched_state,running
178494.714565,7,tick,""
178494.714570,7,reduction,""
178494.714571,7,sched_state,running
178494.714868,0,tick,""
178494.714875,0,reduction,""
178494.714876,0,sched_state,running
178494.714970,7,tick,""
178494.714977,7,reduction,""
178494.714979,7,sched_state,running
178494.715057,2,tick,""
178494.715064,2,reduction,""
178494.715066,2,sched_state,running
178494.715219,0,tick,""
178494.715227,0,spawn,""
178494.715229,0,reduction,""
178494.715231,0,sched_state,running
178494.715341,7,tick,""
178494.715488,7,reduction,""
178494.715491,7,sched_state,running
178494.715773,2,tick,""
178494.715778,2,reduction,""
178494.715781,2,sched_state,running
178494.715901,7,tick,""
178494.715908,7,reduction,""
178494.715910,7,sched_state,running
178494.716172,2,tick,""
178494.716309,7,tick,""
178494.716450,7,reduction,""
178494.716453,7,sched_state,running
178494.716794,7,tick,""
178494.716805,7,queue_length,0
178494.716887,0,tick,""
178494.716893,0,reduction,""
178494.716895,0,sched_state,running
178494.716931,0,queue_length,1
178494.717253,0,tick,""
178494.717264,0,reduction,""
178494.717267,0,sched_state,running
178494.717603,0,tick,""
178494.717609,0,reduction,""
178494.717612,0,sched_state,running
178494.718100,9,channel_blocked,1122
178494.718103,2,yield,""
178494.718106,2,sched_state,running
178494.718130,2,tick,""
178494.718140,2,queue_length,0
178494.718144,2,sched_state,waiting
178494.718150,2,tick,""
178494.718182,2,sched_state,waiting
178494.718189,2,tick,""
178494.718193,2,sched_state,waiting
178494.718198,2,tick,""
178494.718200,2,sched_state,waiting
178494.718204,2,tick,""
178494.718205,2,sched_state,waiting
178494.718209,2,tick,""
178494.718212,2,sched_state,waiting
178494.718217,2,tick,""
178494.718458,0,tick,""
178494.718467,0,reduction,""
178494.718469,0,sched_state,running
178494.718706,3,sched_state,running
178494.718837,0,tick,""
178494.718844,0,reduction,""
178494.718846,0,sched_state,running
178494.719189,0,tick,""
178494.719198,0,reduction,""
178494.719199,0,sched_state,running
178494.719431,3,tick,""
178494.719439,3,reduction,""
178494.719442,3,sched_state,running
178494.719548,0,tick,""
178494.719757,3,tick,""
178494.719762,3,reduction,""
178494.719764,3,sched_state,running
178494.720518,3,tick,""
178494.720526,3,reduction,""
178494.720529,3,sched_state,running
178494.720859,3,tick,""
178494.721715,10,channel_blocked,862
178494.721721,0,yield,""
178494.721723,0,sched_state,running
178494.721755,0,tick,""
178494.721770,0,queue_length,0
178494.721792,8,channel_blocked,946
178494.721795,3,yield,""
178494.721797,3,sched_state,running
178494.721854,3,tick,""
178494.721863,3,queue_length,0
178494.721871,3,sched_state,waiting
178494.721922,3,tick,""
178494.722021,3,sched_state,waiting
178494.722026,3,tick,""
178494.722030,3,sched_state,waiting
178494.722032,3,tick,""
178494.722125,7,queue_length,0
178494.722449,4,sched_state,waiting
178494.722473,4,tick,""
178494.722496,4,sched_state,waiting
178494.722500,4,tick,""
178494.723016,5,sched_state,waiting
178494.723936,5,tick,""
178494.723987,5,sched_state,waiting
178494.723998,5,tick,""
178494.724440,0,sched_state,running
178494.724554,7,sched_state,running
178494.725330,0,tick,""
178494.725339,0,reduction,""
178494.725342,0,sched_state,running
178494.725413,7,tick,""
178494.725423,7,reduction,""
178494.725426,7,sched_state,running
178494.725867,7,tick,""
178494.725894,7,reduction,""
178494.725896,7,sched_state,running
178494.726060,0,tick,""
178494.726065,0,reduction,""
178494.726069,0,sched_state,running
178494.726306,7,tick,""
178494.726325,7,reduction,""
178494.726327,7,sched_state,running
178494.726484,0,tick,""
178494.726490,0,reduction,""
178494.726492,0,sched_state,running
178494.726724,7,tick,""
178494.726738,7,reduction,""
178494.726741,7,sched_state,running
178494.726916,0,tick,""
178494.726920,0,reduction,""
178494.726922,0,sched_state,running
178494.727121,7,tick,""
178494.727341,0,tick,""
178494.727348,0,reduction,""
178494.727347,7,reduction,""
178494.727351,0,sched_state,running
178494.727351,7,sched_state,running
178494.727728,7,tick,""
178494.727736,7,reduction,""
178494.727739,7,sched_state,running
178494.728132,7,tick,""
178494.728140,7,reduction,""
178494.728142,7,sched_state,running
178494.728303,0,tick,""
178494.728447,0,reduction,""
178494.728450,0,sched_state,running
178494.728507,7,tick,""
178494.728514,7,reduction,""
178494.728516,7,sched_state,running
178494.728877,0,tick,""
178494.728884,0,reduction,""
178494.728887,0,sched_state,running
178494.728886,7,tick,""
178494.728895,7,reduction,""
178494.728897,7,sched_state,running
178494.729257,7,tick,""
178494.729263,7,reduction,""
178494.729265,7,sched_state,running
178494.729296,0,tick,""
178494.729409,0,reduction,""
178494.729412,0,sched_state,running
178494.729598,2,sched_state,waiting
178494.729631,7,tick,""
178494.729637,7,reduction,""
178494.729639,7,sched_state,running
178494.729678,2,tick,""
178494.729712,2,sched_state,waiting
178494.729718,2,tick,""
178494.729814,0,tick,""
178494.729821,0,reduction,""
178494.729823,0,sched_state,running
178494.730002,7,tick,""
178494.730008,7,reduction,""
178494.730009,7,sched_state,running
178494.730327,7,tick,""
178494.730333,7,reduction,""
178494.730334,7,sched_state,running
178494.730659,0,tick,""
178494.730678,0,reduction,""
178494.730681,0,sched_state,running
178494.730731,7,tick,""
178494.730736,7,reduction,""
178494.730738,7,sched_state,running
178494.731145,7,tick,""
178494.731149,7,reduction,""
178494.731151,7,sched_state,running
178494.731280,0,tick,""
178494.731296,0,reduction,""
178494.731297,0,sched_state,running
178494.731429,7,tick,""
178494.731640,0,tick,""
178494.731653,0,reduction,""
178494.731655,0,sched_state,running
178494.732007,0,tick,""
178494.732390,0,reduction,""
178494.732393,0,sched_state,running
178494.732662,0,tick,""
178494.732668,0,reduction,""
178494.732669,0,sched_state,running
178494.732796,11,channel_blocked,1358
178494.732798,7,yield,""
178494.732800,7,sched_state,running
178494.732809,7,tick,""
178494.732814,7,queue_length,0
178494.732817,7,sched_state,waiting
178494.732932,0,tick,""
178494.732937,0,reduction,""
178494.732938,0,sched_state,running
178494.732954,7,tick,""
178494.732981,7,sched_state,waiting
178494.732985,7,tick,""
178494.732989,7,sched_state,waiting
178494.732991,7,tick,""
178494.732994,7,sched_state,waiting
178494.732997,7,tick,""
178494.733020,6,sched_state,waiting
178494.733122,6,tick,""
178494.733127,6,sched_state,waiting
178494.733132,6,tick,""
178494.733160,6,sched_state,waiting
178494.733165,6,tick,""
178494.733325,4,sched_state,waiting
178494.733329,0,tick,""
178494.733334,4,tick,""
178494.733338,0,reduction,""
178494.733340,0,sched_state,running
178494.733757,3,sched_state,waiting
178494.733849,3,tick,""
178494.734012,5,sched_state,waiting
178494.734163,5,tick,""
178494.734169,5,sched_state,waiting
178494.734174,5,tick,""
178494.734302,0,tick,""
178494.734310,0,reduction,""
178494.734312,0,sched_state,running
178494.734912,0,tick,""
178494.734919,0,reduction,""
178494.734920,0,sched_state,running
178494.735021,1,sched_state,running
178494.735182,0,tick,""
178494.735188,0,reduction,""
178494.735190,0,sched_state,running
178494.735599,0,tick,""
178494.735603,0,reduction,""
178494.735605,0,sched_state,running
178494.735659,1,tick,""
178494.735664,1,reduction,""
178494.735665,1,sched_state,running
178494.735888,0,tick,""
178494.735898,0,queue_length,0
178494.736323,1,tick,""
178494.736331,1,reduction,""
178494.736333,1,sched_state,running
178494.736586,1,tick,""
178494.736591,1,reduction,""
178494.736592,1,sched_state,running
178494.736836,1,tick,""
178494.736933,1,reduction,""
178494.736934,0,queue_length,0
178494.736937,1,sched_state,running
178494.737326,1,tick,""
178494.737333,1,reduction,""
178494.737334,1,sched_state,running
178494.737721,1,tick,""
178494.737727,1,spawn,""
178494.737729,1,reduction,""
178494.737730,1,sched_state,running
178494.737997,0,sched_state,running
178494.738283,0,tick,""
178494.738287,0,reduction,""
178494.738289,0,sched_state,running
178494.738561,0,tick,""
178494.738567,0,reduction,""
178494.738569,0,sched_state,running
178494.738828,0,tick,""
178494.738832,0,reduction,""
178494.738833,0,sched_state,running
178494.739063,1,tick,""
178494.739067,1,reduction,""
178494.739069,1,sched_state,running
178494.739089,0,tick,""
178494.739322,1,tick,""
178494.739330,1,reduction,""
178494.739331,1,sched_state,running
178494.739713,1,tick,""
178494.739719,1,reduction,""
178494.739720,1,sched_state,running
178494.739999,1,tick,""
178494.740004,1,reduction,""
178494.740005,1,sched_state,running
178494.740016,2,sched_state,waiting
178494.740026,2,tick,""
178494.740063,2,sched_state,waiting
178494.740070,2,tick,""
178494.740369,1,tick,""
178494.740374,1,reduction,""
178494.740376,1,sched_state,running
178494.740625,12,channel_blocked,1554
178494.740627,0,yield,""
178494.740629,0,sched_state,running
178494.740638,0,tick,""
178494.740643,0,queue_length,0
178494.740646,0,sched_state,waiting
178494.740649,0,tick,""
178494.740668,0,sched_state,waiting
178494.740674,0,tick,""
178494.740676,0,sched_state,waiting
178494.740680,0,tick,""
178494.740722,1,tick,""
178494.740729,1,reduction,""
178494.740731,1,sched_state,running
178494.741122,1,tick,""
178494.742591,1,queue_length,1
178494.744018,6,sched_state,waiting
178494.744018,3,sched_state,waiting
178494.744030,6,tick,""
178494.744035,4,sched_state,waiting
178494.744046,4,tick,""
178494.744057,6,sched_state,waiting
178494.744063,6,tick,""
178494.744074,4,sched_state,waiting
178494.744089,3,tick,""
178494.744090,4,tick,""
178494.744096,4,sched_state,waiting
178494.744101,4,tick,""
178494.744121,3,sched_state,waiting
178494.744127,3,tick,""
178494.744131,3,sched_state,waiting
178494.744135,3,tick,""
178494.744592,7,sched_state,waiting
178494.744599,11,channel_unblocked,1202
178494.744603,7,tick,""
178494.744608,1,yield,""
178494.744645,7,sched_state,waiting
178494.744650,7,tick,""
178494.745010,5,sched_state,waiting
178494.745018,5,tick,""
178494.745042,5,sched_state,waiting
178494.745050,5,tick,""
178494.745356,1,sched_state,running
178494.745825,1,tick,""
178494.745832,1,reduction,""
178494.745835,1,sched_state,running
178494.746291,1,tick,""
178494.746297,1,reduction,""
178494.746299,1,sched_state,running
178494.746747,1,tick,""
178494.749074,13,channel_blocked,1202
178494.749078,1,yield,""
178494.749080,1,sched_state,running
178494.749096,1,tick,""
178494.749107,1,queue_length,2
178494.749111,1,queue_length,1
178494.750045,1,sched_state,running
178494.750741,1,tick,""
178494.750755,1,reduction,""
178494.750757,1,sched_state,running
178494.751019,2,sched_state,waiting
178494.751019,0,sched_state,waiting
178494.751027,2,tick,""
178494.751028,0,tick,""
178494.751031,0,sched_state,waiting
178494.751036,0,tick,""
178494.751405,1,tick,""
178494.751410,1,reduction,""
178494.751412,1,sched_state,running
178494.751862,1,tick,""
178494.751867,1,reduction,""
178494.751870,1,sched_state,running
178494.752322,1,tick,""
178494.752327,1,reduction,""
178494.752329,1,sched_state,running
178494.752613,1,tick,""
178494.752618,1,reduction,""
178494.752620,1,sched_state,running
178494.752903,1,tick,""
178494.753070,1,reduction,""
178494.753073,1,sched_state,running
178494.753468,1,tick,""
178494.753474,1,reduction,""
178494.753475,1,sched_state,running
178494.753758,1,tick,""
178494.753833,1,reduction,""
178494.753834,1,sched_state,running
178494.754116,1,tick,""
178494.754121,1,reduction,""
178494.754122,1,sched_state,running
178494.754403,1,tick,""
178494.754415,1,reduction,""
178494.754416,1,sched_state,running
178494.754699,1,tick,""
178494.754713,1,reduction,""
178494.754714,1,sched_state,running
178494.754995,1,tick,""
178494.755005,1,reduction,""
178494.755007,1,sched_state,running
178494.755013,6,sched_state,waiting
178494.755015,3,sched_state,waiting
178494.755016,7,sched_state,waiting
178494.755019,6,tick,""
178494.755021,7,tick,""
178494.755021,3,tick,""
178494.755043,4,sched_state,waiting
178494.755051,7,sched_state,waiting
178494.755051,3,sched_state,waiting
178494.755051,4,tick,""
178494.755055,7,tick,""
178494.755055,3,tick,""
178494.755081,6,sched_state,waiting
178494.755090,6,tick,""
178494.755087,4,sched_state,waiting
178494.755097,4,tick,""
178494.755109,4,sched_state,waiting
178494.755114,4,tick,""
178494.755426,1,tick,""
178494.755684,1,reduction,""
178494.755686,1,sched_state,running
178494.756010,5,sched_state,waiting
178494.756019,5,tick,""
178494.756049,5,sched_state,waiting
178494.756056,5,tick,""
178494.756146,1,tick,""
178494.756154,1,reduction,""
178494.756156,1,sched_state,running
178494.756607,1,tick,""
178494.756614,1,reduction,""
178494.756616,1,sched_state,running
178494.756906,1,tick,""
178494.756912,1,reduction,""
178494.756913,1,sched_state,running
178494.757190,1,tick,""
178494.757196,1,reduction,""
178494.757198,1,sched_state,running
178494.757646,1,tick,""
178494.757652,1,reduction,""
178494.757654,1,sched_state,running
178494.757935,1,tick,""
178494.757939,1,reduction,""
178494.757941,1,sched_state,running
178494.758221,1,tick,""
178494.758226,1,reduction,""
178494.758229,1,sched_state,running
178494.758675,1,tick,""
178494.758683,1,queue_length,0
178494.761185,1,queue_length,0
178494.762740,1,sched_state,running
178494.762869,0,sched_state,waiting
178494.762878,0,tick,""
178494.762882,0,sched_state,waiting
178494.762886,0,tick,""
178494.763601,1,tick,""
178494.763611,1,reduction,""
178494.763614,1,sched_state,running
178494.764048,1,tick,""
178494.764054,1,reduction,""
178494.764057,1,sched_state,running
178494.764486,1,tick,""
178494.764491,1,reduction,""
178494.764494,1,sched_state,running
178494.764887,1,tick,""
178494.766016,3,sched_state,waiting
178494.766023,7,sched_state,waiting
178494.766462,4,sched_state,running
178494.766648,7,tick,""
178494.766656,7,sched_state,waiting
178494.766720,3,tick,""
178494.766721,7,tick,""
178494.766770,7,sched_state,waiting
178494.766772,3,sched_state,waiting
178494.766776,7,tick,""
178494.766811,3,tick,""
178494.766818,3,sched_state,waiting
178494.766894,3,tick,""
178494.767324,6,sched_state,waiting
178494.767338,6,tick,""
178494.767358,6,sched_state,waiting
178494.767362,6,tick,""
178494.767468,4,tick,""
178494.767474,4,sched_state,running
178494.767501,4,tick,""
178494.767508,4,queue_length,0
178494.767515,4,sched_state,waiting
178494.767517,4,tick,""
178494.767534,4,sched_state,waiting
178494.767537,4,tick,""
178494.767540,4,sched_state,waiting
178494.767544,4,tick,""
178494.767698,5,sched_state,waiting
178494.767722,5,tick,""
178494.767744,5,sched_state,waiting
178494.767749,5,tick,""
178494.771053,13,channel_unblocked,1809
178494.771062,1,yield,""
178494.771919,1,sched_state,running
178494.772603,1,tick,""
178494.772608,1,sched_state,running
178494.772616,1,tick,""
178494.772929,1,queue_length,1
178494.772935,1,queue_length,0
178494.773380,0,sched_state,waiting
178494.773469,0,tick,""
178494.774327,1,sched_state,running
178494.774821,1,tick,""
178494.774837,1,reduction,""
178494.774840,1,sched_state,running
178494.775713,1,tick,""
178494.775720,1,reduction,""
178494.775723,1,sched_state,running
178494.776147,1,tick,""
178494.777021,7,sched_state,waiting
178494.777033,7,tick,""
178494.777064,7,sched_state,waiting
178494.777069,7,tick,""
178494.778015,4,sched_state,waiting
178494.778021,4,tick,""
178494.778034,6,sched_state,waiting
178494.778038,4,sched_state,waiting
178494.778038,2,sched_state,waiting
178494.778041,4,tick,""
178494.778043,6,tick,""
178494.778044,4,sched_state,waiting
178494.778046,4,tick,""
178494.778085,6,sched_state,waiting
178494.778095,6,tick,""
178494.778155,2,tick,""
178494.781257,10,channel_unblocked,1202
178494.781337,1,yield,""
178494.781928,1,sched_state,running
178494.782460,1,tick,""
178494.782464,1,sched_state,running
178494.782512,1,tick,""
178494.782519,1,queue_length,1
178494.782522,1,queue_length,0
178494.783966,1,sched_state,running
178494.784286,1,tick,""
178494.784300,1,reduction,""
178494.784302,1,sched_state,running
178494.784802,1,tick,""
178494.784817,1,reduction,""
178494.784821,1,sched_state,running
178494.785233,1,tick,""
178494.788047,7,sched_state,waiting
178494.788059,7,tick,""
178494.788063,7,sched_state,waiting
178494.788069,7,tick,""
178494.788101,7,sched_state,waiting
178494.788111,7,tick,""
178494.789025,5,sched_state,waiting
178494.789037,5,tick,""
178494.789043,4,sched_state,waiting
178494.789051,4,tick,""
178494.789054,4,sched_state,waiting
178494.789057,4,tick,""
178494.789072,5,sched_state,waiting
178494.789078,5,tick,""
178494.789082,4,sched_state,waiting
178494.789097,4,tick,""
178494.789101,4,sched_state,waiting
178494.789103,4,tick,""
178494.789781,12,channel_unblocked,862
178494.789788,1,yield,""
178494.790585,1,sched_state,running
178494.791104,1,tick,""
178494.791115,1,reduction,""
178494.791118,1,sched_state,running
178494.791397,1,tick,""
178494.791402,1,reduction,""
178494.791404,1,sched_state,running
178494.791816,1,tick,""
178494.792587,1,queue_length,1
178494.795049,0,sched_state,waiting
178494.795079,0,tick,""
178494.797176,7,channel_unblocked,862
178494.797183,1,yield,""
178494.797882,1,sched_state,running
178494.798395,1,tick,""
178494.798398,1,sched_state,running
178494.798404,1,tick,""
178494.799061,3,sched_state,waiting
178494.799070,3,tick,""
178494.799236,1,queue_length,2
178494.799242,1,queue_length,1
178494.800015,5,sched_state,waiting
178494.800023,5,tick,""
178494.800051,5,sched_state,waiting
178494.800052,4,sched_state,waiting
178494.800052,6,sched_state,waiting
178494.800057,5,tick,""
178494.800062,4,tick,""
178494.800066,6,tick,""
178494.800083,4,sched_state,waiting
178494.800088,4,tick,""
178494.800090,6,sched_state,waiting
178494.800096,6,tick,""
178494.800980,1,sched_state,running
178494.801748,1,tick,""
178494.801754,1,sched_state,running
178494.801890,1,tick,""
178494.801901,1,queue_length,0
178494.802884,1,sched_state,running
178494.803277,1,tick,""
178494.803285,1,reduction,""
178494.803287,1,sched_state,running
178494.803864,1,tick,""
178494.803875,1,reduction,""
178494.803878,1,sched_state,running
178494.804233,1,tick,""
178494.806015,0,sched_state,waiting
178494.806024,0,tick,""
178494.808410,9,channel_unblocked,641
178494.808419,1,yield,""
178494.809159,1,sched_state,running
178494.809745,1,tick,""
178494.809759,1,reduction,""
178494.809762,1,sched_state,running
178494.810043,7,sched_state,waiting
178494.810055,7,tick,""
178494.810096,7,sched_state,waiting
178494.810102,7,tick,""
178494.810118,1,tick,""
178494.810125,1,reduction,""
178494.810128,1,sched_state,running
178494.810463,1,tick,""
178494.811026,5,sched_state,waiting
178494.811028,6,sched_state,waiting
178494.811035,5,tick,""
178494.811036,6,tick,""
178494.811039,5,sched_state,waiting
178494.811043,5,tick,""
178494.811072,5,sched_state,waiting
178494.811077,5,tick,""
178494.811081,5,sched_state,waiting
178494.811085,5,tick,""
178494.811438,1,queue_length,1
178494.816379,5,channel_unblocked,641
178494.816394,1,yield,""
178494.816961,1,sched_state,running
178494.817479,1,tick,""
178494.817485,1,sched_state,running
178494.817498,1,tick,""
178494.817517,1,queue_length,2
178494.817521,1,queue_length,1
178494.819019,1,sched_state,running
178494.819296,1,tick,""
178494.819301,1,sched_state,running
178494.819366,1,tick,""
178494.819375,1,queue_length,0
178494.820261,1,sched_state,running
178494.820617,1,tick,""
178494.820624,1,reduction,""
178494.820626,1,sched_state,running
178494.821012,7,sched_state,waiting
178494.821018,3,sched_state,waiting
178494.821020,7,tick,""
178494.821024,3,tick,""
178494.821045,1,tick,""
178494.821052,1,reduction,""
178494.821054,1,sched_state,running
178494.821063,7,sched_state,waiting
178494.821069,7,tick,""
178494.821391,1,tick,""
178494.822014,6,sched_state,waiting
178494.822014,5,sched_state,waiting
178494.822022,5,tick,""
178494.822023,6,tick,""
178494.822044,4,sched_state,waiting
178494.822047,5,sched_state,waiting
178494.822052,5,tick,""
178494.822053,4,tick,""
178494.822062,6,sched_state,waiting
178494.822067,6,tick,""
178494.822131,4,sched_state,waiting
178494.822137,4,tick,""
178494.825281,8,channel_unblocked,512
178494.825287,1,yield,""
178494.825841,1,sched_state,running
178494.826257,1,tick,""
178494.826267,1,reduction,""
178494.826268,1,sched_state,running
178494.826647,1,tick,""
178494.826661,1,reduction,""
178494.826663,1,sched_state,running
178494.827002,1,tick,""
178494.827629,1,queue_length,1
178494.828017,0,sched_state,waiting
178494.828026,0,tick,""
178494.828031,0,sched_state,waiting
178494.828037,0,tick,""
178494.832029,7,sched_state,waiting
178494.832033,3,sched_state,waiting
178494.832042,7,tick,""
178494.832042,3,tick,""
178494.832075,7,sched_state,waiting
178494.832082,7,tick,""
178494.832312,4,channel_unblocked,512
178494.832321,1,yield,""
178494.832984,1,sched_state,running
178494.833016,5,sched_state,waiting
178494.833014,6,sched_state,waiting
178494.833024,5,tick,""
178494.833026,6,tick,""
178494.833051,5,sched_state,waiting
178494.833053,6,sched_state,waiting
178494.833056,5,tick,""
178494.833058,6,tick,""
178494.833063,6,sched_state,waiting
178494.833068,6,tick,""
178494.833461,1,tick,""
178494.833465,1,sched_state,running
178494.833471,1,tick,""
178494.833477,1,queue_length,2
178494.833480,1,queue_length,1
178494.834928,1,sched_state,running
178494.835485,1,tick,""
178494.835492,1,sched_state,running
178494.835548,1,tick,""
178494.835564,1,queue_length,0
178494.836186,1,sched_state,running
178494.836492,1,tick,""
178494.836500,1,reduction,""
178494.836502,1,sched_state,running
178494.836856,1,tick,""
178494.836861,1,reduction,""
178494.836863,1,sched_state,running
178494.837121,1,tick,""
178494.841146,6,channel_unblocked,241
178494.841158,1,yield,""
178494.841805,1,sched_state,running
178494.842390,1,tick,""
178494.842405,1,reduction,""
178494.842408,1,sched_state,running
178494.842830,1,tick,""
178494.842836,1,reduction,""
178494.842840,1,sched_state,running
178494.843062,7,sched_state,waiting
178494.843074,7,tick,""
178494.843079,7,sched_state,waiting
178494.843086,7,tick,""
178494.843122,7,sched_state,waiting
178494.843129,7,tick,""
178494.843222,1,tick,""
178494.843990,1,queue_length,1
178494.844017,5,sched_state,waiting
178494.844017,6,sched_state,waiting
178494.844024,5,tick,""
178494.844025,6,tick,""
178494.844027,5,sched_state,waiting
178494.844030,5,tick,""
178494.844056,5,sched_state,waiting
178494.844069,5,tick,""
178494.846745,2,channel_unblocked,241
178494.846750,1,yield,""
178494.847185,1,sched_state,running
178494.847573,1,tick,""
178494.847577,1,sched_state,running
178494.847586,1,tick,""
178494.848389,1,queue_length,2
178494.848393,1,queue_length,1
178494.849220,1,sched_state,running
178494.849918,1,tick,""
178494.849929,1,sched_state,running
178494.850029,1,tick,""
178494.850038,1,queue_length,0
178494.850573,1,sched_state,running
178494.850853,1,tick,""
178494.850859,1,reduction,""
178494.850861,1,sched_state,running
178494.851142,1,tick,""
178494.851147,1,reduction,""
178494.851151,1,sched_state,running
178494.851323,1,tick,""
178494.853883,3,channel_unblocked,153
178494.853890,1,yield,""
178494.854025,3,sched_state,waiting
178494.854035,3,tick,""
178494.854442,1,sched_state,running
178494.854889,1,tick,""
178494.854901,1,reduction,""
178494.854904,1,sched_state,running
178494.855011,6,sched_state,waiting
178494.855012,5,sched_state,waiting
178494.855018,6,tick,""
178494.855019,5,tick,""
178494.855048,6,sched_state,waiting
178494.855049,5,sched_state,waiting
178494.855054,6,tick,""
178494.855055,5,tick,""
178494.855176,1,tick,""
178494.855181,1,reduction,""
178494.855182,1,sched_state,running
178494.855443,1,tick,""
178494.855937,1,queue_length,1
178494.857750,0,channel_unblocked,153
178494.857755,1,yield,""
178494.858112,1,sched_state,running
178494.858472,1,tick,""
178494.858475,1,sched_state,running
178494.858481,1,tick,""
178494.858518,1,queue_length,2
178494.858522,1,queue_length,1
178494.859494,1,sched_state,running
178494.859773,1,tick,""
178494.859777,1,sched_state,running
178494.859823,1,tick,""
178494.859832,1,queue_length,0
178494.860366,1,sched_state,running
178494.860533,1,tick,""
178494.860537,1,reduction,""
178494.860539,1,sched_state,running
178494.860814,1,tick,""
178494.860822,1,reduction,""
178494.860823,1,sched_state,running
178494.860969,1,tick,""
178494.861019,0,sched_state,waiting
178494.861028,0,tick,""
178494.863122,1,channel_unblocked,87
178494.863128,1,yield,""
178494.863610,1,sched_state,running
178494.863909,1,tick,""
178494.863919,1,reduction,""
178494.863922,1,sched_state,running
178494.863929,7,sched_state,waiting
178494.863937,7,tick,""
178494.863970,7,sched_state,waiting
178494.863977,7,tick,""
178494.864285,1,tick,""
178494.864291,1,sched_state,stop
