timestamp,lpu,event,value
178495.004702,6,sched_state,startup
178495.004703,4,sched_state,startup
178495.004705,2,sched_state,startup
178495.004705,7,sched_state,startup
178495.004709,3,sched_state,startup
178495.004733,5,sched_state,startup
178495.004737,1,sched_state,startup
178495.004797,6,tick,""
178495.004823,6,queue_length,0
178495.004827,6,sched_state,waiting
178495.004855,6,tick,""
178495.004994,4,tick,""
178495.005009,2,tick,""
178495.005017,4,queue_length,0
178495.005017,2,queue_length,0
178495.005021,4,sched_state,waiting
178495.005022,2,sched_state,waiting
178495.005022,1,tick,""
178495.005022,5,tick,""
178495.005031,4,tick,""
178495.005032,6,sched_state,waiting
178495.005032,2,tick,""
178495.005033,1,queue_length,0
178495.005036,5,queue_length,0
178495.005038,6,tick,""
178495.005039,1,sched_state,waiting
178495.005040,5,sched_state,waiting
178495.005043,0,sched_state,startup
178495.005037,3,tick,""
178495.005037,7,tick,""
178495.005055,7,queue_length,0
178495.005051,1,tick,""
178495.005058,3,queue_length,0
178495.005051,5,tick,""
178495.005061,3,sched_state,waiting
178495.005061,7,sched_state,waiting
178495.005069,4,sched_state,waiting
178495.005074,3,tick,""
178495.005075,7,tick,""
178495.005076,4,tick,""
178495.005095,1,sched_state,waiting
178495.005101,1,tick,""
178495.005107,7,sched_state,waiting
178495.005107,3,sched_state,waiting
178495.005113,7,tick,""
178495.005117,3,tick,""
178495.005122,3,sched_state,waiting
178495.005127,3,tick,""
178495.005130,3,sched_state,waiting
178495.005134,3,tick,""
178495.005144,5,sched_state,waiting
178495.005152,5,tick,""
178495.005321,0,tick,""
178495.005348,2,sched_state,waiting
178495.005355,2,tick,""
178495.005360,2,sched_state,waiting
178495.005363,2,tick,""
178495.005380,0,queue_length,1
178495.005385,0,queue_length,0
178495.005606,0,sched_state,running
178495.005743,0,tick,""
178495.005756,0,reduction,""
178495.005759,0,sched_state,running
178495.005844,0,tick,""
178495.005851,0,reduction,""
178495.005853,0,sched_state,running
178495.005985,0,tick,""
178495.005991,0,reduction,""
178495.005993,0,sched_state,running
178495.006069,0,tick,""
178495.006075,0,reduction,""
178495.006077,0,sched_state,running
178495.006150,0,tick,""
178495.006155,0,reduction,""
178495.006157,0,sched_state,running
178495.006228,0,tick,""
178495.006234,0,reduction,""
178495.006236,0,sched_state,running
178495.006309,0,tick,""
178495.006316,0,reduction,""
178495.006321,0,sched_state,running
178495.006392,0,tick,""
178495.006398,0,reduction,""
178495.006400,0,sched_state,running
178495.006784,0,tick,""
178495.006806,0,reduction,""
178495.006808,0,sched_state,running
178495.006887,0,tick,""
178495.006899,0,reduction,""
178495.006901,0,sched_state,running
178495.006987,0,tick,""
178495.006993,0,reduction,""
178495.006995,0,sched_state,running
178495.007079,0,tick,""
178495.007088,0,reduction,""
178495.007090,0,sched_state,running
178495.007174,0,tick,""
178495.007179,0,reduction,""
178495.007182,0,sched_state,running
178495.007264,0,tick,""
178495.007269,0,reduction,""
178495.007271,0,sched_state,running
178495.007352,0,tick,""
178495.007362,0,reduction,""
178495.007364,0,sched_state,running
178495.007446,0,tick,""
178495.007979,0,reduction,""
178495.007983,0,sched_state,running
178495.008146,0,tick,""
178495.008168,0,reduction,""
178495.008171,0,sched_state,running
178495.008327,0,tick,""
178495.008331,0,reduction,""
178495.008335,0,sched_state,running
178495.008484,0,tick,""
178495.008490,0,reduction,""
178495.008492,0,sched_state,running
178495.008586,0,tick,""
178495.009426,0,reduction,""
178495.009428,0,sched_state,running
178495.009520,0,tick,""
178495.010061,0,queue_length,0
178495.010619,0,sched_state,running
178495.010913,0,tick,""
178495.010929,0,reduction,""
178495.010930,0,sched_state,running
178495.011202,0,tick,""
178495.011208,0,spawn,""
178495.011210,0,reduction,""
178495.011211,0,sched_state,running
178495.011749,0,tick,""
178495.011751,0,queue_length,1
178495.011754,0,reduction,""
178495.011756,0,sched_state,running
178495.011912,0,tick,""
178495.011917,0,reduction,""
178495.011919,0,sched_state,running
178495.012071,0,tick,""
178495.012076,0,reduction,""
178495.012078,0,sched_state,running
178495.012241,0,tick,""
178495.012247,0,reduction,""
178495.012249,0,sched_state,running
178495.012400,0,tick,""
178495.012406,0,reduction,""
178495.012408,0,sched_state,running
178495.012554,0,tick,""
178495.012609,0,reduction,""
178495.012613,0,sched_state,running
178495.012759,0,tick,""
178495.012765,0,reduction,""
178495.012768,0,sched_state,running
178495.012912,0,tick,""
178495.012917,0,spawn,""
178495.012919,0,reduction,""
178495.012921,0,sched_state,running
178495.013577,0,tick,""
178495.013582,0,reduction,""
178495.013584,0,sched_state,running
178495.013736,0,tick,""
178495.013745,0,reduction,""
178495.013748,0,sched_state,running
178495.013895,0,tick,""
178495.013903,0,reduction,""
178495.013905,0,sched_state,running
178495.013994,0,queue_length,2
178495.014052,0,tick,""
178495.014056,0,reduction,""
178495.014058,0,sched_state,running
178495.014202,0,tick,""
178495.014207,0,reduction,""
178495.014208,0,sched_state,running
178495.014352,0,tick,""
178495.014358,0,reduction,""
178495.014361,0,sched_state,running
178495.014504,0,tick,""
178495.015216,0,channel_blocked,87
178495.015219,0,yield,""
178495.015221,0,sched_state,running
178495.015227,0,tick,""
178495.015235,0,queue_length,1
178495.015612,0,sched_state,running
178495.015779,0,tick,""
178495.015782,0,reduction,""
178495.015784,0,sched_state,running
178495.016099,0,tick,""
178495.016103,0,reduction,""
178495.016105,0,sched_state,running
178495.016253,0,tick,""
178495.016266,0,reduction,""
178495.016268,0,sched_state,running
178495.016417,0,tick,""
178495.016421,0,reduction,""
178495.016423,0,sched_state,running
178495.016572,0,tick,""
178495.016578,0,reduction,""
178495.016580,0,sched_state,running
178495.016731,0,tick,""
178495.016744,0,reduction,""
178495.016746,0,sched_state,running
178495.016891,0,tick,""
178495.016906,0,reduction,""
178495.016911,0,sched_state,running
178495.017064,0,tick,""
178495.017070,0,reduction,""
178495.017072,0,sched_state,running
178495.017223,0,tick,""
178495.017249,0,reduction,""
178495.017252,0,sched_state,running
178495.017397,0,tick,""
178495.017418,0,reduction,""
178495.017421,0,sched_state,running
178495.017569,0,tick,""
178495.017575,0,reduction,""
178495.017577,0,sched_state,running
178495.017725,0,tick,""
178495.017893,0,reduction,""
178495.017896,0,sched_state,running
178495.018011,1,sched_state,waiting
178495.018019,7,sched_state,waiting
178495.018020,1,tick,""
178495.018029,7,tick,""
178495.018034,7,sched_state,waiting
178495.018038,7,tick,""
178495.018047,4,sched_state,waiting
178495.018050,2,sched_state,waiting
178495.018055,2,tick,""
178495.018057,4,tick,""
178495.018057,6,sched_state,waiting
178495.018063,0,tick,""
178495.018066,6,tick,""
178495.018067,1,sched_state,waiting
178495.018069,6,sched_state,waiting
178495.018074,6,tick,""
178495.018077,1,tick,""
178495.018080,0,reduction,""
178495.018082,0,sched_state,running
178495.018083,4,sched_state,waiting
178495.018094,4,tick,""
178495.018095,6,sched_state,waiting
178495.018100,6,tick,""
178495.018104,6,sched_state,waiting
178495.018107,6,tick,""
178495.018246,0,tick,""
178495.018252,0,reduction,""
178495.018253,2,sched_state,waiting
178495.018253,0,sched_state,running
178495.018262,2,tick,""
178495.018266,2,sched_state,waiting
178495.018269,2,tick,""
178495.018273,2,sched_state,waiting
178495.018278,2,tick,""
178495.018423,0,tick,""
178495.018437,0,reduction,""
178495.018439,0,sched_state,running
178495.018709,0,tick,""
178495.018764,0,reduction,""
178495.018769,0,sched_state,running
178495.018925,0,tick,""
178495.018940,0,reduction,""
178495.018942,0,sched_state,running
178495.019225,0,tick,""
178495.019232,0,spawn,""
178495.019236,0,reduction,""
178495.019238,0,sched_state,running
178495.019818,0,tick,""
178495.019820,0,queue_length,2
178495.019825,0,reduction,""
178495.019827,0,sched_state,running
178495.019944,0,tick,""
178495.019948,0,reduction,""
178495.019949,0,sched_state,running
178495.020103,0,tick,""
178495.021455,0,queue_length,2
178495.022438,0,sched_state,running
178495.022805,0,tick,""
178495.022810,0,reduction,""
178495.022813,0,sched_state,running
178495.023020,0,tick,""
178495.023025,0,reduction,""
178495.023026,0,sched_state,running
178495.023371,0,tick,""
178495.023377,0,reduction,""
178495.023379,0,sched_state,running
178495.023579,0,tick,""
178495.023586,0,reduction,""
178495.023588,0,sched_state,running
178495.023787,0,tick,""
178495.023793,0,reduction,""
178495.023795,0,sched_state,running
178495.023993,0,tick,""
178495.024129,0,reduction,""
178495.024133,0,sched_state,running
178495.024334,0,tick,""
178495.024344,0,reduction,""
178495.024347,0,sched_state,running
178495.024556,0,tick,""
178495.024663,0,reduction,""
178495.024666,0,sched_state,running
178495.024864,0,tick,""
178495.024870,0,reduction,""
178495.024872,0,sched_state,running
178495.025059,0,tick,""
178495.025073,0,reduction,""
178495.025074,0,sched_state,running
178495.025278,0,tick,""
178495.025299,0,reduction,""
178495.025302,0,sched_state,running
178495.025506,0,tick,""
178495.025520,0,reduction,""
178495.025523,0,sched_state,running
178495.025710,0,tick,""
178495.026008,0,reduction,""
178495.026011,0,sched_state,running
178495.026200,0,tick,""
178495.026211,0,reduction,""
178495.026214,0,sched_state,running
178495.026398,0,tick,""
178495.026407,0,reduction,""
178495.026409,0,sched_state,running
178495.026614,0,tick,""
178495.026624,0,reduction,""
178495.026625,0,sched_state,running
178495.026806,0,tick,""
178495.026816,0,reduction,""
178495.026818,0,sched_state,running
178495.026999,0,tick,""
178495.027008,0,reduction,""
178495.027010,0,sched_state,running
178495.027194,0,tick,""
178495.027202,0,reduction,""
178495.027203,0,sched_state,running
178495.027383,0,tick,""
178495.027392,0,reduction,""
178495.027394,0,sched_state,running
178495.027576,0,tick,""
178495.028070,0,queue_length,2
178495.028516,0,sched_state,running
178495.028722,0,tick,""
178495.028726,0,reduction,""
178495.028728,0,sched_state,running
178495.028916,0,tick,""
178495.028921,0,reduction,""
178495.028923,0,sched_state,running
178495.029018,4,sched_state,waiting
178495.029020,1,sched_state,waiting
178495.029024,5,sched_state,waiting
178495.029026,4,tick,""
178495.029027,1,tick,""
178495.029032,5,tick,""
178495.029068,4,sched_state,waiting
178495.029069,5,sched_state,waiting
178495.029069,1,sched_state,waiting
178495.029071,4,tick,""
178495.029074,1,tick,""
178495.029076,5,tick,""
178495.029081,3,sched_state,waiting
178495.029089,3,tick,""
178495.029092,3,sched_state,waiting
178495.029099,3,tick,""
178495.029110,0,tick,""
178495.029111,7,sched_state,waiting
178495.029114,0,reduction,""
178495.029116,0,sched_state,running
178495.029118,7,tick,""
178495.029141,7,sched_state,waiting
178495.029145,7,tick,""
178495.029149,7,sched_state,waiting
178495.029152,7,tick,""
178495.029176,3,sched_state,waiting
178495.029181,3,tick,""
178495.029370,0,tick,""
178495.029375,0,reduction,""
178495.029377,0,sched_state,running
178495.029728,0,tick,""
178495.029733,0,reduction,""
178495.029735,0,sched_state,running
178495.030088,0,tick,""
178495.030093,0,reduction,""
178495.030095,0,sched_state,running
178495.030306,0,tick,""
178495.030330,0,reduction,""
178495.030332,0,sched_state,running
178495.030540,0,tick,""
178495.030545,0,reduction,""
178495.030546,0,sched_state,running
178495.030698,0,tick,""
178495.030711,0,reduction,""
178495.030712,0,sched_state,running
178495.030903,0,tick,""
178495.030926,0,reduction,""
178495.030929,0,sched_state,running
178495.031133,0,tick,""
178495.031138,0,reduction,""
178495.031140,0,sched_state,running
178495.031294,0,tick,""
178495.031449,0,reduction,""
178495.031452,0,sched_state,running
178495.031660,0,tick,""
178495.031677,0,reduction,""
178495.031679,0,sched_state,running
178495.031854,0,tick,""
178495.031858,0,reduction,""
178495.031859,0,sched_state,running
178495.032054,0,tick,""
178495.032068,0,reduction,""
178495.032069,0,sched_state,running
178495.032284,0,tick,""
178495.032351,0,reduction,""
178495.032354,0,sched_state,running
178495.032559,0,tick,""
178495.032575,0,reduction,""
178495.032578,0,sched_state,running
178495.032782,0,tick,""
178495.032788,0,spawn,""
178495.032791,0,reduction,""
178495.032793,0,sched_state,running
178495.033617,0,tick,""
178495.033623,0,reduction,""
178495.033626,0,sched_state,running
178495.033844,0,tick,""
178495.033851,0,reduction,""
178495.033852,0,sched_state,running
178495.034057,0,tick,""
178495.034732,0,queue_length,3
178495.035065,0,queue_length,3
178495.035467,0,sched_state,running
178495.035670,0,tick,""
178495.035677,0,reduction,""
178495.035680,0,sched_state,running
178495.035872,0,tick,""
178495.035878,0,reduction,""
178495.035880,0,sched_state,running
178495.036067,0,tick,""
178495.036072,0,reduction,""
178495.036075,0,sched_state,running
178495.036268,0,tick,""
178495.036323,0,reduction,""
178495.036326,0,sched_state,running
178495.036489,0,tick,""
178495.036494,0,reduction,""
178495.036495,0,sched_state,running
178495.036631,0,tick,""
178495.036637,0,spawn,""
178495.036639,0,reduction,""
178495.036642,0,sched_state,running
178495.037217,0,tick,""
178495.037222,0,reduction,""
178495.037223,0,queue_length,4
178495.037224,0,sched_state,running
178495.037377,0,tick,""
178495.037383,0,reduction,""
178495.037384,0,sched_state,running
178495.037513,0,tick,""
178495.037519,0,reduction,""
178495.037520,0,sched_state,running
178495.037649,0,tick,""
178495.037653,0,reduction,""
178495.037655,0,sched_state,running
178495.037779,0,tick,""
178495.037783,0,reduction,""
178495.037784,0,sched_state,running
178495.037909,0,tick,""
178495.037914,0,reduction,""
178495.037917,0,sched_state,running
178495.038042,0,tick,""
178495.038766,2,channel_blocked,157
178495.038768,0,yield,""
178495.038769,0,sched_state,running
178495.038777,0,tick,""
178495.038786,0,queue_length,3
178495.039247,0,sched_state,running
178495.039686,0,tick,""
178495.039707,0,reduction,""
178495.039710,0,sched_state,running
178495.040021,1,sched_state,waiting
178495.040021,6,sched_state,waiting
178495.040025,2,sched_state,waiting
178495.040030,1,tick,""
178495.040031,6,tick,""
178495.040032,2,tick,""
178495.040034,2,sched_state,waiting
178495.040044,2,tick,""
178495.040049,4,sched_state,waiting
178495.040059,4,tick,""
178495.040062,4,sched_state,waiting
178495.040065,4,tick,""
178495.040065,2,sched_state,waiting
178495.040071,2,tick,""
178495.040076,0,tick,""
178495.040081,5,sched_state,waiting
178495.040086,4,sched_state,waiting
178495.040088,0,reduction,""
178495.040091,4,tick,""
178495.040089,5,tick,""
178495.040096,0,sched_state,running
178495.040096,5,sched_state,waiting
178495.040101,5,tick,""
178495.040134,5,sched_state,waiting
178495.040139,5,tick,""
178495.040143,6,sched_state,waiting
178495.040150,6,tick,""
178495.040154,6,sched_state,waiting
178495.040159,6,tick,""
178495.040392,0,tick,""
178495.040401,0,reduction,""
178495.040404,0,sched_state,running
178495.040634,0,tick,""
178495.040641,0,reduction,""
178495.040645,0,sched_state,running
178495.040996,0,tick,""
178495.041004,0,reduction,""
178495.041006,0,sched_state,running
178495.041228,0,tick,""
178495.041234,0,reduction,""
178495.041236,0,sched_state,running
178495.041451,0,tick,""
178495.041457,0,reduction,""
178495.041459,0,sched_state,running
178495.041680,0,tick,""
178495.041686,0,reduction,""
178495.041689,0,sched_state,running
178495.041912,0,tick,""
178495.041918,0,reduction,""
178495.041920,0,sched_state,running
178495.042136,0,tick,""
178495.042142,0,reduction,""
178495.042143,0,sched_state,running
178495.042363,0,tick,""
178495.042368,0,reduction,""
178495.042369,0,sched_state,running
178495.042587,0,tick,""
178495.042591,0,reduction,""
178495.042592,0,sched_state,running
178495.042804,0,tick,""
178495.042808,0,reduction,""
178495.042809,0,sched_state,running
178495.043083,0,tick,""
178495.044286,1,channel_blocked,182
178495.044291,0,yield,""
178495.044296,0,sched_state,running
178495.044313,0,tick,""
178495.044337,0,queue_length,2
178495.045488,0,sched_state,running
178495.045844,0,tick,""
178495.045850,0,reduction,""
178495.045853,0,sched_state,running
178495.046657,0,tick,""
178495.046666,0,reduction,""
178495.046671,0,sched_state,running
178495.046997,0,tick,""
178495.047005,0,reduction,""
178495.047007,0,sched_state,running
178495.047311,0,tick,""
178495.047318,0,reduction,""
178495.047320,0,sched_state,running
178495.047677,0,tick,""
178495.047685,0,reduction,""
178495.047688,0,sched_state,running
178495.048014,0,tick,""
178495.048022,0,reduction,""
178495.048024,0,sched_state,running
178495.048305,0,tick,""
178495.048321,0,reduction,""
178495.048322,0,sched_state,running
178495.048485,0,tick,""
178495.048498,0,reduction,""
178495.048500,0,sched_state,running
178495.048700,0,tick,""
178495.048719,0,reduction,""
178495.048721,0,sched_state,running
178495.049044,0,tick,""
178495.049063,0,reduction,""
178495.049064,0,sched_state,running
178495.049228,0,tick,""
178495.049233,0,reduction,""
178495.049234,0,sched_state,running
178495.049392,0,tick,""
178495.049519,0,reduction,""
178495.049522,0,sched_state,running
178495.049686,0,tick,""
178495.049699,0,reduction,""
178495.049702,0,sched_state,running
178495.049862,0,tick,""
178495.049866,0,reduction,""
178495.049867,0,sched_state,running
178495.050024,0,tick,""
178495.050035,0,reduction,""
178495.050036,0,sched_state,running
178495.050193,0,tick,""
178495.050248,0,reduction,""
178495.050251,0,sched_state,running
178495.050411,0,tick,""
178495.050422,0,reduction,""
178495.050424,0,sched_state,running
178495.050582,0,tick,""
178495.050586,0,spawn,""
178495.050588,0,reduction,""
178495.050590,0,sched_state,running
178495.051016,7,sched_state,waiting
178495.051016,3,sched_state,waiting
178495.051024,3,tick,""
178495.051025,7,tick,""
178495.051044,1,sched_state,waiting
178495.051061,7,sched_state,waiting
178495.051066,7,tick,""
178495.051067,3,sched_state,waiting
178495.051067,1,tick,""
178495.051070,7,sched_state,waiting
178495.051072,3,tick,""
178495.051073,7,tick,""
178495.051078,7,sched_state,waiting
178495.051083,7,tick,""
178495.051103,1,sched_state,waiting
178495.051112,1,tick,""
178495.051116,1,sched_state,waiting
178495.051121,1,tick,""
178495.051125,1,sched_state,waiting
178495.051128,1,tick,""
178495.051225,0,tick,""
178495.051225,0,queue_length,3
178495.051229,0,reduction,""
178495.051231,0,sched_state,running
178495.051407,4,sched_state,waiting
178495.051413,4,tick,""
178495.051415,4,sched_state,waiting
178495.051415,0,tick,""
178495.051418,4,tick,""
178495.051423,0,reduction,""
178495.051425,0,sched_state,running
178495.051434,4,sched_state,waiting
178495.051437,4,tick,""
178495.051821,0,tick,""
178495.051829,0,queue_length,2
178495.054757,0,queue_length,2
178495.055955,0,sched_state,running
178495.056325,0,tick,""
178495.056331,0,reduction,""
178495.056334,0,sched_state,running
178495.056644,0,tick,""
178495.056651,0,reduction,""
178495.056653,0,sched_state,running
178495.056831,0,tick,""
178495.056836,0,reduction,""
178495.056837,0,sched_state,running
178495.057016,0,tick,""
178495.057021,0,reduction,""
178495.057023,0,sched_state,running
178495.057197,0,tick,""
178495.057202,0,reduction,""
178495.057203,0,sched_state,running
178495.057374,0,tick,""
178495.057503,0,reduction,""
178495.057506,0,sched_state,running
178495.057684,0,tick,""
178495.057689,0,reduction,""
178495.057691,0,sched_state,running
178495.057862,0,tick,""
178495.057936,0,reduction,""
178495.057938,0,sched_state,running
178495.058110,0,tick,""
178495.058118,0,reduction,""
178495.058120,0,sched_state,running
178495.058289,0,tick,""
178495.058302,0,reduction,""
178495.058303,0,sched_state,running
178495.058473,0,tick,""
178495.058490,0,reduction,""
178495.058492,0,sched_state,running
178495.058659,0,tick,""
178495.058670,0,reduction,""
178495.058671,0,sched_state,running
178495.058840,0,tick,""
178495.059066,0,reduction,""
178495.059068,0,sched_state,running
178495.059239,0,tick,""
178495.059247,0,reduction,""
178495.059249,0,sched_state,running
178495.059415,0,tick,""
178495.059422,0,reduction,""
178495.059423,0,sched_state,running
178495.059589,0,tick,""
178495.059598,0,reduction,""
178495.059599,0,sched_state,running
178495.059995,0,tick,""
178495.060015,0,reduction,""
178495.060018,0,sched_state,running
178495.060366,0,tick,""
178495.060377,0,reduction,""
178495.060378,0,sched_state,running
178495.060548,0,tick,""
178495.060554,0,reduction,""
178495.060555,0,sched_state,running
178495.060721,0,tick,""
178495.060727,0,reduction,""
178495.060728,0,sched_state,running
178495.060892,0,tick,""
178495.061356,0,queue_length,2
178495.062023,3,sched_state,waiting
178495.062026,5,sched_state,waiting
178495.062028,6,sched_state,waiting
178495.062071,2,sched_state,waiting
178495.062416,2,tick,""
178495.062425,6,tick,""
178495.062468,2,sched_state,waiting
178495.062479,2,tick,""
178495.062492,3,tick,""
178495.062515,3,sched_state,waiting
178495.062591,3,tick,""
178495.062595,4,sched_state,running
178495.062634,0,sched_state,running
178495.062716,5,tick,""
178495.062721,5,sched_state,waiting
178495.062737,5,tick,""
178495.062766,5,sched_state,waiting
178495.062772,5,tick,""
178495.062788,4,tick,""
178495.062796,4,reduction,""
178495.062798,4,sched_state,running
178495.062923,6,sched_state,waiting
178495.062931,0,tick,""
178495.062935,0,reduction,""
178495.062937,0,sched_state,running
178495.062977,4,tick,""
178495.062982,4,reduction,""
178495.062983,4,sched_state,running
178495.063012,6,tick,""
178495.063022,6,sched_state,waiting
178495.063029,6,tick,""
178495.063035,6,sched_state,waiting
178495.063040,6,tick,""
178495.063045,6,sched_state,waiting
178495.063049,6,tick,""
178495.063082,7,sched_state,waiting
178495.063093,7,tick,""
178495.063114,7,sched_state,waiting
178495.063126,7,tick,""
178495.063145,4,tick,""
178495.063151,4,reduction,""
178495.063152,4,sched_state,running
178495.063307,4,tick,""
178495.063366,4,reduction,""
178495.063368,4,sched_state,running
178495.063452,0,tick,""
178495.063461,0,reduction,""
178495.063463,0,sched_state,running
178495.063528,4,tick,""
178495.063533,4,reduction,""
178495.063534,4,sched_state,running
178495.063688,4,tick,""
178495.063693,4,spawn,""
178495.063694,4,reduction,""
178495.063695,4,sched_state,running
178495.063924,0,tick,""
178495.063930,0,reduction,""
178495.063933,0,sched_state,running
178495.064212,0,tick,""
178495.064218,0,reduction,""
178495.064220,0,sched_state,running
178495.064395,4,tick,""
178495.064400,4,reduction,""
178495.064401,4,sched_state,running
178495.064476,0,tick,""
178495.064481,0,reduction,""
178495.064483,0,sched_state,running
178495.064562,4,tick,""
178495.064569,4,reduction,""
178495.064571,4,sched_state,running
178495.064725,4,tick,""
178495.064728,4,reduction,""
178495.064729,4,sched_state,running
178495.064745,0,tick,""
178495.064751,0,reduction,""
178495.064754,0,sched_state,running
178495.064885,4,tick,""
178495.064889,4,reduction,""
178495.064890,4,sched_state,running
178495.065012,0,tick,""
178495.065038,0,reduction,""
178495.065042,0,sched_state,running
178495.065045,4,tick,""
178495.065048,4,reduction,""
178495.065049,4,sched_state,running
178495.065199,4,tick,""
178495.065203,4,reduction,""
178495.065204,4,sched_state,running
178495.065300,0,tick,""
178495.065307,0,reduction,""
178495.065310,0,sched_state,running
178495.065357,4,tick,""
178495.065581,0,tick,""
178495.065602,0,reduction,""
178495.065604,0,sched_state,running
178495.065863,0,tick,""
178495.065887,0,reduction,""
178495.065891,0,sched_state,running
178495.066150,0,tick,""
178495.066157,0,reduction,""
178495.066158,0,sched_state,running
178495.066209,4,queue_length,1
178495.066415,0,tick,""
178495.066529,3,channel_blocked,277
178495.066531,4,yield,""
178495.066533,4,sched_state,running
178495.066578,4,tick,""
178495.066585,4,queue_length,0
178495.066627,0,reduction,""
178495.066630,0,sched_state,running
178495.066896,0,tick,""
178495.066916,0,reduction,""
178495.066920,0,sched_state,running
178495.067179,0,tick,""
178495.067184,0,reduction,""
178495.067186,0,sched_state,running
178495.067403,4,sched_state,running
178495.067445,0,tick,""
178495.067463,0,reduction,""
178495.067466,0,sched_state,running
178495.067723,0,tick,""
178495.067760,4,tick,""
178495.067765,4,reduction,""
178495.067767,4,sched_state,running
178495.067787,0,reduction,""
178495.067790,0,sched_state,running
178495.068074,0,tick,""
178495.068093,0,reduction,""
178495.068095,0,sched_state,running
178495.068128,4,tick,""
178495.068134,4,reduction,""
178495.068136,4,sched_state,running
178495.068330,4,tick,""
178495.068333,4,reduction,""
178495.068335,4,sched_state,running
178495.068382,0,tick,""
178495.068388,0,spawn,""
178495.068391,0,reduction,""
178495.068393,0,sched_state,running
178495.068531,4,tick,""
178495.068534,4,reduction,""
178495.068536,4,sched_state,running
178495.068726,4,tick,""
178495.068731,4,reduction,""
178495.068732,4,sched_state,running
178495.068924,4,tick,""
178495.069029,4,reduction,""
178495.069032,4,sched_state,running
178495.069225,4,tick,""
178495.069230,4,reduction,""
178495.069231,4,sched_state,running
178495.069421,4,tick,""
178495.069462,0,tick,""
178495.069468,0,reduction,""
178495.069469,0,sched_state,running
178495.069482,0,queue_length,3
178495.069495,4,reduction,""
178495.069498,4,sched_state,running
178495.069686,4,tick,""
178495.069691,4,reduction,""
178495.069693,4,sched_state,running
178495.069761,0,tick,""
178495.069768,0,reduction,""
178495.069769,0,sched_state,running
178495.069882,4,tick,""
178495.069893,4,reduction,""
178495.069895,4,sched_state,running
178495.070004,0,tick,""
178495.070086,4,tick,""
178495.070101,4,reduction,""
178495.070103,4,sched_state,running
178495.070292,4,tick,""
178495.070303,4,reduction,""
178495.070305,4,sched_state,running
178495.070493,4,tick,""
178495.070559,0,queue_length,3
178495.070716,4,reduction,""
178495.070718,4,sched_state,running
178495.070910,4,tick,""
178495.070918,4,reduction,""
178495.070919,4,sched_state,running
178495.071106,4,tick,""
178495.071113,4,reduction,""
178495.071114,4,sched_state,running
178495.071300,4,tick,""
178495.071307,4,reduction,""
178495.071308,4,sched_state,running
178495.071387,0,sched_state,running
178495.071498,4,tick,""
178495.071505,4,reduction,""
178495.071506,4,sched_state,running
178495.071580,0,tick,""
178495.071584,0,reduction,""
178495.071586,0,sched_state,running
178495.071693,4,tick,""
178495.071699,4,reduction,""
178495.071701,4,sched_state,running
178495.071765,0,tick,""
178495.071769,0,reduction,""
178495.071771,0,sched_state,running
178495.071889,4,tick,""
178495.071895,4,reduction,""
178495.071896,4,sched_state,running
178495.071984,0,tick,""
178495.071990,0,reduction,""
178495.071993,0,sched_state,running
178495.072085,4,tick,""
178495.072091,4,reduction,""
178495.072092,4,sched_state,running
178495.072281,0,tick,""
178495.072291,4,tick,""
178495.072337,0,reduction,""
178495.072340,0,sched_state,running
178495.072618,0,tick,""
178495.072624,0,reduction,""
178495.072626,0,sched_state,running
178495.072909,0,tick,""
178495.072914,0,spawn,""
178495.072916,0,reduction,""
178495.072918,0,sched_state,running
178495.072988,4,queue_length,0
178495.073012,3,sched_state,waiting
178495.073015,1,sched_state,waiting
178495.073021,3,tick,""
178495.073044,3,sched_state,waiting
178495.073049,3,tick,""
178495.073052,3,sched_state,waiting
178495.073055,3,tick,""
178495.073165,5,sched_state,waiting
178495.073174,5,tick,""
178495.073177,5,sched_state,waiting
178495.073181,5,tick,""
178495.073259,5,sched_state,waiting
178495.073263,5,tick,""
178495.073332,1,tick,""
178495.073355,1,sched_state,waiting
178495.073360,1,tick,""
178495.073370,1,sched_state,waiting
178495.073373,1,tick,""
178495.073647,4,sched_state,running
178495.073994,0,queue_length,4
178495.073994,0,tick,""
178495.074001,0,reduction,""
178495.074003,0,sched_state,running
178495.074007,4,tick,""
178495.074015,6,sched_state,waiting
178495.074017,4,reduction,""
178495.074021,4,sched_state,running
178495.074025,6,tick,""
178495.074050,6,sched_state,waiting
178495.074055,6,tick,""
178495.074216,4,tick,""
178495.074222,4,reduction,""
178495.074224,4,sched_state,running
178495.074296,7,sched_state,waiting
178495.074301,0,tick,""
178495.074303,7,tick,""
178495.074309,0,reduction,""
178495.074312,0,sched_state,running
178495.074324,7,sched_state,waiting
178495.074329,7,tick,""
178495.074413,4,tick,""
178495.074419,4,reduction,""
178495.074420,4,sched_state,running
178495.074524,0,tick,""
178495.074529,0,reduction,""
178495.074530,0,sched_state,running
178495.074612,4,tick,""
178495.074618,4,reduction,""
178495.074620,4,sched_state,running
178495.074809,4,tick,""
178495.074814,4,reduction,""
178495.074815,4,sched_state,running
178495.074911,0,tick,""
178495.074916,0,reduction,""
178495.074918,0,sched_state,running
178495.075005,4,tick,""
178495.075010,4,reduction,""
178495.075011,4,sched_state,running
178495.075108,0,tick,""
178495.075112,0,reduction,""
178495.075113,0,sched_state,running
178495.075199,4,tick,""
178495.075204,4,reduction,""
178495.075205,4,sched_state,running
178495.075293,0,tick,""
178495.075298,0,reduction,""
178495.075299,0,sched_state,running
178495.075398,4,tick,""
178495.075403,4,reduction,""
178495.075404,4,sched_state,running
178495.075474,0,tick,""
178495.075594,4,tick,""
178495.075598,4,reduction,""
178495.075599,4,sched_state,running
178495.075788,4,tick,""
178495.075792,4,reduction,""
178495.075794,4,sched_state,running
178495.075982,4,tick,""
178495.075986,4,reduction,""
178495.075987,4,sched_state,running
178495.076179,4,tick,""
178495.076182,4,reduction,""
178495.076183,4,sched_state,running
178495.076327,5,channel_blocked,479
178495.076329,0,yield,""
178495.076331,0,sched_state,running
178495.076348,0,tick,""
178495.076357,0,queue_length,3
178495.076375,4,tick,""
178495.076378,4,reduction,""
178495.076379,4,sched_state,running
178495.076566,4,tick,""
178495.077120,6,channel_blocked,862
178495.077121,0,sched_state,running
178495.077122,4,yield,""
178495.077124,4,sched_state,running
178495.077131,4,tick,""
178495.077137,4,queue_length,0
178495.077139,4,sched_state,waiting
178495.077142,4,tick,""
178495.077161,4,sched_state,waiting
178495.077165,4,tick,""
178495.077168,4,sched_state,waiting
178495.077170,4,tick,""
178495.077400,0,tick,""
178495.077410,0,reduction,""
178495.077412,0,sched_state,running
178495.077784,0,tick,""
178495.077793,0,reduction,""
178495.077794,0,sched_state,running
178495.078044,0,tick,""
178495.078051,0,reduction,""
178495.078054,0,sched_state,running
178495.078305,0,tick,""
178495.078311,0,reduction,""
178495.078313,0,sched_state,running
178495.078478,0,tick,""
178495.078483,0,reduction,""
178495.078484,0,sched_state,running
178495.078649,0,tick,""
178495.078653,0,reduction,""
178495.078654,0,sched_state,running
178495.078818,0,tick,""
178495.078822,0,reduction,""
178495.078823,0,sched_state,running
178495.078988,0,tick,""
178495.078992,0,reduction,""
178495.078993,0,sched_state,running
178495.079158,0,tick,""
178495.079162,0,reduction,""
178495.079163,0,sched_state,running
178495.079327,0,tick,""
178495.079330,0,reduction,""
178495.079331,0,sched_state,running
178495.079495,0,tick,""
178495.079499,0,reduction,""
178495.079500,0,sched_state,running
178495.079664,0,tick,""
178495.079667,0,reduction,""
178495.079668,0,sched_state,running
178495.079832,0,tick,""
178495.079835,0,reduction,""
178495.079836,0,sched_state,running
178495.079999,0,tick,""
178495.080597,4,channel_blocked,547
178495.080599,0,yield,""
178495.080601,0,sched_state,running
178495.080608,0,tick,""
178495.080613,0,queue_length,2
178495.081700,0,sched_state,running
178495.082072,0,tick,""
178495.082075,0,reduction,""
178495.082076,0,sched_state,running
178495.082441,0,tick,""
178495.082445,0,reduction,""
178495.082446,0,sched_state,running
178495.082648,0,tick,""
178495.082652,0,reduction,""
178495.082653,0,sched_state,running
178495.082856,0,tick,""
178495.082859,0,reduction,""
178495.082860,0,sched_state,running
178495.083059,0,tick,""
178495.083063,0,reduction,""
178495.083064,0,sched_state,running
178495.083268,0,tick,""
178495.083271,0,reduction,""
178495.083272,0,sched_state,running
178495.083477,0,tick,""
178495.083497,0,reduction,""
178495.083500,0,sched_state,running
178495.083704,0,tick,""
178495.083708,0,reduction,""
178495.083709,0,sched_state,running
178495.083915,0,tick,""
178495.083932,0,reduction,""
178495.083934,0,sched_state,running
178495.084014,1,sched_state,waiting
178495.084021,1,tick,""
178495.084041,3,sched_state,waiting
178495.084048,1,sched_state,waiting
178495.084049,3,tick,""
178495.084052,1,tick,""
178495.084054,3,sched_state,waiting
178495.084058,3,tick,""
178495.084061,3,sched_state,waiting
178495.084064,3,tick,""
178495.084083,3,sched_state,waiting
178495.084087,3,tick,""
178495.084215,2,sched_state,waiting
178495.084223,2,tick,""
178495.084223,0,tick,""
178495.084227,2,sched_state,waiting
178495.084232,2,tick,""
178495.084251,0,reduction,""
178495.084254,0,sched_state,running
178495.084576,0,tick,""
178495.084583,0,reduction,""
178495.084585,0,sched_state,running
178495.085012,7,sched_state,waiting
178495.085020,7,tick,""
178495.085023,7,sched_state,waiting
178495.085027,7,tick,""
178495.085049,7,sched_state,waiting
178495.085053,7,tick,""
178495.085105,6,sched_state,waiting
178495.085112,6,tick,""
178495.085120,0,tick,""
178495.085323,6,sched_state,waiting
178495.085329,6,tick,""
178495.085332,0,reduction,""
178495.085336,0,sched_state,running
178495.085679,0,tick,""
178495.085700,0,reduction,""
178495.085702,0,sched_state,running
178495.085948,0,tick,""
178495.085951,0,reduction,""
178495.085953,0,sched_state,running
178495.086164,0,tick,""
178495.086178,0,reduction,""
178495.086179,0,sched_state,running
178495.086497,0,tick,""
178495.086565,0,reduction,""
178495.086567,0,sched_state,running
178495.086894,0,tick,""
178495.086912,0,reduction,""
178495.086914,0,sched_state,running
178495.087236,0,tick,""
178495.087243,0,spawn,""
178495.087247,0,reduction,""
178495.087249,0,sched_state,running
178495.088040,4,sched_state,waiting
178495.088051,4,tick,""
178495.088072,4,sched_state,waiting
178495.088076,4,tick,""
178495.088447,0,tick,""
178495.088451,0,queue_length,3
178495.088453,0,reduction,""
178495.088455,0,sched_state,running
178495.088744,0,tick,""
178495.088749,0,reduction,""
178495.088751,0,sched_state,running
178495.088961,0,tick,""
178495.091444,0,queue_length,3
178495.092680,0,sched_state,running
178495.093375,0,tick,""
178495.093385,0,reduction,""
178495.093387,0,sched_state,running
178495.093632,0,tick,""
178495.093636,0,reduction,""
178495.093638,0,sched_state,running
178495.094030,0,tick,""
178495.094036,0,reduction,""
178495.094038,0,sched_state,running
178495.094335,0,tick,""
178495.094425,0,reduction,""
178495.094429,0,sched_state,running
178495.094869,0,tick,""
178495.094876,0,reduction,""
178495.094879,0,sched_state,running
178495.095018,1,sched_state,waiting
178495.095019,5,sched_state,waiting
178495.095027,1,tick,""
178495.095027,5,tick,""
178495.095033,1,sched_state,waiting
178495.095037,1,tick,""
178495.095042,1,sched_state,waiting
178495.095045,1,tick,""
178495.095047,1,sched_state,waiting
178495.095051,1,tick,""
178495.095056,5,sched_state,waiting
178495.095061,5,tick,""
178495.095071,1,sched_state,waiting
178495.095076,1,tick,""
178495.095240,0,tick,""
178495.095245,0,spawn,""
178495.095248,0,reduction,""
178495.095249,0,sched_state,running
178495.096013,7,sched_state,waiting
178495.096020,7,tick,""
178495.096045,7,sched_state,waiting
178495.096049,7,tick,""
178495.096095,0,tick,""
178495.096100,0,reduction,""
178495.096101,0,sched_state,running
178495.096329,0,tick,""
178495.096336,0,reduction,""
178495.096338,0,sched_state,running
178495.096546,0,tick,""
178495.096550,0,reduction,""
178495.096551,0,sched_state,running
178495.096749,0,tick,""
178495.096753,0,reduction,""
178495.096754,0,sched_state,running
178495.096953,0,tick,""
178495.096956,0,reduction,""
178495.096957,0,sched_state,running
178495.097161,0,tick,""
178495.097165,0,reduction,""
178495.097166,0,sched_state,running
178495.097367,0,tick,""
178495.097371,0,queue_length,4
178495.098357,7,channel_blocked,715
178495.098360,0,yield,""
178495.098362,0,sched_state,running
178495.098375,0,tick,""
178495.098381,0,queue_length,3
178495.099040,4,sched_state,waiting
178495.099050,4,tick,""
178495.099078,4,sched_state,waiting
178495.099082,4,tick,""
178495.099465,0,sched_state,running
178495.099881,0,tick,""
178495.099885,0,reduction,""
178495.099887,0,sched_state,running
178495.100282,0,tick,""
178495.100287,0,reduction,""
178495.100289,0,sched_state,running
178495.100509,0,tick,""
178495.100513,0,reduction,""
178495.100516,0,sched_state,running
178495.100733,0,tick,""
178495.100737,0,reduction,""
178495.100738,0,sched_state,running
178495.100952,0,tick,""
178495.100957,0,reduction,""
178495.100958,0,sched_state,running
178495.101175,0,tick,""
178495.101300,0,reduction,""
178495.101303,0,sched_state,running
178495.101528,0,tick,""
178495.101533,0,reduction,""
178495.101535,0,sched_state,running
178495.101753,0,tick,""
178495.101827,0,reduction,""
178495.101829,0,sched_state,running
178495.102046,0,tick,""
178495.102050,0,reduction,""
178495.102052,0,sched_state,running
178495.102268,0,tick,""
178495.102279,0,reduction,""
178495.102281,0,sched_state,running
178495.102498,0,tick,""
178495.102514,0,reduction,""
178495.102516,0,sched_state,running
178495.102731,0,tick,""
178495.102742,0,reduction,""
178495.102744,0,sched_state,running
178495.102963,0,tick,""
178495.103183,0,reduction,""
178495.103185,0,sched_state,running
178495.103408,0,tick,""
178495.103415,0,reduction,""
178495.103417,0,sched_state,running
178495.103631,0,tick,""
178495.103638,0,reduction,""
178495.103640,0,sched_state,running
178495.103854,0,tick,""
178495.103861,0,reduction,""
178495.103862,0,sched_state,running
178495.104078,0,tick,""
178495.104085,0,reduction,""
178495.104086,0,sched_state,running
178495.104303,0,tick,""
178495.104309,0,reduction,""
178495.104311,0,sched_state,running
178495.104525,0,tick,""
178495.104531,0,reduction,""
178495.104533,0,sched_state,running
178495.104744,0,tick,""
178495.104750,0,reduction,""
178495.104752,0,sched_state,running
178495.104964,0,tick,""
178495.105586,0,queue_length,3
178495.106017,3,sched_state,waiting
178495.106019,5,sched_state,waiting
178495.106025,5,tick,""
178495.106026,3,tick,""
178495.106049,3,sched_state,waiting
178495.106054,3,tick,""
178495.106048,2,sched_state,waiting
178495.106058,3,sched_state,waiting
178495.106063,3,tick,""
178495.106066,3,sched_state,waiting
178495.106069,3,tick,""
178495.106069,2,tick,""
178495.107009,7,sched_state,waiting
178495.107015,7,tick,""
178495.107038,7,sched_state,waiting
178495.107042,7,tick,""
178495.107290,0,sched_state,running
178495.107835,0,tick,""
178495.107847,0,reduction,""
178495.107852,0,sched_state,running
178495.108291,0,tick,""
178495.108296,0,reduction,""
178495.108299,0,sched_state,running
178495.108835,0,tick,""
178495.108840,0,reduction,""
178495.108841,0,sched_state,running
178495.109072,0,tick,""
178495.109077,0,reduction,""
178495.109079,0,sched_state,running
178495.109435,0,tick,""
178495.109440,0,reduction,""
178495.109442,0,sched_state,running
178495.109707,0,tick,""
178495.109711,0,reduction,""
178495.109713,0,sched_state,running
178495.109941,0,tick,""
178495.109969,0,reduction,""
178495.109972,0,sched_state,running
178495.110010,4,sched_state,waiting
178495.110019,4,tick,""
178495.110041,4,sched_state,waiting
178495.110047,4,tick,""
178495.110051,4,sched_state,waiting
178495.110053,4,tick,""
178495.110334,0,tick,""
178495.110339,0,reduction,""
178495.110341,0,sched_state,running
178495.110642,0,tick,""
178495.110659,0,reduction,""
178495.110661,0,sched_state,running
178495.111021,0,tick,""
178495.111044,0,reduction,""
178495.111047,0,sched_state,running
178495.111406,0,tick,""
178495.111412,0,reduction,""
178495.111415,0,sched_state,running
178495.111666,0,tick,""
178495.111792,0,reduction,""
178495.111795,0,sched_state,running
178495.112163,0,tick,""
178495.112180,0,reduction,""
178495.112182,0,sched_state,running
178495.112437,0,tick,""
178495.112441,0,reduction,""
178495.112443,0,sched_state,running
178495.112674,0,tick,""
178495.112691,0,reduction,""
178495.112693,0,sched_state,running
178495.113060,0,tick,""
178495.113133,0,reduction,""
178495.113138,0,sched_state,running
178495.113757,0,tick,""
178495.113825,0,reduction,""
178495.113829,0,sched_state,running
178495.114240,0,tick,""
178495.114246,0,spawn,""
178495.114250,0,reduction,""
178495.114251,0,sched_state,running
178495.115719,0,tick,""
178495.115738,0,reduction,""
178495.115743,0,sched_state,running
178495.115781,0,queue_length,4
178495.116144,0,tick,""
178495.116149,0,reduction,""
178495.116150,0,sched_state,running
178495.116381,0,tick,""
178495.117016,3,sched_state,waiting
178495.117017,5,sched_state,waiting
178495.117019,1,sched_state,waiting
178495.117025,3,tick,""
178495.117025,5,tick,""
178495.117025,1,tick,""
178495.117062,5,sched_state,waiting
178495.117066,3,sched_state,waiting
178495.117067,5,tick,""
178495.117070,3,tick,""
178495.117071,1,sched_state,waiting
178495.117075,1,tick,""
178495.117097,0,queue_length,4
178495.118049,7,sched_state,waiting
178495.118053,6,sched_state,waiting
178495.118058,7,tick,""
178495.118063,7,sched_state,waiting
178495.118063,6,tick,""
178495.118068,7,tick,""
178495.118070,0,sched_state,running
178495.118446,0,tick,""
178495.118452,0,reduction,""
178495.118454,0,sched_state,running
178495.118840,0,tick,""
178495.118846,0,reduction,""
178495.118848,0,sched_state,running
178495.119231,0,tick,""
178495.119237,0,reduction,""
178495.119239,0,sched_state,running
178495.119595,0,tick,""
178495.119663,0,reduction,""
178495.119667,0,sched_state,running
178495.120315,0,tick,""
178495.120323,0,reduction,""
178495.120326,0,sched_state,running
178495.120927,0,tick,""
178495.120935,0,spawn,""
178495.120938,0,reduction,""
178495.120942,0,sched_state,running
178495.121011,4,sched_state,waiting
178495.121019,4,tick,""
178495.121040,4,sched_state,waiting
178495.121044,4,tick,""
178495.122144,0,tick,""
178495.122156,0,reduction,""
178495.122158,0,sched_state,running
178495.122169,0,queue_length,5
178495.122393,0,tick,""
178495.122400,0,reduction,""
178495.122401,0,sched_state,running
178495.122659,0,tick,""
178495.122664,0,reduction,""
178495.122666,0,sched_state,running
178495.123021,0,tick,""
178495.123026,0,reduction,""
178495.123028,0,sched_state,running
178495.123289,0,tick,""
178495.123295,0,reduction,""
178495.123297,0,sched_state,running
178495.123648,0,tick,""
178495.123653,0,reduction,""
178495.123655,0,sched_state,running
178495.123913,0,tick,""
178495.125071,9,channel_blocked,926
178495.125075,0,yield,""
178495.125077,0,sched_state,running
178495.125089,0,tick,""
178495.125099,0,queue_length,4
178495.126587,0,sched_state,running
178495.127177,0,tick,""
178495.127182,0,reduction,""
178495.127183,0,sched_state,running
178495.127616,0,tick,""
178495.127620,0,reduction,""
178495.127622,0,sched_state,running
178495.127862,0,tick,""
178495.127865,0,reduction,""
178495.127869,0,sched_state,running
178495.128016,5,sched_state,waiting
178495.128017,1,sched_state,waiting
178495.128025,5,tick,""
178495.128025,1,tick,""
178495.128050,5,sched_state,waiting
178495.128050,1,sched_state,waiting
178495.128055,1,tick,""
178495.128055,5,tick,""
178495.128133,0,tick,""
178495.128138,0,reduction,""
178495.128143,0,sched_state,running
178495.128525,0,tick,""
178495.128531,0,reduction,""
178495.128534,0,sched_state,running
178495.128913,0,tick,""
178495.129048,6,sched_state,waiting
178495.129057,6,tick,""
178495.129063,6,sched_state,waiting
178495.129068,6,tick,""
178495.129089,0,reduction,""
178495.129092,0,sched_state,running
178495.129475,0,tick,""
178495.129482,0,reduction,""
178495.129484,0,sched_state,running
178495.129742,0,tick,""
178495.129817,0,reduction,""
178495.129819,0,sched_state,running
178495.130059,0,tick,""
178495.130065,0,reduction,""
178495.130066,0,sched_state,running
178495.130301,0,tick,""
178495.130313,0,reduction,""
178495.130314,0,sched_state,running
178495.130556,0,tick,""
178495.130570,0,reduction,""
178495.130572,0,sched_state,running
178495.130814,0,tick,""
178495.130825,0,reduction,""
178495.130826,0,sched_state,running
178495.131065,0,tick,""
178495.131289,0,reduction,""
178495.131291,0,sched_state,running
178495.131535,0,tick,""
178495.131543,0,reduction,""
178495.131545,0,sched_state,running
178495.131784,0,tick,""
178495.131791,0,reduction,""
178495.131793,0,sched_state,running
178495.132012,4,sched_state,waiting
178495.132018,4,tick,""
178495.132021,4,sched_state,waiting
178495.132024,4,tick,""
178495.132039,0,tick,""
178495.132044,4,sched_state,waiting
178495.132047,4,tick,""
178495.132049,0,reduction,""
178495.132051,0,sched_state,running
178495.132434,0,tick,""
178495.132445,0,reduction,""
178495.132447,0,sched_state,running
178495.132822,0,tick,""
178495.132832,0,reduction,""
178495.132834,0,sched_state,running
178495.133210,0,tick,""
178495.133220,0,reduction,""
178495.133223,0,sched_state,running
178495.133594,0,tick,""
178495.133604,0,reduction,""
178495.133607,0,sched_state,running
178495.133979,0,tick,""
178495.134773,0,queue_length,4
178495.135738,0,sched_state,running
178495.136087,0,tick,""
178495.136098,0,reduction,""
178495.136101,0,sched_state,running
178495.136426,0,tick,""
178495.136444,0,reduction,""
178495.136446,0,sched_state,running
178495.136762,0,tick,""
178495.136771,0,reduction,""
178495.136774,0,sched_state,running
178495.137087,0,tick,""
178495.137096,0,reduction,""
178495.137099,0,sched_state,running
178495.137399,0,tick,""
178495.137415,0,reduction,""
178495.137417,0,sched_state,running
178495.137729,0,tick,""
178495.137737,0,reduction,""
178495.137739,0,sched_state,running
178495.138042,0,tick,""
178495.138057,0,reduction,""
178495.138059,0,sched_state,running
178495.138369,0,tick,""
178495.138376,0,reduction,""
178495.138378,0,sched_state,running
178495.138689,0,tick,""
178495.138695,0,reduction,""
178495.138701,0,sched_state,running
178495.139007,0,tick,""
178495.139013,0,reduction,""
178495.139013,5,sched_state,waiting
178495.139015,1,sched_state,waiting
178495.139016,0,sched_state,running
178495.139021,5,tick,""
178495.139021,1,tick,""
178495.139047,1,sched_state,waiting
178495.139048,5,sched_state,waiting
178495.139052,1,tick,""
178495.139052,5,tick,""
178495.139318,0,tick,""
178495.139325,0,reduction,""
178495.139327,0,sched_state,running
178495.139716,0,tick,""
178495.139721,0,reduction,""
178495.139722,0,sched_state,running
178495.140303,7,sched_state,waiting
178495.140315,7,tick,""
178495.140321,0,tick,""
178495.140322,7,sched_state,waiting
178495.140328,7,tick,""
178495.140329,0,reduction,""
178495.140333,0,sched_state,running
178495.140706,0,tick,""
178495.141931,8,channel_blocked,1002
178495.141935,0,yield,""
178495.141938,0,sched_state,running
178495.141956,0,tick,""
178495.141968,0,queue_length,3
178495.143011,4,sched_state,waiting
178495.143020,4,tick,""
178495.143042,4,sched_state,waiting
178495.143047,4,tick,""
178495.143599,0,sched_state,running
178495.144287,0,tick,""
178495.144291,0,reduction,""
178495.144292,0,sched_state,running
178495.144745,0,tick,""
178495.144758,0,reduction,""
178495.144760,0,sched_state,running
178495.145013,0,tick,""
178495.145019,0,reduction,""
178495.145021,0,sched_state,running
178495.145418,0,tick,""
178495.145423,0,reduction,""
178495.145425,0,sched_state,running
178495.145694,0,tick,""
178495.145698,0,reduction,""
178495.145700,0,sched_state,running
178495.145956,0,tick,""
178495.145961,0,reduction,""
178495.145964,0,sched_state,running
178495.146360,0,tick,""
178495.146390,0,reduction,""
178495.146393,0,sched_state,running
178495.146657,0,tick,""
178495.146662,0,reduction,""
178495.146664,0,sched_state,running
178495.146920,0,tick,""
178495.146937,0,reduction,""
178495.146939,0,sched_state,running
178495.147187,0,tick,""
178495.147206,0,reduction,""
178495.147207,0,sched_state,running
178495.147456,0,tick,""
178495.147460,0,reduction,""
178495.147462,0,sched_state,running
178495.147711,0,tick,""
178495.147840,0,reduction,""
178495.147843,0,sched_state,running
178495.148100,0,tick,""
178495.148118,0,reduction,""
178495.148121,0,sched_state,running
178495.148373,0,tick,""
178495.148377,0,reduction,""
178495.148379,0,sched_state,running
178495.148624,0,tick,""
178495.148628,0,reduction,""
178495.148630,0,sched_state,running
178495.148874,0,tick,""
178495.148877,0,reduction,""
178495.148878,0,sched_state,running
178495.149123,0,tick,""
178495.149127,0,reduction,""
178495.149129,0,sched_state,running
178495.149368,0,tick,""
178495.149442,0,reduction,""
178495.149444,0,sched_state,running
178495.149689,0,tick,""
178495.149695,0,reduction,""
178495.149697,0,sched_state,running
178495.149938,0,tick,""
178495.150012,0,reduction,""
178495.150015,0,sched_state,running
178495.150024,2,sched_state,waiting
178495.150038,2,tick,""
178495.150404,5,sched_state,waiting
178495.150411,5,tick,""
178495.150419,0,tick,""
178495.150428,0,queue_length,2
178495.151021,7,sched_state,waiting
178495.151029,7,tick,""
178495.151681,5,sched_state,waiting
178495.151687,5,tick,""
178495.154042,4,sched_state,waiting
178495.154053,4,tick,""
178495.154079,4,sched_state,waiting
178495.154084,4,tick,""
178495.155193,0,queue_length,2
178495.156944,0,sched_state,running
178495.157505,0,tick,""
178495.157513,0,reduction,""
178495.157517,0,sched_state,running
178495.158030,0,tick,""
178495.158035,0,reduction,""
178495.158037,0,sched_state,running
178495.158314,0,tick,""
178495.158320,0,reduction,""
178495.158325,0,sched_state,running
178495.158590,0,tick,""
178495.158594,0,reduction,""
178495.158595,0,sched_state,running
178495.158865,0,tick,""
178495.158879,0,reduction,""
178495.158880,0,sched_state,running
178495.159144,0,tick,""
178495.159269,0,reduction,""
178495.159272,0,sched_state,running
178495.159541,0,tick,""
178495.159546,0,reduction,""
178495.159548,0,sched_state,running
178495.159815,0,tick,""
178495.159889,0,reduction,""
178495.159891,0,sched_state,running
178495.160163,0,tick,""
178495.160170,0,reduction,""
178495.160173,0,sched_state,running
178495.160592,0,tick,""
178495.160609,0,reduction,""
178495.160611,0,sched_state,running
178495.161018,1,sched_state,waiting
178495.161104,0,tick,""
178495.161128,0,reduction,""
178495.161130,0,sched_state,running
178495.161397,1,tick,""
178495.161434,1,sched_state,waiting
178495.161524,1,tick,""
178495.161532,1,sched_state,waiting
178495.161536,1,tick,""
178495.161559,0,tick,""
178495.161576,0,reduction,""
178495.161579,0,sched_state,running
178495.161744,3,sched_state,running
178495.162198,3,tick,""
178495.162210,3,reduction,""
178495.162212,3,sched_state,running
178495.162402,0,tick,""
178495.162751,5,sched_state,waiting
178495.162758,5,tick,""
178495.162779,0,reduction,""
178495.162783,0,sched_state,running
178495.162792,5,sched_state,waiting
178495.162797,5,tick,""
178495.162845,3,tick,""
178495.162852,3,reduction,""
178495.162854,3,sched_state,running
178495.163104,3,tick,""
178495.163109,3,reduction,""
178495.163111,3,sched_state,running
178495.163180,0,tick,""
178495.163191,0,reduction,""
178495.163193,0,sched_state,running
178495.163354,3,tick,""
178495.163416,3,reduction,""
178495.163418,3,sched_state,running
178495.163604,0,tick,""
178495.163619,0,reduction,""
178495.163620,0,sched_state,running
178495.163809,3,tick,""
178495.163815,3,reduction,""
178495.163818,3,sched_state,running
178495.163994,0,tick,""
178495.164004,0,reduction,""
178495.164006,0,sched_state,running
178495.164206,3,tick,""
178495.164212,3,spawn,""
178495.164214,3,reduction,""
178495.164217,3,sched_state,running
178495.164381,0,tick,""
178495.164393,0,reduction,""
178495.164395,0,sched_state,running
178495.164738,0,tick,""
178495.164749,0,reduction,""
178495.164751,0,sched_state,running
178495.165115,0,tick,""
178495.165124,0,reduction,""
178495.165126,0,sched_state,running
178495.165283,4,sched_state,waiting
178495.165368,4,tick,""
178495.165502,0,tick,""
178495.165511,0,reduction,""
178495.165513,0,sched_state,running
178495.165537,3,tick,""
178495.165542,3,reduction,""
178495.165545,3,sched_state,running
178495.165877,3,tick,""
178495.165879,0,tick,""
178495.165887,3,reduction,""
178495.165889,3,sched_state,running
178495.165890,0,queue_length,1
178495.166273,3,tick,""
178495.166278,3,reduction,""
178495.166280,3,sched_state,running
178495.166543,3,tick,""
178495.166548,3,reduction,""
178495.166549,3,sched_state,running
178495.166791,3,tick,""
178495.166794,3,reduction,""
178495.166796,3,sched_state,running
178495.167035,3,tick,""
178495.167040,3,reduction,""
178495.167041,3,sched_state,running
178495.167286,3,tick,""
178495.168742,3,queue_length,1
178495.168758,11,channel_blocked,1245
178495.168761,3,yield,""
178495.168764,3,sched_state,running
178495.168774,3,tick,""
178495.168780,3,queue_length,0
178495.169469,0,queue_length,1
178495.170192,3,sched_state,running
178495.170799,3,tick,""
178495.170806,3,reduction,""
178495.170809,3,sched_state,running
178495.171526,3,tick,""
178495.171533,3,reduction,""
178495.171536,3,sched_state,running
178495.171818,3,tick,""
178495.171823,3,reduction,""
178495.171824,3,sched_state,running
178495.172116,3,tick,""
178495.172120,3,reduction,""
178495.172121,3,sched_state,running
178495.172403,3,tick,""
178495.172408,3,reduction,""
178495.172410,3,sched_state,running
178495.172691,3,tick,""
178495.172830,3,reduction,""
178495.172832,3,sched_state,running
178495.172888,0,sched_state,running
178495.173047,5,sched_state,waiting
178495.173503,5,tick,""
178495.173558,5,sched_state,waiting
178495.173627,5,tick,""
178495.173813,3,tick,""
178495.173828,3,reduction,""
178495.173830,3,sched_state,running
178495.174015,0,tick,""
178495.174026,0,reduction,""
178495.174027,0,sched_state,running
178495.174278,3,tick,""
178495.174387,3,reduction,""
178495.174389,3,sched_state,running
178495.174600,0,tick,""
178495.174617,0,reduction,""
178495.174620,0,sched_state,running
178495.174676,3,tick,""
178495.174681,3,reduction,""
178495.174683,3,sched_state,running
178495.174965,3,tick,""
178495.174976,3,reduction,""
178495.174978,3,sched_state,running
178495.175252,0,tick,""
178495.175264,3,tick,""
178495.175272,0,reduction,""
178495.175276,0,sched_state,running
178495.175278,3,reduction,""
178495.175279,3,sched_state,running
178495.175328,2,sched_state,waiting
178495.175710,3,tick,""
178495.175726,3,reduction,""
178495.175728,3,sched_state,running
178495.175729,0,tick,""
178495.175743,0,reduction,""
178495.175745,0,sched_state,running
178495.175846,2,tick,""
178495.176049,0,tick,""
178495.176050,3,tick,""
178495.176267,4,sched_state,running
178495.176289,3,reduction,""
178495.176292,3,sched_state,running
178495.176400,0,reduction,""
178495.176405,0,sched_state,running
178495.176588,3,tick,""
178495.176602,3,reduction,""
178495.176604,3,sched_state,running
178495.176718,0,tick,""
178495.176727,0,reduction,""
178495.176729,0,sched_state,running
178495.176790,4,tick,""
178495.176801,4,reduction,""
178495.176803,4,sched_state,running
178495.176993,0,tick,""
178495.177001,0,reduction,""
178495.177002,0,sched_state,running
178495.177056,3,tick,""
178495.177066,3,reduction,""
178495.177067,3,sched_state,running
178495.177238,4,tick,""
178495.177247,4,reduction,""
178495.177250,4,sched_state,running
178495.177260,0,tick,""
178495.177267,0,reduction,""
178495.177268,0,sched_state,running
178495.177348,3,tick,""
178495.177355,3,reduction,""
178495.177356,3,sched_state,running
178495.177492,4,tick,""
178495.177498,4,reduction,""
178495.177499,4,sched_state,running
178495.177582,0,tick,""
178495.177590,0,reduction,""
178495.177591,0,sched_state,running
178495.177638,3,tick,""
178495.177645,3,reduction,""
178495.177647,3,sched_state,running
178495.177736,4,tick,""
178495.177742,4,reduction,""
178495.177743,4,sched_state,running
178495.177850,0,tick,""
178495.177857,0,reduction,""
178495.177858,0,sched_state,running
178495.177931,3,tick,""
178495.177938,3,reduction,""
178495.177939,3,sched_state,running
178495.177976,4,tick,""
178495.177981,4,reduction,""
178495.177982,4,sched_state,running
178495.178116,0,tick,""
178495.178122,0,reduction,""
178495.178123,0,sched_state,running
178495.178215,4,tick,""
178495.178220,4,reduction,""
178495.178220,3,tick,""
178495.178221,4,sched_state,running
178495.178226,3,reduction,""
178495.178227,3,sched_state,running
178495.178383,0,tick,""
178495.178389,0,reduction,""
178495.178390,0,sched_state,running
178495.178455,4,tick,""
178495.178460,4,reduction,""
178495.178461,4,sched_state,running
178495.178507,3,tick,""
178495.178513,3,reduction,""
178495.178514,3,sched_state,running
178495.178649,0,tick,""
178495.178654,0,reduction,""
178495.178656,0,sched_state,running
178495.178693,4,tick,""
178495.178697,4,reduction,""
178495.178698,4,sched_state,running
178495.178797,3,tick,""
178495.178912,0,tick,""
178495.178918,0,reduction,""
178495.178919,0,sched_state,running
178495.178930,4,tick,""
178495.178934,4,reduction,""
178495.178936,4,sched_state,running
178495.179168,4,tick,""
178495.179171,4,reduction,""
178495.179172,4,sched_state,running
178495.179177,0,tick,""
178495.179182,0,reduction,""
178495.179183,0,sched_state,running
178495.179408,4,tick,""
178495.179411,4,reduction,""
178495.179413,4,sched_state,running
178495.179443,0,tick,""
178495.179448,0,reduction,""
178495.179449,0,sched_state,running
178495.179646,4,tick,""
178495.179650,4,reduction,""
178495.179651,4,sched_state,running
178495.179708,0,tick,""
178495.179713,0,reduction,""
178495.179715,0,sched_state,running
178495.179884,4,tick,""
178495.179888,4,reduction,""
178495.179889,4,sched_state,running
178495.179928,3,queue_length,0
178495.179973,0,tick,""
178495.179978,0,reduction,""
178495.179979,0,sched_state,running
178495.180136,4,tick,""
178495.180263,0,tick,""
178495.180268,0,reduction,""
178495.180269,0,sched_state,running
178495.180529,0,tick,""
178495.180534,0,reduction,""
178495.180535,0,sched_state,running
178495.180790,0,tick,""
178495.180804,0,queue_length,0
178495.180825,3,sched_state,running
178495.181467,3,tick,""
178495.181479,3,reduction,""
178495.181480,3,sched_state,running
178495.181560,10,channel_blocked,1365
178495.181562,4,yield,""
178495.181565,4,sched_state,running
178495.181577,4,tick,""
178495.181583,4,queue_length,0
178495.181590,4,sched_state,waiting
178495.181593,4,tick,""
178495.181620,4,sched_state,waiting
178495.181623,4,tick,""
178495.181787,3,tick,""
178495.181794,3,reduction,""
178495.181796,3,sched_state,running
178495.182075,3,tick,""
178495.182081,3,reduction,""
178495.182082,3,sched_state,running
178495.182361,3,tick,""
178495.182367,3,reduction,""
178495.182368,3,sched_state,running
178495.182648,3,tick,""
178495.182654,3,reduction,""
178495.182655,3,sched_state,running
178495.183071,3,tick,""
178495.183079,3,reduction,""
178495.183081,3,sched_state,running
178495.183261,1,sched_state,waiting
178495.183271,1,tick,""
178495.183274,1,sched_state,waiting
178495.183343,1,tick,""
178495.183369,1,sched_state,waiting
178495.183373,1,tick,""
178495.183547,3,tick,""
178495.183556,3,reduction,""
178495.183558,3,sched_state,running
178495.184012,3,tick,""
178495.184019,3,reduction,""
178495.184021,3,sched_state,running
178495.184124,0,queue_length,0
178495.184239,7,sched_state,waiting
178495.184373,3,tick,""
178495.184379,3,reduction,""
178495.184382,3,sched_state,running
178495.184717,7,tick,""
178495.184721,7,sched_state,running
178495.184852,0,sched_state,running
178495.184860,3,tick,""
178495.184867,3,reduction,""
178495.184869,3,sched_state,running
178495.185225,7,tick,""
178495.185238,7,reduction,""
178495.185240,7,sched_state,running
178495.185316,3,tick,""
178495.185322,3,reduction,""
178495.185324,3,sched_state,running
178495.185444,0,tick,""
178495.185452,0,reduction,""
178495.185454,0,sched_state,running
178495.185676,7,tick,""
178495.185685,7,reduction,""
178495.185688,7,sched_state,running
178495.185776,3,tick,""
178495.185781,3,reduction,""
178495.185783,3,sched_state,running
178495.185962,0,tick,""
178495.185969,0,reduction,""
178495.185971,0,sched_state,running
178495.186120,7,tick,""
178495.186128,7,reduction,""
178495.186130,7,sched_state,running
178495.186233,0,tick,""
178495.186236,3,tick,""
178495.186237,0,reduction,""
178495.186238,0,sched_state,running
178495.186240,3,reduction,""
178495.186241,3,sched_state,running
178495.186499,0,tick,""
178495.186503,0,reduction,""
178495.186504,0,sched_state,running
178495.186565,7,tick,""
178495.186574,7,reduction,""
178495.186575,7,sched_state,running
178495.186694,3,tick,""
178495.186763,0,tick,""
178495.186766,0,reduction,""
178495.186768,0,sched_state,running
178495.186994,7,tick,""
178495.187002,7,reduction,""
178495.187004,7,sched_state,running
178495.187026,0,tick,""
178495.187436,7,tick,""
178495.187444,7,reduction,""
178495.187446,7,sched_state,running
178495.187876,7,tick,""
178495.187883,7,reduction,""
178495.187885,7,sched_state,running
178495.188319,13,channel_blocked,1952
178495.188324,3,yield,""
178495.188327,3,sched_state,running
178495.188335,7,tick,""
178495.188343,7,reduction,""
178495.188344,7,sched_state,running
178495.188744,7,tick,""
178495.188752,7,reduction,""
178495.188753,7,sched_state,running
178495.188815,3,tick,""
178495.188825,3,queue_length,0
178495.188829,3,sched_state,waiting
178495.188837,3,tick,""
178495.188867,3,sched_state,waiting
178495.188872,3,tick,""
178495.189156,7,tick,""
178495.189163,7,reduction,""
178495.189164,7,sched_state,running
178495.189427,6,sched_state,waiting
178495.189450,6,tick,""
178495.189544,7,tick,""
178495.189549,7,reduction,""
178495.189550,7,sched_state,running
178495.189809,7,tick,""
178495.189812,7,reduction,""
178495.189814,7,sched_state,running
178495.190070,7,tick,""
178495.190073,7,reduction,""
178495.190073,7,sched_state,running
178495.190331,7,tick,""
178495.191327,11,channel_unblocked,1560
178495.191334,0,yield,""
178495.191722,12,channel_blocked,1613
178495.191725,7,yield,""
178495.191728,7,sched_state,running
178495.191737,7,tick,""
178495.191746,7,queue_length,0
178495.191750,7,sched_state,waiting
178495.191754,7,tick,""
178495.191785,7,sched_state,waiting
178495.191791,7,tick,""
178495.192534,4,sched_state,waiting
178495.192607,4,tick,""
178495.192625,0,sched_state,running
178495.192634,4,sched_state,waiting
178495.192638,4,tick,""
178495.192643,0,queue_length,1
178495.193144,0,tick,""
178495.193149,0,sched_state,running
178495.193406,0,tick,""
178495.193416,0,queue_length,0
178495.194279,1,sched_state,waiting
178495.194289,1,tick,""
178495.194465,1,sched_state,waiting
178495.194556,1,tick,""
178495.194563,1,sched_state,waiting
178495.194568,1,tick,""
178495.194614,0,sched_state,running
178495.195287,0,tick,""
178495.195299,0,reduction,""
178495.195302,0,sched_state,running
178495.195358,5,sched_state,waiting
178495.195514,5,tick,""
178495.195539,5,sched_state,waiting
178495.195556,5,tick,""
178495.195562,5,sched_state,waiting
178495.195566,5,tick,""
178495.196047,0,tick,""
178495.196056,0,reduction,""
178495.196058,0,sched_state,running
178495.196351,0,tick,""
178495.197018,2,sched_state,waiting
178495.197154,2,tick,""
178495.199011,3,sched_state,waiting
178495.199019,3,tick,""
178495.199040,3,sched_state,waiting
178495.199046,3,tick,""
178495.200037,6,sched_state,waiting
178495.200055,6,tick,""
178495.201899,13,channel_unblocked,1245
178495.201908,0,yield,""
178495.202013,7,sched_state,waiting
178495.202023,7,tick,""
178495.202050,7,sched_state,waiting
178495.202055,7,tick,""
178495.202913,0,sched_state,running
178495.202939,0,queue_length,1
178495.203013,4,sched_state,waiting
178495.203021,4,tick,""
178495.203042,4,sched_state,waiting
178495.203047,4,tick,""
178495.203049,4,sched_state,waiting
178495.203052,4,tick,""
178495.203792,0,tick,""
178495.203808,0,reduction,""
178495.203811,0,sched_state,running
178495.204284,0,tick,""
178495.204288,0,reduction,""
178495.204292,0,sched_state,running
178495.204585,0,tick,""
178495.205011,1,sched_state,waiting
178495.205029,1,tick,""
178495.205051,1,sched_state,waiting
178495.205056,1,tick,""
178495.206798,5,sched_state,waiting
178495.206806,5,tick,""
178495.206809,5,sched_state,waiting
178495.206813,5,tick,""
178495.206896,5,sched_state,waiting
178495.206902,5,tick,""
178495.206907,5,sched_state,waiting
178495.206911,5,tick,""
178495.209802,9,channel_unblocked,1245
178495.209813,0,yield,""
178495.210011,3,sched_state,waiting
178495.210021,3,tick,""
178495.210046,3,sched_state,waiting
178495.210051,3,tick,""
178495.210706,0,sched_state,running
178495.210706,0,queue_length,2
178495.211025,6,sched_state,waiting
178495.211033,6,tick,""
178495.211435,0,tick,""
178495.211441,0,sched_state,running
178495.211455,0,tick,""
178495.211463,0,queue_length,1
178495.213016,7,sched_state,waiting
178495.213033,7,tick,""
178495.213076,7,sched_state,waiting
178495.213082,7,tick,""
178495.213340,0,sched_state,running
178495.213842,0,tick,""
178495.213847,0,sched_state,running
178495.213980,0,tick,""
178495.213988,0,queue_length,0
178495.214916,4,sched_state,waiting
178495.214924,4,tick,""
178495.214970,4,sched_state,waiting
178495.214975,4,tick,""
178495.215226,0,sched_state,running
178495.215656,0,tick,""
178495.215664,0,reduction,""
178495.215667,0,sched_state,running
178495.216336,0,tick,""
178495.216343,0,reduction,""
178495.216346,0,sched_state,running
178495.216733,0,tick,""
178495.217015,5,sched_state,waiting
178495.217023,5,tick,""
178495.219019,2,sched_state,waiting
178495.219094,2,tick,""
178495.221015,3,sched_state,waiting
178495.221024,3,tick,""
178495.221046,3,sched_state,waiting
178495.221050,3,tick,""
178495.221292,12,channel_unblocked,926
178495.221298,0,yield,""
178495.222014,6,sched_state,waiting
178495.222025,6,tick,""
178495.222031,6,sched_state,waiting
178495.222036,6,tick,""
178495.222234,0,sched_state,running
178495.222235,0,queue_length,1
178495.222937,0,tick,""
178495.222949,0,reduction,""
178495.222952,0,sched_state,running
178495.223374,0,tick,""
178495.223379,0,reduction,""
178495.223381,0,sched_state,running
178495.223795,0,tick,""
178495.224040,7,sched_state,waiting
178495.224049,7,tick,""
178495.224080,7,sched_state,waiting
178495.224087,7,tick,""
178495.225041,4,sched_state,waiting
178495.225051,4,tick,""
178495.225086,4,sched_state,waiting
178495.225091,4,tick,""
178495.228374,7,channel_unblocked,926
178495.228383,0,yield,""
178495.229438,0,sched_state,running
178495.230392,0,tick,""
178495.230398,0,sched_state,running
178495.230425,0,tick,""
178495.230860,0,queue_length,2
178495.230868,0,queue_length,1
178495.232020,3,sched_state,waiting
178495.232029,0,sched_state,running
178495.232032,3,tick,""
178495.232072,3,sched_state,waiting
178495.232079,3,tick,""
178495.232084,3,sched_state,waiting
178495.232090,3,tick,""
178495.232094,3,sched_state,waiting
178495.232098,3,tick,""
178495.232479,0,tick,""
178495.232483,0,sched_state,running
178495.232619,0,tick,""
178495.232628,0,queue_length,0
178495.233856,0,sched_state,running
178495.234406,0,tick,""
178495.234415,0,reduction,""
178495.234419,0,sched_state,running
178495.235061,7,sched_state,waiting
178495.235068,7,tick,""
178495.235076,0,tick,""
178495.235082,0,reduction,""
178495.235085,0,sched_state,running
178495.235440,7,sched_state,waiting
178495.235445,7,tick,""
178495.235449,0,tick,""
178495.236041,4,sched_state,waiting
178495.236050,4,tick,""
178495.236072,4,sched_state,waiting
178495.236076,4,tick,""
178495.240607,10,channel_unblocked,715
178495.240616,0,yield,""
178495.241375,0,sched_state,running
178495.241405,0,queue_length,1
178495.241964,0,tick,""
178495.241977,0,reduction,""
178495.241979,0,sched_state,running
178495.242365,0,tick,""
178495.242370,0,reduction,""
178495.242373,0,sched_state,running
178495.242631,0,tick,""
178495.244049,6,sched_state,waiting
178495.244059,6,tick,""
178495.244063,6,sched_state,waiting
178495.244067,6,tick,""
178495.246967,7,sched_state,waiting
178495.246976,7,tick,""
178495.246998,5,channel_unblocked,715
178495.247004,0,yield,""
178495.247028,4,sched_state,waiting
178495.247035,4,tick,""
178495.247108,4,sched_state,waiting
178495.247112,4,tick,""
178495.247709,0,sched_state,running
178495.247710,0,queue_length,2
178495.248206,0,tick,""
178495.248212,0,sched_state,running
178495.248214,7,sched_state,waiting
178495.248221,7,tick,""
178495.248253,0,tick,""
178495.248263,0,queue_length,1
178495.249426,0,sched_state,running
178495.249944,0,tick,""
178495.249948,0,sched_state,running
178495.250023,0,tick,""
178495.250032,0,queue_length,0
178495.250041,5,sched_state,waiting
178495.250049,5,tick,""
178495.251790,0,sched_state,running
178495.252070,2,sched_state,waiting
178495.252078,2,tick,""
178495.252277,0,tick,""
178495.252285,0,reduction,""
178495.252288,0,sched_state,running
178495.252805,0,tick,""
178495.252814,0,reduction,""
178495.252819,0,sched_state,running
178495.253162,0,tick,""
178495.257581,8,channel_unblocked,479
178495.257589,0,yield,""
178495.258010,4,sched_state,waiting
178495.258016,4,tick,""
178495.258148,0,sched_state,running
178495.258149,0,queue_length,1
178495.258152,4,sched_state,waiting
178495.258156,4,tick,""
178495.258622,0,tick,""
178495.258635,0,reduction,""
178495.258639,0,sched_state,running
178495.259039,7,sched_state,waiting
178495.259049,7,tick,""
178495.259074,7,sched_state,waiting
178495.259080,7,tick,""
178495.259087,7,sched_state,waiting
178495.259092,7,tick,""
178495.259141,0,tick,""
178495.259146,0,reduction,""
178495.259149,0,sched_state,running
178495.259496,0,tick,""
178495.263067,2,sched_state,waiting
178495.263093,2,tick,""
178495.264529,3,channel_unblocked,479
178495.264539,0,yield,""
178495.265258,0,sched_state,running
178495.265290,0,queue_length,2
178495.265885,0,tick,""
178495.265891,0,sched_state,running
178495.266030,0,tick,""
178495.266041,0,queue_length,1
178495.267196,0,sched_state,running
178495.267716,0,tick,""
178495.267719,0,sched_state,running
178495.267839,0,tick,""
178495.267849,0,queue_length,0
178495.268582,0,sched_state,running
178495.268909,0,tick,""
178495.268916,0,reduction,""
178495.268919,0,sched_state,running
178495.269040,4,sched_state,waiting
178495.269050,4,tick,""
178495.269081,4,sched_state,waiting
178495.269086,4,tick,""
178495.269405,0,tick,""
178495.269414,0,reduction,""
178495.269416,0,sched_state,running
178495.269666,0,tick,""
178495.270012,7,sched_state,waiting
178495.270022,7,tick,""
178495.270044,7,sched_state,waiting
178495.270049,7,tick,""
178495.271022,1,sched_state,waiting
178495.271032,1,tick,""
178495.272011,5,sched_state,waiting
178495.272017,5,tick,""
178495.273011,6,channel_unblocked,277
178495.273023,0,yield,""
178495.273598,0,sched_state,running
178495.273598,0,queue_length,1
178495.274027,0,tick,""
178495.274041,0,reduction,""
178495.274044,0,sched_state,running
178495.274604,0,tick,""
178495.274614,0,reduction,""
178495.274617,0,sched_state,running
178495.274945,0,tick,""
178495.277372,2,channel_unblocked,277
178495.277378,0,yield,""
178495.277930,0,sched_state,running
178495.278145,0,tick,""
178495.278148,0,sched_state,running
178495.278310,0,tick,""
178495.278811,0,queue_length,2
178495.278816,0,queue_length,1
178495.279361,0,sched_state,running
178495.279597,0,tick,""
178495.279601,0,sched_state,running
178495.279755,0,tick,""
178495.279776,0,queue_length,0
178495.280012,4,sched_state,waiting
178495.280021,4,tick,""
178495.280051,4,sched_state,waiting
178495.280055,4,tick,""
178495.280579,0,sched_state,running
178495.280777,0,tick,""
178495.280783,0,reduction,""
178495.280785,0,sched_state,running
178495.281008,7,sched_state,waiting
178495.281015,7,tick,""
178495.281043,7,sched_state,waiting
178495.281047,7,tick,""
178495.281148,0,tick,""
178495.281154,0,reduction,""
178495.281157,0,sched_state,running
178495.281422,0,tick,""
178495.282020,1,sched_state,waiting
178495.282028,1,tick,""
178495.284270,4,channel_unblocked,157
178495.284277,0,yield,""
178495.284691,0,sched_state,running
178495.284706,0,queue_length,1
178495.285014,2,sched_state,waiting
178495.285017,0,tick,""
178495.285022,2,tick,""
178495.285026,0,reduction,""
178495.285030,0,sched_state,running
178495.285305,0,tick,""
178495.285310,0,reduction,""
178495.285312,0,sched_state,running
178495.285551,0,tick,""
178495.287965,0,channel_unblocked,157
178495.287970,0,yield,""
178495.288348,0,sched_state,running
178495.288383,0,queue_length,2
178495.288682,0,tick,""
178495.288686,0,sched_state,running
178495.288719,0,tick,""
178495.288728,0,queue_length,1
178495.289497,0,sched_state,running
178495.289699,0,tick,""
178495.289703,0,sched_state,running
178495.289759,0,tick,""
178495.289765,0,queue_length,0
178495.290248,0,sched_state,running
178495.290424,0,tick,""
178495.290428,0,reduction,""
178495.290430,0,sched_state,running
178495.290688,0,tick,""
178495.290692,0,reduction,""
178495.290694,0,sched_state,running
178495.290846,0,tick,""
178495.291249,4,sched_state,waiting
178495.291255,4,tick,""
178495.291446,4,sched_state,waiting
178495.291450,4,tick,""
178495.292516,7,sched_state,waiting
178495.292523,7,tick,""
178495.292541,7,sched_state,waiting
178495.292544,7,tick,""
178495.293265,1,channel_unblocked,87
178495.293271,0,yield,""
178495.293661,0,sched_state,running
178495.293662,0,queue_length,1
178495.293959,0,tick,""
178495.293967,0,reduction,""
178495.293969,0,sched_state,running
178495.294013,5,sched_state,waiting
178495.294018,5,tick,""
178495.294152,0,tick,""
178495.294158,0,sched_state,stop
