timestamp,lpu,event,value
178492.738700,7,sched_state,startup
178492.738711,6,sched_state,startup
178492.738716,4,sched_state,startup
178492.738848,5,sched_state,startup
178492.738852,1,sched_state,startup
178492.738956,3,sched_state,startup
178492.738988,0,sched_state,startup
178492.739035,7,tick,""
178492.739036,4,tick,""
178492.739047,7,queue_length,0
178492.739050,4,queue_length,0
178492.739056,4,sched_state,waiting
178492.739056,7,sched_state,waiting
178492.739064,6,tick,""
178492.739063,1,tick,""
178492.739063,5,tick,""
178492.739069,7,tick,""
178492.739069,4,tick,""
178492.739073,6,queue_length,0
178492.739074,5,queue_length,0
178492.739076,1,queue_length,0
178492.739078,6,sched_state,waiting
178492.739080,5,sched_state,waiting
178492.739080,1,sched_state,waiting
178492.739092,6,tick,""
178492.739092,1,tick,""
178492.739092,5,tick,""
178492.739126,4,sched_state,waiting
178492.739129,1,sched_state,waiting
178492.739129,5,sched_state,waiting
178492.739130,3,tick,""
178492.739131,6,sched_state,waiting
178492.739135,4,tick,""
178492.739138,3,queue_length,0
178492.739138,1,tick,""
178492.739140,5,tick,""
178492.739143,3,sched_state,waiting
178492.739145,6,tick,""
178492.739151,6,sched_state,waiting
178492.739154,6,tick,""
178492.739154,2,sched_state,startup
178492.739156,3,tick,""
178492.739179,3,sched_state,waiting
178492.739187,3,tick,""
178492.739192,3,sched_state,waiting
178492.739196,3,tick,""
178492.739317,2,tick,""
178492.739331,2,queue_length,0
178492.739336,2,sched_state,waiting
178492.739337,0,tick,""
178492.739351,2,tick,""
178492.739380,2,sched_state,waiting
178492.739388,2,tick,""
178492.739393,2,sched_state,waiting
178492.739397,2,tick,""
178492.739416,0,queue_length,1
178492.739421,0,queue_length,0
178492.740388,0,sched_state,running
178492.741048,0,tick,""
178492.741075,0,reduction,""
178492.741084,0,sched_state,running
178492.741505,0,tick,""
178492.741524,0,reduction,""
178492.741532,0,sched_state,running
178492.742110,0,tick,""
178492.742127,0,reduction,""
178492.742135,0,sched_state,running
178492.742515,0,tick,""
178492.742531,0,reduction,""
178492.742538,0,sched_state,running
178492.742910,0,tick,""
178492.742926,0,reduction,""
178492.742936,0,sched_state,running
178492.743302,0,tick,""
178492.743319,0,reduction,""
178492.743326,0,sched_state,running
178492.743749,0,tick,""
178492.743769,0,reduction,""
178492.743777,0,sched_state,running
178492.743879,7,sched_state,waiting
178492.743920,7,tick,""
178492.743938,7,sched_state,waiting
178492.743951,7,tick,""
178492.744023,0,tick,""
178492.744027,0,reduction,""
178492.744036,0,sched_state,running
178492.744141,0,tick,""
178492.744150,0,reduction,""
178492.744152,0,sched_state,running
178492.744243,0,tick,""
178492.744250,0,reduction,""
178492.744251,0,sched_state,running
178492.744341,0,tick,""
178492.744345,0,reduction,""
178492.744347,0,sched_state,running
178492.744435,0,tick,""
178492.744439,0,reduction,""
178492.744445,0,sched_state,running
178492.744536,0,tick,""
178492.744539,0,reduction,""
178492.744541,0,sched_state,running
178492.744721,0,tick,""
178492.744729,0,reduction,""
178492.744731,0,sched_state,running
178492.744837,0,tick,""
178492.744844,0,reduction,""
178492.744845,0,sched_state,running
178492.744943,0,tick,""
178492.745095,0,reduction,""
178492.745098,0,sched_state,running
178492.745191,0,tick,""
178492.745211,0,reduction,""
178492.745214,0,sched_state,running
178492.745382,0,tick,""
178492.745385,0,reduction,""
178492.745389,0,sched_state,running
178492.745479,0,tick,""
178492.745485,0,reduction,""
178492.745487,0,sched_state,running
178492.745576,0,tick,""
178492.746236,0,reduction,""
178492.746240,0,sched_state,running
178492.746399,0,tick,""
178492.746967,0,queue_length,0
178492.747500,0,sched_state,running
178492.747781,0,tick,""
178492.747798,0,reduction,""
178492.747800,0,sched_state,running
178492.748046,0,tick,""
178492.748052,0,spawn,""
178492.748053,0,reduction,""
178492.748054,0,sched_state,running
178492.748545,0,tick,""
178492.748546,0,queue_length,1
178492.748550,0,reduction,""
178492.748552,0,sched_state,running
178492.748705,0,tick,""
178492.748710,0,reduction,""
178492.748712,0,sched_state,running
178492.748821,0,tick,""
178492.748824,0,reduction,""
178492.748827,0,sched_state,running
178492.748938,0,tick,""
178492.748943,0,reduction,""
178492.748945,0,sched_state,running
178492.749106,0,tick,""
178492.749110,0,reduction,""
178492.749112,0,sched_state,running
178492.749271,0,tick,""
178492.749322,0,reduction,""
178492.749324,0,sched_state,running
178492.749486,0,tick,""
178492.749491,0,reduction,""
178492.749494,0,sched_state,running
178492.749652,0,tick,""
178492.749657,0,spawn,""
178492.749659,0,reduction,""
178492.749661,0,sched_state,running
178492.750240,0,tick,""
178492.750244,0,reduction,""
178492.750245,0,sched_state,running
178492.750360,0,tick,""
178492.750367,0,reduction,""
178492.750368,0,sched_state,running
178492.750476,0,tick,""
178492.750479,0,reduction,""
178492.750480,0,sched_state,running
178492.750586,0,tick,""
178492.750589,0,reduction,""
178492.750590,0,sched_state,running
178492.750668,0,queue_length,2
178492.750697,0,tick,""
178492.750701,0,reduction,""
178492.750702,0,sched_state,running
178492.750814,0,tick,""
178492.750818,0,reduction,""
178492.750820,0,sched_state,running
178492.751006,0,tick,""
178492.751565,0,channel_blocked,87
178492.751567,0,yield,""
178492.751569,0,sched_state,running
178492.751575,0,tick,""
178492.751581,0,queue_length,1
178492.751948,0,sched_state,running
178492.752075,0,tick,""
178492.752078,0,reduction,""
178492.752079,0,sched_state,running
178492.752294,0,tick,""
178492.752298,0,reduction,""
178492.752299,0,sched_state,running
178492.752411,0,tick,""
178492.752414,0,reduction,""
178492.752415,0,sched_state,running
178492.752524,0,tick,""
178492.752527,0,reduction,""
178492.752528,0,sched_state,running
178492.752635,0,tick,""
178492.752639,0,reduction,""
178492.752640,0,sched_state,running
178492.752746,0,tick,""
178492.752750,0,reduction,""
178492.752751,0,sched_state,running
178492.752856,0,tick,""
178492.752870,0,reduction,""
178492.752871,0,sched_state,running
178492.752981,0,tick,""
178492.752985,0,reduction,""
178492.752986,0,sched_state,running
178492.753094,0,tick,""
178492.753111,0,reduction,""
178492.753113,0,sched_state,running
178492.753222,0,tick,""
178492.753235,0,reduction,""
178492.753237,0,sched_state,running
178492.753338,0,tick,""
178492.753342,0,reduction,""
178492.753343,0,sched_state,running
178492.753443,0,tick,""
178492.753554,0,reduction,""
178492.753557,0,sched_state,running
178492.753659,0,tick,""
178492.753671,0,reduction,""
178492.753672,0,sched_state,running
178492.753773,0,tick,""
178492.753775,0,reduction,""
178492.753776,0,sched_state,running
178492.753877,0,tick,""
178492.753880,0,reduction,""
178492.753881,0,sched_state,running
178492.753978,0,tick,""
178492.753981,0,reduction,""
178492.753982,0,sched_state,running
178492.754080,0,tick,""
178492.754084,0,reduction,""
178492.754084,0,sched_state,running
178492.754183,0,tick,""
178492.754251,0,reduction,""
178492.754253,0,sched_state,running
178492.754352,0,tick,""
178492.754357,0,reduction,""
178492.754358,0,sched_state,running
178492.754456,0,tick,""
178492.754524,0,reduction,""
178492.754526,0,sched_state,running
178492.754626,0,tick,""
178492.755025,3,sched_state,waiting
178492.755033,3,tick,""
178492.755042,5,sched_state,waiting
178492.755042,1,sched_state,waiting
178492.755053,1,tick,""
178492.755053,5,tick,""
178492.755057,5,sched_state,waiting
178492.755058,3,sched_state,waiting
178492.755057,4,sched_state,waiting
178492.755062,3,tick,""
178492.755065,5,tick,""
178492.755066,4,tick,""
178492.755094,5,sched_state,waiting
178492.755100,5,tick,""
178492.755100,4,sched_state,waiting
178492.755107,4,tick,""
178492.755585,6,sched_state,waiting
178492.755592,6,tick,""
178492.755599,0,queue_length,1
178492.755892,6,sched_state,waiting
178492.755896,6,tick,""
178492.755899,6,sched_state,waiting
178492.755902,6,tick,""
178492.756420,0,sched_state,running
178492.756876,0,tick,""
178492.756881,0,reduction,""
178492.756882,0,sched_state,running
178492.757083,0,tick,""
178492.757089,0,reduction,""
178492.757091,0,sched_state,running
178492.757526,0,tick,""
178492.757532,0,reduction,""
178492.757534,0,sched_state,running
178492.757734,0,tick,""
178492.757739,0,reduction,""
178492.757741,0,sched_state,running
178492.757935,0,tick,""
178492.757942,0,reduction,""
178492.757945,0,sched_state,running
178492.758143,0,tick,""
178492.758280,0,reduction,""
178492.758286,0,sched_state,running
178492.758487,0,tick,""
178492.758497,0,reduction,""
178492.758499,0,sched_state,running
178492.758700,0,tick,""
178492.758808,0,reduction,""
178492.758811,0,sched_state,running
178492.759010,0,tick,""
178492.759016,0,reduction,""
178492.759018,0,sched_state,running
178492.759213,0,tick,""
178492.759229,0,reduction,""
178492.759231,0,sched_state,running
178492.759429,0,tick,""
178492.759450,0,reduction,""
178492.759453,0,sched_state,running
178492.759652,0,tick,""
178492.759665,0,reduction,""
178492.759667,0,sched_state,running
178492.759866,0,tick,""
178492.760100,0,reduction,""
178492.760103,0,sched_state,running
178492.760311,0,tick,""
178492.760319,0,reduction,""
178492.760322,0,sched_state,running
178492.760519,0,tick,""
178492.760526,0,reduction,""
178492.760527,0,sched_state,running
178492.760723,0,tick,""
178492.760730,0,reduction,""
178492.760732,0,sched_state,running
178492.760924,0,tick,""
178492.760931,0,reduction,""
178492.760933,0,sched_state,running
178492.761128,0,tick,""
178492.761134,0,reduction,""
178492.761136,0,sched_state,running
178492.761327,0,tick,""
178492.761334,0,reduction,""
178492.761336,0,sched_state,running
178492.761532,0,tick,""
178492.761537,0,reduction,""
178492.761538,0,sched_state,running
178492.761730,0,tick,""
178492.761743,0,queue_length,0
178492.763334,0,queue_length,0
178492.764385,0,sched_state,running
178492.764771,0,tick,""
178492.764778,0,reduction,""
178492.764781,0,sched_state,running
178492.764994,0,tick,""
178492.765000,0,reduction,""
178492.765002,0,sched_state,running
178492.765200,0,tick,""
178492.765205,0,reduction,""
178492.765206,0,sched_state,running
178492.765394,0,tick,""
178492.766019,2,sched_state,waiting
178492.766036,7,sched_state,waiting
178492.766045,1,sched_state,waiting
178492.766057,1,tick,""
178492.766098,1,sched_state,waiting
178492.766111,1,tick,""
178492.766116,1,sched_state,waiting
178492.766120,1,tick,""
178492.766220,3,sched_state,waiting
178492.766669,4,sched_state,waiting
178492.766777,4,tick,""
178492.766819,4,sched_state,waiting
178492.766823,4,tick,""
178492.766841,2,tick,""
178492.766853,1,channel_blocked,193
178492.766855,0,yield,""
178492.766857,0,sched_state,running
178492.766869,2,sched_state,waiting
178492.766904,7,tick,""
178492.766937,7,sched_state,waiting
178492.766942,2,tick,""
178492.766950,2,sched_state,waiting
178492.766955,2,tick,""
178492.766959,2,sched_state,waiting
178492.766962,2,tick,""
178492.766984,0,tick,""
178492.766989,7,tick,""
178492.766997,0,queue_length,0
178492.767002,0,sched_state,waiting
178492.767009,0,tick,""
178492.767027,3,tick,""
178492.767032,0,sched_state,waiting
178492.767033,3,sched_state,waiting
178492.767039,0,tick,""
178492.767043,0,sched_state,waiting
178492.767050,0,tick,""
178492.767104,6,sched_state,waiting
178492.767120,6,tick,""
178492.767137,6,sched_state,waiting
178492.767149,6,tick,""
178492.767293,3,tick,""
178492.767299,3,sched_state,waiting
178492.767611,3,tick,""
178492.767614,3,sched_state,running
178492.767781,3,tick,""
178492.767788,3,reduction,""
178492.767789,3,sched_state,running
178492.767951,3,tick,""
178492.767971,3,reduction,""
178492.767973,3,sched_state,running
178492.768140,3,tick,""
178492.768162,3,reduction,""
178492.768165,3,sched_state,running
178492.768308,3,tick,""
178492.768319,3,reduction,""
178492.768321,3,sched_state,running
178492.768454,3,tick,""
178492.768623,3,reduction,""
178492.768626,3,sched_state,running
178492.768751,3,tick,""
178492.768757,3,reduction,""
178492.768759,3,sched_state,running
178492.768881,3,tick,""
178492.768888,3,reduction,""
178492.768890,3,sched_state,running
178492.769012,3,tick,""
178492.769016,3,reduction,""
178492.769017,3,sched_state,running
178492.769145,3,tick,""
178492.769150,3,reduction,""
178492.769151,3,sched_state,running
178492.769273,3,tick,""
178492.769278,3,reduction,""
178492.769279,3,sched_state,running
178492.769400,3,tick,""
178492.769403,3,reduction,""
178492.769405,3,sched_state,running
178492.769526,3,tick,""
178492.769529,3,reduction,""
178492.769531,3,sched_state,running
178492.769651,3,tick,""
178492.769654,3,reduction,""
178492.769656,3,sched_state,running
178492.769776,3,tick,""
178492.769779,3,reduction,""
178492.769781,3,sched_state,running
178492.769901,3,tick,""
178492.769903,3,reduction,""
178492.769905,3,sched_state,running
178492.770024,3,tick,""
178492.771286,0,channel_unblocked,162
178492.771291,3,yield,""
178492.771569,3,sched_state,running
178492.771708,3,tick,""
178492.771711,3,sched_state,running
178492.771715,3,tick,""
178492.771943,3,queue_length,1
178492.771948,3,queue_length,0
178492.772339,3,sched_state,running
178492.772676,3,tick,""
178492.772680,3,reduction,""
178492.772682,3,sched_state,running
178492.772941,3,tick,""
178492.772946,3,reduction,""
178492.772947,3,sched_state,running
178492.773091,3,tick,""
178492.775003,1,channel_unblocked,87
178492.775008,3,yield,""
178492.775280,3,sched_state,running
178492.775556,3,tick,""
178492.775565,3,reduction,""
178492.775567,3,sched_state,running
178492.775824,3,tick,""
178492.775831,3,sched_state,stop
