timestamp,lpu,event,value
159916.686602,6,sched_state,startup
159916.686604,4,sched_state,startup
159916.686602,2,sched_state,startup
159916.686609,3,sched_state,startup
159916.686609,7,sched_state,startup
159916.686631,1,sched_state,startup
159916.686641,5,sched_state,startup
159916.687893,4,tick,""
159916.687965,4,queue_length,0
159916.687974,4,sched_state,waiting
159916.688215,4,tick,""
159916.688521,1,tick,""
159916.688554,5,tick,""
159916.688554,7,tick,""
159916.688557,0,sched_state,startup
159916.688558,1,queue_length,0
159916.688558,3,tick,""
159916.688561,5,queue_length,0
159916.688557,6,tick,""
159916.688564,1,sched_state,waiting
159916.688564,5,sched_state,waiting
159916.688565,7,queue_length,0
159916.688567,3,queue_length,0
159916.688571,7,sched_state,waiting
159916.688571,3,sched_state,waiting
159916.688572,6,queue_length,0
159916.688577,6,sched_state,waiting
159916.688667,6,tick,""
159916.688700,1,tick,""
159916.688700,5,tick,""
159916.688706,3,tick,""
159916.688706,7,tick,""
159916.688719,6,sched_state,waiting
159916.688729,6,tick,""
159916.688749,1,sched_state,waiting
159916.688757,3,sched_state,waiting
159916.688757,7,sched_state,waiting
159916.688758,5,sched_state,waiting
159916.688759,1,tick,""
159916.688768,5,tick,""
159916.688769,7,tick,""
159916.688769,3,tick,""
159916.688772,5,sched_state,waiting
159916.688775,3,sched_state,waiting
159916.688778,5,tick,""
159916.688779,3,tick,""
159916.689480,2,tick,""
159916.690132,0,tick,""
159916.690220,4,sched_state,waiting
159916.690226,4,tick,""
159916.690229,4,sched_state,waiting
159916.690232,4,tick,""
159916.690234,2,queue_length,0
159916.690246,2,sched_state,waiting
159916.690373,2,tick,""
159916.690491,2,sched_state,waiting
159916.690496,2,tick,""
159916.690507,2,sched_state,waiting
159916.690512,2,tick,""
159916.690595,0,queue_length,1
159916.690601,0,queue_length,0
159916.693818,0,sched_state,running
159916.694642,0,tick,""
159916.694651,0,reduction,""
159916.694653,0,sched_state,running
159916.695359,0,tick,""
159916.695365,0,reduction,""
159916.695367,0,sched_state,running
159916.696032,0,tick,""
159916.696036,0,reduction,""
159916.696037,0,sched_state,running
159916.696352,0,tick,""
159916.697142,0,reduction,""
159916.697147,0,sched_state,running
159916.697753,0,tick,""
159916.697761,0,reduction,""
159916.697764,0,sched_state,running
159916.698465,0,tick,""
159916.698577,0,reduction,""
159916.698579,0,sched_state,running
159916.699060,0,tick,""
159916.699065,0,reduction,""
159916.699068,0,sched_state,running
159916.699542,0,tick,""
159916.699548,0,spawn,""
159916.699550,0,reduction,""
159916.699552,0,sched_state,running
159916.700031,0,tick,""
159916.700034,0,reduction,""
159916.700036,0,sched_state,running
159916.700036,0,queue_length,1
159916.700510,0,tick,""
159916.700524,0,reduction,""
159916.700526,0,sched_state,running
159916.700934,0,tick,""
159916.700940,0,reduction,""
159916.700943,0,sched_state,running
159916.701439,0,tick,""
159916.701443,0,reduction,""
159916.701444,0,sched_state,running
159916.701847,0,tick,""
159916.701853,0,reduction,""
159916.701855,0,sched_state,running
159916.702260,0,tick,""
159916.702266,0,reduction,""
159916.702269,0,sched_state,running
159916.702766,0,tick,""
159916.702783,0,reduction,""
159916.702786,0,sched_state,running
159916.703019,3,sched_state,waiting
159916.703020,6,sched_state,waiting
159916.703023,7,sched_state,waiting
159916.703030,3,tick,""
159916.703031,7,tick,""
159916.703033,6,tick,""
159916.703049,5,sched_state,waiting
159916.703053,1,sched_state,waiting
159916.703064,5,tick,""
159916.703064,1,tick,""
159916.703070,1,sched_state,waiting
159916.703071,3,sched_state,waiting
159916.703076,1,tick,""
159916.703079,3,tick,""
159916.703114,5,sched_state,waiting
159916.703119,5,tick,""
159916.703121,1,sched_state,waiting
159916.703127,1,tick,""
159916.703153,6,sched_state,waiting
159916.703160,6,tick,""
159916.703236,2,sched_state,waiting
159916.703242,0,tick,""
159916.703245,2,tick,""
159916.703248,0,reduction,""
159916.703250,0,sched_state,running
159916.703979,0,tick,""
159916.703986,0,reduction,""
159916.703988,0,sched_state,running
159916.704043,4,sched_state,waiting
159916.704050,4,tick,""
159916.704111,4,sched_state,waiting
159916.704115,4,tick,""
159916.704119,4,sched_state,waiting
159916.704121,4,tick,""
159916.704757,0,tick,""
159916.704770,0,reduction,""
159916.704771,0,sched_state,running
159916.705073,0,tick,""
159916.705077,0,reduction,""
159916.705079,0,sched_state,running
159916.705559,0,tick,""
159916.705563,0,reduction,""
159916.705565,0,sched_state,running
159916.705865,0,tick,""
159916.708196,0,queue_length,1
159916.708209,0,sched_state,running
159916.708226,0,tick,""
159916.708230,0,reduction,""
159916.708232,0,sched_state,running
159916.708240,0,tick,""
159916.708244,0,reduction,""
159916.708246,0,sched_state,running
159916.708251,0,tick,""
159916.708255,0,reduction,""
159916.708256,0,sched_state,running
159916.708259,0,tick,""
159916.708291,0,channel_blocked,188
159916.708294,0,yield,""
159916.708299,0,sched_state,running
159916.708303,0,tick,""
159916.708309,0,queue_length,2
159916.708312,0,queue_length,1
159916.710175,0,sched_state,running
159916.711206,0,tick,""
159916.711215,0,reduction,""
159916.711216,0,sched_state,running
159916.712112,0,tick,""
159916.712130,0,reduction,""
159916.712131,0,sched_state,running
159916.712599,0,tick,""
159916.712741,0,reduction,""
159916.712744,0,sched_state,running
159916.713223,0,tick,""
159916.713247,0,reduction,""
159916.713252,0,sched_state,running
159916.713705,0,tick,""
159916.713708,0,reduction,""
159916.713710,0,sched_state,running
159916.714018,7,sched_state,waiting
159916.714019,3,sched_state,waiting
159916.714024,5,sched_state,waiting
159916.714028,3,tick,""
159916.714029,7,tick,""
159916.714032,5,tick,""
159916.714036,5,sched_state,waiting
159916.714040,5,tick,""
159916.714064,3,sched_state,waiting
159916.714070,3,tick,""
159916.714071,7,sched_state,waiting
159916.714077,7,tick,""
159916.714082,7,sched_state,waiting
159916.714086,7,tick,""
159916.714114,5,sched_state,waiting
159916.714120,5,tick,""
159916.714125,5,sched_state,waiting
159916.714137,5,tick,""
159916.714141,5,sched_state,waiting
159916.714145,5,tick,""
159916.714148,5,sched_state,waiting
159916.714152,5,tick,""
159916.714240,6,sched_state,waiting
159916.714247,6,tick,""
159916.714248,0,tick,""
159916.714254,0,reduction,""
159916.714256,0,sched_state,running
159916.714269,6,sched_state,waiting
159916.714277,6,tick,""
159916.715010,4,sched_state,waiting
159916.715015,4,tick,""
159916.715032,4,sched_state,waiting
159916.715035,4,tick,""
159916.715035,0,tick,""
159916.715043,0,reduction,""
159916.715045,0,sched_state,running
159916.715649,0,tick,""
159916.715666,0,reduction,""
159916.715668,0,sched_state,running
159916.716152,0,tick,""
159916.716212,0,reduction,""
159916.716215,0,sched_state,running
159916.716874,0,tick,""
159916.716888,0,reduction,""
159916.716890,0,sched_state,running
159916.718008,0,tick,""
159916.718016,0,reduction,""
159916.718017,0,sched_state,running
159916.718660,0,tick,""
159916.718671,0,reduction,""
159916.718673,0,sched_state,running
159916.719296,0,tick,""
159916.719314,0,reduction,""
159916.719316,0,sched_state,running
159916.719945,0,tick,""
159916.719950,0,reduction,""
159916.719952,0,sched_state,running
159916.720596,0,tick,""
159916.720616,0,reduction,""
159916.720618,0,sched_state,running
159916.721220,0,tick,""
159916.721239,0,reduction,""
159916.721240,0,sched_state,running
159916.721675,0,tick,""
159916.721679,0,reduction,""
159916.721681,0,sched_state,running
159916.722116,0,tick,""
159916.722265,0,reduction,""
159916.722268,0,sched_state,running
159916.722820,0,tick,""
159916.722835,0,reduction,""
159916.722837,0,sched_state,running
159916.723272,0,tick,""
159916.723277,0,reduction,""
159916.723279,0,sched_state,running
159916.723887,0,tick,""
159916.725018,7,sched_state,waiting
159916.725018,3,sched_state,waiting
159916.725027,3,tick,""
159916.725027,7,tick,""
159916.725033,1,sched_state,waiting
159916.725051,1,tick,""
159916.725061,7,sched_state,waiting
159916.725061,3,sched_state,waiting
159916.725066,7,tick,""
159916.725066,3,tick,""
159916.725072,7,sched_state,waiting
159916.725076,7,tick,""
159916.725079,1,sched_state,waiting
159916.725088,1,tick,""
159916.725093,1,sched_state,waiting
159916.725097,1,tick,""
159916.725101,1,sched_state,waiting
159916.725104,1,tick,""
159916.725513,6,sched_state,waiting
159916.725519,6,tick,""
159916.725549,6,sched_state,waiting
159916.725555,6,tick,""
159916.726015,4,sched_state,waiting
159916.726020,4,tick,""
159916.726022,4,sched_state,waiting
159916.726024,4,tick,""
159916.726041,4,sched_state,waiting
159916.726044,4,tick,""
159916.726515,0,queue_length,1
159916.726525,0,sched_state,running
159916.726681,0,tick,""
159916.726714,0,channel_blocked,188
159916.726717,0,yield,""
159916.726722,0,sched_state,running
159916.726723,0,queue_length,2
159916.726728,0,tick,""
159916.726734,0,queue_length,1
159916.728953,0,sched_state,running
159916.730722,0,tick,""
159916.730741,0,reduction,""
159916.730747,0,sched_state,running
159916.732325,0,tick,""
159916.732332,0,reduction,""
159916.732336,0,sched_state,running
159916.733075,0,tick,""
159916.733099,0,reduction,""
159916.733102,0,sched_state,running
159916.733797,0,tick,""
159916.733894,0,reduction,""
159916.733900,0,sched_state,running
159916.734633,0,tick,""
159916.734647,0,reduction,""
159916.734650,0,sched_state,running
159916.735407,0,tick,""
159916.735414,0,reduction,""
159916.735416,0,sched_state,running
159916.736017,3,sched_state,waiting
159916.736019,5,sched_state,waiting
159916.736020,7,sched_state,waiting
159916.736027,3,tick,""
159916.736027,7,tick,""
159916.736027,5,tick,""
159916.736044,2,sched_state,waiting
159916.736056,2,tick,""
159916.736065,7,sched_state,waiting
159916.736069,3,sched_state,waiting
159916.736071,7,tick,""
159916.736080,3,tick,""
159916.736085,3,sched_state,waiting
159916.736090,3,tick,""
159916.736162,1,sched_state,waiting
159916.736170,1,tick,""
159916.736172,0,tick,""
159916.736183,0,reduction,""
159916.736184,0,sched_state,running
159916.736191,1,sched_state,waiting
159916.736195,1,tick,""
159916.736199,1,sched_state,waiting
159916.736202,1,tick,""
159916.737100,4,sched_state,waiting
159916.737106,4,tick,""
159916.737112,0,tick,""
159916.737123,0,reduction,""
159916.737125,0,sched_state,running
159916.738102,4,sched_state,waiting
159916.738106,4,tick,""
159916.738111,0,tick,""
159916.738116,0,reduction,""
159916.738117,0,sched_state,running
159916.738611,0,tick,""
159916.738628,0,reduction,""
159916.738630,0,sched_state,running
159916.739103,0,tick,""
159916.739113,0,reduction,""
159916.739115,0,sched_state,running
159916.739587,0,tick,""
159916.739591,0,reduction,""
159916.739593,0,sched_state,running
159916.740063,0,tick,""
159916.740185,0,reduction,""
159916.740187,0,sched_state,running
159916.740663,0,tick,""
159916.740677,0,reduction,""
159916.740679,0,sched_state,running
159916.741154,0,tick,""
159916.741158,0,reduction,""
159916.741159,0,sched_state,running
159916.741633,0,tick,""
159916.741637,0,reduction,""
159916.741639,0,sched_state,running
159916.742107,0,tick,""
159916.742111,0,reduction,""
159916.742112,0,sched_state,running
159916.742586,0,tick,""
159916.742596,0,reduction,""
159916.742598,0,sched_state,running
159916.743073,0,tick,""
159916.743125,0,reduction,""
159916.743127,0,sched_state,running
159916.743600,0,tick,""
159916.743610,0,reduction,""
159916.743620,0,sched_state,running
159916.744097,0,tick,""
159916.745835,0,queue_length,1
159916.745845,0,sched_state,running
159916.745943,0,tick,""
159916.745966,0,channel_blocked,188
159916.745968,0,yield,""
159916.745971,0,sched_state,running
159916.745996,0,queue_length,2
159916.746039,0,tick,""
159916.746047,0,queue_length,1
159916.747027,7,sched_state,waiting
159916.747030,3,sched_state,waiting
159916.747038,7,tick,""
159916.747041,3,tick,""
159916.747048,6,sched_state,waiting
159916.747046,5,sched_state,waiting
159916.747059,6,tick,""
159916.747062,5,tick,""
159916.747068,7,sched_state,waiting
159916.747075,7,tick,""
159916.747088,6,sched_state,waiting
159916.747095,6,tick,""
159916.747100,6,sched_state,waiting
159916.747104,6,tick,""
159916.749015,4,sched_state,waiting
159916.749023,4,tick,""
159916.749044,4,sched_state,waiting
159916.749048,4,tick,""
159916.749330,0,sched_state,running
159916.752162,0,tick,""
159916.752186,0,reduction,""
159916.752193,0,sched_state,running
159916.754578,0,tick,""
159916.754639,0,reduction,""
159916.754646,0,sched_state,running
159916.756058,0,tick,""
159916.756092,0,reduction,""
159916.756098,0,sched_state,running
159916.756818,0,tick,""
159916.756825,0,reduction,""
159916.756828,0,sched_state,running
159916.757601,0,tick,""
159916.757620,0,reduction,""
159916.757622,0,sched_state,running
159916.758020,6,sched_state,waiting
159916.758020,1,sched_state,waiting
159916.758026,6,tick,""
159916.758026,7,sched_state,waiting
159916.758031,1,tick,""
159916.758034,7,tick,""
159916.758059,1,sched_state,waiting
159916.758065,1,tick,""
159916.758326,3,sched_state,waiting
159916.758332,0,tick,""
159916.758334,3,tick,""
159916.758346,0,reduction,""
159916.758347,0,sched_state,running
159916.758356,3,sched_state,waiting
159916.758366,3,tick,""
159916.758371,3,sched_state,waiting
159916.758374,3,tick,""
159916.760038,4,sched_state,waiting
159916.760069,4,tick,""
159916.760074,0,tick,""
159916.760105,0,reduction,""
159916.760129,0,sched_state,running
159916.760238,4,sched_state,waiting
159916.760255,4,tick,""
159916.760259,4,sched_state,waiting
159916.760262,4,tick,""
159916.761734,0,tick,""
159916.762014,0,reduction,""
159916.762020,0,sched_state,running
159916.762794,0,tick,""
159916.762853,0,reduction,""
159916.762860,0,sched_state,running
159916.763732,0,tick,""
159916.763747,0,reduction,""
159916.763755,0,sched_state,running
159916.764471,0,tick,""
159916.764478,0,reduction,""
159916.764480,0,sched_state,running
159916.765245,0,tick,""
159916.765269,0,reduction,""
159916.765276,0,sched_state,running
159916.766178,0,tick,""
159916.766224,0,reduction,""
159916.766232,0,sched_state,running
159916.766918,0,tick,""
159916.766979,0,reduction,""
159916.766982,0,sched_state,running
159916.767624,0,tick,""
159916.767675,0,reduction,""
159916.767683,0,sched_state,running
159916.768324,0,tick,""
159916.768329,0,reduction,""
159916.768331,0,sched_state,running
159916.769017,6,sched_state,waiting
159916.769022,7,sched_state,waiting
159916.769026,6,tick,""
159916.769031,7,tick,""
159916.769048,1,sched_state,waiting
159916.769052,0,tick,""
159916.769056,6,sched_state,waiting
159916.769057,7,sched_state,waiting
159916.769059,1,tick,""
159916.769061,6,tick,""
159916.769062,1,sched_state,waiting
159916.769063,7,tick,""
159916.769069,1,tick,""
159916.769070,0,reduction,""
159916.769073,0,sched_state,running
159916.769094,1,sched_state,waiting
159916.769100,1,tick,""
159916.769109,1,sched_state,waiting
159916.769112,1,tick,""
159916.770337,0,tick,""
159916.770357,0,reduction,""
159916.770360,0,sched_state,running
159916.772340,0,tick,""
159916.772347,0,reduction,""
159916.772349,0,sched_state,running
159916.772926,0,tick,""
159916.772942,0,reduction,""
159916.772943,0,sched_state,running
159916.773497,0,tick,""
159916.773511,0,queue_length,0
159916.777319,0,queue_length,0
159916.780021,7,sched_state,waiting
159916.780024,6,sched_state,running
159916.780028,3,sched_state,waiting
159916.780032,7,tick,""
159916.780032,6,tick,""
159916.780036,3,tick,""
159916.780052,5,sched_state,waiting
159916.780068,5,tick,""
159916.780073,7,sched_state,waiting
159916.780075,0,channel_blocked,188
159916.780078,6,yield,""
159916.780081,7,tick,""
159916.780084,6,sched_state,running
159916.780093,6,tick,""
159916.780103,6,queue_length,1
159916.780121,6,queue_length,0
159916.780128,6,sched_state,running
159916.780134,6,tick,""
159916.780141,3,sched_state,waiting
159916.780149,3,tick,""
159916.780155,0,channel_blocked,188
159916.780157,6,yield,""
159916.780160,6,sched_state,running
159916.780168,6,tick,""
159916.780172,6,queue_length,1
159916.780175,6,queue_length,0
159916.780182,6,sched_state,running
159916.780186,6,tick,""
159916.780203,0,channel_blocked,188
159916.780204,6,yield,""
159916.780208,6,sched_state,running
159916.780217,6,tick,""
159916.780222,6,queue_length,1
159916.780225,6,queue_length,0
159916.780230,6,sched_state,running
159916.780234,6,tick,""
159916.780249,0,channel_blocked,188
159916.780251,6,yield,""
159916.780255,6,sched_state,running
159916.780260,6,tick,""
159916.780266,6,queue_length,1
159916.780268,6,queue_length,0
159916.780273,6,sched_state,running
159916.780276,6,tick,""
159916.780293,0,channel_blocked,188
159916.780295,6,yield,""
159916.780298,6,sched_state,running
159916.780306,6,tick,""
159916.780312,6,queue_length,1
159916.780314,6,queue_length,0
159916.780319,6,sched_state,running
159916.780323,6,tick,""
159916.780338,0,channel_blocked,188
159916.780340,6,yield,""
159916.780343,6,sched_state,running
159916.780348,6,tick,""
159916.780352,6,queue_length,1
159916.780354,6,queue_length,0
159916.780354,0,sched_state,running
159916.780358,6,sched_state,running
159916.780362,6,tick,""
159916.780376,0,channel_blocked,188
159916.780378,6,yield,""
159916.780381,6,sched_state,running
159916.780386,6,tick,""
159916.780392,6,queue_length,1
159916.780395,6,queue_length,0
159916.780399,6,sched_state,running
159916.780403,6,tick,""
159916.780418,0,channel_blocked,188
159916.780420,6,yield,""
159916.780423,6,sched_state,running
159916.780427,6,tick,""
159916.780431,6,queue_length,1
159916.780433,6,queue_length,0
159916.780438,6,sched_state,running
159916.780441,6,tick,""
159916.780455,0,channel_blocked,188
159916.780457,6,yield,""
159916.780460,6,sched_state,running
159916.780463,6,tick,""
159916.780468,6,queue_length,1
159916.780470,6,queue_length,0
159916.780475,6,sched_state,running
159916.780478,6,tick,""
159916.780494,0,channel_blocked,188
159916.780496,6,yield,""
159916.780499,6,sched_state,running
159916.780506,6,tick,""
159916.780510,6,queue_length,1
159916.780512,6,queue_length,0
159916.780516,6,sched_state,running
159916.780520,6,tick,""
159916.780534,0,channel_blocked,188
159916.780536,6,yield,""
159916.780540,6,sched_state,running
159916.780544,6,tick,""
159916.780549,6,queue_length,1
159916.780551,6,queue_length,0
159916.780556,6,sched_state,running
159916.780560,6,tick,""
159916.780577,0,channel_blocked,188
159916.780578,6,yield,""
159916.780581,6,sched_state,running
159916.780590,6,tick,""
159916.780594,6,queue_length,1
159916.780598,6,queue_length,0
159916.780603,6,sched_state,running
159916.780607,6,tick,""
159916.780622,0,channel_blocked,188
159916.780624,6,yield,""
159916.780627,6,sched_state,running
159916.780632,6,tick,""
159916.780636,6,queue_length,1
159916.780638,6,queue_length,0
159916.780643,6,sched_state,running
159916.780646,6,tick,""
159916.780660,0,channel_blocked,188
159916.780662,6,yield,""
159916.780665,6,sched_state,running
159916.780680,6,tick,""
159916.780687,6,queue_length,1
159916.780691,6,queue_length,0
159916.780699,6,sched_state,running
159916.780706,6,tick,""
159916.780731,0,channel_blocked,188
159916.780734,6,yield,""
159916.780740,6,sched_state,running
159916.780747,6,tick,""
159916.780754,6,queue_length,1
159916.780758,6,queue_length,0
159916.780766,6,sched_state,running
159916.780773,6,tick,""
159916.780794,0,channel_blocked,188
159916.780797,6,yield,""
159916.780802,6,sched_state,running
159916.780808,6,tick,""
159916.780816,6,queue_length,1
159916.780819,6,queue_length,0
159916.780826,6,sched_state,running
159916.780833,6,tick,""
159916.780852,0,channel_blocked,188
159916.780855,6,yield,""
159916.780861,6,sched_state,running
159916.780867,6,tick,""
159916.780874,6,queue_length,1
159916.780882,6,queue_length,0
159916.780890,6,sched_state,running
159916.780897,6,tick,""
159916.780916,0,channel_blocked,188
159916.780918,6,yield,""
159916.780923,6,sched_state,running
159916.780929,6,tick,""
159916.780936,6,queue_length,1
159916.780939,6,queue_length,0
159916.780946,6,sched_state,running
159916.780953,6,tick,""
159916.780972,0,channel_blocked,188
159916.780976,6,yield,""
159916.780981,6,sched_state,running
159916.780986,6,tick,""
159916.780993,6,queue_length,1
159916.780996,6,queue_length,0
159916.781003,6,sched_state,running
159916.781010,6,tick,""
159916.781029,0,channel_blocked,188
159916.781031,6,yield,""
159916.781036,6,sched_state,running
159916.781042,6,tick,""
159916.781050,6,queue_length,1
159916.781054,6,queue_length,0
159916.781062,6,sched_state,running
159916.781068,6,tick,""
159916.781089,0,channel_blocked,188
159916.781092,6,yield,""
159916.781096,6,sched_state,running
159916.781103,6,tick,""
159916.781110,6,queue_length,1
159916.781113,6,queue_length,0
159916.781122,6,sched_state,running
159916.781127,6,tick,""
159916.781141,0,channel_blocked,188
159916.781143,6,yield,""
159916.781147,6,sched_state,running
159916.781151,6,tick,""
159916.781156,6,queue_length,1
159916.781161,6,queue_length,0
159916.781167,6,sched_state,running
159916.781171,6,tick,""
159916.781184,0,channel_blocked,188
159916.781186,6,yield,""
159916.781189,6,sched_state,running
159916.781193,6,tick,""
159916.781199,6,queue_length,1
159916.781202,6,queue_length,0
159916.781208,6,sched_state,running
159916.781212,6,tick,""
159916.781234,0,channel_blocked,188
159916.781237,6,yield,""
159916.781240,6,sched_state,running
159916.781422,6,tick,""
159916.781436,6,queue_length,1
159916.781441,6,queue_length,0
159916.781459,6,sched_state,running
159916.781465,6,tick,""
159916.781481,0,channel_blocked,188
159916.781484,6,yield,""
159916.781488,6,sched_state,running
159916.781497,6,tick,""
159916.781502,6,queue_length,1
159916.781505,6,queue_length,0
159916.781511,6,sched_state,running
159916.781515,6,tick,""
159916.781529,0,channel_blocked,188
159916.781531,6,yield,""
159916.781541,6,sched_state,running
159916.781556,6,tick,""
159916.781561,6,queue_length,1
159916.781564,6,queue_length,0
159916.781570,6,sched_state,running
159916.781574,6,tick,""
159916.781589,0,channel_blocked,188
159916.781592,6,yield,""
159916.781598,6,sched_state,running
159916.781603,6,tick,""
159916.781608,6,queue_length,1
159916.781614,6,queue_length,0
159916.781621,6,sched_state,running
159916.781628,6,tick,""
159916.781629,0,tick,""
159916.781651,0,channel_blocked,188
159916.781654,6,yield,""
159916.781664,6,sched_state,running
159916.781668,0,reduction,""
159916.781672,0,sched_state,running
159916.781673,6,tick,""
159916.781681,6,queue_length,1
159916.781685,6,queue_length,0
159916.781694,6,sched_state,running
159916.781702,6,tick,""
159916.781723,0,channel_blocked,188
159916.781726,6,yield,""
159916.781737,6,sched_state,running
159916.781745,6,tick,""
159916.781752,6,queue_length,1
159916.781756,6,queue_length,0
159916.781764,6,sched_state,running
159916.781771,6,tick,""
159916.781791,0,channel_blocked,188
159916.781795,6,yield,""
159916.781800,6,sched_state,running
159916.781807,6,tick,""
159916.781814,6,queue_length,1
159916.781819,6,queue_length,0
159916.781827,6,sched_state,running
159916.781834,6,tick,""
159916.781855,0,channel_blocked,188
159916.781858,6,yield,""
159916.781863,6,sched_state,running
159916.781870,6,tick,""
159916.781877,6,queue_length,1
159916.781881,6,queue_length,0
159916.781889,6,sched_state,running
159916.781896,6,tick,""
159916.781917,0,channel_blocked,188
159916.781920,6,yield,""
159916.781928,6,sched_state,running
159916.781934,6,tick,""
159916.781942,6,queue_length,1
159916.781950,6,queue_length,0
159916.781960,6,sched_state,running
159916.781967,6,tick,""
159916.781988,0,channel_blocked,188
159916.781992,6,yield,""
159916.781998,6,sched_state,running
159916.782005,6,tick,""
159916.782013,6,queue_length,1
159916.782017,6,queue_length,0
159916.782026,6,sched_state,running
159916.782033,6,tick,""
159916.782057,0,channel_blocked,188
159916.782061,6,yield,""
159916.782069,6,sched_state,running
159916.782076,6,tick,""
159916.782091,6,queue_length,1
159916.782096,6,queue_length,0
159916.782106,6,sched_state,running
159916.782114,6,tick,""
159916.782136,0,channel_blocked,188
159916.782138,6,yield,""
159916.782143,6,sched_state,running
159916.782147,6,tick,""
159916.782153,6,queue_length,1
159916.782155,6,queue_length,0
159916.782161,6,sched_state,running
159916.782165,6,tick,""
159916.782178,0,channel_blocked,188
159916.782181,6,yield,""
159916.782184,6,sched_state,running
159916.782188,6,tick,""
159916.782192,6,queue_length,1
159916.782195,6,queue_length,0
159916.782203,6,sched_state,running
159916.782208,6,tick,""
159916.782224,0,channel_blocked,188
159916.782226,6,yield,""
159916.782230,6,sched_state,running
159916.782234,6,tick,""
159916.782239,6,queue_length,1
159916.782244,6,queue_length,0
159916.782249,6,sched_state,running
159916.782253,6,tick,""
159916.782267,0,channel_blocked,188
159916.782269,6,yield,""
159916.782273,6,sched_state,running
159916.782277,6,tick,""
159916.782283,6,queue_length,1
159916.782286,6,queue_length,0
159916.782290,6,sched_state,running
159916.782295,6,tick,""
159916.782308,0,channel_blocked,188
159916.782310,6,yield,""
159916.782314,6,sched_state,running
159916.782319,6,tick,""
159916.782324,6,queue_length,1
159916.782326,6,queue_length,0
159916.782332,6,sched_state,running
159916.782336,6,tick,""
159916.782350,0,channel_blocked,188
159916.782352,6,yield,""
159916.782355,6,sched_state,running
159916.782359,6,tick,""
159916.782364,6,queue_length,1
159916.782367,6,queue_length,0
159916.782372,6,sched_state,running
159916.782377,6,tick,""
159916.782390,0,channel_blocked,188
159916.782392,6,yield,""
159916.782396,6,sched_state,running
159916.782400,6,tick,""
159916.782405,6,queue_length,1
159916.782407,6,queue_length,0
159916.782412,6,sched_state,running
159916.782417,6,tick,""
159916.782428,0,channel_blocked,188
159916.782431,6,yield,""
159916.782435,6,sched_state,running
159916.782440,6,tick,""
159916.782445,6,queue_length,1
159916.782449,6,queue_length,0
159916.782455,6,sched_state,running
159916.782459,6,tick,""
159916.782472,0,channel_blocked,188
159916.782474,6,yield,""
159916.782478,6,sched_state,running
159916.782481,6,tick,""
159916.782486,6,queue_length,1
159916.782489,6,queue_length,0
159916.782495,6,sched_state,running
159916.782500,6,tick,""
159916.782521,0,channel_blocked,188
159916.782523,6,yield,""
159916.782526,6,sched_state,running
159916.782529,6,tick,""
159916.782532,6,queue_length,1
159916.782534,6,queue_length,0
159916.782537,6,sched_state,running
159916.782540,6,tick,""
159916.782550,0,channel_blocked,188
159916.782551,6,yield,""
159916.782554,6,sched_state,running
159916.782557,6,tick,""
159916.782561,6,queue_length,1
159916.782563,6,queue_length,0
159916.782567,6,sched_state,running
159916.782569,0,tick,""
159916.782570,6,tick,""
159916.782575,0,reduction,""
159916.782578,0,sched_state,running
159916.782584,0,channel_blocked,188
159916.782585,6,yield,""
159916.782588,6,sched_state,running
159916.782591,6,tick,""
159916.782594,6,queue_length,1
159916.782596,6,queue_length,0
159916.782600,6,sched_state,running
159916.782603,6,tick,""
159916.782612,0,channel_blocked,188
159916.782614,6,yield,""
159916.782616,6,sched_state,running
159916.782619,6,tick,""
159916.782623,6,queue_length,1
159916.782626,6,queue_length,0
159916.782630,6,sched_state,running
159916.782633,6,tick,""
159916.782654,0,channel_blocked,188
159916.782656,6,yield,""
159916.782659,6,sched_state,running
159916.782663,6,tick,""
159916.782666,6,queue_length,1
159916.782668,6,queue_length,0
159916.782673,6,sched_state,running
159916.782676,6,tick,""
159916.782686,0,channel_blocked,188
159916.782688,6,yield,""
159916.782691,6,sched_state,running
159916.782694,6,tick,""
159916.782698,6,queue_length,1
159916.782700,6,queue_length,0
159916.782704,6,sched_state,running
159916.782707,6,tick,""
159916.782717,0,channel_blocked,188
159916.782719,6,yield,""
159916.782721,6,sched_state,running
159916.782724,6,tick,""
159916.782727,6,queue_length,1
159916.782729,6,queue_length,0
159916.782733,6,sched_state,running
159916.782736,6,tick,""
159916.782746,0,channel_blocked,188
159916.782747,6,yield,""
159916.782750,6,sched_state,running
159916.782752,6,tick,""
159916.782756,6,queue_length,1
159916.782758,6,queue_length,0
159916.782762,6,sched_state,running
159916.782765,6,tick,""
159916.782773,0,channel_blocked,188
159916.782775,6,yield,""
159916.782777,6,sched_state,running
159916.782780,6,tick,""
159916.782783,6,queue_length,1
159916.782786,6,queue_length,0
159916.782789,6,sched_state,running
159916.782792,6,tick,""
159916.782801,0,channel_blocked,188
159916.782803,6,yield,""
159916.782805,6,sched_state,running
159916.782808,6,tick,""
159916.782811,6,queue_length,1
159916.782813,6,queue_length,0
159916.782817,6,sched_state,running
159916.782820,6,tick,""
159916.782829,0,channel_blocked,188
159916.782830,6,yield,""
159916.782833,6,sched_state,running
159916.782836,6,tick,""
159916.782839,6,queue_length,1
159916.782841,6,queue_length,0
159916.782845,6,sched_state,running
159916.782847,6,tick,""
159916.782856,0,channel_blocked,188
159916.782857,6,yield,""
159916.782859,6,sched_state,running
159916.782862,6,tick,""
159916.782865,6,queue_length,1
159916.782867,6,queue_length,0
159916.782870,6,sched_state,running
159916.782873,6,tick,""
159916.782881,0,channel_blocked,188
159916.782883,6,yield,""
159916.782885,6,sched_state,running
159916.782887,6,tick,""
159916.782891,6,queue_length,1
159916.782893,6,queue_length,0
159916.782898,6,sched_state,running
159916.782901,6,tick,""
159916.782911,0,channel_blocked,188
159916.782913,6,yield,""
159916.782915,6,sched_state,running
159916.782918,6,tick,""
159916.782922,6,queue_length,1
159916.782925,6,queue_length,0
159916.782929,6,sched_state,running
159916.782932,6,tick,""
159916.782941,0,channel_blocked,188
159916.782943,6,yield,""
159916.782945,6,sched_state,running
159916.782948,6,tick,""
159916.782953,6,queue_length,1
159916.782955,6,queue_length,0
159916.782959,6,sched_state,running
159916.782962,6,tick,""
159916.782971,0,channel_blocked,188
159916.782973,6,yield,""
159916.782975,6,sched_state,running
159916.782978,6,tick,""
159916.782981,6,queue_length,1
159916.782983,6,queue_length,0
159916.782987,6,sched_state,running
159916.782990,6,tick,""
159916.783000,0,channel_blocked,188
159916.783001,6,yield,""
159916.783004,6,sched_state,running
159916.783007,6,tick,""
159916.783010,6,queue_length,1
159916.783012,6,queue_length,0
159916.783015,6,sched_state,running
159916.783018,6,tick,""
159916.783027,0,channel_blocked,188
159916.783028,6,yield,""
159916.783031,6,sched_state,running
159916.783034,6,tick,""
159916.783037,6,queue_length,1
159916.783039,6,queue_length,0
159916.783043,6,sched_state,running
159916.783046,6,tick,""
159916.783055,0,channel_blocked,188
159916.783056,6,yield,""
159916.783059,6,sched_state,running
159916.783062,6,tick,""
159916.783065,6,queue_length,1
159916.783068,6,queue_length,0
159916.783071,6,sched_state,running
159916.783074,6,tick,""
159916.783083,0,channel_blocked,188
159916.783084,6,yield,""
159916.783087,6,sched_state,running
159916.783090,6,tick,""
159916.783093,6,queue_length,1
159916.783095,6,queue_length,0
159916.783099,6,sched_state,running
159916.783102,6,tick,""
159916.783111,0,channel_blocked,188
159916.783112,6,yield,""
159916.783115,6,sched_state,running
159916.783118,6,tick,""
159916.783121,6,queue_length,1
159916.783123,6,queue_length,0
159916.783127,6,sched_state,running
159916.783130,6,tick,""
159916.783139,0,channel_blocked,188
159916.783141,6,yield,""
159916.783143,6,sched_state,running
159916.783146,6,tick,""
159916.783150,6,queue_length,1
159916.783152,6,queue_length,0
159916.783157,6,sched_state,running
159916.783160,6,tick,""
159916.783169,0,channel_blocked,188
159916.783170,6,yield,""
159916.783172,6,sched_state,running
159916.783175,6,tick,""
159916.783179,6,queue_length,1
159916.783181,6,queue_length,0
159916.783185,6,sched_state,running
159916.783188,6,tick,""
159916.783197,0,channel_blocked,188
159916.783198,6,yield,""
159916.783201,6,sched_state,running
159916.783204,6,tick,""
159916.783208,0,tick,""
159916.783208,6,queue_length,1
159916.783211,6,queue_length,0
159916.783217,6,sched_state,running
159916.783222,6,tick,""
159916.783236,0,channel_blocked,188
159916.783240,6,yield,""
159916.783244,6,sched_state,running
159916.783249,6,tick,""
159916.783254,6,queue_length,1
159916.783258,6,queue_length,0
159916.783264,6,sched_state,running
159916.783268,6,tick,""
159916.783287,0,channel_blocked,188
159916.783290,6,yield,""
159916.783297,6,sched_state,running
159916.783302,6,tick,""
159916.783308,6,queue_length,1
159916.783312,6,queue_length,0
159916.783318,6,sched_state,running
159916.783323,6,tick,""
159916.783335,0,channel_blocked,188
159916.783339,6,yield,""
159916.783343,6,sched_state,running
159916.783348,6,tick,""
159916.783351,0,reduction,""
159916.783353,0,sched_state,running
159916.783359,6,queue_length,1
159916.783364,6,queue_length,0
159916.783372,6,sched_state,running
159916.783379,6,tick,""
159916.783393,0,channel_blocked,188
159916.783395,6,yield,""
159916.783400,6,sched_state,running
159916.783405,6,tick,""
159916.783410,6,queue_length,1
159916.783413,6,queue_length,0
159916.783419,6,sched_state,running
159916.783424,6,tick,""
159916.783436,0,channel_blocked,188
159916.783438,6,yield,""
159916.783442,6,sched_state,running
159916.783447,6,tick,""
159916.783452,6,queue_length,1
159916.783456,6,queue_length,0
159916.783461,6,sched_state,running
159916.783466,6,tick,""
159916.783480,0,channel_blocked,188
159916.783483,6,yield,""
159916.783488,6,sched_state,running
159916.783492,6,tick,""
159916.783498,6,queue_length,1
159916.783500,6,queue_length,0
159916.783505,6,sched_state,running
159916.783510,6,tick,""
159916.783524,0,channel_blocked,188
159916.783526,6,yield,""
159916.783529,6,sched_state,running
159916.783534,6,tick,""
159916.783539,6,queue_length,1
159916.783542,6,queue_length,0
159916.783548,6,sched_state,running
159916.783554,6,tick,""
159916.783567,0,channel_blocked,188
159916.783571,6,yield,""
159916.783575,6,sched_state,running
159916.783580,6,tick,""
159916.783586,6,queue_length,1
159916.783588,6,queue_length,0
159916.783594,6,sched_state,running
159916.783599,6,tick,""
159916.783612,0,channel_blocked,188
159916.783615,6,yield,""
159916.783620,6,sched_state,running
159916.783625,6,tick,""
159916.783630,6,queue_length,1
159916.783634,6,queue_length,0
159916.783640,6,sched_state,running
159916.783646,6,tick,""
159916.783660,0,channel_blocked,188
159916.783663,6,yield,""
159916.783666,6,sched_state,running
159916.783669,6,tick,""
159916.783674,6,queue_length,1
159916.783678,6,queue_length,0
159916.783681,6,sched_state,running
159916.783685,6,tick,""
159916.783697,0,channel_blocked,188
159916.783699,6,yield,""
159916.783701,6,sched_state,running
159916.783704,6,tick,""
159916.783708,6,queue_length,1
159916.783710,6,queue_length,0
159916.783714,6,sched_state,running
159916.783717,6,tick,""
159916.783726,0,channel_blocked,188
159916.783727,6,yield,""
159916.783729,6,sched_state,running
159916.783732,6,tick,""
159916.783735,6,queue_length,1
159916.783737,6,queue_length,0
159916.783741,6,sched_state,running
159916.783745,6,tick,""
159916.783754,0,channel_blocked,188
159916.783755,6,yield,""
159916.783758,6,sched_state,running
159916.783761,6,tick,""
159916.783765,6,queue_length,1
159916.783767,6,queue_length,0
159916.783771,6,sched_state,running
159916.783775,6,tick,""
159916.783783,0,channel_blocked,188
159916.783785,6,yield,""
159916.783787,6,sched_state,running
159916.783790,6,tick,""
159916.783793,6,queue_length,1
159916.783795,6,queue_length,0
159916.783798,6,sched_state,running
159916.783801,6,tick,""
159916.783812,0,channel_blocked,188
159916.783813,6,yield,""
159916.783816,6,sched_state,running
159916.783819,6,tick,""
159916.783823,6,queue_length,1
159916.783826,6,queue_length,0
159916.783830,6,sched_state,running
159916.783834,6,tick,""
159916.783845,0,channel_blocked,188
159916.783847,6,yield,""
159916.783849,6,sched_state,running
159916.783852,6,tick,""
159916.783855,6,queue_length,1
159916.783857,6,queue_length,0
159916.783861,6,sched_state,running
159916.783865,6,tick,""
159916.783874,0,channel_blocked,188
159916.783876,6,yield,""
159916.783879,6,sched_state,running
159916.783882,6,tick,""
159916.783886,6,queue_length,1
159916.783888,6,queue_length,0
159916.783892,6,sched_state,running
159916.783895,6,tick,""
159916.783903,0,channel_blocked,188
159916.783905,6,yield,""
159916.783907,6,sched_state,running
159916.783910,6,tick,""
159916.783913,6,queue_length,1
159916.783916,6,queue_length,0
159916.783919,6,sched_state,running
159916.783923,6,tick,""
159916.783931,0,channel_blocked,188
159916.783933,6,yield,""
159916.783936,6,sched_state,running
159916.783939,6,tick,""
159916.783943,6,queue_length,1
159916.783945,6,queue_length,0
159916.783948,6,sched_state,running
159916.783951,6,tick,""
159916.783960,0,channel_blocked,188
159916.783961,6,yield,""
159916.783963,6,sched_state,running
159916.783966,6,tick,""
159916.783970,6,queue_length,1
159916.783973,6,queue_length,0
159916.783977,6,sched_state,running
159916.783978,0,tick,""
159916.783984,6,tick,""
159916.783997,0,reduction,""
159916.783999,0,channel_blocked,188
159916.784000,0,sched_state,running
159916.784005,6,yield,""
159916.784009,6,sched_state,running
159916.784014,6,tick,""
159916.784020,6,queue_length,1
159916.784023,6,queue_length,0
159916.784028,6,sched_state,running
159916.784034,6,tick,""
159916.784052,0,channel_blocked,188
159916.784054,6,yield,""
159916.784057,6,sched_state,running
159916.784062,6,tick,""
159916.784067,6,queue_length,1
159916.784069,6,queue_length,0
159916.784074,6,sched_state,running
159916.784080,6,tick,""
159916.784092,0,channel_blocked,188
159916.784094,6,yield,""
159916.784098,6,sched_state,running
159916.784103,6,tick,""
159916.784113,6,queue_length,1
159916.784116,6,queue_length,0
159916.784121,6,sched_state,running
159916.784126,6,tick,""
159916.784142,0,channel_blocked,188
159916.784145,6,yield,""
159916.784148,6,sched_state,running
159916.784153,6,tick,""
159916.784158,6,queue_length,1
159916.784161,6,queue_length,0
159916.784166,6,sched_state,running
159916.784172,6,tick,""
159916.784184,0,channel_blocked,188
159916.784187,6,yield,""
159916.784190,6,sched_state,running
159916.784194,6,tick,""
159916.784199,6,queue_length,1
159916.784204,6,queue_length,0
159916.784209,6,sched_state,running
159916.784214,6,tick,""
159916.784227,0,channel_blocked,188
159916.784230,6,yield,""
159916.784234,6,sched_state,running
159916.784238,6,tick,""
159916.784243,6,queue_length,1
159916.784246,6,queue_length,0
159916.784251,6,sched_state,running
159916.784257,6,tick,""
159916.784269,0,channel_blocked,188
159916.784272,6,yield,""
159916.784277,6,sched_state,running
159916.784282,6,tick,""
159916.784287,6,queue_length,1
159916.784290,6,queue_length,0
159916.784295,6,sched_state,running
159916.784300,6,tick,""
159916.784315,0,channel_blocked,188
159916.784318,6,yield,""
159916.784321,6,sched_state,running
159916.784326,6,tick,""
159916.784331,6,queue_length,1
159916.784334,6,queue_length,0
159916.784339,6,sched_state,running
159916.784344,6,tick,""
159916.784357,0,channel_blocked,188
159916.784359,6,yield,""
159916.784362,6,sched_state,running
159916.784367,6,tick,""
159916.784371,6,queue_length,1
159916.784374,6,queue_length,0
159916.784379,6,sched_state,running
159916.784384,6,tick,""
159916.784397,0,channel_blocked,188
159916.784399,6,yield,""
159916.784403,6,sched_state,running
159916.784408,6,tick,""
159916.784413,6,queue_length,1
159916.784417,6,queue_length,0
159916.784423,6,sched_state,running
159916.784428,6,tick,""
159916.784440,0,channel_blocked,188
159916.784442,6,yield,""
159916.784444,6,sched_state,running
159916.784447,6,tick,""
159916.784450,6,queue_length,1
159916.784452,6,queue_length,0
159916.784455,6,sched_state,running
159916.784459,6,tick,""
159916.784467,0,channel_blocked,188
159916.784469,6,yield,""
159916.784472,6,sched_state,running
159916.784475,6,tick,""
159916.784478,6,queue_length,1
159916.784479,6,queue_length,0
159916.784483,6,sched_state,running
159916.784486,6,tick,""
159916.784495,0,channel_blocked,188
159916.784496,6,yield,""
159916.784498,6,sched_state,running
159916.784501,6,tick,""
159916.784504,6,queue_length,1
159916.784506,6,queue_length,0
159916.784509,6,sched_state,running
159916.784513,6,tick,""
159916.784521,0,channel_blocked,188
159916.784522,6,yield,""
159916.784525,6,sched_state,running
159916.784527,6,tick,""
159916.784530,6,queue_length,1
159916.784532,6,queue_length,0
159916.784535,6,sched_state,running
159916.784539,6,tick,""
159916.784548,0,channel_blocked,188
159916.784550,6,yield,""
159916.784552,6,sched_state,running
159916.784555,6,tick,""
159916.784558,6,queue_length,1
159916.784561,6,queue_length,0
159916.784564,6,sched_state,running
159916.784567,6,tick,""
159916.784576,0,channel_blocked,188
159916.784577,6,yield,""
159916.784579,6,sched_state,running
159916.784582,6,tick,""
159916.784585,6,queue_length,1
159916.784587,6,queue_length,0
159916.784591,6,sched_state,running
159916.784594,6,tick,""
159916.784603,0,channel_blocked,188
159916.784604,6,yield,""
159916.784606,6,sched_state,running
159916.784610,6,tick,""
159916.784613,6,queue_length,1
159916.784615,6,queue_length,0
159916.784618,6,sched_state,running
159916.784621,6,tick,""
159916.784630,0,channel_blocked,188
159916.784631,6,yield,""
159916.784634,6,sched_state,running
159916.784637,6,tick,""
159916.784640,6,queue_length,1
159916.784642,6,queue_length,0
159916.784645,6,sched_state,running
159916.784648,6,tick,""
159916.784656,0,channel_blocked,188
159916.784658,6,yield,""
159916.784660,6,sched_state,running
159916.784663,6,tick,""
159916.784667,6,queue_length,1
159916.784669,6,queue_length,0
159916.784672,6,sched_state,running
159916.784675,6,tick,""
159916.784683,0,channel_blocked,188
159916.784685,6,yield,""
159916.784687,6,sched_state,running
159916.784690,6,tick,""
159916.784693,6,queue_length,1
159916.784696,6,queue_length,0
159916.784700,6,sched_state,running
159916.784703,6,tick,""
159916.784711,0,channel_blocked,188
159916.784713,6,yield,""
159916.784715,6,sched_state,running
159916.784718,6,tick,""
159916.784721,6,queue_length,1
159916.784723,6,queue_length,0
159916.784726,6,sched_state,running
159916.784730,6,tick,""
159916.785105,0,channel_blocked,188
159916.785114,6,yield,""
159916.785124,6,sched_state,running
159916.785138,6,tick,""
159916.785151,6,queue_length,1
159916.785158,6,queue_length,0
159916.785171,6,sched_state,running
159916.785185,6,tick,""
159916.785195,0,channel_blocked,188
159916.785197,6,yield,""
159916.785199,6,sched_state,running
159916.785203,6,tick,""
159916.785206,6,queue_length,1
159916.785208,6,queue_length,0
159916.785214,6,sched_state,running
159916.785217,6,tick,""
159916.785226,0,channel_blocked,188
159916.785227,6,yield,""
159916.785230,6,sched_state,running
159916.785233,6,tick,""
159916.785236,6,queue_length,1
159916.785238,6,queue_length,0
159916.785241,6,sched_state,running
159916.785244,6,tick,""
159916.785252,0,channel_blocked,188
159916.785254,6,yield,""
159916.785256,6,sched_state,running
159916.785259,6,tick,""
159916.785263,6,queue_length,1
159916.785266,6,queue_length,0
159916.785269,6,sched_state,running
159916.785272,6,tick,""
159916.785281,0,channel_blocked,188
159916.785283,6,yield,""
159916.785285,6,sched_state,running
159916.785288,6,tick,""
159916.785291,6,queue_length,1
159916.785293,6,queue_length,0
159916.785296,6,sched_state,running
159916.785299,6,tick,""
159916.785310,0,channel_blocked,188
159916.785311,6,yield,""
159916.785314,6,sched_state,running
159916.785317,6,tick,""
159916.785320,6,queue_length,1
159916.785322,6,queue_length,0
159916.785325,6,sched_state,running
159916.785328,6,tick,""
159916.785337,0,channel_blocked,188
159916.785338,6,yield,""
159916.785341,6,sched_state,running
159916.785344,6,tick,""
159916.785347,6,queue_length,1
159916.785349,6,queue_length,0
159916.785352,6,sched_state,running
159916.785356,6,tick,""
159916.785364,0,channel_blocked,188
159916.785365,6,yield,""
159916.785368,6,sched_state,running
159916.785371,6,tick,""
159916.785374,6,queue_length,1
159916.785376,6,queue_length,0
159916.785379,6,sched_state,running
159916.785383,6,tick,""
159916.785391,0,channel_blocked,188
159916.785392,6,yield,""
159916.785394,6,sched_state,running
159916.785398,6,tick,""
159916.785401,6,queue_length,1
159916.785404,6,queue_length,0
159916.785408,6,sched_state,running
159916.785411,6,tick,""
159916.785420,0,channel_blocked,188
159916.785421,6,yield,""
159916.785423,6,sched_state,running
159916.785433,6,tick,""
159916.785437,6,queue_length,1
159916.785439,6,queue_length,0
159916.785442,6,sched_state,running
159916.785449,6,tick,""
159916.785458,0,channel_blocked,188
159916.785459,6,yield,""
159916.785463,6,sched_state,running
159916.785471,6,tick,""
159916.785474,6,queue_length,1
159916.785476,6,queue_length,0
159916.785480,6,sched_state,running
159916.785483,6,tick,""
159916.785492,0,channel_blocked,188
159916.785493,6,yield,""
159916.785496,6,sched_state,running
159916.785499,6,tick,""
159916.785502,6,queue_length,1
159916.785504,6,queue_length,0
159916.785507,6,sched_state,running
159916.785511,6,tick,""
159916.785519,0,channel_blocked,188
159916.785521,6,yield,""
159916.785523,6,sched_state,running
159916.785526,6,tick,""
159916.785529,6,queue_length,1
159916.785531,6,queue_length,0
159916.785533,0,tick,""
159916.785534,6,sched_state,running
159916.785538,6,tick,""
159916.785538,0,reduction,""
159916.785541,0,sched_state,running
159916.785557,0,channel_blocked,188
159916.785561,6,yield,""
159916.785565,6,sched_state,running
159916.785570,6,tick,""
159916.785576,6,queue_length,1
159916.785581,6,queue_length,0
159916.785586,6,sched_state,running
159916.785592,6,tick,""
159916.785605,0,channel_blocked,188
159916.785607,6,yield,""
159916.785611,6,sched_state,running
159916.785617,6,tick,""
159916.785622,6,queue_length,1
159916.785625,6,queue_length,0
159916.785630,6,sched_state,running
159916.785636,6,tick,""
159916.785649,0,channel_blocked,188
159916.785651,6,yield,""
159916.785655,6,sched_state,running
159916.785660,6,tick,""
159916.785664,6,queue_length,1
159916.785667,6,queue_length,0
159916.785672,6,sched_state,running
159916.785678,6,tick,""
159916.785690,0,channel_blocked,188
159916.785692,6,yield,""
159916.785697,6,sched_state,running
159916.785702,6,tick,""
159916.785707,6,queue_length,1
159916.785710,6,queue_length,0
159916.785715,6,sched_state,running
159916.785721,6,tick,""
159916.785733,0,channel_blocked,188
159916.785735,6,yield,""
159916.785739,6,sched_state,running
159916.785744,6,tick,""
159916.785749,6,queue_length,1
159916.785751,6,queue_length,0
159916.785757,6,sched_state,running
159916.785763,6,tick,""
159916.785775,0,channel_blocked,188
159916.785777,6,yield,""
159916.785781,6,sched_state,running
159916.785786,6,tick,""
159916.785791,6,queue_length,1
159916.785795,6,queue_length,0
159916.785801,6,sched_state,running
159916.785806,6,tick,""
159916.785818,0,channel_blocked,188
159916.785820,6,yield,""
159916.785824,6,sched_state,running
159916.785830,6,tick,""
159916.785835,6,queue_length,1
159916.785838,6,queue_length,0
159916.785843,6,sched_state,running
159916.785849,6,tick,""
159916.785862,0,channel_blocked,188
159916.785864,6,yield,""
159916.785868,6,sched_state,running
159916.785873,6,tick,""
159916.785878,6,queue_length,1
159916.785880,6,queue_length,0
159916.785885,6,sched_state,running
159916.785891,6,tick,""
159916.785906,0,channel_blocked,188
159916.785909,6,yield,""
159916.785912,6,sched_state,running
159916.785917,6,tick,""
159916.785922,6,queue_length,1
159916.785924,6,queue_length,0
159916.785929,6,sched_state,running
159916.785935,6,tick,""
159916.785948,0,channel_blocked,188
159916.785950,6,yield,""
159916.785954,6,sched_state,running
159916.785959,6,tick,""
159916.785973,6,queue_length,1
159916.785979,6,queue_length,0
159916.785988,6,sched_state,running
159916.785999,6,tick,""
159916.786025,0,channel_blocked,188
159916.786030,6,yield,""
159916.786037,6,sched_state,running
159916.786047,6,tick,""
159916.786057,6,queue_length,1
159916.786063,6,queue_length,0
159916.786089,6,sched_state,running
159916.786103,6,tick,""
159916.786138,0,channel_blocked,188
159916.786143,6,yield,""
159916.786152,6,sched_state,running
159916.786165,6,tick,""
159916.786176,6,queue_length,1
159916.786183,6,queue_length,0
159916.786196,6,sched_state,running
159916.786208,6,tick,""
159916.786641,0,channel_blocked,188
159916.786650,6,yield,""
159916.786659,6,sched_state,running
159916.786673,6,tick,""
159916.786688,6,queue_length,1
159916.786695,6,queue_length,0
159916.786708,6,sched_state,running
159916.786731,6,tick,""
159916.786740,0,channel_blocked,188
159916.786742,6,yield,""
159916.786744,6,sched_state,running
159916.786747,6,tick,""
159916.786750,6,queue_length,1
159916.786752,6,queue_length,0
159916.786755,6,sched_state,running
159916.786758,6,tick,""
159916.786768,0,channel_blocked,188
159916.786770,6,yield,""
159916.786772,6,sched_state,running
159916.786775,6,tick,""
159916.786778,6,queue_length,1
159916.786780,6,queue_length,0
159916.786783,6,sched_state,running
159916.786786,6,tick,""
159916.786795,0,channel_blocked,188
159916.786796,6,yield,""
159916.786798,6,sched_state,running
159916.786801,6,tick,""
159916.786804,6,queue_length,1
159916.786807,6,queue_length,0
159916.786811,6,sched_state,running
159916.786814,6,tick,""
159916.786822,0,channel_blocked,188
159916.786824,6,yield,""
159916.786826,6,sched_state,running
159916.786829,6,tick,""
159916.786832,6,queue_length,1
159916.786834,6,queue_length,0
159916.786838,6,sched_state,running
159916.786841,6,tick,""
159916.786849,0,channel_blocked,188
159916.786851,6,yield,""
159916.786853,6,sched_state,running
159916.786857,6,tick,""
159916.786860,6,queue_length,1
159916.786862,6,queue_length,0
159916.786865,6,sched_state,running
159916.786869,6,tick,""
159916.786879,0,channel_blocked,188
159916.786880,6,yield,""
159916.786882,6,sched_state,running
159916.786886,6,tick,""
159916.786891,6,queue_length,1
159916.786893,6,queue_length,0
159916.786897,6,sched_state,running
159916.786901,6,tick,""
159916.786910,0,channel_blocked,188
159916.786911,6,yield,""
159916.786913,6,sched_state,running
159916.786917,6,tick,""
159916.786920,6,queue_length,1
159916.786922,6,queue_length,0
159916.786925,6,sched_state,running
159916.786929,6,tick,""
159916.786937,0,channel_blocked,188
159916.786939,6,yield,""
159916.786941,6,sched_state,running
159916.786944,6,tick,""
159916.786947,6,queue_length,1
159916.786950,6,queue_length,0
159916.786954,6,sched_state,running
159916.786957,6,tick,""
159916.786966,0,channel_blocked,188
159916.786967,6,yield,""
159916.786969,6,sched_state,running
159916.786973,6,tick,""
159916.786976,6,queue_length,1
159916.786978,6,queue_length,0
159916.786981,6,sched_state,running
159916.786984,6,tick,""
159916.786993,0,channel_blocked,188
159916.786994,6,yield,""
159916.786996,6,sched_state,running
159916.787000,6,tick,""
159916.787003,6,queue_length,1
159916.787005,6,queue_length,0
159916.787008,6,sched_state,running
159916.787012,6,tick,""
159916.787020,0,channel_blocked,188
159916.787022,6,yield,""
159916.787024,6,sched_state,running
159916.787027,6,tick,""
159916.787030,6,queue_length,1
159916.787032,6,queue_length,0
159916.787036,6,sched_state,running
159916.787039,6,tick,""
159916.787048,0,channel_blocked,188
159916.787049,6,yield,""
159916.787051,6,sched_state,running
159916.787055,6,tick,""
159916.787058,6,queue_length,1
159916.787059,6,queue_length,0
159916.787063,6,sched_state,running
159916.787066,6,tick,""
159916.787076,0,channel_blocked,188
159916.787078,6,yield,""
159916.787080,6,sched_state,running
159916.787084,6,tick,""
159916.787087,6,queue_length,1
159916.787090,6,queue_length,0
159916.787093,6,sched_state,running
159916.787097,6,tick,""
159916.787105,0,channel_blocked,188
159916.787107,6,yield,""
159916.787109,6,sched_state,running
159916.787113,6,tick,""
159916.787115,6,queue_length,1
159916.787117,6,queue_length,0
159916.787120,6,sched_state,running
159916.787124,6,tick,""
159916.787132,0,channel_blocked,188
159916.787134,6,yield,""
159916.787136,6,sched_state,running
159916.787139,6,tick,""
159916.787142,6,queue_length,1
159916.787144,6,queue_length,0
159916.787147,6,sched_state,running
159916.787151,6,tick,""
159916.787159,0,channel_blocked,188
159916.787161,6,yield,""
159916.787163,6,sched_state,running
159916.787167,6,tick,""
159916.787170,6,queue_length,1
159916.787172,6,queue_length,0
159916.787175,6,sched_state,running
159916.787178,6,tick,""
159916.787187,0,channel_blocked,188
159916.787188,6,yield,""
159916.787192,6,sched_state,running
159916.787196,6,tick,""
159916.787199,6,queue_length,1
159916.787201,6,queue_length,0
159916.787204,6,sched_state,running
159916.787208,6,tick,""
159916.787216,0,channel_blocked,188
159916.787218,6,yield,""
159916.787220,6,sched_state,running
159916.787224,6,tick,""
159916.787227,6,queue_length,1
159916.787230,6,queue_length,0
159916.787233,6,sched_state,running
159916.787237,6,tick,""
159916.787245,0,channel_blocked,188
159916.787247,6,yield,""
159916.787249,6,sched_state,running
159916.787253,6,tick,""
159916.787256,6,queue_length,1
159916.787258,6,queue_length,0
159916.787261,6,sched_state,running
159916.787264,6,tick,""
159916.787273,0,channel_blocked,188
159916.787274,6,yield,""
159916.787276,6,sched_state,running
159916.787279,6,tick,""
159916.787282,6,queue_length,1
159916.787285,6,queue_length,0
159916.787289,6,sched_state,running
159916.787293,6,tick,""
159916.787301,0,channel_blocked,188
159916.787302,6,yield,""
159916.787305,6,sched_state,running
159916.787308,6,tick,""
159916.787311,6,queue_length,1
159916.787313,6,queue_length,0
159916.787316,6,sched_state,running
159916.787320,6,tick,""
159916.787328,0,channel_blocked,188
159916.787330,6,yield,""
159916.787332,6,sched_state,running
159916.787335,6,tick,""
159916.787338,6,queue_length,1
159916.787340,6,queue_length,0
159916.787343,6,sched_state,running
159916.787347,6,tick,""
159916.787355,0,channel_blocked,188
159916.787357,6,yield,""
159916.787359,6,sched_state,running
159916.787362,6,tick,""
159916.787366,6,queue_length,1
159916.787369,6,queue_length,0
159916.787372,6,sched_state,running
159916.787376,6,tick,""
159916.787384,0,channel_blocked,188
159916.787385,6,yield,""
159916.787388,6,sched_state,running
159916.787391,6,tick,""
159916.787394,6,queue_length,1
159916.787396,6,queue_length,0
159916.787399,6,sched_state,running
159916.787403,6,tick,""
159916.787455,0,tick,""
159916.787462,0,reduction,""
159916.787464,0,sched_state,running
159916.787468,0,channel_blocked,188
159916.787471,6,yield,""
159916.787474,6,sched_state,running
159916.787478,6,tick,""
159916.787482,6,queue_length,1
159916.787484,6,queue_length,0
159916.787487,6,sched_state,running
159916.787491,6,tick,""
159916.787499,0,channel_blocked,188
159916.787501,6,yield,""
159916.787503,6,sched_state,running
159916.787506,6,tick,""
159916.787509,6,queue_length,1
159916.787511,6,queue_length,0
159916.787514,6,sched_state,running
159916.787517,6,tick,""
159916.787527,0,channel_blocked,188
159916.787528,6,yield,""
159916.787531,6,sched_state,running
159916.787534,6,tick,""
159916.787538,6,queue_length,1
159916.787540,6,queue_length,0
159916.787543,6,sched_state,running
159916.787547,6,tick,""
159916.787557,0,channel_blocked,188
159916.787559,6,yield,""
159916.787561,6,sched_state,running
159916.787565,6,tick,""
159916.787568,6,queue_length,1
159916.787571,6,queue_length,0
159916.787575,6,sched_state,running
159916.787578,6,tick,""
159916.787587,0,channel_blocked,188
159916.787588,6,yield,""
159916.787591,6,sched_state,running
159916.787596,6,tick,""
159916.787599,6,queue_length,1
159916.787601,6,queue_length,0
159916.787604,6,sched_state,running
159916.787608,6,tick,""
159916.787616,0,channel_blocked,188
159916.787618,6,yield,""
159916.787620,6,sched_state,running
159916.787624,6,tick,""
159916.787627,6,queue_length,1
159916.787629,6,queue_length,0
159916.787632,6,sched_state,running
159916.787636,6,tick,""
159916.787645,0,channel_blocked,188
159916.787646,6,yield,""
159916.787648,6,sched_state,running
159916.787652,6,tick,""
159916.787655,6,queue_length,1
159916.787657,6,queue_length,0
159916.787660,6,sched_state,running
159916.787664,6,tick,""
159916.787672,0,channel_blocked,188
159916.787674,6,yield,""
159916.787676,6,sched_state,running
159916.787680,6,tick,""
159916.787683,6,queue_length,1
159916.787685,6,queue_length,0
159916.787688,6,sched_state,running
159916.787691,6,tick,""
159916.787702,0,channel_blocked,188
159916.787704,6,yield,""
159916.787706,6,sched_state,running
159916.787709,6,tick,""
159916.787712,6,queue_length,1
159916.787715,6,queue_length,0
159916.787718,6,sched_state,running
159916.787722,6,tick,""
159916.787730,0,channel_blocked,188
159916.787732,6,yield,""
159916.787734,6,sched_state,running
159916.787737,6,tick,""
159916.787740,6,queue_length,1
159916.787742,6,queue_length,0
159916.787745,6,sched_state,running
159916.787749,6,tick,""
159916.787757,0,channel_blocked,188
159916.787759,6,yield,""
159916.787761,6,sched_state,running
159916.787764,6,tick,""
159916.787767,6,queue_length,1
159916.787769,6,queue_length,0
159916.787773,6,sched_state,running
159916.787776,6,tick,""
159916.787784,0,channel_blocked,188
159916.787786,6,yield,""
159916.787788,6,sched_state,running
159916.787793,6,tick,""
159916.787796,6,queue_length,1
159916.787800,6,queue_length,0
159916.787803,6,sched_state,running
159916.787807,6,tick,""
159916.787817,0,channel_blocked,188
159916.787819,6,yield,""
159916.787821,6,sched_state,running
159916.787825,6,tick,""
159916.787828,6,queue_length,1
159916.787830,6,queue_length,0
159916.787833,6,sched_state,running
159916.787837,6,tick,""
159916.787845,0,channel_blocked,188
159916.787847,6,yield,""
159916.787849,6,sched_state,running
159916.787852,6,tick,""
159916.787855,6,queue_length,1
159916.787858,6,queue_length,0
159916.787862,6,sched_state,running
159916.787865,6,tick,""
159916.787874,0,channel_blocked,188
159916.787875,6,yield,""
159916.787877,6,sched_state,running
159916.787881,6,tick,""
159916.787884,6,queue_length,1
159916.787886,6,queue_length,0
159916.787890,6,sched_state,running
159916.787894,6,tick,""
159916.787904,0,channel_blocked,188
159916.787906,6,yield,""
159916.787908,6,sched_state,running
159916.787912,6,tick,""
159916.787915,6,queue_length,1
159916.787917,6,queue_length,0
159916.787920,6,sched_state,running
159916.787924,6,tick,""
159916.787935,0,channel_blocked,188
159916.787936,6,yield,""
159916.787939,6,sched_state,running
159916.787942,6,tick,""
159916.787945,6,queue_length,1
159916.787947,6,queue_length,0
159916.787950,6,sched_state,running
159916.787954,6,tick,""
159916.787962,0,channel_blocked,188
159916.787964,6,yield,""
159916.787966,6,sched_state,running
159916.787970,6,tick,""
159916.787973,6,queue_length,1
159916.787975,6,queue_length,0
159916.787978,6,sched_state,running
159916.787982,6,tick,""
159916.787990,0,channel_blocked,188
159916.787992,6,yield,""
159916.787994,6,sched_state,running
159916.787998,6,tick,""
159916.788001,6,queue_length,1
159916.788004,6,queue_length,0
159916.788007,6,sched_state,running
159916.788011,6,tick,""
159916.788020,0,channel_blocked,188
159916.788021,6,yield,""
159916.788023,6,sched_state,running
159916.788027,6,tick,""
159916.788030,6,queue_length,1
159916.788032,6,queue_length,0
159916.788035,6,sched_state,running
159916.788039,6,tick,""
159916.788053,0,channel_blocked,188
159916.788055,6,yield,""
159916.788057,6,sched_state,running
159916.788061,6,tick,""
159916.788064,6,queue_length,1
159916.788066,6,queue_length,0
159916.788073,6,sched_state,running
159916.788077,6,tick,""
159916.788081,0,tick,""
159916.788085,0,reduction,""
159916.788087,0,sched_state,running
159916.788092,0,channel_blocked,188
159916.788094,6,yield,""
159916.788098,6,sched_state,running
159916.788104,6,tick,""
159916.788116,6,queue_length,1
159916.788119,6,queue_length,0
159916.788126,6,sched_state,running
159916.788133,6,tick,""
159916.788152,0,channel_blocked,188
159916.788156,6,yield,""
159916.788163,6,sched_state,running
159916.788170,6,tick,""
159916.788177,6,queue_length,1
159916.788180,6,queue_length,0
159916.788186,6,sched_state,running
159916.788192,6,tick,""
159916.788206,0,channel_blocked,188
159916.788209,6,yield,""
159916.788214,6,sched_state,running
159916.788220,6,tick,""
159916.788224,6,queue_length,1
159916.788229,6,queue_length,0
159916.788234,6,sched_state,running
159916.788240,6,tick,""
159916.788252,0,channel_blocked,188
159916.788254,6,yield,""
159916.788257,6,sched_state,running
159916.788263,6,tick,""
159916.788267,6,queue_length,1
159916.788269,6,queue_length,0
159916.788274,6,sched_state,running
159916.788280,6,tick,""
159916.788292,0,channel_blocked,188
159916.788294,6,yield,""
159916.788297,6,sched_state,running
159916.788303,6,tick,""
159916.788308,6,queue_length,1
159916.788310,6,queue_length,0
159916.788315,6,sched_state,running
159916.788322,6,tick,""
159916.788336,0,channel_blocked,188
159916.788338,6,yield,""
159916.788341,6,sched_state,running
159916.788347,6,tick,""
159916.788352,6,queue_length,1
159916.788355,6,queue_length,0
159916.788360,6,sched_state,running
159916.788367,6,tick,""
159916.788379,0,channel_blocked,188
159916.788382,6,yield,""
159916.788386,6,sched_state,running
159916.788394,6,tick,""
159916.788399,6,queue_length,1
159916.788402,6,queue_length,0
159916.788407,6,sched_state,running
159916.788414,6,tick,""
159916.788426,0,channel_blocked,188
159916.788428,6,yield,""
159916.788432,6,sched_state,running
159916.788437,6,tick,""
159916.788442,6,queue_length,1
159916.788447,6,queue_length,0
159916.788455,6,sched_state,running
159916.788462,6,tick,""
159916.788474,0,channel_blocked,188
159916.788477,6,yield,""
159916.788483,6,sched_state,running
159916.788489,6,tick,""
159916.788493,6,queue_length,1
159916.788496,6,queue_length,0
159916.788501,6,sched_state,running
159916.788508,6,tick,""
159916.788519,0,channel_blocked,188
159916.788522,6,yield,""
159916.788526,6,sched_state,running
159916.788532,6,tick,""
159916.788538,6,queue_length,1
159916.788542,6,queue_length,0
159916.788546,6,sched_state,running
159916.788550,6,tick,""
159916.788559,0,channel_blocked,188
159916.788561,6,yield,""
159916.788563,6,sched_state,running
159916.788567,6,tick,""
159916.788570,6,queue_length,1
159916.788572,6,queue_length,0
159916.788575,6,sched_state,running
159916.788579,6,tick,""
159916.788587,0,channel_blocked,188
159916.788588,6,yield,""
159916.788591,6,sched_state,running
159916.788595,6,tick,""
159916.788598,6,queue_length,1
159916.788600,6,queue_length,0
159916.788604,6,sched_state,running
159916.788608,6,tick,""
159916.788618,0,channel_blocked,188
159916.788619,6,yield,""
159916.788621,6,sched_state,running
159916.788625,6,tick,""
159916.788628,6,queue_length,1
159916.788631,6,queue_length,0
159916.788635,6,sched_state,running
159916.788639,6,tick,""
159916.788647,0,channel_blocked,188
159916.788648,6,yield,""
159916.788651,6,sched_state,running
159916.788654,6,tick,""
159916.788657,6,queue_length,1
159916.788659,6,queue_length,0
159916.788662,6,sched_state,running
159916.788666,6,tick,""
159916.788674,0,channel_blocked,188
159916.788676,6,yield,""
159916.788678,6,sched_state,running
159916.788682,6,tick,""
159916.788685,6,queue_length,1
159916.788687,6,queue_length,0
159916.788690,6,sched_state,running
159916.788694,6,tick,""
159916.788702,0,channel_blocked,188
159916.788704,6,yield,""
159916.788704,0,tick,""
159916.788707,6,sched_state,running
159916.788711,6,tick,""
159916.788714,6,queue_length,1
159916.788717,6,queue_length,0
159916.788721,6,sched_state,running
159916.788722,0,reduction,""
159916.788724,0,sched_state,running
159916.788725,6,tick,""
159916.788733,0,channel_blocked,188
159916.788735,6,yield,""
159916.788737,6,sched_state,running
159916.788741,6,tick,""
159916.788744,6,queue_length,1
159916.788746,6,queue_length,0
159916.788749,6,sched_state,running
159916.788753,6,tick,""
159916.788761,0,channel_blocked,188
159916.788763,6,yield,""
159916.788765,6,sched_state,running
159916.788769,6,tick,""
159916.788772,6,queue_length,1
159916.788775,6,queue_length,0
159916.788778,6,sched_state,running
159916.788782,6,tick,""
159916.788791,0,channel_blocked,188
159916.788792,6,yield,""
159916.788794,6,sched_state,running
159916.788800,6,tick,""
159916.788804,6,queue_length,1
159916.788805,6,queue_length,0
159916.788809,6,sched_state,running
159916.788813,6,tick,""
159916.788823,0,channel_blocked,188
159916.788824,6,yield,""
159916.788826,6,sched_state,running
159916.788830,6,tick,""
159916.788833,6,queue_length,1
159916.788836,6,queue_length,0
159916.788839,6,sched_state,running
159916.788843,6,tick,""
159916.788851,0,channel_blocked,188
159916.788853,6,yield,""
159916.788855,6,sched_state,running
159916.788861,6,tick,""
159916.788864,6,queue_length,1
159916.788866,6,queue_length,0
159916.788869,6,sched_state,running
159916.788873,6,tick,""
159916.788881,0,channel_blocked,188
159916.788883,6,yield,""
159916.788885,6,sched_state,running
159916.788889,6,tick,""
159916.788892,6,queue_length,1
159916.788894,6,queue_length,0
159916.788897,6,sched_state,running
159916.788901,6,tick,""
159916.788909,0,channel_blocked,188
159916.788911,6,yield,""
159916.788913,6,sched_state,running
159916.788917,6,tick,""
159916.788920,6,queue_length,1
159916.788923,6,queue_length,0
159916.788926,6,sched_state,running
159916.788930,6,tick,""
159916.788939,0,channel_blocked,188
159916.788940,6,yield,""
159916.788942,6,sched_state,running
159916.788946,6,tick,""
159916.788949,6,queue_length,1
159916.788951,6,queue_length,0
159916.788955,6,sched_state,running
159916.788959,6,tick,""
159916.788969,0,channel_blocked,188
159916.788970,6,yield,""
159916.788973,6,sched_state,running
159916.788976,6,tick,""
159916.788979,6,queue_length,1
159916.788981,6,queue_length,0
159916.788984,6,sched_state,running
159916.788988,6,tick,""
159916.788996,0,channel_blocked,188
159916.788998,6,yield,""
159916.789000,6,sched_state,running
159916.789004,6,tick,""
159916.789007,6,queue_length,1
159916.789008,6,queue_length,0
159916.789011,6,sched_state,running
159916.789016,6,tick,""
159916.789024,0,channel_blocked,188
159916.789025,6,yield,""
159916.789027,6,sched_state,running
159916.789031,6,tick,""
159916.789035,6,queue_length,1
159916.789037,6,queue_length,0
159916.789040,6,sched_state,running
159916.789044,6,tick,""
159916.789052,0,channel_blocked,188
159916.789054,6,yield,""
159916.789056,6,sched_state,running
159916.789060,6,tick,""
159916.789063,6,queue_length,1
159916.789066,6,queue_length,0
159916.789069,6,sched_state,running
159916.789074,6,tick,""
159916.789082,0,channel_blocked,188
159916.789083,6,yield,""
159916.789085,6,sched_state,running
159916.789089,6,tick,""
159916.789092,6,queue_length,1
159916.789094,6,queue_length,0
159916.789097,6,sched_state,running
159916.789101,6,tick,""
159916.789109,0,channel_blocked,188
159916.789111,6,yield,""
159916.789113,6,sched_state,running
159916.789117,6,tick,""
159916.789122,6,queue_length,1
159916.789124,6,queue_length,0
159916.789128,6,sched_state,running
159916.789132,6,tick,""
159916.789140,0,channel_blocked,188
159916.789142,6,yield,""
159916.789144,6,sched_state,running
159916.789148,6,tick,""
159916.789151,6,queue_length,1
159916.789153,6,queue_length,0
159916.789156,6,sched_state,running
159916.789161,6,tick,""
159916.789169,0,channel_blocked,188
159916.789170,6,yield,""
159916.789172,6,sched_state,running
159916.789176,6,tick,""
159916.789179,6,queue_length,1
159916.789181,6,queue_length,0
159916.789184,6,sched_state,running
159916.789188,6,tick,""
159916.789196,0,channel_blocked,188
159916.789198,6,yield,""
159916.789200,6,sched_state,running
159916.789204,6,tick,""
159916.789207,6,queue_length,1
159916.789210,6,queue_length,0
159916.789213,6,sched_state,running
159916.789218,6,tick,""
159916.789226,0,channel_blocked,188
159916.789228,6,yield,""
159916.789230,6,sched_state,running
159916.789234,6,tick,""
159916.789237,6,queue_length,1
159916.789239,6,queue_length,0
159916.789242,6,sched_state,running
159916.789246,6,tick,""
159916.789254,0,channel_blocked,188
159916.789256,6,yield,""
159916.789258,6,sched_state,running
159916.789262,6,tick,""
159916.789265,6,queue_length,1
159916.789266,6,queue_length,0
159916.789270,6,sched_state,running
159916.789274,6,tick,""
159916.789283,0,channel_blocked,188
159916.789284,6,yield,""
159916.789286,6,sched_state,running
159916.789290,6,tick,""
159916.789293,6,queue_length,1
159916.789295,6,queue_length,0
159916.789299,6,sched_state,running
159916.789303,6,tick,""
159916.789311,0,channel_blocked,188
159916.789312,6,yield,""
159916.789315,6,sched_state,running
159916.789319,6,tick,""
159916.789322,6,queue_length,1
159916.789323,6,queue_length,0
159916.789327,6,sched_state,running
159916.789331,6,tick,""
159916.789339,0,channel_blocked,188
159916.789340,6,yield,""
159916.789340,0,tick,""
159916.789343,6,sched_state,running
159916.789347,6,tick,""
159916.789351,6,queue_length,1
159916.789354,6,queue_length,0
159916.789359,6,sched_state,running
159916.789363,6,tick,""
159916.789373,0,channel_blocked,188
159916.789374,6,yield,""
159916.789377,6,sched_state,running
159916.789380,6,tick,""
159916.789383,6,queue_length,1
159916.789385,6,queue_length,0
159916.789389,6,sched_state,running
159916.789394,6,tick,""
159916.789402,0,reduction,""
159916.789404,0,sched_state,running
159916.789407,0,channel_blocked,188
159916.789410,6,yield,""
159916.789413,6,sched_state,running
159916.789421,6,tick,""
159916.789428,6,queue_length,1
159916.789431,6,queue_length,0
159916.789438,6,sched_state,running
159916.789446,6,tick,""
159916.789459,0,channel_blocked,188
159916.789462,6,yield,""
159916.789466,6,sched_state,running
159916.789473,6,tick,""
159916.789479,6,queue_length,1
159916.789482,6,queue_length,0
159916.789487,6,sched_state,running
159916.789494,6,tick,""
159916.789509,0,channel_blocked,188
159916.789511,6,yield,""
159916.789515,6,sched_state,running
159916.789521,6,tick,""
159916.789526,6,queue_length,1
159916.789530,6,queue_length,0
159916.789537,6,sched_state,running
159916.789545,6,tick,""
159916.789558,0,channel_blocked,188
159916.789561,6,yield,""
159916.789565,6,sched_state,running
159916.789572,6,tick,""
159916.789576,6,queue_length,1
159916.789581,6,queue_length,0
159916.789586,6,sched_state,running
159916.789593,6,tick,""
159916.789606,0,channel_blocked,188
159916.789608,6,yield,""
159916.789611,6,sched_state,running
159916.789619,6,tick,""
159916.789625,6,queue_length,1
159916.789628,6,queue_length,0
159916.789634,6,sched_state,running
159916.789641,6,tick,""
159916.789660,0,channel_blocked,188
159916.789662,6,yield,""
159916.789666,6,sched_state,running
159916.789672,6,tick,""
159916.789677,6,queue_length,1
159916.789679,6,queue_length,0
159916.789684,6,sched_state,running
159916.789691,6,tick,""
159916.789704,0,channel_blocked,188
159916.789707,6,yield,""
159916.789711,6,sched_state,running
159916.789718,6,tick,""
159916.789724,6,queue_length,1
159916.789727,6,queue_length,0
159916.789733,6,sched_state,running
159916.789741,6,tick,""
159916.789755,0,channel_blocked,188
159916.789758,6,yield,""
159916.789762,6,sched_state,running
159916.789768,6,tick,""
159916.789773,6,queue_length,1
159916.789775,6,queue_length,0
159916.789780,6,sched_state,running
159916.789787,6,tick,""
159916.789800,0,channel_blocked,188
159916.789803,6,yield,""
159916.789807,6,sched_state,running
159916.789814,6,tick,""
159916.789820,6,queue_length,1
159916.789825,6,queue_length,0
159916.789831,6,sched_state,running
159916.789838,6,tick,""
159916.789851,0,channel_blocked,188
159916.789853,6,yield,""
159916.789856,6,sched_state,running
159916.789863,6,tick,""
159916.789867,6,queue_length,1
159916.789870,6,queue_length,0
159916.789875,6,sched_state,running
159916.789881,6,tick,""
159916.789893,0,channel_blocked,188
159916.789895,6,yield,""
159916.789898,6,sched_state,running
159916.789902,6,tick,""
159916.789906,6,queue_length,1
159916.789908,6,queue_length,0
159916.789912,6,sched_state,running
159916.789916,6,tick,""
159916.789927,0,channel_blocked,188
159916.789928,6,yield,""
159916.789930,6,sched_state,running
159916.789934,6,tick,""
159916.789938,6,queue_length,1
159916.789941,6,queue_length,0
159916.789945,6,sched_state,running
159916.789949,6,tick,""
159916.789958,0,channel_blocked,188
159916.789959,6,yield,""
159916.789961,6,sched_state,running
159916.789965,6,tick,""
159916.789968,6,queue_length,1
159916.789970,6,queue_length,0
159916.789977,6,sched_state,running
159916.789982,6,tick,""
159916.789991,0,channel_blocked,188
159916.789993,6,yield,""
159916.789995,6,sched_state,running
159916.790000,6,tick,""
159916.790007,6,queue_length,1
159916.790010,6,queue_length,0
159916.790013,6,sched_state,running
159916.790018,6,tick,""
159916.790023,0,tick,""
159916.790028,0,channel_blocked,188
159916.790030,6,yield,""
159916.790032,6,sched_state,running
159916.790034,0,reduction,""
159916.790036,6,tick,""
159916.790037,0,sched_state,running
159916.790040,6,queue_length,1
159916.790042,6,queue_length,0
159916.790045,6,sched_state,running
159916.790049,6,tick,""
159916.790057,0,channel_blocked,188
159916.790060,6,yield,""
159916.790068,6,sched_state,running
159916.790073,6,tick,""
159916.790077,6,queue_length,1
159916.790079,6,queue_length,0
159916.790083,6,sched_state,running
159916.790088,6,tick,""
159916.790097,0,channel_blocked,188
159916.790099,6,yield,""
159916.790101,6,sched_state,running
159916.790105,6,tick,""
159916.790108,6,queue_length,1
159916.790110,6,queue_length,0
159916.790113,6,sched_state,running
159916.790118,6,tick,""
159916.790126,0,channel_blocked,188
159916.790128,6,yield,""
159916.790130,6,sched_state,running
159916.790134,6,tick,""
159916.790137,6,queue_length,1
159916.790139,6,queue_length,0
159916.790142,6,sched_state,running
159916.790146,6,tick,""
159916.790157,0,channel_blocked,188
159916.790158,6,yield,""
159916.790161,6,sched_state,running
159916.790166,6,tick,""
159916.790169,6,queue_length,1
159916.790173,6,queue_length,0
159916.790176,6,sched_state,running
159916.790181,6,tick,""
159916.790190,0,channel_blocked,188
159916.790192,6,yield,""
159916.790194,6,sched_state,running
159916.790198,6,tick,""
159916.790201,6,queue_length,1
159916.790203,6,queue_length,0
159916.790206,6,sched_state,running
159916.790211,6,tick,""
159916.790219,0,channel_blocked,188
159916.790220,6,yield,""
159916.790222,6,sched_state,running
159916.790226,6,tick,""
159916.790229,6,queue_length,1
159916.790231,6,queue_length,0
159916.790234,6,sched_state,running
159916.790239,6,tick,""
159916.790247,0,channel_blocked,188
159916.790248,6,yield,""
159916.790250,6,sched_state,running
159916.790254,6,tick,""
159916.790257,6,queue_length,1
159916.790259,6,queue_length,0
159916.790262,6,sched_state,running
159916.790267,6,tick,""
159916.790275,0,channel_blocked,188
159916.790276,6,yield,""
159916.790279,6,sched_state,running
159916.790282,6,tick,""
159916.790285,6,queue_length,1
159916.790287,6,queue_length,0
159916.790290,6,sched_state,running
159916.790295,6,tick,""
159916.790304,0,channel_blocked,188
159916.790306,6,yield,""
159916.790308,6,sched_state,running
159916.790315,6,tick,""
159916.790319,6,queue_length,1
159916.790322,6,queue_length,0
159916.790326,6,sched_state,running
159916.790331,6,tick,""
159916.790340,0,channel_blocked,188
159916.790341,6,yield,""
159916.790343,6,sched_state,running
159916.790347,6,tick,""
159916.790351,6,queue_length,1
159916.790352,6,queue_length,0
159916.790356,6,sched_state,running
159916.790360,6,tick,""
159916.790368,0,channel_blocked,188
159916.790370,6,yield,""
159916.790372,6,sched_state,running
159916.790376,6,tick,""
159916.790379,6,queue_length,1
159916.790382,6,queue_length,0
159916.790385,6,sched_state,running
159916.790390,6,tick,""
159916.790399,0,channel_blocked,188
159916.790400,6,yield,""
159916.790403,6,sched_state,running
159916.790408,6,tick,""
159916.790411,6,queue_length,1
159916.790413,6,queue_length,0
159916.790417,6,sched_state,running
159916.790421,6,tick,""
159916.790429,0,channel_blocked,188
159916.790431,6,yield,""
159916.790433,6,sched_state,running
159916.790437,6,tick,""
159916.790440,6,queue_length,1
159916.790442,6,queue_length,0
159916.790445,6,sched_state,running
159916.790450,6,tick,""
159916.790458,0,channel_blocked,188
159916.790459,6,yield,""
159916.790461,6,sched_state,running
159916.790465,6,tick,""
159916.790474,6,queue_length,1
159916.790478,6,queue_length,0
159916.790482,6,sched_state,running
159916.790486,6,tick,""
159916.790495,0,channel_blocked,188
159916.790497,6,yield,""
159916.790500,6,sched_state,running
159916.790504,6,tick,""
159916.790508,6,queue_length,1
159916.790509,6,queue_length,0
159916.790513,6,sched_state,running
159916.790517,6,tick,""
159916.790526,0,channel_blocked,188
159916.790528,6,yield,""
159916.790530,6,sched_state,running
159916.790535,6,tick,""
159916.790538,6,queue_length,1
159916.790540,6,queue_length,0
159916.790543,6,sched_state,running
159916.790548,6,tick,""
159916.790556,0,channel_blocked,188
159916.790558,6,yield,""
159916.790561,6,sched_state,running
159916.790566,6,tick,""
159916.790569,6,queue_length,1
159916.790571,6,queue_length,0
159916.790575,6,sched_state,running
159916.790580,6,tick,""
159916.790589,0,channel_blocked,188
159916.790591,6,yield,""
159916.790593,6,sched_state,running
159916.790597,6,tick,""
159916.790600,6,queue_length,1
159916.790602,6,queue_length,0
159916.790605,6,sched_state,running
159916.790610,6,tick,""
159916.790618,0,channel_blocked,188
159916.790620,6,yield,""
159916.790622,6,sched_state,running
159916.790626,6,tick,""
159916.790629,6,queue_length,1
159916.790632,6,queue_length,0
159916.790636,6,sched_state,running
159916.790640,6,tick,""
159916.790649,0,tick,""
159916.790660,0,reduction,""
159916.790661,0,channel_blocked,188
159916.790664,6,yield,""
159916.790664,0,sched_state,running
159916.790668,6,sched_state,running
159916.790678,6,tick,""
159916.790685,6,queue_length,1
159916.790688,6,queue_length,0
159916.790694,6,sched_state,running
159916.790702,6,tick,""
159916.790714,0,channel_blocked,188
159916.790716,6,yield,""
159916.790719,6,sched_state,running
159916.790726,6,tick,""
159916.790730,6,queue_length,1
159916.790733,6,queue_length,0
159916.790739,6,sched_state,running
159916.790747,6,tick,""
159916.790758,0,channel_blocked,188
159916.790761,6,yield,""
159916.790764,6,sched_state,running
159916.790771,6,tick,""
159916.790776,6,queue_length,1
159916.790779,6,queue_length,0
159916.790784,6,sched_state,running
159916.790791,6,tick,""
159916.790804,0,channel_blocked,188
159916.790806,6,yield,""
159916.790809,6,sched_state,running
159916.790816,6,tick,""
159916.790821,6,queue_length,1
159916.790823,6,queue_length,0
159916.790829,6,sched_state,running
159916.790836,6,tick,""
159916.790851,0,channel_blocked,188
159916.790854,6,yield,""
159916.790857,6,sched_state,running
159916.790864,6,tick,""
159916.790869,6,queue_length,1
159916.790873,6,queue_length,0
159916.790878,6,sched_state,running
159916.790886,6,tick,""
159916.790898,0,channel_blocked,188
159916.790901,6,yield,""
159916.790904,6,sched_state,running
159916.790911,6,tick,""
159916.790916,6,queue_length,1
159916.790918,6,queue_length,0
159916.790924,6,sched_state,running
159916.790932,6,tick,""
159916.790944,0,channel_blocked,188
159916.790947,6,yield,""
159916.790951,6,sched_state,running
159916.790958,6,tick,""
159916.790963,6,queue_length,1
159916.790966,6,queue_length,0
159916.790971,6,sched_state,running
159916.790979,6,tick,""
159916.790992,0,channel_blocked,188
159916.790994,6,yield,""
159916.790998,6,sched_state,running
159916.791014,6,tick,""
159916.791023,6,queue_length,1
159916.791028,6,queue_length,0
159916.791031,1,sched_state,waiting
159916.791040,6,sched_state,running
159916.791052,1,tick,""
159916.791055,6,tick,""
159916.791092,0,channel_blocked,188
159916.791099,6,yield,""
159916.791115,6,sched_state,running
159916.791117,1,sched_state,waiting
159916.791129,6,tick,""
159916.791138,1,tick,""
159916.791147,6,queue_length,1
159916.791153,6,queue_length,0
159916.791167,6,sched_state,running
159916.791185,6,tick,""
159916.791216,0,channel_blocked,188
159916.791221,6,yield,""
159916.791228,6,sched_state,running
159916.791243,6,tick,""
159916.791255,6,queue_length,1
159916.791271,6,queue_length,0
159916.791276,6,sched_state,running
159916.791284,6,tick,""
159916.791299,0,channel_blocked,188
159916.791302,6,yield,""
159916.791306,6,sched_state,running
159916.791317,6,tick,""
159916.791323,6,queue_length,1
159916.791326,6,queue_length,0
159916.791331,6,sched_state,running
159916.791339,6,tick,""
159916.791352,0,channel_blocked,188
159916.791355,6,yield,""
159916.791358,6,sched_state,running
159916.791365,6,tick,""
159916.791372,6,queue_length,1
159916.791375,6,queue_length,0
159916.791381,6,sched_state,running
159916.791388,6,tick,""
159916.791405,0,channel_blocked,188
159916.791408,6,yield,""
159916.791412,6,sched_state,running
159916.791420,6,tick,""
159916.791425,6,queue_length,1
159916.791428,6,queue_length,0
159916.791434,6,sched_state,running
159916.791441,6,tick,""
159916.791452,0,channel_blocked,188
159916.791455,6,yield,""
159916.791459,6,sched_state,running
159916.791467,6,tick,""
159916.791472,6,queue_length,1
159916.791476,6,queue_length,0
159916.791482,6,sched_state,running
159916.791491,6,tick,""
159916.791503,0,channel_blocked,188
159916.791505,6,yield,""
159916.791509,6,sched_state,running
159916.791517,6,tick,""
159916.791522,6,queue_length,1
159916.791526,6,queue_length,0
159916.791532,6,sched_state,running
159916.791539,6,tick,""
159916.791551,0,channel_blocked,188
159916.791554,6,yield,""
159916.791559,6,sched_state,running
159916.791567,6,tick,""
159916.791573,6,queue_length,1
159916.791575,6,queue_length,0
159916.791581,6,sched_state,running
159916.791589,6,tick,""
159916.791607,0,channel_blocked,188
159916.791611,6,yield,""
159916.791616,6,sched_state,running
159916.791626,6,tick,""
159916.791632,6,queue_length,1
159916.791635,6,queue_length,0
159916.791642,6,sched_state,running
159916.791651,6,tick,""
159916.791664,0,channel_blocked,188
159916.791666,6,yield,""
159916.791670,6,sched_state,running
159916.791678,6,tick,""
159916.791683,6,queue_length,1
159916.791686,6,queue_length,0
159916.791691,6,sched_state,running
159916.791699,6,tick,""
159916.791712,0,channel_blocked,188
159916.791715,6,yield,""
159916.791720,6,sched_state,running
159916.791730,6,tick,""
159916.791735,6,queue_length,1
159916.791738,6,queue_length,0
159916.791743,6,sched_state,running
159916.791751,6,tick,""
159916.791764,0,channel_blocked,188
159916.791766,6,yield,""
159916.791771,6,sched_state,running
159916.791779,6,tick,""
159916.791784,6,queue_length,1
159916.791788,6,queue_length,0
159916.791794,6,sched_state,running
159916.791803,6,tick,""
159916.791816,0,channel_blocked,188
159916.791819,6,yield,""
159916.791822,6,sched_state,running
159916.791830,6,tick,""
159916.791835,6,queue_length,1
159916.791838,6,queue_length,0
159916.791843,6,sched_state,running
159916.791851,6,tick,""
159916.791862,0,channel_blocked,188
159916.791864,6,yield,""
159916.791870,6,sched_state,running
159916.791878,6,tick,""
159916.791883,6,queue_length,1
159916.791886,6,queue_length,0
159916.791892,6,sched_state,running
159916.791899,6,tick,""
159916.791911,0,channel_blocked,188
159916.791914,6,yield,""
159916.791919,6,sched_state,running
159916.791927,6,tick,""
159916.791933,6,queue_length,1
159916.791937,6,queue_length,0
159916.791943,6,sched_state,running
159916.791952,6,tick,""
159916.791964,0,channel_blocked,188
159916.791967,6,yield,""
159916.791971,6,sched_state,running
159916.791978,6,tick,""
159916.791983,6,queue_length,1
159916.791986,6,queue_length,0
159916.791992,6,sched_state,running
159916.792000,6,tick,""
159916.792012,0,channel_blocked,188
159916.792018,6,yield,""
159916.792023,6,sched_state,running
159916.792032,6,tick,""
159916.792037,6,queue_length,1
159916.792042,6,queue_length,0
159916.792047,6,sched_state,running
159916.792055,6,tick,""
159916.792066,0,channel_blocked,188
159916.792070,6,yield,""
159916.792075,6,sched_state,running
159916.792082,6,tick,""
159916.792090,6,queue_length,1
159916.792093,6,queue_length,0
159916.792099,6,sched_state,running
159916.792125,6,tick,""
159916.792140,0,channel_blocked,188
159916.792142,6,yield,""
159916.792146,6,sched_state,running
159916.792154,6,tick,""
159916.792159,6,queue_length,1
159916.792163,6,queue_length,0
159916.792169,6,sched_state,running
159916.792177,6,tick,""
159916.792190,0,channel_blocked,188
159916.792193,6,yield,""
159916.792198,6,sched_state,running
159916.792207,6,tick,""
159916.792213,6,queue_length,1
159916.792215,6,queue_length,0
159916.792221,6,sched_state,running
159916.792229,6,tick,""
159916.792242,0,channel_blocked,188
159916.792244,6,yield,""
159916.792248,6,sched_state,running
159916.792256,6,tick,""
159916.792262,6,queue_length,1
159916.792265,6,queue_length,0
159916.792270,6,sched_state,running
159916.792279,6,tick,""
159916.792297,0,channel_blocked,188
159916.792300,6,yield,""
159916.792304,6,sched_state,running
159916.792312,6,tick,""
159916.792318,6,queue_length,1
159916.792322,6,queue_length,0
159916.792327,6,sched_state,running
159916.792336,6,tick,""
159916.792349,0,channel_blocked,188
159916.792352,6,yield,""
159916.792357,6,sched_state,running
159916.792366,6,tick,""
159916.792372,6,queue_length,1
159916.792374,6,queue_length,0
159916.792383,6,sched_state,running
159916.792391,6,tick,""
159916.792404,0,channel_blocked,188
159916.792406,6,yield,""
159916.792410,6,sched_state,running
159916.792418,6,tick,""
159916.792423,6,queue_length,1
159916.792426,6,queue_length,0
159916.792431,6,sched_state,running
159916.792439,6,tick,""
159916.792451,0,channel_blocked,188
159916.792454,6,yield,""
159916.792457,6,sched_state,running
159916.792465,6,tick,""
159916.792470,6,queue_length,1
159916.792470,7,sched_state,waiting
159916.792473,6,queue_length,0
159916.792478,7,tick,""
159916.792482,0,tick,""
159916.792483,7,sched_state,waiting
159916.792485,6,sched_state,running
159916.792488,7,tick,""
159916.792494,6,tick,""
159916.792512,0,reduction,""
159916.792513,0,channel_blocked,188
159916.792516,6,yield,""
159916.792517,0,sched_state,running
159916.792522,6,sched_state,running
159916.792533,6,tick,""
159916.792541,6,queue_length,1
159916.792544,6,queue_length,0
159916.792552,6,sched_state,running
159916.792561,6,tick,""
159916.792575,0,channel_blocked,188
159916.792578,6,yield,""
159916.792582,6,sched_state,running
159916.792589,6,tick,""
159916.792594,6,queue_length,1
159916.792599,6,queue_length,0
159916.792605,6,sched_state,running
159916.792614,6,tick,""
159916.792628,0,channel_blocked,188
159916.792630,6,yield,""
159916.792634,6,sched_state,running
159916.792642,6,tick,""
159916.792647,6,queue_length,1
159916.792650,6,queue_length,0
159916.792655,6,sched_state,running
159916.792663,6,tick,""
159916.792679,0,channel_blocked,188
159916.792683,6,yield,""
159916.792688,6,sched_state,running
159916.792697,6,tick,""
159916.792702,6,queue_length,1
159916.792705,6,queue_length,0
159916.792711,6,sched_state,running
159916.792719,6,tick,""
159916.792733,0,channel_blocked,188
159916.792736,6,yield,""
159916.792739,6,sched_state,running
159916.792748,6,tick,""
159916.792753,6,queue_length,1
159916.792756,6,queue_length,0
159916.792762,6,sched_state,running
159916.792770,6,tick,""
159916.792786,0,channel_blocked,188
159916.792788,6,yield,""
159916.792792,6,sched_state,running
159916.792800,6,tick,""
159916.792806,6,queue_length,1
159916.792809,6,queue_length,0
159916.792814,6,sched_state,running
159916.792821,6,tick,""
159916.792835,0,channel_blocked,188
159916.792838,6,yield,""
159916.792843,6,sched_state,running
159916.792851,6,tick,""
159916.792857,6,queue_length,1
159916.792862,6,queue_length,0
159916.792868,6,sched_state,running
159916.792876,6,tick,""
159916.792889,0,channel_blocked,188
159916.792892,6,yield,""
159916.792895,6,sched_state,running
159916.792903,6,tick,""
159916.792908,6,queue_length,1
159916.792911,6,queue_length,0
159916.792916,6,sched_state,running
159916.792924,6,tick,""
159916.792942,0,channel_blocked,188
159916.792944,6,yield,""
159916.792948,6,sched_state,running
159916.792955,6,tick,""
159916.792961,6,queue_length,1
159916.792965,6,queue_length,0
159916.792973,6,sched_state,running
159916.792982,6,tick,""
159916.792999,0,channel_blocked,188
159916.793002,6,yield,""
159916.793006,6,sched_state,running
159916.793014,6,tick,""
159916.793020,6,queue_length,1
159916.793023,6,queue_length,0
159916.793028,6,sched_state,running
159916.793035,6,tick,""
159916.793049,0,channel_blocked,188
159916.793052,6,yield,""
159916.793056,6,sched_state,running
159916.793065,6,tick,""
159916.793072,6,queue_length,1
159916.793075,6,queue_length,0
159916.793081,6,sched_state,running
159916.793090,6,tick,""
159916.793104,0,channel_blocked,188
159916.793106,6,yield,""
159916.793110,6,sched_state,running
159916.793117,6,tick,""
159916.793124,6,queue_length,1
159916.793129,6,queue_length,0
159916.793135,6,sched_state,running
159916.793143,6,tick,""
159916.793163,0,channel_blocked,188
159916.793165,6,yield,""
159916.793169,6,sched_state,running
159916.793177,6,tick,""
159916.793183,6,queue_length,1
159916.793185,6,queue_length,0
159916.793190,6,sched_state,running
159916.793197,6,tick,""
159916.793211,0,channel_blocked,188
159916.793214,6,yield,""
159916.793218,6,sched_state,running
159916.793226,6,tick,""
159916.793232,6,queue_length,1
159916.793235,6,queue_length,0
159916.793241,6,sched_state,running
159916.793249,6,tick,""
159916.793262,0,channel_blocked,188
159916.793265,6,yield,""
159916.793268,6,sched_state,running
159916.793276,6,tick,""
159916.793281,6,queue_length,1
159916.793284,6,queue_length,0
159916.793289,6,sched_state,running
159916.793297,6,tick,""
159916.793309,0,channel_blocked,188
159916.793311,6,yield,""
159916.793315,6,sched_state,running
159916.793323,6,tick,""
159916.793327,6,queue_length,1
159916.793330,6,queue_length,0
159916.793335,6,sched_state,running
159916.793343,6,tick,""
159916.793355,0,channel_blocked,188
159916.793358,6,yield,""
159916.793361,6,sched_state,running
159916.793369,6,tick,""
159916.793374,6,queue_length,1
159916.793378,6,queue_length,0
159916.793384,6,sched_state,running
159916.793390,0,tick,""
159916.793392,6,tick,""
159916.793405,0,channel_blocked,188
159916.793406,0,reduction,""
159916.793408,0,sched_state,running
159916.793408,6,yield,""
159916.793413,6,sched_state,running
159916.793421,6,tick,""
159916.793426,6,queue_length,1
159916.793429,6,queue_length,0
159916.793434,6,sched_state,running
159916.793443,6,tick,""
159916.793462,0,channel_blocked,188
159916.793465,6,yield,""
159916.793468,6,sched_state,running
159916.793477,6,tick,""
159916.793484,6,queue_length,1
159916.793487,6,queue_length,0
159916.793494,6,sched_state,running
159916.793503,6,tick,""
159916.793524,0,channel_blocked,188
159916.793528,6,yield,""
159916.793532,6,sched_state,running
159916.793540,6,tick,""
159916.793544,6,queue_length,1
159916.793547,6,queue_length,0
159916.793552,6,sched_state,running
159916.793560,6,tick,""
159916.793574,0,channel_blocked,188
159916.793576,6,yield,""
159916.793580,6,sched_state,running
159916.793588,6,tick,""
159916.793593,6,queue_length,1
159916.793596,6,queue_length,0
159916.793601,6,sched_state,running
159916.793610,6,tick,""
159916.793623,0,channel_blocked,188
159916.793626,6,yield,""
159916.793630,6,sched_state,running
159916.793638,6,tick,""
159916.793643,6,queue_length,1
159916.793648,6,queue_length,0
159916.793652,6,sched_state,running
159916.793660,6,tick,""
159916.793672,0,channel_blocked,188
159916.793674,6,yield,""
159916.793677,6,sched_state,running
159916.793686,6,tick,""
159916.793691,6,queue_length,1
159916.793694,6,queue_length,0
159916.793699,6,sched_state,running
159916.793707,6,tick,""
159916.793721,0,channel_blocked,188
159916.793724,6,yield,""
159916.793727,6,sched_state,running
159916.793735,6,tick,""
159916.793740,6,queue_length,1
159916.793743,6,queue_length,0
159916.793750,6,sched_state,running
159916.793759,6,tick,""
159916.793772,0,channel_blocked,188
159916.793774,6,yield,""
159916.793777,6,sched_state,running
159916.793784,6,tick,""
159916.793789,6,queue_length,1
159916.793791,6,queue_length,0
159916.793796,6,sched_state,running
159916.793805,6,tick,""
159916.793819,0,channel_blocked,188
159916.793821,6,yield,""
159916.793825,6,sched_state,running
159916.793833,6,tick,""
159916.793838,6,queue_length,1
159916.793841,6,queue_length,0
159916.793847,6,sched_state,running
159916.793855,6,tick,""
159916.793868,0,channel_blocked,188
159916.793872,6,yield,""
159916.793876,6,sched_state,running
159916.793883,6,tick,""
159916.793887,6,queue_length,1
159916.793892,6,queue_length,0
159916.793897,6,sched_state,running
159916.793904,6,tick,""
159916.793916,0,channel_blocked,188
159916.793919,6,yield,""
159916.793923,6,sched_state,running
159916.793932,6,tick,""
159916.793937,6,queue_length,1
159916.793939,6,queue_length,0
159916.793945,6,sched_state,running
159916.793953,6,tick,""
159916.793975,0,channel_blocked,188
159916.793978,6,yield,""
159916.793981,6,sched_state,running
159916.793989,6,tick,""
159916.793995,6,queue_length,1
159916.793998,6,queue_length,0
159916.794007,6,sched_state,running
159916.794015,6,tick,""
159916.794027,0,channel_blocked,188
159916.794029,6,yield,""
159916.794032,0,tick,""
159916.794038,0,reduction,""
159916.794038,6,sched_state,running
159916.794040,0,sched_state,running
159916.794048,6,tick,""
159916.794053,6,queue_length,1
159916.794056,6,queue_length,0
159916.794061,6,sched_state,running
159916.794069,6,tick,""
159916.794086,0,channel_blocked,188
159916.794088,6,yield,""
159916.794091,6,sched_state,running
159916.794099,6,tick,""
159916.794104,6,queue_length,1
159916.794107,6,queue_length,0
159916.794113,6,sched_state,running
159916.794120,6,tick,""
159916.794132,0,channel_blocked,188
159916.794134,6,yield,""
159916.794137,6,sched_state,running
159916.794144,6,tick,""
159916.794148,6,queue_length,1
159916.794153,6,queue_length,0
159916.794159,6,sched_state,running
159916.794167,6,tick,""
159916.794181,0,channel_blocked,188
159916.794184,6,yield,""
159916.794187,6,sched_state,running
159916.794195,6,tick,""
159916.794200,6,queue_length,1
159916.794203,6,queue_length,0
159916.794208,6,sched_state,running
159916.794216,6,tick,""
159916.794230,0,channel_blocked,188
159916.794233,6,yield,""
159916.794236,6,sched_state,running
159916.794243,6,tick,""
