timestamp,lpu,event,value
159912.706277,5,sched_state,startup
159912.706283,1,sched_state,startup
159912.706316,3,sched_state,startup
159912.706321,2,sched_state,startup
159912.706315,7,sched_state,startup
159912.706316,4,sched_state,startup
159912.706315,6,sched_state,startup
159912.707942,4,tick,""
159912.707978,4,queue_length,0
159912.707988,4,sched_state,waiting
159912.708005,5,tick,""
159912.708022,5,queue_length,0
159912.708028,5,sched_state,waiting
159912.708029,4,tick,""
159912.708222,5,tick,""
159912.708247,0,sched_state,startup
159912.708188,4,sched_state,waiting
159912.708256,4,tick,""
159912.708272,1,tick,""
159912.708282,1,queue_length,0
159912.708287,1,sched_state,waiting
159912.708313,1,tick,""
159912.708386,1,sched_state,waiting
159912.708405,1,tick,""
159912.708412,7,tick,""
159912.708417,3,tick,""
159912.708425,7,queue_length,0
159912.708425,3,queue_length,0
159912.708431,3,sched_state,waiting
159912.708431,7,sched_state,waiting
159912.708430,2,tick,""
159912.708437,6,tick,""
159912.708445,6,queue_length,0
159912.708446,2,queue_length,0
159912.708450,2,sched_state,waiting
159912.708450,6,sched_state,waiting
159912.708478,3,tick,""
159912.708481,6,tick,""
159912.708481,2,tick,""
159912.708478,7,tick,""
159912.708520,7,sched_state,waiting
159912.708528,3,sched_state,waiting
159912.708530,7,tick,""
159912.708533,2,sched_state,waiting
159912.708533,3,tick,""
159912.708533,6,sched_state,waiting
159912.708535,7,sched_state,waiting
159912.708541,7,tick,""
159912.708544,2,tick,""
159912.708544,6,tick,""
159912.708545,7,sched_state,waiting
159912.708549,7,tick,""
159912.708913,5,sched_state,waiting
159912.708924,5,tick,""
159912.709980,0,tick,""
159912.711071,0,queue_length,1
159912.711077,0,queue_length,0
159912.712940,0,sched_state,running
159912.714070,0,tick,""
159912.714084,0,reduction,""
159912.714087,0,sched_state,running
159912.714753,0,tick,""
159912.714761,0,reduction,""
159912.714764,0,sched_state,running
159912.715952,0,tick,""
159912.715965,0,reduction,""
159912.715969,0,sched_state,running
159912.716527,0,tick,""
159912.717636,0,reduction,""
159912.717640,0,sched_state,running
159912.718307,0,tick,""
159912.718311,0,reduction,""
159912.718313,0,sched_state,running
159912.718897,0,tick,""
159912.718958,0,reduction,""
159912.718961,0,sched_state,running
159912.719439,0,tick,""
159912.719444,0,reduction,""
159912.719446,0,sched_state,running
159912.719919,0,tick,""
159912.719925,0,spawn,""
159912.719927,0,reduction,""
159912.719929,0,sched_state,running
159912.720412,0,tick,""
159912.720415,0,reduction,""
159912.720417,0,sched_state,running
159912.720419,0,queue_length,1
159912.720886,0,tick,""
159912.720890,0,reduction,""
159912.720892,0,sched_state,running
159912.721049,4,sched_state,waiting
159912.721058,4,tick,""
159912.721061,4,sched_state,waiting
159912.721064,4,tick,""
159912.721088,4,sched_state,waiting
159912.721092,4,tick,""
159912.721276,0,tick,""
159912.721281,0,reduction,""
159912.721283,0,sched_state,running
159912.721754,0,tick,""
159912.721759,0,reduction,""
159912.721761,0,sched_state,running
159912.722235,0,tick,""
159912.722239,0,reduction,""
159912.722240,0,sched_state,running
159912.722543,0,tick,""
159912.722547,0,reduction,""
159912.722549,0,sched_state,running
159912.723017,3,sched_state,waiting
159912.723017,7,sched_state,waiting
159912.723020,2,sched_state,waiting
159912.723024,0,tick,""
159912.723026,7,tick,""
159912.723026,3,tick,""
159912.723028,2,tick,""
159912.723029,3,sched_state,waiting
159912.723034,3,tick,""
159912.723036,0,reduction,""
159912.723038,0,sched_state,running
159912.723052,2,sched_state,waiting
159912.723055,3,sched_state,waiting
159912.723058,2,tick,""
159912.723059,3,tick,""
159912.723062,2,sched_state,waiting
159912.723066,2,tick,""
159912.723514,0,tick,""
159912.723520,0,reduction,""
159912.723521,0,sched_state,running
159912.723831,0,tick,""
159912.723837,0,reduction,""
159912.723838,0,sched_state,running
159912.724319,0,tick,""
159912.724331,0,reduction,""
159912.724333,0,sched_state,running
159912.724631,0,tick,""
159912.724635,0,reduction,""
159912.724637,0,sched_state,running
159912.724941,0,tick,""
159912.724947,0,reduction,""
159912.724949,0,sched_state,running
159912.725423,0,tick,""
159912.725432,0,queue_length,0
159912.727212,0,queue_length,0
159912.728654,0,sched_state,running
159912.729469,0,tick,""
159912.729477,0,reduction,""
159912.729479,0,sched_state,running
159912.729929,0,tick,""
159912.729935,0,reduction,""
159912.729936,0,sched_state,running
159912.730403,0,tick,""
159912.730551,0,reduction,""
159912.730553,0,sched_state,running
159912.731008,0,tick,""
159912.731022,0,reduction,""
159912.731024,0,sched_state,running
159912.731479,0,tick,""
159912.731483,0,reduction,""
159912.731485,0,sched_state,running
159912.731934,0,tick,""
159912.731938,0,reduction,""
159912.731939,0,sched_state,running
159912.732056,4,sched_state,waiting
159912.732063,4,tick,""
159912.732066,4,sched_state,waiting
159912.732068,4,tick,""
159912.732101,4,sched_state,waiting
159912.732104,4,tick,""
159912.732612,0,tick,""
159912.732617,0,reduction,""
159912.732618,0,sched_state,running
159912.733074,0,tick,""
159912.733089,0,reduction,""
159912.733091,0,sched_state,running
159912.733716,0,tick,""
159912.733782,0,reduction,""
159912.733785,0,sched_state,running
159912.734011,2,sched_state,running
159912.734011,6,sched_state,waiting
159912.734012,3,sched_state,waiting
159912.734020,2,tick,""
159912.734021,6,tick,""
159912.734021,3,tick,""
159912.734025,2,reduction,""
159912.734027,2,sched_state,running
159912.734031,2,tick,""
159912.734035,2,reduction,""
159912.734037,2,sched_state,running
159912.734040,2,tick,""
159912.734044,2,reduction,""
159912.734045,2,sched_state,running
159912.734049,2,tick,""
159912.734053,6,sched_state,waiting
159912.734054,3,sched_state,waiting
159912.734058,3,tick,""
159912.734063,6,tick,""
159912.734082,0,channel_blocked,184
159912.734085,2,yield,""
159912.734090,2,sched_state,running
159912.734096,2,tick,""
159912.734105,2,queue_length,1
159912.734108,2,queue_length,0
159912.734114,2,sched_state,running
159912.734119,2,tick,""
159912.734139,0,channel_blocked,184
159912.734141,2,yield,""
159912.734144,2,sched_state,running
159912.734150,2,tick,""
159912.734155,2,queue_length,1
159912.734157,2,queue_length,0
159912.734165,2,sched_state,running
159912.734169,2,tick,""
159912.734185,0,channel_blocked,184
159912.734187,2,yield,""
159912.734190,2,sched_state,running
159912.734196,2,tick,""
159912.734200,2,queue_length,1
159912.734203,2,queue_length,0
159912.734207,2,sched_state,running
159912.734211,2,tick,""
159912.734229,0,channel_blocked,184
159912.734231,2,yield,""
159912.734234,2,sched_state,running
159912.734239,2,tick,""
159912.734246,2,queue_length,1
159912.734248,2,queue_length,0
159912.734253,2,sched_state,running
159912.734257,2,tick,""
159912.734272,0,channel_blocked,184
159912.734274,2,yield,""
159912.734277,2,sched_state,running
159912.734282,2,tick,""
159912.734289,2,queue_length,1
159912.734291,2,queue_length,0
159912.734296,2,sched_state,running
159912.734300,2,tick,""
159912.734315,0,channel_blocked,184
159912.734317,2,yield,""
159912.734320,2,sched_state,running
159912.734325,2,tick,""
159912.734329,2,queue_length,1
159912.734331,2,queue_length,0
159912.734336,2,sched_state,running
159912.734340,2,tick,""
159912.734355,0,channel_blocked,184
159912.734357,2,yield,""
159912.734360,2,sched_state,running
159912.734365,2,tick,""
159912.734372,2,queue_length,1
159912.734374,2,queue_length,0
159912.734379,2,sched_state,running
159912.734383,2,tick,""
159912.734399,0,channel_blocked,184
159912.734401,2,yield,""
159912.734404,2,sched_state,running
159912.734409,2,tick,""
159912.734414,2,queue_length,1
159912.734416,2,queue_length,0
159912.734421,2,sched_state,running
159912.734425,2,tick,""
159912.734440,0,channel_blocked,184
159912.734442,2,yield,""
159912.734446,2,sched_state,running
159912.734450,2,tick,""
159912.734455,2,queue_length,1
159912.734457,2,queue_length,0
159912.734460,0,tick,""
159912.734461,2,sched_state,running
159912.734465,2,tick,""
159912.734465,5,sched_state,waiting
159912.734471,0,reduction,""
159912.734473,0,sched_state,running
159912.734478,5,tick,""
159912.734480,0,channel_blocked,184
159912.734482,2,yield,""
159912.734485,2,sched_state,running
159912.734491,2,tick,""
159912.734500,2,queue_length,1
159912.734502,2,queue_length,0
159912.734508,2,sched_state,running
159912.734513,2,tick,""
159912.734529,0,channel_blocked,184
159912.734530,2,yield,""
159912.734533,2,sched_state,running
159912.734540,2,tick,""
159912.734544,2,queue_length,1
159912.734547,2,queue_length,0
159912.734551,2,sched_state,running
159912.734555,2,tick,""
159912.734569,0,channel_blocked,184
159912.734571,2,yield,""
159912.734574,2,sched_state,running
159912.734580,2,tick,""
159912.734585,2,queue_length,1
159912.734590,2,queue_length,0
159912.734595,2,sched_state,running
159912.734599,2,tick,""
159912.734601,5,sched_state,waiting
159912.734611,5,tick,""
159912.734616,5,sched_state,waiting
159912.734617,0,channel_blocked,184
159912.734619,2,yield,""
159912.734619,5,tick,""
159912.734623,2,sched_state,running
159912.734630,2,tick,""
159912.734636,2,queue_length,1
159912.734639,2,queue_length,0
159912.734644,2,sched_state,running
159912.734648,2,tick,""
159912.734666,0,channel_blocked,184
159912.734668,2,yield,""
159912.734671,2,sched_state,running
159912.734677,2,tick,""
159912.734682,2,queue_length,1
159912.734685,2,queue_length,0
159912.734694,2,sched_state,running
159912.734699,2,tick,""
159912.734717,0,channel_blocked,184
159912.734719,2,yield,""
159912.734723,2,sched_state,running
159912.734729,2,tick,""
159912.734735,2,queue_length,1
159912.734737,2,queue_length,0
159912.734742,2,sched_state,running
159912.734747,2,tick,""
159912.734763,0,channel_blocked,184
159912.734765,2,yield,""
159912.734768,2,sched_state,running
159912.734773,2,tick,""
159912.734778,2,queue_length,1
159912.734781,2,queue_length,0
159912.734786,2,sched_state,running
159912.734790,2,tick,""
159912.734806,0,channel_blocked,184
159912.734808,2,yield,""
159912.734812,2,sched_state,running
159912.734817,2,tick,""
159912.734822,2,queue_length,1
159912.734827,2,queue_length,0
159912.734832,2,sched_state,running
159912.734837,2,tick,""
159912.734853,0,channel_blocked,184
159912.734855,2,yield,""
159912.734858,2,sched_state,running
159912.734863,2,tick,""
159912.734869,2,queue_length,1
159912.734871,2,queue_length,0
159912.734877,2,sched_state,running
159912.734881,2,tick,""
159912.734893,0,channel_blocked,184
159912.734896,2,yield,""
159912.734899,2,sched_state,running
159912.734904,2,tick,""
159912.734909,2,queue_length,1
159912.734911,2,queue_length,0
159912.734917,2,sched_state,running
159912.734921,2,tick,""
159912.734933,0,channel_blocked,184
159912.734935,2,yield,""
159912.734938,2,sched_state,running
159912.734943,2,tick,""
159912.734947,2,queue_length,1
159912.734950,2,queue_length,0
159912.734955,2,sched_state,running
159912.734959,2,tick,""
159912.734972,0,channel_blocked,184
159912.734974,2,yield,""
159912.734977,2,sched_state,running
159912.734982,2,tick,""
159912.734987,2,queue_length,1
159912.734990,2,queue_length,0
159912.734995,2,sched_state,running
159912.734999,2,tick,""
159912.735011,0,channel_blocked,184
159912.735013,2,yield,""
159912.735016,2,sched_state,running
159912.735021,2,tick,""
159912.735025,2,queue_length,1
159912.735030,2,queue_length,0
159912.735035,2,sched_state,running
159912.735040,2,tick,""
159912.735052,0,channel_blocked,184
159912.735054,2,yield,""
159912.735058,2,sched_state,running
159912.735062,2,tick,""
159912.735067,2,queue_length,1
159912.735070,2,queue_length,0
159912.735076,2,sched_state,running
159912.735080,2,tick,""
159912.735089,0,channel_blocked,184
159912.735090,2,yield,""
159912.735093,2,sched_state,running
159912.735096,2,tick,""
159912.735099,2,queue_length,1
159912.735101,2,queue_length,0
159912.735104,2,sched_state,running
159912.735107,2,tick,""
159912.735115,0,channel_blocked,184
159912.735116,2,yield,""
159912.735118,2,sched_state,running
159912.735125,2,tick,""
159912.735129,2,queue_length,1
159912.735131,2,queue_length,0
159912.735134,2,sched_state,running
159912.735137,2,tick,""
159912.735145,0,channel_blocked,184
159912.735147,2,yield,""
159912.735149,2,sched_state,running
159912.735152,2,tick,""
159912.735155,2,queue_length,1
159912.735157,2,queue_length,0
159912.735160,2,sched_state,running
159912.735163,2,tick,""
159912.735175,0,channel_blocked,184
159912.735177,2,yield,""
159912.735179,2,sched_state,running
159912.735184,2,tick,""
159912.735187,2,queue_length,1
159912.735191,2,queue_length,0
159912.735194,2,sched_state,running
159912.735197,2,tick,""
159912.735206,0,channel_blocked,184
159912.735207,2,yield,""
159912.735209,2,sched_state,running
159912.735217,2,tick,""
159912.735221,2,queue_length,1
159912.735223,2,queue_length,0
159912.735226,2,sched_state,running
159912.735231,2,tick,""
159912.735239,0,channel_blocked,184
159912.735241,2,yield,""
159912.735244,2,sched_state,running
159912.735253,2,tick,""
159912.735257,2,queue_length,1
159912.735259,2,queue_length,0
159912.735262,2,sched_state,running
159912.735265,2,tick,""
159912.735274,0,channel_blocked,184
159912.735276,2,yield,""
159912.735282,2,sched_state,running
159912.735285,2,tick,""
159912.735289,2,queue_length,1
159912.735291,2,queue_length,0
159912.735295,2,sched_state,running
159912.735298,2,tick,""
159912.735307,0,channel_blocked,184
159912.735308,2,yield,""
159912.735313,2,sched_state,running
159912.735316,2,tick,""
159912.735319,2,queue_length,1
159912.735321,2,queue_length,0
159912.735325,2,sched_state,running
159912.735328,2,tick,""
159912.735336,0,channel_blocked,184
159912.735338,2,yield,""
159912.735342,2,sched_state,running
159912.735344,2,tick,""
159912.735348,2,queue_length,1
159912.735352,2,queue_length,0
159912.735356,2,sched_state,running
159912.735359,2,tick,""
159912.735368,0,channel_blocked,184
159912.735369,2,yield,""
159912.735372,2,sched_state,running
159912.735374,2,tick,""
159912.735378,2,queue_length,1
159912.735380,2,queue_length,0
159912.735383,2,sched_state,running
159912.735386,2,tick,""
159912.735395,0,channel_blocked,184
159912.735396,2,yield,""
159912.735398,2,sched_state,running
159912.735401,2,tick,""
159912.735404,2,queue_length,1
159912.735406,2,queue_length,0
159912.735409,2,sched_state,running
159912.735412,2,tick,""
159912.735427,0,channel_blocked,184
159912.735429,2,yield,""
159912.735431,2,sched_state,running
159912.735434,2,tick,""
159912.735437,2,queue_length,1
159912.735439,2,queue_length,0
159912.735442,2,sched_state,running
159912.735445,2,tick,""
159912.735453,0,channel_blocked,184
159912.735454,2,yield,""
159912.735459,2,sched_state,running
159912.735462,2,tick,""
159912.735465,2,queue_length,1
159912.735467,2,queue_length,0
159912.735470,2,sched_state,running
159912.735473,2,tick,""
159912.735481,0,channel_blocked,184
159912.735483,2,yield,""
159912.735485,2,sched_state,running
159912.735487,2,tick,""
159912.735490,2,queue_length,1
159912.735493,2,queue_length,0
159912.735497,2,sched_state,running
159912.735499,2,tick,""
159912.735518,0,channel_blocked,184
159912.735520,2,yield,""
159912.735524,2,sched_state,running
159912.735527,2,tick,""
159912.735531,2,queue_length,1
159912.735533,2,queue_length,0
159912.735537,2,sched_state,running
159912.735540,2,tick,""
159912.735553,0,channel_blocked,184
159912.735554,2,yield,""
159912.735557,2,sched_state,running
159912.735559,2,tick,""
159912.735563,2,queue_length,1
159912.735565,2,queue_length,0
159912.735568,2,sched_state,running
159912.735571,2,tick,""
159912.735580,0,channel_blocked,184
159912.735582,2,yield,""
159912.735586,2,sched_state,running
159912.735588,2,tick,""
159912.735592,2,queue_length,1
159912.735594,2,queue_length,0
159912.735594,0,tick,""
159912.735597,2,sched_state,running
159912.735600,2,tick,""
159912.735603,0,reduction,""
159912.735605,0,sched_state,running
159912.735609,0,channel_blocked,184
159912.735610,2,yield,""
159912.735612,2,sched_state,running
159912.735615,2,tick,""
159912.735618,2,queue_length,1
159912.735619,2,queue_length,0
159912.735623,2,sched_state,running
159912.735625,2,tick,""
159912.735665,0,channel_blocked,184
159912.735667,2,yield,""
159912.735671,2,sched_state,running
159912.735676,2,tick,""
159912.735682,2,queue_length,1
159912.735686,2,queue_length,0
159912.735691,2,sched_state,running
159912.735696,2,tick,""
159912.735709,0,channel_blocked,184
159912.735711,2,yield,""
159912.735714,2,sched_state,running
159912.735718,2,tick,""
159912.735723,2,queue_length,1
159912.735725,2,queue_length,0
159912.735730,2,sched_state,running
159912.735734,2,tick,""
159912.735746,0,channel_blocked,184
159912.735748,2,yield,""
159912.735751,2,sched_state,running
159912.735755,2,tick,""
159912.735759,2,queue_length,1
159912.735761,2,queue_length,0
159912.735766,2,sched_state,running
159912.735770,2,tick,""
159912.735782,0,channel_blocked,184
159912.735783,2,yield,""
159912.735787,2,sched_state,running
159912.735790,2,tick,""
159912.735795,2,queue_length,1
159912.735797,2,queue_length,0
159912.735801,2,sched_state,running
159912.735805,2,tick,""
159912.735817,0,channel_blocked,184
159912.735819,2,yield,""
159912.735822,2,sched_state,running
159912.735826,2,tick,""
159912.735830,2,queue_length,1
159912.735833,2,queue_length,0
159912.735837,2,sched_state,running
159912.735842,2,tick,""
159912.735863,0,channel_blocked,184
159912.735864,2,yield,""
159912.735868,2,sched_state,running
159912.735872,2,tick,""
159912.735876,2,queue_length,1
159912.735880,2,queue_length,0
159912.735885,2,sched_state,running
159912.735889,2,tick,""
159912.735901,0,channel_blocked,184
159912.735903,2,yield,""
159912.735907,2,sched_state,running
159912.735910,2,tick,""
159912.735915,2,queue_length,1
159912.735917,2,queue_length,0
159912.735922,2,sched_state,running
159912.735926,2,tick,""
159912.735940,0,channel_blocked,184
159912.735942,2,yield,""
159912.735946,2,sched_state,running
159912.735949,2,tick,""
159912.735954,2,queue_length,1
159912.735956,2,queue_length,0
159912.735960,2,sched_state,running
159912.735964,2,tick,""
159912.735976,0,channel_blocked,184
159912.735978,2,yield,""
159912.735981,2,sched_state,running
159912.735985,2,tick,""
159912.735990,2,queue_length,1
159912.735994,2,queue_length,0
159912.735999,2,sched_state,running
159912.736004,2,tick,""
159912.736016,0,channel_blocked,184
159912.736018,2,yield,""
159912.736021,2,sched_state,running
159912.736025,2,tick,""
159912.736030,2,queue_length,1
159912.736032,2,queue_length,0
159912.736038,2,sched_state,running
159912.736044,2,tick,""
159912.736057,0,channel_blocked,184
159912.736059,2,yield,""
159912.736063,2,sched_state,running
159912.736066,2,tick,""
159912.736071,2,queue_length,1
159912.736076,2,queue_length,0
159912.736082,2,sched_state,running
159912.736085,2,tick,""
159912.736095,0,channel_blocked,184
159912.736097,2,yield,""
159912.736099,2,sched_state,running
159912.736102,2,tick,""
159912.736105,2,queue_length,1
159912.736119,2,queue_length,0
159912.736126,2,sched_state,running
159912.736131,2,tick,""
159912.736143,0,channel_blocked,184
159912.736144,2,yield,""
159912.736147,2,sched_state,running
159912.736149,2,tick,""
159912.736153,2,queue_length,1
159912.736155,2,queue_length,0
159912.736158,2,sched_state,running
159912.736161,2,tick,""
159912.736169,0,channel_blocked,184
159912.736170,2,yield,""
159912.736173,2,sched_state,running
159912.736175,2,tick,""
159912.736182,2,queue_length,1
159912.736184,2,queue_length,0
159912.736187,2,sched_state,running
159912.736190,2,tick,""
159912.736199,0,channel_blocked,184
159912.736200,2,yield,""
159912.736203,2,sched_state,running
159912.736205,2,tick,""
159912.736208,2,queue_length,1
159912.736210,2,queue_length,0
159912.736213,2,sched_state,running
159912.736216,2,tick,""
159912.736224,0,channel_blocked,184
159912.736226,2,yield,""
159912.736228,2,sched_state,running
159912.736230,2,tick,""
159912.736233,2,queue_length,1
159912.736236,2,queue_length,0
159912.736240,2,sched_state,running
159912.736243,2,tick,""
159912.736251,0,channel_blocked,184
159912.736252,2,yield,""
159912.736254,2,sched_state,running
159912.736257,2,tick,""
159912.736260,2,queue_length,1
159912.736262,2,queue_length,0
159912.736265,2,sched_state,running
159912.736268,2,tick,""
159912.736277,0,channel_blocked,184
159912.736279,2,yield,""
159912.736281,2,sched_state,running
159912.736284,2,tick,""
159912.736287,2,queue_length,1
159912.736289,2,queue_length,0
159912.736290,0,tick,""
159912.736299,2,sched_state,running
159912.736302,0,reduction,""
159912.736302,2,tick,""
159912.736308,0,sched_state,running
159912.736314,0,channel_blocked,184
159912.736315,2,yield,""
159912.736318,2,sched_state,running
159912.736320,2,tick,""
159912.736323,2,queue_length,1
159912.736325,2,queue_length,0
159912.736331,2,sched_state,running
159912.736336,2,tick,""
159912.736350,0,channel_blocked,184
159912.736352,2,yield,""
159912.736355,2,sched_state,running
159912.736359,2,tick,""
159912.736365,2,queue_length,1
159912.736367,2,queue_length,0
159912.736371,2,sched_state,running
159912.736376,2,tick,""
159912.736388,0,channel_blocked,184
159912.736390,2,yield,""
159912.736394,2,sched_state,running
159912.736398,2,tick,""
159912.736403,2,queue_length,1
159912.736408,2,queue_length,0
159912.736413,2,sched_state,running
159912.736418,2,tick,""
159912.736430,0,channel_blocked,184
159912.736433,2,yield,""
159912.736436,2,sched_state,running
159912.736440,2,tick,""
159912.736445,2,queue_length,1
159912.736448,2,queue_length,0
159912.736453,2,sched_state,running
159912.736459,2,tick,""
159912.736471,0,channel_blocked,184
159912.736473,2,yield,""
159912.736477,2,sched_state,running
159912.736481,2,tick,""
159912.736486,2,queue_length,1
159912.736489,2,queue_length,0
159912.736494,2,sched_state,running
159912.736502,2,tick,""
159912.736515,0,channel_blocked,184
159912.736517,2,yield,""
159912.736521,2,sched_state,running
159912.736525,2,tick,""
159912.736532,2,queue_length,1
159912.736536,2,queue_length,0
159912.736541,2,sched_state,running
159912.736546,2,tick,""
159912.736559,0,channel_blocked,184
159912.736561,2,yield,""
159912.736565,2,sched_state,running
159912.736569,2,tick,""
159912.736574,2,queue_length,1
159912.736577,2,queue_length,0
159912.736582,2,sched_state,running
159912.736589,2,tick,""
159912.736602,0,channel_blocked,184
159912.736604,2,yield,""
159912.736607,2,sched_state,running
159912.736611,2,tick,""
159912.736616,2,queue_length,1
159912.736620,2,queue_length,0
159912.736626,2,sched_state,running
159912.736631,2,tick,""
159912.736643,0,channel_blocked,184
159912.736646,2,yield,""
159912.736652,2,sched_state,running
159912.736657,2,tick,""
159912.736662,2,queue_length,1
159912.736664,2,queue_length,0
159912.736670,2,sched_state,running
159912.736675,2,tick,""
159912.736687,0,channel_blocked,184
159912.736689,2,yield,""
159912.736693,2,sched_state,running
159912.736697,2,tick,""
159912.736701,2,queue_length,1
159912.736704,2,queue_length,0
159912.736709,2,sched_state,running
159912.736714,2,tick,""
159912.736727,0,channel_blocked,184
159912.736729,2,yield,""
159912.736733,2,sched_state,running
159912.736737,2,tick,""
159912.736742,2,queue_length,1
159912.736745,2,queue_length,0
159912.736750,2,sched_state,running
159912.736755,2,tick,""
159912.736767,0,channel_blocked,184
159912.736770,2,yield,""
159912.736774,2,sched_state,running
159912.736778,2,tick,""
159912.736783,2,queue_length,1
159912.736785,2,queue_length,0
159912.736789,2,sched_state,running
159912.736792,2,tick,""
159912.736805,0,channel_blocked,184
159912.736807,2,yield,""
159912.736810,2,sched_state,running
159912.736812,2,tick,""
159912.736816,2,queue_length,1
159912.736819,2,queue_length,0
159912.736822,2,sched_state,running
159912.736825,2,tick,""
159912.736834,0,channel_blocked,184
159912.736835,2,yield,""
159912.736838,2,sched_state,running
159912.736841,2,tick,""
159912.736844,2,queue_length,1
159912.736845,2,queue_length,0
159912.736849,2,sched_state,running
159912.736852,2,tick,""
159912.736860,0,channel_blocked,184
159912.736862,2,yield,""
159912.736864,2,sched_state,running
159912.736867,2,tick,""
159912.736872,2,queue_length,1
159912.736874,2,queue_length,0
159912.736877,2,sched_state,running
159912.736880,2,tick,""
159912.736888,0,channel_blocked,184
159912.736890,2,yield,""
159912.736892,2,sched_state,running
159912.736896,2,tick,""
159912.736899,2,queue_length,1
159912.736901,2,queue_length,0
159912.736904,2,sched_state,running
159912.736907,2,tick,""
159912.736915,0,channel_blocked,184
159912.736917,2,yield,""
159912.736919,2,sched_state,running
159912.736922,2,tick,""
159912.736925,2,queue_length,1
159912.736927,2,queue_length,0
159912.736930,2,sched_state,running
159912.736933,2,tick,""
159912.736942,0,channel_blocked,184
159912.736943,2,yield,""
159912.736945,2,sched_state,running
159912.736948,2,tick,""
159912.736951,2,queue_length,1
159912.736954,2,queue_length,0
159912.736958,2,sched_state,running
159912.736961,2,tick,""
159912.736969,0,channel_blocked,184
159912.736970,2,yield,""
159912.736973,2,sched_state,running
159912.736975,2,tick,""
159912.736978,2,queue_length,1
159912.736980,2,queue_length,0
159912.736983,2,sched_state,running
159912.736986,2,tick,""
159912.736995,0,channel_blocked,184
159912.736997,2,yield,""
159912.737001,2,sched_state,running
159912.737004,2,tick,""
159912.737007,2,queue_length,1
159912.737009,2,queue_length,0
159912.737012,2,sched_state,running
159912.737015,2,tick,""
159912.737024,0,channel_blocked,184
159912.737025,2,yield,""
159912.737028,2,sched_state,running
159912.737031,2,tick,""
159912.737034,2,queue_length,1
159912.737036,2,queue_length,0
159912.737039,2,sched_state,running
159912.737042,2,tick,""
159912.737050,0,channel_blocked,184
159912.737052,2,yield,""
159912.737054,2,sched_state,running
159912.737057,2,tick,""
159912.737060,2,queue_length,1
159912.737062,2,queue_length,0
159912.737065,2,sched_state,running
159912.737068,2,tick,""
159912.737076,0,channel_blocked,184
159912.737078,2,yield,""
159912.737081,2,sched_state,running
159912.737084,2,tick,""
159912.737087,2,queue_length,1
159912.737090,2,queue_length,0
159912.737093,2,sched_state,running
159912.737096,2,tick,""
159912.737105,0,channel_blocked,184
159912.737106,2,yield,""
159912.737109,2,sched_state,running
159912.737112,2,tick,""
159912.737117,2,queue_length,1
159912.737119,2,queue_length,0
159912.737122,2,sched_state,running
159912.737125,2,tick,""
159912.737134,0,channel_blocked,184
159912.737136,2,yield,""
159912.737138,2,sched_state,running
159912.737141,2,tick,""
159912.737144,2,queue_length,1
159912.737145,2,queue_length,0
159912.737149,2,sched_state,running
159912.737152,2,tick,""
159912.737162,0,channel_blocked,184
159912.737164,2,yield,""
159912.737166,2,sched_state,running
159912.737169,2,tick,""
159912.737172,2,queue_length,1
159912.737174,2,queue_length,0
159912.737177,2,sched_state,running
159912.737182,2,tick,""
159912.737191,0,channel_blocked,184
159912.737193,2,yield,""
159912.737195,2,sched_state,running
159912.737198,2,tick,""
159912.737201,2,queue_length,1
159912.737203,2,queue_length,0
159912.737206,2,sched_state,running
159912.737209,2,tick,""
159912.737217,0,channel_blocked,184
159912.737219,2,yield,""
159912.737221,2,sched_state,running
159912.737225,2,tick,""
159912.737229,2,queue_length,1
159912.737232,2,queue_length,0
159912.737235,2,sched_state,running
159912.737238,2,tick,""
159912.737247,0,channel_blocked,184
159912.737248,2,yield,""
159912.737250,2,sched_state,running
159912.737253,2,tick,""
159912.737256,2,queue_length,1
159912.737258,2,queue_length,0
159912.737261,2,sched_state,running
159912.737264,2,tick,""
159912.737272,0,channel_blocked,184
159912.737274,2,yield,""
159912.737276,2,sched_state,running
159912.737279,2,tick,""
159912.737282,2,queue_length,1
159912.737284,2,queue_length,0
159912.737287,2,sched_state,running
159912.737290,2,tick,""
159912.737298,0,channel_blocked,184
159912.737300,2,yield,""
159912.737302,2,sched_state,running
159912.737305,2,tick,""
159912.737308,2,queue_length,1
159912.737309,2,queue_length,0
159912.737313,2,sched_state,running
159912.737316,2,tick,""
159912.737324,0,channel_blocked,184
159912.737325,2,yield,""
159912.737328,2,sched_state,running
159912.737330,2,tick,""
159912.737333,2,queue_length,1
159912.737335,2,queue_length,0
159912.737339,2,sched_state,running
159912.737342,2,tick,""
159912.737508,0,channel_blocked,184
159912.737512,2,yield,""
159912.737516,2,sched_state,running
159912.737521,2,tick,""
159912.737527,2,queue_length,1
159912.737532,2,queue_length,0
159912.737537,2,sched_state,running
159912.737543,2,tick,""
159912.737556,0,channel_blocked,184
159912.737558,2,yield,""
159912.737562,2,sched_state,running
159912.737567,2,tick,""
159912.737572,2,queue_length,1
159912.737574,2,queue_length,0
159912.737580,2,sched_state,running
159912.737585,2,tick,""
159912.737600,0,channel_blocked,184
159912.737602,2,yield,""
159912.737606,2,sched_state,running
159912.737610,2,tick,""
159912.737615,2,queue_length,1
159912.737618,2,queue_length,0
159912.737623,2,sched_state,running
159912.737629,2,tick,""
159912.737641,0,channel_blocked,184
159912.737644,2,yield,""
159912.737648,2,sched_state,running
159912.737653,2,tick,""
159912.737658,2,queue_length,1
159912.737661,2,queue_length,0
159912.737666,2,sched_state,running
159912.737672,2,tick,""
159912.737688,0,channel_blocked,184
159912.737690,2,yield,""
159912.737693,2,sched_state,running
159912.737695,0,tick,""
159912.737698,2,tick,""
159912.737703,2,queue_length,1
159912.737706,2,queue_length,0
159912.737711,2,sched_state,running
159912.737714,0,reduction,""
159912.737718,0,sched_state,running
159912.737717,2,tick,""
159912.737743,0,channel_blocked,184
159912.737747,2,yield,""
159912.737752,2,sched_state,running
159912.737758,2,tick,""
159912.737766,2,queue_length,1
159912.737772,2,queue_length,0
159912.737777,2,sched_state,running
159912.737783,2,tick,""
159912.737796,0,channel_blocked,184
159912.737798,2,yield,""
159912.737800,2,sched_state,running
159912.737803,2,tick,""
159912.737806,2,queue_length,1
159912.737808,2,queue_length,0
159912.737811,2,sched_state,running
159912.737816,2,tick,""
159912.737824,0,channel_blocked,184
159912.737826,2,yield,""
159912.737828,2,sched_state,running
159912.737831,2,tick,""
159912.737834,2,queue_length,1
159912.737836,2,queue_length,0
159912.737840,2,sched_state,running
159912.737843,2,tick,""
159912.737851,0,channel_blocked,184
159912.737853,2,yield,""
159912.737855,2,sched_state,running
159912.737858,2,tick,""
159912.737861,2,queue_length,1
159912.737863,2,queue_length,0
159912.737866,2,sched_state,running
159912.737870,2,tick,""
159912.737878,0,channel_blocked,184
159912.737879,2,yield,""
159912.737882,2,sched_state,running
159912.737885,2,tick,""
159912.737888,2,queue_length,1
159912.737890,2,queue_length,0
159912.737893,2,sched_state,running
159912.737896,2,tick,""
159912.737904,0,channel_blocked,184
159912.737905,2,yield,""
159912.737908,2,sched_state,running
159912.737911,2,tick,""
159912.737914,2,queue_length,1
159912.737917,2,queue_length,0
159912.737921,2,sched_state,running
159912.737924,2,tick,""
159912.737932,0,channel_blocked,184
159912.737934,2,yield,""
159912.737936,2,sched_state,running
159912.737939,2,tick,""
159912.737942,2,queue_length,1
159912.737944,2,queue_length,0
159912.737948,2,sched_state,running
159912.737951,2,tick,""
159912.737959,0,channel_blocked,184
159912.737961,2,yield,""
159912.737963,2,sched_state,running
159912.737966,2,tick,""
159912.737969,2,queue_length,1
159912.737972,2,queue_length,0
159912.737975,2,sched_state,running
159912.737979,2,tick,""
159912.737988,0,channel_blocked,184
159912.737990,2,yield,""
159912.737992,2,sched_state,running
159912.737995,2,tick,""
159912.738000,2,queue_length,1
159912.738002,2,queue_length,0
159912.738006,2,sched_state,running
159912.738009,2,tick,""
159912.738018,0,channel_blocked,184
159912.738019,2,yield,""
159912.738022,2,sched_state,running
159912.738025,2,tick,""
159912.738030,2,queue_length,1
159912.738032,2,queue_length,0
159912.738035,2,sched_state,running
159912.738039,2,tick,""
159912.738047,0,channel_blocked,184
159912.738049,2,yield,""
159912.738051,2,sched_state,running
159912.738054,2,tick,""
159912.738057,2,queue_length,1
159912.738060,2,queue_length,0
159912.738064,2,sched_state,running
159912.738067,2,tick,""
159912.738075,0,channel_blocked,184
159912.738077,2,yield,""
159912.738079,2,sched_state,running
159912.738082,2,tick,""
159912.738085,2,queue_length,1
159912.738087,2,queue_length,0
159912.738090,2,sched_state,running
159912.738094,2,tick,""
159912.738102,0,channel_blocked,184
159912.738103,2,yield,""
159912.738106,2,sched_state,running
159912.738109,2,tick,""
159912.738113,2,queue_length,1
159912.738115,2,queue_length,0
159912.738118,2,sched_state,running
159912.738121,2,tick,""
159912.738130,0,channel_blocked,184
159912.738131,2,yield,""
159912.738134,2,sched_state,running
159912.738137,2,tick,""
159912.738140,2,queue_length,1
159912.738142,2,queue_length,0
159912.738145,2,sched_state,running
159912.738148,2,tick,""
159912.738156,0,channel_blocked,184
159912.738158,2,yield,""
159912.738160,2,sched_state,running
159912.738163,2,tick,""
159912.738167,2,queue_length,1
159912.738169,2,queue_length,0
159912.738172,2,sched_state,running
159912.738175,2,tick,""
159912.738183,0,channel_blocked,184
159912.738185,2,yield,""
159912.738187,2,sched_state,running
159912.738190,2,tick,""
159912.738193,2,queue_length,1
159912.738196,2,queue_length,0
159912.738199,2,sched_state,running
159912.738203,2,tick,""
159912.738211,0,channel_blocked,184
159912.738212,2,yield,""
159912.738215,2,sched_state,running
159912.738218,2,tick,""
159912.738221,2,queue_length,1
159912.738223,2,queue_length,0
159912.738227,2,sched_state,running
159912.738230,2,tick,""
159912.738238,0,channel_blocked,184
159912.738240,2,yield,""
159912.738242,2,sched_state,running
159912.738245,2,tick,""
159912.738248,2,queue_length,1
159912.738250,2,queue_length,0
159912.738256,2,sched_state,running
159912.738259,2,tick,""
159912.738268,0,channel_blocked,184
159912.738270,2,yield,""
159912.738272,2,sched_state,running
159912.738275,2,tick,""
159912.738278,2,queue_length,1
159912.738280,2,queue_length,0
159912.738283,2,sched_state,running
159912.738287,2,tick,""
159912.738295,0,channel_blocked,184
159912.738296,2,yield,""
159912.738300,2,sched_state,running
159912.738304,2,tick,""
159912.738307,2,queue_length,1
159912.738309,2,queue_length,0
159912.738314,2,sched_state,running
159912.738318,2,tick,""
159912.738328,0,channel_blocked,184
159912.738330,2,yield,""
159912.738332,2,sched_state,running
159912.738336,2,tick,""
159912.738339,2,queue_length,1
159912.738342,2,queue_length,0
159912.738345,2,sched_state,running
159912.738349,2,tick,""
159912.738357,0,channel_blocked,184
159912.738359,2,yield,""
159912.738361,2,sched_state,running
159912.738364,2,tick,""
159912.738367,2,queue_length,1
159912.738369,2,queue_length,0
159912.738372,2,sched_state,running
159912.738376,2,tick,""
159912.738388,0,channel_blocked,184
159912.738390,2,yield,""
159912.738394,2,sched_state,running
159912.738399,2,tick,""
159912.738404,2,queue_length,1
159912.738406,2,queue_length,0
159912.738413,2,sched_state,running
159912.738419,2,tick,""
159912.738431,0,channel_blocked,184
159912.738433,2,yield,""
159912.738437,2,sched_state,running
159912.738442,2,tick,""
159912.738448,2,queue_length,1
159912.738451,2,queue_length,0
159912.738457,2,sched_state,running
159912.738462,2,tick,""
159912.738476,0,channel_blocked,184
159912.738478,2,yield,""
159912.738482,0,tick,""
159912.738481,2,sched_state,running
159912.738490,0,reduction,""
159912.738492,0,sched_state,running
159912.738610,2,tick,""
159912.738617,2,queue_length,1
159912.738621,2,queue_length,0
159912.738627,2,sched_state,running
159912.738634,2,tick,""
159912.738650,0,channel_blocked,184
159912.738653,2,yield,""
159912.738656,2,sched_state,running
159912.738662,2,tick,""
159912.738667,2,queue_length,1
159912.738672,2,queue_length,0
159912.738678,2,sched_state,running
159912.738684,2,tick,""
159912.738696,0,channel_blocked,184
159912.738699,2,yield,""
159912.738702,2,sched_state,running
159912.738708,2,tick,""
159912.738712,2,queue_length,1
159912.738715,2,queue_length,0
159912.738720,2,sched_state,running
159912.738726,2,tick,""
159912.738739,0,channel_blocked,184
159912.738741,2,yield,""
159912.738745,2,sched_state,running
159912.738750,2,tick,""
159912.738755,2,queue_length,1
159912.738758,2,queue_length,0
159912.738763,2,sched_state,running
159912.738769,2,tick,""
159912.738781,0,channel_blocked,184
159912.738784,2,yield,""
159912.738787,2,sched_state,running
159912.738792,2,tick,""
159912.738797,2,queue_length,1
159912.738800,2,queue_length,0
159912.738805,2,sched_state,running
159912.738810,2,tick,""
159912.738833,0,channel_blocked,184
159912.738837,2,yield,""
159912.738840,2,sched_state,running
159912.738843,2,tick,""
159912.738847,2,queue_length,1
159912.738849,2,queue_length,0
159912.738852,2,sched_state,running
159912.738855,2,tick,""
159912.738863,0,channel_blocked,184
159912.738864,2,yield,""
159912.738867,2,sched_state,running
159912.738869,2,tick,""
159912.738872,2,queue_length,1
159912.738875,2,queue_length,0
159912.738878,2,sched_state,running
159912.738881,2,tick,""
159912.738889,0,channel_blocked,184
159912.738891,2,yield,""
159912.739033,2,sched_state,running
159912.739040,2,tick,""
159912.739047,2,queue_length,1
159912.739050,2,queue_length,0
159912.739056,2,sched_state,running
159912.739061,2,tick,""
159912.739075,0,channel_blocked,184
159912.739077,2,yield,""
159912.739080,2,sched_state,running
159912.739083,2,tick,""
159912.739087,2,queue_length,1
159912.739089,2,queue_length,0
159912.739093,2,sched_state,running
159912.739097,2,tick,""
159912.739105,0,channel_blocked,184
159912.739107,2,yield,""
159912.739109,2,sched_state,running
159912.739112,2,tick,""
159912.739115,2,queue_length,1
159912.739116,2,queue_length,0
159912.739119,2,sched_state,running
159912.739123,2,tick,""
159912.739131,0,channel_blocked,184
159912.739132,2,yield,""
159912.739134,2,sched_state,running
159912.739137,2,tick,""
159912.739140,2,queue_length,1
159912.739141,2,queue_length,0
159912.739144,2,sched_state,running
159912.739148,2,tick,""
159912.739148,0,tick,""
159912.739156,0,channel_blocked,184
159912.739157,2,yield,""
159912.739159,2,sched_state,running
159912.739162,2,tick,""
159912.739165,2,queue_length,1
159912.739169,2,queue_length,0
159912.739170,0,reduction,""
159912.739172,2,sched_state,running
159912.739172,0,sched_state,running
159912.739177,2,tick,""
159912.739185,0,channel_blocked,184
159912.739186,2,yield,""
159912.739188,2,sched_state,running
159912.739191,2,tick,""
159912.739194,2,queue_length,1
159912.739196,2,queue_length,0
159912.739199,2,sched_state,running
159912.739203,2,tick,""
159912.739212,0,channel_blocked,184
159912.739213,2,yield,""
159912.739216,2,sched_state,running
159912.739219,2,tick,""
159912.739222,2,queue_length,1
159912.739224,2,queue_length,0
159912.739227,2,sched_state,running
159912.739230,2,tick,""
159912.739238,0,channel_blocked,184
159912.739240,2,yield,""
159912.739242,2,sched_state,running
159912.739245,2,tick,""
159912.739248,2,queue_length,1
159912.739250,2,queue_length,0
159912.739253,2,sched_state,running
159912.739256,2,tick,""
159912.739264,0,channel_blocked,184
159912.739266,2,yield,""
159912.739268,2,sched_state,running
159912.739271,2,tick,""
159912.739274,2,queue_length,1
159912.739276,2,queue_length,0
159912.739279,2,sched_state,running
159912.739282,2,tick,""
159912.739299,0,channel_blocked,184
159912.739301,2,yield,""
159912.739304,2,sched_state,running
159912.739307,2,tick,""
159912.739310,2,queue_length,1
159912.739314,2,queue_length,0
159912.739317,2,sched_state,running
159912.739321,2,tick,""
159912.739331,0,channel_blocked,184
159912.739332,2,yield,""
159912.739335,2,sched_state,running
159912.739338,2,tick,""
159912.739341,2,queue_length,1
159912.739343,2,queue_length,0
159912.739348,2,sched_state,running
159912.739351,2,tick,""
159912.739361,0,channel_blocked,184
159912.739363,2,yield,""
159912.739365,2,sched_state,running
159912.739368,2,tick,""
159912.739371,2,queue_length,1
159912.739373,2,queue_length,0
159912.739376,2,sched_state,running
159912.739379,2,tick,""
159912.739387,0,channel_blocked,184
159912.739388,2,yield,""
159912.739390,2,sched_state,running
159912.739393,2,tick,""
159912.739396,2,queue_length,1
159912.739399,2,queue_length,0
159912.739402,2,sched_state,running
159912.739405,2,tick,""
159912.739413,0,channel_blocked,184
159912.739414,2,yield,""
159912.739416,2,sched_state,running
159912.739420,2,tick,""
159912.739423,2,queue_length,1
159912.739424,2,queue_length,0
159912.739427,2,sched_state,running
159912.739431,2,tick,""
159912.739439,0,channel_blocked,184
159912.739440,2,yield,""
159912.739442,2,sched_state,running
159912.739445,2,tick,""
159912.739448,2,queue_length,1
159912.739451,2,queue_length,0
159912.739455,2,sched_state,running
159912.739458,2,tick,""
159912.739467,0,channel_blocked,184
159912.739469,2,yield,""
159912.739471,2,sched_state,running
159912.739474,2,tick,""
159912.739477,2,queue_length,1
159912.739479,2,queue_length,0
159912.739482,2,sched_state,running
159912.739485,2,tick,""
159912.739493,0,channel_blocked,184
159912.739496,2,yield,""
159912.739498,2,sched_state,running
159912.739501,2,tick,""
159912.739504,2,queue_length,1
159912.739506,2,queue_length,0
159912.739509,2,sched_state,running
159912.739513,2,tick,""
159912.739521,0,channel_blocked,184
159912.739522,2,yield,""
159912.739524,2,sched_state,running
159912.739528,2,tick,""
159912.739530,2,queue_length,1
159912.739532,2,queue_length,0
159912.739535,2,sched_state,running
159912.739539,2,tick,""
159912.739547,0,channel_blocked,184
159912.739548,2,yield,""
159912.739550,2,sched_state,running
159912.739553,2,tick,""
159912.739556,2,queue_length,1
159912.739558,2,queue_length,0
159912.739561,2,sched_state,running
159912.739565,2,tick,""
159912.739572,0,channel_blocked,184
159912.739574,2,yield,""
159912.739576,2,sched_state,running
159912.739579,2,tick,""
159912.739582,2,queue_length,1
159912.739585,2,queue_length,0
159912.739588,2,sched_state,running
159912.739592,2,tick,""
159912.739600,0,channel_blocked,184
159912.739601,2,yield,""
159912.739603,2,sched_state,running
159912.739607,2,tick,""
159912.739610,2,queue_length,1
159912.739612,2,queue_length,0
159912.739615,2,sched_state,running
159912.739618,2,tick,""
159912.739626,0,channel_blocked,184
159912.739628,2,yield,""
159912.739630,2,sched_state,running
159912.739635,2,tick,""
159912.739638,2,queue_length,1
159912.739640,2,queue_length,0
159912.739643,2,sched_state,running
159912.739646,2,tick,""
159912.739656,0,channel_blocked,184
159912.739657,2,yield,""
159912.739660,2,sched_state,running
159912.739664,2,tick,""
159912.739668,2,queue_length,1
159912.739669,2,queue_length,0
159912.739673,2,sched_state,running
159912.739676,2,tick,""
159912.739686,0,channel_blocked,184
159912.739687,2,yield,""
159912.739689,2,sched_state,running
159912.739692,2,tick,""
159912.739696,2,queue_length,1
159912.739698,2,queue_length,0
159912.739701,2,sched_state,running
159912.739705,2,tick,""
159912.739712,0,channel_blocked,184
159912.739714,2,yield,""
159912.739716,2,sched_state,running
159912.739719,2,tick,""
159912.739722,2,queue_length,1
159912.739725,2,queue_length,0
159912.739728,2,sched_state,running
159912.739732,2,tick,""
159912.739740,0,channel_blocked,184
159912.739741,2,yield,""
159912.739743,2,sched_state,running
159912.739747,2,tick,""
159912.739750,2,queue_length,1
159912.739752,2,queue_length,0
159912.739755,2,sched_state,running
159912.739758,2,tick,""
159912.739766,0,channel_blocked,184
159912.739767,2,yield,""
159912.739769,2,sched_state,running
159912.739773,2,tick,""
159912.739773,0,tick,""
159912.739779,2,queue_length,1
159912.739789,2,queue_length,0
159912.739794,2,sched_state,running
159912.739798,2,tick,""
159912.739810,0,channel_blocked,184
159912.739812,2,yield,""
159912.739815,2,sched_state,running
159912.739819,2,tick,""
159912.739822,2,queue_length,1
159912.739824,2,queue_length,0
159912.739794,0,reduction,""
159912.739910,0,sched_state,running
159912.739828,2,sched_state,running
159912.739939,2,tick,""
159912.739960,0,channel_blocked,184
159912.739963,2,yield,""
159912.739966,2,sched_state,running
159912.739971,2,tick,""
159912.739976,2,queue_length,1
159912.739979,2,queue_length,0
159912.739984,2,sched_state,running
159912.739989,2,tick,""
159912.740003,0,channel_blocked,184
159912.740005,2,yield,""
159912.740007,2,sched_state,running
159912.740011,2,tick,""
159912.740014,2,queue_length,1
159912.740019,2,queue_length,0
159912.740023,2,sched_state,running
159912.740026,2,tick,""
159912.740035,0,channel_blocked,184
159912.740036,2,yield,""
159912.740039,2,sched_state,running
159912.740043,2,tick,""
159912.740046,2,queue_length,1
159912.740048,2,queue_length,0
159912.740051,2,sched_state,running
159912.740054,2,tick,""
159912.740063,0,channel_blocked,184
159912.740064,2,yield,""
159912.740066,2,sched_state,running
159912.740070,2,tick,""
159912.740073,2,queue_length,1
159912.740074,2,queue_length,0
159912.740078,2,sched_state,running
159912.740081,2,tick,""
159912.740090,0,channel_blocked,184
159912.740091,2,yield,""
159912.740096,2,sched_state,running
159912.740100,2,tick,""
159912.740103,2,queue_length,1
159912.740105,2,queue_length,0
159912.740113,2,sched_state,running
159912.740117,2,tick,""
159912.740126,0,channel_blocked,184
159912.740127,2,yield,""
159912.740130,2,sched_state,running
159912.740133,2,tick,""
159912.740136,2,queue_length,1
159912.740138,2,queue_length,0
159912.740141,2,sched_state,running
159912.740145,2,tick,""
159912.740159,0,channel_blocked,184
159912.740161,2,yield,""
159912.740163,2,sched_state,running
159912.740167,2,tick,""
159912.740170,2,queue_length,1
159912.740173,2,queue_length,0
159912.740177,2,sched_state,running
159912.740181,2,tick,""
159912.740189,0,channel_blocked,184
159912.740190,2,yield,""
159912.740192,2,sched_state,running
159912.740196,2,tick,""
159912.740199,2,queue_length,1
159912.740201,2,queue_length,0
159912.740205,2,sched_state,running
159912.740209,2,tick,""
159912.740217,0,channel_blocked,184
159912.740219,2,yield,""
159912.740221,2,sched_state,running
159912.740225,2,tick,""
159912.740228,2,queue_length,1
159912.740230,2,queue_length,0
159912.740233,2,sched_state,running
159912.740237,2,tick,""
159912.740245,0,channel_blocked,184
159912.740246,2,yield,""
159912.740249,2,sched_state,running
159912.740254,2,tick,""
159912.740257,2,queue_length,1
159912.740259,2,queue_length,0
159912.740263,2,sched_state,running
159912.740267,2,tick,""
159912.740275,0,channel_blocked,184
159912.740277,2,yield,""
159912.740279,2,sched_state,running
159912.740282,2,tick,""
159912.740285,2,queue_length,1
159912.740287,2,queue_length,0
159912.740290,2,sched_state,running
159912.740294,2,tick,""
159912.740302,0,channel_blocked,184
159912.740303,2,yield,""
159912.740306,2,sched_state,running
159912.740311,2,tick,""
159912.740315,2,queue_length,1
159912.740318,2,queue_length,0
159912.740322,2,sched_state,running
159912.740326,2,tick,""
159912.740334,0,channel_blocked,184
159912.740335,2,yield,""
159912.740338,2,sched_state,running
159912.740341,2,tick,""
159912.740345,2,queue_length,1
159912.740347,2,queue_length,0
159912.740350,2,sched_state,running
159912.740354,2,tick,""
159912.740362,0,channel_blocked,184
159912.740363,2,yield,""
159912.740366,2,sched_state,running
159912.740369,2,tick,""
159912.740372,2,queue_length,1
159912.740374,2,queue_length,0
159912.740377,2,sched_state,running
159912.740381,2,tick,""
159912.740391,0,channel_blocked,184
159912.740393,2,yield,""
159912.740395,2,sched_state,running
159912.740399,2,tick,""
159912.740402,2,queue_length,1
159912.740403,2,queue_length,0
159912.740408,2,sched_state,running
159912.740412,2,tick,""
159912.740421,0,channel_blocked,184
159912.740423,2,yield,""
159912.740425,2,sched_state,running
159912.740429,2,tick,""
159912.740432,2,queue_length,1
159912.740434,2,queue_length,0
159912.740437,2,sched_state,running
159912.740441,2,tick,""
159912.740449,0,channel_blocked,184
159912.740451,2,yield,""
159912.740453,2,sched_state,running
159912.740457,2,tick,""
159912.740460,2,queue_length,1
159912.740463,2,queue_length,0
159912.740466,2,sched_state,running
159912.740470,2,tick,""
159912.740478,0,channel_blocked,184
159912.740480,2,yield,""
159912.740482,2,sched_state,running
159912.740485,2,tick,""
159912.740488,2,queue_length,1
159912.740490,2,queue_length,0
159912.740493,2,sched_state,running
159912.740497,2,tick,""
159912.740505,0,channel_blocked,184
159912.740507,2,yield,""
159912.740509,2,sched_state,running
159912.740512,2,tick,""
159912.740515,2,queue_length,1
159912.740517,2,queue_length,0
159912.740520,2,sched_state,running
159912.740524,2,tick,""
159912.740533,0,channel_blocked,184
159912.740537,2,yield,""
159912.740539,2,sched_state,running
159912.740543,2,tick,""
159912.740546,2,queue_length,1
159912.740548,2,queue_length,0
159912.740551,2,sched_state,running
159912.740555,2,tick,""
159912.740557,0,tick,""
159912.740564,0,reduction,""
159912.740566,0,sched_state,running
159912.740572,0,channel_blocked,184
159912.740574,2,yield,""
159912.740578,2,sched_state,running
159912.740584,2,tick,""
159912.740589,2,queue_length,1
159912.740592,2,queue_length,0
159912.740596,2,sched_state,running
159912.740603,2,tick,""
159912.740614,0,channel_blocked,184
159912.740616,2,yield,""
159912.740619,2,sched_state,running
159912.740625,2,tick,""
159912.740629,2,queue_length,1
159912.740635,2,queue_length,0
159912.740639,2,sched_state,running
159912.740646,2,tick,""
159912.740660,0,channel_blocked,184
159912.740662,2,yield,""
159912.740666,2,sched_state,running
159912.740672,2,tick,""
159912.740677,2,queue_length,1
159912.740680,2,queue_length,0
159912.740685,2,sched_state,running
159912.740692,2,tick,""
159912.740704,0,channel_blocked,184
159912.740707,2,yield,""
159912.740710,2,sched_state,running
159912.740716,2,tick,""
159912.740720,2,queue_length,1
159912.740723,2,queue_length,0
159912.740729,2,sched_state,running
159912.740735,2,tick,""
159912.740747,0,channel_blocked,184
159912.740750,2,yield,""
159912.740754,2,sched_state,running
159912.740760,2,tick,""
159912.740764,2,queue_length,1
159912.740767,2,queue_length,0
159912.740772,2,sched_state,running
159912.740779,2,tick,""
159912.740791,0,channel_blocked,184
159912.740794,2,yield,""
159912.740798,2,sched_state,running
159912.740804,2,tick,""
159912.740808,2,queue_length,1
159912.740811,2,queue_length,0
159912.740816,2,sched_state,running
159912.740822,2,tick,""
159912.740840,0,channel_blocked,184
159912.740842,2,yield,""
159912.740847,2,sched_state,running
159912.740854,2,tick,""
159912.740859,2,queue_length,1
159912.740864,2,queue_length,0
159912.740869,2,sched_state,running
159912.740876,2,tick,""
159912.740888,0,channel_blocked,184
159912.740891,2,yield,""
159912.740894,2,sched_state,running
159912.740900,2,tick,""
159912.740905,2,queue_length,1
159912.740908,2,queue_length,0
159912.740913,2,sched_state,running
159912.740919,2,tick,""
159912.740933,0,channel_blocked,184
159912.740936,2,yield,""
159912.740939,2,sched_state,running
159912.740945,2,tick,""
159912.740949,2,queue_length,1
159912.740952,2,queue_length,0
159912.740957,2,sched_state,running
159912.740964,2,tick,""
159912.740976,0,channel_blocked,184
159912.740979,2,yield,""
159912.740982,2,sched_state,running
159912.740988,2,tick,""
159912.740993,2,queue_length,1
159912.740996,2,queue_length,0
159912.741001,2,sched_state,running
159912.741007,2,tick,""
159912.741020,0,channel_blocked,184
159912.741022,2,yield,""
159912.741024,2,sched_state,running
159912.741028,2,tick,""
159912.741031,2,queue_length,1
159912.741033,2,queue_length,0
159912.741036,2,sched_state,running
159912.741040,2,tick,""
159912.741049,0,channel_blocked,184
159912.741050,2,yield,""
159912.741052,2,sched_state,running
159912.741056,2,tick,""
159912.741059,2,queue_length,1
159912.741062,2,queue_length,0
159912.741065,2,sched_state,running
159912.741069,2,tick,""
159912.741079,0,channel_blocked,184
159912.741081,2,yield,""
159912.741083,2,sched_state,running
159912.741087,2,tick,""
159912.741090,2,queue_length,1
159912.741092,2,queue_length,0
159912.741095,2,sched_state,running
159912.741099,2,tick,""
159912.741108,0,channel_blocked,184
159912.741109,2,yield,""
159912.741111,2,sched_state,running
159912.741115,2,tick,""
159912.741118,2,queue_length,1
159912.741120,2,queue_length,0
159912.741124,2,sched_state,running
159912.741127,2,tick,""
159912.741136,0,channel_blocked,184
159912.741137,2,yield,""
159912.741140,2,sched_state,running
159912.741143,2,tick,""
159912.741146,2,queue_length,1
159912.741148,2,queue_length,0
159912.741151,2,sched_state,running
159912.741155,2,tick,""
159912.741163,0,channel_blocked,184
159912.741165,2,yield,""
159912.741167,2,sched_state,running
159912.741170,2,tick,""
159912.741174,2,queue_length,1
159912.741176,2,queue_length,0
159912.741180,2,sched_state,running
159912.741184,2,tick,""
159912.741192,0,channel_blocked,184
159912.741194,2,yield,""
159912.741196,2,sched_state,running
159912.741200,2,tick,""
159912.741203,2,queue_length,1
159912.741206,2,queue_length,0
159912.741209,2,sched_state,running
159912.741213,2,tick,""
159912.741212,0,tick,""
159912.741226,0,channel_blocked,184
159912.741228,2,yield,""
159912.741230,2,sched_state,running
159912.741234,2,tick,""
159912.741239,2,queue_length,1
159912.741241,2,queue_length,0
159912.741245,2,sched_state,running
159912.741249,2,tick,""
159912.741259,0,channel_blocked,184
159912.741260,2,yield,""
159912.741263,2,sched_state,running
159912.741266,2,tick,""
159912.741273,2,queue_length,1
159912.741275,2,queue_length,0
159912.741279,2,sched_state,running
159912.741283,2,tick,""
159912.741295,0,channel_blocked,184
159912.741296,2,yield,""
159912.741298,2,sched_state,running
159912.741302,2,tick,""
159912.741305,2,queue_length,1
159912.741307,2,queue_length,0
159912.741310,2,sched_state,running
159912.741314,2,tick,""
159912.741322,0,channel_blocked,184
159912.741324,2,yield,""
159912.741326,2,sched_state,running
159912.741329,2,tick,""
159912.741332,2,queue_length,1
159912.741334,2,queue_length,0
159912.741337,2,sched_state,running
159912.741341,2,tick,""
159912.741349,0,channel_blocked,184
159912.741351,2,yield,""
159912.741353,2,sched_state,running
159912.741356,2,tick,""
159912.741359,2,queue_length,1
159912.741362,2,queue_length,0
159912.741368,2,sched_state,running
159912.741370,0,reduction,""
159912.741373,0,sched_state,running
159912.741375,2,tick,""
159912.741388,0,channel_blocked,184
159912.741391,2,yield,""
159912.741394,2,sched_state,running
159912.741400,2,tick,""
159912.741404,2,queue_length,1
159912.741407,2,queue_length,0
159912.741413,2,sched_state,running
159912.741420,2,tick,""
159912.741431,0,channel_blocked,184
159912.741433,2,yield,""
159912.741437,2,sched_state,running
159912.741443,2,tick,""
159912.741447,2,queue_length,1
159912.741450,2,queue_length,0
159912.741454,2,sched_state,running
159912.741461,2,tick,""
159912.741473,0,channel_blocked,184
159912.741475,2,yield,""
159912.741478,2,sched_state,running
159912.741485,2,tick,""
159912.741489,2,queue_length,1
159912.741492,2,queue_length,0
159912.741497,2,sched_state,running
159912.741503,2,tick,""
159912.741515,0,channel_blocked,184
159912.741518,2,yield,""
159912.741522,2,sched_state,running
159912.741528,2,tick,""
159912.741533,2,queue_length,1
159912.741536,2,queue_length,0
159912.741541,2,sched_state,running
159912.741548,2,tick,""
159912.741561,0,channel_blocked,184
159912.741563,2,yield,""
159912.741567,2,sched_state,running
159912.741573,2,tick,""
159912.741578,2,queue_length,1
159912.741583,2,queue_length,0
159912.741588,2,sched_state,running
159912.741595,2,tick,""
159912.741607,0,channel_blocked,184
159912.741609,2,yield,""
159912.741612,2,sched_state,running
159912.741618,2,tick,""
159912.741623,2,queue_length,1
159912.741626,2,queue_length,0
159912.741631,2,sched_state,running
159912.741638,2,tick,""
159912.741650,0,channel_blocked,184
159912.741653,2,yield,""
159912.741656,2,sched_state,running
159912.741663,2,tick,""
159912.741667,2,queue_length,1
159912.741670,2,queue_length,0
159912.741675,2,sched_state,running
159912.741682,2,tick,""
159912.741694,0,channel_blocked,184
159912.741697,2,yield,""
159912.741700,2,sched_state,running
159912.741706,2,tick,""
159912.741710,2,queue_length,1
159912.741713,2,queue_length,0
159912.741718,2,sched_state,running
159912.741724,2,tick,""
159912.741737,0,channel_blocked,184
159912.741740,2,yield,""
159912.741743,2,sched_state,running
159912.741750,2,tick,""
159912.741754,2,queue_length,1
159912.741757,2,queue_length,0
159912.741763,2,sched_state,running
159912.741770,2,tick,""
159912.741785,0,channel_blocked,184
159912.741788,2,yield,""
159912.741794,2,sched_state,running
159912.741800,2,tick,""
159912.741805,2,queue_length,1
159912.741810,2,queue_length,0
159912.741815,2,sched_state,running
159912.741822,2,tick,""
159912.741833,0,channel_blocked,184
159912.741835,2,yield,""
159912.741837,2,sched_state,running
159912.741841,2,tick,""
159912.741844,2,queue_length,1
159912.741846,2,queue_length,0
159912.741849,2,sched_state,running
159912.741856,2,tick,""
159912.741865,0,channel_blocked,184
159912.741866,2,yield,""
159912.741869,2,sched_state,running
159912.741873,2,tick,""
159912.741876,2,queue_length,1
159912.741878,2,queue_length,0
159912.741881,2,sched_state,running
159912.741885,2,tick,""
159912.741894,0,channel_blocked,184
159912.741895,2,yield,""
159912.741897,2,sched_state,running
159912.741901,2,tick,""
159912.741905,2,queue_length,1
159912.741906,2,queue_length,0
159912.741910,2,sched_state,running
159912.741914,2,tick,""
159912.741922,0,channel_blocked,184
159912.741924,2,yield,""
159912.741926,2,sched_state,running
159912.741930,2,tick,""
159912.741933,2,queue_length,1
159912.741935,2,queue_length,0
159912.741938,2,sched_state,running
159912.741942,2,tick,""
159912.741950,0,channel_blocked,184
159912.741952,2,yield,""
159912.741954,2,sched_state,running
159912.741957,2,tick,""
159912.741961,2,queue_length,1
159912.741964,2,queue_length,0
159912.741967,2,sched_state,running
159912.741971,2,tick,""
159912.741980,0,channel_blocked,184
159912.741981,2,yield,""
159912.741984,2,sched_state,running
159912.741988,2,tick,""
159912.741991,2,queue_length,1
159912.741993,2,queue_length,0
159912.741996,2,sched_state,running
159912.742000,2,tick,""
159912.742008,0,channel_blocked,184
159912.742010,2,yield,""
159912.742012,2,sched_state,running
159912.742016,2,tick,""
159912.742019,2,queue_length,1
159912.742022,2,queue_length,0
159912.742022,0,tick,""
159912.742025,2,sched_state,running
159912.742029,2,tick,""
159912.742037,0,channel_blocked,184
159912.742039,2,yield,""
159912.742041,2,sched_state,running
159912.742042,0,reduction,""
159912.742045,2,tick,""
159912.742045,0,sched_state,running
159912.742048,2,queue_length,1
159912.742050,2,queue_length,0
159912.742053,2,sched_state,running
159912.742057,2,tick,""
159912.742065,0,channel_blocked,184
159912.742067,2,yield,""
159912.742069,2,sched_state,running
159912.742073,2,tick,""
159912.742076,2,queue_length,1
159912.742078,2,queue_length,0
159912.742084,2,sched_state,running
159912.742088,2,tick,""
159912.742097,0,channel_blocked,184
159912.742099,2,yield,""
159912.742101,2,sched_state,running
159912.742105,2,tick,""
159912.742108,2,queue_length,1
159912.742111,2,queue_length,0
159912.742115,2,sched_state,running
159912.742119,2,tick,""
159912.742130,0,channel_blocked,184
159912.742131,2,yield,""
159912.742134,2,sched_state,running
159912.742138,2,tick,""
159912.742141,2,queue_length,1
159912.742143,2,queue_length,0
159912.742146,2,sched_state,running
159912.742151,2,tick,""
159912.742159,0,channel_blocked,184
159912.742160,2,yield,""
159912.742163,2,sched_state,running
159912.742166,2,tick,""
159912.742169,2,queue_length,1
159912.742171,2,queue_length,0
159912.742174,2,sched_state,running
159912.742178,2,tick,""
159912.742187,0,channel_blocked,184
159912.742188,2,yield,""
159912.742191,2,sched_state,running
159912.742195,2,tick,""
159912.742198,2,queue_length,1
159912.742200,2,queue_length,0
159912.742203,2,sched_state,running
159912.742207,2,tick,""
159912.742216,0,channel_blocked,184
159912.742217,2,yield,""
159912.742219,2,sched_state,running
159912.742223,2,tick,""
159912.742226,2,queue_length,1
159912.742228,2,queue_length,0
159912.742232,2,sched_state,running
159912.742236,2,tick,""
159912.742244,0,channel_blocked,184
159912.742246,2,yield,""
159912.742248,2,sched_state,running
159912.742252,2,tick,""
159912.742255,2,queue_length,1
159912.742258,2,queue_length,0
159912.742261,2,sched_state,running
159912.742265,2,tick,""
159912.742274,0,channel_blocked,184
159912.742275,2,yield,""
159912.742277,2,sched_state,running
159912.742281,2,tick,""
159912.742284,2,queue_length,1
159912.742286,2,queue_length,0
159912.742289,2,sched_state,running
159912.742293,2,tick,""
159912.742301,0,channel_blocked,184
159912.742303,2,yield,""
159912.742305,2,sched_state,running
159912.742309,2,tick,""
159912.742313,2,queue_length,1
159912.742314,2,queue_length,0
159912.742318,2,sched_state,running
159912.742322,2,tick,""
159912.742330,0,channel_blocked,184
159912.742332,2,yield,""
159912.742337,2,sched_state,running
159912.742341,2,tick,""
159912.742344,2,queue_length,1
159912.742346,2,queue_length,0
159912.742350,2,sched_state,running
159912.742354,2,tick,""
159912.742362,0,channel_blocked,184
159912.742364,2,yield,""
159912.742366,2,sched_state,running
159912.742370,2,tick,""
159912.742373,2,queue_length,1
159912.742375,2,queue_length,0
159912.742378,2,sched_state,running
159912.742383,2,tick,""
159912.742395,0,channel_blocked,184
159912.742396,2,yield,""
159912.742398,2,sched_state,running
159912.742402,2,tick,""
159912.742405,2,queue_length,1
159912.742408,2,queue_length,0
159912.742411,2,sched_state,running
159912.742416,2,tick,""
159912.742424,0,channel_blocked,184
159912.742426,2,yield,""
159912.742428,2,sched_state,running
159912.742432,2,tick,""
159912.742437,2,queue_length,1
159912.742440,2,queue_length,0
159912.742443,2,sched_state,running
159912.742448,2,tick,""
159912.742458,0,channel_blocked,184
159912.742459,2,yield,""
159912.742461,2,sched_state,running
159912.742466,2,tick,""
159912.742469,2,queue_length,1
159912.742471,2,queue_length,0
159912.742474,2,sched_state,running
159912.742478,2,tick,""
159912.742487,0,channel_blocked,184
159912.742488,2,yield,""
159912.742490,2,sched_state,running
159912.742494,2,tick,""
159912.742497,2,queue_length,1
159912.742499,2,queue_length,0
159912.742502,2,sched_state,running
159912.742507,2,tick,""
159912.742515,0,channel_blocked,184
159912.742516,2,yield,""
159912.742518,2,sched_state,running
159912.742522,2,tick,""
159912.742525,2,queue_length,1
159912.742527,2,queue_length,0
159912.742530,2,sched_state,running
159912.742534,2,tick,""
159912.742543,0,channel_blocked,184
159912.742545,2,yield,""
159912.742547,2,sched_state,running
159912.742551,2,tick,""
159912.742554,2,queue_length,1
159912.742557,2,queue_length,0
159912.742561,2,sched_state,running
159912.742565,2,tick,""
159912.742575,0,channel_blocked,184
159912.742578,2,yield,""
159912.742581,2,sched_state,running
159912.742585,2,tick,""
159912.742588,2,queue_length,1
159912.742590,2,queue_length,0
159912.742593,2,sched_state,running
159912.742598,2,tick,""
159912.742606,0,channel_blocked,184
159912.742608,2,yield,""
159912.742610,2,sched_state,running
159912.742614,2,tick,""
159912.742617,2,queue_length,1
159912.742619,2,queue_length,0
159912.742622,2,sched_state,running
159912.742626,2,tick,""
159912.742634,0,channel_blocked,184
159912.742636,2,yield,""
159912.742638,2,sched_state,running
159912.742642,2,tick,""
159912.742645,2,queue_length,1
159912.742646,2,queue_length,0
159912.742650,2,sched_state,running
159912.742654,2,tick,""
159912.742663,0,channel_blocked,184
159912.742664,2,yield,""
159912.742667,2,sched_state,running
159912.742671,2,tick,""
159912.742674,2,queue_length,1
159912.742676,2,queue_length,0
159912.742679,2,sched_state,running
159912.742684,2,tick,""
159912.742692,0,channel_blocked,184
159912.742694,0,tick,""
159912.742695,2,yield,""
159912.742697,2,sched_state,running
159912.742699,0,reduction,""
159912.742701,0,sched_state,running
159912.742703,2,tick,""
159912.742707,2,queue_length,1
159912.742711,2,queue_length,0
159912.742719,2,sched_state,running
159912.742726,2,tick,""
159912.742741,0,channel_blocked,184
159912.742743,2,yield,""
159912.742747,2,sched_state,running
159912.742753,2,tick,""
159912.742757,2,queue_length,1
159912.742760,2,queue_length,0
159912.742765,2,sched_state,running
159912.742773,2,tick,""
159912.742786,0,channel_blocked,184
159912.742789,2,yield,""
159912.742793,2,sched_state,running
159912.742800,2,tick,""
159912.742804,2,queue_length,1
159912.742807,2,queue_length,0
159912.742812,2,sched_state,running
159912.742820,2,tick,""
159912.742834,0,channel_blocked,184
159912.742837,2,yield,""
159912.742842,2,sched_state,running
159912.742849,2,tick,""
159912.742854,2,queue_length,1
159912.742857,2,queue_length,0
159912.742861,2,sched_state,running
159912.742868,2,tick,""
159912.742881,0,channel_blocked,184
159912.742883,2,yield,""
159912.742887,2,sched_state,running
159912.742894,2,tick,""
159912.742899,2,queue_length,1
159912.742901,2,queue_length,0
159912.742906,2,sched_state,running
159912.742914,2,tick,""
159912.742926,0,channel_blocked,184
159912.742929,2,yield,""
159912.742932,2,sched_state,running
159912.742939,2,tick,""
159912.742944,2,queue_length,1
159912.742948,2,queue_length,0
159912.742953,2,sched_state,running
159912.742960,2,tick,""
159912.742972,0,channel_blocked,184
159912.742974,2,yield,""
159912.742978,2,sched_state,running
159912.742984,2,tick,""
159912.742989,2,queue_length,1
159912.742992,2,queue_length,0
159912.742996,2,sched_state,running
159912.743003,2,tick,""
159912.743020,0,channel_blocked,184
159912.743022,2,yield,""
159912.743019,4,sched_state,waiting
159912.743026,2,sched_state,running
159912.743030,4,tick,""
159912.743034,2,tick,""
159912.743041,4,sched_state,waiting
159912.743045,2,queue_length,1
159912.743046,4,tick,""
159912.743049,2,queue_length,0
159912.743055,2,sched_state,running
159912.743063,2,tick,""
159912.743071,4,sched_state,waiting
159912.743074,4,tick,""
159912.743078,0,channel_blocked,184
159912.743080,2,yield,""
159912.743084,2,sched_state,running
159912.743091,2,tick,""
159912.743096,2,queue_length,1
159912.743099,2,queue_length,0
159912.743104,2,sched_state,running
159912.743111,2,tick,""
159912.743123,0,channel_blocked,184
159912.743127,2,yield,""
159912.743131,2,sched_state,running
159912.743138,2,tick,""
159912.743144,2,queue_length,1
159912.743147,2,queue_length,0
159912.743153,2,sched_state,running
159912.743161,2,tick,""
159912.743173,0,channel_blocked,184
159912.743176,2,yield,""
159912.743179,2,sched_state,running
159912.743187,2,tick,""
159912.743191,2,queue_length,1
159912.743196,2,queue_length,0
159912.743201,2,sched_state,running
159912.743208,2,tick,""
159912.743225,0,channel_blocked,184
159912.743228,2,yield,""
159912.743233,2,sched_state,running
159912.743241,2,tick,""
159912.743247,2,queue_length,1
159912.743250,2,queue_length,0
159912.743257,2,sched_state,running
159912.743265,2,tick,""
159912.743278,0,channel_blocked,184
159912.743281,2,yield,""
159912.743284,2,sched_state,running
159912.743291,2,tick,""
159912.743296,2,queue_length,1
159912.743299,2,queue_length,0
159912.743303,2,sched_state,running
159912.743311,2,tick,""
159912.743325,0,channel_blocked,184
159912.743327,2,yield,""
159912.743331,2,sched_state,running
159912.743339,2,tick,""
159912.743348,2,queue_length,1
159912.743349,0,tick,""
159912.743351,2,queue_length,0
159912.743357,2,sched_state,running
159912.743364,2,tick,""
159912.743377,0,channel_blocked,184
159912.743380,2,yield,""
159912.743383,2,sched_state,running
159912.743390,2,tick,""
159912.743395,2,queue_length,1
159912.743397,2,queue_length,0
159912.743402,2,sched_state,running
159912.743410,2,tick,""
159912.743426,0,channel_blocked,184
159912.743429,2,yield,""
159912.743432,2,sched_state,running
159912.743445,2,tick,""
159912.743450,2,queue_length,1
159912.743455,2,queue_length,0
159912.743460,2,sched_state,running
159912.743467,2,tick,""
159912.743480,0,channel_blocked,184
159912.743482,2,yield,""
159912.743486,2,sched_state,running
159912.743493,2,tick,""
159912.743498,2,queue_length,1
159912.743501,2,queue_length,0
159912.743507,2,sched_state,running
159912.743515,2,tick,""
159912.743530,0,channel_blocked,184
159912.743532,2,yield,""
159912.743535,2,sched_state,running
159912.743540,2,tick,""
159912.743543,2,queue_length,1
159912.743545,2,queue_length,0
159912.743548,2,sched_state,running
159912.743553,2,tick,""
159912.743561,0,channel_blocked,184
159912.743563,2,yield,""
159912.743565,2,sched_state,running
159912.743569,2,tick,""
159912.743572,2,queue_length,1
159912.743574,2,queue_length,0
159912.743577,2,sched_state,running
159912.743582,2,tick,""
159912.743590,0,channel_blocked,184
159912.743592,2,yield,""
159912.743595,2,sched_state,running
159912.743600,2,tick,""
159912.743603,2,queue_length,1
159912.743605,2,queue_length,0
159912.743610,2,sched_state,running
159912.743614,2,tick,""
159912.743623,0,channel_blocked,184
159912.743625,2,yield,""
159912.743628,2,sched_state,running
159912.743632,2,tick,""
159912.743635,2,queue_length,1
159912.743638,2,queue_length,0
159912.743641,2,sched_state,running
159912.743646,2,tick,""
159912.743654,0,channel_blocked,184
159912.743656,2,yield,""
159912.743658,2,sched_state,running
159912.743662,2,tick,""
159912.743665,2,queue_length,1
159912.743667,2,queue_length,0
159912.743670,2,sched_state,running
159912.743675,2,tick,""
159912.743684,0,channel_blocked,184
159912.743686,2,yield,""
159912.743688,2,sched_state,running
159912.743693,2,tick,""
159912.743696,2,queue_length,1
159912.743701,2,queue_length,0
159912.743705,2,sched_state,running
159912.743710,2,tick,""
159912.743719,0,channel_blocked,184
159912.743721,2,yield,""
159912.743723,2,sched_state,running
159912.743727,2,tick,""
159912.743730,2,queue_length,1
159912.743732,2,queue_length,0
159912.743735,2,sched_state,running
159912.743740,2,tick,""
159912.743748,0,channel_blocked,184
159912.743750,2,yield,""
159912.743752,2,sched_state,running
159912.743758,2,tick,""
159912.743764,2,queue_length,1
159912.743766,2,queue_length,0
159912.743770,2,sched_state,running
159912.743775,2,tick,""
159912.743784,0,channel_blocked,184
159912.743786,2,yield,""
159912.743789,2,sched_state,running
159912.743794,2,tick,""
159912.743797,2,queue_length,1
159912.743800,2,queue_length,0
159912.743804,2,sched_state,running
159912.743808,2,tick,""
159912.743816,0,channel_blocked,184
159912.743818,2,yield,""
159912.743820,2,sched_state,running
159912.743824,2,tick,""
159912.743827,2,queue_length,1
159912.743829,2,queue_length,0
159912.743832,2,sched_state,running
159912.743837,2,tick,""
159912.743846,0,channel_blocked,184
159912.743848,2,yield,""
159912.743850,2,sched_state,running
159912.743855,2,tick,""
159912.743858,2,queue_length,1
159912.743861,2,queue_length,0
159912.743864,2,sched_state,running
159912.743869,2,tick,""
159912.743878,0,channel_blocked,184
159912.743880,2,yield,""
159912.743883,2,sched_state,running
159912.743887,2,tick,""
159912.743891,2,queue_length,1
159912.743893,2,queue_length,0
159912.743897,2,sched_state,running
159912.743902,2,tick,""
159912.743910,0,channel_blocked,184
159912.743912,2,yield,""
159912.743915,2,sched_state,running
159912.743920,2,tick,""
159912.743923,2,queue_length,1
159912.743925,2,queue_length,0
159912.743929,2,sched_state,running
159912.743934,2,tick,""
159912.743943,0,channel_blocked,184
159912.743945,2,yield,""
159912.743947,2,sched_state,running
159912.743951,2,tick,""
159912.743954,2,queue_length,1
159912.743957,2,queue_length,0
159912.743961,2,sched_state,running
159912.743965,2,tick,""
159912.743973,0,channel_blocked,184
159912.743975,2,yield,""
159912.743977,2,sched_state,running
159912.743981,2,tick,""
159912.743985,2,queue_length,1
159912.743988,2,queue_length,0
159912.743992,2,sched_state,running
159912.743996,2,tick,""
159912.744005,0,channel_blocked,184
159912.744007,2,yield,""
159912.744010,2,sched_state,running
159912.744014,2,tick,""
159912.744018,2,queue_length,1
159912.744020,2,queue_length,0
159912.744026,2,sched_state,running
159912.744030,2,tick,""
159912.744039,0,channel_blocked,184
159912.744040,2,yield,""
159912.744043,2,sched_state,running
159912.744047,2,tick,""
159912.744050,2,queue_length,1
159912.744052,2,queue_length,0
159912.744055,2,sched_state,running
159912.744060,2,tick,""
159912.744068,0,channel_blocked,184
159912.744070,2,yield,""
159912.744073,2,sched_state,running
159912.744077,2,tick,""
159912.744081,2,queue_length,1
159912.744083,2,queue_length,0
159912.744088,2,sched_state,running
159912.744092,2,tick,""
159912.744115,0,channel_blocked,184
159912.744118,2,yield,""
159912.744121,2,sched_state,running
159912.744127,2,tick,""
159912.744131,2,queue_length,1
159912.744134,2,queue_length,0
159912.744138,2,sched_state,running
159912.744144,2,tick,""
159912.744154,0,channel_blocked,184
159912.744155,2,yield,""
159912.744157,2,sched_state,running
159912.744162,2,tick,""
159912.744165,2,queue_length,1
159912.744167,2,queue_length,0
159912.744170,2,sched_state,running
159912.744175,2,tick,""
159912.744184,0,channel_blocked,184
159912.744186,2,yield,""
159912.744188,2,sched_state,running
159912.744192,2,tick,""
159912.744195,2,queue_length,1
159912.744197,2,queue_length,0
159912.744200,2,sched_state,running
159912.744205,2,tick,""
159912.744213,0,channel_blocked,184
159912.744215,2,yield,""
159912.744217,2,sched_state,running
159912.744221,2,tick,""
159912.744224,2,queue_length,1
159912.744226,2,queue_length,0
159912.744229,2,sched_state,running
159912.744234,2,tick,""
159912.744242,0,channel_blocked,184
159912.744244,2,yield,""
159912.744246,2,sched_state,running
159912.744250,2,tick,""
159912.744253,2,queue_length,1
159912.744255,2,queue_length,0
159912.744258,2,sched_state,running
159912.744263,2,tick,""
159912.744271,0,channel_blocked,184
159912.744273,2,yield,""
159912.744275,2,sched_state,running
159912.744279,2,tick,""
159912.744282,2,queue_length,1
159912.744285,2,queue_length,0
159912.744289,2,sched_state,running
159912.744293,2,tick,""
159912.744303,0,channel_blocked,184
159912.744305,2,yield,""
159912.744307,2,sched_state,running
159912.744311,2,tick,""
159912.744314,2,queue_length,1
159912.744316,2,queue_length,0
159912.744321,2,sched_state,running
159912.744326,2,tick,""
159912.744335,0,channel_blocked,184
159912.744340,2,yield,""
159912.744343,2,sched_state,running
159912.744348,2,tick,""
159912.744352,2,queue_length,1
159912.744354,2,queue_length,0
159912.744358,2,sched_state,running
159912.744363,2,tick,""
159912.744372,0,channel_blocked,184
159912.744373,2,yield,""
159912.744376,2,sched_state,running
159912.744380,2,tick,""
159912.744383,2,queue_length,1
159912.744385,2,queue_length,0
159912.744388,2,sched_state,running
159912.744393,2,tick,""
159912.744401,0,channel_blocked,184
159912.744403,2,yield,""
159912.744406,2,sched_state,running
159912.744411,2,tick,""
159912.744415,2,queue_length,1
159912.744417,2,queue_length,0
159912.744421,2,sched_state,running
159912.744426,2,tick,""
159912.744435,0,channel_blocked,184
159912.744437,2,yield,""
159912.744440,2,sched_state,running
159912.744444,2,tick,""
159912.744450,2,queue_length,1
159912.744453,2,queue_length,0
159912.744456,2,sched_state,running
159912.744461,2,tick,""
159912.744470,0,channel_blocked,184
159912.744472,2,yield,""
159912.744474,2,sched_state,running
159912.744479,2,tick,""
159912.744482,2,queue_length,1
159912.744484,2,queue_length,0
159912.744487,2,sched_state,running
159912.744493,2,tick,""
159912.744502,0,channel_blocked,184
159912.744504,2,yield,""
159912.744507,2,sched_state,running
159912.744512,2,tick,""
159912.744516,2,queue_length,1
159912.744518,2,queue_length,0
159912.744522,2,sched_state,running
159912.744527,2,tick,""
159912.744537,0,channel_blocked,184
159912.744539,2,yield,""
159912.744541,2,sched_state,running
159912.744546,2,tick,""
159912.744549,2,queue_length,1
159912.744551,2,queue_length,0
159912.744554,2,sched_state,running
159912.744559,2,tick,""
159912.744567,0,channel_blocked,184
159912.744568,2,yield,""
159912.744571,2,sched_state,running
159912.744575,2,tick,""
159912.744579,2,queue_length,1
159912.744581,2,queue_length,0
159912.744586,2,sched_state,running
159912.744591,2,tick,""
159912.744600,0,channel_blocked,184
159912.744602,2,yield,""
159912.744604,2,sched_state,running
159912.744609,2,tick,""
159912.744613,2,queue_length,1
159912.744616,2,queue_length,0
159912.744619,2,sched_state,running
159912.744624,2,tick,""
159912.744632,0,channel_blocked,184
159912.744634,2,yield,""
159912.744636,2,sched_state,running
159912.744641,2,tick,""
159912.744644,2,queue_length,1
159912.744646,2,queue_length,0
159912.744649,2,sched_state,running
159912.744653,2,tick,""
159912.744662,0,channel_blocked,184
159912.744665,2,yield,""
159912.744667,2,sched_state,running
159912.744672,2,tick,""
159912.744676,2,queue_length,1
159912.744678,2,queue_length,0
159912.744682,2,sched_state,running
159912.744687,2,tick,""
159912.744696,0,channel_blocked,184
159912.744698,2,yield,""
159912.744700,2,sched_state,running
159912.744705,2,tick,""
159912.744708,2,queue_length,1
159912.744710,2,queue_length,0
159912.744713,2,sched_state,running
159912.744718,2,tick,""
159912.744726,0,channel_blocked,184
159912.744727,2,yield,""
159912.744730,2,sched_state,running
159912.744734,2,tick,""
159912.744737,2,queue_length,1
159912.744739,2,queue_length,0
159912.744742,2,sched_state,running
159912.744747,2,tick,""
159912.744756,0,channel_blocked,184
159912.744758,2,yield,""
159912.744760,2,sched_state,running
159912.744765,2,tick,""
159912.744769,2,queue_length,1
159912.744772,2,queue_length,0
159912.744777,2,sched_state,running
159912.744782,2,tick,""
159912.744801,0,channel_blocked,184
159912.744803,2,yield,""
159912.744807,2,sched_state,running
159912.744812,2,tick,""
159912.744816,2,queue_length,1
159912.744818,2,queue_length,0
159912.744822,2,sched_state,running
159912.744827,2,tick,""
159912.744837,0,channel_blocked,184
159912.744839,2,yield,""
159912.744842,2,sched_state,running
159912.744846,2,tick,""
159912.744850,2,queue_length,1
159912.744852,2,queue_length,0
159912.744858,2,sched_state,running
159912.744865,2,tick,""
159912.744877,0,channel_blocked,184
159912.744878,2,yield,""
159912.744881,2,sched_state,running
159912.744885,2,tick,""
159912.744889,2,queue_length,1
159912.744892,2,queue_length,0
159912.744896,2,sched_state,running
159912.744901,2,tick,""
159912.744911,0,channel_blocked,184
159912.744912,2,yield,""
159912.744914,2,sched_state,running
159912.744919,2,tick,""
159912.744922,2,queue_length,1
159912.744924,2,queue_length,0
159912.744927,2,sched_state,running
159912.744933,2,tick,""
159912.744945,0,channel_blocked,184
159912.744947,2,yield,""
159912.744949,2,sched_state,running
159912.744954,2,tick,""
159912.744957,2,queue_length,1
159912.744960,2,queue_length,0
159912.744963,2,sched_state,running
159912.744968,2,tick,""
159912.744976,0,channel_blocked,184
159912.744978,2,yield,""
159912.744980,2,sched_state,running
159912.744984,2,tick,""
159912.744987,2,queue_length,1
159912.744989,2,queue_length,0
159912.744992,2,sched_state,running
159912.744997,2,tick,""
159912.745005,0,channel_blocked,184
159912.745007,2,yield,""
159912.745009,2,sched_state,running
159912.745016,2,tick,""
159912.745021,2,queue_length,1
159912.745024,2,queue_length,0
159912.745026,6,sched_state,waiting
159912.745029,2,sched_state,running
159912.745032,6,tick,""
159912.745037,6,sched_state,waiting
159912.745038,2,tick,""
159912.745041,6,tick,""
159912.745042,1,sched_state,waiting
159912.745044,6,sched_state,waiting
159912.745048,6,tick,""
159912.745053,1,tick,""
159912.745054,0,channel_blocked,184
159912.745058,2,yield,""
159912.745063,2,sched_state,running
159912.745077,6,sched_state,waiting
159912.745079,2,tick,""
159912.745084,6,tick,""
159912.745087,2,queue_length,1
159912.745090,2,queue_length,0
159912.745096,2,sched_state,running
159912.745105,2,tick,""
159912.745119,0,channel_blocked,184
159912.745122,2,yield,""
159912.745125,2,sched_state,running
159912.745133,2,tick,""
159912.745137,2,queue_length,1
159912.745140,2,queue_length,0
159912.745145,2,sched_state,running
159912.745154,2,tick,""
159912.745169,0,channel_blocked,184
159912.745171,2,yield,""
159912.745175,2,sched_state,running
159912.745183,2,tick,""
159912.745188,2,queue_length,1
159912.745193,2,queue_length,0
159912.745198,2,sched_state,running
159912.745206,2,tick,""
159912.745219,0,channel_blocked,184
159912.745221,2,yield,""
159912.745224,2,sched_state,running
159912.745232,2,tick,""
159912.745236,2,queue_length,1
159912.745239,2,queue_length,0
159912.745245,2,sched_state,running
159912.745254,2,tick,""
159912.745271,0,channel_blocked,184
159912.745274,2,yield,""
159912.745279,2,sched_state,running
159912.745287,2,tick,""
159912.745292,2,queue_length,1
159912.745294,2,queue_length,0
159912.745299,2,sched_state,running
159912.745308,2,tick,""
159912.745320,0,channel_blocked,184
159912.745322,2,yield,""
159912.745325,2,sched_state,running
159912.745333,2,tick,""
159912.745337,2,queue_length,1
159912.745341,2,queue_length,0
159912.745347,2,sched_state,running
159912.745356,2,tick,""
159912.745370,0,channel_blocked,184
159912.745372,2,yield,""
159912.745376,2,sched_state,running
159912.745383,2,tick,""
159912.745388,2,queue_length,1
159912.745391,2,queue_length,0
159912.745396,2,sched_state,running
159912.745404,2,tick,""
159912.745416,0,channel_blocked,184
159912.745419,2,yield,""
159912.745422,2,sched_state,running
159912.745429,2,tick,""
159912.745434,2,queue_length,1
159912.745440,2,queue_length,0
159912.745446,2,sched_state,running
159912.745455,2,tick,""
159912.745469,0,channel_blocked,184
159912.745471,2,yield,""
159912.745474,2,sched_state,running
159912.745482,2,tick,""
159912.745486,2,queue_length,1
159912.745489,2,queue_length,0
159912.745494,2,sched_state,running
159912.745502,2,tick,""
159912.745514,0,channel_blocked,184
159912.745517,2,yield,""
159912.745520,2,sched_state,running
159912.745527,2,tick,""
159912.745532,2,queue_length,1
159912.745536,2,queue_length,0
159912.745541,2,sched_state,running
159912.745550,2,tick,""
159912.745564,0,channel_blocked,184
159912.745566,2,yield,""
159912.745569,2,sched_state,running
159912.745577,2,tick,""
159912.745582,2,queue_length,1
159912.745584,2,queue_length,0
159912.745589,2,sched_state,running
159912.745597,2,tick,""
159912.745607,0,channel_blocked,184
159912.745609,2,yield,""
159912.745611,2,sched_state,running
159912.745616,2,tick,""
159912.745619,2,queue_length,1
159912.745621,2,queue_length,0
159912.745624,2,sched_state,running
