timestamp,lpu,event,value
159907.919182,7,sched_state,startup
159907.919182,3,sched_state,startup
159907.919185,1,sched_state,startup
159907.919182,5,sched_state,startup
159907.919187,6,sched_state,startup
159907.919197,2,sched_state,startup
159907.919212,4,sched_state,startup
159907.920688,4,tick,""
159907.920719,4,queue_length,0
159907.920729,4,sched_state,waiting
159907.920764,4,tick,""
159907.920947,3,tick,""
159907.920983,3,queue_length,0
159907.920992,3,sched_state,waiting
159907.921201,3,tick,""
159907.921237,3,sched_state,waiting
159907.921246,4,sched_state,waiting
159907.921248,3,tick,""
159907.921257,4,tick,""
159907.921266,7,tick,""
159907.921270,0,sched_state,startup
159907.921271,6,tick,""
159907.921271,2,tick,""
159907.921275,7,queue_length,0
159907.921281,7,sched_state,waiting
159907.921282,6,queue_length,0
159907.921282,2,queue_length,0
159907.921290,2,sched_state,waiting
159907.921290,6,sched_state,waiting
159907.921293,5,tick,""
159907.921295,7,tick,""
159907.921304,5,queue_length,0
159907.921310,5,sched_state,waiting
159907.921316,2,tick,""
159907.921316,6,tick,""
159907.921331,7,sched_state,waiting
159907.921332,5,tick,""
159907.921342,7,tick,""
159907.921353,6,sched_state,waiting
159907.921356,2,sched_state,waiting
159907.921365,5,sched_state,waiting
159907.921366,6,tick,""
159907.921367,2,tick,""
159907.921371,6,sched_state,waiting
159907.921375,5,tick,""
159907.921377,6,tick,""
159907.921381,6,sched_state,waiting
159907.921385,6,tick,""
159907.922678,1,tick,""
159907.924572,0,tick,""
159907.924688,1,queue_length,0
159907.924698,1,sched_state,waiting
159907.924839,1,tick,""
159907.924883,1,sched_state,waiting
159907.924893,1,tick,""
159907.925301,0,queue_length,1
159907.925306,0,queue_length,0
159907.927054,0,sched_state,running
159907.927632,0,tick,""
159907.927642,0,reduction,""
159907.927644,0,sched_state,running
159907.928118,0,tick,""
159907.928123,0,reduction,""
159907.928126,0,sched_state,running
159907.928874,0,tick,""
159907.928879,0,reduction,""
159907.928881,0,sched_state,running
159907.929471,0,tick,""
159907.930680,0,reduction,""
159907.930684,0,sched_state,running
159907.931306,0,tick,""
159907.931314,0,reduction,""
159907.931316,0,sched_state,running
159907.931930,0,tick,""
159907.932026,0,reduction,""
159907.932039,0,sched_state,running
159907.932783,0,tick,""
159907.932787,0,reduction,""
159907.932789,0,sched_state,running
159907.933324,0,tick,""
159907.933329,0,spawn,""
159907.933331,0,reduction,""
159907.933332,0,sched_state,running
159907.933637,0,tick,""
159907.933640,0,reduction,""
159907.933642,0,sched_state,running
159907.933642,0,queue_length,1
159907.934117,0,tick,""
159907.934122,0,reduction,""
159907.934124,0,sched_state,running
159907.934454,0,tick,""
159907.934458,0,reduction,""
159907.934459,0,sched_state,running
159907.934759,0,tick,""
159907.934764,0,reduction,""
159907.934766,0,sched_state,running
159907.935237,0,tick,""
159907.935241,0,reduction,""
159907.935242,0,sched_state,running
159907.935539,0,tick,""
159907.935542,0,reduction,""
159907.935544,0,sched_state,running
159907.935839,0,tick,""
159907.935851,0,reduction,""
159907.935853,0,sched_state,running
159907.936329,0,tick,""
159907.936334,0,reduction,""
159907.936336,0,sched_state,running
159907.936629,0,tick,""
159907.936633,0,reduction,""
159907.936635,0,sched_state,running
159907.936927,0,tick,""
159907.936939,0,reduction,""
159907.936941,0,sched_state,running
159907.937026,3,sched_state,waiting
159907.937036,3,tick,""
159907.937041,3,sched_state,waiting
159907.937046,3,tick,""
159907.937048,3,sched_state,waiting
159907.937048,4,sched_state,waiting
159907.937051,3,tick,""
159907.937059,4,tick,""
159907.937079,3,sched_state,waiting
159907.937083,4,sched_state,waiting
159907.937084,3,tick,""
159907.937088,4,tick,""
159907.937089,3,sched_state,waiting
159907.937092,3,tick,""
159907.937381,0,tick,""
159907.937385,7,sched_state,waiting
159907.937388,0,reduction,""
159907.937391,0,sched_state,running
159907.937394,7,tick,""
159907.937397,7,sched_state,waiting
159907.937402,7,tick,""
159907.937426,7,sched_state,waiting
159907.937430,7,tick,""
159907.937434,7,sched_state,waiting
159907.937438,7,tick,""
159907.938056,1,sched_state,waiting
159907.938064,1,tick,""
159907.938106,1,sched_state,waiting
159907.938112,1,tick,""
159907.938241,0,tick,""
159907.938248,0,reduction,""
159907.938250,0,sched_state,running
159907.939061,0,tick,""
159907.939073,0,queue_length,0
159907.942659,0,queue_length,0
159907.944992,0,sched_state,running
159907.946287,0,tick,""
159907.946307,0,reduction,""
159907.946311,0,sched_state,running
159907.947117,0,tick,""
159907.947128,0,reduction,""
159907.947131,0,sched_state,running
159907.947698,0,tick,""
159907.947845,0,reduction,""
159907.947848,0,sched_state,running
159907.948011,7,sched_state,running
159907.948019,7,tick,""
159907.948023,7,reduction,""
159907.948025,7,sched_state,running
159907.948025,3,sched_state,waiting
159907.948025,6,sched_state,waiting
159907.948025,2,sched_state,waiting
159907.948029,7,tick,""
159907.948033,7,reduction,""
159907.948033,3,tick,""
159907.948035,7,sched_state,running
159907.948035,6,tick,""
159907.948038,7,tick,""
159907.948039,6,sched_state,waiting
159907.948039,2,tick,""
159907.948042,7,reduction,""
159907.948042,6,tick,""
159907.948044,7,sched_state,running
159907.948048,7,tick,""
159907.948051,4,sched_state,waiting
159907.948059,4,tick,""
159907.948062,4,sched_state,waiting
159907.948065,4,tick,""
159907.948086,6,sched_state,waiting
159907.948086,2,sched_state,waiting
159907.948086,0,channel_blocked,184
159907.948090,7,yield,""
159907.948093,2,tick,""
159907.948092,6,tick,""
159907.948095,7,sched_state,running
159907.948105,7,tick,""
159907.948133,7,queue_length,1
159907.948137,7,queue_length,0
159907.948143,7,sched_state,running
159907.948148,7,tick,""
159907.948155,4,sched_state,waiting
159907.948160,4,tick,""
159907.948163,4,sched_state,waiting
159907.948165,4,tick,""
159907.948172,0,channel_blocked,184
159907.948174,7,yield,""
159907.948178,7,sched_state,running
159907.948186,7,tick,""
159907.948191,7,queue_length,1
159907.948194,7,queue_length,0
159907.948202,7,sched_state,running
159907.948206,7,tick,""
159907.948223,0,channel_blocked,184
159907.948225,7,yield,""
159907.948228,7,sched_state,running
159907.948235,7,tick,""
159907.948240,7,queue_length,1
159907.948242,7,queue_length,0
159907.948247,7,sched_state,running
159907.948252,7,tick,""
159907.948270,0,channel_blocked,184
159907.948272,7,yield,""
159907.948276,7,sched_state,running
159907.948282,7,tick,""
159907.948289,7,queue_length,1
159907.948291,7,queue_length,0
159907.948296,7,sched_state,running
159907.948300,7,tick,""
159907.948315,0,channel_blocked,184
159907.948318,7,yield,""
159907.948321,7,sched_state,running
159907.948326,7,tick,""
159907.948331,7,queue_length,1
159907.948334,7,queue_length,0
159907.948340,7,sched_state,running
159907.948344,7,tick,""
159907.948359,0,channel_blocked,184
159907.948361,7,yield,""
159907.948365,7,sched_state,running
159907.948370,7,tick,""
159907.948374,7,queue_length,1
159907.948377,7,queue_length,0
159907.948382,7,sched_state,running
159907.948385,7,tick,""
159907.948400,0,channel_blocked,184
159907.948403,7,yield,""
159907.948406,7,sched_state,running
159907.948411,7,tick,""
159907.948418,7,queue_length,1
159907.948420,7,queue_length,0
159907.948425,7,sched_state,running
159907.948429,7,tick,""
159907.948447,0,channel_blocked,184
159907.948449,7,yield,""
159907.948453,7,sched_state,running
159907.948458,7,tick,""
159907.948463,7,queue_length,1
159907.948466,7,queue_length,0
159907.948472,7,sched_state,running
159907.948476,7,tick,""
159907.948496,0,channel_blocked,184
159907.948498,7,yield,""
159907.948502,7,sched_state,running
159907.948507,7,tick,""
159907.948508,0,tick,""
159907.948513,7,queue_length,1
159907.948516,7,queue_length,0
159907.948515,5,sched_state,waiting
159907.948520,7,sched_state,running
159907.948524,7,tick,""
159907.948525,5,tick,""
159907.948528,0,reduction,""
159907.948530,0,sched_state,running
159907.948540,0,channel_blocked,184
159907.948542,7,yield,""
159907.948545,7,sched_state,running
159907.948549,5,sched_state,waiting
159907.948550,7,tick,""
159907.948556,7,queue_length,1
159907.948556,5,tick,""
159907.948559,7,queue_length,0
159907.948565,7,sched_state,running
159907.948570,7,tick,""
159907.948586,0,channel_blocked,184
159907.948588,7,yield,""
159907.948591,7,sched_state,running
159907.948596,7,tick,""
159907.948601,7,queue_length,1
159907.948604,7,queue_length,0
159907.948608,7,sched_state,running
159907.948612,7,tick,""
159907.948627,0,channel_blocked,184
159907.948629,7,yield,""
159907.948633,7,sched_state,running
159907.948638,7,tick,""
159907.948643,7,queue_length,1
159907.948648,7,queue_length,0
159907.948654,7,sched_state,running
159907.948658,7,tick,""
159907.948674,0,channel_blocked,184
159907.948676,7,yield,""
159907.948679,7,sched_state,running
159907.948684,7,tick,""
159907.948689,7,queue_length,1
159907.948692,7,queue_length,0
159907.948697,7,sched_state,running
159907.948700,7,tick,""
159907.948717,0,channel_blocked,184
159907.948719,7,yield,""
159907.948723,7,sched_state,running
159907.948727,7,tick,""
159907.948732,7,queue_length,1
159907.948735,7,queue_length,0
159907.948740,7,sched_state,running
159907.948745,7,tick,""
159907.948763,0,channel_blocked,184
159907.948765,7,yield,""
159907.948768,7,sched_state,running
159907.948776,7,tick,""
159907.948781,7,queue_length,1
159907.948784,7,queue_length,0
159907.948789,7,sched_state,running
159907.948793,7,tick,""
159907.948811,0,channel_blocked,184
159907.948814,7,yield,""
159907.948817,7,sched_state,running
159907.948822,7,tick,""
159907.948826,7,queue_length,1
159907.948829,7,queue_length,0
159907.948834,7,sched_state,running
159907.948837,7,tick,""
159907.948849,0,channel_blocked,184
159907.948851,7,yield,""
159907.948854,7,sched_state,running
159907.948858,7,tick,""
159907.948863,7,queue_length,1
159907.948868,7,queue_length,0
159907.948875,7,sched_state,running
159907.948880,7,tick,""
159907.948892,0,channel_blocked,184
159907.948895,7,yield,""
159907.948898,7,sched_state,running
159907.948904,7,tick,""
159907.948909,7,queue_length,1
159907.948912,7,queue_length,0
159907.948917,7,sched_state,running
159907.948921,7,tick,""
159907.948934,0,channel_blocked,184
159907.948936,7,yield,""
159907.948939,7,sched_state,running
159907.948943,7,tick,""
159907.948948,7,queue_length,1
159907.948950,7,queue_length,0
159907.948955,7,sched_state,running
159907.948959,7,tick,""
159907.948973,0,channel_blocked,184
159907.948976,7,yield,""
159907.948979,7,sched_state,running
159907.948983,7,tick,""
159907.948987,7,queue_length,1
159907.948990,7,queue_length,0
159907.948995,7,sched_state,running
159907.948999,7,tick,""
159907.949011,0,channel_blocked,184
159907.949013,7,yield,""
159907.949016,7,sched_state,running
159907.949020,7,tick,""
159907.949024,7,queue_length,1
159907.949027,7,queue_length,0
159907.949031,7,sched_state,running
159907.949035,7,tick,""
159907.949048,0,channel_blocked,184
159907.949050,7,yield,""
159907.949052,7,sched_state,running
159907.949055,7,tick,""
159907.949058,7,queue_length,1
159907.949061,7,queue_length,0
159907.949064,7,sched_state,running
159907.949067,7,tick,""
159907.949075,0,channel_blocked,184
159907.949076,7,yield,""
159907.949078,7,sched_state,running
159907.949081,7,tick,""
159907.949084,7,queue_length,1
159907.949085,7,queue_length,0
159907.949088,7,sched_state,running
159907.949093,7,tick,""
159907.949101,0,channel_blocked,184
159907.949103,7,yield,""
159907.949105,7,sched_state,running
159907.949107,7,tick,""
159907.949110,7,queue_length,1
159907.949112,7,queue_length,0
159907.949116,7,sched_state,running
159907.949118,7,tick,""
159907.949126,0,channel_blocked,184
159907.949128,7,yield,""
159907.949130,7,sched_state,running
159907.949135,7,tick,""
159907.949138,7,queue_length,1
159907.949140,7,queue_length,0
159907.949143,7,sched_state,running
159907.949145,7,tick,""
159907.949153,0,channel_blocked,184
159907.949155,7,yield,""
159907.949157,7,sched_state,running
159907.949161,7,tick,""
159907.949167,7,queue_length,1
159907.949169,7,queue_length,0
159907.949172,7,sched_state,running
159907.949175,7,tick,""
159907.949195,0,channel_blocked,184
159907.949197,7,yield,""
159907.949200,7,sched_state,running
159907.949219,7,tick,""
159907.949224,7,queue_length,1
159907.949229,7,queue_length,0
159907.949233,7,sched_state,running
159907.949236,7,tick,""
159907.949248,0,channel_blocked,184
159907.949250,7,yield,""
159907.949254,7,sched_state,running
159907.949260,7,tick,""
159907.949264,7,queue_length,1
159907.949267,7,queue_length,0
159907.949272,7,sched_state,running
159907.949275,7,tick,""
159907.949287,0,channel_blocked,184
159907.949288,7,yield,""
159907.949294,7,sched_state,running
159907.949298,7,tick,""
159907.949303,7,queue_length,1
159907.949305,7,queue_length,0
159907.949310,7,sched_state,running
159907.949313,7,tick,""
159907.949324,0,channel_blocked,184
159907.949326,7,yield,""
159907.949332,7,sched_state,running
159907.949336,7,tick,""
159907.949340,7,queue_length,1
159907.949343,7,queue_length,0
159907.949347,7,sched_state,running
159907.949351,7,tick,""
159907.949363,0,channel_blocked,184
159907.949365,7,yield,""
159907.949368,7,sched_state,running
159907.949372,7,tick,""
159907.949376,7,queue_length,1
159907.949378,7,queue_length,0
159907.949382,7,sched_state,running
159907.949386,7,tick,""
159907.949397,0,channel_blocked,184
159907.949399,7,yield,""
159907.949402,7,sched_state,running
159907.949406,7,tick,""
159907.949414,1,sched_state,waiting
159907.949420,7,queue_length,1
159907.949424,1,tick,""
159907.949425,7,queue_length,0
159907.949430,7,sched_state,running
159907.949434,7,tick,""
159907.949436,0,tick,""
159907.949442,0,reduction,""
159907.949454,0,channel_blocked,184
159907.949457,7,yield,""
159907.949462,7,sched_state,running
159907.949468,7,tick,""
159907.949476,7,queue_length,1
159907.949479,7,queue_length,0
159907.949487,7,sched_state,running
159907.949493,7,tick,""
159907.949514,0,channel_blocked,184
159907.949516,7,yield,""
159907.949521,7,sched_state,running
159907.949526,7,tick,""
159907.949531,7,queue_length,1
159907.949533,7,queue_length,0
159907.949538,7,sched_state,running
159907.949542,7,tick,""
159907.949554,0,channel_blocked,184
159907.949556,7,yield,""
159907.949559,7,sched_state,running
159907.949563,7,tick,""
159907.949568,7,queue_length,1
159907.949570,7,queue_length,0
159907.949445,0,sched_state,running
159907.949575,7,sched_state,running
159907.949580,7,tick,""
159907.949592,0,channel_blocked,184
159907.949595,7,yield,""
159907.949599,7,sched_state,running
159907.949604,7,tick,""
159907.949609,7,queue_length,1
159907.949611,7,queue_length,0
159907.949616,7,sched_state,running
159907.949621,7,tick,""
159907.949635,0,channel_blocked,184
159907.949636,7,yield,""
159907.949641,7,sched_state,running
159907.949645,7,tick,""
159907.949650,7,queue_length,1
159907.949654,7,queue_length,0
159907.949659,7,sched_state,running
159907.949664,7,tick,""
159907.949676,0,channel_blocked,184
159907.949678,7,yield,""
159907.949681,7,sched_state,running
159907.949685,7,tick,""
159907.949690,7,queue_length,1
159907.949692,7,queue_length,0
159907.949697,7,sched_state,running
159907.949701,7,tick,""
159907.949713,0,channel_blocked,184
159907.949715,7,yield,""
159907.949719,7,sched_state,running
159907.949724,7,tick,""
159907.949729,7,queue_length,1
159907.949732,7,queue_length,0
159907.949737,7,sched_state,running
159907.949742,7,tick,""
159907.949755,0,channel_blocked,184
159907.949757,7,yield,""
159907.949760,7,sched_state,running
159907.949765,7,tick,""
159907.949769,7,queue_length,1
159907.949771,7,queue_length,0
159907.949776,7,sched_state,running
159907.949781,7,tick,""
159907.949794,0,channel_blocked,184
159907.949796,7,yield,""
159907.949800,7,sched_state,running
159907.949804,7,tick,""
159907.949809,7,queue_length,1
159907.949812,7,queue_length,0
159907.949817,7,sched_state,running
159907.949822,7,tick,""
159907.949834,0,channel_blocked,184
159907.949836,7,yield,""
159907.949840,7,sched_state,running
159907.949844,7,tick,""
159907.949848,7,queue_length,1
159907.949853,7,queue_length,0
159907.949858,7,sched_state,running
159907.949863,7,tick,""
159907.949876,0,channel_blocked,184
159907.949878,7,yield,""
159907.949882,7,sched_state,running
159907.949886,7,tick,""
159907.949892,7,queue_length,1
159907.949894,7,queue_length,0
159907.949901,7,sched_state,running
159907.949905,7,tick,""
159907.949927,0,channel_blocked,184
159907.949930,7,yield,""
159907.949934,7,sched_state,running
159907.949940,7,tick,""
159907.949947,7,queue_length,1
159907.949950,7,queue_length,0
159907.949957,7,sched_state,running
159907.949963,7,tick,""
159907.949980,0,channel_blocked,184
159907.949983,7,yield,""
159907.949988,7,sched_state,running
159907.949994,7,tick,""
159907.950001,7,queue_length,1
159907.950004,7,queue_length,0
159907.950011,7,sched_state,running
159907.950017,7,tick,""
159907.950033,0,channel_blocked,184
159907.950035,7,yield,""
159907.950041,7,sched_state,running
159907.950048,7,tick,""
159907.950055,7,queue_length,1
159907.950060,7,queue_length,0
159907.950066,7,sched_state,running
159907.950070,7,tick,""
159907.950093,0,channel_blocked,184
159907.950095,7,yield,""
159907.950099,7,sched_state,running
159907.950103,7,tick,""
159907.950108,7,queue_length,1
159907.950112,7,queue_length,0
159907.950117,7,sched_state,running
159907.950120,7,tick,""
159907.950132,0,channel_blocked,184
159907.950134,7,yield,""
159907.950137,7,sched_state,running
159907.950140,7,tick,""
159907.950144,7,queue_length,1
159907.950147,7,queue_length,0
159907.950152,7,sched_state,running
159907.950155,7,tick,""
159907.950169,0,channel_blocked,184
159907.950171,7,yield,""
159907.950175,7,sched_state,running
159907.950178,7,tick,""
159907.950183,7,queue_length,1
159907.950186,7,queue_length,0
159907.950191,7,sched_state,running
159907.950194,7,tick,""
159907.950206,0,channel_blocked,184
159907.950208,7,yield,""
159907.950211,7,sched_state,running
159907.950218,7,tick,""
159907.950222,7,queue_length,1
159907.950225,7,queue_length,0
159907.950230,7,sched_state,running
159907.950234,7,tick,""
159907.950246,0,channel_blocked,184
159907.950248,7,yield,""
159907.950251,7,sched_state,running
159907.950254,7,tick,""
159907.950258,7,queue_length,1
159907.950261,7,queue_length,0
159907.950265,7,sched_state,running
159907.950269,7,tick,""
159907.950281,0,channel_blocked,184
159907.950283,7,yield,""
159907.950287,7,sched_state,running
159907.950291,7,tick,""
159907.950295,7,queue_length,1
159907.950299,7,queue_length,0
159907.950304,7,sched_state,running
159907.950308,7,tick,""
159907.950322,0,channel_blocked,184
159907.950324,7,yield,""
159907.950327,7,sched_state,running
159907.950331,7,tick,""
159907.950336,7,queue_length,1
159907.950338,7,queue_length,0
159907.950344,7,sched_state,running
159907.950348,7,tick,""
159907.950359,0,channel_blocked,184
159907.950361,7,yield,""
159907.950364,7,sched_state,running
159907.950368,7,tick,""
159907.950372,7,queue_length,1
159907.950374,7,queue_length,0
159907.950380,7,sched_state,running
159907.950383,7,tick,""
159907.950395,0,channel_blocked,184
159907.950397,7,yield,""
159907.950400,7,sched_state,running
159907.950404,7,tick,""
159907.950409,0,tick,""
159907.950411,7,queue_length,1
159907.950414,7,queue_length,0
159907.950421,0,reduction,""
159907.950422,7,sched_state,running
159907.950421,1,sched_state,waiting
159907.950425,0,sched_state,running
159907.950427,1,tick,""
159907.950429,7,tick,""
159907.950434,1,sched_state,waiting
159907.950441,1,tick,""
159907.950451,0,channel_blocked,184
159907.950455,7,yield,""
159907.950460,7,sched_state,running
159907.950467,7,tick,""
159907.950477,7,queue_length,1
159907.950482,7,queue_length,0
159907.950491,7,sched_state,running
159907.950498,7,tick,""
159907.950519,0,channel_blocked,184
159907.950523,7,yield,""
159907.950528,7,sched_state,running
159907.950534,7,tick,""
159907.950540,7,queue_length,1
159907.950546,7,queue_length,0
159907.950552,7,sched_state,running
159907.950558,7,tick,""
159907.950575,0,channel_blocked,184
159907.950578,7,yield,""
159907.950582,7,sched_state,running
159907.950587,7,tick,""
159907.950593,7,queue_length,1
159907.950597,7,queue_length,0
159907.950604,7,sched_state,running
159907.950610,7,tick,""
159907.950626,0,channel_blocked,184
159907.950637,7,yield,""
159907.950640,7,sched_state,running
159907.950644,7,tick,""
159907.950649,7,queue_length,1
159907.950651,7,queue_length,0
159907.950656,7,sched_state,running
159907.950661,7,tick,""
159907.950676,0,channel_blocked,184
159907.950678,7,yield,""
159907.950681,7,sched_state,running
159907.950688,7,tick,""
159907.950695,7,queue_length,1
159907.950698,7,queue_length,0
159907.950704,7,sched_state,running
159907.950710,7,tick,""
159907.950723,0,channel_blocked,184
159907.950726,7,yield,""
159907.950730,7,sched_state,running
159907.950735,7,tick,""
159907.950740,7,queue_length,1
159907.950743,7,queue_length,0
159907.950748,7,sched_state,running
159907.950752,7,tick,""
159907.950765,0,channel_blocked,184
159907.950769,7,yield,""
159907.950773,7,sched_state,running
159907.950777,7,tick,""
159907.950783,7,queue_length,1
159907.950788,7,queue_length,0
159907.950794,7,sched_state,running
159907.950800,7,tick,""
159907.950812,0,channel_blocked,184
159907.950815,7,yield,""
159907.950819,7,sched_state,running
159907.950823,7,tick,""
159907.950828,7,queue_length,1
159907.950831,7,queue_length,0
159907.950836,7,sched_state,running
159907.950840,7,tick,""
159907.950853,0,channel_blocked,184
159907.950856,7,yield,""
159907.950860,7,sched_state,running
159907.950865,7,tick,""
159907.950870,7,queue_length,1
159907.950873,7,queue_length,0
159907.950880,7,sched_state,running
159907.950885,7,tick,""
159907.950898,0,channel_blocked,184
159907.950900,7,yield,""
159907.950904,7,sched_state,running
159907.950908,7,tick,""
159907.950912,7,queue_length,1
159907.950915,7,queue_length,0
159907.950920,7,sched_state,running
159907.950925,7,tick,""
159907.950939,0,channel_blocked,184
159907.950941,7,yield,""
159907.950946,7,sched_state,running
159907.950951,7,tick,""
159907.950956,7,queue_length,1
159907.950959,7,queue_length,0
159907.950966,7,sched_state,running
159907.950971,7,tick,""
159907.950984,0,channel_blocked,184
159907.950986,7,yield,""
159907.950988,7,sched_state,running
159907.950991,7,tick,""
159907.950995,7,queue_length,1
159907.950998,7,queue_length,0
159907.951001,7,sched_state,running
159907.951005,7,tick,""
159907.951014,0,channel_blocked,184
159907.951015,7,yield,""
159907.951018,7,sched_state,running
159907.951021,7,tick,""
159907.951024,7,queue_length,1
159907.951027,7,queue_length,0
159907.951030,7,sched_state,running
159907.951034,7,tick,""
159907.951042,0,channel_blocked,184
159907.951044,7,yield,""
159907.951049,7,sched_state,running
159907.951052,7,tick,""
159907.951055,7,queue_length,1
159907.951057,7,queue_length,0
159907.951061,7,sched_state,running
159907.951063,7,tick,""
159907.951072,0,channel_blocked,184
159907.951075,7,yield,""
159907.951077,7,sched_state,running
159907.951080,7,tick,""
159907.951084,7,queue_length,1
159907.951086,7,queue_length,0
159907.951090,7,sched_state,running
159907.951093,7,tick,""
159907.951102,0,channel_blocked,184
159907.951104,7,yield,""
159907.951106,7,sched_state,running
159907.951109,7,tick,""
159907.951113,7,queue_length,1
159907.951117,7,queue_length,0
159907.951121,7,sched_state,running
159907.951125,7,tick,""
159907.951135,0,channel_blocked,184
159907.951137,7,yield,""
159907.951139,7,sched_state,running
159907.951142,7,tick,""
159907.951145,7,queue_length,1
159907.951149,7,queue_length,0
159907.951152,7,sched_state,running
159907.951157,7,tick,""
159907.951166,0,channel_blocked,184
159907.951168,7,yield,""
159907.951171,7,sched_state,running
159907.951174,7,tick,""
159907.951177,7,queue_length,1
159907.951180,7,queue_length,0
159907.951183,7,sched_state,running
159907.951186,7,tick,""
159907.951195,0,channel_blocked,184
159907.951197,7,yield,""
159907.951200,7,sched_state,running
159907.951202,7,tick,""
159907.951205,7,queue_length,1
159907.951207,7,queue_length,0
159907.951211,7,sched_state,running
159907.951214,7,tick,""
159907.951222,0,channel_blocked,184
159907.951224,7,yield,""
159907.951227,7,sched_state,running
159907.951230,7,tick,""
159907.951233,7,queue_length,1
159907.951236,7,queue_length,0
159907.951239,7,sched_state,running
159907.951243,7,tick,""
159907.951251,0,channel_blocked,184
159907.951253,7,yield,""
159907.951255,7,sched_state,running
159907.951258,7,tick,""
159907.951262,7,queue_length,1
159907.951264,7,queue_length,0
159907.951268,7,sched_state,running
159907.951272,7,tick,""
159907.951280,0,channel_blocked,184
159907.951282,7,yield,""
159907.951284,7,sched_state,running
159907.951286,7,tick,""
159907.951290,7,queue_length,1
159907.951292,7,queue_length,0
159907.951296,7,sched_state,running
159907.951298,7,tick,""
159907.951423,0,channel_blocked,184
159907.951427,7,yield,""
159907.951430,7,sched_state,running
159907.951436,7,tick,""
159907.951441,7,queue_length,1
159907.951444,7,queue_length,0
159907.951449,7,sched_state,running
159907.951454,7,tick,""
159907.951465,0,channel_blocked,184
159907.951470,7,yield,""
159907.951472,7,sched_state,running
159907.951476,7,tick,""
159907.951480,7,queue_length,1
159907.951482,7,queue_length,0
159907.951485,7,sched_state,running
159907.951488,7,tick,""
159907.951497,0,channel_blocked,184
159907.951499,7,yield,""
159907.951501,7,sched_state,running
159907.951504,7,tick,""
159907.951507,7,queue_length,1
159907.951509,7,queue_length,0
159907.951512,7,sched_state,running
159907.951515,7,tick,""
159907.951523,0,channel_blocked,184
159907.951525,7,yield,""
159907.951527,7,sched_state,running
159907.951529,7,tick,""
159907.951533,7,queue_length,1
159907.951535,7,queue_length,0
159907.951540,7,sched_state,running
159907.951543,7,tick,""
159907.951552,0,channel_blocked,184
159907.951554,7,yield,""
159907.951557,7,sched_state,running
159907.951560,7,tick,""
159907.951563,7,queue_length,1
159907.951568,7,queue_length,0
159907.951571,7,sched_state,running
159907.951575,7,tick,""
159907.951583,0,channel_blocked,184
159907.951585,7,yield,""
159907.951587,7,sched_state,running
159907.951590,7,tick,""
159907.951593,7,queue_length,1
159907.951595,7,queue_length,0
159907.951598,7,sched_state,running
159907.951601,7,tick,""
159907.951609,0,channel_blocked,184
159907.951612,7,yield,""
159907.951614,7,sched_state,running
159907.951618,7,tick,""
159907.951621,7,queue_length,1
159907.951623,7,queue_length,0
159907.951627,7,sched_state,running
159907.951630,7,tick,""
159907.951639,0,channel_blocked,184
159907.951641,7,yield,""
159907.951643,7,sched_state,running
159907.951647,7,tick,""
159907.951650,7,queue_length,1
159907.951652,7,queue_length,0
159907.951656,7,sched_state,running
159907.951659,7,tick,""
159907.951667,0,channel_blocked,184
159907.951669,7,yield,""
159907.951671,7,sched_state,running
159907.951674,7,tick,""
159907.951677,7,queue_length,1
159907.951679,7,queue_length,0
159907.951682,7,sched_state,running
159907.951685,7,tick,""
159907.951694,0,channel_blocked,184
159907.951696,7,yield,""
159907.951699,7,sched_state,running
159907.951702,7,tick,""
159907.951705,7,queue_length,1
159907.951709,7,queue_length,0
159907.951713,7,sched_state,running
159907.951716,7,tick,""
159907.951725,0,channel_blocked,184
159907.951727,7,yield,""
159907.951729,7,sched_state,running
159907.951732,7,tick,""
159907.951736,7,queue_length,1
159907.951738,7,queue_length,0
159907.951741,7,sched_state,running
159907.951744,7,tick,""
159907.951752,0,channel_blocked,184
159907.951754,7,yield,""
159907.951756,7,sched_state,running
159907.951759,7,tick,""
159907.951763,7,queue_length,1
159907.951765,7,queue_length,0
159907.951768,7,sched_state,running
159907.951772,7,tick,""
159907.951781,0,channel_blocked,184
159907.951783,7,yield,""
159907.951785,7,sched_state,running
159907.951789,7,tick,""
159907.951793,7,queue_length,1
159907.951795,7,queue_length,0
159907.951799,7,sched_state,running
159907.951802,7,tick,""
159907.951811,0,channel_blocked,184
159907.951812,7,yield,""
159907.951814,7,sched_state,running
159907.951817,7,tick,""
159907.951820,7,queue_length,1
159907.951822,7,queue_length,0
159907.951825,7,sched_state,running
159907.951828,7,tick,""
159907.952007,0,channel_blocked,184
159907.952011,7,yield,""
159907.952015,7,sched_state,running
159907.952021,7,tick,""
159907.952028,7,queue_length,1
159907.952033,7,queue_length,0
159907.952038,0,tick,""
159907.952044,7,sched_state,running
159907.952047,0,reduction,""
159907.952050,0,sched_state,running
159907.952052,7,tick,""
159907.952068,0,channel_blocked,184
159907.952072,7,yield,""
159907.952077,7,sched_state,running
159907.952082,7,tick,""
159907.952088,7,queue_length,1
159907.952093,7,queue_length,0
159907.952099,7,sched_state,running
159907.952105,7,tick,""
159907.952129,0,channel_blocked,184
159907.952133,7,yield,""
159907.952137,7,sched_state,running
159907.952143,7,tick,""
159907.952149,7,queue_length,1
159907.952152,7,queue_length,0
159907.952158,7,sched_state,running
159907.952163,7,tick,""
159907.952177,0,channel_blocked,184
159907.952180,7,yield,""
159907.952184,7,sched_state,running
159907.952189,7,tick,""
159907.952194,7,queue_length,1
159907.952197,7,queue_length,0
159907.952202,7,sched_state,running
159907.952207,7,tick,""
159907.952220,0,channel_blocked,184
159907.952222,7,yield,""
159907.952225,7,sched_state,running
159907.952230,7,tick,""
159907.952234,7,queue_length,1
159907.952237,7,queue_length,0
159907.952242,7,sched_state,running
159907.952247,7,tick,""
159907.952260,0,channel_blocked,184
159907.952264,7,yield,""
159907.952268,7,sched_state,running
159907.952273,7,tick,""
159907.952284,7,queue_length,1
159907.952290,7,queue_length,0
159907.952296,7,sched_state,running
159907.952302,7,tick,""
159907.952318,0,channel_blocked,184
159907.952320,7,yield,""
159907.952324,7,sched_state,running
159907.952328,7,tick,""
159907.952334,7,queue_length,1
159907.952337,7,queue_length,0
159907.952343,7,sched_state,running
159907.952349,7,tick,""
159907.952362,0,channel_blocked,184
159907.952365,7,yield,""
159907.952369,7,sched_state,running
159907.952375,7,tick,""
159907.952380,7,queue_length,1
159907.952383,7,queue_length,0
159907.952388,7,sched_state,running
159907.952393,7,tick,""
159907.952406,0,channel_blocked,184
159907.952409,7,yield,""
159907.952413,7,sched_state,running
159907.952418,7,tick,""
159907.952424,7,queue_length,1
159907.952427,7,queue_length,0
159907.952432,7,sched_state,running
159907.952439,7,tick,""
159907.952453,0,channel_blocked,184
159907.952456,7,yield,""
159907.952461,7,sched_state,running
159907.952466,7,tick,""
159907.952470,7,queue_length,1
159907.952473,7,queue_length,0
159907.952478,7,sched_state,running
159907.952483,7,tick,""
159907.952498,0,channel_blocked,184
159907.952501,7,yield,""
159907.952504,7,sched_state,running
159907.952508,7,tick,""
159907.952512,7,queue_length,1
159907.952515,7,queue_length,0
159907.952519,7,sched_state,running
159907.952523,7,tick,""
159907.952532,0,channel_blocked,184
159907.952533,7,yield,""
159907.952536,7,sched_state,running
159907.952538,7,tick,""
159907.952542,7,queue_length,1
159907.952543,7,queue_length,0
159907.952547,7,sched_state,running
159907.952550,7,tick,""
159907.952558,0,channel_blocked,184
159907.952561,7,yield,""
159907.952563,7,sched_state,running
159907.952567,7,tick,""
159907.952570,7,queue_length,1
159907.952573,7,queue_length,0
159907.952576,7,sched_state,running
159907.952580,7,tick,""
159907.952590,0,channel_blocked,184
159907.952592,7,yield,""
159907.952594,7,sched_state,running
159907.952598,7,tick,""
159907.952601,7,queue_length,1
159907.952603,7,queue_length,0
159907.952607,7,sched_state,running
159907.952610,7,tick,""
159907.952618,0,channel_blocked,184
159907.952620,7,yield,""
159907.952622,7,sched_state,running
159907.952625,7,tick,""
159907.952628,7,queue_length,1
159907.952630,7,queue_length,0
159907.952633,7,sched_state,running
159907.952636,7,tick,""
159907.952644,0,channel_blocked,184
159907.952646,7,yield,""
159907.952648,7,sched_state,running
159907.952651,7,tick,""
159907.952654,7,queue_length,1
159907.952657,7,queue_length,0
159907.952660,7,sched_state,running
159907.952663,7,tick,""
159907.952672,0,channel_blocked,184
159907.952673,7,yield,""
159907.952675,7,sched_state,running
159907.952678,7,tick,""
159907.952681,7,queue_length,1
159907.952683,7,queue_length,0
159907.952687,7,sched_state,running
159907.952691,7,tick,""
159907.952700,0,channel_blocked,184
159907.952702,7,yield,""
159907.952705,7,sched_state,running
159907.952708,7,tick,""
159907.952711,7,queue_length,1
159907.952714,7,queue_length,0
159907.952717,7,sched_state,running
159907.952721,7,tick,""
159907.952729,0,channel_blocked,184
159907.952731,7,yield,""
159907.952734,7,sched_state,running
159907.952737,7,tick,""
159907.952740,7,queue_length,1
159907.952742,7,queue_length,0
159907.952745,7,sched_state,running
159907.952748,7,tick,""
159907.952756,0,channel_blocked,184
159907.952758,7,yield,""
159907.952760,7,sched_state,running
159907.952764,7,tick,""
159907.952768,7,queue_length,1
159907.952770,7,queue_length,0
159907.952774,7,sched_state,running
159907.952777,7,tick,""
159907.952786,0,channel_blocked,184
159907.952788,7,yield,""
159907.952790,7,sched_state,running
159907.952794,7,tick,""
159907.952797,7,queue_length,1
159907.952800,7,queue_length,0
159907.952804,7,sched_state,running
159907.952807,7,tick,""
159907.952827,0,channel_blocked,184
159907.952829,7,yield,""
159907.952832,7,sched_state,running
159907.952839,7,tick,""
159907.952844,7,queue_length,1
159907.952846,7,queue_length,0
159907.952850,7,sched_state,running
159907.952854,7,tick,""
159907.952864,0,channel_blocked,184
159907.952866,7,yield,""
159907.952869,7,sched_state,running
159907.952873,7,tick,""
159907.952876,7,queue_length,1
159907.952878,7,queue_length,0
159907.952882,7,sched_state,running
159907.952886,7,tick,""
159907.952898,0,channel_blocked,184
159907.952900,7,yield,""
159907.952902,7,sched_state,running
159907.952906,7,tick,""
159907.952909,7,queue_length,1
159907.952911,7,queue_length,0
159907.952915,7,sched_state,running
159907.952919,7,tick,""
159907.952928,0,channel_blocked,184
159907.952930,7,yield,""
159907.952933,7,sched_state,running
159907.952936,7,tick,""
159907.952940,7,queue_length,1
159907.952942,7,queue_length,0
159907.952946,7,sched_state,running
159907.952950,7,tick,""
159907.952963,0,channel_blocked,184
159907.952965,7,yield,""
159907.952967,7,sched_state,running
159907.952970,7,tick,""
159907.952974,7,queue_length,1
159907.952977,7,queue_length,0
159907.952980,7,sched_state,running
159907.952984,7,tick,""
159907.952992,0,channel_blocked,184
159907.952995,7,yield,""
159907.952997,7,sched_state,running
159907.953001,7,tick,""
159907.953004,7,queue_length,1
159907.953007,7,queue_length,0
159907.953011,7,sched_state,running
159907.953015,7,tick,""
159907.953024,0,channel_blocked,184
159907.953026,7,yield,""
159907.953028,7,sched_state,running
159907.953038,7,tick,""
159907.953042,7,queue_length,1
159907.953044,7,queue_length,0
159907.953048,7,sched_state,running
159907.953051,7,tick,""
159907.953060,0,channel_blocked,184
159907.953062,7,yield,""
159907.953064,7,sched_state,running
159907.953067,7,tick,""
159907.953070,7,queue_length,1
159907.953072,7,queue_length,0
159907.953075,7,sched_state,running
159907.953079,7,tick,""
159907.953087,0,channel_blocked,184
159907.953089,7,yield,""
159907.953092,7,sched_state,running
159907.953095,7,tick,""
159907.953099,7,queue_length,1
159907.953101,7,queue_length,0
159907.953105,7,sched_state,running
159907.953109,7,tick,""
159907.953117,0,channel_blocked,184
159907.953119,7,yield,""
159907.953122,7,sched_state,running
159907.953125,7,tick,""
159907.953129,7,queue_length,1
159907.953132,7,queue_length,0
159907.953136,7,sched_state,running
159907.953139,7,tick,""
159907.953147,0,channel_blocked,184
159907.953149,7,yield,""
159907.953151,7,sched_state,running
159907.953156,7,tick,""
159907.953161,7,queue_length,1
159907.953163,7,queue_length,0
159907.953166,7,sched_state,running
159907.953170,7,tick,""
159907.953179,0,channel_blocked,184
159907.953181,7,yield,""
159907.953184,7,sched_state,running
159907.953187,7,tick,""
159907.953191,7,queue_length,1
159907.953193,7,queue_length,0
159907.953196,7,sched_state,running
159907.953200,7,tick,""
159907.953211,0,channel_blocked,184
159907.953213,7,yield,""
159907.953216,7,sched_state,running
159907.953220,7,tick,""
159907.953223,7,queue_length,1
159907.953225,7,queue_length,0
159907.953228,7,sched_state,running
159907.953232,7,tick,""
159907.953241,0,channel_blocked,184
159907.953243,7,yield,""
159907.953245,7,sched_state,running
159907.953249,7,tick,""
159907.953252,7,queue_length,1
159907.953254,7,queue_length,0
159907.953258,7,sched_state,running
159907.953262,7,tick,""
159907.953266,0,tick,""
159907.953275,0,channel_blocked,184
159907.953278,7,yield,""
159907.953282,7,sched_state,running
159907.953288,7,tick,""
159907.953288,0,reduction,""
159907.953291,0,sched_state,running
159907.953294,7,queue_length,1
159907.953299,7,queue_length,0
159907.953306,7,sched_state,running
159907.953314,7,tick,""
159907.953330,0,channel_blocked,184
159907.953333,7,yield,""
159907.953337,7,sched_state,running
159907.953342,7,tick,""
159907.953347,7,queue_length,1
159907.953350,7,queue_length,0
159907.953356,7,sched_state,running
159907.953362,7,tick,""
159907.953377,0,channel_blocked,184
159907.953380,7,yield,""
159907.953383,7,sched_state,running
159907.953389,7,tick,""
159907.953393,7,queue_length,1
159907.953396,7,queue_length,0
159907.953401,7,sched_state,running
159907.953407,7,tick,""
159907.953420,0,channel_blocked,184
159907.953422,7,yield,""
159907.953426,7,sched_state,running
159907.953431,7,tick,""
159907.953436,7,queue_length,1
159907.953439,7,queue_length,0
159907.953444,7,sched_state,running
159907.953450,7,tick,""
159907.953463,0,channel_blocked,184
159907.953465,7,yield,""
159907.953469,7,sched_state,running
159907.953475,7,tick,""
159907.953479,7,queue_length,1
159907.953482,7,queue_length,0
159907.953487,7,sched_state,running
159907.953493,7,tick,""
159907.953505,0,channel_blocked,184
159907.953509,7,yield,""
159907.953512,7,sched_state,running
159907.953520,7,tick,""
159907.953525,7,queue_length,1
159907.953530,7,queue_length,0
159907.953535,7,sched_state,running
159907.953541,7,tick,""
159907.953556,0,channel_blocked,184
159907.953559,7,yield,""
159907.953563,7,sched_state,running
159907.953569,7,tick,""
159907.953574,7,queue_length,1
159907.953576,7,queue_length,0
159907.953581,7,sched_state,running
159907.953587,7,tick,""
159907.953599,0,channel_blocked,184
159907.953602,7,yield,""
159907.953606,7,sched_state,running
159907.953612,7,tick,""
159907.953617,7,queue_length,1
159907.953620,7,queue_length,0
159907.953625,7,sched_state,running
159907.953631,7,tick,""
159907.953644,0,channel_blocked,184
159907.953646,7,yield,""
159907.953650,7,sched_state,running
159907.953655,7,tick,""
159907.953660,7,queue_length,1
159907.953663,7,queue_length,0
159907.953668,7,sched_state,running
159907.953673,7,tick,""
159907.953686,0,channel_blocked,184
159907.953688,7,yield,""
159907.953691,7,sched_state,running
159907.953696,7,tick,""
159907.953701,7,queue_length,1
159907.953704,7,queue_length,0
159907.953709,7,sched_state,running
159907.953716,7,tick,""
159907.953733,0,channel_blocked,184
159907.953735,7,yield,""
159907.953737,7,sched_state,running
159907.953741,7,tick,""
159907.953744,7,queue_length,1
159907.953748,7,queue_length,0
159907.953752,7,sched_state,running
159907.953755,7,tick,""
159907.953764,0,channel_blocked,184
159907.953766,7,yield,""
159907.953768,7,sched_state,running
159907.953771,7,tick,""
159907.953774,7,queue_length,1
159907.953776,7,queue_length,0
159907.953780,7,sched_state,running
159907.953783,7,tick,""
159907.953794,0,channel_blocked,184
159907.953796,7,yield,""
159907.953798,7,sched_state,running
159907.953801,7,tick,""
159907.953804,7,queue_length,1
159907.953806,7,queue_length,0
159907.953809,7,sched_state,running
159907.953813,7,tick,""
159907.953821,0,channel_blocked,184
159907.953823,7,yield,""
159907.953825,7,sched_state,running
159907.953828,7,tick,""
159907.953832,7,queue_length,1
159907.953834,7,queue_length,0
159907.953837,7,sched_state,running
159907.953840,7,tick,""
159907.953849,0,channel_blocked,184
159907.953850,7,yield,""
159907.953853,7,sched_state,running
159907.953856,7,tick,""
159907.953859,7,queue_length,1
159907.953861,7,queue_length,0
159907.953864,7,sched_state,running
159907.953868,7,tick,""
159907.953876,0,channel_blocked,184
159907.953878,7,yield,""
159907.953880,7,sched_state,running
159907.953883,7,tick,""
159907.953886,7,queue_length,1
159907.953889,7,queue_length,0
159907.953893,7,sched_state,running
159907.953897,7,tick,""
159907.953907,0,channel_blocked,184
159907.953909,7,yield,""
159907.953911,7,sched_state,running
159907.953918,7,tick,""
159907.953924,0,tick,""
159907.953929,7,queue_length,1
159907.953933,7,queue_length,0
159907.953940,7,sched_state,running
159907.953947,7,tick,""
159907.953961,0,channel_blocked,184
159907.953963,7,yield,""
159907.953966,7,sched_state,running
159907.953972,7,tick,""
159907.953988,7,queue_length,1
159907.953993,7,queue_length,0
159907.954002,7,sched_state,running
159907.954004,0,reduction,""
159907.954009,0,sched_state,running
159907.954012,7,tick,""
159907.954032,0,channel_blocked,184
159907.954034,7,yield,""
159907.954038,7,sched_state,running
159907.954045,7,tick,""
159907.954051,7,queue_length,1
159907.954054,7,queue_length,0
159907.954060,7,sched_state,running
159907.954068,7,tick,""
159907.954084,0,channel_blocked,184
159907.954086,7,yield,""
159907.954089,7,sched_state,running
159907.954095,7,tick,""
159907.954100,7,queue_length,1
159907.954102,7,queue_length,0
159907.954107,7,sched_state,running
159907.954113,7,tick,""
159907.954125,0,channel_blocked,184
159907.954127,7,yield,""
159907.954130,7,sched_state,running
159907.954136,7,tick,""
159907.954141,7,queue_length,1
159907.954145,7,queue_length,0
159907.954150,7,sched_state,running
159907.954156,7,tick,""
159907.954168,0,channel_blocked,184
159907.954171,7,yield,""
159907.954174,7,sched_state,running
159907.954180,7,tick,""
159907.954186,7,queue_length,1
159907.954188,7,queue_length,0
159907.954193,7,sched_state,running
159907.954199,7,tick,""
159907.954212,0,channel_blocked,184
159907.954215,7,yield,""
159907.954219,7,sched_state,running
159907.954224,7,tick,""
159907.954229,7,queue_length,1
159907.954232,7,queue_length,0
159907.954237,7,sched_state,running
159907.954244,7,tick,""
159907.954259,0,channel_blocked,184
159907.954261,7,yield,""
159907.954264,7,sched_state,running
159907.954270,7,tick,""
159907.954274,7,queue_length,1
159907.954277,7,queue_length,0
159907.954282,7,sched_state,running
159907.954289,7,tick,""
159907.954301,0,channel_blocked,184
159907.954304,7,yield,""
159907.954307,7,sched_state,running
159907.954313,7,tick,""
159907.954318,7,queue_length,1
159907.954321,7,queue_length,0
159907.954326,7,sched_state,running
159907.954332,7,tick,""
159907.954345,0,channel_blocked,184
159907.954347,7,yield,""
159907.954350,7,sched_state,running
159907.954356,7,tick,""
159907.954361,7,queue_length,1
159907.954374,7,queue_length,0
159907.954381,7,sched_state,running
159907.954390,7,tick,""
159907.954407,0,channel_blocked,184
159907.954410,7,yield,""
159907.954415,7,sched_state,running
159907.954423,7,tick,""
159907.954429,7,queue_length,1
159907.954433,7,queue_length,0
159907.954440,7,sched_state,running
159907.954448,7,tick,""
159907.954468,0,channel_blocked,184
159907.954471,7,yield,""
159907.954477,7,sched_state,running
159907.954484,7,tick,""
159907.954490,7,queue_length,1
159907.954494,7,queue_length,0
159907.954501,7,sched_state,running
159907.954509,7,tick,""
159907.954525,0,channel_blocked,184
159907.954527,7,yield,""
159907.954533,7,sched_state,running
159907.954538,7,tick,""
159907.954543,7,queue_length,1
159907.954546,7,queue_length,0
159907.954550,7,sched_state,running
159907.954555,7,tick,""
159907.954570,0,channel_blocked,184
159907.954573,7,yield,""
159907.954576,7,sched_state,running
159907.954581,7,tick,""
159907.954585,7,queue_length,1
159907.954588,7,queue_length,0
159907.954592,7,sched_state,running
159907.954597,7,tick,""
159907.954609,0,channel_blocked,184
159907.954611,7,yield,""
159907.954615,7,sched_state,running
159907.954620,7,tick,""
159907.954624,7,queue_length,1
159907.954628,7,queue_length,0
159907.954632,7,sched_state,running
159907.954637,7,tick,""
159907.954649,0,channel_blocked,184
159907.954651,7,yield,""
159907.954654,7,sched_state,running
159907.954658,7,tick,""
159907.954663,7,queue_length,1
159907.954666,7,queue_length,0
159907.954670,7,sched_state,running
159907.954675,7,tick,""
159907.954687,0,channel_blocked,184
159907.954689,7,yield,""
159907.954692,7,sched_state,running
159907.954697,7,tick,""
159907.954701,7,queue_length,1
159907.954704,7,queue_length,0
159907.954708,7,sched_state,running
159907.954713,7,tick,""
159907.954724,0,channel_blocked,184
159907.954727,7,yield,""
159907.954730,7,sched_state,running
159907.954734,7,tick,""
159907.954738,7,queue_length,1
159907.954741,7,queue_length,0
159907.954745,7,sched_state,running
159907.954750,7,tick,""
159907.954761,0,channel_blocked,184
159907.954764,7,yield,""
159907.954767,7,sched_state,running
159907.954772,7,tick,""
159907.954776,7,queue_length,1
159907.954778,7,queue_length,0
159907.954783,7,sched_state,running
159907.954788,7,tick,""
159907.954801,0,channel_blocked,184
159907.954804,7,yield,""
159907.954807,7,sched_state,running
159907.954812,7,tick,""
159907.954816,7,queue_length,1
159907.954820,7,queue_length,0
159907.954825,7,sched_state,running
159907.954830,7,tick,""
159907.954841,0,channel_blocked,184
159907.954843,7,yield,""
159907.954846,7,sched_state,running
159907.954851,7,tick,""
159907.954855,7,queue_length,1
159907.954858,7,queue_length,0
159907.954862,7,sched_state,running
159907.954867,7,tick,""
159907.954879,0,channel_blocked,184
159907.954882,7,yield,""
159907.954885,7,sched_state,running
159907.954890,7,tick,""
159907.954894,7,queue_length,1
159907.954897,7,queue_length,0
159907.954901,7,sched_state,running
159907.954906,7,tick,""
159907.954918,0,channel_blocked,184
159907.954920,7,yield,""
159907.954923,7,sched_state,running
159907.954925,0,tick,""
159907.954928,7,tick,""
159907.954933,7,queue_length,1
159907.954935,7,queue_length,0
159907.954940,7,sched_state,running
159907.954943,0,reduction,""
159907.954945,7,tick,""
159907.954945,0,sched_state,running
159907.954956,0,channel_blocked,184
159907.954958,7,yield,""
159907.954961,7,sched_state,running
159907.954966,7,tick,""
159907.954970,7,queue_length,1
159907.954972,7,queue_length,0
159907.954977,7,sched_state,running
159907.954982,7,tick,""
159907.954994,0,channel_blocked,184
159907.954996,7,yield,""
159907.954999,7,sched_state,running
159907.955004,7,tick,""
159907.955008,7,queue_length,1
159907.955013,7,queue_length,0
159907.955025,7,sched_state,running
159907.955029,7,tick,""
159907.955038,0,channel_blocked,184
159907.955039,7,yield,""
159907.955041,7,sched_state,running
159907.955045,7,tick,""
159907.955048,7,queue_length,1
159907.955050,7,queue_length,0
159907.955053,7,sched_state,running
159907.955057,7,tick,""
159907.955065,0,channel_blocked,184
159907.955067,7,yield,""
159907.955069,7,sched_state,running
159907.955072,7,tick,""
159907.955075,7,queue_length,1
159907.955077,7,queue_length,0
159907.955080,7,sched_state,running
159907.955084,7,tick,""
159907.955092,0,channel_blocked,184
159907.955094,7,yield,""
159907.955096,7,sched_state,running
159907.955100,7,tick,""
159907.955103,7,queue_length,1
159907.955105,7,queue_length,0
159907.955108,7,sched_state,running
159907.955112,7,tick,""
159907.955120,0,channel_blocked,184
159907.955122,7,yield,""
159907.955124,7,sched_state,running
159907.955128,7,tick,""
159907.955131,7,queue_length,1
159907.955132,7,queue_length,0
159907.955136,7,sched_state,running
159907.955140,7,tick,""
159907.955148,0,channel_blocked,184
159907.955150,7,yield,""
159907.955152,7,sched_state,running
159907.955155,7,tick,""
159907.955159,7,queue_length,1
159907.955162,7,queue_length,0
159907.955167,7,sched_state,running
159907.955171,7,tick,""
159907.955180,0,channel_blocked,184
159907.955182,7,yield,""
159907.955184,7,sched_state,running
159907.955188,7,tick,""
159907.955191,7,queue_length,1
159907.955193,7,queue_length,0
159907.955196,7,sched_state,running
159907.955199,7,tick,""
159907.955208,0,channel_blocked,184
159907.955209,7,yield,""
159907.955212,7,sched_state,running
159907.955215,7,tick,""
159907.955218,7,queue_length,1
159907.955221,7,queue_length,0
159907.955224,7,sched_state,running
159907.955228,7,tick,""
159907.955237,0,channel_blocked,184
159907.955238,7,yield,""
159907.955241,7,sched_state,running
159907.955244,7,tick,""
159907.955247,7,queue_length,1
159907.955251,7,queue_length,0
159907.955255,7,sched_state,running
159907.955259,7,tick,""
159907.955268,0,channel_blocked,184
159907.955269,7,yield,""
159907.955271,7,sched_state,running
159907.955275,7,tick,""
159907.955278,7,queue_length,1
159907.955280,7,queue_length,0
159907.955283,7,sched_state,running
159907.955287,7,tick,""
159907.955295,0,channel_blocked,184
159907.955297,7,yield,""
159907.955300,7,sched_state,running
159907.955303,7,tick,""
159907.955306,7,queue_length,1
159907.955309,7,queue_length,0
159907.955313,7,sched_state,running
159907.955317,7,tick,""
159907.955325,0,channel_blocked,184
159907.955327,7,yield,""
159907.955338,7,sched_state,running
159907.955343,7,tick,""
159907.955348,7,queue_length,1
159907.955350,7,queue_length,0
159907.955355,7,sched_state,running
159907.955360,7,tick,""
159907.955372,0,channel_blocked,184
159907.955374,7,yield,""
159907.955377,7,sched_state,running
159907.955382,7,tick,""
159907.955386,7,queue_length,1
159907.955388,7,queue_length,0
159907.955393,7,sched_state,running
159907.955398,7,tick,""
159907.955409,0,channel_blocked,184
159907.955411,7,yield,""
159907.955414,7,sched_state,running
159907.955419,7,tick,""
159907.955423,7,queue_length,1
159907.955426,7,queue_length,0
159907.955430,7,sched_state,running
159907.955435,7,tick,""
159907.955447,0,channel_blocked,184
159907.955449,7,yield,""
159907.955452,7,sched_state,running
159907.955457,7,tick,""
159907.955464,7,queue_length,1
159907.955467,7,queue_length,0
159907.955471,7,sched_state,running
159907.955476,7,tick,""
159907.955494,0,channel_blocked,184
159907.955496,7,yield,""
159907.955499,7,sched_state,running
159907.955504,7,tick,""
159907.955509,7,queue_length,1
159907.955514,7,queue_length,0
159907.955519,7,sched_state,running
159907.955524,7,tick,""
159907.955535,0,channel_blocked,184
159907.955537,7,yield,""
159907.955541,7,sched_state,running
159907.955546,7,tick,""
159907.955550,7,queue_length,1
159907.955553,7,queue_length,0
159907.955557,7,sched_state,running
159907.955562,7,tick,""
159907.955576,0,channel_blocked,184
159907.955578,7,yield,""
159907.955581,7,sched_state,running
159907.955586,7,tick,""
159907.955590,7,queue_length,1
159907.955593,7,queue_length,0
159907.955597,7,sched_state,running
159907.955603,7,tick,""
159907.955614,0,channel_blocked,184
159907.955616,7,yield,""
159907.955619,7,sched_state,running
159907.955624,7,tick,""
159907.955629,7,queue_length,1
159907.955631,7,queue_length,0
159907.955637,0,tick,""
159907.955645,7,sched_state,running
159907.955650,0,reduction,""
159907.955652,7,tick,""
159907.955654,0,sched_state,running
159907.955667,0,channel_blocked,184
159907.955669,7,yield,""
159907.955672,7,sched_state,running
159907.955686,7,tick,""
159907.955693,7,queue_length,1
159907.955697,7,queue_length,0
159907.955705,7,sched_state,running
159907.955714,7,tick,""
159907.955738,0,channel_blocked,184
159907.955741,7,yield,""
159907.955744,7,sched_state,running
159907.955750,7,tick,""
159907.955755,7,queue_length,1
159907.955759,7,queue_length,0
159907.955765,7,sched_state,running
159907.955772,7,tick,""
159907.955787,0,channel_blocked,184
159907.955790,7,yield,""
159907.955793,7,sched_state,running
159907.955799,7,tick,""
159907.955804,7,queue_length,1
159907.955806,7,queue_length,0
159907.955811,7,sched_state,running
159907.955818,7,tick,""
159907.955831,0,channel_blocked,184
159907.955834,7,yield,""
159907.955837,7,sched_state,running
159907.955844,7,tick,""
159907.955848,7,queue_length,1
159907.955851,7,queue_length,0
159907.955856,7,sched_state,running
159907.955863,7,tick,""
159907.955876,0,channel_blocked,184
159907.955878,7,yield,""
159907.955881,7,sched_state,running
159907.955887,7,tick,""
159907.955892,7,queue_length,1
159907.955895,7,queue_length,0
159907.955899,7,sched_state,running
159907.955906,7,tick,""
159907.955918,0,channel_blocked,184
159907.955920,7,yield,""
159907.955923,7,sched_state,running
159907.955929,7,tick,""
159907.955936,7,queue_length,1
159907.955940,7,queue_length,0
159907.955945,7,sched_state,running
159907.955952,7,tick,""
159907.955965,0,channel_blocked,184
159907.955967,7,yield,""
159907.955971,7,sched_state,running
159907.955977,7,tick,""
159907.955982,7,queue_length,1
159907.955986,7,queue_length,0
159907.955991,7,sched_state,running
159907.955998,7,tick,""
159907.956010,0,channel_blocked,184
159907.956012,7,yield,""
159907.956015,7,sched_state,running
159907.956023,7,tick,""
159907.956028,7,queue_length,1
159907.956030,7,queue_length,0
159907.956036,7,sched_state,running
159907.956043,7,tick,""
159907.956066,0,channel_blocked,184
159907.956070,7,yield,""
159907.956074,7,sched_state,running
159907.956083,7,tick,""
159907.956089,7,queue_length,1
159907.956093,7,queue_length,0
159907.956100,7,sched_state,running
159907.956115,7,tick,""
159907.956136,0,channel_blocked,184
159907.956140,7,yield,""
159907.956145,7,sched_state,running
159907.956154,7,tick,""
159907.956161,7,queue_length,1
159907.956165,7,queue_length,0
159907.956172,7,sched_state,running
159907.956181,7,tick,""
159907.956199,0,channel_blocked,184
159907.956202,7,yield,""
159907.956205,7,sched_state,running
159907.956211,7,tick,""
159907.956215,7,queue_length,1
159907.956218,7,queue_length,0
159907.956222,7,sched_state,running
159907.956227,7,tick,""
159907.956239,0,channel_blocked,184
159907.956242,7,yield,""
159907.956245,7,sched_state,running
159907.956250,7,tick,""
159907.956254,7,queue_length,1
159907.956258,7,queue_length,0
159907.956262,7,sched_state,running
159907.956268,7,tick,""
159907.956279,0,channel_blocked,184
159907.956282,7,yield,""
159907.956285,7,sched_state,running
159907.956290,7,tick,""
159907.956294,7,queue_length,1
159907.956296,7,queue_length,0
159907.956301,7,sched_state,running
159907.956306,7,tick,""
159907.956318,0,channel_blocked,184
159907.956320,7,yield,""
159907.956323,7,sched_state,running
159907.956328,7,tick,""
159907.956332,7,queue_length,1
159907.956334,7,queue_length,0
159907.956339,7,sched_state,running
159907.956344,7,tick,""
159907.956356,0,channel_blocked,184
159907.956358,7,yield,""
159907.956361,7,sched_state,running
159907.956366,7,tick,""
159907.956374,7,queue_length,1
159907.956376,7,queue_length,0
159907.956381,7,sched_state,running
159907.956386,7,tick,""
159907.956398,0,channel_blocked,184
159907.956400,7,yield,""
159907.956404,7,sched_state,running
159907.956410,7,tick,""
159907.956412,0,tick,""
159907.956416,7,queue_length,1
159907.956419,7,queue_length,0
159907.956423,7,sched_state,running
159907.956424,0,reduction,""
159907.956427,0,sched_state,running
159907.956429,7,tick,""
159907.956441,0,channel_blocked,184
159907.956443,7,yield,""
159907.956446,7,sched_state,running
159907.956451,7,tick,""
159907.956455,7,queue_length,1
159907.956459,7,queue_length,0
159907.956463,7,sched_state,running
159907.956468,7,tick,""
159907.956481,0,channel_blocked,184
159907.956484,7,yield,""
159907.956487,7,sched_state,running
159907.956492,7,tick,""
159907.956497,7,queue_length,1
159907.956499,7,queue_length,0
159907.956504,7,sched_state,running
159907.956516,7,tick,""
159907.956525,0,channel_blocked,184
159907.956527,7,yield,""
159907.956529,7,sched_state,running
159907.956533,7,tick,""
159907.956536,7,queue_length,1
159907.956538,7,queue_length,0
159907.956541,7,sched_state,running
159907.956545,7,tick,""
159907.956553,0,channel_blocked,184
159907.956554,7,yield,""
159907.956556,7,sched_state,running
159907.956560,7,tick,""
159907.956563,7,queue_length,1
159907.956565,7,queue_length,0
159907.956568,7,sched_state,running
159907.956572,7,tick,""
159907.956580,0,channel_blocked,184
159907.956582,7,yield,""
159907.956584,7,sched_state,running
159907.956587,7,tick,""
159907.956590,7,queue_length,1
159907.956592,7,queue_length,0
159907.956595,7,sched_state,running
159907.956599,7,tick,""
159907.956609,0,channel_blocked,184
159907.956611,7,yield,""
159907.956613,7,sched_state,running
159907.956616,7,tick,""
159907.956619,7,queue_length,1
159907.956622,7,queue_length,0
159907.956626,7,sched_state,running
159907.956630,7,tick,""
159907.956638,0,channel_blocked,184
159907.956639,7,yield,""
159907.956642,7,sched_state,running
159907.956645,7,tick,""
159907.956648,7,queue_length,1
159907.956650,7,queue_length,0
159907.956653,7,sched_state,running
159907.956657,7,tick,""
159907.956666,0,channel_blocked,184
159907.956668,7,yield,""
159907.956670,7,sched_state,running
159907.956674,7,tick,""
159907.956677,7,queue_length,1
159907.956679,7,queue_length,0
159907.956682,7,sched_state,running
159907.956686,7,tick,""
159907.956694,0,channel_blocked,184
159907.956696,7,yield,""
159907.956698,7,sched_state,running
159907.956702,7,tick,""
159907.956705,7,queue_length,1
159907.956707,7,queue_length,0
159907.956710,7,sched_state,running
159907.956715,7,tick,""
159907.956723,0,channel_blocked,184
159907.956724,7,yield,""
159907.956727,7,sched_state,running
159907.956731,7,tick,""
159907.956734,7,queue_length,1
159907.956736,7,queue_length,0
159907.956739,7,sched_state,running
159907.956743,7,tick,""
159907.956751,0,channel_blocked,184
159907.956753,7,yield,""
159907.956755,7,sched_state,running
159907.956759,7,tick,""
159907.956762,7,queue_length,1
159907.956765,7,queue_length,0
159907.956768,7,sched_state,running
159907.956772,7,tick,""
159907.956781,0,channel_blocked,184
159907.956783,7,yield,""
159907.956785,7,sched_state,running
159907.956789,7,tick,""
159907.956792,7,queue_length,1
159907.956794,7,queue_length,0
159907.956797,7,sched_state,running
159907.956802,7,tick,""
159907.956810,0,channel_blocked,184
159907.956811,7,yield,""
159907.956814,7,sched_state,running
159907.956818,7,tick,""
159907.956821,7,queue_length,1
159907.956823,7,queue_length,0
159907.956826,7,sched_state,running
159907.956830,7,tick,""
159907.956839,0,channel_blocked,184
159907.956840,7,yield,""
159907.956842,7,sched_state,running
159907.956846,7,tick,""
159907.956849,7,queue_length,1
159907.956851,7,queue_length,0
159907.956854,7,sched_state,running
159907.956858,7,tick,""
159907.956867,0,channel_blocked,184
159907.956869,7,yield,""
159907.956871,7,sched_state,running
159907.956875,7,tick,""
159907.956879,7,queue_length,1
159907.956883,7,queue_length,0
159907.956886,7,sched_state,running
159907.956891,7,tick,""
159907.956899,0,channel_blocked,184
159907.956901,7,yield,""
159907.956903,7,sched_state,running
159907.956905,0,tick,""
159907.956913,7,tick,""
159907.956918,0,reduction,""
159907.956918,7,queue_length,1
159907.956920,0,sched_state,running
159907.956922,7,queue_length,0
159907.956926,7,sched_state,running
159907.956931,7,tick,""
159907.956944,0,channel_blocked,184
159907.956949,7,yield,""
159907.956952,7,sched_state,running
159907.956957,7,tick,""
159907.956961,7,queue_length,1
159907.956963,7,queue_length,0
159907.956966,7,sched_state,running
159907.956970,7,tick,""
159907.956979,0,channel_blocked,184
159907.956981,7,yield,""
159907.956983,7,sched_state,running
159907.956987,7,tick,""
159907.956990,7,queue_length,1
159907.956992,7,queue_length,0
159907.956996,7,sched_state,running
159907.957000,7,tick,""
159907.957017,0,channel_blocked,184
159907.957019,7,yield,""
159907.957022,7,sched_state,running
159907.957027,7,tick,""
159907.957032,7,queue_length,1
159907.957034,7,queue_length,0
159907.957039,7,sched_state,running
159907.957044,7,tick,""
159907.957056,0,channel_blocked,184
159907.957058,7,yield,""
159907.957061,7,sched_state,running
159907.957066,7,tick,""
159907.957071,7,queue_length,1
159907.957073,7,queue_length,0
159907.957078,7,sched_state,running
159907.957083,7,tick,""
159907.957095,0,channel_blocked,184
159907.957097,7,yield,""
159907.957100,7,sched_state,running
159907.957105,7,tick,""
159907.957110,7,queue_length,1
159907.957113,7,queue_length,0
159907.957118,7,sched_state,running
159907.957124,7,tick,""
159907.957135,0,channel_blocked,184
159907.957137,7,yield,""
159907.957140,7,sched_state,running
159907.957145,7,tick,""
159907.957149,7,queue_length,1
159907.957151,7,queue_length,0
159907.957156,7,sched_state,running
159907.957161,7,tick,""
159907.957174,0,channel_blocked,184
159907.957176,7,yield,""
159907.957179,7,sched_state,running
159907.957185,7,tick,""
159907.957189,7,queue_length,1
159907.957192,7,queue_length,0
159907.957196,7,sched_state,running
159907.957202,7,tick,""
159907.957213,0,channel_blocked,184
159907.957215,7,yield,""
159907.957218,7,sched_state,running
159907.957224,7,tick,""
159907.957228,7,queue_length,1
159907.957230,7,queue_length,0
159907.957235,7,sched_state,running
159907.957240,7,tick,""
159907.957251,0,channel_blocked,184
159907.957254,7,yield,""
159907.957256,7,sched_state,running
159907.957262,7,tick,""
159907.957266,7,queue_length,1
159907.957268,7,queue_length,0
159907.957273,7,sched_state,running
159907.957278,7,tick,""
159907.957299,0,channel_blocked,184
159907.957301,7,yield,""
159907.957304,7,sched_state,running
159907.957312,7,tick,""
159907.957317,7,queue_length,1
159907.957321,7,queue_length,0
159907.957326,7,sched_state,running
159907.957332,7,tick,""
159907.957344,0,channel_blocked,184
159907.957346,7,yield,""
159907.957349,7,sched_state,running
159907.957354,7,tick,""
159907.957359,7,queue_length,1
159907.957361,7,queue_length,0
159907.957366,7,sched_state,running
159907.957371,7,tick,""
159907.957384,0,channel_blocked,184
159907.957386,7,yield,""
159907.957390,7,sched_state,running
159907.957399,7,tick,""
159907.957404,7,queue_length,1
159907.957406,7,queue_length,0
159907.957411,7,sched_state,running
159907.957417,7,tick,""
159907.957428,0,channel_blocked,184
159907.957430,7,yield,""
159907.957433,7,sched_state,running
159907.957439,7,tick,""
159907.957443,7,queue_length,1
159907.957446,7,queue_length,0
159907.957451,7,sched_state,running
159907.957456,7,tick,""
159907.957467,0,channel_blocked,184
159907.957469,7,yield,""
159907.957472,7,sched_state,running
159907.957478,7,tick,""
159907.957482,7,queue_length,1
159907.957484,7,queue_length,0
159907.957489,7,sched_state,running
159907.957494,7,tick,""
159907.957505,0,channel_blocked,184
159907.957508,7,yield,""
159907.957511,7,sched_state,running
159907.957517,7,tick,""
159907.957521,7,queue_length,1
159907.957525,7,queue_length,0
159907.957530,7,sched_state,running
159907.957536,7,tick,""
159907.957549,0,channel_blocked,184
159907.957551,7,yield,""
159907.957555,7,sched_state,running
159907.957560,7,tick,""
159907.957565,7,queue_length,1
159907.957567,7,queue_length,0
159907.957572,7,sched_state,running
159907.957577,7,tick,""
159907.957589,0,channel_blocked,184
159907.957591,7,yield,""
159907.957594,7,sched_state,running
159907.957599,7,tick,""
159907.957603,7,queue_length,1
159907.957606,7,queue_length,0
159907.957610,7,sched_state,running
159907.957616,7,tick,""
159907.957627,0,channel_blocked,184
159907.957629,7,yield,""
159907.957632,7,sched_state,running
159907.957638,7,tick,""
159907.957645,7,queue_length,1
159907.957648,7,queue_length,0
159907.957653,7,sched_state,running
159907.957658,7,tick,""
159907.957670,0,channel_blocked,184
159907.957672,7,yield,""
159907.957675,7,sched_state,running
159907.957681,7,tick,""
159907.957686,7,queue_length,1
159907.957688,7,queue_length,0
159907.957692,7,sched_state,running
159907.957698,7,tick,""
159907.957709,0,channel_blocked,184
159907.957711,7,yield,""
159907.957715,7,sched_state,running
159907.957720,7,tick,""
159907.957724,7,queue_length,1
159907.957728,7,queue_length,0
159907.957732,7,sched_state,running
159907.957738,7,tick,""
159907.957739,0,tick,""
159907.957747,0,reduction,""
159907.957749,0,sched_state,running
159907.957750,0,channel_blocked,184
159907.957753,7,yield,""
159907.957756,7,sched_state,running
159907.957761,7,tick,""
159907.957768,7,queue_length,1
159907.957771,7,queue_length,0
159907.957776,7,sched_state,running
159907.957782,7,tick,""
159907.957793,0,channel_blocked,184
159907.957795,7,yield,""
159907.957798,7,sched_state,running
159907.957803,7,tick,""
159907.957810,7,queue_length,1
159907.957813,7,queue_length,0
159907.957817,7,sched_state,running
159907.957823,7,tick,""
159907.957836,0,channel_blocked,184
159907.957838,7,yield,""
159907.957841,7,sched_state,running
159907.957847,7,tick,""
159907.957852,7,queue_length,1
159907.957855,7,queue_length,0
159907.957859,7,sched_state,running
159907.957866,7,tick,""
159907.957877,0,channel_blocked,184
159907.957880,7,yield,""
159907.957883,7,sched_state,running
159907.957888,7,tick,""
159907.957893,7,queue_length,1
159907.957895,7,queue_length,0
159907.957908,7,sched_state,running
159907.957913,7,tick,""
159907.957921,0,channel_blocked,184
159907.957923,7,yield,""
159907.957925,7,sched_state,running
159907.957929,7,tick,""
159907.957932,7,queue_length,1
159907.957935,7,queue_length,0
159907.957939,7,sched_state,running
159907.957943,7,tick,""
159907.957951,0,channel_blocked,184
159907.957953,7,yield,""
159907.957955,7,sched_state,running
159907.957959,7,tick,""
159907.957962,7,queue_length,1
159907.957964,7,queue_length,0
159907.957967,7,sched_state,running
159907.957971,7,tick,""
159907.957980,0,channel_blocked,184
159907.957981,7,yield,""
159907.957983,7,sched_state,running
159907.957987,7,tick,""
159907.957990,7,queue_length,1
159907.957992,7,queue_length,0
159907.957995,7,sched_state,running
159907.958000,7,tick,""
159907.958008,0,channel_blocked,184
159907.958009,7,yield,""
159907.958012,7,sched_state,running
159907.958016,7,tick,""
159907.958019,7,queue_length,1
159907.958021,7,queue_length,0
159907.958024,7,sched_state,running
159907.958028,7,tick,""
159907.958036,0,channel_blocked,184
159907.958038,7,yield,""
159907.958040,7,sched_state,running
159907.958045,7,tick,""
159907.958050,7,queue_length,1
159907.958052,7,queue_length,0
159907.958056,7,sched_state,running
159907.958060,7,tick,""
159907.958069,0,channel_blocked,184
159907.958070,7,yield,""
159907.958073,7,sched_state,running
159907.958077,7,tick,""
159907.958080,7,queue_length,1
159907.958083,7,queue_length,0
159907.958086,7,sched_state,running
159907.958091,7,tick,""
159907.958099,0,channel_blocked,184
159907.958101,7,yield,""
159907.958103,7,sched_state,running
159907.958107,7,tick,""
159907.958110,7,queue_length,1
159907.958112,7,queue_length,0
159907.958115,7,sched_state,running
159907.958119,7,tick,""
159907.958128,0,channel_blocked,184
159907.958129,7,yield,""
159907.958131,7,sched_state,running
159907.958136,7,tick,""
159907.958139,7,queue_length,1
159907.958140,7,queue_length,0
159907.958144,7,sched_state,running
159907.958148,7,tick,""
159907.958156,0,channel_blocked,184
159907.958157,7,yield,""
159907.958160,7,sched_state,running
159907.958164,7,tick,""
159907.958167,7,queue_length,1
159907.958169,7,queue_length,0
159907.958172,7,sched_state,running
159907.958176,7,tick,""
159907.958184,0,channel_blocked,184
159907.958186,7,yield,""
159907.958188,7,sched_state,running
159907.958192,7,tick,""
159907.958195,7,queue_length,1
159907.958197,7,queue_length,0
159907.958200,7,sched_state,running
159907.958204,7,tick,""
159907.958224,0,channel_blocked,184
159907.958227,7,yield,""
159907.958230,7,sched_state,running
159907.958236,7,tick,""
159907.958241,7,queue_length,1
159907.958245,7,queue_length,0
159907.958250,7,sched_state,running
159907.958256,7,tick,""
159907.958266,0,tick,""
159907.958272,0,channel_blocked,184
159907.958276,7,yield,""
159907.958279,7,sched_state,running
159907.958286,7,tick,""
159907.958292,7,queue_length,1
159907.958293,0,reduction,""
159907.958294,7,queue_length,0
159907.958297,0,sched_state,running
159907.958300,7,sched_state,running
159907.958307,7,tick,""
159907.958320,0,channel_blocked,184
159907.958322,7,yield,""
159907.958325,7,sched_state,running
159907.958331,7,tick,""
159907.958336,7,queue_length,1
159907.958339,7,queue_length,0
159907.958344,7,sched_state,running
159907.958350,7,tick,""
159907.958362,0,channel_blocked,184
159907.958364,7,yield,""
159907.958367,7,sched_state,running
159907.958374,7,tick,""
159907.958378,7,queue_length,1
159907.958381,7,queue_length,0
159907.958385,7,sched_state,running
159907.958391,7,tick,""
159907.958404,0,channel_blocked,184
159907.958406,7,yield,""
159907.958409,7,sched_state,running
159907.958418,7,tick,""
159907.958423,7,queue_length,1
159907.958425,7,queue_length,0
159907.958430,7,sched_state,running
159907.958436,7,tick,""
159907.958448,0,channel_blocked,184
159907.958450,7,yield,""
159907.958453,7,sched_state,running
159907.958459,7,tick,""
159907.958464,7,queue_length,1
159907.958468,7,queue_length,0
159907.958473,7,sched_state,running
159907.958479,7,tick,""
159907.958491,0,channel_blocked,184
159907.958493,7,yield,""
159907.958496,7,sched_state,running
159907.958502,7,tick,""
159907.958506,7,queue_length,1
159907.958509,7,queue_length,0
159907.958514,7,sched_state,running
159907.958520,7,tick,""
159907.958531,0,channel_blocked,184
159907.958533,7,yield,""
159907.958536,7,sched_state,running
159907.958542,7,tick,""
159907.958546,7,queue_length,1
159907.958549,7,queue_length,0
159907.958553,7,sched_state,running
159907.958559,7,tick,""
159907.958570,0,channel_blocked,184
159907.958573,7,yield,""
159907.958577,7,sched_state,running
159907.958583,7,tick,""
159907.958587,7,queue_length,1
159907.958590,7,queue_length,0
159907.958594,7,sched_state,running
159907.958601,7,tick,""
159907.958612,0,channel_blocked,184
159907.958614,7,yield,""
159907.958617,7,sched_state,running
159907.958624,7,tick,""
159907.958628,7,queue_length,1
159907.958631,7,queue_length,0
159907.958635,7,sched_state,running
159907.958641,7,tick,""
159907.958653,0,channel_blocked,184
159907.958655,7,yield,""
159907.958658,7,sched_state,running
159907.958664,7,tick,""
159907.958668,7,queue_length,1
159907.958672,7,queue_length,0
159907.958676,7,sched_state,running
159907.958682,7,tick,""
159907.958694,0,channel_blocked,184
159907.958697,7,yield,""
159907.958700,7,sched_state,running
159907.958706,7,tick,""
159907.958711,7,queue_length,1
159907.958713,7,queue_length,0
159907.958718,7,sched_state,running
159907.958724,7,tick,""
159907.958736,0,channel_blocked,184
159907.958738,7,yield,""
159907.958741,7,sched_state,running
159907.958747,7,tick,""
159907.958751,7,queue_length,1
159907.958754,7,queue_length,0
159907.958758,7,sched_state,running
159907.958765,7,tick,""
159907.958779,0,channel_blocked,184
159907.958781,7,yield,""
159907.958784,7,sched_state,running
159907.958790,7,tick,""
159907.958795,7,queue_length,1
159907.958797,7,queue_length,0
159907.958802,7,sched_state,running
159907.958808,7,tick,""
159907.958820,0,channel_blocked,184
159907.958822,7,yield,""
159907.958825,7,sched_state,running
159907.958831,7,tick,""
159907.958836,7,queue_length,1
159907.958838,7,queue_length,0
159907.958843,7,sched_state,running
159907.958849,7,tick,""
159907.958861,0,channel_blocked,184
159907.958863,7,yield,""
159907.958866,7,sched_state,running
159907.958872,7,tick,""
159907.958877,7,queue_length,1
159907.958881,7,queue_length,0
159907.958885,7,sched_state,running
159907.958891,7,tick,""
159907.958903,0,channel_blocked,184
159907.958905,7,yield,""
159907.958908,7,sched_state,running
159907.958914,7,tick,""
159907.958918,7,queue_length,1
159907.958920,7,queue_length,0
159907.958925,7,sched_state,running
159907.958932,7,tick,""
159907.958943,0,channel_blocked,184
159907.958945,7,yield,""
159907.958948,7,sched_state,running
159907.958955,7,tick,""
159907.958959,7,queue_length,1
159907.958962,7,queue_length,0
159907.958966,7,sched_state,running
159907.958973,7,tick,""
159907.958984,0,channel_blocked,184
159907.958986,7,yield,""
159907.958989,7,sched_state,running
159907.958995,7,tick,""
159907.959000,7,queue_length,1
159907.959002,7,queue_length,0
159907.959007,7,sched_state,running
159907.959013,7,tick,""
159907.959023,2,sched_state,waiting
159907.959031,0,channel_blocked,184
159907.959033,3,sched_state,waiting
159907.959034,7,yield,""
159907.959034,2,tick,""
159907.959039,7,sched_state,running
159907.959044,3,tick,""
159907.959049,7,tick,""
159907.959049,4,sched_state,waiting
159907.959057,4,tick,""
159907.959058,7,queue_length,1
159907.959061,4,sched_state,waiting
159907.959063,7,queue_length,0
159907.959069,4,tick,""
159907.959071,7,sched_state,running
159907.959090,2,sched_state,waiting
159907.959090,7,tick,""
159907.959091,3,sched_state,waiting
159907.959096,2,tick,""
159907.959096,3,tick,""
159907.959101,2,sched_state,waiting
159907.959106,2,tick,""
159907.959114,0,channel_blocked,184
159907.959116,7,yield,""
159907.959121,7,sched_state,running
159907.959122,4,sched_state,waiting
159907.959129,4,tick,""
159907.959129,7,tick,""
159907.959133,4,sched_state,waiting
159907.959135,4,tick,""
159907.959135,7,queue_length,1
159907.959139,7,queue_length,0
159907.959146,7,sched_state,running
159907.959151,0,tick,""
159907.959156,7,tick,""
159907.959164,0,reduction,""
159907.959166,0,sched_state,running
159907.959171,0,channel_blocked,184
159907.959173,7,yield,""
159907.959177,7,sched_state,running
159907.959185,7,tick,""
159907.959195,7,queue_length,1
159907.959198,7,queue_length,0
159907.959204,7,sched_state,running
159907.959210,7,tick,""
159907.959225,0,channel_blocked,184
159907.959226,7,yield,""
159907.959229,7,sched_state,running
159907.959233,7,tick,""
159907.959236,7,queue_length,1
159907.959238,7,queue_length,0
159907.959241,7,sched_state,running
159907.959246,7,tick,""
159907.959257,0,channel_blocked,184
159907.959259,7,yield,""
159907.959261,7,sched_state,running
159907.959265,7,tick,""
159907.959268,7,queue_length,1
159907.959270,7,queue_length,0
159907.959274,7,sched_state,running
159907.959279,7,tick,""
159907.959288,0,channel_blocked,184
159907.959290,7,yield,""
159907.959293,7,sched_state,running
159907.959297,7,tick,""
159907.959301,7,queue_length,1
159907.959303,7,queue_length,0
159907.959307,7,sched_state,running
159907.959312,7,tick,""
159907.959320,0,channel_blocked,184
159907.959322,7,yield,""
159907.959324,7,sched_state,running
159907.959328,7,tick,""
159907.959331,7,queue_length,1
159907.959334,7,queue_length,0
159907.959338,7,sched_state,running
159907.959342,7,tick,""
159907.959352,0,channel_blocked,184
159907.959353,7,yield,""
159907.959356,7,sched_state,running
159907.959360,7,tick,""
159907.959363,7,queue_length,1
159907.959366,7,queue_length,0
159907.959370,7,sched_state,running
159907.959375,7,tick,""
159907.959384,0,channel_blocked,184
159907.959386,7,yield,""
159907.959388,7,sched_state,running
159907.959393,7,tick,""
159907.959397,7,queue_length,1
159907.959398,7,queue_length,0
159907.959402,7,sched_state,running
159907.959406,7,tick,""
159907.959415,0,channel_blocked,184
159907.959416,7,yield,""
159907.959418,7,sched_state,running
159907.959422,7,tick,""
159907.959426,7,queue_length,1
159907.959427,7,queue_length,0
159907.959431,7,sched_state,running
159907.959435,7,tick,""
159907.959444,0,channel_blocked,184
159907.959445,7,yield,""
159907.959447,7,sched_state,running
159907.959451,7,tick,""
159907.959455,7,queue_length,1
159907.959458,7,queue_length,0
159907.959462,7,sched_state,running
159907.959467,7,tick,""
159907.959476,0,channel_blocked,184
159907.959478,7,yield,""
159907.959480,7,sched_state,running
159907.959485,7,tick,""
159907.959489,7,queue_length,1
159907.959492,7,queue_length,0
159907.959495,7,sched_state,running
159907.959500,7,tick,""
159907.959508,0,channel_blocked,184
159907.959510,7,yield,""
159907.959512,7,sched_state,running
159907.959516,7,tick,""
159907.959519,7,queue_length,1
159907.959521,7,queue_length,0
159907.959524,7,sched_state,running
159907.959529,7,tick,""
159907.959540,0,channel_blocked,184
159907.959541,7,yield,""
159907.959543,7,sched_state,running
159907.959548,7,tick,""
159907.959553,7,queue_length,1
159907.959555,7,queue_length,0
159907.959559,7,sched_state,running
159907.959564,7,tick,""
159907.959575,0,channel_blocked,184
159907.959576,7,yield,""
159907.959579,7,sched_state,running
159907.959584,7,tick,""
159907.959587,7,queue_length,1
159907.959589,7,queue_length,0
159907.959592,7,sched_state,running
159907.959597,7,tick,""
159907.959605,0,channel_blocked,184
159907.959607,7,yield,""
159907.959609,7,sched_state,running
159907.959613,7,tick,""
159907.959616,7,queue_length,1
159907.959618,7,queue_length,0
159907.959621,7,sched_state,running
159907.959626,7,tick,""
159907.959634,0,channel_blocked,184
159907.959636,7,yield,""
159907.959638,7,sched_state,running
159907.959642,7,tick,""
159907.959646,7,queue_length,1
159907.959650,7,queue_length,0
159907.959653,7,sched_state,running
159907.959658,7,tick,""
159907.959667,0,channel_blocked,184
159907.959669,7,yield,""
159907.959672,7,sched_state,running
159907.959676,7,tick,""
159907.959680,7,queue_length,1
159907.959682,7,queue_length,0
159907.959686,7,sched_state,running
159907.959691,7,tick,""
159907.959699,0,channel_blocked,184
159907.959701,7,yield,""
159907.959704,7,sched_state,running
159907.959709,7,tick,""
159907.959712,7,queue_length,1
159907.959714,7,queue_length,0
159907.959718,7,sched_state,running
159907.959723,7,tick,""
159907.959732,0,channel_blocked,184
159907.959734,7,yield,""
159907.959736,7,sched_state,running
159907.959740,7,tick,""
159907.959743,7,queue_length,1
159907.959745,7,queue_length,0
159907.959748,7,sched_state,running
159907.959753,7,tick,""
159907.959761,0,channel_blocked,184
159907.959763,7,yield,""
159907.959765,7,sched_state,running
159907.959769,7,tick,""
159907.959772,7,queue_length,1
159907.959774,7,queue_length,0
159907.959778,7,sched_state,running
159907.959782,7,tick,""
159907.959791,0,channel_blocked,184
159907.959792,0,tick,""
159907.959794,7,yield,""
159907.959799,7,sched_state,running
159907.959801,0,reduction,""
159907.959804,0,sched_state,running
159907.959807,7,tick,""
159907.959813,7,queue_length,1
159907.959817,7,queue_length,0
159907.959821,7,sched_state,running
159907.959826,7,tick,""
159907.959839,0,channel_blocked,184
159907.959840,7,yield,""
159907.959843,7,sched_state,running
159907.959847,7,tick,""
159907.959850,7,queue_length,1
159907.959852,7,queue_length,0
159907.959856,7,sched_state,running
159907.959860,7,tick,""
159907.959869,0,channel_blocked,184
159907.959870,7,yield,""
159907.959872,7,sched_state,running
159907.959877,7,tick,""
159907.959880,7,queue_length,1
159907.959882,7,queue_length,0
159907.959885,7,sched_state,running
159907.959890,7,tick,""
159907.959899,0,channel_blocked,184
159907.959901,7,yield,""
159907.959904,7,sched_state,running
159907.959909,7,tick,""
159907.959912,7,queue_length,1
159907.959914,7,queue_length,0
159907.959918,7,sched_state,running
159907.959923,7,tick,""
159907.959932,0,channel_blocked,184
159907.959933,7,yield,""
159907.959935,7,sched_state,running
159907.959940,7,tick,""
159907.959943,7,queue_length,1
159907.959945,7,queue_length,0
159907.959948,7,sched_state,running
159907.959952,7,tick,""
159907.959962,0,channel_blocked,184
159907.959964,7,yield,""
159907.959966,7,sched_state,running
159907.959971,7,tick,""
159907.959974,7,queue_length,1
159907.959977,7,queue_length,0
159907.959981,7,sched_state,running
159907.959985,7,tick,""
159907.959996,0,channel_blocked,184
159907.959998,7,yield,""
159907.960000,7,sched_state,running
159907.960006,7,tick,""
159907.960009,7,queue_length,1
159907.960011,7,queue_length,0
159907.960015,7,sched_state,running
159907.960020,7,tick,""
159907.960029,0,channel_blocked,184
159907.960030,7,yield,""
159907.960033,7,sched_state,running
159907.960037,7,tick,""
159907.960041,7,queue_length,1
159907.960042,7,queue_length,0
159907.960046,7,sched_state,running
159907.960050,7,tick,""
159907.960059,0,channel_blocked,184
159907.960061,7,yield,""
159907.960063,7,sched_state,running
159907.960068,7,tick,""
159907.960071,7,queue_length,1
159907.960073,7,queue_length,0
159907.960076,7,sched_state,running
159907.960081,7,tick,""
159907.960091,0,channel_blocked,184
159907.960093,7,yield,""
159907.960096,7,sched_state,running
159907.960101,7,tick,""
159907.960105,7,queue_length,1
159907.960123,7,queue_length,0
159907.960128,7,sched_state,running
159907.960134,7,tick,""
159907.960144,0,channel_blocked,184
159907.960145,7,yield,""
159907.960148,7,sched_state,running
159907.960155,7,tick,""
159907.960158,7,queue_length,1
159907.960161,7,queue_length,0
159907.960165,7,sched_state,running
159907.960170,7,tick,""
159907.960179,0,channel_blocked,184
159907.960180,7,yield,""
159907.960182,7,sched_state,running
159907.960187,7,tick,""
159907.960190,7,queue_length,1
159907.960192,7,queue_length,0
159907.960202,7,sched_state,running
159907.960208,7,tick,""
159907.960218,0,channel_blocked,184
159907.960220,7,yield,""
159907.960222,7,sched_state,running
159907.960228,7,tick,""
159907.960231,7,queue_length,1
159907.960233,7,queue_length,0
159907.960237,7,sched_state,running
159907.960241,7,tick,""
159907.960250,0,channel_blocked,184
159907.960252,7,yield,""
159907.960254,7,sched_state,running
159907.960259,7,tick,""
159907.960262,7,queue_length,1
159907.960264,7,queue_length,0
159907.960267,7,sched_state,running
159907.960272,7,tick,""
159907.960280,0,channel_blocked,184
159907.960283,7,yield,""
159907.960286,7,sched_state,running
159907.960291,7,tick,""
159907.960295,7,queue_length,1
159907.960296,7,queue_length,0
159907.960300,7,sched_state,running
159907.960305,7,tick,""
159907.960313,0,channel_blocked,184
159907.960315,7,yield,""
159907.960317,7,sched_state,running
159907.960322,7,tick,""
159907.960325,7,queue_length,1
159907.960328,7,queue_length,0
159907.960331,7,sched_state,running
159907.960336,7,tick,""
159907.960345,0,channel_blocked,184
159907.960346,7,yield,""
159907.960348,7,sched_state,running
159907.960353,7,tick,""
159907.960357,7,queue_length,1
159907.960358,7,queue_length,0
159907.960362,7,sched_state,running
159907.960367,7,tick,""
159907.960375,0,channel_blocked,184
159907.960376,7,yield,""
159907.960379,7,sched_state,running
159907.960384,7,tick,""
159907.960387,7,queue_length,1
159907.960389,7,queue_length,0
159907.960392,7,sched_state,running
159907.960397,7,tick,""
159907.960405,0,channel_blocked,184
159907.960406,7,yield,""
159907.960409,7,sched_state,running
159907.960413,7,tick,""
159907.960417,7,queue_length,1
159907.960418,7,queue_length,0
159907.960422,7,sched_state,running
159907.960426,7,tick,""
159907.960435,0,channel_blocked,184
159907.960438,7,yield,""
159907.960443,7,sched_state,running
159907.960448,7,tick,""
159907.960452,7,queue_length,1
159907.960454,7,queue_length,0
159907.960458,7,sched_state,running
159907.960463,7,tick,""
159907.960473,0,channel_blocked,184
159907.960474,7,yield,""
159907.960476,7,sched_state,running
159907.960481,7,tick,""
159907.960483,0,tick,""
159907.960488,7,queue_length,1
159907.960491,7,queue_length,0
159907.960496,7,sched_state,running
159907.960501,7,tick,""
159907.960512,0,channel_blocked,184
159907.960513,7,yield,""
159907.960515,7,sched_state,running
159907.960520,7,tick,""
159907.960524,7,queue_length,1
159907.960526,7,queue_length,0
159907.960529,7,sched_state,running
159907.960536,7,tick,""
159907.960545,0,channel_blocked,184
159907.960547,7,yield,""
159907.960549,7,sched_state,running
159907.960557,7,tick,""
159907.960561,7,queue_length,1
159907.960563,7,queue_length,0
159907.960567,7,sched_state,running
159907.960572,7,tick,""
159907.960580,0,channel_blocked,184
159907.960582,7,yield,""
159907.960584,7,sched_state,running
159907.960589,7,tick,""
159907.960592,7,queue_length,1
159907.960594,7,queue_length,0
159907.960597,7,sched_state,running
159907.960602,7,tick,""
159907.960611,0,channel_blocked,184
159907.960612,7,yield,""
159907.960614,7,sched_state,running
159907.960619,7,tick,""
159907.960622,7,queue_length,1
159907.960624,7,queue_length,0
159907.960628,7,sched_state,running
159907.960633,7,tick,""
159907.960647,0,reduction,""
159907.960651,0,sched_state,running
159907.960652,0,channel_blocked,184
159907.960657,7,yield,""
