timestamp,lpu,event,value
179800.613169,0,sched_state,startup
179800.613274,0,tick,""
179800.613278,0,reduction,""
179800.613279,0,sched_state,running
179800.613363,0,tick,""
179800.613367,0,reduction,""
179800.613368,0,sched_state,running
179800.613424,0,tick,""
179800.613426,0,reduction,""
179800.613427,0,sched_state,running
179800.613505,0,tick,""
179800.613507,0,reduction,""
179800.613508,0,sched_state,running
179800.613563,0,tick,""
179800.613566,0,reduction,""
179800.613567,0,sched_state,running
179800.613619,0,tick,""
179800.613621,0,reduction,""
179800.613622,0,sched_state,running
179800.613675,0,tick,""
179800.613678,0,reduction,""
179800.613679,0,sched_state,running
179800.613731,0,tick,""
179800.613735,0,reduction,""
179800.613736,0,sched_state,running
179800.613789,0,tick,""
179800.613795,0,reduction,""
179800.613797,0,sched_state,running
179800.613859,0,tick,""
179800.613862,0,reduction,""
179800.613863,0,sched_state,running
179800.613917,0,tick,""
179800.613921,0,reduction,""
179800.613922,0,sched_state,running
179800.613980,0,tick,""
179800.613983,0,reduction,""
179800.613984,0,sched_state,running
179800.614039,0,tick,""
179800.614042,0,reduction,""
179800.614043,0,sched_state,running
179800.614098,0,tick,""
179800.614100,0,reduction,""
179800.614101,0,sched_state,running
179800.614156,0,tick,""
179800.614160,0,reduction,""
179800.614161,0,sched_state,running
179800.614214,0,tick,""
179800.614300,0,reduction,""
179800.614302,0,sched_state,running
179800.614360,0,tick,""
179800.614372,0,reduction,""
179800.614373,0,sched_state,running
179800.614429,0,tick,""
179800.614431,0,reduction,""
179800.614432,0,sched_state,running
179800.614487,0,tick,""
179800.614490,0,reduction,""
179800.614491,0,sched_state,running
179800.614549,0,tick,""
179800.616822,0,reduction,""
179800.616832,0,sched_state,running
179800.617108,0,tick,""
179800.617111,0,queue_length,0
179800.617111,1,queue_length,0
179800.617126,0,reduction,""
179800.617127,0,sched_state,running
179800.617234,0,tick,""
179800.617238,0,spawn,""
179800.617239,0,reduction,""
179800.617240,0,sched_state,running
179800.617342,0,queue_length,1
179800.617343,1,queue_length,0
179800.617344,0,tick,""
179800.617345,0,reduction,""
179800.617346,0,sched_state,running
179800.617405,0,tick,""
179800.617407,0,reduction,""
179800.617409,0,sched_state,running
179800.617465,0,tick,""
179800.617468,0,reduction,""
179800.617469,0,sched_state,running
179800.617529,0,tick,""
179800.617532,0,reduction,""
179800.617533,0,sched_state,running
179800.617591,0,tick,""
179800.617594,0,reduction,""
179800.617595,0,sched_state,running
179800.617652,0,tick,""
179800.617655,0,reduction,""
179800.617656,0,sched_state,running
179800.617714,0,tick,""
179800.617727,0,reduction,""
179800.617728,0,sched_state,running
179800.617789,0,tick,""
179800.617793,0,reduction,""
179800.617794,0,sched_state,running
179800.617851,0,tick,""
179800.617865,0,reduction,""
179800.617867,0,sched_state,running
179800.617925,0,tick,""
179800.617938,0,reduction,""
179800.617939,0,sched_state,running
179800.617999,0,tick,""
179800.618002,0,reduction,""
179800.618003,0,sched_state,running
179800.618062,0,tick,""
179800.618170,0,reduction,""
179800.618172,0,sched_state,running
179800.618231,0,tick,""
179800.618246,0,reduction,""
179800.618247,0,sched_state,running
179800.618304,0,tick,""
179800.618306,0,reduction,""
179800.618307,0,sched_state,running
179800.618365,0,tick,""
179800.618373,0,reduction,""
179800.618375,0,sched_state,running
179800.618434,0,tick,""
179800.618473,0,reduction,""
179800.618475,0,sched_state,running
179800.618531,0,tick,""
179800.618540,0,reduction,""
179800.618544,0,sched_state,running
179800.618603,0,tick,""
179800.618607,0,spawn,""
179800.618608,0,reduction,""
179800.618609,0,sched_state,running
179800.618667,0,queue_length,2
179800.618668,1,queue_length,0
179800.618669,0,tick,""
179800.618671,0,reduction,""
179800.618672,0,sched_state,running
179800.618728,0,tick,""
179800.618731,0,reduction,""
179800.618732,0,sched_state,running
179800.618788,0,tick,""
179800.618791,0,reduction,""
179800.618792,0,sched_state,running
179800.618848,0,tick,""
179800.618850,0,reduction,""
179800.618852,0,sched_state,running
179800.618909,0,tick,""
179800.618912,0,reduction,""
179800.618913,0,sched_state,running
179800.618971,0,tick,""
179800.618974,0,reduction,""
179800.618975,0,sched_state,running
179800.619033,0,tick,""
179800.619043,0,reduction,""
179800.619044,0,sched_state,running
179800.619104,0,tick,""
179800.619107,0,reduction,""
179800.619108,0,sched_state,running
179800.619165,0,tick,""
179800.619175,0,reduction,""
179800.619177,0,sched_state,running
179800.619235,0,tick,""
179800.619245,0,reduction,""
179800.619246,0,sched_state,running
179800.619304,0,tick,""
179800.619308,0,reduction,""
179800.619309,0,sched_state,running
179800.619365,0,tick,""
179800.619453,0,reduction,""
179800.619455,0,sched_state,running
179800.619515,0,tick,""
179800.619526,0,reduction,""
179800.619529,0,sched_state,running
179800.619588,0,tick,""
179800.619590,0,reduction,""
179800.619591,0,sched_state,running
179800.619647,0,tick,""
179800.619650,0,reduction,""
179800.619651,0,sched_state,running
179800.619706,0,tick,""
179800.619709,0,reduction,""
179800.619710,0,sched_state,running
179800.619764,0,tick,""
179800.619768,0,reduction,""
179800.619769,0,sched_state,running
179800.619824,0,tick,""
179800.619892,0,reduction,""
179800.619896,0,sched_state,running
179800.619955,0,tick,""
179800.619960,0,reduction,""
179800.619961,0,sched_state,running
179800.620018,0,tick,""
179800.620086,0,reduction,""
179800.620089,0,sched_state,running
179800.620153,0,tick,""
179800.620155,0,queue_length,2
179800.620156,1,queue_length,0
179800.620159,0,reduction,""
179800.620161,0,sched_state,running
179800.620222,0,tick,""
179800.620225,0,reduction,""
179800.620226,0,sched_state,running
179800.620284,0,tick,""
179800.620287,0,reduction,""
179800.620288,0,sched_state,running
179800.620343,0,tick,""
179800.620346,0,reduction,""
179800.620347,0,sched_state,running
179800.620407,0,tick,""
179800.620410,0,reduction,""
179800.620411,0,sched_state,running
179800.620470,0,tick,""
179800.620501,0,reduction,""
179800.620503,0,sched_state,running
179800.620562,0,tick,""
179800.620565,0,reduction,""
179800.620566,0,sched_state,running
179800.620625,0,tick,""
179800.620628,0,spawn,""
179800.620629,0,reduction,""
179800.620630,0,sched_state,running
179800.620688,0,queue_length,2
179800.620692,1,queue_length,1
179800.620693,0,tick,""
179800.620695,0,reduction,""
179800.620696,0,sched_state,running
179800.620753,0,tick,""
179800.620755,0,reduction,""
179800.620756,0,sched_state,running
179800.620812,0,tick,""
179800.620816,0,reduction,""
179800.620817,0,sched_state,running
179800.620876,0,tick,""
179800.620879,0,reduction,""
179800.620880,0,sched_state,running
179800.620937,0,tick,""
179800.620940,0,reduction,""
179800.620941,0,sched_state,running
179800.620995,0,tick,""
179800.621068,0,reduction,""
179800.621070,0,sched_state,running
179800.621127,0,tick,""
179800.621131,0,reduction,""
179800.621132,0,sched_state,running
179800.621186,0,tick,""
179800.621256,0,reduction,""
179800.621258,0,sched_state,running
179800.621317,0,tick,""
179800.621321,0,reduction,""
179800.621323,0,sched_state,running
179800.621377,0,tick,""
179800.621387,0,reduction,""
179800.621388,0,sched_state,running
179800.621446,0,tick,""
179800.621773,0,reduction,""
179800.621782,0,sched_state,running
179800.622036,0,tick,""
179800.622078,0,reduction,""
179800.622083,0,sched_state,running
179800.622156,0,tick,""
179800.622316,0,reduction,""
179800.622318,0,sched_state,running
179800.622379,0,tick,""
179800.622385,0,reduction,""
179800.622386,0,sched_state,running
179800.622444,0,tick,""
179800.622448,0,reduction,""
179800.622449,0,sched_state,running
179800.622504,0,tick,""
179800.622510,0,reduction,""
179800.622512,0,sched_state,running
179800.622568,0,tick,""
179800.622572,0,reduction,""
179800.622573,0,sched_state,running
179800.622628,0,tick,""
179800.622632,0,reduction,""
179800.622633,0,sched_state,running
179800.622687,0,tick,""
179800.622691,0,reduction,""
179800.622692,0,sched_state,running
179800.622747,0,tick,""
179800.622750,0,reduction,""
179800.622751,0,sched_state,running
179800.622804,0,tick,""
179800.622808,0,queue_length,2
179800.622809,1,queue_length,1
179800.622813,0,reduction,""
179800.622814,0,sched_state,running
179800.622871,0,tick,""
179800.622875,0,reduction,""
179800.622876,0,sched_state,running
179800.622932,0,tick,""
179800.622935,0,reduction,""
179800.622936,0,sched_state,running
179800.622991,0,tick,""
179800.622995,0,reduction,""
179800.622996,0,sched_state,running
179800.623051,0,tick,""
179800.623054,0,reduction,""
179800.623056,0,sched_state,running
179800.623118,0,tick,""
179800.623149,0,reduction,""
179800.623150,0,sched_state,running
179800.623211,0,tick,""
179800.623215,0,reduction,""
179800.623217,0,sched_state,running
179800.623275,0,tick,""
179800.623281,0,spawn,""
179800.623282,0,reduction,""
179800.623283,0,sched_state,running
179800.623341,0,queue_length,2
179800.623343,1,queue_length,2
179800.623344,0,tick,""
179800.623345,0,reduction,""
179800.623347,0,sched_state,running
179800.623405,0,tick,""
179800.623407,0,reduction,""
179800.623408,0,sched_state,running
179800.623464,0,tick,""
179800.623467,0,reduction,""
179800.623468,0,sched_state,running
179800.623527,0,tick,""
179800.623530,0,reduction,""
179800.623531,0,sched_state,running
179800.623590,0,tick,""
179800.623595,0,reduction,""
179800.623596,0,sched_state,running
179800.623655,0,tick,""
179800.623728,0,reduction,""
179800.623730,0,sched_state,running
179800.623789,0,tick,""
179800.623794,0,reduction,""
179800.623795,0,sched_state,running
179800.623854,0,tick,""
179800.623925,0,reduction,""
179800.623927,0,sched_state,running
179800.623984,0,tick,""
179800.623989,0,reduction,""
179800.623990,0,sched_state,running
179800.624045,0,tick,""
179800.624054,0,reduction,""
179800.624056,0,sched_state,running
179800.624140,0,tick,""
179800.624160,0,reduction,""
179800.624162,0,sched_state,running
179800.624222,0,tick,""
179800.624232,0,reduction,""
179800.624233,0,sched_state,running
179800.624294,0,tick,""
179800.624425,0,reduction,""
179800.624428,0,sched_state,running
179800.624488,0,tick,""
179800.624493,0,reduction,""
179800.624494,0,sched_state,running
179800.624551,0,tick,""
179800.624558,0,reduction,""
179800.624560,0,sched_state,running
179800.624615,0,tick,""
179800.624620,0,reduction,""
179800.624621,0,sched_state,running
179800.624677,0,tick,""
179800.624680,0,reduction,""
179800.624681,0,sched_state,running
179800.624737,0,tick,""
179800.624741,0,reduction,""
179800.624742,0,sched_state,running
179800.624797,0,tick,""
179800.624800,0,reduction,""
179800.624801,0,sched_state,running
179800.624855,0,tick,""
179800.624861,0,reduction,""
179800.624862,0,sched_state,running
179800.624917,0,tick,""
179800.624919,0,queue_length,2
179800.624919,1,queue_length,2
179800.624923,0,reduction,""
179800.624924,0,sched_state,running
179800.624979,0,tick,""
179800.624986,0,reduction,""
179800.624987,0,sched_state,running
179800.625045,0,tick,""
179800.625048,0,reduction,""
179800.625049,0,sched_state,running
179800.625105,0,tick,""
179800.625108,0,reduction,""
179800.625109,0,sched_state,running
179800.625166,0,tick,""
179800.625168,0,reduction,""
179800.625169,0,sched_state,running
179800.625225,0,tick,""
179800.625229,0,reduction,""
179800.625231,0,sched_state,running
179800.625286,0,tick,""
179800.625862,0,channel_blocked,73
179800.625864,0,yield,""
179800.625866,0,sched_state,running
179800.625933,0,tick,""
179800.625937,0,reduction,""
179800.625938,0,sched_state,running
179800.625999,0,tick,""
179800.626007,0,reduction,""
179800.626008,0,sched_state,running
179800.626069,0,tick,""
179800.626072,0,reduction,""
179800.626073,0,sched_state,running
179800.626132,0,tick,""
179800.626139,0,reduction,""
179800.626141,0,sched_state,running
179800.626200,0,tick,""
179800.626204,0,reduction,""
179800.626205,0,sched_state,running
179800.626264,0,tick,""
179800.626268,0,reduction,""
179800.626269,0,sched_state,running
179800.626327,0,tick,""
179800.626942,1,channel_blocked,87
179800.626943,0,yield,""
179800.626946,0,sched_state,running
179800.627012,0,tick,""
179800.627017,0,reduction,""
179800.627019,0,sched_state,running
179800.627082,0,tick,""
179800.627093,0,reduction,""
179800.627094,0,sched_state,running
179800.627157,0,tick,""
179800.627168,0,reduction,""
179800.627170,0,sched_state,running
179800.627232,0,tick,""
179800.627242,0,reduction,""
179800.627244,0,sched_state,running
179800.627308,0,tick,""
179800.627442,0,reduction,""
179800.627444,0,sched_state,running
179800.627509,0,tick,""
179800.627514,0,reduction,""
179800.627515,0,sched_state,running
179800.627575,0,tick,""
179800.627581,0,reduction,""
179800.627582,0,sched_state,running
179800.627642,0,tick,""
179800.627646,0,reduction,""
179800.627647,0,sched_state,running
179800.627706,0,tick,""
179800.627710,0,reduction,""
179800.627711,0,sched_state,running
179800.627768,0,tick,""
179800.627774,0,reduction,""
179800.627775,0,sched_state,running
179800.627833,0,tick,""
179800.627837,0,reduction,""
179800.627838,0,sched_state,running
179800.627895,0,tick,""
179800.627899,0,reduction,""
179800.627900,0,sched_state,running
179800.627957,0,tick,""
179800.627962,0,reduction,""
179800.627963,0,sched_state,running
179800.628020,0,tick,""
179800.628023,0,reduction,""
179800.628024,0,sched_state,running
179800.628081,0,tick,""
179800.628084,0,reduction,""
179800.628085,0,sched_state,running
179800.628148,0,tick,""
179800.630206,1,channel_unblocked,116
179800.630210,0,yield,""
179800.630214,0,sched_state,running
179800.630887,0,tick,""
179800.630891,0,sched_state,running
179800.631272,0,tick,""
179800.631275,0,queue_length,1
179800.631275,1,queue_length,2
179800.631280,0,reduction,""
179800.631281,0,sched_state,running
179800.631490,0,tick,""
179800.631494,0,reduction,""
179800.631496,0,sched_state,running
179800.631860,0,tick,""
179800.632575,3,channel_blocked,87
179800.632577,0,yield,""
179800.632579,0,sched_state,running
179800.632647,0,tick,""
179800.632652,0,reduction,""
179800.632654,0,sched_state,running
179800.632718,0,tick,""
179800.632721,0,reduction,""
179800.632722,0,sched_state,running
179800.632804,0,tick,""
179800.632807,0,reduction,""
179800.632808,0,sched_state,running
179800.632867,0,tick,""
179800.633277,2,channel_blocked,157
179800.633279,0,yield,""
179800.633281,0,sched_state,running
179800.633427,0,tick,""
179800.633436,0,reduction,""
179800.633437,0,sched_state,running
179800.633500,0,tick,""
179800.633503,0,reduction,""
179800.633504,0,sched_state,running
179800.633562,0,tick,""
179800.633565,0,reduction,""
179800.633566,0,sched_state,running
179800.633624,0,tick,""
179800.635769,3,channel_unblocked,203
179800.635773,0,yield,""
179800.635776,0,sched_state,running
179800.636362,0,tick,""
179800.636366,0,sched_state,running
179800.636672,0,tick,""
179800.636674,0,queue_length,1
179800.636675,1,queue_length,0
179800.636684,0,reduction,""
179800.636686,0,sched_state,running
179800.636964,0,tick,""
179800.636968,0,reduction,""
179800.636971,0,sched_state,running
179800.637128,0,tick,""
179800.639194,0,channel_unblocked,87
179800.639198,0,yield,""
179800.639203,0,sched_state,running
179800.639701,0,tick,""
179800.639705,0,sched_state,running
179800.639956,0,tick,""
179800.639958,0,queue_length,1
179800.639959,1,queue_length,0
179800.639962,0,reduction,""
179800.639963,0,sched_state,running
179800.640102,0,tick,""
179800.640106,0,reduction,""
179800.640110,0,sched_state,running
179800.640367,0,tick,""
179800.642114,2,channel_unblocked,73
179800.642119,0,yield,""
179800.642122,0,sched_state,running
179800.642553,0,tick,""
179800.642558,0,reduction,""
179800.642560,0,sched_state,running
179800.642981,0,tick,""
179800.642986,0,sched_state,stop
