timestamp,lpu,event,value
179803.095863,0,sched_state,startup
179803.095966,0,tick,""
179803.095971,0,reduction,""
179803.095973,0,sched_state,running
179803.096056,0,tick,""
179803.096058,0,reduction,""
179803.096059,0,sched_state,running
179803.096146,0,tick,""
179803.096149,0,reduction,""
179803.096158,0,sched_state,running
179803.096214,0,tick,""
179803.096216,0,reduction,""
179803.096217,0,sched_state,running
179803.096273,0,tick,""
179803.096275,0,reduction,""
179803.096276,0,sched_state,running
179803.096328,0,tick,""
179803.096331,0,reduction,""
179803.096332,0,sched_state,running
179803.096386,0,tick,""
179803.096388,0,reduction,""
179803.096389,0,sched_state,running
179803.096442,0,tick,""
179803.096445,0,reduction,""
179803.096446,0,sched_state,running
179803.096500,0,tick,""
179803.096506,0,reduction,""
179803.096507,0,sched_state,running
179803.096570,0,tick,""
179803.096573,0,reduction,""
179803.096576,0,sched_state,running
179803.096631,0,tick,""
179803.096634,0,reduction,""
179803.096635,0,sched_state,running
179803.096694,0,tick,""
179803.096697,0,reduction,""
179803.096698,0,sched_state,running
179803.096754,0,tick,""
179803.096756,0,reduction,""
179803.096757,0,sched_state,running
179803.096813,0,tick,""
179803.096815,0,reduction,""
179803.096815,0,sched_state,running
179803.096871,0,tick,""
179803.096874,0,reduction,""
179803.096875,0,sched_state,running
179803.096929,0,tick,""
179803.097034,0,reduction,""
179803.097036,0,sched_state,running
179803.097095,0,tick,""
179803.097107,0,reduction,""
179803.097108,0,sched_state,running
179803.097164,0,tick,""
179803.097166,0,reduction,""
179803.097166,0,sched_state,running
179803.097221,0,tick,""
179803.097223,0,reduction,""
179803.097224,0,sched_state,running
179803.097282,0,tick,""
179803.099497,0,reduction,""
179803.099500,0,sched_state,running
179803.099608,0,tick,""
179803.099610,0,queue_length,0
179803.099610,1,queue_length,0
179803.099625,0,reduction,""
179803.099626,0,sched_state,running
179803.099732,0,tick,""
179803.099736,0,spawn,""
179803.099737,0,reduction,""
179803.099739,0,sched_state,running
179803.099839,0,queue_length,1
179803.099841,1,queue_length,0
179803.099842,0,tick,""
179803.099843,0,reduction,""
179803.099844,0,sched_state,running
179803.099902,0,tick,""
179803.099909,0,reduction,""
179803.099910,0,sched_state,running
179803.099968,0,tick,""
179803.099971,0,reduction,""
179803.099972,0,sched_state,running
179803.100030,0,tick,""
179803.100032,0,reduction,""
179803.100033,0,sched_state,running
179803.100091,0,tick,""
179803.100094,0,reduction,""
179803.100095,0,sched_state,running
179803.100176,0,tick,""
179803.100180,0,reduction,""
179803.100181,0,sched_state,running
179803.100239,0,tick,""
179803.100253,0,reduction,""
179803.100255,0,sched_state,running
179803.100316,0,tick,""
179803.100320,0,reduction,""
179803.100321,0,sched_state,running
179803.100379,0,tick,""
179803.100392,0,reduction,""
179803.100393,0,sched_state,running
179803.100453,0,tick,""
179803.100466,0,reduction,""
179803.100468,0,sched_state,running
179803.100529,0,tick,""
179803.100533,0,reduction,""
179803.100534,0,sched_state,running
179803.100592,0,tick,""
179803.100699,0,reduction,""
179803.100701,0,sched_state,running
179803.100759,0,tick,""
179803.100771,0,reduction,""
179803.100773,0,sched_state,running
179803.100832,0,tick,""
179803.100834,0,reduction,""
179803.100835,0,sched_state,running
179803.100893,0,tick,""
179803.100902,0,reduction,""
179803.100903,0,sched_state,running
179803.100961,0,tick,""
179803.101002,0,reduction,""
179803.101004,0,sched_state,running
179803.101061,0,tick,""
179803.101071,0,reduction,""
179803.101072,0,sched_state,running
179803.101131,0,tick,""
179803.101134,0,spawn,""
179803.101135,0,reduction,""
179803.101136,0,sched_state,running
179803.101195,0,queue_length,2
179803.101196,1,queue_length,0
179803.101197,0,tick,""
179803.101198,0,reduction,""
179803.101199,0,sched_state,running
179803.101256,0,tick,""
179803.101259,0,reduction,""
179803.101260,0,sched_state,running
179803.101316,0,tick,""
179803.101319,0,reduction,""
179803.101320,0,sched_state,running
179803.101377,0,tick,""
179803.101380,0,reduction,""
179803.101381,0,sched_state,running
179803.101440,0,tick,""
179803.101443,0,reduction,""
179803.101444,0,sched_state,running
179803.101501,0,tick,""
179803.101504,0,reduction,""
179803.101505,0,sched_state,running
179803.101561,0,tick,""
179803.101574,0,reduction,""
179803.101576,0,sched_state,running
179803.101636,0,tick,""
179803.101639,0,reduction,""
179803.101640,0,sched_state,running
179803.101698,0,tick,""
179803.101707,0,reduction,""
179803.101708,0,sched_state,running
179803.101768,0,tick,""
179803.101779,0,reduction,""
179803.101780,0,sched_state,running
179803.101839,0,tick,""
179803.101843,0,reduction,""
179803.101844,0,sched_state,running
179803.101901,0,tick,""
179803.101987,0,reduction,""
179803.101989,0,sched_state,running
179803.102050,0,tick,""
179803.102061,0,reduction,""
179803.102063,0,sched_state,running
179803.102120,0,tick,""
179803.102123,0,reduction,""
179803.102124,0,sched_state,running
179803.102182,0,tick,""
179803.102190,0,reduction,""
179803.102191,0,sched_state,running
179803.102249,0,tick,""
179803.102281,0,reduction,""
179803.102283,0,sched_state,running
179803.102341,0,tick,""
179803.102350,0,reduction,""
179803.102351,0,sched_state,running
179803.102411,0,tick,""
179803.102415,0,spawn,""
179803.102416,0,reduction,""
179803.102417,0,sched_state,running
179803.102476,0,queue_length,3
179803.102480,1,queue_length,0
179803.102481,0,tick,""
179803.102483,0,reduction,""
179803.102484,0,sched_state,running
179803.102542,0,tick,""
179803.102544,0,reduction,""
179803.102545,0,sched_state,running
179803.102602,0,tick,""
179803.102605,0,reduction,""
179803.102606,0,sched_state,running
179803.102664,0,tick,""
179803.102667,0,reduction,""
179803.102668,0,sched_state,running
179803.102725,0,tick,""
179803.102728,0,reduction,""
179803.102731,0,sched_state,running
179803.102790,0,tick,""
179803.102793,0,reduction,""
179803.102794,0,sched_state,running
179803.102852,0,tick,""
179803.102862,0,reduction,""
179803.102863,0,sched_state,running
179803.102923,0,tick,""
179803.102927,0,reduction,""
179803.102928,0,sched_state,running
179803.102986,0,tick,""
179803.102995,0,reduction,""
179803.102996,0,sched_state,running
179803.103054,0,tick,""
179803.103065,0,reduction,""
179803.103067,0,sched_state,running
179803.103129,0,tick,""
179803.103133,0,reduction,""
179803.103134,0,sched_state,running
179803.103192,0,tick,""
179803.103276,0,reduction,""
179803.103278,0,sched_state,running
179803.103338,0,tick,""
179803.103350,0,reduction,""
179803.103352,0,sched_state,running
179803.103410,0,tick,""
179803.103413,0,reduction,""
179803.103414,0,sched_state,running
179803.103473,0,tick,""
179803.103481,0,reduction,""
179803.103483,0,sched_state,running
179803.103542,0,tick,""
179803.103572,0,reduction,""
179803.103573,0,sched_state,running
179803.103633,0,tick,""
179803.103642,0,reduction,""
179803.103643,0,sched_state,running
179803.103706,0,tick,""
179803.103710,0,spawn,""
179803.103711,0,reduction,""
179803.103712,0,sched_state,running
179803.103772,0,queue_length,4
179803.103774,1,queue_length,0
179803.103775,0,tick,""
179803.103776,0,reduction,""
179803.103777,0,sched_state,running
179803.103835,0,tick,""
179803.103838,0,reduction,""
179803.103839,0,sched_state,running
179803.103898,0,tick,""
179803.103901,0,reduction,""
179803.103902,0,sched_state,running
179803.103961,0,tick,""
179803.103964,0,reduction,""
179803.103965,0,sched_state,running
179803.104023,0,tick,""
179803.104026,0,reduction,""
179803.104027,0,sched_state,running
179803.104085,0,tick,""
179803.104088,0,reduction,""
179803.104089,0,sched_state,running
179803.104155,0,tick,""
179803.104173,0,reduction,""
179803.104175,0,sched_state,running
179803.104237,0,tick,""
179803.104240,0,reduction,""
179803.104241,0,sched_state,running
179803.104300,0,tick,""
179803.104310,0,reduction,""
179803.104312,0,sched_state,running
179803.104370,0,tick,""
179803.104382,0,reduction,""
179803.104383,0,sched_state,running
179803.104444,0,tick,""
179803.104448,0,reduction,""
179803.104449,0,sched_state,running
179803.104509,0,tick,""
179803.104596,0,reduction,""
179803.104598,0,sched_state,running
179803.104660,0,tick,""
179803.104672,0,reduction,""
179803.104673,0,sched_state,running
179803.104734,0,tick,""
179803.104737,0,reduction,""
179803.104738,0,sched_state,running
179803.104797,0,tick,""
179803.104808,0,reduction,""
179803.104810,0,sched_state,running
179803.104870,0,tick,""
179803.104909,0,reduction,""
179803.104910,0,sched_state,running
179803.104973,0,tick,""
179803.104983,0,reduction,""
179803.104984,0,sched_state,running
179803.105046,0,tick,""
179803.105050,0,spawn,""
179803.105051,0,reduction,""
179803.105053,0,sched_state,running
179803.105114,0,queue_length,5
179803.105115,1,queue_length,0
179803.105117,0,tick,""
179803.105120,0,reduction,""
179803.105121,0,sched_state,running
179803.105181,0,tick,""
179803.105183,0,reduction,""
179803.105185,0,sched_state,running
179803.105243,0,tick,""
179803.105247,0,reduction,""
179803.105248,0,sched_state,running
179803.105308,0,tick,""
179803.105310,0,reduction,""
179803.105311,0,sched_state,running
179803.105371,0,tick,""
179803.105374,0,reduction,""
179803.105375,0,sched_state,running
179803.105437,0,tick,""
179803.105440,0,reduction,""
179803.105442,0,sched_state,running
179803.105501,0,tick,""
179803.105512,0,reduction,""
179803.105513,0,sched_state,running
179803.105574,0,tick,""
179803.105578,0,reduction,""
179803.105580,0,sched_state,running
179803.105640,0,tick,""
179803.105648,0,reduction,""
179803.105650,0,sched_state,running
179803.105711,0,tick,""
179803.105723,0,reduction,""
179803.105724,0,sched_state,running
179803.105786,0,tick,""
179803.105792,0,reduction,""
179803.105793,0,sched_state,running
179803.105853,0,tick,""
179803.105937,0,reduction,""
179803.105939,0,sched_state,running
179803.106001,0,tick,""
179803.106012,0,reduction,""
179803.106014,0,sched_state,running
179803.106074,0,tick,""
179803.106077,0,reduction,""
179803.106078,0,sched_state,running
179803.106138,0,tick,""
179803.106150,0,reduction,""
179803.106152,0,sched_state,running
179803.106213,0,tick,""
179803.106248,0,reduction,""
179803.106250,0,sched_state,running
179803.106311,0,tick,""
179803.106322,0,reduction,""
179803.106324,0,sched_state,running
179803.106386,0,tick,""
179803.106390,0,spawn,""
179803.106392,0,reduction,""
179803.106393,0,sched_state,running
179803.106455,0,queue_length,6
179803.106456,1,queue_length,0
179803.106458,0,tick,""
179803.106460,0,reduction,""
179803.106461,0,sched_state,running
179803.106520,0,tick,""
179803.106523,0,reduction,""
179803.106524,0,sched_state,running
179803.106585,0,tick,""
179803.106588,0,reduction,""
179803.106589,0,sched_state,running
179803.106650,0,tick,""
179803.106653,0,reduction,""
179803.106654,0,sched_state,running
179803.106715,0,tick,""
179803.106718,0,reduction,""
179803.106719,0,sched_state,running
179803.106780,0,tick,""
179803.106783,0,reduction,""
179803.106784,0,sched_state,running
179803.106845,0,tick,""
179803.106859,0,reduction,""
179803.106861,0,sched_state,running
179803.106926,0,tick,""
179803.106930,0,reduction,""
179803.106931,0,sched_state,running
179803.106992,0,tick,""
179803.107001,0,reduction,""
179803.107002,0,sched_state,running
179803.107064,0,tick,""
179803.107076,0,reduction,""
179803.107078,0,sched_state,running
179803.107140,0,tick,""
179803.107143,0,reduction,""
179803.107145,0,sched_state,running
179803.107207,0,tick,""
179803.107289,0,reduction,""
179803.107293,0,sched_state,running
179803.107356,0,tick,""
179803.107367,0,reduction,""
179803.107369,0,sched_state,running
179803.107429,0,tick,""
179803.107433,0,reduction,""
179803.107434,0,sched_state,running
179803.107496,0,tick,""
179803.107506,0,reduction,""
179803.107508,0,sched_state,running
179803.107570,0,tick,""
179803.107599,0,reduction,""
179803.107601,0,sched_state,running
179803.107663,0,tick,""
179803.107673,0,reduction,""
179803.107675,0,sched_state,running
179803.107738,0,tick,""
179803.107742,0,spawn,""
179803.107743,0,reduction,""
179803.107746,0,sched_state,running
179803.107808,0,queue_length,7
179803.107809,1,queue_length,0
179803.107810,0,tick,""
179803.107812,0,reduction,""
179803.107813,0,sched_state,running
179803.107875,0,tick,""
179803.107878,0,reduction,""
179803.107879,0,sched_state,running
179803.107939,0,tick,""
179803.107942,0,reduction,""
179803.107943,0,sched_state,running
179803.108005,0,tick,""
179803.108008,0,reduction,""
179803.108009,0,sched_state,running
179803.108072,0,tick,""
179803.108075,0,reduction,""
179803.108076,0,sched_state,running
179803.108158,0,tick,""
179803.108162,0,reduction,""
179803.108163,0,sched_state,running
179803.108224,0,tick,""
179803.108238,0,reduction,""
179803.108239,0,sched_state,running
179803.108302,0,tick,""
179803.108309,0,reduction,""
179803.108310,0,sched_state,running
179803.108371,0,tick,""
179803.108380,0,reduction,""
179803.108382,0,sched_state,running
179803.108446,0,tick,""
179803.108462,0,reduction,""
179803.108464,0,sched_state,running
179803.108528,0,tick,""
179803.108532,0,reduction,""
179803.108534,0,sched_state,running
179803.108597,0,tick,""
179803.108680,0,reduction,""
179803.108683,0,sched_state,running
179803.108748,0,tick,""
179803.108760,0,reduction,""
179803.108762,0,sched_state,running
179803.108825,0,tick,""
179803.108828,0,reduction,""
179803.108829,0,sched_state,running
179803.108893,0,tick,""
179803.108904,0,reduction,""
179803.108906,0,sched_state,running
179803.108969,0,tick,""
179803.109003,0,reduction,""
179803.109005,0,sched_state,running
179803.109068,0,tick,""
179803.109080,0,reduction,""
179803.109081,0,sched_state,running
179803.109143,0,tick,""
179803.109147,0,spawn,""
179803.109151,0,reduction,""
179803.109153,0,sched_state,running
179803.109215,0,queue_length,8
179803.109217,1,queue_length,0
179803.109218,0,tick,""
179803.109220,0,reduction,""
179803.109221,0,sched_state,running
179803.109282,0,tick,""
179803.109287,0,reduction,""
179803.109288,0,sched_state,running
179803.109348,0,tick,""
179803.109352,0,reduction,""
179803.109353,0,sched_state,running
179803.109414,0,tick,""
179803.109417,0,reduction,""
179803.109418,0,sched_state,running
179803.109480,0,tick,""
179803.109483,0,reduction,""
179803.109484,0,sched_state,running
179803.109546,0,tick,""
179803.109550,0,reduction,""
179803.109551,0,sched_state,running
179803.109612,0,tick,""
179803.109628,0,reduction,""
179803.109629,0,sched_state,running
179803.109692,0,tick,""
179803.109696,0,reduction,""
179803.109698,0,sched_state,running
179803.109759,0,tick,""
179803.109771,0,reduction,""
179803.109772,0,sched_state,running
179803.109834,0,tick,""
179803.109848,0,reduction,""
179803.109849,0,sched_state,running
179803.109914,0,tick,""
179803.109918,0,reduction,""
179803.109920,0,sched_state,running
179803.109982,0,tick,""
179803.110064,0,reduction,""
179803.110067,0,sched_state,running
179803.110133,0,tick,""
179803.110143,0,reduction,""
179803.110145,0,sched_state,running
179803.110207,0,tick,""
179803.110210,0,reduction,""
179803.110211,0,sched_state,running
179803.110271,0,tick,""
179803.110274,0,reduction,""
179803.110275,0,sched_state,running
179803.110336,0,tick,""
179803.110339,0,reduction,""
179803.110340,0,sched_state,running
179803.110399,0,tick,""
179803.110402,0,reduction,""
179803.110404,0,sched_state,running
179803.110461,0,tick,""
179803.110530,0,reduction,""
179803.110532,0,sched_state,running
179803.110596,0,tick,""
179803.110601,0,reduction,""
179803.110602,0,sched_state,running
179803.110664,0,tick,""
179803.110732,0,reduction,""
179803.110734,0,sched_state,running
179803.110819,0,tick,""
179803.110822,0,queue_length,8
179803.110825,1,queue_length,0
179803.110831,0,reduction,""
179803.110838,0,sched_state,running
179803.110903,0,tick,""
179803.110907,0,reduction,""
179803.110908,0,sched_state,running
179803.110971,0,tick,""
179803.110974,0,reduction,""
179803.110975,0,sched_state,running
179803.111038,0,tick,""
179803.111042,0,reduction,""
179803.111043,0,sched_state,running
179803.111107,0,tick,""
179803.111112,0,reduction,""
179803.111113,0,sched_state,running
179803.111177,0,tick,""
179803.111215,0,reduction,""
179803.111216,0,sched_state,running
179803.111281,0,tick,""
179803.111285,0,reduction,""
179803.111286,0,sched_state,running
179803.111349,0,tick,""
179803.111353,0,spawn,""
179803.111357,0,reduction,""
179803.111358,0,sched_state,running
179803.111421,0,queue_length,8
179803.111423,1,queue_length,1
179803.111424,0,tick,""
179803.111426,0,reduction,""
179803.111427,0,sched_state,running
179803.111487,0,tick,""
179803.111492,0,reduction,""
179803.111493,0,sched_state,running
179803.111554,0,tick,""
179803.111558,0,reduction,""
179803.111558,0,sched_state,running
179803.111622,0,tick,""
179803.111625,0,reduction,""
179803.111626,0,sched_state,running
179803.111689,0,tick,""
179803.111693,0,reduction,""
179803.111694,0,sched_state,running
179803.111753,0,tick,""
179803.111826,0,reduction,""
179803.111828,0,sched_state,running
179803.111891,0,tick,""
179803.111896,0,reduction,""
179803.111897,0,sched_state,running
179803.111959,0,tick,""
179803.112028,0,reduction,""
179803.112031,0,sched_state,running
179803.112094,0,tick,""
179803.112098,0,reduction,""
179803.112100,0,sched_state,running
179803.112176,0,tick,""
179803.112187,0,reduction,""
179803.112189,0,sched_state,running
179803.112253,0,tick,""
179803.112530,0,reduction,""
179803.112532,0,sched_state,running
179803.112658,0,tick,""
179803.112674,0,reduction,""
179803.112675,0,sched_state,running
179803.112743,0,tick,""
179803.113130,0,reduction,""
179803.113132,0,sched_state,running
179803.113216,0,tick,""
179803.113228,0,reduction,""
179803.113230,0,sched_state,running
179803.113308,0,tick,""
179803.113323,0,reduction,""
179803.113325,0,sched_state,running
179803.113392,0,tick,""
179803.113402,0,reduction,""
179803.113403,0,sched_state,running
179803.113469,0,tick,""
179803.113479,0,reduction,""
179803.113480,0,sched_state,running
179803.113545,0,tick,""
179803.113555,0,reduction,""
179803.113556,0,sched_state,running
179803.113621,0,tick,""
179803.113631,0,reduction,""
179803.113632,0,sched_state,running
179803.113695,0,tick,""
179803.113704,0,reduction,""
179803.113706,0,sched_state,running
179803.113769,0,tick,""
179803.113770,0,queue_length,8
179803.113771,1,queue_length,1
179803.113775,0,reduction,""
179803.113776,0,sched_state,running
179803.113840,0,tick,""
179803.113845,0,reduction,""
179803.113847,0,sched_state,running
179803.113910,0,tick,""
179803.113914,0,reduction,""
179803.113915,0,sched_state,running
179803.113978,0,tick,""
179803.113983,0,reduction,""
179803.113985,0,sched_state,running
179803.114048,0,tick,""
179803.114051,0,reduction,""
179803.114052,0,sched_state,running
179803.114119,0,tick,""
179803.114155,0,reduction,""
179803.114157,0,sched_state,running
179803.114223,0,tick,""
179803.114228,0,reduction,""
179803.114229,0,sched_state,running
179803.114294,0,tick,""
179803.114300,0,spawn,""
179803.114302,0,reduction,""
179803.114303,0,sched_state,running
179803.114369,0,queue_length,8
179803.114371,1,queue_length,2
179803.114372,0,tick,""
179803.114374,0,reduction,""
179803.114375,0,sched_state,running
179803.114440,0,tick,""
179803.114443,0,reduction,""
179803.114444,0,sched_state,running
179803.114508,0,tick,""
179803.114511,0,reduction,""
179803.114512,0,sched_state,running
179803.114579,0,tick,""
179803.114581,0,reduction,""
179803.114583,0,sched_state,running
179803.114648,0,tick,""
179803.114652,0,reduction,""
179803.114653,0,sched_state,running
179803.114719,0,tick,""
179803.114790,0,reduction,""
179803.114792,0,sched_state,running
179803.114860,0,tick,""
179803.114864,0,reduction,""
179803.114866,0,sched_state,running
179803.114930,0,tick,""
179803.114999,0,reduction,""
179803.115001,0,sched_state,running
179803.115070,0,tick,""
179803.115075,0,reduction,""
179803.115077,0,sched_state,running
179803.115141,0,tick,""
179803.115151,0,reduction,""
179803.115153,0,sched_state,running
179803.115220,0,tick,""
179803.115231,0,reduction,""
179803.115233,0,sched_state,running
179803.115300,0,tick,""
179803.115309,0,reduction,""
179803.115312,0,sched_state,running
179803.115379,0,tick,""
179803.115804,0,reduction,""
179803.115807,0,sched_state,running
179803.115939,0,tick,""
179803.115955,0,reduction,""
179803.115957,0,sched_state,running
179803.116029,0,tick,""
179803.116047,0,reduction,""
179803.116048,0,sched_state,running
179803.116168,0,tick,""
179803.116180,0,reduction,""
179803.116181,0,sched_state,running
179803.116249,0,tick,""
179803.116259,0,reduction,""
179803.116261,0,sched_state,running
179803.116326,0,tick,""
179803.116336,0,reduction,""
179803.116337,0,sched_state,running
179803.116402,0,tick,""
179803.116412,0,reduction,""
179803.116413,0,sched_state,running
179803.116477,0,tick,""
179803.116487,0,reduction,""
179803.116488,0,sched_state,running
179803.116552,0,tick,""
179803.116553,0,queue_length,8
179803.116554,1,queue_length,2
179803.116558,0,reduction,""
179803.116559,0,sched_state,running
179803.116626,0,tick,""
179803.116630,0,reduction,""
179803.116631,0,sched_state,running
179803.116697,0,tick,""
179803.116700,0,reduction,""
179803.116702,0,sched_state,running
179803.116766,0,tick,""
179803.116769,0,reduction,""
179803.116771,0,sched_state,running
179803.116837,0,tick,""
179803.116840,0,reduction,""
179803.116842,0,sched_state,running
179803.116911,0,tick,""
179803.116948,0,reduction,""
179803.116950,0,sched_state,running
179803.117019,0,tick,""
179803.117026,0,reduction,""
179803.117028,0,sched_state,running
179803.117096,0,tick,""
179803.117100,0,spawn,""
179803.117102,0,reduction,""
179803.117103,0,sched_state,running
179803.117171,0,queue_length,8
179803.117172,1,queue_length,3
179803.117175,0,tick,""
179803.117177,0,reduction,""
179803.117178,0,sched_state,running
179803.117244,0,tick,""
179803.117247,0,reduction,""
179803.117249,0,sched_state,running
179803.117313,0,tick,""
179803.117316,0,reduction,""
179803.117318,0,sched_state,running
179803.117387,0,tick,""
179803.117389,0,reduction,""
179803.117391,0,sched_state,running
179803.117458,0,tick,""
179803.117462,0,reduction,""
179803.117463,0,sched_state,running
179803.117528,0,tick,""
179803.117600,0,reduction,""
179803.117602,0,sched_state,running
179803.117671,0,tick,""
179803.117675,0,reduction,""
179803.117677,0,sched_state,running
179803.117742,0,tick,""
179803.117810,0,reduction,""
179803.117812,0,sched_state,running
179803.117882,0,tick,""
179803.117887,0,reduction,""
179803.117888,0,sched_state,running
179803.117954,0,tick,""
179803.117964,0,reduction,""
179803.117966,0,sched_state,running
179803.118034,0,tick,""
179803.118045,0,reduction,""
179803.118047,0,sched_state,running
179803.118115,0,tick,""
179803.118124,0,reduction,""
179803.118126,0,sched_state,running
179803.118196,0,tick,""
179803.118586,0,reduction,""
179803.118589,0,sched_state,running
179803.118673,0,tick,""
179803.118685,0,reduction,""
179803.118686,0,sched_state,running
179803.118760,0,tick,""
179803.118771,0,reduction,""
179803.118773,0,sched_state,running
179803.118842,0,tick,""
179803.118853,0,reduction,""
179803.118854,0,sched_state,running
179803.118923,0,tick,""
179803.118933,0,reduction,""
179803.118935,0,sched_state,running
179803.119003,0,tick,""
179803.119016,0,reduction,""
179803.119017,0,sched_state,running
179803.119084,0,tick,""
179803.119094,0,reduction,""
179803.119096,0,sched_state,running
179803.119164,0,tick,""
179803.119174,0,reduction,""
179803.119176,0,sched_state,running
179803.119242,0,tick,""
179803.119244,0,queue_length,8
179803.119244,1,queue_length,3
179803.119248,0,reduction,""
179803.119250,0,sched_state,running
179803.119318,0,tick,""
179803.119322,0,reduction,""
179803.119323,0,sched_state,running
179803.119390,0,tick,""
179803.119393,0,reduction,""
179803.119395,0,sched_state,running
179803.119460,0,tick,""
179803.119464,0,reduction,""
179803.119465,0,sched_state,running
179803.119532,0,tick,""
179803.119535,0,reduction,""
179803.119537,0,sched_state,running
179803.119606,0,tick,""
179803.119643,0,reduction,""
179803.119645,0,sched_state,running
179803.119715,0,tick,""
179803.119720,0,reduction,""
179803.119721,0,sched_state,running
179803.119791,0,tick,""
179803.119795,0,spawn,""
179803.119796,0,reduction,""
179803.119797,0,sched_state,running
179803.119866,0,queue_length,8
179803.119867,1,queue_length,4
179803.119869,0,tick,""
179803.119870,0,reduction,""
179803.119872,0,sched_state,running
179803.119940,0,tick,""
179803.119943,0,reduction,""
179803.119944,0,sched_state,running
179803.120010,0,tick,""
179803.120013,0,reduction,""
179803.120015,0,sched_state,running
179803.120084,0,tick,""
179803.120087,0,reduction,""
179803.120089,0,sched_state,running
179803.120170,0,tick,""
179803.120175,0,reduction,""
179803.120177,0,sched_state,running
179803.120243,0,tick,""
179803.120314,0,reduction,""
179803.120319,0,sched_state,running
179803.120387,0,tick,""
179803.120392,0,reduction,""
179803.120395,0,sched_state,running
179803.120460,0,tick,""
179803.120527,0,reduction,""
179803.120530,0,sched_state,running
179803.120599,0,tick,""
179803.120603,0,reduction,""
179803.120605,0,sched_state,running
179803.120670,0,tick,""
179803.120680,0,reduction,""
179803.120682,0,sched_state,running
179803.120754,0,tick,""
179803.120765,0,reduction,""
179803.120767,0,sched_state,running
179803.120837,0,tick,""
179803.120846,0,reduction,""
179803.120848,0,sched_state,running
179803.120916,0,tick,""
179803.121270,0,reduction,""
179803.121273,0,sched_state,running
179803.121363,0,tick,""
179803.121378,0,reduction,""
179803.121380,0,sched_state,running
179803.121456,0,tick,""
179803.121467,0,reduction,""
179803.121468,0,sched_state,running
179803.121539,0,tick,""
179803.121549,0,reduction,""
179803.121551,0,sched_state,running
179803.121619,0,tick,""
179803.121629,0,reduction,""
179803.121630,0,sched_state,running
179803.121699,0,tick,""
179803.121709,0,reduction,""
179803.121711,0,sched_state,running
179803.121778,0,tick,""
179803.121789,0,reduction,""
179803.121790,0,sched_state,running
179803.121856,0,tick,""
179803.121866,0,reduction,""
179803.121867,0,sched_state,running
179803.121933,0,tick,""
179803.121935,0,queue_length,8
179803.121937,1,queue_length,4
179803.121941,0,reduction,""
179803.121943,0,sched_state,running
179803.122011,0,tick,""
179803.122015,0,reduction,""
179803.122017,0,sched_state,running
179803.122084,0,tick,""
179803.122087,0,reduction,""
179803.122088,0,sched_state,running
179803.122154,0,tick,""
179803.122158,0,reduction,""
179803.122159,0,sched_state,running
179803.122225,0,tick,""
179803.122229,0,reduction,""
179803.122230,0,sched_state,running
179803.122300,0,tick,""
179803.122331,0,reduction,""
179803.122333,0,sched_state,running
179803.122406,0,tick,""
179803.122410,0,reduction,""
179803.122414,0,sched_state,running
179803.122485,0,tick,""
179803.122488,0,spawn,""
179803.122490,0,reduction,""
179803.122492,0,sched_state,running
179803.122561,0,queue_length,8
179803.122562,1,queue_length,5
179803.122563,0,tick,""
179803.122565,0,reduction,""
179803.122566,0,sched_state,running
179803.122633,0,tick,""
179803.122635,0,reduction,""
179803.122637,0,sched_state,running
179803.122702,0,tick,""
179803.122705,0,reduction,""
179803.122707,0,sched_state,running
179803.122777,0,tick,""
179803.122780,0,reduction,""
179803.122782,0,sched_state,running
179803.122851,0,tick,""
179803.122855,0,reduction,""
179803.122856,0,sched_state,running
179803.122923,0,tick,""
179803.122993,0,reduction,""
179803.122995,0,sched_state,running
179803.123063,0,tick,""
179803.123068,0,reduction,""
179803.123069,0,sched_state,running
179803.123138,0,tick,""
179803.123205,0,reduction,""
179803.123208,0,sched_state,running
179803.123278,0,tick,""
179803.123283,0,reduction,""
179803.123284,0,sched_state,running
179803.123352,0,tick,""
179803.123363,0,reduction,""
179803.123364,0,sched_state,running
179803.123434,0,tick,""
179803.123445,0,reduction,""
179803.123447,0,sched_state,running
179803.123517,0,tick,""
179803.123527,0,reduction,""
179803.123528,0,sched_state,running
179803.123597,0,tick,""
179803.123954,0,reduction,""
179803.123958,0,sched_state,running
179803.124045,0,tick,""
179803.124057,0,reduction,""
179803.124058,0,sched_state,running
179803.124141,0,tick,""
179803.124152,0,reduction,""
179803.124154,0,sched_state,running
179803.124225,0,tick,""
179803.124236,0,reduction,""
179803.124237,0,sched_state,running
179803.124307,0,tick,""
179803.124317,0,reduction,""
179803.124319,0,sched_state,running
179803.124390,0,tick,""
179803.124400,0,reduction,""
179803.124401,0,sched_state,running
179803.124469,0,tick,""
179803.124479,0,reduction,""
179803.124481,0,sched_state,running
179803.124550,0,tick,""
179803.124560,0,reduction,""
179803.124562,0,sched_state,running
179803.124631,0,tick,""
179803.124633,0,queue_length,8
179803.124634,1,queue_length,5
179803.124638,0,reduction,""
179803.124639,0,sched_state,running
179803.124710,0,tick,""
179803.124714,0,reduction,""
179803.124717,0,sched_state,running
179803.124785,0,tick,""
179803.124789,0,reduction,""
179803.124790,0,sched_state,running
179803.124861,0,tick,""
179803.124865,0,reduction,""
179803.124866,0,sched_state,running
179803.124934,0,tick,""
179803.124938,0,reduction,""
179803.124940,0,sched_state,running
179803.125011,0,tick,""
179803.125047,0,reduction,""
179803.125049,0,sched_state,running
179803.125122,0,tick,""
179803.125126,0,reduction,""
179803.125127,0,sched_state,running
179803.125199,0,tick,""
179803.125203,0,spawn,""
179803.125206,0,reduction,""
179803.125207,0,sched_state,running
179803.125279,0,queue_length,8
179803.125280,1,queue_length,6
179803.125281,0,tick,""
179803.125283,0,reduction,""
179803.125286,0,sched_state,running
179803.125354,0,tick,""
179803.125357,0,reduction,""
179803.125359,0,sched_state,running
179803.125428,0,tick,""
179803.125432,0,reduction,""
179803.125433,0,sched_state,running
179803.125505,0,tick,""
179803.125508,0,reduction,""
179803.125510,0,sched_state,running
179803.125581,0,tick,""
179803.125585,0,reduction,""
179803.125587,0,sched_state,running
179803.125655,0,tick,""
179803.125725,0,reduction,""
179803.125727,0,sched_state,running
179803.125797,0,tick,""
179803.125802,0,reduction,""
179803.125803,0,sched_state,running
179803.125873,0,tick,""
179803.125942,0,reduction,""
179803.125944,0,sched_state,running
179803.126015,0,tick,""
179803.126020,0,reduction,""
179803.126021,0,sched_state,running
179803.126091,0,tick,""
179803.126102,0,reduction,""
179803.126103,0,sched_state,running
179803.126175,0,tick,""
179803.126187,0,reduction,""
179803.126189,0,sched_state,running
179803.126259,0,tick,""
179803.126269,0,reduction,""
179803.126270,0,sched_state,running
179803.126341,0,tick,""
179803.126692,0,reduction,""
179803.126695,0,sched_state,running
179803.126781,0,tick,""
179803.126793,0,reduction,""
179803.126795,0,sched_state,running
179803.126870,0,tick,""
179803.126880,0,reduction,""
179803.126882,0,sched_state,running
179803.126957,0,tick,""
179803.126968,0,reduction,""
179803.126969,0,sched_state,running
179803.127040,0,tick,""
179803.127050,0,reduction,""
179803.127051,0,sched_state,running
179803.127121,0,tick,""
179803.127131,0,reduction,""
179803.127133,0,sched_state,running
179803.127204,0,tick,""
179803.127214,0,reduction,""
179803.127215,0,sched_state,running
179803.127284,0,tick,""
179803.127294,0,reduction,""
179803.127295,0,sched_state,running
179803.127364,0,tick,""
179803.127366,0,queue_length,8
179803.127367,1,queue_length,6
179803.127371,0,reduction,""
179803.127372,0,sched_state,running
179803.127444,0,tick,""
179803.127448,0,reduction,""
179803.127449,0,sched_state,running
179803.127518,0,tick,""
179803.127521,0,reduction,""
179803.127523,0,sched_state,running
179803.127592,0,tick,""
179803.127596,0,reduction,""
179803.127597,0,sched_state,running
179803.127667,0,tick,""
179803.127671,0,reduction,""
179803.127672,0,sched_state,running
179803.127745,0,tick,""
179803.127775,0,reduction,""
179803.127777,0,sched_state,running
179803.127850,0,tick,""
179803.127856,0,reduction,""
179803.127857,0,sched_state,running
179803.127927,0,tick,""
179803.127931,0,spawn,""
179803.127933,0,reduction,""
179803.127934,0,sched_state,running
179803.128006,0,queue_length,8
179803.128007,1,queue_length,7
179803.128009,0,tick,""
179803.128010,0,reduction,""
179803.128012,0,sched_state,running
179803.128081,0,tick,""
179803.128084,0,reduction,""
179803.128085,0,sched_state,running
179803.128162,0,tick,""
179803.128166,0,reduction,""
179803.128168,0,sched_state,running
179803.128240,0,tick,""
179803.128244,0,reduction,""
179803.128245,0,sched_state,running
179803.128314,0,tick,""
179803.128318,0,reduction,""
179803.128320,0,sched_state,running
179803.128390,0,tick,""
179803.128461,0,reduction,""
179803.128464,0,sched_state,running
179803.128535,0,tick,""
179803.128540,0,reduction,""
179803.128543,0,sched_state,running
179803.128611,0,tick,""
179803.128679,0,reduction,""
179803.128683,0,sched_state,running
179803.128754,0,tick,""
179803.128759,0,reduction,""
179803.128761,0,sched_state,running
179803.128832,0,tick,""
179803.128842,0,reduction,""
179803.128844,0,sched_state,running
179803.128914,0,tick,""
179803.128925,0,reduction,""
179803.128928,0,sched_state,running
179803.129001,0,tick,""
179803.129011,0,reduction,""
179803.129013,0,sched_state,running
179803.129085,0,tick,""
179803.129448,0,reduction,""
179803.129450,0,sched_state,running
179803.129542,0,tick,""
179803.129554,0,reduction,""
179803.129555,0,sched_state,running
179803.129631,0,tick,""
179803.129642,0,reduction,""
179803.129645,0,sched_state,running
179803.129719,0,tick,""
179803.129730,0,reduction,""
179803.129731,0,sched_state,running
179803.129807,0,tick,""
179803.129817,0,reduction,""
179803.129821,0,sched_state,running
179803.129893,0,tick,""
179803.129903,0,reduction,""
179803.129904,0,sched_state,running
179803.129977,0,tick,""
179803.129988,0,reduction,""
179803.129989,0,sched_state,running
179803.130059,0,tick,""
179803.130068,0,reduction,""
179803.130070,0,sched_state,running
179803.130140,0,tick,""
179803.130142,0,queue_length,8
179803.130143,1,queue_length,7
179803.130147,0,reduction,""
179803.130148,0,sched_state,running
179803.130221,0,tick,""
179803.130225,0,reduction,""
179803.130226,0,sched_state,running
179803.130297,0,tick,""
179803.130300,0,reduction,""
179803.130302,0,sched_state,running
179803.130372,0,tick,""
179803.130376,0,reduction,""
179803.130377,0,sched_state,running
179803.130446,0,tick,""
179803.130450,0,reduction,""
179803.130451,0,sched_state,running
179803.130526,0,tick,""
179803.130556,0,reduction,""
179803.130558,0,sched_state,running
179803.130631,0,tick,""
179803.130636,0,reduction,""
179803.130638,0,sched_state,running
179803.130710,0,tick,""
179803.130714,0,spawn,""
179803.130715,0,reduction,""
179803.130717,0,sched_state,running
179803.130788,0,queue_length,8
179803.130789,1,queue_length,8
179803.130791,0,tick,""
179803.130793,0,reduction,""
179803.130794,0,sched_state,running
179803.130867,0,tick,""
179803.130870,0,reduction,""
179803.130872,0,sched_state,running
179803.130941,0,tick,""
179803.130945,0,reduction,""
179803.130946,0,sched_state,running
179803.131020,0,tick,""
179803.131023,0,reduction,""
179803.131025,0,sched_state,running
179803.131098,0,tick,""
179803.131102,0,reduction,""
179803.131104,0,sched_state,running
179803.131177,0,tick,""
179803.131246,0,reduction,""
179803.131249,0,sched_state,running
179803.131323,0,tick,""
179803.131329,0,reduction,""
179803.131330,0,sched_state,running
179803.131401,0,tick,""
179803.131469,0,reduction,""
179803.131473,0,sched_state,running
179803.131544,0,tick,""
179803.131548,0,reduction,""
179803.131550,0,sched_state,running
179803.131619,0,tick,""
179803.131629,0,reduction,""
179803.131631,0,sched_state,running
179803.131704,0,tick,""
179803.131715,0,reduction,""
179803.131717,0,sched_state,running
179803.131790,0,tick,""
179803.131800,0,reduction,""
179803.131802,0,sched_state,running
179803.131874,0,tick,""
179803.132162,0,reduction,""
179803.132165,0,sched_state,running
179803.132244,0,tick,""
179803.132256,0,reduction,""
179803.132258,0,sched_state,running
179803.132329,0,tick,""
179803.132340,0,reduction,""
179803.132342,0,sched_state,running
179803.132415,0,tick,""
179803.132425,0,reduction,""
179803.132427,0,sched_state,running
179803.132497,0,tick,""
179803.132508,0,reduction,""
179803.132509,0,sched_state,running
179803.132579,0,tick,""
179803.132589,0,reduction,""
179803.132591,0,sched_state,running
179803.132662,0,tick,""
179803.132673,0,reduction,""
179803.132674,0,sched_state,running
179803.132743,0,tick,""
179803.132753,0,reduction,""
179803.132754,0,sched_state,running
179803.132824,0,tick,""
179803.132826,0,queue_length,8
179803.132827,1,queue_length,8
179803.132830,0,reduction,""
179803.132831,0,sched_state,running
179803.132902,0,tick,""
179803.132908,0,reduction,""
179803.132910,0,sched_state,running
179803.132981,0,tick,""
179803.132985,0,reduction,""
179803.132986,0,sched_state,running
179803.133056,0,tick,""
179803.133059,0,reduction,""
179803.133060,0,sched_state,running
179803.133132,0,tick,""
179803.133136,0,reduction,""
179803.133137,0,sched_state,running
179803.133207,0,tick,""
179803.133210,0,reduction,""
179803.133212,0,sched_state,running
179803.133282,0,tick,""
179803.133661,0,channel_blocked,73
179803.133663,0,yield,""
179803.133665,0,sched_state,running
179803.133746,0,tick,""
179803.133750,0,reduction,""
179803.133751,0,sched_state,running
179803.133826,0,tick,""
179803.133832,0,reduction,""
179803.133833,0,sched_state,running
179803.133908,0,tick,""
179803.133911,0,reduction,""
179803.133913,0,sched_state,running
179803.133986,0,tick,""
179803.133989,0,reduction,""
179803.133991,0,sched_state,running
179803.134062,0,tick,""
179803.134066,0,reduction,""
179803.134067,0,sched_state,running
179803.134138,0,tick,""
179803.134142,0,reduction,""
179803.134144,0,sched_state,running
179803.134214,0,tick,""
179803.134888,1,channel_blocked,88
179803.134890,0,yield,""
179803.134892,0,sched_state,running
179803.134973,0,tick,""
179803.134977,0,reduction,""
179803.134979,0,sched_state,running
179803.135057,0,tick,""
179803.135062,0,reduction,""
179803.135064,0,sched_state,running
179803.135137,0,tick,""
179803.135141,0,reduction,""
179803.135142,0,sched_state,running
179803.135217,0,tick,""
179803.135221,0,reduction,""
179803.135222,0,sched_state,running
179803.135296,0,tick,""
179803.135299,0,reduction,""
179803.135300,0,sched_state,running
179803.135374,0,tick,""
179803.135378,0,reduction,""
179803.135379,0,sched_state,running
179803.135451,0,tick,""
179803.136103,2,channel_blocked,118
179803.136105,0,yield,""
179803.136112,0,sched_state,running
179803.136197,0,tick,""
179803.136201,0,reduction,""
179803.136204,0,sched_state,running
179803.136281,0,tick,""
179803.136286,0,reduction,""
179803.136288,0,sched_state,running
179803.136362,0,tick,""
179803.136366,0,reduction,""
179803.136367,0,sched_state,running
179803.136439,0,tick,""
179803.136443,0,reduction,""
179803.136444,0,sched_state,running
179803.136517,0,tick,""
179803.136521,0,reduction,""
179803.136522,0,sched_state,running
179803.136593,0,tick,""
179803.136597,0,reduction,""
179803.136598,0,sched_state,running
179803.136670,0,tick,""
179803.137534,3,channel_blocked,145
179803.137536,0,yield,""
179803.137539,0,sched_state,running
179803.137620,0,tick,""
179803.137624,0,reduction,""
179803.137625,0,sched_state,running
179803.137700,0,tick,""
179803.137705,0,reduction,""
179803.137707,0,sched_state,running
179803.137782,0,tick,""
179803.137786,0,reduction,""
179803.137787,0,sched_state,running
179803.137857,0,tick,""
179803.137861,0,reduction,""
179803.137863,0,sched_state,running
179803.137935,0,tick,""
179803.137939,0,reduction,""
179803.137940,0,sched_state,running
179803.138011,0,tick,""
179803.138015,0,reduction,""
179803.138016,0,sched_state,running
179803.138088,0,tick,""
179803.139038,4,channel_blocked,173
179803.139041,0,yield,""
179803.139043,0,sched_state,running
179803.139122,0,tick,""
179803.139126,0,reduction,""
179803.139128,0,sched_state,running
179803.139201,0,tick,""
179803.139207,0,reduction,""
179803.139208,0,sched_state,running
179803.139282,0,tick,""
179803.139285,0,reduction,""
179803.139287,0,sched_state,running
179803.139358,0,tick,""
179803.139361,0,reduction,""
179803.139363,0,sched_state,running
179803.139434,0,tick,""
179803.139437,0,reduction,""
179803.139439,0,sched_state,running
179803.139508,0,tick,""
179803.139512,0,reduction,""
179803.139513,0,sched_state,running
179803.139582,0,tick,""
179803.140640,5,channel_blocked,201
179803.140642,0,yield,""
179803.140644,0,sched_state,running
179803.140723,0,tick,""
179803.140727,0,reduction,""
179803.140729,0,sched_state,running
179803.140806,0,tick,""
179803.140812,0,reduction,""
179803.140813,0,sched_state,running
179803.140886,0,tick,""
179803.140889,0,reduction,""
179803.140890,0,sched_state,running
179803.140962,0,tick,""
179803.140966,0,reduction,""
179803.140967,0,sched_state,running
179803.141038,0,tick,""
179803.141041,0,reduction,""
179803.141042,0,sched_state,running
179803.141113,0,tick,""
179803.141116,0,reduction,""
179803.141118,0,sched_state,running
179803.141188,0,tick,""
179803.142332,6,channel_blocked,228
179803.142334,0,yield,""
179803.142337,0,sched_state,running
179803.142415,0,tick,""
179803.142419,0,reduction,""
179803.142421,0,sched_state,running
179803.142495,0,tick,""
179803.142501,0,reduction,""
179803.142503,0,sched_state,running
179803.142575,0,tick,""
179803.142578,0,reduction,""
179803.142580,0,sched_state,running
179803.142650,0,tick,""
179803.142654,0,reduction,""
179803.142655,0,sched_state,running
179803.142724,0,tick,""
179803.142727,0,reduction,""
179803.142729,0,sched_state,running
179803.142799,0,tick,""
179803.142803,0,reduction,""
179803.142804,0,sched_state,running
179803.142873,0,tick,""
179803.144132,7,channel_blocked,256
179803.144135,0,yield,""
179803.144137,0,sched_state,running
179803.144216,0,tick,""
179803.144222,0,reduction,""
179803.144223,0,sched_state,running
179803.144296,0,tick,""
179803.144312,0,reduction,""
179803.144314,0,sched_state,running
179803.144391,0,tick,""
179803.144404,0,reduction,""
179803.144406,0,sched_state,running
179803.144479,0,tick,""
179803.144490,0,reduction,""
179803.144492,0,sched_state,running
179803.144564,0,tick,""
179803.144847,0,reduction,""
179803.144850,0,sched_state,running
179803.144930,0,tick,""
179803.144942,0,reduction,""
179803.144943,0,sched_state,running
179803.145016,0,tick,""
179803.145027,0,reduction,""
179803.145028,0,sched_state,running
179803.145100,0,tick,""
179803.145110,0,reduction,""
179803.145112,0,sched_state,running
179803.145185,0,tick,""
179803.145195,0,reduction,""
179803.145197,0,sched_state,running
179803.145267,0,tick,""
179803.145277,0,reduction,""
179803.145278,0,sched_state,running
179803.145347,0,tick,""
179803.145357,0,reduction,""
179803.145358,0,sched_state,running
179803.145429,0,tick,""
179803.145439,0,reduction,""
179803.145440,0,sched_state,running
179803.145509,0,tick,""
179803.145519,0,reduction,""
179803.145520,0,sched_state,running
179803.145591,0,tick,""
179803.145601,0,reduction,""
179803.145602,0,sched_state,running
179803.145671,0,tick,""
179803.145680,0,reduction,""
179803.145682,0,sched_state,running
179803.145751,0,tick,""
179803.145760,0,reduction,""
179803.145761,0,sched_state,running
179803.145832,0,tick,""
179803.145840,0,reduction,""
179803.145841,0,sched_state,running
179803.145910,0,tick,""
179803.145918,0,reduction,""
179803.145920,0,sched_state,running
179803.145989,0,tick,""
179803.145998,0,reduction,""
179803.145999,0,sched_state,running
179803.146068,0,tick,""
179803.146076,0,reduction,""
179803.146077,0,sched_state,running
179803.146150,0,tick,""
179803.146152,0,queue_length,0
179803.146153,1,queue_length,8
179803.146164,0,reduction,""
179803.146166,0,sched_state,running
179803.146237,0,tick,""
179803.146246,0,reduction,""
179803.146247,0,sched_state,running
179803.146318,0,tick,""
179803.146327,0,reduction,""
179803.146328,0,sched_state,running
179803.146398,0,tick,""
179803.146407,0,reduction,""
179803.146408,0,sched_state,running
179803.146478,0,tick,""
179803.146486,0,reduction,""
179803.146487,0,sched_state,running
179803.146556,0,tick,""
179803.146565,0,reduction,""
179803.146566,0,sched_state,running
179803.146635,0,tick,""
179803.146643,0,reduction,""
179803.146646,0,sched_state,running
179803.146714,0,tick,""
179803.146722,0,reduction,""
179803.146723,0,sched_state,running
179803.146791,0,tick,""
179803.146798,0,reduction,""
179803.146800,0,sched_state,running
179803.146870,0,tick,""
179803.146877,0,reduction,""
179803.146879,0,sched_state,running
179803.146947,0,tick,""
179803.146955,0,reduction,""
179803.146956,0,sched_state,running
179803.147024,0,tick,""
179803.147031,0,reduction,""
179803.147032,0,sched_state,running
179803.147101,0,tick,""
179803.147108,0,reduction,""
179803.147110,0,sched_state,running
179803.147177,0,tick,""
179803.147184,0,reduction,""
179803.147186,0,sched_state,running
179803.147254,0,tick,""
179803.147261,0,reduction,""
179803.147262,0,sched_state,running
179803.147329,0,tick,""
179803.147335,0,reduction,""
179803.147336,0,sched_state,running
179803.147405,0,tick,""
179803.147411,0,reduction,""
179803.147412,0,sched_state,running
179803.147479,0,tick,""
179803.147486,0,reduction,""
179803.147487,0,sched_state,running
179803.147555,0,tick,""
179803.147561,0,reduction,""
179803.147562,0,sched_state,running
179803.147630,0,tick,""
179803.147636,0,reduction,""
179803.147637,0,sched_state,running
179803.147704,0,tick,""
179803.147706,0,queue_length,0
179803.147707,1,queue_length,8
179803.147717,0,reduction,""
179803.147718,0,sched_state,running
179803.147784,0,tick,""
179803.147793,0,reduction,""
179803.147795,0,sched_state,running
179803.147862,0,tick,""
179803.147871,0,reduction,""
179803.147872,0,sched_state,running
179803.147937,0,tick,""
179803.147946,0,reduction,""
179803.147947,0,sched_state,running
179803.148014,0,tick,""
179803.148023,0,reduction,""
179803.148024,0,sched_state,running
179803.148089,0,tick,""
179803.148097,0,reduction,""
179803.148099,0,sched_state,running
179803.148172,0,tick,""
179803.148182,0,reduction,""
179803.148184,0,sched_state,running
179803.148249,0,tick,""
179803.148257,0,reduction,""
179803.148260,0,sched_state,running
179803.148324,0,tick,""
179803.148332,0,reduction,""
179803.148336,0,sched_state,running
179803.148400,0,tick,""
179803.148408,0,reduction,""
179803.148409,0,sched_state,running
179803.148474,0,tick,""
179803.148482,0,reduction,""
179803.148483,0,sched_state,running
179803.148549,0,tick,""
179803.148556,0,reduction,""
179803.148557,0,sched_state,running
179803.148622,0,tick,""
179803.148629,0,reduction,""
179803.148631,0,sched_state,running
179803.148694,0,tick,""
179803.148701,0,reduction,""
179803.148703,0,sched_state,running
179803.148766,0,tick,""
179803.148772,0,reduction,""
179803.148774,0,sched_state,running
179803.148839,0,tick,""
179803.148846,0,reduction,""
179803.148847,0,sched_state,running
179803.148911,0,tick,""
179803.148917,0,reduction,""
179803.148918,0,sched_state,running
179803.148983,0,tick,""
179803.148989,0,reduction,""
179803.148991,0,sched_state,running
179803.149054,0,tick,""
179803.149060,0,reduction,""
179803.149061,0,sched_state,running
179803.149125,0,tick,""
179803.149130,0,reduction,""
179803.149132,0,sched_state,running
179803.149196,0,tick,""
179803.149198,0,queue_length,0
179803.149199,1,queue_length,8
179803.149209,0,reduction,""
179803.149210,0,sched_state,running
179803.149278,0,tick,""
179803.149287,0,reduction,""
179803.149289,0,sched_state,running
179803.149356,0,tick,""
179803.149365,0,reduction,""
179803.149366,0,sched_state,running
179803.149434,0,tick,""
179803.149443,0,reduction,""
179803.149445,0,sched_state,running
179803.149512,0,tick,""
179803.149521,0,reduction,""
179803.149522,0,sched_state,running
179803.149589,0,tick,""
179803.149597,0,reduction,""
179803.149598,0,sched_state,running
179803.149666,0,tick,""
179803.149675,0,reduction,""
179803.149676,0,sched_state,running
179803.149743,0,tick,""
179803.149751,0,reduction,""
179803.149752,0,sched_state,running
179803.149819,0,tick,""
179803.149828,0,reduction,""
179803.149829,0,sched_state,running
179803.149897,0,tick,""
179803.149905,0,reduction,""
179803.149906,0,sched_state,running
179803.149973,0,tick,""
179803.149981,0,reduction,""
179803.149982,0,sched_state,running
179803.150048,0,tick,""
179803.150055,0,reduction,""
179803.150057,0,sched_state,running
179803.150124,0,tick,""
179803.150131,0,reduction,""
179803.150132,0,sched_state,running
179803.150199,0,tick,""
179803.150206,0,reduction,""
179803.150208,0,sched_state,running
179803.150275,0,tick,""
179803.150282,0,reduction,""
179803.150283,0,sched_state,running
179803.150349,0,tick,""
179803.150355,0,reduction,""
179803.150357,0,sched_state,running
179803.150422,0,tick,""
179803.150428,0,reduction,""
179803.150430,0,sched_state,running
179803.150497,0,tick,""
179803.150504,0,reduction,""
179803.150505,0,sched_state,running
179803.150571,0,tick,""
179803.150577,0,reduction,""
179803.150578,0,sched_state,running
179803.150645,0,tick,""
179803.150651,0,reduction,""
179803.150652,0,sched_state,running
179803.150718,0,tick,""
179803.150720,0,queue_length,0
179803.150721,1,queue_length,8
179803.150731,0,reduction,""
179803.150732,0,sched_state,running
179803.150801,0,tick,""
179803.150811,0,reduction,""
179803.150812,0,sched_state,running
179803.150881,0,tick,""
179803.150891,0,reduction,""
179803.150892,0,sched_state,running
179803.150959,0,tick,""
179803.150968,0,reduction,""
179803.150969,0,sched_state,running
179803.151037,0,tick,""
179803.151046,0,reduction,""
179803.151047,0,sched_state,running
179803.151115,0,tick,""
179803.151123,0,reduction,""
179803.151125,0,sched_state,running
179803.151192,0,tick,""
179803.151201,0,reduction,""
179803.151202,0,sched_state,running
179803.151269,0,tick,""
179803.151277,0,reduction,""
179803.151278,0,sched_state,running
179803.151345,0,tick,""
179803.151353,0,reduction,""
179803.151355,0,sched_state,running
179803.151421,0,tick,""
179803.151429,0,reduction,""
179803.151430,0,sched_state,running
179803.151499,0,tick,""
179803.151506,0,reduction,""
179803.151508,0,sched_state,running
179803.151574,0,tick,""
179803.151582,0,reduction,""
179803.151583,0,sched_state,running
179803.151650,0,tick,""
179803.151657,0,reduction,""
179803.151659,0,sched_state,running
179803.151725,0,tick,""
179803.151732,0,reduction,""
179803.151733,0,sched_state,running
179803.151800,0,tick,""
179803.151806,0,reduction,""
179803.151808,0,sched_state,running
179803.151878,0,tick,""
179803.151884,0,reduction,""
179803.151886,0,sched_state,running
179803.151952,0,tick,""
179803.151958,0,reduction,""
179803.151960,0,sched_state,running
179803.152025,0,tick,""
179803.152031,0,reduction,""
179803.152032,0,sched_state,running
179803.152099,0,tick,""
179803.152104,0,reduction,""
179803.152106,0,sched_state,running
179803.152179,0,tick,""
179803.152185,0,reduction,""
179803.152187,0,sched_state,running
179803.152255,0,tick,""
179803.152257,0,queue_length,0
179803.152258,1,queue_length,8
179803.152268,0,reduction,""
179803.152269,0,sched_state,running
179803.152336,0,tick,""
179803.152346,0,reduction,""
179803.152348,0,sched_state,running
179803.152413,0,tick,""
179803.152423,0,reduction,""
179803.152424,0,sched_state,running
179803.152490,0,tick,""
179803.152499,0,reduction,""
179803.152502,0,sched_state,running
179803.152569,0,tick,""
179803.152578,0,reduction,""
179803.152579,0,sched_state,running
179803.152645,0,tick,""
179803.152653,0,reduction,""
179803.152655,0,sched_state,running
179803.152722,0,tick,""
179803.152730,0,reduction,""
179803.152732,0,sched_state,running
179803.152797,0,tick,""
179803.152806,0,reduction,""
179803.152807,0,sched_state,running
179803.152874,0,tick,""
179803.152882,0,reduction,""
179803.152884,0,sched_state,running
179803.152950,0,tick,""
179803.152958,0,reduction,""
179803.152959,0,sched_state,running
179803.153024,0,tick,""
179803.153032,0,reduction,""
179803.153033,0,sched_state,running
179803.153100,0,tick,""
179803.153108,0,reduction,""
179803.153109,0,sched_state,running
179803.153176,0,tick,""
179803.153183,0,reduction,""
179803.153184,0,sched_state,running
179803.153251,0,tick,""
179803.153258,0,reduction,""
179803.153260,0,sched_state,running
179803.153325,0,tick,""
179803.153332,0,reduction,""
179803.153333,0,sched_state,running
179803.153399,0,tick,""
179803.153405,0,reduction,""
179803.153407,0,sched_state,running
179803.153474,0,tick,""
179803.153480,0,reduction,""
179803.153481,0,sched_state,running
179803.153547,0,tick,""
179803.153553,0,reduction,""
179803.153554,0,sched_state,running
179803.153621,0,tick,""
179803.153627,0,reduction,""
179803.153628,0,sched_state,running
179803.153694,0,tick,""
179803.153700,0,reduction,""
179803.153701,0,sched_state,running
179803.153766,0,tick,""
179803.153767,0,queue_length,0
179803.153768,1,queue_length,8
179803.153779,0,reduction,""
179803.153780,0,sched_state,running
179803.153851,0,tick,""
179803.153860,0,reduction,""
179803.153861,0,sched_state,running
179803.153929,0,tick,""
179803.153938,0,reduction,""
179803.153939,0,sched_state,running
179803.154008,0,tick,""
179803.154017,0,reduction,""
179803.154019,0,sched_state,running
179803.154086,0,tick,""
179803.154094,0,reduction,""
179803.154096,0,sched_state,running
179803.154165,0,tick,""
179803.154173,0,reduction,""
179803.154175,0,sched_state,running
179803.154242,0,tick,""
179803.154250,0,reduction,""
179803.154251,0,sched_state,running
179803.154320,0,tick,""
179803.154328,0,reduction,""
179803.154329,0,sched_state,running
179803.154395,0,tick,""
179803.154403,0,reduction,""
179803.154405,0,sched_state,running
179803.154472,0,tick,""
179803.154480,0,reduction,""
179803.154481,0,sched_state,running
179803.154548,0,tick,""
179803.154555,0,reduction,""
179803.154557,0,sched_state,running
179803.154622,0,tick,""
179803.154629,0,reduction,""
179803.154631,0,sched_state,running
179803.154698,0,tick,""
179803.154705,0,reduction,""
179803.154706,0,sched_state,running
179803.154772,0,tick,""
179803.154778,0,reduction,""
179803.154780,0,sched_state,running
179803.154846,0,tick,""
179803.154853,0,reduction,""
179803.154855,0,sched_state,running
179803.154920,0,tick,""
179803.154927,0,reduction,""
179803.154928,0,sched_state,running
179803.154994,0,tick,""
179803.155000,0,reduction,""
179803.155001,0,sched_state,running
179803.155067,0,tick,""
179803.155073,0,reduction,""
179803.155077,0,sched_state,running
179803.155143,0,tick,""
179803.155148,0,reduction,""
179803.155150,0,sched_state,running
179803.155217,0,tick,""
179803.155222,0,reduction,""
179803.155224,0,sched_state,running
179803.155291,0,tick,""
179803.155293,0,queue_length,0
179803.155294,1,queue_length,8
179803.155304,0,reduction,""
179803.155309,0,sched_state,running
179803.155374,0,tick,""
179803.155383,0,reduction,""
179803.155385,0,sched_state,running
179803.155449,0,tick,""
179803.155459,0,reduction,""
179803.155460,0,sched_state,running
179803.155524,0,tick,""
179803.155533,0,reduction,""
179803.155534,0,sched_state,running
179803.155599,0,tick,""
179803.155608,0,reduction,""
179803.155609,0,sched_state,running
179803.155672,0,tick,""
179803.155681,0,reduction,""
179803.155682,0,sched_state,running
179803.155745,0,tick,""
179803.155753,0,reduction,""
179803.155754,0,sched_state,running
179803.155818,0,tick,""
179803.155826,0,reduction,""
179803.155827,0,sched_state,running
179803.155890,0,tick,""
179803.155898,0,reduction,""
179803.155899,0,sched_state,running
179803.155963,0,tick,""
179803.155971,0,reduction,""
179803.155972,0,sched_state,running
179803.156035,0,tick,""
179803.156042,0,reduction,""
179803.156044,0,sched_state,running
179803.156134,0,tick,""
179803.156142,0,reduction,""
179803.156144,0,sched_state,running
179803.156218,0,tick,""
179803.156225,0,reduction,""
179803.156227,0,sched_state,running
179803.156289,0,tick,""
179803.156296,0,reduction,""
179803.156298,0,sched_state,running
179803.156362,0,tick,""
179803.156369,0,reduction,""
179803.156370,0,sched_state,running
179803.156433,0,tick,""
179803.156439,0,reduction,""
179803.156440,0,sched_state,running
179803.156504,0,tick,""
179803.156510,0,reduction,""
179803.156512,0,sched_state,running
179803.156574,0,tick,""
179803.156580,0,reduction,""
179803.156581,0,sched_state,running
179803.156644,0,tick,""
179803.156650,0,reduction,""
179803.156651,0,sched_state,running
179803.156713,0,tick,""
179803.156719,0,reduction,""
179803.156722,0,sched_state,running
179803.156785,0,tick,""
179803.156787,0,queue_length,0
179803.156788,1,queue_length,8
179803.156798,0,reduction,""
179803.156799,0,sched_state,running
179803.156867,0,tick,""
179803.156876,0,reduction,""
179803.156880,0,sched_state,running
179803.156946,0,tick,""
179803.156955,0,reduction,""
179803.156957,0,sched_state,running
179803.157024,0,tick,""
179803.157032,0,reduction,""
179803.157035,0,sched_state,running
179803.157100,0,tick,""
179803.157109,0,reduction,""
179803.157110,0,sched_state,running
179803.157175,0,tick,""
179803.157184,0,reduction,""
179803.157185,0,sched_state,running
179803.157252,0,tick,""
179803.157260,0,reduction,""
179803.157262,0,sched_state,running
179803.157327,0,tick,""
179803.157335,0,reduction,""
179803.157336,0,sched_state,running
179803.157403,0,tick,""
179803.157411,0,reduction,""
179803.157412,0,sched_state,running
179803.157477,0,tick,""
179803.157485,0,reduction,""
179803.157487,0,sched_state,running
179803.157552,0,tick,""
179803.157560,0,reduction,""
179803.157561,0,sched_state,running
179803.157625,0,tick,""
179803.157632,0,reduction,""
179803.157634,0,sched_state,running
179803.157700,0,tick,""
179803.157707,0,reduction,""
179803.157708,0,sched_state,running
179803.157773,0,tick,""
179803.157779,0,reduction,""
179803.157781,0,sched_state,running
179803.157846,0,tick,""
179803.157853,0,reduction,""
179803.157854,0,sched_state,running
179803.157918,0,tick,""
179803.157924,0,reduction,""
179803.157926,0,sched_state,running
179803.157991,0,tick,""
179803.157998,0,reduction,""
179803.157999,0,sched_state,running
179803.158063,0,tick,""
179803.158069,0,reduction,""
179803.158070,0,sched_state,running
179803.158134,0,tick,""
179803.158140,0,reduction,""
179803.158141,0,sched_state,running
179803.158207,0,tick,""
179803.158212,0,reduction,""
179803.158214,0,sched_state,running
179803.158278,0,tick,""
179803.158280,0,queue_length,0
179803.158281,1,queue_length,8
179803.158289,0,reduction,""
179803.158290,0,sched_state,running
179803.158359,0,tick,""
179803.158367,0,reduction,""
179803.158368,0,sched_state,running
179803.158434,0,tick,""
179803.158443,0,reduction,""
179803.158445,0,sched_state,running
179803.158513,0,tick,""
179803.158520,0,reduction,""
179803.158521,0,sched_state,running
179803.158587,0,tick,""
179803.158595,0,reduction,""
179803.158596,0,sched_state,running
179803.158661,0,tick,""
179803.158668,0,reduction,""
179803.158670,0,sched_state,running
179803.158736,0,tick,""
179803.158743,0,reduction,""
179803.158744,0,sched_state,running
179803.158810,0,tick,""
179803.158816,0,reduction,""
179803.158817,0,sched_state,running
179803.158884,0,tick,""
179803.158892,0,reduction,""
179803.158894,0,sched_state,running
179803.158960,0,tick,""
179803.158966,0,reduction,""
179803.158967,0,sched_state,running
179803.159032,0,tick,""
179803.159038,0,reduction,""
179803.159039,0,sched_state,running
179803.159106,0,tick,""
179803.159112,0,reduction,""
179803.159113,0,sched_state,running
179803.159179,0,tick,""
179803.159184,0,reduction,""
179803.159185,0,sched_state,running
179803.159252,0,tick,""
179803.159257,0,reduction,""
179803.159258,0,sched_state,running
179803.159323,0,tick,""
179803.159328,0,reduction,""
179803.159330,0,sched_state,running
179803.159396,0,tick,""
179803.159401,0,reduction,""
179803.159402,0,sched_state,running
179803.159467,0,tick,""
179803.159472,0,reduction,""
179803.159473,0,sched_state,running
179803.159540,0,tick,""
179803.159545,0,reduction,""
179803.159546,0,sched_state,running
179803.159611,0,tick,""
179803.159615,0,reduction,""
179803.159616,0,sched_state,running
179803.159682,0,tick,""
179803.159685,0,reduction,""
179803.159687,0,sched_state,running
179803.159753,0,tick,""
179803.159755,0,queue_length,0
179803.159756,1,queue_length,8
179803.159761,0,reduction,""
179803.159763,0,sched_state,running
179803.159829,0,tick,""
179803.159834,0,reduction,""
179803.159835,0,sched_state,running
179803.159901,0,tick,""
179803.159906,0,reduction,""
179803.159907,0,sched_state,running
179803.159973,0,tick,""
179803.159978,0,reduction,""
179803.159979,0,sched_state,running
179803.160044,0,tick,""
179803.160048,0,reduction,""
179803.160050,0,sched_state,running
179803.160133,0,tick,""
179803.160140,0,reduction,""
179803.160143,0,sched_state,running
179803.160216,0,tick,""
179803.160221,0,reduction,""
179803.160222,0,sched_state,running
179803.160286,0,tick,""
179803.160290,0,reduction,""
179803.160291,0,sched_state,running
179803.160356,0,tick,""
179803.160360,0,reduction,""
179803.160362,0,sched_state,running
179803.160424,0,tick,""
179803.160428,0,reduction,""
179803.160429,0,sched_state,running
179803.160492,0,tick,""
179803.160496,0,reduction,""
179803.160497,0,sched_state,running
179803.160562,0,tick,""
179803.160565,0,reduction,""
179803.160567,0,sched_state,running
179803.160629,0,tick,""
179803.160632,0,reduction,""
179803.160634,0,sched_state,running
179803.160696,0,tick,""
179803.161183,8,channel_blocked,326
179803.161185,0,yield,""
179803.161187,0,sched_state,running
179803.161262,0,tick,""
179803.161269,0,reduction,""
179803.161270,0,sched_state,running
179803.161340,0,tick,""
179803.161345,0,reduction,""
179803.161346,0,sched_state,running
179803.161416,0,tick,""
179803.161422,0,reduction,""
179803.161423,0,sched_state,running
179803.161490,0,tick,""
179803.161495,0,reduction,""
179803.161497,0,sched_state,running
179803.161564,0,tick,""
179803.161568,0,reduction,""
179803.161570,0,sched_state,running
179803.161635,0,tick,""
179803.161639,0,reduction,""
179803.161641,0,sched_state,running
179803.161707,0,tick,""
179803.161711,0,reduction,""
179803.161713,0,sched_state,running
179803.161779,0,tick,""
179803.161783,0,reduction,""
179803.161785,0,sched_state,running
179803.161849,0,tick,""
179803.161853,0,reduction,""
179803.161854,0,sched_state,running
179803.161919,0,tick,""
179803.161923,0,reduction,""
179803.161924,0,sched_state,running
179803.161988,0,tick,""
179803.161992,0,reduction,""
179803.161993,0,sched_state,running
179803.162057,0,tick,""
179803.162061,0,reduction,""
179803.162062,0,sched_state,running
179803.162127,0,tick,""
179803.162130,0,reduction,""
179803.162131,0,sched_state,running
179803.162196,0,tick,""
179803.162884,9,channel_blocked,380
179803.162887,0,yield,""
179803.162890,0,sched_state,running
179803.162964,0,tick,""
179803.162970,0,reduction,""
179803.162972,0,sched_state,running
179803.163042,0,tick,""
179803.163048,0,reduction,""
179803.163050,0,sched_state,running
179803.163121,0,tick,""
179803.163126,0,reduction,""
179803.163127,0,sched_state,running
179803.163202,0,tick,""
179803.163207,0,reduction,""
179803.163209,0,sched_state,running
179803.163288,0,tick,""
179803.163293,0,reduction,""
179803.163294,0,sched_state,running
179803.163360,0,tick,""
179803.163364,0,reduction,""
179803.163365,0,sched_state,running
179803.163430,0,tick,""
179803.163434,0,reduction,""
179803.163435,0,sched_state,running
179803.163500,0,tick,""
179803.163503,0,reduction,""
179803.163505,0,sched_state,running
179803.163570,0,tick,""
179803.163574,0,reduction,""
179803.163575,0,sched_state,running
179803.163639,0,tick,""
179803.163642,0,reduction,""
179803.163643,0,sched_state,running
179803.163709,0,tick,""
179803.163712,0,reduction,""
179803.163714,0,sched_state,running
179803.163778,0,tick,""
179803.163781,0,reduction,""
179803.163782,0,sched_state,running
179803.163846,0,tick,""
179803.163849,0,reduction,""
179803.163850,0,sched_state,running
179803.163914,0,tick,""
179803.164546,10,channel_blocked,433
179803.164548,0,yield,""
179803.164550,0,sched_state,running
179803.164624,0,tick,""
179803.164630,0,reduction,""
179803.164632,0,sched_state,running
179803.164704,0,tick,""
179803.164709,0,reduction,""
179803.164711,0,sched_state,running
179803.164777,0,tick,""
179803.164783,0,reduction,""
179803.164784,0,sched_state,running
179803.164850,0,tick,""
179803.164855,0,reduction,""
179803.164857,0,sched_state,running
179803.164924,0,tick,""
179803.164929,0,reduction,""
179803.164930,0,sched_state,running
179803.164995,0,tick,""
179803.164999,0,reduction,""
179803.165000,0,sched_state,running
179803.165064,0,tick,""
179803.165068,0,reduction,""
179803.165069,0,sched_state,running
179803.165135,0,tick,""
179803.165139,0,reduction,""
179803.165140,0,sched_state,running
179803.165205,0,tick,""
179803.165208,0,reduction,""
179803.165210,0,sched_state,running
179803.165275,0,tick,""
179803.165279,0,reduction,""
179803.165280,0,sched_state,running
179803.165343,0,tick,""
179803.165347,0,reduction,""
179803.165348,0,sched_state,running
179803.165412,0,tick,""
179803.165415,0,reduction,""
179803.165416,0,sched_state,running
179803.165479,0,tick,""
179803.165482,0,reduction,""
179803.165483,0,sched_state,running
179803.165548,0,tick,""
179803.166423,11,channel_blocked,484
179803.166425,0,yield,""
179803.166427,0,sched_state,running
179803.166500,0,tick,""
179803.166506,0,reduction,""
179803.166508,0,sched_state,running
179803.166578,0,tick,""
179803.166584,0,reduction,""
179803.166585,0,sched_state,running
179803.166652,0,tick,""
179803.166658,0,reduction,""
179803.166659,0,sched_state,running
179803.166724,0,tick,""
179803.166729,0,reduction,""
179803.166730,0,sched_state,running
179803.166795,0,tick,""
179803.166800,0,reduction,""
179803.166801,0,sched_state,running
179803.166865,0,tick,""
179803.166869,0,reduction,""
179803.166870,0,sched_state,running
179803.166935,0,tick,""
179803.166939,0,reduction,""
179803.166942,0,sched_state,running
179803.167005,0,tick,""
179803.167008,0,reduction,""
179803.167010,0,sched_state,running
179803.167073,0,tick,""
179803.167077,0,reduction,""
179803.167078,0,sched_state,running
179803.167141,0,tick,""
179803.167145,0,reduction,""
179803.167146,0,sched_state,running
179803.167210,0,tick,""
179803.167213,0,reduction,""
179803.167214,0,sched_state,running
179803.167277,0,tick,""
179803.167280,0,reduction,""
179803.167281,0,sched_state,running
179803.167344,0,tick,""
179803.167347,0,reduction,""
179803.167349,0,sched_state,running
179803.167411,0,tick,""
179803.168381,12,channel_blocked,533
179803.168383,0,yield,""
179803.168386,0,sched_state,running
179803.168459,0,tick,""
179803.168466,0,reduction,""
179803.168467,0,sched_state,running
179803.168538,0,tick,""
179803.168544,0,reduction,""
179803.168545,0,sched_state,running
179803.168611,0,tick,""
179803.168616,0,reduction,""
179803.168618,0,sched_state,running
179803.168684,0,tick,""
179803.168689,0,reduction,""
179803.168690,0,sched_state,running
179803.168754,0,tick,""
179803.168758,0,reduction,""
179803.168759,0,sched_state,running
179803.168822,0,tick,""
179803.168826,0,reduction,""
179803.168827,0,sched_state,running
179803.168892,0,tick,""
179803.168896,0,reduction,""
179803.168897,0,sched_state,running
179803.168960,0,tick,""
179803.168964,0,reduction,""
179803.168965,0,sched_state,running
179803.169027,0,tick,""
179803.169031,0,reduction,""
179803.169033,0,sched_state,running
179803.169096,0,tick,""
179803.169100,0,reduction,""
179803.169102,0,sched_state,running
179803.169163,0,tick,""
179803.169166,0,reduction,""
179803.169168,0,sched_state,running
179803.169230,0,tick,""
179803.169233,0,reduction,""
179803.169234,0,sched_state,running
179803.169297,0,tick,""
179803.169301,0,reduction,""
179803.169302,0,sched_state,running
179803.169364,0,tick,""
179803.170413,13,channel_blocked,582
179803.170415,0,yield,""
179803.170417,0,sched_state,running
179803.170489,0,tick,""
179803.170495,0,reduction,""
179803.170497,0,sched_state,running
179803.170566,0,tick,""
179803.170572,0,reduction,""
179803.170574,0,sched_state,running
179803.170638,0,tick,""
179803.170644,0,reduction,""
179803.170646,0,sched_state,running
179803.170709,0,tick,""
179803.170715,0,reduction,""
179803.170717,0,sched_state,running
179803.170780,0,tick,""
179803.170784,0,reduction,""
179803.170786,0,sched_state,running
179803.170849,0,tick,""
179803.170854,0,reduction,""
179803.170855,0,sched_state,running
179803.170917,0,tick,""
179803.170921,0,reduction,""
179803.170922,0,sched_state,running
179803.170985,0,tick,""
179803.170989,0,reduction,""
179803.170990,0,sched_state,running
179803.171052,0,tick,""
179803.171055,0,reduction,""
179803.171056,0,sched_state,running
179803.171119,0,tick,""
179803.171122,0,reduction,""
179803.171123,0,sched_state,running
179803.171185,0,tick,""
179803.171188,0,reduction,""
179803.171189,0,sched_state,running
179803.171252,0,tick,""
179803.171255,0,reduction,""
179803.171256,0,sched_state,running
179803.171317,0,tick,""
179803.171320,0,reduction,""
179803.171321,0,sched_state,running
179803.171383,0,tick,""
179803.172532,14,channel_blocked,631
179803.172534,0,yield,""
179803.172537,0,sched_state,running
179803.172606,0,tick,""
179803.172614,0,reduction,""
179803.172616,0,sched_state,running
179803.172681,0,tick,""
179803.172688,0,reduction,""
179803.172689,0,sched_state,running
179803.172752,0,tick,""
179803.172759,0,reduction,""
179803.172760,0,sched_state,running
179803.172822,0,tick,""
179803.172828,0,reduction,""
179803.172829,0,sched_state,running
179803.172892,0,tick,""
179803.172897,0,reduction,""
179803.172898,0,sched_state,running
179803.172960,0,tick,""
179803.172964,0,reduction,""
179803.172965,0,sched_state,running
179803.173025,0,tick,""
179803.173031,0,reduction,""
179803.173032,0,sched_state,running
179803.173092,0,tick,""
179803.173096,0,reduction,""
179803.173098,0,sched_state,running
179803.173157,0,tick,""
179803.173162,0,reduction,""
179803.173163,0,sched_state,running
179803.173222,0,tick,""
179803.173226,0,reduction,""
179803.173227,0,sched_state,running
179803.173287,0,tick,""
179803.173292,0,reduction,""
179803.173294,0,sched_state,running
179803.173353,0,tick,""
179803.173356,0,reduction,""
179803.173357,0,sched_state,running
179803.173415,0,tick,""
179803.173423,0,reduction,""
179803.173424,0,sched_state,running
179803.173483,0,tick,""
179803.174725,15,channel_blocked,680
179803.174728,0,yield,""
179803.174730,0,sched_state,running
179803.174802,0,tick,""
179803.174807,0,reduction,""
179803.174809,0,sched_state,running
179803.174875,0,tick,""
179803.174879,0,reduction,""
179803.174881,0,sched_state,running
179803.174944,0,tick,""
179803.174950,0,reduction,""
179803.174951,0,sched_state,running
179803.175014,0,tick,""
179803.175017,0,reduction,""
179803.175018,0,sched_state,running
179803.175080,0,tick,""
179803.175085,0,reduction,""
179803.175086,0,sched_state,running
179803.175147,0,tick,""
179803.179333,7,channel_unblocked,283
179803.179347,0,yield,""
179803.179353,0,sched_state,running
179803.180530,0,tick,""
179803.180534,0,sched_state,running
179803.181126,0,tick,""
179803.181130,0,queue_length,1
179803.181131,1,queue_length,0
179803.181135,0,reduction,""
179803.181136,0,sched_state,running
179803.181426,0,tick,""
179803.181431,0,reduction,""
179803.181432,0,sched_state,running
179803.181982,0,tick,""
179803.185017,15,channel_unblocked,256
179803.185024,0,yield,""
179803.185028,0,sched_state,running
179803.186083,0,tick,""
179803.186094,0,reduction,""
179803.186098,0,sched_state,running
179803.186644,0,tick,""
179803.186647,0,reduction,""
179803.186649,0,sched_state,running
179803.187188,0,tick,""
179803.191931,6,channel_unblocked,256
179803.191939,0,yield,""
179803.191944,0,sched_state,running
179803.193746,0,tick,""
179803.193751,0,sched_state,running
179803.194296,0,tick,""
179803.194299,0,queue_length,2
179803.194300,1,queue_length,0
179803.194302,0,sched_state,running
179803.194579,0,tick,""
179803.194583,0,queue_length,1
179803.194584,1,queue_length,0
179803.194588,0,reduction,""
179803.194590,0,sched_state,running
179803.194859,0,tick,""
179803.194865,0,reduction,""
179803.194867,0,sched_state,running
179803.195139,0,tick,""
179803.199946,14,channel_unblocked,228
179803.199953,0,yield,""
179803.199958,0,sched_state,running
179803.201025,0,tick,""
179803.201036,0,reduction,""
179803.201037,0,sched_state,running
179803.201545,0,tick,""
179803.201549,0,reduction,""
179803.201550,0,sched_state,running
179803.202536,0,tick,""
179803.205761,5,channel_unblocked,228
179803.205770,0,yield,""
179803.205774,0,sched_state,running
179803.206748,0,tick,""
179803.206752,0,sched_state,running
179803.207241,0,tick,""
179803.207244,0,queue_length,2
179803.207245,1,queue_length,0
179803.207247,0,sched_state,running
179803.207504,0,tick,""
179803.207507,0,queue_length,1
179803.207508,1,queue_length,0
179803.207512,0,reduction,""
179803.207513,0,sched_state,running
179803.208023,0,tick,""
179803.208030,0,reduction,""
179803.208031,0,sched_state,running
179803.208293,0,tick,""
179803.212370,13,channel_unblocked,201
179803.212377,0,yield,""
179803.212383,0,sched_state,running
179803.213335,0,tick,""
179803.213345,0,reduction,""
179803.213346,0,sched_state,running
179803.213811,0,tick,""
179803.213814,0,reduction,""
179803.213816,0,sched_state,running
179803.214718,0,tick,""
179803.217671,4,channel_unblocked,201
179803.217680,0,yield,""
179803.217684,0,sched_state,running
179803.218563,0,tick,""
179803.218569,0,sched_state,running
179803.219020,0,tick,""
179803.219023,0,queue_length,2
179803.219023,1,queue_length,0
179803.219026,0,sched_state,running
179803.219262,0,tick,""
179803.219264,0,queue_length,1
179803.219265,1,queue_length,0
179803.219269,0,reduction,""
179803.219272,0,sched_state,running
179803.219725,0,tick,""
179803.219731,0,reduction,""
179803.219734,0,sched_state,running
179803.219959,0,tick,""
179803.223666,12,channel_unblocked,173
179803.223674,0,yield,""
179803.223678,0,sched_state,running
179803.224550,0,tick,""
179803.224559,0,reduction,""
179803.224561,0,sched_state,running
179803.225389,0,tick,""
179803.225393,0,reduction,""
179803.225395,0,sched_state,running
179803.225813,0,tick,""
179803.228417,3,channel_unblocked,173
179803.228424,0,yield,""
179803.228429,0,sched_state,running
179803.229188,0,tick,""
179803.229191,0,sched_state,running
179803.229596,0,tick,""
179803.229599,0,queue_length,2
179803.229600,1,queue_length,0
179803.229603,0,sched_state,running
179803.229815,0,tick,""
179803.229816,0,queue_length,1
179803.229817,1,queue_length,0
179803.229820,0,reduction,""
179803.229822,0,sched_state,running
179803.230199,0,tick,""
179803.230204,0,reduction,""
179803.230205,0,sched_state,running
179803.230576,0,tick,""
179803.233910,11,channel_unblocked,145
179803.233916,0,yield,""
179803.233920,0,sched_state,running
179803.234684,0,tick,""
179803.234692,0,reduction,""
179803.234693,0,sched_state,running
179803.235400,0,tick,""
179803.235405,0,reduction,""
179803.235406,0,sched_state,running
179803.235779,0,tick,""
179803.238052,2,channel_unblocked,145
179803.238057,0,yield,""
179803.238060,0,sched_state,running
179803.238747,0,tick,""
179803.238750,0,sched_state,running
179803.239111,0,tick,""
179803.239113,0,queue_length,2
179803.239114,1,queue_length,0
179803.239116,0,sched_state,running
179803.239304,0,tick,""
179803.239305,0,queue_length,1
179803.239306,1,queue_length,0
179803.239310,0,reduction,""
179803.239311,0,sched_state,running
179803.239645,0,tick,""
179803.239650,0,reduction,""
179803.239651,0,sched_state,running
179803.239979,0,tick,""
179803.241922,10,channel_unblocked,118
179803.241927,0,yield,""
179803.241930,0,sched_state,running
179803.242601,0,tick,""
179803.242611,0,reduction,""
179803.242613,0,sched_state,running
179803.242947,0,tick,""
179803.242951,0,reduction,""
179803.242952,0,sched_state,running
179803.243285,0,tick,""
179803.246051,1,channel_unblocked,118
179803.246056,0,yield,""
179803.246059,0,sched_state,running
179803.247072,0,tick,""
179803.247076,0,sched_state,running
179803.247700,0,tick,""
179803.247703,0,queue_length,2
179803.247704,1,queue_length,0
179803.247706,0,sched_state,running
179803.247875,0,tick,""
179803.247876,0,queue_length,1
179803.247877,1,queue_length,0
179803.247880,0,reduction,""
179803.247882,0,sched_state,running
179803.248202,0,tick,""
179803.248208,0,reduction,""
179803.248210,0,sched_state,running
179803.248373,0,tick,""
179803.250873,9,channel_unblocked,88
179803.250884,0,yield,""
179803.250887,0,sched_state,running
179803.251467,0,tick,""
179803.251477,0,reduction,""
179803.251479,0,sched_state,running
179803.251791,0,tick,""
179803.251796,0,reduction,""
179803.251798,0,sched_state,running
179803.252361,0,tick,""
179803.253806,0,channel_unblocked,88
179803.253814,0,yield,""
179803.253817,0,sched_state,running
179803.254343,0,tick,""
179803.254348,0,sched_state,running
179803.254637,0,tick,""
179803.254641,0,queue_length,2
179803.254642,1,queue_length,0
179803.254644,0,sched_state,running
179803.254793,0,tick,""
179803.254794,0,queue_length,1
179803.254795,1,queue_length,0
179803.254798,0,reduction,""
179803.254800,0,sched_state,running
179803.255078,0,tick,""
179803.255084,0,reduction,""
179803.255085,0,sched_state,running
179803.255221,0,tick,""
179803.257190,8,channel_unblocked,73
179803.257199,0,yield,""
179803.257202,0,sched_state,running
179803.257701,0,tick,""
179803.257709,0,reduction,""
179803.257713,0,sched_state,running
179803.258189,0,tick,""
179803.258196,0,sched_state,stop
