timestamp,lpu,event,value
181077.573335,6,sched_state,startup
181077.573334,2,sched_state,startup
181077.573339,5,sched_state,startup
181077.573368,7,sched_state,startup
181077.573368,4,sched_state,startup
181077.573371,3,sched_state,startup
181077.573810,6,tick,""
181077.573810,2,tick,""
181077.573811,4,tick,""
181077.573836,0,sched_state,startup
181077.573891,5,tick,""
181077.573913,7,tick,""
181077.573913,3,tick,""
181077.574010,1,sched_state,startup
181077.574119,0,tick,""
181077.574124,1,tick,""
181077.574352,2,queue_length,0
181077.574359,2,sched_state,waiting
181077.574361,6,queue_length,0
181077.574365,6,sched_state,waiting
181077.574387,6,tick,""
181077.574387,2,tick,""
181077.574392,4,queue_length,0
181077.574400,4,sched_state,waiting
181077.574414,4,tick,""
181077.577656,5,queue_length,0
181077.577656,1,queue_length,0
181077.577667,7,queue_length,0
181077.577667,3,queue_length,0
181077.577689,1,sched_state,waiting
181077.577689,5,sched_state,waiting
181077.577698,3,sched_state,waiting
181077.577698,7,sched_state,waiting
181077.577761,5,tick,""
181077.577779,1,tick,""
181077.577783,7,tick,""
181077.577783,3,tick,""
181077.578291,6,sched_state,waiting
181077.578313,6,tick,""
181077.578410,4,sched_state,waiting
181077.578425,4,tick,""
181077.578439,2,sched_state,waiting
181077.578446,2,tick,""
181077.578677,0,sched_state,running
181077.578716,1,sched_state,waiting
181077.578727,1,tick,""
181077.578737,3,sched_state,waiting
181077.578740,5,sched_state,waiting
181077.578745,7,sched_state,waiting
181077.578748,5,tick,""
181077.578750,3,tick,""
181077.578751,0,tick,""
181077.578753,5,sched_state,waiting
181077.578754,7,tick,""
181077.578756,3,sched_state,waiting
181077.578758,0,reduction,""
181077.578760,0,sched_state,running
181077.578761,5,tick,""
181077.578765,3,tick,""
181077.578767,5,sched_state,waiting
181077.578772,5,tick,""
181077.578872,0,tick,""
181077.578876,0,reduction,""
181077.578877,0,sched_state,running
181077.578940,0,tick,""
181077.578943,0,reduction,""
181077.578944,0,sched_state,running
181077.579005,0,tick,""
181077.579007,0,reduction,""
181077.579009,0,sched_state,running
181077.579069,0,tick,""
181077.579072,0,reduction,""
181077.579074,0,sched_state,running
181077.579134,0,tick,""
181077.579136,0,reduction,""
181077.579137,0,sched_state,running
181077.579198,0,tick,""
181077.579200,0,reduction,""
181077.579201,0,sched_state,running
181077.579263,0,tick,""
181077.579265,0,reduction,""
181077.579266,0,sched_state,running
181077.579329,0,tick,""
181077.579331,0,reduction,""
181077.579332,0,sched_state,running
181077.579395,0,tick,""
181077.580466,0,reduction,""
181077.580471,0,sched_state,running
181077.580547,0,tick,""
181077.580551,0,reduction,""
181077.580553,0,sched_state,running
181077.580620,0,tick,""
181077.580624,0,reduction,""
181077.580626,0,sched_state,running
181077.580690,0,tick,""
181077.580874,0,reduction,""
181077.580876,0,sched_state,running
181077.580930,0,tick,""
181077.580934,0,reduction,""
181077.580935,0,sched_state,running
181077.580984,0,tick,""
181077.580988,0,reduction,""
181077.580989,0,sched_state,running
181077.581038,0,tick,""
181077.581041,0,reduction,""
181077.581042,0,sched_state,running
181077.581089,0,tick,""
181077.581092,0,reduction,""
181077.581093,0,sched_state,running
181077.581140,0,tick,""
181077.581143,0,reduction,""
181077.581144,0,sched_state,running
181077.581190,0,tick,""
181077.581194,0,reduction,""
181077.581195,0,sched_state,running
181077.581241,0,tick,""
181077.581244,0,reduction,""
181077.581245,0,sched_state,running
181077.581291,0,tick,""
181077.581495,0,queue_length,0
181077.581617,0,sched_state,running
181077.581672,0,tick,""
181077.581678,0,reduction,""
181077.581679,0,sched_state,running
181077.581728,0,tick,""
181077.581733,0,reduction,""
181077.581737,0,sched_state,running
181077.581788,0,tick,""
181077.581792,0,reduction,""
181077.581793,0,sched_state,running
181077.581842,0,tick,""
181077.581846,0,reduction,""
181077.581847,0,sched_state,running
181077.581895,0,tick,""
181077.581899,0,reduction,""
181077.581900,0,sched_state,running
181077.581948,0,tick,""
181077.581954,0,reduction,""
181077.581955,0,sched_state,running
181077.582002,0,tick,""
181077.582007,0,reduction,""
181077.582008,0,sched_state,running
181077.582054,0,tick,""
181077.582059,0,reduction,""
181077.582060,0,sched_state,running
181077.582108,0,tick,""
181077.582151,0,reduction,""
181077.582153,0,sched_state,running
181077.582203,0,tick,""
181077.582208,0,reduction,""
181077.582209,0,sched_state,running
181077.582256,0,tick,""
181077.582264,0,reduction,""
181077.582265,0,sched_state,running
181077.582312,0,tick,""
181077.582318,0,reduction,""
181077.582319,0,sched_state,running
181077.582367,0,tick,""
181077.582380,0,reduction,""
181077.582381,0,sched_state,running
181077.582430,0,tick,""
181077.582436,0,reduction,""
181077.582437,0,sched_state,running
181077.582486,0,tick,""
181077.582497,0,reduction,""
181077.582498,0,sched_state,running
181077.582553,0,tick,""
181077.582558,0,spawn,""
181077.582560,0,reduction,""
181077.582561,0,sched_state,running
181077.582877,0,tick,""
181077.582881,0,reduction,""
181077.582882,0,sched_state,running
181077.582937,0,tick,""
181077.582940,0,reduction,""
181077.582941,0,sched_state,running
181077.582996,0,tick,""
181077.582999,0,reduction,""
181077.583000,0,sched_state,running
181077.583054,0,tick,""
181077.583056,0,reduction,""
181077.583057,0,sched_state,running
181077.583110,0,tick,""
181077.583113,0,reduction,""
181077.583115,0,sched_state,running
181077.583168,0,tick,""
181077.583171,0,reduction,""
181077.583172,0,sched_state,running
181077.583225,0,tick,""
181077.583892,0,channel_blocked,162
181077.583894,0,yield,""
181077.584121,0,sched_state,running
181077.584184,0,tick,""
181077.584188,0,sched_state,running
181077.584242,0,tick,""
181077.584248,0,reduction,""
181077.584249,0,sched_state,running
181077.584300,0,tick,""
181077.584305,0,reduction,""
181077.584306,0,sched_state,running
181077.584356,0,tick,""
181077.584361,0,reduction,""
181077.584362,0,sched_state,running
181077.584412,0,tick,""
181077.584416,0,reduction,""
181077.584417,0,sched_state,running
181077.584466,0,tick,""
181077.584475,0,reduction,""
181077.584476,0,sched_state,running
181077.584525,0,tick,""
181077.584565,0,reduction,""
181077.584568,0,sched_state,running
181077.584662,0,tick,""
181077.584675,0,reduction,""
181077.584677,0,sched_state,running
181077.584808,0,tick,""
181077.584819,0,reduction,""
181077.584821,0,sched_state,running
181077.584907,0,tick,""
181077.584915,0,reduction,""
181077.584917,0,sched_state,running
181077.585000,0,tick,""
181077.585019,0,reduction,""
181077.585021,0,sched_state,running
181077.585106,0,tick,""
181077.585114,0,reduction,""
181077.585116,0,sched_state,running
181077.585198,0,tick,""
181077.585213,0,reduction,""
181077.585215,0,sched_state,running
181077.585299,0,tick,""
181077.585306,0,spawn,""
181077.585309,0,reduction,""
181077.585311,0,sched_state,running
181077.585399,0,tick,""
181077.585402,0,reduction,""
181077.585404,0,sched_state,running
181077.585487,0,tick,""
181077.585491,0,reduction,""
181077.585493,0,sched_state,running
181077.585575,0,tick,""
181077.585579,0,reduction,""
181077.585581,0,sched_state,running
181077.585665,0,tick,""
181077.585669,0,reduction,""
181077.585671,0,sched_state,running
181077.585754,0,tick,""
181077.585758,0,reduction,""
181077.585760,0,sched_state,running
181077.585842,0,tick,""
181077.585848,0,reduction,""
181077.585849,0,sched_state,running
181077.585933,0,tick,""
181077.586725,1,channel_blocked,212
181077.586727,0,yield,""
181077.586730,0,sched_state,running
181077.586821,0,tick,""
181077.586826,0,sched_state,running
181077.586888,0,tick,""
181077.586893,0,reduction,""
181077.586895,0,sched_state,running
181077.586947,0,tick,""
181077.586952,0,reduction,""
181077.586953,0,sched_state,running
181077.587005,0,tick,""
181077.587013,0,reduction,""
181077.587014,0,sched_state,running
181077.587064,0,tick,""
181077.587069,0,reduction,""
181077.587070,0,sched_state,running
181077.587119,0,tick,""
181077.587128,0,reduction,""
181077.587130,0,sched_state,running
181077.587179,0,tick,""
181077.587225,0,reduction,""
181077.587228,0,sched_state,running
181077.587309,0,tick,""
181077.587323,0,reduction,""
181077.587325,0,sched_state,running
181077.587404,0,tick,""
181077.587412,0,reduction,""
181077.587414,0,sched_state,running
181077.587498,0,tick,""
181077.587506,0,reduction,""
181077.587508,0,sched_state,running
181077.587591,0,tick,""
181077.587608,0,reduction,""
181077.587610,0,sched_state,running
181077.587696,0,tick,""
181077.587703,0,reduction,""
181077.587705,0,sched_state,running
181077.587788,0,tick,""
181077.587805,0,reduction,""
181077.587807,0,sched_state,running
181077.587893,0,tick,""
181077.587899,0,spawn,""
181077.587902,0,reduction,""
181077.587904,0,sched_state,running
181077.587991,0,tick,""
181077.587994,0,reduction,""
181077.587996,0,sched_state,running
181077.588080,0,tick,""
181077.588084,0,reduction,""
181077.588085,0,sched_state,running
181077.588176,0,tick,""
181077.588180,0,reduction,""
181077.588182,0,sched_state,running
181077.588266,0,tick,""
181077.588270,0,reduction,""
181077.588272,0,sched_state,running
181077.588356,0,tick,""
181077.588359,0,reduction,""
181077.588361,0,sched_state,running
181077.588446,0,tick,""
181077.588449,0,reduction,""
181077.588451,0,sched_state,running
181077.588534,0,tick,""
181077.589292,2,channel_blocked,264
181077.589294,0,yield,""
181077.589297,0,sched_state,running
181077.589388,0,tick,""
181077.589393,0,sched_state,running
181077.589454,0,tick,""
181077.589460,0,reduction,""
181077.589461,0,sched_state,running
181077.589514,0,tick,""
181077.589518,0,reduction,""
181077.589519,0,sched_state,running
181077.589571,0,tick,""
181077.589578,0,reduction,""
181077.589579,0,sched_state,running
181077.589629,0,tick,""
181077.589634,0,reduction,""
181077.589635,0,sched_state,running
181077.589683,0,tick,""
181077.589693,0,reduction,""
181077.589694,0,sched_state,running
181077.589744,0,tick,""
181077.589791,0,reduction,""
181077.589796,0,sched_state,running
181077.589947,0,tick,""
181077.589968,0,reduction,""
181077.589970,0,sched_state,running
181077.590019,2,sched_state,waiting
181077.590020,6,sched_state,waiting
181077.590019,4,sched_state,waiting
181077.590027,4,tick,""
181077.590028,6,tick,""
181077.590028,2,tick,""
181077.590031,6,sched_state,waiting
181077.590037,6,tick,""
181077.590050,4,sched_state,waiting
181077.590053,6,sched_state,waiting
181077.590054,4,tick,""
181077.590053,2,sched_state,waiting
181077.590059,2,tick,""
181077.590059,6,tick,""
181077.590133,0,tick,""
181077.590148,1,sched_state,waiting
181077.590158,1,tick,""
181077.590158,0,reduction,""
181077.590162,1,sched_state,waiting
181077.590165,0,sched_state,running
181077.590168,1,tick,""
181077.590170,1,sched_state,waiting
181077.590174,1,tick,""
181077.590196,1,sched_state,waiting
181077.590200,1,tick,""
181077.590204,1,sched_state,waiting
181077.590209,1,tick,""
181077.590265,0,tick,""
181077.590273,0,reduction,""
181077.590275,0,sched_state,running
181077.590369,0,tick,""
181077.590392,0,reduction,""
181077.590395,0,sched_state,running
181077.590532,0,tick,""
181077.590543,0,reduction,""
181077.590545,0,sched_state,running
181077.590634,0,tick,""
181077.590652,0,reduction,""
181077.590655,0,sched_state,running
181077.590742,0,tick,""
181077.590748,0,spawn,""
181077.590750,0,reduction,""
181077.590753,0,sched_state,running
181077.590843,0,tick,""
181077.590846,0,reduction,""
181077.590847,0,sched_state,running
181077.590933,0,tick,""
181077.590937,0,reduction,""
181077.590938,0,sched_state,running
181077.591026,0,tick,""
181077.591030,0,reduction,""
181077.591031,0,sched_state,running
181077.591116,0,tick,""
181077.591122,0,reduction,""
181077.591123,0,sched_state,running
181077.591208,0,tick,""
181077.591212,0,reduction,""
181077.591213,0,sched_state,running
181077.591297,0,tick,""
181077.591302,0,reduction,""
181077.591303,0,sched_state,running
181077.591390,0,tick,""
181077.592173,3,channel_blocked,318
181077.592176,0,yield,""
181077.592179,0,sched_state,running
181077.592270,0,tick,""
181077.592284,0,queue_length,0
181077.592299,0,sched_state,running
181077.592390,0,tick,""
181077.592399,0,reduction,""
181077.592401,0,sched_state,running
181077.592536,0,tick,""
181077.592545,0,reduction,""
181077.592547,0,sched_state,running
181077.592631,0,tick,""
181077.592642,0,reduction,""
181077.592644,0,sched_state,running
181077.592725,0,tick,""
181077.592732,0,reduction,""
181077.592734,0,sched_state,running
181077.592807,0,tick,""
181077.592819,0,reduction,""
181077.592820,0,sched_state,running
181077.592871,0,tick,""
181077.592915,0,reduction,""
181077.592917,0,sched_state,running
181077.592997,0,tick,""
181077.593016,0,reduction,""
181077.593019,0,sched_state,running
181077.593092,0,tick,""
181077.593108,0,reduction,""
181077.593111,0,sched_state,running
181077.593175,0,tick,""
181077.593181,0,reduction,""
181077.593183,0,sched_state,running
181077.593238,0,tick,""
181077.593255,0,reduction,""
181077.593257,0,sched_state,running
181077.593319,0,tick,""
181077.593327,0,reduction,""
181077.593328,0,sched_state,running
181077.593384,0,tick,""
181077.593398,0,reduction,""
181077.593399,0,sched_state,running
181077.593456,0,tick,""
181077.593460,0,spawn,""
181077.593462,0,reduction,""
181077.593465,0,sched_state,running
181077.593528,0,tick,""
181077.593531,0,reduction,""
181077.593533,0,sched_state,running
181077.593589,0,tick,""
181077.593592,0,reduction,""
181077.593593,0,sched_state,running
181077.593649,0,tick,""
181077.593653,0,reduction,""
181077.593654,0,sched_state,running
181077.593715,0,tick,""
181077.593718,0,reduction,""
181077.593719,0,sched_state,running
181077.593775,0,tick,""
181077.593779,0,reduction,""
181077.593780,0,sched_state,running
181077.593836,0,tick,""
181077.593840,0,reduction,""
181077.593841,0,sched_state,running
181077.593899,0,tick,""
181077.594559,4,channel_blocked,359
181077.594561,0,yield,""
181077.594563,0,sched_state,running
181077.594625,0,tick,""
181077.594629,0,sched_state,running
181077.594687,0,tick,""
181077.594692,0,reduction,""
181077.594695,0,sched_state,running
181077.594755,0,tick,""
181077.594759,0,reduction,""
181077.594761,0,sched_state,running
181077.594814,0,tick,""
181077.594823,0,reduction,""
181077.594825,0,sched_state,running
181077.594877,0,tick,""
181077.594881,0,reduction,""
181077.594882,0,sched_state,running
181077.594933,0,tick,""
181077.594945,0,reduction,""
181077.594946,0,sched_state,running
181077.594999,0,tick,""
181077.595033,0,reduction,""
181077.595036,0,sched_state,running
181077.595119,0,tick,""
181077.595136,0,reduction,""
181077.595138,0,sched_state,running
181077.595225,0,tick,""
181077.595234,0,reduction,""
181077.595236,0,sched_state,running
181077.595323,0,tick,""
181077.595331,0,reduction,""
181077.595334,0,sched_state,running
181077.595420,0,tick,""
181077.595441,0,reduction,""
181077.595444,0,sched_state,running
181077.595532,0,tick,""
181077.595539,0,reduction,""
181077.595541,0,sched_state,running
181077.595629,0,tick,""
181077.595651,0,reduction,""
181077.595654,0,sched_state,running
181077.595789,0,tick,""
181077.595797,0,spawn,""
181077.595799,0,reduction,""
181077.595801,0,sched_state,running
181077.595889,0,tick,""
181077.595893,0,reduction,""
181077.595895,0,sched_state,running
181077.595981,0,tick,""
181077.595985,0,reduction,""
181077.595986,0,sched_state,running
181077.596071,0,tick,""
181077.596076,0,reduction,""
181077.596078,0,sched_state,running
181077.596167,0,tick,""
181077.596172,0,reduction,""
181077.596173,0,sched_state,running
181077.596260,0,tick,""
181077.596264,0,reduction,""
181077.596266,0,sched_state,running
181077.596350,0,tick,""
181077.596355,0,reduction,""
181077.596356,0,sched_state,running
181077.596441,0,tick,""
181077.597305,5,channel_blocked,400
181077.597307,0,yield,""
181077.597310,0,sched_state,running
181077.597396,0,tick,""
181077.597401,0,sched_state,running
181077.597484,0,tick,""
181077.597489,0,reduction,""
181077.597491,0,sched_state,running
181077.597571,0,tick,""
181077.597576,0,reduction,""
181077.597578,0,sched_state,running
181077.597655,0,tick,""
181077.597667,0,reduction,""
181077.597669,0,sched_state,running
181077.597745,0,tick,""
181077.597750,0,reduction,""
181077.597754,0,sched_state,running
181077.597830,0,tick,""
181077.597846,0,reduction,""
181077.597848,0,sched_state,running
181077.597926,0,tick,""
181077.597988,0,reduction,""
181077.597992,0,sched_state,running
181077.598088,0,tick,""
181077.598115,0,reduction,""
181077.598117,0,sched_state,running
181077.598175,0,tick,""
181077.598183,0,reduction,""
181077.598184,0,sched_state,running
181077.598248,0,tick,""
181077.598255,0,reduction,""
181077.598257,0,sched_state,running
181077.598320,0,tick,""
181077.598338,0,reduction,""
181077.598339,0,sched_state,running
181077.598397,0,tick,""
181077.598402,0,reduction,""
181077.598403,0,sched_state,running
181077.598460,0,tick,""
181077.598476,0,reduction,""
181077.598477,0,sched_state,running
181077.598541,0,tick,""
181077.598546,0,spawn,""
181077.598548,0,reduction,""
181077.598549,0,sched_state,running
181077.598609,0,tick,""
181077.598611,0,reduction,""
181077.598614,0,sched_state,running
181077.598676,0,tick,""
181077.598680,0,reduction,""
181077.598682,0,sched_state,running
181077.598738,0,tick,""
181077.598741,0,reduction,""
181077.598742,0,sched_state,running
181077.598797,0,tick,""
181077.598800,0,reduction,""
181077.598801,0,sched_state,running
181077.598857,0,tick,""
181077.598860,0,reduction,""
181077.598861,0,sched_state,running
181077.598916,0,tick,""
181077.598919,0,reduction,""
181077.598920,0,sched_state,running
181077.598976,0,tick,""
181077.599533,6,channel_blocked,450
181077.599535,0,yield,""
181077.599538,0,sched_state,running
181077.599597,0,tick,""
181077.599601,0,sched_state,running
181077.599657,0,tick,""
181077.599660,0,reduction,""
181077.599662,0,sched_state,running
181077.599720,0,tick,""
181077.599725,0,reduction,""
181077.599726,0,sched_state,running
181077.599779,0,tick,""
181077.599787,0,reduction,""
181077.599788,0,sched_state,running
181077.599839,0,tick,""
181077.599842,0,reduction,""
181077.599845,0,sched_state,running
181077.599899,0,tick,""
181077.599913,0,reduction,""
181077.599914,0,sched_state,running
181077.599966,0,tick,""
181077.600023,0,reduction,""
181077.600026,0,sched_state,running
181077.600116,0,tick,""
181077.600139,0,reduction,""
181077.600141,0,sched_state,running
181077.600226,0,tick,""
181077.600235,0,reduction,""
181077.600236,0,sched_state,running
181077.600325,0,tick,""
181077.600332,0,reduction,""
181077.600334,0,sched_state,running
181077.600422,0,tick,""
181077.600452,0,reduction,""
181077.600454,0,sched_state,running
181077.600552,0,tick,""
181077.600558,0,reduction,""
181077.600562,0,sched_state,running
181077.600645,0,tick,""
181077.600668,0,reduction,""
181077.600671,0,sched_state,running
181077.600755,0,tick,""
181077.600760,0,spawn,""
181077.600762,0,reduction,""
181077.600764,0,sched_state,running
181077.600850,0,tick,""
181077.600853,0,reduction,""
181077.600856,0,sched_state,running
181077.600940,0,tick,""
181077.600944,0,reduction,""
181077.600946,0,sched_state,running
181077.601032,3,sched_state,waiting
181077.601038,7,sched_state,waiting
181077.601040,3,tick,""
181077.601043,7,tick,""
181077.601045,0,tick,""
181077.601048,0,reduction,""
181077.601051,5,sched_state,waiting
181077.601053,2,sched_state,waiting
181077.601051,6,sched_state,waiting
181077.601054,0,sched_state,running
181077.601053,4,sched_state,waiting
181077.601060,2,tick,""
181077.601061,6,tick,""
181077.601062,4,tick,""
181077.601064,5,tick,""
181077.601102,4,sched_state,waiting
181077.601109,2,sched_state,waiting
181077.601109,6,sched_state,waiting
181077.601110,5,sched_state,waiting
181077.601112,4,tick,""
181077.601115,2,tick,""
181077.601117,4,sched_state,waiting
181077.601119,6,tick,""
181077.601119,5,tick,""
181077.601120,4,tick,""
181077.601123,6,sched_state,waiting
181077.601124,5,sched_state,waiting
181077.601135,5,tick,""
181077.601138,6,tick,""
181077.601141,6,sched_state,waiting
181077.601143,0,tick,""
181077.601146,6,tick,""
181077.601154,0,reduction,""
181077.601156,0,sched_state,running
181077.601157,7,sched_state,waiting
181077.601163,7,tick,""
181077.601174,6,sched_state,waiting
181077.601180,6,tick,""
181077.601184,6,sched_state,waiting
181077.601187,6,tick,""
181077.601191,6,sched_state,waiting
181077.601197,6,tick,""
181077.601259,0,tick,""
181077.601264,0,reduction,""
181077.601267,0,sched_state,running
181077.601368,0,tick,""
181077.601374,0,reduction,""
181077.601377,0,sched_state,running
181077.601466,0,tick,""
181077.602236,7,channel_blocked,490
181077.602238,0,yield,""
181077.602242,0,sched_state,running
181077.602386,0,tick,""
181077.602396,0,queue_length,0
181077.602405,0,sched_state,running
181077.602495,0,tick,""
181077.602501,0,reduction,""
181077.602503,0,sched_state,running
181077.602588,0,tick,""
181077.602592,0,reduction,""
181077.602596,0,sched_state,running
181077.602682,0,tick,""
181077.602694,0,reduction,""
181077.602698,0,sched_state,running
181077.602796,0,tick,""
181077.602802,0,reduction,""
181077.602804,0,sched_state,running
181077.602892,0,tick,""
181077.602915,0,reduction,""
181077.602919,0,sched_state,running
181077.603005,0,tick,""
181077.603054,0,reduction,""
181077.603057,0,sched_state,running
181077.603145,0,tick,""
181077.603168,0,reduction,""
181077.603170,0,sched_state,running
181077.603256,0,tick,""
181077.603262,0,reduction,""
181077.603264,0,sched_state,running
181077.603352,0,tick,""
181077.603358,0,reduction,""
181077.603361,0,sched_state,running
181077.603447,0,tick,""
181077.603472,0,reduction,""
181077.603474,0,sched_state,running
181077.603564,0,tick,""
181077.603569,0,reduction,""
181077.603573,0,sched_state,running
181077.603649,0,tick,""
181077.603668,0,reduction,""
181077.603670,0,sched_state,running
181077.603731,0,tick,""
181077.603735,0,spawn,""
181077.603737,0,reduction,""
181077.603738,0,sched_state,running
181077.603798,0,tick,""
181077.603801,0,reduction,""
181077.603803,0,sched_state,running
181077.603862,0,tick,""
181077.603866,0,reduction,""
181077.603867,0,sched_state,running
181077.603925,0,tick,""
181077.603927,0,reduction,""
181077.603929,0,sched_state,running
181077.603986,0,tick,""
181077.603989,0,reduction,""
181077.603990,0,sched_state,running
181077.604048,0,tick,""
181077.604051,0,reduction,""
181077.604052,0,sched_state,running
181077.604120,0,tick,""
181077.604124,0,reduction,""
181077.604125,0,sched_state,running
181077.604181,0,tick,""
181077.604762,8,channel_blocked,542
181077.604764,0,yield,""
181077.604766,0,sched_state,running
181077.604827,0,tick,""
181077.604831,0,sched_state,running
181077.604888,0,tick,""
181077.604891,0,reduction,""
181077.604893,0,sched_state,running
181077.604947,0,tick,""
181077.604951,0,reduction,""
181077.604952,0,sched_state,running
181077.605006,0,tick,""
181077.605015,0,reduction,""
181077.605016,0,sched_state,running
181077.605069,0,tick,""
181077.605072,0,reduction,""
181077.605074,0,sched_state,running
181077.605126,0,tick,""
181077.605130,0,reduction,""
181077.605139,0,sched_state,running
181077.605211,0,tick,""
181077.605216,0,reduction,""
181077.605218,0,sched_state,running
181077.605288,0,tick,""
181077.605293,0,reduction,""
181077.605294,0,sched_state,running
181077.605364,0,tick,""
181077.605384,0,reduction,""
181077.605385,0,sched_state,running
181077.605455,0,tick,""
181077.605460,0,reduction,""
181077.605461,0,sched_state,running
181077.605531,0,tick,""
181077.605549,0,reduction,""
181077.605551,0,sched_state,running
181077.605622,0,tick,""
181077.605626,0,reduction,""
181077.605628,0,sched_state,running
181077.605697,0,tick,""
181077.605702,0,reduction,""
181077.605703,0,sched_state,running
181077.605777,0,tick,""
181077.607192,0,channel_unblocked,87
181077.607197,0,yield,""
181077.607205,0,sched_state,running
181077.607653,0,tick,""
181077.607657,0,reduction,""
181077.607660,0,sched_state,running
181077.608080,0,tick,""
181077.608086,0,reduction,""
181077.608088,0,sched_state,running
181077.608333,0,tick,""
181077.608338,0,reduction,""
181077.608340,0,sched_state,running
181077.608577,0,tick,""
181077.608608,0,reduction,""
181077.608611,0,sched_state,running
181077.608848,0,tick,""
181077.608853,0,reduction,""
181077.608855,0,sched_state,running
181077.609087,0,tick,""
181077.609110,0,reduction,""
181077.609112,0,sched_state,running
181077.609352,0,tick,""
181077.609358,0,reduction,""
181077.609360,0,sched_state,running
181077.609591,0,tick,""
181077.609842,0,sched_state,running
181077.609979,0,queue_length,1
181077.610000,0,tick,""
181077.610004,0,reduction,""
181077.610006,0,sched_state,running
181077.610129,0,tick,""
181077.610133,0,reduction,""
181077.610135,0,sched_state,running
181077.610430,0,tick,""
181077.610582,0,reduction,""
181077.610584,0,sched_state,running
181077.610700,0,tick,""
181077.610703,0,reduction,""
181077.610705,0,sched_state,running
181077.610816,0,tick,""
181077.610819,0,reduction,""
181077.610821,0,sched_state,running
181077.610931,0,tick,""
181077.610934,0,reduction,""
181077.610937,0,sched_state,running
181077.611167,0,tick,""
181077.611172,0,reduction,""
181077.611176,0,sched_state,running
181077.611365,0,tick,""
181077.611480,0,reduction,""
181077.611482,0,sched_state,running
181077.611598,0,tick,""
181077.611601,0,reduction,""
181077.611603,0,sched_state,running
181077.611716,0,tick,""
181077.611728,0,reduction,""
181077.611730,0,sched_state,running
181077.611830,0,tick,""
181077.611834,0,reduction,""
181077.611835,0,sched_state,running
181077.611933,0,tick,""
181077.611937,0,reduction,""
181077.611939,0,sched_state,running
181077.612014,6,sched_state,waiting
181077.612019,4,sched_state,waiting
181077.612021,6,tick,""
181077.612020,2,sched_state,waiting
181077.612022,5,sched_state,waiting
181077.612027,4,tick,""
181077.612029,2,tick,""
181077.612029,5,tick,""
181077.612048,4,sched_state,waiting
181077.612052,2,sched_state,waiting
181077.612053,4,tick,""
181077.612054,0,tick,""
181077.612058,2,tick,""
181077.612059,6,sched_state,waiting
181077.612060,0,reduction,""
181077.612061,5,sched_state,waiting
181077.612061,1,sched_state,waiting
181077.612062,0,sched_state,running
181077.612064,6,tick,""
181077.612067,5,tick,""
181077.612073,1,tick,""
181077.612154,1,sched_state,waiting
181077.612161,1,tick,""
181077.612167,1,sched_state,waiting
181077.612172,1,tick,""
181077.612176,1,sched_state,waiting
181077.612180,1,tick,""
181077.612183,1,sched_state,waiting
181077.612187,1,tick,""
181077.612226,0,tick,""
181077.614562,1,channel_unblocked,162
181077.614569,0,yield,""
181077.614574,0,sched_state,running
181077.615297,0,tick,""
181077.615303,0,reduction,""
181077.615306,0,sched_state,running
181077.616032,0,tick,""
181077.616040,0,reduction,""
181077.616043,0,sched_state,running
181077.616388,0,tick,""
181077.616392,0,reduction,""
181077.616395,0,sched_state,running
181077.616697,0,tick,""
181077.616701,0,reduction,""
181077.616703,0,sched_state,running
181077.617014,0,tick,""
181077.617019,0,reduction,""
181077.617021,0,sched_state,running
181077.617317,0,tick,""
181077.617332,0,reduction,""
181077.617335,0,sched_state,running
181077.617621,0,tick,""
181077.617638,0,queue_length,0
181077.619859,0,queue_length,0
181077.621662,0,sched_state,running
181077.622341,0,tick,""
181077.622346,0,reduction,""
181077.622349,0,sched_state,running
181077.622747,0,tick,""
181077.622754,0,reduction,""
181077.622777,0,sched_state,running
181077.623016,2,sched_state,waiting
181077.623023,6,sched_state,waiting
181077.623025,7,sched_state,waiting
181077.623026,3,sched_state,waiting
181077.623050,4,sched_state,waiting
181077.623164,2,tick,""
181077.623168,6,tick,""
181077.623172,4,tick,""
181077.623173,6,sched_state,running
181077.623180,0,tick,""
181077.623211,2,sched_state,waiting
181077.623222,2,tick,""
181077.623281,5,sched_state,waiting
181077.623425,5,tick,""
181077.623454,5,sched_state,waiting
181077.623460,5,tick,""
181077.623503,3,tick,""
181077.623503,7,tick,""
181077.623535,7,sched_state,waiting
181077.623548,7,tick,""
181077.623552,4,sched_state,waiting
181077.623564,0,reduction,""
181077.623565,4,tick,""
181077.623567,0,sched_state,running
181077.623623,6,tick,""
181077.623629,6,reduction,""
181077.623633,6,sched_state,running
181077.623833,6,tick,""
181077.623840,6,reduction,""
181077.623842,6,sched_state,running
181077.623963,6,tick,""
181077.623969,6,reduction,""
181077.623972,6,sched_state,running
181077.624171,6,tick,""
181077.624184,6,reduction,""
181077.624189,6,sched_state,running
181077.624331,0,tick,""
181077.624342,0,reduction,""
181077.624347,0,sched_state,running
181077.624445,6,tick,""
181077.624462,6,reduction,""
181077.624465,6,sched_state,running
181077.624575,6,tick,""
181077.625288,0,tick,""
181077.625297,0,reduction,""
181077.625307,0,sched_state,running
181077.626005,0,tick,""
181077.626013,0,reduction,""
181077.626018,0,sched_state,running
181077.626328,9,channel_blocked,87
181077.626332,6,yield,""
181077.626338,6,sched_state,running
181077.626347,6,tick,""
181077.626355,6,queue_length,0
181077.626372,6,queue_length,0
181077.626379,6,sched_state,waiting
181077.626383,6,tick,""
181077.626403,6,sched_state,waiting
181077.626406,6,tick,""
181077.626497,0,tick,""
181077.626506,0,reduction,""
181077.626508,0,sched_state,running
181077.626757,0,tick,""
181077.626887,0,reduction,""
181077.626891,0,sched_state,running
181077.627141,0,tick,""
181077.627145,0,reduction,""
181077.627147,0,sched_state,running
181077.627396,0,tick,""
181077.627413,0,reduction,""
181077.627415,0,sched_state,running
181077.627647,0,tick,""
181077.627651,0,reduction,""
181077.627652,0,sched_state,running
181077.627982,0,tick,""
181077.627997,0,reduction,""
181077.628003,0,sched_state,running
181077.628416,0,tick,""
181077.628421,0,reduction,""
181077.628424,0,sched_state,running
181077.628656,0,tick,""
181077.629981,2,channel_unblocked,212
181077.629987,0,yield,""
181077.629993,0,sched_state,running
181077.630640,0,tick,""
181077.630643,0,reduction,""
181077.630645,0,sched_state,running
181077.630963,0,tick,""
181077.630966,0,reduction,""
181077.630968,0,sched_state,running
181077.631286,0,tick,""
181077.631297,0,reduction,""
181077.631299,0,sched_state,running
181077.631635,0,tick,""
181077.631639,0,reduction,""
181077.631640,0,sched_state,running
181077.631967,0,tick,""
181077.631970,0,reduction,""
181077.631972,0,sched_state,running
181077.632290,0,tick,""
181077.632299,0,reduction,""
181077.632300,0,sched_state,running
181077.632620,0,tick,""
181077.632627,0,queue_length,0
181077.632646,0,sched_state,running
181077.633170,0,tick,""
181077.633174,0,reduction,""
181077.633177,0,sched_state,running
181077.633516,0,tick,""
181077.634015,5,sched_state,waiting
181077.634019,3,sched_state,waiting
181077.634020,2,sched_state,waiting
181077.634021,5,tick,""
181077.634023,1,sched_state,waiting
181077.634028,2,tick,""
181077.634030,3,tick,""
181077.634042,1,tick,""
181077.634041,4,sched_state,waiting
181077.634051,4,tick,""
181077.634069,5,sched_state,waiting
181077.634070,1,sched_state,waiting
181077.634072,4,sched_state,waiting
181077.634077,5,tick,""
181077.634079,1,tick,""
181077.634080,4,tick,""
181077.634083,4,sched_state,waiting
181077.634091,4,tick,""
181077.634095,4,sched_state,waiting
181077.634098,4,tick,""
181077.634230,0,channel_blocked,162
181077.634232,0,yield,""
181077.634237,0,sched_state,running
181077.634587,0,tick,""
181077.634593,0,queue_length,0
181077.634602,0,sched_state,running
181077.634941,0,tick,""
181077.634947,0,reduction,""
181077.634949,0,sched_state,running
181077.635287,0,tick,""
181077.635292,0,reduction,""
181077.635294,0,sched_state,running
181077.635555,0,tick,""
181077.635703,0,reduction,""
181077.635707,0,sched_state,running
181077.636028,0,tick,""
181077.636033,0,reduction,""
181077.636035,0,sched_state,running
181077.636260,0,tick,""
181077.636264,0,reduction,""
181077.636265,0,sched_state,running
181077.636581,0,tick,""
181077.636584,0,reduction,""
181077.636586,0,sched_state,running
181077.636846,0,tick,""
181077.636851,0,reduction,""
181077.636852,0,sched_state,running
181077.637017,6,sched_state,waiting
181077.637025,6,tick,""
181077.637054,6,sched_state,waiting
181077.637062,6,tick,""
181077.637067,6,sched_state,waiting
181077.637068,0,tick,""
181077.637071,6,tick,""
181077.637202,0,reduction,""
181077.637207,0,sched_state,running
181077.637532,0,tick,""
181077.637537,0,reduction,""
181077.637539,0,sched_state,running
181077.637748,0,tick,""
181077.637761,0,reduction,""
181077.637763,0,sched_state,running
181077.637954,0,tick,""
181077.637957,0,reduction,""
181077.637959,0,sched_state,running
181077.638149,0,tick,""
181077.638153,0,reduction,""
181077.638155,0,sched_state,running
181077.638345,0,tick,""
181077.638349,0,reduction,""
181077.638350,0,sched_state,running
181077.638542,0,tick,""
181077.639889,3,channel_unblocked,264
181077.639893,0,yield,""
181077.639897,0,sched_state,running
181077.640276,0,tick,""
181077.640281,0,reduction,""
181077.640282,0,sched_state,running
181077.640589,0,tick,""
181077.640593,0,reduction,""
181077.640595,0,sched_state,running
181077.640896,0,tick,""
181077.640899,0,reduction,""
181077.640900,0,sched_state,running
181077.641197,0,tick,""
181077.641200,0,reduction,""
181077.641201,0,sched_state,running
181077.641502,0,tick,""
181077.641506,0,reduction,""
181077.641507,0,sched_state,running
181077.641806,0,tick,""
181077.641814,0,reduction,""
181077.641816,0,sched_state,running
181077.642115,0,tick,""
181077.643996,0,queue_length,0
181077.645017,4,sched_state,waiting
181077.645019,1,sched_state,waiting
181077.645018,5,sched_state,waiting
181077.645019,7,sched_state,waiting
181077.645025,4,tick,""
181077.645027,1,tick,""
181077.645027,5,tick,""
181077.645030,7,tick,""
181077.645041,2,sched_state,waiting
181077.645048,2,tick,""
181077.645061,5,sched_state,waiting
181077.645061,1,sched_state,waiting
181077.645064,4,sched_state,waiting
181077.645066,5,tick,""
181077.645067,4,tick,""
181077.645067,7,sched_state,waiting
181077.645070,1,tick,""
181077.645075,7,tick,""
181077.645079,2,sched_state,waiting
181077.645080,7,sched_state,waiting
181077.645083,2,tick,""
181077.645086,7,tick,""
181077.646241,0,sched_state,running
181077.646996,0,tick,""
181077.647007,0,reduction,""
181077.647009,0,sched_state,running
181077.647904,0,tick,""
181077.648027,6,sched_state,waiting
181077.648033,6,tick,""
181077.648035,6,sched_state,waiting
181077.648037,6,tick,""
181077.648065,6,sched_state,waiting
181077.648070,6,tick,""
181077.648075,6,sched_state,waiting
181077.648080,6,tick,""
181077.648847,1,channel_blocked,212
181077.648850,0,yield,""
181077.648853,0,sched_state,running
181077.649269,0,tick,""
181077.649277,0,queue_length,0
181077.649294,0,sched_state,running
181077.649687,0,tick,""
181077.649693,0,reduction,""
181077.649695,0,sched_state,running
181077.649990,0,tick,""
181077.649995,0,reduction,""
181077.649996,0,sched_state,running
181077.650256,0,tick,""
181077.650435,0,reduction,""
181077.650438,0,sched_state,running
181077.650788,0,tick,""
181077.650793,0,reduction,""
181077.650796,0,sched_state,running
181077.651181,0,tick,""
181077.651185,0,reduction,""
181077.651187,0,sched_state,running
181077.651451,0,tick,""
181077.651454,0,reduction,""
181077.651455,0,sched_state,running
181077.651699,0,tick,""
181077.651703,0,reduction,""
181077.651704,0,sched_state,running
181077.651945,0,tick,""
181077.652037,0,reduction,""
181077.652039,0,sched_state,running
181077.652294,0,tick,""
181077.652298,0,reduction,""
181077.652299,0,sched_state,running
181077.652540,0,tick,""
181077.652552,0,reduction,""
181077.652554,0,sched_state,running
181077.652790,0,tick,""
181077.652794,0,reduction,""
181077.652795,0,sched_state,running
181077.653247,0,tick,""
181077.653251,0,reduction,""
181077.653252,0,sched_state,running
181077.653668,0,tick,""
181077.653673,0,reduction,""
181077.653674,0,sched_state,running
181077.653905,0,tick,""
181077.655348,4,channel_unblocked,318
181077.655352,0,yield,""
181077.655356,0,sched_state,running
181077.655809,0,tick,""
181077.655812,0,reduction,""
181077.655813,0,sched_state,running
181077.656020,2,sched_state,waiting
181077.656024,1,sched_state,waiting
181077.656023,5,sched_state,waiting
181077.656027,2,tick,""
181077.656033,1,tick,""
181077.656032,5,tick,""
181077.656036,1,sched_state,waiting
181077.656036,5,sched_state,waiting
181077.656040,1,tick,""
181077.656040,5,tick,""
181077.656052,2,sched_state,waiting
181077.656057,2,tick,""
181077.656068,1,sched_state,waiting
181077.656068,5,sched_state,waiting
181077.656074,1,tick,""
181077.656074,5,tick,""
181077.656080,1,sched_state,waiting
181077.656080,5,sched_state,waiting
181077.656084,1,tick,""
181077.656084,5,tick,""
181077.656088,1,sched_state,waiting
181077.656093,1,tick,""
181077.656104,1,sched_state,waiting
181077.656126,1,tick,""
181077.656145,1,sched_state,waiting
181077.656150,1,tick,""
181077.656247,0,tick,""
181077.656253,0,reduction,""
181077.656255,0,sched_state,running
181077.656730,0,tick,""
181077.656733,0,reduction,""
181077.656735,0,sched_state,running
181077.657084,0,tick,""
181077.657088,0,reduction,""
181077.657090,0,sched_state,running
181077.657601,0,tick,""
181077.657604,0,reduction,""
181077.657606,0,sched_state,running
181077.657942,0,tick,""
181077.657951,0,reduction,""
181077.657953,0,sched_state,running
181077.658297,0,tick,""
181077.658305,0,queue_length,0
181077.658317,0,sched_state,running
181077.658871,0,tick,""
181077.658877,0,reduction,""
181077.658879,0,sched_state,running
181077.659037,6,sched_state,waiting
181077.659047,6,tick,""
181077.659064,6,sched_state,waiting
181077.659069,6,tick,""
181077.659392,0,tick,""
181077.660169,2,channel_blocked,264
181077.660172,0,yield,""
181077.660175,0,sched_state,running
181077.660641,0,tick,""
181077.660647,0,sched_state,running
181077.660985,0,tick,""
181077.660991,0,reduction,""
181077.660992,0,sched_state,running
181077.661244,0,tick,""
181077.661250,0,reduction,""
181077.661251,0,sched_state,running
181077.661470,0,tick,""
181077.661590,0,reduction,""
181077.661593,0,sched_state,running
181077.661801,0,tick,""
181077.661804,0,reduction,""
181077.661806,0,sched_state,running
181077.662013,0,tick,""
181077.662016,0,reduction,""
181077.662018,0,sched_state,running
181077.662219,0,tick,""
181077.662222,0,reduction,""
181077.662223,0,sched_state,running
181077.662425,0,tick,""
181077.662429,0,reduction,""
181077.662431,0,sched_state,running
181077.662636,0,tick,""
181077.662735,0,reduction,""
181077.662737,0,sched_state,running
181077.662943,0,tick,""
181077.662947,0,reduction,""
181077.662948,0,sched_state,running
181077.663151,0,tick,""
181077.663163,0,reduction,""
181077.663165,0,sched_state,running
181077.663355,0,tick,""
181077.663358,0,reduction,""
181077.663359,0,sched_state,running
181077.663551,0,tick,""
181077.663554,0,reduction,""
181077.663555,0,sched_state,running
181077.663747,0,tick,""
181077.663750,0,reduction,""
181077.663751,0,sched_state,running
181077.663945,0,tick,""
181077.665534,5,channel_unblocked,359
181077.665539,0,yield,""
181077.665544,0,sched_state,running
181077.665861,0,tick,""
181077.665865,0,reduction,""
181077.665867,0,sched_state,running
181077.666174,0,tick,""
181077.666179,0,reduction,""
181077.666181,0,sched_state,running
181077.666657,0,tick,""
181077.666662,0,reduction,""
181077.666663,0,sched_state,running
181077.666979,0,tick,""
181077.666983,0,reduction,""
181077.666984,0,sched_state,running
181077.667015,2,sched_state,waiting
181077.667019,5,sched_state,waiting
181077.667023,2,tick,""
181077.667024,7,sched_state,waiting
181077.667028,5,tick,""
181077.667033,7,tick,""
181077.667054,4,sched_state,waiting
181077.667051,2,sched_state,waiting
181077.667058,7,sched_state,waiting
181077.667064,4,tick,""
181077.667064,2,tick,""
181077.667065,7,tick,""
181077.667070,4,sched_state,waiting
181077.667071,7,sched_state,waiting
181077.667074,4,tick,""
181077.667076,7,tick,""
181077.667088,4,sched_state,waiting
181077.667092,4,tick,""
181077.667094,4,sched_state,waiting
181077.667097,4,tick,""
181077.667115,4,sched_state,waiting
181077.667118,4,tick,""
181077.667454,0,tick,""
181077.667459,0,reduction,""
181077.667461,0,sched_state,running
181077.667916,0,tick,""
181077.667930,0,reduction,""
181077.667934,0,sched_state,running
181077.668011,3,sched_state,waiting
181077.668020,3,tick,""
181077.668043,3,sched_state,waiting
181077.668048,3,tick,""
181077.668380,0,tick,""
181077.669886,0,queue_length,0
181077.670012,6,sched_state,waiting
181077.670019,6,tick,""
181077.670044,6,sched_state,waiting
181077.670049,6,tick,""
181077.672356,0,sched_state,running
181077.673199,0,tick,""
181077.673209,0,reduction,""
181077.673210,0,sched_state,running
181077.674048,0,tick,""
181077.675138,3,channel_blocked,318
181077.675148,0,yield,""
181077.675151,0,sched_state,running
181077.675451,0,tick,""
181077.675459,0,queue_length,0
181077.675470,0,sched_state,running
181077.675876,0,tick,""
181077.675882,0,reduction,""
181077.675885,0,sched_state,running
181077.676310,0,tick,""
181077.676317,0,reduction,""
181077.676319,0,sched_state,running
181077.676637,0,tick,""
181077.676807,0,reduction,""
181077.676810,0,sched_state,running
181077.677138,0,tick,""
181077.677143,0,reduction,""
181077.677146,0,sched_state,running
181077.677509,0,tick,""
181077.677513,0,reduction,""
181077.677515,0,sched_state,running
181077.677784,0,tick,""
181077.677787,0,reduction,""
181077.677788,0,sched_state,running
181077.678015,5,sched_state,waiting
181077.678019,7,sched_state,waiting
181077.678024,5,tick,""
181077.678027,7,tick,""
181077.678023,1,sched_state,waiting
181077.678037,1,tick,""
181077.678047,0,tick,""
181077.678049,2,sched_state,waiting
181077.678053,0,reduction,""
181077.678056,0,sched_state,running
181077.678059,7,sched_state,waiting
181077.678060,1,sched_state,waiting
181077.678062,2,tick,""
181077.678064,7,tick,""
181077.678064,5,sched_state,waiting
181077.678066,1,tick,""
181077.678072,5,tick,""
181077.678093,2,sched_state,waiting
181077.678105,2,tick,""
181077.678110,2,sched_state,waiting
181077.678115,2,tick,""
181077.678118,2,sched_state,waiting
181077.678122,2,tick,""
181077.678433,0,tick,""
181077.678577,0,reduction,""
181077.678580,0,sched_state,running
181077.679000,0,tick,""
181077.679006,0,reduction,""
181077.679008,0,sched_state,running
181077.679258,3,sched_state,waiting
181077.679262,3,tick,""
181077.679267,0,tick,""
181077.679278,0,reduction,""
181077.679280,0,sched_state,running
181077.679543,3,sched_state,waiting
181077.679547,3,tick,""
181077.679553,0,tick,""
181077.679556,0,reduction,""
181077.679557,0,sched_state,running
181077.679919,0,tick,""
181077.679924,0,reduction,""
181077.679926,0,sched_state,running
181077.680229,0,tick,""
181077.680242,0,reduction,""
181077.680245,0,sched_state,running
181077.680635,0,tick,""
181077.681012,6,sched_state,waiting
181077.681023,6,tick,""
181077.681046,6,sched_state,waiting
181077.681051,6,tick,""
181077.681055,6,sched_state,waiting
181077.681058,6,tick,""
181077.682306,6,channel_unblocked,400
181077.682312,0,yield,""
181077.682317,0,sched_state,running
181077.683167,0,tick,""
181077.683172,0,reduction,""
181077.683175,0,sched_state,running
181077.683695,0,tick,""
181077.683701,0,reduction,""
181077.683703,0,sched_state,running
181077.684227,0,tick,""
181077.684231,0,reduction,""
181077.684233,0,sched_state,running
181077.684733,0,tick,""
181077.684738,0,reduction,""
181077.684740,0,sched_state,running
181077.685230,0,tick,""
181077.685234,0,reduction,""
181077.685237,0,sched_state,running
181077.685726,0,tick,""
181077.685738,0,reduction,""
181077.685740,0,sched_state,running
181077.686234,0,tick,""
181077.686241,0,queue_length,0
181077.686254,0,sched_state,running
181077.686797,0,tick,""
181077.686803,0,reduction,""
181077.686805,0,sched_state,running
181077.687340,0,tick,""
181077.688282,4,channel_blocked,359
181077.688286,0,yield,""
181077.688289,0,sched_state,running
181077.688846,0,tick,""
181077.688861,0,queue_length,0
181077.688878,0,sched_state,running
181077.689014,7,sched_state,waiting
181077.689015,2,sched_state,waiting
181077.689017,4,sched_state,waiting
181077.689024,7,tick,""
181077.689025,2,tick,""
181077.689026,4,tick,""
181077.689029,4,sched_state,waiting
181077.689029,2,sched_state,waiting
181077.689033,4,tick,""
181077.689044,2,tick,""
181077.689046,7,sched_state,waiting
181077.689051,7,tick,""
181077.689055,5,sched_state,waiting
181077.689065,4,sched_state,waiting
181077.689068,2,sched_state,waiting
181077.689070,4,tick,""
181077.689069,5,tick,""
181077.689073,2,tick,""
181077.689085,2,sched_state,waiting
181077.689089,2,tick,""
181077.689148,5,sched_state,waiting
181077.689155,5,tick,""
181077.689483,0,tick,""
181077.689489,0,reduction,""
181077.689491,0,sched_state,running
181077.690043,3,sched_state,waiting
181077.690050,3,tick,""
181077.690057,0,tick,""
181077.690070,0,reduction,""
181077.690072,0,sched_state,running
181077.690337,3,sched_state,waiting
181077.690347,3,tick,""
181077.690349,0,tick,""
181077.690353,3,sched_state,waiting
181077.690368,3,tick,""
181077.690556,0,reduction,""
181077.690560,0,sched_state,running
181077.691031,0,tick,""
181077.691039,0,reduction,""
181077.691041,0,sched_state,running
181077.691587,0,tick,""
181077.691593,0,reduction,""
181077.691597,0,sched_state,running
181077.691926,0,tick,""
181077.691929,0,reduction,""
181077.691932,0,sched_state,running
181077.692015,6,sched_state,waiting
181077.692022,6,tick,""
181077.692025,6,sched_state,waiting
181077.692028,6,tick,""
181077.692060,6,sched_state,waiting
181077.692065,6,tick,""
181077.692270,0,tick,""
181077.692278,0,reduction,""
181077.692280,0,sched_state,running
181077.692610,0,tick,""
181077.692767,0,reduction,""
181077.692770,0,sched_state,running
181077.693092,0,tick,""
181077.693098,0,reduction,""
181077.693100,0,sched_state,running
181077.693425,0,tick,""
181077.693440,0,reduction,""
181077.693443,0,sched_state,running
181077.693675,0,tick,""
181077.693680,0,reduction,""
181077.693681,0,sched_state,running
181077.693878,0,tick,""
181077.693883,0,reduction,""
181077.693886,0,sched_state,running
181077.694192,0,tick,""
181077.694196,0,reduction,""
181077.694198,0,sched_state,running
181077.694445,0,tick,""
181077.695960,7,channel_unblocked,450
181077.695968,0,yield,""
181077.695971,0,sched_state,running
181077.696552,0,tick,""
181077.696557,0,reduction,""
181077.696560,0,sched_state,running
181077.697037,0,tick,""
181077.697042,0,reduction,""
181077.697043,0,sched_state,running
181077.697348,0,tick,""
181077.697351,0,reduction,""
181077.697352,0,sched_state,running
181077.697656,0,tick,""
181077.697659,0,reduction,""
181077.697660,0,sched_state,running
181077.697968,0,tick,""
181077.697971,0,reduction,""
181077.697972,0,sched_state,running
181077.698278,0,tick,""
181077.698287,0,reduction,""
181077.698288,0,sched_state,running
181077.698589,0,tick,""
181077.698597,0,queue_length,0
181077.699852,0,queue_length,0
181077.700016,7,sched_state,waiting
181077.700018,4,sched_state,waiting
181077.700024,7,tick,""
181077.700025,4,tick,""
181077.700028,4,sched_state,waiting
181077.700030,4,tick,""
181077.700043,1,sched_state,waiting
181077.700052,4,sched_state,waiting
181077.700055,4,tick,""
181077.700056,1,tick,""
181077.700065,7,sched_state,waiting
181077.700072,7,tick,""
181077.700096,1,sched_state,waiting
181077.700104,1,tick,""
181077.701269,2,sched_state,waiting
181077.701277,2,tick,""
181077.701280,2,sched_state,waiting
181077.701283,2,tick,""
181077.701284,2,sched_state,waiting
181077.701286,2,tick,""
181077.701388,2,sched_state,waiting
181077.701393,2,tick,""
181077.703002,0,sched_state,running
181077.703013,6,sched_state,waiting
181077.703024,6,tick,""
181077.703059,6,sched_state,waiting
181077.703066,6,tick,""
181077.703073,6,sched_state,waiting
181077.703078,6,tick,""
181077.704288,0,tick,""
181077.704300,0,reduction,""
181077.704305,0,sched_state,running
181077.705462,0,tick,""
181077.706456,5,channel_blocked,400
181077.706466,0,yield,""
181077.706471,0,sched_state,running
181077.706866,0,tick,""
181077.706875,0,queue_length,0
181077.706895,0,sched_state,running
181077.707284,0,tick,""
181077.707289,0,reduction,""
181077.707292,0,sched_state,running
181077.707672,0,tick,""
181077.707679,0,reduction,""
181077.707681,0,sched_state,running
181077.708196,0,tick,""
181077.708397,0,reduction,""
181077.708400,0,sched_state,running
181077.708731,0,tick,""
181077.708737,0,reduction,""
181077.708739,0,sched_state,running
181077.709260,0,tick,""
181077.709265,0,reduction,""
181077.709268,0,sched_state,running
181077.709713,0,tick,""
181077.709718,0,reduction,""
181077.709721,0,sched_state,running
181077.710245,0,tick,""
181077.710252,0,reduction,""
181077.710255,0,sched_state,running
181077.710617,0,tick,""
181077.710739,0,reduction,""
181077.710742,0,sched_state,running
181077.711022,7,sched_state,waiting
181077.711022,5,sched_state,waiting
181077.711033,7,tick,""
181077.711037,5,tick,""
181077.711057,4,sched_state,waiting
181077.711068,4,tick,""
181077.711069,7,sched_state,waiting
181077.711071,5,sched_state,waiting
181077.711073,4,sched_state,waiting
181077.711076,7,tick,""
181077.711077,4,tick,""
181077.711078,5,tick,""
181077.711080,4,sched_state,waiting
181077.711083,4,tick,""
181077.711122,0,tick,""
181077.711128,0,reduction,""
181077.711131,0,sched_state,running
181077.711140,4,sched_state,waiting
181077.711144,4,tick,""
181077.711726,0,tick,""
181077.711742,0,reduction,""
181077.711744,0,sched_state,running
181077.712013,2,sched_state,waiting
181077.712017,3,sched_state,waiting
181077.712021,2,tick,""
181077.712025,3,tick,""
181077.712044,2,sched_state,waiting
181077.712050,2,tick,""
181077.712300,0,tick,""
181077.712307,0,reduction,""
181077.712308,0,sched_state,running
181077.712548,0,tick,""
181077.712551,0,reduction,""
181077.712553,0,sched_state,running
181077.712790,0,tick,""
181077.712793,0,reduction,""
181077.712795,0,sched_state,running
181077.713030,0,tick,""
181077.714043,6,sched_state,waiting
181077.714056,6,tick,""
181077.714086,6,sched_state,waiting
181077.714092,6,tick,""
181077.714097,6,sched_state,waiting
181077.714101,6,tick,""
181077.714982,8,channel_unblocked,490
181077.714993,0,yield,""
181077.714998,0,sched_state,running
181077.715862,0,tick,""
181077.715868,0,reduction,""
181077.715871,0,sched_state,running
181077.716730,0,tick,""
181077.716737,0,reduction,""
181077.716740,0,sched_state,running
181077.717267,0,tick,""
181077.717272,0,reduction,""
181077.717274,0,sched_state,running
181077.717796,0,tick,""
181077.717801,0,reduction,""
181077.717804,0,sched_state,running
181077.718330,0,tick,""
181077.718334,0,reduction,""
181077.718337,0,sched_state,running
181077.718855,0,tick,""
181077.718869,0,reduction,""
181077.718872,0,sched_state,running
181077.719399,0,tick,""
181077.719408,0,queue_length,0
181077.719422,0,sched_state,running
181077.719964,0,tick,""
181077.719971,0,reduction,""
181077.719974,0,sched_state,running
181077.720531,0,tick,""
181077.721434,6,channel_blocked,450
181077.721438,0,yield,""
181077.721442,0,sched_state,running
181077.721802,0,tick,""
181077.721811,0,queue_length,0
181077.721822,0,sched_state,running
181077.722013,1,sched_state,waiting
181077.722014,5,sched_state,waiting
181077.722023,5,tick,""
181077.722025,1,tick,""
181077.722052,1,sched_state,waiting
181077.722052,5,sched_state,waiting
181077.722057,5,tick,""
181077.722057,1,tick,""
181077.722062,1,sched_state,waiting
181077.722081,1,tick,""
181077.722434,0,tick,""
181077.722441,0,reduction,""
181077.722437,7,sched_state,waiting
181077.722443,0,sched_state,running
181077.722454,7,tick,""
181077.722458,7,sched_state,waiting
181077.722466,7,tick,""
181077.722468,7,sched_state,waiting
181077.722472,7,tick,""
181077.722492,7,sched_state,waiting
181077.722496,7,tick,""
181077.722804,0,tick,""
181077.722811,0,reduction,""
181077.722813,0,sched_state,running
181077.723011,3,sched_state,waiting
181077.723019,3,tick,""
181077.723037,3,sched_state,waiting
181077.723041,3,tick,""
181077.723159,0,tick,""
181077.723158,2,sched_state,waiting
181077.723171,2,tick,""
181077.723193,2,sched_state,waiting
181077.723200,2,tick,""
181077.723204,2,sched_state,waiting
181077.723208,2,tick,""
181077.723212,2,sched_state,waiting
181077.723216,2,tick,""
181077.723293,0,reduction,""
181077.723296,0,sched_state,running
181077.723709,0,tick,""
181077.723714,0,reduction,""
181077.723716,0,sched_state,running
181077.724132,0,tick,""
181077.724137,0,reduction,""
181077.724138,0,sched_state,running
181077.724349,0,tick,""
181077.724352,0,reduction,""
181077.724353,0,sched_state,running
181077.724560,0,tick,""
181077.724565,0,reduction,""
181077.724566,0,sched_state,running
181077.724772,0,tick,""
181077.724890,0,reduction,""
181077.724893,0,sched_state,running
181077.725011,6,sched_state,waiting
181077.725017,6,tick,""
181077.725038,6,sched_state,waiting
181077.725043,6,tick,""
181077.725106,0,tick,""
181077.725111,0,reduction,""
181077.725112,0,sched_state,running
181077.725325,0,tick,""
181077.725338,0,reduction,""
181077.725340,0,sched_state,running
181077.725535,0,tick,""
181077.725539,0,reduction,""
181077.725540,0,sched_state,running
181077.725745,0,tick,""
181077.725749,0,reduction,""
181077.725750,0,sched_state,running
181077.725943,0,tick,""
181077.725947,0,reduction,""
181077.725949,0,sched_state,running
181077.726146,0,tick,""
181077.727639,9,channel_unblocked,542
181077.727646,0,yield,""
181077.727651,0,sched_state,running
181077.728067,0,tick,""
181077.728070,0,reduction,""
181077.728072,0,sched_state,running
181077.728385,0,tick,""
181077.728389,0,reduction,""
181077.728390,0,sched_state,running
181077.728704,0,tick,""
181077.728707,0,reduction,""
181077.728708,0,sched_state,running
181077.729019,0,tick,""
181077.729022,0,reduction,""
181077.729023,0,sched_state,running
181077.729349,0,tick,""
181077.729353,0,reduction,""
181077.729354,0,sched_state,running
181077.729664,0,tick,""
181077.729674,0,reduction,""
181077.729675,0,sched_state,running
181077.729984,0,tick,""
181077.729992,0,queue_length,0
181077.731822,0,queue_length,0
181077.733016,1,sched_state,waiting
181077.733017,7,sched_state,waiting
181077.733025,7,tick,""
181077.733028,7,sched_state,waiting
181077.733028,1,tick,""
181077.733032,7,tick,""
181077.733053,1,sched_state,waiting
181077.733054,7,sched_state,waiting
181077.733059,1,tick,""
181077.733060,7,tick,""
181077.733829,4,sched_state,waiting
181077.733837,4,tick,""
181077.733840,4,sched_state,waiting
181077.733842,4,tick,""
181077.733848,0,sched_state,running
181077.734011,3,sched_state,waiting
181077.734011,2,sched_state,waiting
181077.734018,3,tick,""
181077.734019,2,tick,""
181077.734043,2,sched_state,waiting
181077.734043,3,sched_state,waiting
181077.734049,2,tick,""
181077.734050,3,tick,""
181077.734054,2,sched_state,waiting
181077.734058,2,tick,""
181077.734606,0,tick,""
181077.734612,4,sched_state,waiting
181077.734615,0,reduction,""
181077.734617,4,tick,""
181077.734617,0,sched_state,running
181077.734621,4,sched_state,waiting
181077.734624,4,tick,""
181077.735261,0,tick,""
181077.736017,6,sched_state,waiting
181077.736031,6,tick,""
181077.736055,6,sched_state,waiting
181077.736060,6,tick,""
181077.736160,7,channel_blocked,490
181077.736164,0,yield,""
181077.736167,0,sched_state,running
181077.736897,0,tick,""
181077.736904,0,sched_state,running
181077.737427,0,tick,""
181077.737433,0,reduction,""
181077.737436,0,sched_state,running
181077.737853,0,tick,""
181077.737859,0,reduction,""
181077.737862,0,sched_state,running
181077.738138,0,tick,""
181077.738285,0,reduction,""
181077.738288,0,sched_state,running
181077.738710,0,tick,""
181077.738716,0,reduction,""
181077.738718,0,sched_state,running
181077.738996,0,tick,""
181077.739010,0,reduction,""
181077.739012,0,sched_state,running
181077.739269,0,tick,""
181077.739274,0,reduction,""
181077.739276,0,sched_state,running
181077.739675,0,tick,""
181077.739680,0,reduction,""
181077.739682,0,sched_state,running
181077.739957,0,tick,""
181077.739961,0,reduction,""
181077.739963,0,sched_state,running
181077.740222,0,tick,""
181077.740227,0,reduction,""
181077.740229,0,sched_state,running
181077.740627,0,tick,""
181077.740631,0,reduction,""
181077.740634,0,sched_state,running
181077.740907,0,tick,""
181077.743077,0,channel_unblocked,87
181077.743094,0,yield,""
181077.743103,0,sched_state,running
181077.743663,0,tick,""
181077.743668,0,reduction,""
181077.743670,0,sched_state,running
181077.744039,5,sched_state,waiting
181077.744042,1,sched_state,waiting
181077.744049,5,tick,""
181077.744049,1,tick,""
181077.744053,0,tick,""
181077.744053,1,sched_state,waiting
181077.744055,5,sched_state,waiting
181077.744056,0,reduction,""
181077.744058,0,sched_state,running
181077.744058,5,tick,""
181077.744058,1,tick,""
181077.744061,5,sched_state,waiting
181077.744064,5,tick,""
181077.744098,5,sched_state,waiting
181077.744103,5,tick,""
181077.744106,1,sched_state,waiting
181077.744115,1,tick,""
181077.744659,0,tick,""
181077.744664,0,reduction,""
181077.744666,0,sched_state,running
181077.745012,4,sched_state,waiting
181077.745015,3,sched_state,waiting
181077.745020,4,tick,""
181077.745024,3,tick,""
181077.745046,4,sched_state,waiting
181077.745049,4,tick,""
181077.745049,3,sched_state,waiting
181077.745054,3,tick,""
181077.745273,2,sched_state,waiting
181077.745282,2,tick,""
181077.745285,2,sched_state,waiting
181077.745282,0,tick,""
181077.745289,2,tick,""
181077.745291,0,reduction,""
181077.745293,0,sched_state,running
181077.745314,2,sched_state,waiting
181077.745318,2,tick,""
181077.745710,0,tick,""
181077.745715,0,reduction,""
181077.745716,0,sched_state,running
181077.746223,0,tick,""
181077.746239,0,reduction,""
181077.746241,0,sched_state,running
181077.746634,0,tick,""
181077.746638,0,reduction,""
181077.746640,0,sched_state,running
181077.747019,6,sched_state,waiting
181077.747025,6,tick,""
181077.747027,6,sched_state,waiting
181077.747029,6,tick,""
181077.747054,6,sched_state,waiting
181077.747058,6,tick,""
181077.747377,0,tick,""
181077.747402,0,reduction,""
181077.747404,0,sched_state,running
181077.748351,0,tick,""
181077.748370,0,reduction,""
181077.748373,0,sched_state,running
181077.749263,0,tick,""
181077.749274,0,queue_length,0
181077.749290,0,sched_state,running
181077.749874,0,tick,""
181077.749881,0,reduction,""
181077.749883,0,sched_state,running
181077.750461,0,tick,""
181077.751282,8,channel_blocked,542
181077.751284,0,yield,""
181077.751288,0,sched_state,running
181077.751661,0,tick,""
181077.751672,0,queue_length,0
181077.751684,0,sched_state,running
181077.752345,0,tick,""
181077.752357,0,reduction,""
181077.752359,0,sched_state,running
181077.752953,0,tick,""
181077.752962,0,reduction,""
181077.752964,0,sched_state,running
181077.753347,0,tick,""
181077.753549,0,reduction,""
181077.753552,0,sched_state,running
181077.753810,0,tick,""
181077.753816,0,reduction,""
181077.753818,0,sched_state,running
181077.754181,0,tick,""
181077.754185,0,reduction,""
181077.754187,0,sched_state,running
181077.754450,0,tick,""
181077.754453,0,reduction,""
181077.754455,0,sched_state,running
181077.754688,0,tick,""
181077.754694,0,reduction,""
181077.754696,0,sched_state,running
181077.755056,0,tick,""
181077.755103,1,sched_state,waiting
181077.755107,5,sched_state,waiting
181077.755114,5,tick,""
181077.755114,1,tick,""
181077.755157,1,sched_state,waiting
181077.755164,1,tick,""
181077.755200,0,reduction,""
181077.755203,0,sched_state,running
181077.755205,7,sched_state,waiting
181077.755216,7,tick,""
181077.755238,7,sched_state,waiting
181077.755242,7,tick,""
181077.755246,7,sched_state,waiting
181077.755250,7,tick,""
181077.755862,0,tick,""
181077.755868,0,reduction,""
181077.755869,0,sched_state,running
181077.756015,2,sched_state,waiting
181077.756025,2,tick,""
181077.756039,4,sched_state,waiting
181077.756045,4,tick,""
181077.756063,2,sched_state,waiting
181077.756068,2,tick,""
181077.756102,4,sched_state,waiting
181077.756120,4,tick,""
181077.756505,3,sched_state,waiting
181077.756509,0,tick,""
181077.756511,3,tick,""
181077.756526,0,reduction,""
181077.756528,0,sched_state,running
181077.756877,0,tick,""
181077.756888,0,reduction,""
181077.756891,0,sched_state,running
181077.757445,0,tick,""
181077.757461,0,reduction,""
181077.757463,0,sched_state,running
181077.757689,0,tick,""
181077.757694,0,reduction,""
181077.757696,0,sched_state,running
181077.758010,6,sched_state,waiting
181077.758017,6,tick,""
181077.758033,6,sched_state,waiting
181077.758036,6,tick,""
181077.758043,0,tick,""
181077.760209,1,channel_unblocked,162
181077.760222,0,yield,""
181077.760232,0,sched_state,running
181077.760840,0,tick,""
181077.760845,0,reduction,""
181077.760848,0,sched_state,running
181077.761202,0,tick,""
181077.761206,0,reduction,""
181077.761208,0,sched_state,running
181077.761558,0,tick,""
181077.761562,0,reduction,""
181077.761564,0,sched_state,running
181077.762088,0,tick,""
181077.762093,0,reduction,""
181077.762095,0,sched_state,running
181077.762443,0,tick,""
181077.762446,0,reduction,""
181077.762448,0,sched_state,running
181077.762799,0,tick,""
181077.762820,0,reduction,""
181077.762822,0,sched_state,running
181077.763337,0,tick,""
181077.763347,0,queue_length,0
181077.764721,0,queue_length,0
181077.766050,5,sched_state,waiting
181077.766050,1,sched_state,waiting
181077.766062,1,tick,""
181077.766064,5,tick,""
181077.766069,5,sched_state,waiting
181077.766076,5,tick,""
181077.766079,5,sched_state,waiting
181077.766083,5,tick,""
181077.766111,5,sched_state,waiting
181077.766117,5,tick,""
181077.766122,5,sched_state,waiting
181077.766126,5,tick,""
181077.767011,3,sched_state,waiting
181077.767011,4,sched_state,waiting
181077.767011,2,sched_state,waiting
181077.767017,4,tick,""
181077.767019,3,tick,""
181077.767020,2,tick,""
181077.767041,4,sched_state,waiting
181077.767045,4,tick,""
181077.767045,2,sched_state,waiting
181077.767051,2,tick,""
181077.767052,3,sched_state,waiting
181077.767056,2,sched_state,waiting
181077.767057,3,tick,""
181077.767061,2,tick,""
181077.767637,0,sched_state,running
181077.768687,0,tick,""
181077.768696,0,reduction,""
181077.768699,0,sched_state,running
181077.769011,6,sched_state,waiting
181077.769017,6,tick,""
181077.769033,6,sched_state,waiting
181077.769036,6,tick,""
181077.769039,6,sched_state,waiting
181077.769041,6,tick,""
181077.769791,0,tick,""
181077.770464,9,channel_blocked,87
181077.770466,0,yield,""
181077.770470,0,sched_state,running
181077.770937,0,tick,""
181077.770946,0,queue_length,0
181077.770962,0,sched_state,running
181077.771429,0,tick,""
181077.771441,0,reduction,""
181077.771443,0,sched_state,running
181077.771915,0,tick,""
181077.771921,0,reduction,""
181077.771922,0,sched_state,running
181077.772227,0,tick,""
181077.772406,0,reduction,""
181077.772410,0,sched_state,running
181077.772797,0,tick,""
181077.772802,0,reduction,""
181077.772803,0,sched_state,running
181077.773086,0,tick,""
181077.773089,0,reduction,""
181077.773090,0,sched_state,running
181077.773371,0,tick,""
181077.773374,0,reduction,""
181077.773375,0,sched_state,running
181077.773660,0,tick,""
181077.773664,0,reduction,""
181077.773665,0,sched_state,running
181077.773948,0,tick,""
181077.774040,0,reduction,""
181077.774042,0,sched_state,running
181077.774330,0,tick,""
181077.774334,0,reduction,""
181077.774336,0,sched_state,running
181077.774616,0,tick,""
181077.774629,0,reduction,""
181077.774630,0,sched_state,running
181077.774899,0,tick,""
181077.774905,0,reduction,""
181077.774907,0,sched_state,running
181077.775179,0,tick,""
181077.775183,0,reduction,""
181077.775185,0,sched_state,running
181077.775456,0,tick,""
181077.775460,0,reduction,""
181077.775462,0,sched_state,running
181077.775732,0,tick,""
181077.776949,2,channel_unblocked,212
181077.776954,0,yield,""
181077.776966,0,sched_state,running
181077.777016,1,sched_state,waiting
181077.777027,5,sched_state,waiting
181077.777029,1,tick,""
181077.777037,5,tick,""
181077.777040,5,sched_state,waiting
181077.777046,5,tick,""
181077.777067,1,sched_state,waiting
181077.777066,5,sched_state,waiting
181077.777082,1,tick,""
181077.777082,5,tick,""
181077.777094,1,sched_state,waiting
181077.777099,1,tick,""
181077.777588,7,sched_state,waiting
181077.777593,0,tick,""
181077.777595,7,tick,""
181077.777597,0,reduction,""
181077.777598,0,sched_state,running
181077.777614,7,sched_state,waiting
181077.777619,7,tick,""
181077.778013,3,sched_state,waiting
181077.778020,3,tick,""
181077.778033,4,sched_state,waiting
181077.778034,0,tick,""
181077.778038,4,tick,""
181077.778038,3,sched_state,waiting
181077.778038,0,reduction,""
181077.778042,0,sched_state,running
181077.778042,3,tick,""
181077.778061,4,sched_state,waiting
181077.778065,4,tick,""
181077.778066,2,sched_state,waiting
181077.778076,2,tick,""
181077.778097,2,sched_state,waiting
181077.778102,2,tick,""
181077.778108,2,sched_state,waiting
181077.778120,2,tick,""
181077.778124,2,sched_state,waiting
181077.778129,2,tick,""
181077.778676,0,tick,""
181077.778680,0,reduction,""
181077.778682,0,sched_state,running
181077.779571,0,tick,""
181077.779577,0,reduction,""
181077.779580,0,sched_state,running
181077.780042,6,sched_state,waiting
181077.780052,6,tick,""
181077.780076,6,sched_state,waiting
181077.780080,6,tick,""
181077.780198,0,tick,""
181077.780203,0,reduction,""
181077.780205,0,sched_state,running
181077.780740,0,tick,""
181077.780755,0,reduction,""
181077.780757,0,sched_state,running
181077.781341,0,tick,""
181077.781353,0,queue_length,0
181077.781365,0,sched_state,running
181077.781959,0,tick,""
181077.781965,0,reduction,""
181077.781967,0,sched_state,running
181077.782545,0,tick,""
181077.783095,0,channel_blocked,162
181077.783098,0,yield,""
181077.783102,0,sched_state,running
181077.783514,0,tick,""
181077.783521,0,queue_length,0
181077.783536,0,sched_state,running
181077.783946,0,tick,""
181077.783956,0,reduction,""
181077.783962,0,sched_state,running
181077.784250,0,tick,""
181077.784255,0,reduction,""
181077.784257,0,sched_state,running
181077.784515,0,tick,""
181077.784637,0,reduction,""
181077.784639,0,sched_state,running
181077.784890,0,tick,""
181077.784894,0,reduction,""
181077.784896,0,sched_state,running
181077.785140,0,tick,""
181077.785143,0,reduction,""
181077.785144,0,sched_state,running
181077.785387,0,tick,""
181077.785389,0,reduction,""
181077.785390,0,sched_state,running
181077.785639,0,tick,""
181077.785643,0,reduction,""
181077.785645,0,sched_state,running
181077.785891,0,tick,""
181077.785980,0,reduction,""
181077.785982,0,sched_state,running
181077.786231,0,tick,""
181077.786235,0,reduction,""
181077.786236,0,sched_state,running
181077.786481,0,tick,""
181077.786493,0,reduction,""
181077.786494,0,sched_state,running
181077.786730,0,tick,""
181077.786736,0,reduction,""
181077.786737,0,sched_state,running
181077.786971,0,tick,""
181077.786975,0,reduction,""
181077.786976,0,sched_state,running
181077.787209,0,tick,""
181077.787212,0,reduction,""
181077.787213,0,sched_state,running
181077.787449,0,tick,""
181077.788047,5,sched_state,waiting
181077.788053,1,sched_state,waiting
181077.788058,5,tick,""
181077.788061,1,tick,""
181077.788064,1,sched_state,waiting
181077.788068,1,tick,""
181077.788084,5,sched_state,waiting
181077.788090,5,tick,""
181077.788142,1,sched_state,waiting
181077.788148,1,tick,""
181077.789012,3,sched_state,waiting
181077.789013,3,channel_unblocked,264
181077.789015,7,sched_state,waiting
181077.789018,0,yield,""
181077.789022,3,tick,""
181077.789022,0,sched_state,running
181077.789022,7,tick,""
181077.789026,7,sched_state,waiting
181077.789029,7,tick,""
181077.789045,3,sched_state,waiting
181077.789047,7,sched_state,waiting
181077.789051,3,tick,""
181077.789051,7,tick,""
181077.789055,3,sched_state,waiting
181077.789060,3,tick,""
181077.789410,4,sched_state,waiting
181077.789415,4,tick,""
181077.789423,0,tick,""
181077.789425,0,reduction,""
181077.789426,0,sched_state,running
181077.789800,4,sched_state,waiting
181077.789804,4,tick,""
181077.789807,0,tick,""
181077.789812,0,reduction,""
181077.789813,0,sched_state,running
181077.790178,0,tick,""
181077.790180,0,reduction,""
181077.790182,0,sched_state,running
181077.790543,0,tick,""
181077.790547,0,reduction,""
181077.790548,0,sched_state,running
181077.790914,0,tick,""
181077.790917,0,reduction,""
181077.790918,0,sched_state,running
181077.791013,6,sched_state,waiting
181077.791021,6,tick,""
181077.791024,6,sched_state,waiting
181077.791028,6,tick,""
181077.791048,6,sched_state,waiting
181077.791053,6,tick,""
181077.791284,0,tick,""
181077.791294,0,reduction,""
181077.791296,0,sched_state,running
181077.791664,0,tick,""
181077.791669,0,queue_length,0
181077.793525,0,queue_length,0
181077.795474,0,sched_state,running
181077.796323,0,tick,""
181077.796337,0,reduction,""
181077.796339,0,sched_state,running
181077.796782,0,tick,""
181077.797353,1,channel_blocked,212
181077.797355,0,yield,""
181077.797357,0,sched_state,running
181077.797657,0,tick,""
181077.797662,0,sched_state,running
181077.797957,0,tick,""
181077.797965,0,reduction,""
181077.797968,0,sched_state,running
181077.798265,0,tick,""
181077.798270,0,reduction,""
181077.798272,0,sched_state,running
181077.798565,0,tick,""
181077.798695,0,reduction,""
181077.798697,0,sched_state,running
181077.798987,0,tick,""
181077.798991,0,reduction,""
181077.798993,0,sched_state,running
181077.799019,5,sched_state,waiting
181077.799020,1,sched_state,waiting
181077.799027,5,tick,""
181077.799028,1,tick,""
181077.799031,5,sched_state,waiting
181077.799031,1,sched_state,waiting
181077.799034,5,tick,""
181077.799035,1,tick,""
181077.799072,1,sched_state,waiting
181077.799072,5,sched_state,waiting
181077.799077,1,tick,""
181077.799077,5,tick,""
181077.799278,0,tick,""
181077.799281,0,reduction,""
181077.799282,0,sched_state,running
181077.799566,0,tick,""
181077.799568,0,reduction,""
181077.799569,0,sched_state,running
181077.799853,0,tick,""
181077.799858,0,reduction,""
181077.799859,0,sched_state,running
181077.800014,2,sched_state,waiting
181077.800015,7,sched_state,waiting
181077.800019,3,sched_state,waiting
181077.800023,7,tick,""
181077.800025,2,tick,""
181077.800026,3,tick,""
181077.800031,3,sched_state,waiting
181077.800036,3,tick,""
181077.800053,7,sched_state,waiting
181077.800058,7,tick,""
181077.800060,2,sched_state,waiting
181077.800066,2,tick,""
181077.800071,2,sched_state,waiting
181077.800075,2,tick,""
181077.800147,4,sched_state,waiting
181077.800153,4,tick,""
181077.800153,0,tick,""
181077.800170,4,sched_state,waiting
181077.800174,4,tick,""
181077.800177,4,sched_state,waiting
181077.800180,4,tick,""
181077.800190,4,sched_state,waiting
181077.800193,4,tick,""
181077.800195,4,sched_state,waiting
181077.800197,4,tick,""
181077.800298,0,reduction,""
181077.800301,0,sched_state,running
181077.800624,0,tick,""
181077.800629,0,reduction,""
181077.800630,0,sched_state,running
181077.801389,0,tick,""
181077.801406,0,reduction,""
181077.801407,0,sched_state,running
181077.801783,0,tick,""
181077.801794,0,reduction,""
181077.801797,0,sched_state,running
181077.802021,6,sched_state,waiting
181077.802028,6,tick,""
181077.802099,6,sched_state,waiting
181077.802104,6,tick,""
181077.802183,0,tick,""
181077.802189,0,reduction,""
181077.802191,0,sched_state,running
181077.802617,0,tick,""
181077.802623,0,reduction,""
181077.802626,0,sched_state,running
181077.803298,0,tick,""
181077.805709,4,channel_unblocked,318
181077.805732,0,yield,""
181077.805744,0,sched_state,running
181077.806708,0,tick,""
181077.806716,0,reduction,""
181077.806719,0,sched_state,running
181077.807855,0,tick,""
181077.807870,0,reduction,""
181077.807873,0,sched_state,running
181077.808411,0,tick,""
181077.808414,0,reduction,""
181077.808416,0,sched_state,running
181077.808819,0,tick,""
181077.808830,0,reduction,""
181077.808832,0,sched_state,running
181077.809236,0,tick,""
181077.809247,0,reduction,""
181077.809249,0,sched_state,running
181077.809657,0,tick,""
181077.809670,0,reduction,""
181077.809671,0,sched_state,running
181077.810044,1,sched_state,waiting
181077.810044,5,sched_state,waiting
181077.810054,5,tick,""
181077.810054,1,tick,""
181077.810070,0,tick,""
181077.810076,0,sched_state,running
181077.810088,1,sched_state,waiting
181077.810088,5,sched_state,waiting
181077.810095,5,tick,""
181077.810095,1,tick,""
181077.810100,5,sched_state,waiting
181077.810104,5,tick,""
181077.810720,0,tick,""
181077.810725,0,reduction,""
181077.810727,0,sched_state,running
181077.811017,7,sched_state,waiting
181077.811017,4,sched_state,waiting
181077.811018,2,sched_state,waiting
181077.811026,4,tick,""
181077.811026,7,tick,""
181077.811030,2,tick,""
181077.811047,7,sched_state,waiting
181077.811052,7,tick,""
181077.811052,2,sched_state,waiting
181077.811060,2,tick,""
181077.811384,3,sched_state,waiting
181077.811390,0,tick,""
181077.811392,3,tick,""
181077.811414,3,sched_state,waiting
181077.811419,3,tick,""
181077.811423,3,sched_state,waiting
181077.811426,3,tick,""
181077.811823,2,channel_blocked,264
181077.811827,0,yield,""
181077.811831,0,sched_state,running
181077.812111,0,tick,""
181077.812120,0,queue_length,0
181077.812127,0,sched_state,running
181077.812874,0,tick,""
181077.812888,0,reduction,""
181077.812893,0,sched_state,running
181077.813198,6,sched_state,waiting
181077.813204,6,tick,""
181077.813210,0,tick,""
181077.813214,0,reduction,""
181077.813216,0,sched_state,running
181077.813492,6,sched_state,waiting
181077.813497,6,tick,""
181077.813498,0,tick,""
181077.813707,0,reduction,""
181077.813710,0,sched_state,running
181077.814101,0,tick,""
181077.814111,0,reduction,""
181077.814116,0,sched_state,running
181077.814606,0,tick,""
181077.814618,0,reduction,""
181077.814620,0,sched_state,running
181077.815086,0,tick,""
181077.815092,0,reduction,""
181077.815095,0,sched_state,running
181077.815420,0,tick,""
181077.815426,0,reduction,""
181077.815428,0,sched_state,running
181077.815822,0,tick,""
181077.815977,0,reduction,""
181077.815982,0,sched_state,running
181077.816325,0,tick,""
181077.816329,0,reduction,""
181077.816331,0,sched_state,running
181077.816718,0,tick,""
181077.816743,0,reduction,""
181077.816746,0,sched_state,running
181077.817201,0,tick,""
181077.817215,0,reduction,""
181077.817218,0,sched_state,running
181077.817525,0,tick,""
181077.817529,0,reduction,""
181077.817531,0,sched_state,running
181077.817890,0,tick,""
181077.817898,0,reduction,""
181077.817901,0,sched_state,running
181077.818360,0,tick,""
181077.819618,5,channel_unblocked,359
181077.819625,0,yield,""
181077.819631,0,sched_state,running
181077.820207,0,tick,""
181077.820214,0,reduction,""
181077.820218,0,sched_state,running
181077.820784,0,tick,""
181077.820790,0,reduction,""
181077.820792,0,sched_state,running
181077.821043,5,sched_state,waiting
181077.821047,1,sched_state,waiting
181077.821054,1,tick,""
181077.821054,5,tick,""
181077.821087,5,sched_state,waiting
181077.821093,5,tick,""
181077.821212,0,tick,""
181077.821216,0,reduction,""
181077.821218,0,sched_state,running
181077.821819,0,tick,""
181077.821823,0,reduction,""
181077.821826,0,sched_state,running
181077.822015,4,sched_state,waiting
181077.822020,7,sched_state,waiting
181077.822021,4,tick,""
181077.822023,4,sched_state,waiting
181077.822026,4,tick,""
181077.822027,7,tick,""
181077.822030,7,sched_state,waiting
181077.822034,7,tick,""
181077.822044,4,sched_state,waiting
181077.822044,2,sched_state,waiting
181077.822048,4,tick,""
181077.822056,2,tick,""
181077.822058,7,sched_state,waiting
181077.822072,7,tick,""
181077.822085,2,sched_state,waiting
181077.822094,2,tick,""
181077.822305,3,sched_state,waiting
181077.822313,3,tick,""
181077.822313,0,tick,""
181077.822320,0,reduction,""
181077.822322,0,sched_state,running
181077.822332,3,sched_state,waiting
181077.822335,3,tick,""
181077.822888,0,tick,""
181077.822898,0,reduction,""
181077.822900,0,sched_state,running
181077.823281,0,tick,""
181077.823294,0,queue_length,0
181077.824026,6,sched_state,waiting
181077.824036,6,tick,""
181077.824039,6,sched_state,waiting
181077.824043,6,tick,""
181077.824065,6,sched_state,waiting
181077.824070,6,tick,""
181077.826447,0,queue_length,0
181077.828781,0,sched_state,running
181077.829354,0,tick,""
181077.829364,0,reduction,""
181077.829366,0,sched_state,running
181077.829871,0,tick,""
181077.830653,3,channel_blocked,318
181077.830660,0,yield,""
181077.830666,0,sched_state,running
181077.831053,0,tick,""
181077.831062,0,queue_length,0
181077.831077,0,sched_state,running
181077.831537,0,tick,""
181077.831550,0,reduction,""
181077.831562,0,sched_state,running
181077.832015,5,sched_state,waiting
181077.832019,1,sched_state,waiting
181077.832024,5,tick,""
181077.832025,1,tick,""
181077.832027,5,sched_state,waiting
181077.832030,5,tick,""
181077.832047,0,tick,""
181077.832054,0,reduction,""
181077.832056,0,sched_state,running
181077.832056,5,sched_state,waiting
181077.832056,1,sched_state,waiting
181077.832062,5,tick,""
181077.832062,1,tick,""
181077.832066,5,sched_state,waiting
181077.832070,5,tick,""
181077.832543,0,tick,""
181077.832733,0,reduction,""
181077.832736,0,sched_state,running
181077.833020,4,sched_state,waiting
181077.833021,7,sched_state,waiting
181077.833027,4,tick,""
181077.833031,4,sched_state,waiting
181077.833031,7,tick,""
181077.833034,4,tick,""
181077.833042,4,sched_state,waiting
181077.833045,4,tick,""
181077.833047,4,sched_state,waiting
181077.833050,4,tick,""
181077.833057,7,sched_state,waiting
181077.833063,7,tick,""
181077.833066,4,sched_state,waiting
181077.833070,4,tick,""
181077.833074,4,sched_state,waiting
181077.833076,4,tick,""
181077.833195,2,sched_state,waiting
181077.833203,0,tick,""
181077.833204,2,tick,""
181077.833209,0,reduction,""
181077.833211,0,sched_state,running
181077.833223,2,sched_state,waiting
181077.833228,2,tick,""
181077.833233,2,sched_state,waiting
181077.833239,2,tick,""
181077.833969,0,tick,""
181077.833978,0,reduction,""
181077.833980,0,sched_state,running
181077.834569,0,tick,""
181077.834574,0,reduction,""
181077.834580,0,sched_state,running
181077.834967,0,tick,""
181077.834974,0,reduction,""
181077.834976,0,sched_state,running
181077.835016,6,sched_state,waiting
181077.835027,6,tick,""
181077.835052,6,sched_state,waiting
181077.835057,6,tick,""
181077.835061,6,sched_state,waiting
181077.835064,6,tick,""
181077.835445,0,tick,""
181077.835614,0,reduction,""
181077.835617,0,sched_state,running
181077.836126,0,tick,""
181077.836134,0,reduction,""
181077.836138,0,sched_state,running
181077.836760,0,tick,""
181077.836778,0,reduction,""
181077.836781,0,sched_state,running
181077.837081,0,tick,""
181077.837089,0,reduction,""
181077.837091,0,sched_state,running
181077.837449,0,tick,""
181077.837456,0,reduction,""
181077.837459,0,sched_state,running
181077.838058,0,tick,""
181077.838064,0,reduction,""
181077.838067,0,sched_state,running
181077.838374,0,tick,""
181077.841664,6,channel_unblocked,400
181077.841693,0,yield,""
181077.841708,0,sched_state,running
181077.842455,0,tick,""
181077.842473,0,reduction,""
181077.842478,0,sched_state,running
181077.843023,5,sched_state,waiting
181077.843036,5,tick,""
181077.843056,1,sched_state,waiting
181077.843066,1,tick,""
181077.843070,5,sched_state,waiting
181077.843073,0,tick,""
181077.843076,5,tick,""
181077.843078,0,reduction,""
181077.843080,0,sched_state,running
181077.843848,1,sched_state,waiting
181077.843857,1,tick,""
181077.843863,1,sched_state,waiting
181077.843869,1,tick,""
181077.843876,0,tick,""
181077.843880,0,reduction,""
181077.843882,0,sched_state,running
181077.844012,4,sched_state,waiting
181077.844011,2,sched_state,waiting
181077.844015,7,sched_state,waiting
181077.844018,4,tick,""
181077.844021,3,sched_state,waiting
181077.844022,2,tick,""
181077.844025,7,tick,""
181077.844029,3,tick,""
181077.844041,7,sched_state,waiting
181077.844045,7,tick,""
181077.844055,2,sched_state,waiting
181077.844060,3,sched_state,waiting
181077.844061,2,tick,""
181077.844064,7,sched_state,waiting
181077.844066,3,tick,""
181077.844069,7,tick,""
181077.844070,3,sched_state,waiting
181077.844074,3,tick,""
181077.844079,3,sched_state,waiting
181077.844083,3,tick,""
181077.844566,0,tick,""
181077.844571,0,reduction,""
181077.844574,0,sched_state,running
181077.845154,0,tick,""
181077.845158,0,reduction,""
181077.845160,0,sched_state,running
181077.845566,0,tick,""
181077.845579,0,reduction,""
181077.845581,0,sched_state,running
181077.846012,6,sched_state,waiting
181077.846023,6,tick,""
181077.846049,6,sched_state,waiting
181077.846054,6,tick,""
181077.846056,6,sched_state,waiting
181077.846059,6,tick,""
181077.846189,0,tick,""
181077.846196,0,sched_state,running
181077.846605,0,tick,""
181077.846609,0,reduction,""
181077.846611,0,sched_state,running
181077.847021,0,tick,""
181077.847575,4,channel_blocked,359
181077.847578,0,yield,""
181077.847587,0,sched_state,running
181077.847856,0,tick,""
181077.847861,0,sched_state,running
181077.848133,0,tick,""
181077.848142,0,reduction,""
181077.848144,0,sched_state,running
181077.848410,0,tick,""
181077.848417,0,reduction,""
181077.848420,0,sched_state,running
181077.848679,0,tick,""
181077.848792,0,reduction,""
181077.848794,0,sched_state,running
181077.849047,0,tick,""
181077.849051,0,reduction,""
181077.849053,0,sched_state,running
181077.849300,0,tick,""
181077.849303,0,reduction,""
181077.849305,0,sched_state,running
181077.849552,0,tick,""
181077.849554,0,reduction,""
181077.849556,0,sched_state,running
181077.849804,0,tick,""
181077.849809,0,reduction,""
181077.849810,0,sched_state,running
181077.850057,0,tick,""
181077.850145,0,reduction,""
181077.850147,0,sched_state,running
181077.850399,0,tick,""
181077.850403,0,reduction,""
181077.850404,0,sched_state,running
181077.850652,0,tick,""
181077.850664,0,reduction,""
181077.850666,0,sched_state,running
181077.850902,0,tick,""
181077.850908,0,reduction,""
181077.850910,0,sched_state,running
181077.851149,0,tick,""
181077.851153,0,reduction,""
181077.851154,0,sched_state,running
181077.851391,0,tick,""
181077.851394,0,reduction,""
181077.851395,0,sched_state,running
181077.851636,0,tick,""
181077.852816,7,channel_unblocked,450
181077.852822,0,yield,""
181077.852825,0,sched_state,running
181077.853203,0,tick,""
181077.853206,0,reduction,""
181077.853208,0,sched_state,running
181077.853642,0,tick,""
181077.853646,0,reduction,""
181077.853649,0,sched_state,running
181077.854012,5,sched_state,waiting
181077.854022,5,tick,""
181077.854045,5,sched_state,waiting
181077.854051,5,tick,""
181077.854238,1,sched_state,waiting
181077.854241,0,tick,""
181077.854244,0,reduction,""
181077.854245,1,tick,""
181077.854246,0,sched_state,running
181077.854279,1,sched_state,waiting
181077.854284,1,tick,""
181077.854631,0,tick,""
181077.854635,0,reduction,""
181077.854636,0,sched_state,running
181077.855009,0,tick,""
181077.855010,3,sched_state,waiting
181077.855013,0,reduction,""
181077.855015,0,sched_state,running
181077.855017,3,tick,""
181077.855019,2,sched_state,waiting
181077.855029,2,tick,""
181077.855034,2,sched_state,waiting
181077.855038,2,tick,""
181077.855039,3,sched_state,waiting
181077.855040,2,sched_state,waiting
181077.855045,2,tick,""
181077.855045,3,tick,""
181077.855066,2,sched_state,waiting
181077.855071,2,tick,""
181077.855385,4,sched_state,waiting
181077.855392,4,tick,""
181077.855391,0,tick,""
181077.855404,0,reduction,""
181077.855406,0,sched_state,running
181077.855413,4,sched_state,waiting
181077.855417,4,tick,""
181077.855428,4,sched_state,waiting
181077.855431,4,tick,""
181077.855944,0,tick,""
181077.855953,0,queue_length,0
181077.857667,0,queue_length,0
181077.857671,6,sched_state,waiting
181077.857682,6,tick,""
181077.857711,6,sched_state,waiting
181077.857718,6,tick,""
181077.857724,6,sched_state,waiting
181077.857730,6,tick,""
181077.859024,0,sched_state,running
181077.859678,0,tick,""
181077.859687,0,reduction,""
181077.859690,0,sched_state,running
181077.860311,0,tick,""
181077.860853,5,channel_blocked,400
181077.860856,0,yield,""
181077.860859,0,sched_state,running
181077.861331,0,tick,""
181077.861339,0,queue_length,0
181077.861351,0,sched_state,running
181077.861832,0,tick,""
181077.861844,0,reduction,""
181077.861846,0,sched_state,running
181077.862318,0,tick,""
181077.862325,0,reduction,""
181077.862327,0,sched_state,running
181077.862624,0,tick,""
181077.862767,0,reduction,""
181077.862770,0,sched_state,running
181077.863230,0,tick,""
181077.863235,0,reduction,""
181077.863237,0,sched_state,running
181077.863519,0,tick,""
181077.863522,0,reduction,""
181077.863524,0,sched_state,running
181077.863809,0,tick,""
181077.863811,0,reduction,""
181077.863813,0,sched_state,running
181077.864096,0,tick,""
181077.864101,0,reduction,""
181077.864102,0,sched_state,running
181077.864393,0,tick,""
181077.864484,0,reduction,""
181077.864486,0,sched_state,running
181077.864775,0,tick,""
181077.864779,0,reduction,""
181077.864781,0,sched_state,running
181077.865017,1,sched_state,waiting
181077.865028,1,tick,""
181077.865055,1,sched_state,waiting
181077.865061,1,tick,""
181077.865068,0,tick,""
181077.865085,0,reduction,""
181077.865088,0,sched_state,running
181077.865541,0,tick,""
181077.865550,0,reduction,""
181077.865552,0,sched_state,running
181077.866010,0,tick,""
181077.866010,4,sched_state,waiting
181077.866016,4,tick,""
181077.866016,0,reduction,""
181077.866018,0,sched_state,running
181077.866032,4,sched_state,waiting
181077.866036,4,tick,""
181077.866043,3,sched_state,waiting
181077.866043,7,sched_state,waiting
181077.866056,7,tick,""
181077.866056,3,tick,""
181077.866079,3,sched_state,waiting
181077.866079,7,sched_state,waiting
181077.866086,7,tick,""
181077.866085,3,tick,""
181077.866091,7,sched_state,waiting
181077.866096,7,tick,""
181077.866327,2,sched_state,waiting
181077.866332,2,tick,""
181077.866332,0,tick,""
181077.866336,0,reduction,""
181077.866338,0,sched_state,running
181077.866348,2,sched_state,waiting
181077.866351,2,tick,""
181077.866639,0,tick,""
181077.867922,8,channel_unblocked,490
181077.867926,0,yield,""
181077.867931,0,sched_state,running
181077.868014,6,sched_state,waiting
181077.868024,6,tick,""
181077.868049,6,sched_state,waiting
181077.868054,6,tick,""
181077.868359,0,tick,""
181077.868362,0,reduction,""
181077.868364,0,sched_state,running
181077.868763,0,tick,""
181077.868767,0,reduction,""
181077.868769,0,sched_state,running
181077.869165,0,tick,""
181077.869168,0,reduction,""
181077.869169,0,sched_state,running
181077.869564,0,tick,""
181077.869568,0,reduction,""
181077.869569,0,sched_state,running
181077.869968,0,tick,""
181077.869971,0,reduction,""
181077.869973,0,sched_state,running
181077.870371,0,tick,""
181077.870381,0,reduction,""
181077.870383,0,sched_state,running
181077.870793,0,tick,""
181077.870805,0,queue_length,0
181077.870821,0,sched_state,running
181077.871441,0,tick,""
181077.871448,0,reduction,""
181077.871450,0,sched_state,running
181077.872034,0,tick,""
181077.872673,6,channel_blocked,450
181077.872677,0,yield,""
181077.872680,0,sched_state,running
181077.873020,0,tick,""
181077.873027,0,queue_length,0
181077.873034,0,sched_state,running
181077.873451,0,tick,""
181077.873462,0,reduction,""
181077.873465,0,sched_state,running
181077.873745,0,tick,""
181077.873750,0,reduction,""
181077.873752,0,sched_state,running
181077.874011,0,tick,""
181077.874139,0,reduction,""
181077.874141,0,sched_state,running
181077.874394,0,tick,""
181077.874398,0,reduction,""
181077.874399,0,sched_state,running
181077.874647,0,tick,""
181077.874650,0,reduction,""
181077.874651,0,sched_state,running
181077.874899,0,tick,""
181077.874902,0,reduction,""
181077.874903,0,sched_state,running
181077.875153,0,tick,""
181077.875158,0,reduction,""
181077.875159,0,sched_state,running
181077.875410,0,tick,""
181077.875500,0,reduction,""
181077.875503,0,sched_state,running
181077.875757,0,tick,""
181077.875760,0,reduction,""
181077.875762,0,sched_state,running
181077.876013,0,tick,""
181077.876015,5,sched_state,waiting
181077.876017,1,sched_state,waiting
181077.876024,1,tick,""
181077.876024,5,tick,""
181077.876025,0,reduction,""
181077.876027,0,sched_state,running
181077.876027,5,sched_state,waiting
181077.876031,5,tick,""
181077.876059,5,sched_state,waiting
181077.876064,5,tick,""
181077.876406,0,tick,""
181077.876417,0,reduction,""
181077.876420,0,sched_state,running
181077.876704,0,tick,""
181077.876709,0,reduction,""
181077.876710,0,sched_state,running
181077.876957,0,tick,""
181077.876961,0,reduction,""
181077.876962,0,sched_state,running
181077.877015,4,sched_state,waiting
181077.877020,3,sched_state,waiting
181077.877025,4,tick,""
181077.877028,4,sched_state,waiting
181077.877029,3,tick,""
181077.877033,4,tick,""
181077.877033,3,sched_state,waiting
181077.877037,3,tick,""
181077.877051,4,sched_state,waiting
181077.877054,4,tick,""
181077.877066,4,sched_state,waiting
181077.877067,3,sched_state,waiting
181077.877069,4,tick,""
181077.877073,3,tick,""
181077.877320,7,sched_state,waiting
181077.877327,7,tick,""
181077.877325,0,tick,""
181077.877352,7,sched_state,waiting
181077.877356,7,tick,""
181077.877361,7,sched_state,waiting
181077.877365,7,tick,""
181077.879008,9,channel_unblocked,542
181077.879016,0,yield,""
181077.879022,0,sched_state,running
181077.879068,6,sched_state,waiting
181077.879074,6,tick,""
181077.879143,6,sched_state,waiting
181077.879147,6,tick,""
181077.879646,0,tick,""
181077.879650,0,reduction,""
181077.879651,0,sched_state,running
181077.880043,0,tick,""
181077.880048,0,reduction,""
181077.880050,0,sched_state,running
181077.880615,0,tick,""
181077.880619,0,reduction,""
181077.880621,0,sched_state,running
181077.881169,0,tick,""
181077.881174,0,reduction,""
181077.881175,0,sched_state,running
181077.881558,0,tick,""
181077.881561,0,reduction,""
181077.881563,0,sched_state,running
181077.881943,0,tick,""
181077.881956,0,reduction,""
181077.881959,0,sched_state,running
181077.882502,0,tick,""
181077.882548,0,queue_length,0
181077.884008,0,queue_length,0
181077.885023,0,sched_state,running
181077.885508,0,tick,""
181077.885514,0,reduction,""
181077.885517,0,sched_state,running
181077.886163,0,tick,""
181077.886838,7,channel_blocked,490
181077.886842,0,yield,""
181077.886845,0,sched_state,running
181077.887012,1,sched_state,waiting
181077.887017,5,sched_state,waiting
181077.887023,1,tick,""
181077.887032,5,tick,""
181077.887035,5,sched_state,waiting
181077.887041,5,tick,""
181077.887055,1,sched_state,waiting
181077.887057,5,sched_state,waiting
181077.887061,1,tick,""
181077.887061,5,tick,""
181077.887247,0,tick,""
181077.887257,0,queue_length,0
181077.887270,0,sched_state,running
181077.887770,0,tick,""
181077.887782,0,reduction,""
181077.887783,0,sched_state,running
181077.888013,4,sched_state,waiting
181077.888014,2,sched_state,waiting
181077.888019,4,tick,""
181077.888017,3,sched_state,waiting
181077.888023,2,tick,""
181077.888029,3,tick,""
181077.888042,2,sched_state,waiting
181077.888042,4,sched_state,waiting
181077.888046,2,tick,""
181077.888046,4,tick,""
181077.888049,2,sched_state,waiting
181077.888051,3,sched_state,waiting
181077.888052,2,tick,""
181077.888056,3,tick,""
181077.888061,3,sched_state,waiting
181077.888067,3,tick,""
181077.888143,7,sched_state,waiting
181077.888148,7,tick,""
181077.888148,0,tick,""
181077.888154,0,reduction,""
181077.888155,0,sched_state,running
181077.888175,7,sched_state,waiting
181077.888180,7,tick,""
181077.888490,0,tick,""
181077.888613,0,reduction,""
181077.888615,0,sched_state,running
181077.888974,0,tick,""
181077.888980,0,reduction,""
181077.888981,0,sched_state,running
181077.889293,0,tick,""
181077.889310,0,reduction,""
181077.889312,0,sched_state,running
181077.889670,0,tick,""
181077.889680,0,reduction,""
181077.889681,0,sched_state,running
181077.889979,0,tick,""
181077.889983,0,reduction,""
181077.889984,0,sched_state,running
181077.890015,6,sched_state,waiting
181077.890022,6,tick,""
181077.890024,6,sched_state,waiting
181077.890026,6,tick,""
181077.890048,6,sched_state,waiting
181077.890054,6,tick,""
181077.890339,0,tick,""
181077.890345,0,reduction,""
181077.890346,0,sched_state,running
181077.890651,0,tick,""
181077.890655,0,reduction,""
181077.890656,0,sched_state,running
181077.890950,0,tick,""
181077.890955,0,reduction,""
181077.890956,0,sched_state,running
181077.891254,0,tick,""
181077.893092,0,channel_unblocked,87
181077.893112,0,yield,""
181077.893121,0,sched_state,running
181077.893655,0,tick,""
181077.893660,0,reduction,""
181077.893663,0,sched_state,running
181077.894144,0,tick,""
181077.894148,0,reduction,""
181077.894150,0,sched_state,running
181077.894598,0,tick,""
181077.894602,0,reduction,""
181077.894605,0,sched_state,running
181077.895041,0,tick,""
181077.895046,0,sched_state,stop
