timestamp,lpu,event,value
144570.436779,0,sched_state,startup
144570.436878,0,tick,""
144570.436883,0,reduction,""
144570.436884,0,sched_state,running
144570.436964,0,tick,""
144570.436968,0,reduction,""
144570.436969,0,sched_state,running
144570.437026,0,tick,""
144570.437028,0,reduction,""
144570.437029,0,sched_state,running
144570.437105,0,tick,""
144570.437107,0,reduction,""
144570.437108,0,sched_state,running
144570.437162,0,tick,""
144570.437164,0,reduction,""
144570.437165,0,sched_state,running
144570.437216,0,tick,""
144570.437219,0,reduction,""
144570.437220,0,sched_state,running
144570.437273,0,tick,""
144570.437276,0,reduction,""
144570.437277,0,sched_state,running
144570.437329,0,tick,""
144570.437331,0,reduction,""
144570.437332,0,sched_state,running
144570.437386,0,tick,""
144570.437392,0,reduction,""
144570.437393,0,sched_state,running
144570.437456,0,tick,""
144570.437459,0,reduction,""
144570.437460,0,sched_state,running
144570.437516,0,tick,""
144570.437519,0,reduction,""
144570.437520,0,sched_state,running
144570.437575,0,tick,""
144570.437578,0,reduction,""
144570.437579,0,sched_state,running
144570.437635,0,tick,""
144570.437637,0,reduction,""
144570.437638,0,sched_state,running
144570.437693,0,tick,""
144570.437695,0,reduction,""
144570.437696,0,sched_state,running
144570.437751,0,tick,""
144570.437753,0,reduction,""
144570.437754,0,sched_state,running
144570.437808,0,tick,""
144570.437894,0,reduction,""
144570.437896,0,sched_state,running
144570.437953,0,tick,""
144570.437964,0,reduction,""
144570.437966,0,sched_state,running
144570.438022,0,tick,""
144570.438023,0,reduction,""
144570.438024,0,sched_state,running
144570.438081,0,tick,""
144570.438084,0,reduction,""
144570.438085,0,sched_state,running
144570.438142,0,tick,""
144570.439623,0,reduction,""
144570.439626,0,sched_state,running
144570.439695,0,tick,""
144570.439706,0,reduction,""
144570.439707,0,sched_state,running
144570.439771,0,tick,""
144570.439775,0,spawn,""
144570.439776,0,reduction,""
144570.439777,0,sched_state,running
144570.439838,0,tick,""
144570.439841,0,reduction,""
144570.439843,0,sched_state,running
144570.439900,0,tick,""
144570.439907,0,reduction,""
144570.439909,0,sched_state,running
144570.439968,0,tick,""
144570.439971,0,reduction,""
144570.439972,0,sched_state,running
144570.440029,0,tick,""
144570.440032,0,reduction,""
144570.440033,0,sched_state,running
144570.440091,0,tick,""
144570.440094,0,reduction,""
144570.440095,0,sched_state,running
144570.440177,0,tick,""
144570.440213,0,reduction,""
144570.440215,0,sched_state,running
144570.440325,0,tick,""
144570.440330,0,reduction,""
144570.440331,0,sched_state,running
144570.440436,0,tick,""
144570.440440,0,spawn,""
144570.440442,0,reduction,""
144570.440443,0,sched_state,running
144570.440542,0,tick,""
144570.440545,0,reduction,""
144570.440547,0,sched_state,running
144570.440608,0,tick,""
144570.440614,0,reduction,""
144570.440615,0,sched_state,running
144570.440675,0,tick,""
144570.440678,0,reduction,""
144570.440679,0,sched_state,running
144570.440737,0,tick,""
144570.440740,0,reduction,""
144570.440741,0,sched_state,running
144570.440800,0,tick,""
144570.440803,0,reduction,""
144570.440804,0,sched_state,running
144570.440861,0,tick,""
144570.440865,0,reduction,""
144570.440866,0,sched_state,running
144570.440923,0,tick,""
144570.441982,0,channel_blocked,73
144570.441985,0,yield,""
144570.441987,0,sched_state,waiting
144570.442346,0,tick,""
144570.442358,0,reduction,""
144570.442359,0,sched_state,running
144570.442674,0,tick,""
144570.442679,0,spawn,""
144570.442681,0,reduction,""
144570.442682,0,sched_state,running
144570.442870,0,tick,""
144570.442873,0,reduction,""
144570.442874,0,sched_state,running
144570.443057,0,tick,""
144570.443060,0,reduction,""
144570.443062,0,sched_state,running
144570.443246,0,tick,""
144570.443249,0,reduction,""
144570.443250,0,sched_state,running
144570.443433,0,tick,""
144570.443436,0,reduction,""
144570.443437,0,sched_state,running
144570.443620,0,tick,""
144570.443623,0,reduction,""
144570.443625,0,sched_state,running
144570.443802,0,tick,""
144570.443839,0,reduction,""
144570.443840,0,sched_state,running
144570.444023,0,tick,""
144570.444027,0,reduction,""
144570.444028,0,sched_state,running
144570.444232,0,tick,""
144570.444236,0,spawn,""
144570.444237,0,reduction,""
144570.444238,0,sched_state,running
144570.444421,0,tick,""
144570.444424,0,reduction,""
144570.444426,0,sched_state,running
144570.444607,0,tick,""
144570.444612,0,reduction,""
144570.444613,0,sched_state,running
144570.444794,0,tick,""
144570.444796,0,reduction,""
144570.444797,0,sched_state,running
144570.444978,0,tick,""
144570.444981,0,reduction,""
144570.444982,0,sched_state,running
144570.445161,0,tick,""
144570.445164,0,reduction,""
144570.445165,0,sched_state,running
144570.445340,0,tick,""
144570.445343,0,reduction,""
144570.445344,0,sched_state,running
144570.445520,0,tick,""
144570.446219,0,channel_blocked,73
144570.446221,0,yield,""
144570.446222,0,sched_state,waiting
144570.446728,0,tick,""
144570.446733,0,reduction,""
144570.446735,0,sched_state,running
144570.447238,0,tick,""
144570.447242,0,reduction,""
144570.447243,0,sched_state,running
144570.447747,0,tick,""
144570.447752,0,reduction,""
144570.447753,0,sched_state,running
144570.448049,0,tick,""
144570.448052,0,reduction,""
144570.448052,0,sched_state,running
144570.448377,0,tick,""
144570.448381,0,reduction,""
144570.448383,0,sched_state,running
144570.448674,0,tick,""
144570.448677,0,reduction,""
144570.448679,0,sched_state,running
144570.448971,0,tick,""
144570.448986,0,reduction,""
144570.448987,0,sched_state,running
144570.449279,0,tick,""
144570.449285,0,reduction,""
144570.449287,0,sched_state,running
144570.449581,0,tick,""
144570.449596,0,reduction,""
144570.449598,0,sched_state,running
144570.449889,0,tick,""
144570.449901,0,reduction,""
144570.449903,0,sched_state,running
144570.450193,0,tick,""
144570.450197,0,reduction,""
144570.450199,0,sched_state,running
144570.450489,0,tick,""
144570.450600,0,reduction,""
144570.450602,0,sched_state,running
144570.450898,0,tick,""
144570.450911,0,reduction,""
144570.450912,0,sched_state,running
144570.451205,0,tick,""
144570.451208,0,reduction,""
144570.451209,0,sched_state,running
144570.451500,0,tick,""
144570.451510,0,reduction,""
144570.451511,0,sched_state,running
144570.451802,0,tick,""
144570.451845,0,reduction,""
144570.451847,0,sched_state,running
144570.452184,0,tick,""
144570.452194,0,reduction,""
144570.452196,0,sched_state,running
144570.452492,0,tick,""
144570.452497,0,spawn,""
144570.452498,0,reduction,""
144570.452500,0,sched_state,running
144570.452792,0,tick,""
144570.452796,0,reduction,""
144570.452797,0,sched_state,running
144570.453087,0,tick,""
144570.453090,0,reduction,""
144570.453092,0,sched_state,running
144570.453382,0,tick,""
144570.453385,0,reduction,""
144570.453387,0,sched_state,running
144570.453678,0,tick,""
144570.453681,0,reduction,""
144570.453682,0,sched_state,running
144570.453973,0,tick,""
144570.453976,0,reduction,""
144570.453978,0,sched_state,running
144570.454269,0,tick,""
144570.454272,0,reduction,""
144570.454273,0,sched_state,running
144570.454572,0,tick,""
144570.454576,0,reduction,""
144570.454577,0,sched_state,running
144570.454870,0,tick,""
144570.454941,0,reduction,""
144570.454943,0,sched_state,running
144570.455243,0,tick,""
144570.455247,0,reduction,""
144570.455249,0,sched_state,running
144570.455544,0,tick,""
144570.455613,0,reduction,""
144570.455615,0,sched_state,running
144570.455912,0,tick,""
144570.455916,0,reduction,""
144570.455918,0,sched_state,running
144570.456245,0,tick,""
144570.456256,0,reduction,""
144570.456258,0,sched_state,running
144570.456556,0,tick,""
144570.456846,0,reduction,""
144570.456848,0,sched_state,running
144570.457155,0,tick,""
144570.457165,0,reduction,""
144570.457167,0,sched_state,running
144570.457463,0,tick,""
144570.457668,0,reduction,""
144570.457670,0,sched_state,running
144570.457970,0,tick,""
144570.457977,0,reduction,""
144570.457979,0,sched_state,running
144570.458273,0,tick,""
144570.458280,0,reduction,""
144570.458281,0,sched_state,running
144570.458575,0,tick,""
144570.458581,0,reduction,""
144570.458583,0,sched_state,running
144570.458876,0,tick,""
144570.458882,0,reduction,""
144570.458884,0,sched_state,running
144570.459177,0,tick,""
144570.459184,0,reduction,""
144570.459185,0,sched_state,running
144570.459480,0,tick,""
144570.459485,0,reduction,""
144570.459487,0,sched_state,running
144570.459779,0,tick,""
144570.459784,0,reduction,""
144570.459786,0,sched_state,running
144570.460079,0,tick,""
144570.460741,0,channel_blocked,73
144570.460747,0,yield,""
144570.460748,0,sched_state,waiting
144570.461063,0,tick,""
144570.461067,0,reduction,""
144570.461069,0,sched_state,running
144570.461365,0,tick,""
144570.461369,0,reduction,""
144570.461370,0,sched_state,running
144570.461663,0,tick,""
144570.461666,0,reduction,""
144570.461668,0,sched_state,running
144570.461961,0,tick,""
144570.461964,0,reduction,""
144570.461966,0,sched_state,running
144570.462259,0,tick,""
144570.462262,0,reduction,""
144570.462264,0,sched_state,running
144570.462558,0,tick,""
144570.462562,0,reduction,""
144570.462563,0,sched_state,running
144570.462859,0,tick,""
144570.462869,0,reduction,""
144570.462870,0,sched_state,running
144570.463167,0,tick,""
144570.463170,0,reduction,""
144570.463172,0,sched_state,running
144570.463469,0,tick,""
144570.463479,0,reduction,""
144570.463481,0,sched_state,running
144570.463778,0,tick,""
144570.463787,0,reduction,""
144570.463789,0,sched_state,running
144570.464086,0,tick,""
144570.464090,0,reduction,""
144570.464092,0,sched_state,running
144570.464409,0,tick,""
144570.464493,0,reduction,""
144570.464494,0,sched_state,running
144570.464792,0,tick,""
144570.464804,0,reduction,""
144570.464806,0,sched_state,running
144570.465100,0,tick,""
144570.465103,0,reduction,""
144570.465104,0,sched_state,running
144570.465401,0,tick,""
144570.465409,0,reduction,""
144570.465411,0,sched_state,running
144570.465706,0,tick,""
144570.465740,0,reduction,""
144570.465741,0,sched_state,running
144570.466039,0,tick,""
144570.466048,0,reduction,""
144570.466049,0,sched_state,running
144570.466348,0,tick,""
144570.466352,0,spawn,""
144570.466354,0,reduction,""
144570.466355,0,sched_state,running
144570.466650,0,tick,""
144570.466654,0,reduction,""
144570.466655,0,sched_state,running
144570.466947,0,tick,""
144570.466951,0,reduction,""
144570.466952,0,sched_state,running
144570.467245,0,tick,""
144570.467248,0,reduction,""
144570.467249,0,sched_state,running
144570.467546,0,tick,""
144570.467548,0,reduction,""
144570.467550,0,sched_state,running
144570.467845,0,tick,""
144570.467848,0,reduction,""
144570.467849,0,sched_state,running
144570.468169,0,tick,""
144570.468172,0,reduction,""
144570.468174,0,sched_state,running
144570.468472,0,tick,""
144570.468476,0,reduction,""
144570.468477,0,sched_state,running
144570.468777,0,tick,""
144570.468847,0,reduction,""
144570.468849,0,sched_state,running
144570.469155,0,tick,""
144570.469160,0,reduction,""
144570.469161,0,sched_state,running
144570.469463,0,tick,""
144570.469532,0,reduction,""
144570.469533,0,sched_state,running
144570.469832,0,tick,""
144570.469837,0,reduction,""
144570.469838,0,sched_state,running
144570.470134,0,tick,""
144570.470145,0,reduction,""
144570.470146,0,sched_state,running
144570.470443,0,tick,""
144570.470455,0,reduction,""
144570.470456,0,sched_state,running
144570.470753,0,tick,""
144570.470763,0,reduction,""
144570.470764,0,sched_state,running
144570.471060,0,tick,""
144570.471246,0,reduction,""
144570.471248,0,sched_state,running
144570.471549,0,tick,""
144570.471556,0,reduction,""
144570.471558,0,sched_state,running
144570.471852,0,tick,""
144570.471859,0,reduction,""
144570.471860,0,sched_state,running
144570.472182,0,tick,""
144570.472189,0,reduction,""
144570.472190,0,sched_state,running
144570.472488,0,tick,""
144570.472494,0,reduction,""
144570.472495,0,sched_state,running
144570.472791,0,tick,""
144570.472797,0,reduction,""
144570.472798,0,sched_state,running
144570.473095,0,tick,""
144570.473101,0,reduction,""
144570.473103,0,sched_state,running
144570.473400,0,tick,""
144570.473405,0,reduction,""
144570.473407,0,sched_state,running
144570.473703,0,tick,""
144570.474499,0,channel_blocked,73
144570.474503,0,yield,""
144570.474504,0,sched_state,waiting
144570.475024,0,tick,""
144570.475029,0,reduction,""
144570.475030,0,sched_state,running
144570.475350,0,tick,""
144570.475353,0,reduction,""
144570.475355,0,sched_state,running
144570.475654,0,tick,""
144570.475658,0,reduction,""
144570.475659,0,sched_state,running
144570.475957,0,tick,""
144570.475960,0,reduction,""
144570.475962,0,sched_state,running
144570.476282,0,tick,""
144570.476286,0,reduction,""
144570.476288,0,sched_state,running
144570.476586,0,tick,""
144570.476590,0,reduction,""
144570.476592,0,sched_state,running
144570.476892,0,tick,""
144570.476906,0,reduction,""
144570.476909,0,sched_state,running
144570.477212,0,tick,""
144570.477216,0,reduction,""
144570.477217,0,sched_state,running
144570.477519,0,tick,""
144570.477529,0,reduction,""
144570.477531,0,sched_state,running
144570.477831,0,tick,""
144570.477842,0,reduction,""
144570.477843,0,sched_state,running
144570.478142,0,tick,""
144570.478146,0,reduction,""
144570.478148,0,sched_state,running
144570.478447,0,tick,""
144570.478532,0,reduction,""
144570.478534,0,sched_state,running
144570.478838,0,tick,""
144570.478849,0,reduction,""
144570.478851,0,sched_state,running
144570.479152,0,tick,""
144570.479155,0,reduction,""
144570.479156,0,sched_state,running
144570.479456,0,tick,""
144570.479460,0,reduction,""
144570.479461,0,sched_state,running
144570.479759,0,tick,""
144570.479762,0,reduction,""
144570.479764,0,sched_state,running
144570.480064,0,tick,""
144570.480068,0,reduction,""
144570.480069,0,sched_state,running
144570.480401,0,tick,""
144570.480472,0,reduction,""
144570.480473,0,sched_state,running
144570.480780,0,tick,""
144570.480785,0,reduction,""
144570.480786,0,sched_state,running
144570.481088,0,tick,""
144570.481157,0,reduction,""
144570.481159,0,sched_state,running
144570.481464,0,tick,""
144570.481468,0,reduction,""
144570.481470,0,sched_state,running
144570.481768,0,tick,""
144570.481772,0,reduction,""
144570.481774,0,sched_state,running
144570.482071,0,tick,""
144570.482075,0,reduction,""
144570.482077,0,sched_state,running
144570.482372,0,tick,""
144570.482404,0,reduction,""
144570.482405,0,sched_state,running
144570.482705,0,tick,""
144570.482709,0,reduction,""
144570.482711,0,sched_state,running
144570.483009,0,tick,""
144570.483013,0,spawn,""
144570.483014,0,reduction,""
144570.483015,0,sched_state,running
144570.483316,0,tick,""
144570.483320,0,reduction,""
144570.483321,0,sched_state,running
144570.483621,0,tick,""
144570.483626,0,reduction,""
144570.483627,0,sched_state,running
144570.483925,0,tick,""
144570.483928,0,reduction,""
144570.483930,0,sched_state,running
144570.484255,0,tick,""
144570.484259,0,reduction,""
144570.484261,0,sched_state,running
144570.484561,0,tick,""
144570.484565,0,reduction,""
144570.484566,0,sched_state,running
144570.484865,0,tick,""
144570.484868,0,reduction,""
144570.484870,0,sched_state,running
144570.485170,0,tick,""
144570.486229,3,channel_blocked,87
144570.486232,0,yield,""
144570.486234,0,sched_state,waiting
144570.486694,0,tick,""
144570.486703,0,reduction,""
144570.486705,0,sched_state,running
144570.487441,0,tick,""
144570.487450,0,reduction,""
144570.487451,0,sched_state,running
144570.488220,0,tick,""
144570.488228,0,reduction,""
144570.488229,0,sched_state,running
144570.488663,0,tick,""
144570.488669,0,reduction,""
144570.488670,0,sched_state,running
144570.489095,0,tick,""
144570.489100,0,reduction,""
144570.489102,0,sched_state,running
144570.489525,0,tick,""
144570.489530,0,reduction,""
144570.489531,0,sched_state,running
144570.489953,0,tick,""
144570.489957,0,reduction,""
144570.489959,0,sched_state,running
144570.490382,0,tick,""
144570.490386,0,reduction,""
144570.490387,0,sched_state,running
144570.490809,0,tick,""
144570.490813,0,reduction,""
144570.490814,0,sched_state,running
144570.491237,0,tick,""
144570.491240,0,reduction,""
144570.491242,0,sched_state,running
144570.491663,0,tick,""
144570.491666,0,reduction,""
144570.491668,0,sched_state,running
144570.492088,0,tick,""
144570.492091,0,reduction,""
144570.492092,0,sched_state,running
144570.492540,0,tick,""
144570.492544,0,reduction,""
144570.492545,0,sched_state,running
144570.492967,0,tick,""
144570.493906,1,channel_blocked,101
144570.493910,0,yield,""
144570.493911,0,sched_state,waiting
144570.494795,0,tick,""
144570.495408,0,channel_blocked,73
144570.495411,0,yield,""
144570.495413,0,sched_state,waiting
144570.495972,0,tick,""
144570.495976,0,reduction,""
144570.495977,0,sched_state,running
144570.496556,0,tick,""
144570.496560,0,reduction,""
144570.496562,0,sched_state,running
144570.497110,0,tick,""
144570.497115,0,reduction,""
144570.497116,0,sched_state,running
144570.497667,0,tick,""
144570.497671,0,reduction,""
144570.497672,0,sched_state,running
144570.498223,0,tick,""
144570.498227,0,reduction,""
144570.498228,0,sched_state,running
144570.498782,0,tick,""
144570.498786,0,reduction,""
144570.498787,0,sched_state,running
144570.499341,0,tick,""
144570.499364,0,reduction,""
144570.499366,0,sched_state,running
144570.499911,0,tick,""
144570.499916,0,reduction,""
144570.499917,0,sched_state,running
144570.500486,0,tick,""
144570.500499,0,reduction,""
144570.500501,0,sched_state,running
144570.501038,0,tick,""
144570.501049,0,reduction,""
144570.501051,0,sched_state,running
144570.501591,0,tick,""
144570.501597,0,reduction,""
144570.501598,0,sched_state,running
144570.502133,0,tick,""
144570.502226,0,reduction,""
144570.502228,0,sched_state,running
144570.502822,0,tick,""
144570.502836,0,reduction,""
144570.502837,0,sched_state,running
144570.503373,0,tick,""
144570.503377,0,reduction,""
144570.503379,0,sched_state,running
144570.503920,0,tick,""
144570.503925,0,reduction,""
144570.503926,0,sched_state,running
144570.504483,0,tick,""
144570.504488,0,reduction,""
144570.504490,0,sched_state,running
144570.505026,0,tick,""
144570.505031,0,reduction,""
144570.505032,0,sched_state,running
144570.505569,0,tick,""
144570.505641,0,reduction,""
144570.505643,0,sched_state,running
144570.506179,0,tick,""
144570.506185,0,reduction,""
144570.506187,0,sched_state,running
144570.506719,0,tick,""
144570.506790,0,reduction,""
144570.506792,0,sched_state,running
144570.507330,0,tick,""
144570.507336,0,reduction,""
144570.507337,0,sched_state,running
144570.507873,0,tick,""
144570.507878,0,reduction,""
144570.507879,0,sched_state,running
144570.508441,0,tick,""
144570.508448,0,reduction,""
144570.508450,0,sched_state,running
144570.508979,0,tick,""
144570.509025,0,reduction,""
144570.509027,0,sched_state,running
144570.509559,0,tick,""
144570.509565,0,reduction,""
144570.509567,0,sched_state,running
144570.510101,0,tick,""
144570.510105,0,spawn,""
144570.510106,0,reduction,""
144570.510108,0,sched_state,running
144570.510649,0,tick,""
144570.510653,0,reduction,""
144570.510654,0,sched_state,running
144570.511198,0,tick,""
144570.511203,0,reduction,""
144570.511204,0,sched_state,running
144570.511747,0,tick,""
144570.511751,0,reduction,""
144570.511753,0,sched_state,running
144570.512310,0,tick,""
144570.512316,0,reduction,""
144570.512317,0,sched_state,running
144570.512854,0,tick,""
144570.512858,0,reduction,""
144570.512859,0,sched_state,running
144570.513402,0,tick,""
144570.513407,0,reduction,""
144570.513408,0,sched_state,running
144570.513960,0,tick,""
144570.515074,4,channel_blocked,149
144570.515077,0,yield,""
144570.515079,0,sched_state,waiting
144570.516204,0,tick,""
144570.516215,0,reduction,""
144570.516217,0,sched_state,running
144570.517377,0,tick,""
144570.517387,0,reduction,""
144570.517389,0,sched_state,running
144570.518568,0,tick,""
144570.518576,0,reduction,""
144570.518578,0,sched_state,running
144570.519236,0,tick,""
144570.519243,0,reduction,""
144570.519245,0,sched_state,running
144570.519896,0,tick,""
144570.519902,0,reduction,""
144570.519903,0,sched_state,running
144570.520588,0,tick,""
144570.520594,0,reduction,""
144570.520596,0,sched_state,running
144570.521253,0,tick,""
144570.521258,0,reduction,""
144570.521259,0,sched_state,running
144570.521923,0,tick,""
144570.521928,0,reduction,""
144570.521929,0,sched_state,running
144570.522595,0,tick,""
144570.522600,0,reduction,""
144570.522601,0,sched_state,running
144570.523262,0,tick,""
144570.523267,0,reduction,""
144570.523268,0,sched_state,running
144570.523927,0,tick,""
144570.523932,0,reduction,""
144570.523933,0,sched_state,running
144570.524613,0,tick,""
144570.524617,0,reduction,""
144570.524618,0,sched_state,running
144570.525277,0,tick,""
144570.525281,0,reduction,""
144570.525282,0,sched_state,running
144570.525933,0,tick,""
144570.526874,2,channel_blocked,182
144570.526877,0,yield,""
144570.526879,0,sched_state,waiting
144570.527728,0,tick,""
144570.528357,0,channel_blocked,73
144570.528360,0,yield,""
144570.528362,0,sched_state,waiting
144570.529139,0,tick,""
144570.529147,0,reduction,""
144570.529148,0,sched_state,running
144570.529916,0,tick,""
144570.529941,0,reduction,""
144570.529943,0,sched_state,running
144570.530700,0,tick,""
144570.530714,0,reduction,""
144570.530723,0,sched_state,running
144570.531476,0,tick,""
144570.531488,0,reduction,""
144570.531489,0,sched_state,running
144570.532293,0,tick,""
144570.532524,0,reduction,""
144570.532527,0,sched_state,running
144570.533283,0,tick,""
144570.533292,0,reduction,""
144570.533293,0,sched_state,running
144570.534052,0,tick,""
144570.534060,0,reduction,""
144570.534061,0,sched_state,running
144570.534815,0,tick,""
144570.534822,0,reduction,""
144570.534823,0,sched_state,running
144570.535579,0,tick,""
144570.535586,0,reduction,""
144570.535587,0,sched_state,running
144570.536366,0,tick,""
144570.536373,0,reduction,""
144570.536374,0,sched_state,running
144570.537130,0,tick,""
144570.537137,0,reduction,""
144570.537138,0,sched_state,running
144570.537898,0,tick,""
144570.537905,0,reduction,""
144570.537906,0,sched_state,running
144570.538660,0,tick,""
144570.538667,0,reduction,""
144570.538668,0,sched_state,running
144570.539424,0,tick,""
144570.539430,0,reduction,""
144570.539431,0,sched_state,running
144570.540206,0,tick,""
144570.540212,0,reduction,""
144570.540213,0,sched_state,running
144570.540971,0,tick,""
144570.540977,0,reduction,""
144570.540978,0,sched_state,running
144570.541734,0,tick,""
144570.541740,0,reduction,""
144570.541741,0,sched_state,running
144570.542495,0,tick,""
144570.542500,0,reduction,""
144570.542501,0,sched_state,running
144570.543260,0,tick,""
144570.543265,0,reduction,""
144570.543266,0,sched_state,running
144570.544023,0,tick,""
144570.544029,0,reduction,""
144570.544030,0,sched_state,running
144570.544811,0,tick,""
144570.544816,0,reduction,""
144570.544818,0,sched_state,running
144570.545566,0,tick,""
144570.545570,0,reduction,""
144570.545572,0,sched_state,running
144570.546325,0,tick,""
144570.546330,0,reduction,""
144570.546331,0,sched_state,running
144570.547081,0,tick,""
144570.547085,0,reduction,""
144570.547087,0,sched_state,running
144570.547837,0,tick,""
144570.547842,0,reduction,""
144570.547844,0,sched_state,running
144570.548616,0,tick,""
144570.548691,0,reduction,""
144570.548693,0,sched_state,running
144570.549445,0,tick,""
144570.549452,0,reduction,""
144570.549453,0,sched_state,running
144570.550205,0,tick,""
144570.550277,0,reduction,""
144570.550279,0,sched_state,running
144570.551033,0,tick,""
144570.551039,0,reduction,""
144570.551040,0,sched_state,running
144570.551798,0,tick,""
144570.551810,0,reduction,""
144570.551812,0,sched_state,running
144570.552589,0,tick,""
144570.552603,0,reduction,""
144570.552604,0,sched_state,running
144570.553354,0,tick,""
144570.553365,0,reduction,""
144570.553367,0,sched_state,running
144570.554116,0,tick,""
144570.554294,0,reduction,""
144570.554298,0,sched_state,running
144570.555051,0,tick,""
144570.555059,0,reduction,""
144570.555061,0,sched_state,running
144570.555808,0,tick,""
144570.555816,0,reduction,""
144570.555818,0,sched_state,running
144570.556592,0,tick,""
144570.556601,0,reduction,""
144570.556602,0,sched_state,running
144570.557350,0,tick,""
144570.557357,0,reduction,""
144570.557359,0,sched_state,running
144570.558107,0,tick,""
144570.558114,0,reduction,""
144570.558116,0,sched_state,running
144570.558863,0,tick,""
144570.558870,0,reduction,""
144570.558871,0,sched_state,running
144570.559618,0,tick,""
144570.559625,0,reduction,""
144570.559627,0,sched_state,running
144570.560398,0,tick,""
144570.561541,3,channel_blocked,87
144570.561545,0,yield,""
144570.561547,0,sched_state,waiting
144570.562828,0,tick,""
144570.563638,1,channel_blocked,101
144570.563641,0,yield,""
144570.563645,0,sched_state,waiting
144570.564453,0,tick,""
144570.565027,0,channel_blocked,73
144570.565030,0,yield,""
144570.565032,0,sched_state,waiting
144570.565794,0,tick,""
144570.565802,0,reduction,""
144570.565804,0,sched_state,running
144570.566562,0,tick,""
144570.566577,0,reduction,""
144570.566579,0,sched_state,running
144570.567331,0,tick,""
144570.567345,0,reduction,""
144570.567347,0,sched_state,running
144570.568100,0,tick,""
144570.568129,0,reduction,""
144570.568132,0,sched_state,running
144570.568898,0,tick,""
144570.569093,0,reduction,""
144570.569095,0,sched_state,running
144570.569849,0,tick,""
144570.569858,0,reduction,""
144570.569860,0,sched_state,running
144570.570614,0,tick,""
144570.570622,0,reduction,""
144570.570623,0,sched_state,running
144570.571376,0,tick,""
144570.571384,0,reduction,""
144570.571385,0,sched_state,running
144570.572155,0,tick,""
144570.572163,0,reduction,""
144570.572164,0,sched_state,running
144570.572909,0,tick,""
144570.572917,0,reduction,""
144570.572918,0,sched_state,running
144570.573677,0,tick,""
144570.573684,0,reduction,""
144570.573685,0,sched_state,running
144570.574440,0,tick,""
144570.574447,0,reduction,""
144570.574448,0,sched_state,running
144570.575203,0,tick,""
144570.575210,0,reduction,""
144570.575211,0,sched_state,running
144570.575965,0,tick,""
144570.575972,0,reduction,""
144570.575973,0,sched_state,running
144570.576748,0,tick,""
144570.576754,0,reduction,""
144570.576756,0,sched_state,running
144570.577503,0,tick,""
144570.577509,0,reduction,""
144570.577511,0,sched_state,running
144570.578256,0,tick,""
144570.578262,0,reduction,""
144570.578263,0,sched_state,running
144570.579010,0,tick,""
144570.579015,0,reduction,""
144570.579017,0,sched_state,running
144570.579760,0,tick,""
144570.579765,0,reduction,""
144570.579767,0,sched_state,running
144570.580539,0,tick,""
144570.580545,0,reduction,""
144570.580546,0,sched_state,running
144570.581291,0,tick,""
144570.581295,0,reduction,""
144570.581297,0,sched_state,running
144570.582045,0,tick,""
144570.582049,0,reduction,""
144570.582051,0,sched_state,running
144570.582802,0,tick,""
144570.582807,0,reduction,""
144570.582808,0,sched_state,running
144570.583559,0,tick,""
144570.583563,0,reduction,""
144570.583564,0,sched_state,running
144570.584336,0,tick,""
144570.584342,0,reduction,""
144570.584344,0,sched_state,running
144570.585097,0,tick,""
144570.585170,0,reduction,""
144570.585172,0,sched_state,running
144570.585930,0,tick,""
144570.585936,0,reduction,""
144570.585938,0,sched_state,running
144570.586690,0,tick,""
144570.586761,0,reduction,""
144570.586763,0,sched_state,running
144570.587517,0,tick,""
144570.587523,0,reduction,""
144570.587525,0,sched_state,running
144570.588301,0,tick,""
144570.588313,0,reduction,""
144570.588315,0,sched_state,running
144570.589068,0,tick,""
144570.589081,0,reduction,""
144570.589083,0,sched_state,running
144570.589832,0,tick,""
144570.589843,0,reduction,""
144570.589845,0,sched_state,running
144570.590604,0,tick,""
144570.590789,0,reduction,""
144570.590791,0,sched_state,running
144570.591547,0,tick,""
144570.591556,0,reduction,""
144570.591557,0,sched_state,running
144570.592332,0,tick,""
144570.592340,0,reduction,""
144570.592341,0,sched_state,running
144570.593101,0,tick,""
144570.593109,0,reduction,""
144570.593110,0,sched_state,running
144570.593871,0,tick,""
144570.593878,0,reduction,""
144570.593879,0,sched_state,running
144570.594639,0,tick,""
144570.594647,0,reduction,""
144570.594648,0,sched_state,running
144570.595403,0,tick,""
144570.595410,0,reduction,""
144570.595412,0,sched_state,running
144570.596180,0,tick,""
144570.596187,0,reduction,""
144570.596189,0,sched_state,running
144570.596937,0,tick,""
144570.597940,4,channel_blocked,149
144570.597944,0,yield,""
144570.597946,0,sched_state,waiting
144570.599219,0,tick,""
144570.600135,2,channel_blocked,182
144570.600139,0,yield,""
144570.600141,0,sched_state,waiting
144570.600930,0,tick,""
144570.601876,0,channel_blocked,73
144570.601880,0,yield,""
144570.601881,0,sched_state,waiting
144570.603137,0,tick,""
144570.603146,0,reduction,""
144570.603149,0,sched_state,running
144570.603903,0,tick,""
144570.603908,0,reduction,""
144570.603910,0,sched_state,running
144570.604686,0,tick,""
144570.604691,0,reduction,""
144570.604693,0,sched_state,running
144570.605487,0,tick,""
144570.605493,0,reduction,""
144570.605495,0,sched_state,running
144570.606242,0,tick,""
144570.606247,0,reduction,""
144570.606248,0,sched_state,running
144570.606995,0,tick,""
144570.607616,3,channel_unblocked,304
144570.607621,0,yield,""
144570.607624,0,sched_state,waiting
144570.608598,0,tick,""
144570.608610,0,reduction,""
144570.608613,0,sched_state,running
144570.609485,0,tick,""
144570.609493,0,reduction,""
144570.609495,0,sched_state,running
144570.610357,0,tick,""
144570.610365,0,reduction,""
144570.610366,0,sched_state,running
144570.611231,0,tick,""
144570.611238,0,reduction,""
144570.611240,0,sched_state,running
144570.612098,0,tick,""
144570.612106,0,reduction,""
144570.612111,0,sched_state,running
144570.612995,0,tick,""
144570.613003,0,reduction,""
144570.613005,0,sched_state,running
144570.613871,0,tick,""
144570.613878,0,reduction,""
144570.613880,0,sched_state,running
144570.614740,0,tick,""
144570.614747,0,reduction,""
144570.614749,0,sched_state,running
144570.615607,0,tick,""
144570.615613,0,reduction,""
144570.615615,0,sched_state,running
144570.616492,0,tick,""
144570.616499,0,reduction,""
144570.616500,0,sched_state,running
144570.617364,0,tick,""
144570.617371,0,reduction,""
144570.617372,0,sched_state,running
144570.618243,0,tick,""
144570.618249,0,reduction,""
144570.618250,0,sched_state,running
144570.619116,0,tick,""
144570.619122,0,reduction,""
144570.619123,0,sched_state,running
144570.619990,0,tick,""
144570.621115,5,channel_blocked,584
144570.621119,0,yield,""
144570.621120,0,sched_state,waiting
144570.622233,0,tick,""
144570.623078,3,channel_unblocked,87
144570.623086,0,yield,""
144570.623089,0,sched_state,waiting
144570.624958,0,tick,""
144570.625671,1,channel_blocked,101
144570.625675,0,yield,""
144570.625678,0,sched_state,waiting
144570.627651,0,tick,""
144570.628407,0,channel_blocked,73
144570.628411,0,yield,""
144570.628412,0,sched_state,waiting
144570.629442,0,tick,""
144570.629452,0,reduction,""
144570.629454,0,sched_state,running
144570.630453,0,tick,""
144570.630459,0,reduction,""
144570.630460,0,sched_state,running
144570.631447,0,tick,""
144570.631453,0,reduction,""
144570.631454,0,sched_state,running
144570.632483,0,tick,""
144570.632489,0,reduction,""
144570.632490,0,sched_state,running
144570.633479,0,tick,""
144570.633484,0,reduction,""
144570.633485,0,sched_state,running
144570.634471,0,tick,""
144570.635124,4,channel_unblocked,432
144570.635129,0,yield,""
144570.635131,0,sched_state,waiting
144570.636268,0,tick,""
144570.636281,0,reduction,""
144570.636284,0,sched_state,running
144570.637391,0,tick,""
144570.637403,0,reduction,""
144570.637405,0,sched_state,running
144570.638507,0,tick,""
144570.638516,0,reduction,""
144570.638518,0,sched_state,running
144570.639625,0,tick,""
144570.639633,0,reduction,""
144570.639634,0,sched_state,running
144570.640765,0,tick,""
144570.640774,0,reduction,""
144570.640776,0,sched_state,running
144570.641880,0,tick,""
144570.641887,0,reduction,""
144570.641890,0,sched_state,running
144570.642998,0,tick,""
144570.643006,0,reduction,""
144570.643009,0,sched_state,running
144570.644135,0,tick,""
144570.644143,0,reduction,""
144570.644145,0,sched_state,running
144570.645248,0,tick,""
144570.645256,0,reduction,""
144570.645257,0,sched_state,running
144570.646366,0,tick,""
144570.646374,0,reduction,""
144570.646376,0,sched_state,running
144570.647488,0,tick,""
144570.647495,0,reduction,""
144570.647497,0,sched_state,running
144570.648616,0,tick,""
144570.648623,0,reduction,""
144570.648624,0,sched_state,running
144570.649736,0,tick,""
144570.649742,0,reduction,""
144570.649744,0,sched_state,running
144570.650854,0,tick,""
144570.652212,6,channel_blocked,737
144570.652216,0,yield,""
144570.652218,0,sched_state,waiting
144570.654321,0,tick,""
144570.655211,4,channel_unblocked,149
144570.655217,0,yield,""
144570.655219,0,sched_state,waiting
144570.656461,0,tick,""
144570.657158,2,channel_blocked,182
144570.657162,0,yield,""
144570.657164,0,sched_state,waiting
144570.658397,0,tick,""
144570.659054,0,channel_blocked,73
144570.659058,0,yield,""
144570.659060,0,sched_state,waiting
144570.660292,0,tick,""
144570.660301,0,sched_state,running
144570.661389,0,tick,""
144570.662465,5,channel_blocked,584
144570.662470,0,yield,""
144570.662472,0,sched_state,waiting
144570.664321,0,tick,""
144570.664332,0,reduction,""
144570.664333,0,sched_state,running
144570.665428,0,tick,""
144570.665437,0,reduction,""
144570.665438,0,sched_state,running
144570.666502,0,tick,""
144570.667349,5,channel_unblocked,87
144570.667357,0,yield,""
144570.667359,0,sched_state,waiting
144570.668464,0,tick,""
144570.669242,1,channel_blocked,101
144570.669246,0,yield,""
144570.669249,0,sched_state,waiting
144570.670338,0,tick,""
144570.670977,0,channel_blocked,73
144570.670981,0,yield,""
144570.670983,0,sched_state,waiting
144570.672066,0,tick,""
144570.672073,0,sched_state,running
144570.673043,0,tick,""
144570.674119,6,channel_blocked,737
144570.674123,0,yield,""
144570.674125,0,sched_state,waiting
144570.675775,0,tick,""
144570.675786,0,reduction,""
144570.675788,0,sched_state,running
144570.676751,0,tick,""
144570.676758,0,reduction,""
144570.676760,0,sched_state,running
144570.677707,0,tick,""
144570.678521,6,channel_unblocked,149
144570.678527,0,yield,""
144570.678529,0,sched_state,waiting
144570.679495,0,tick,""
144570.680267,2,channel_blocked,182
144570.680271,0,yield,""
144570.680273,0,sched_state,waiting
144570.681248,0,tick,""
144570.682040,0,channel_blocked,73
144570.682044,0,yield,""
144570.682046,0,sched_state,waiting
144570.683010,0,tick,""
144570.683738,5,channel_unblocked,584
144570.683743,0,yield,""
144570.683745,0,sched_state,waiting
144570.684723,0,tick,""
144570.684737,0,reduction,""
144570.684739,0,sched_state,running
144570.685685,0,tick,""
144570.685691,0,reduction,""
144570.685693,0,sched_state,running
144570.686630,0,tick,""
144570.687355,0,channel_unblocked,87
144570.687360,0,yield,""
144570.687363,0,sched_state,waiting
144570.688336,0,tick,""
144570.688950,1,channel_blocked,101
144570.688953,0,yield,""
144570.688955,0,sched_state,waiting
144570.689928,0,tick,""
144570.690567,0,channel_unblocked,73
144570.690573,0,yield,""
144570.690575,0,sched_state,waiting
144570.691545,0,tick,""
144570.692274,6,channel_unblocked,737
144570.692279,0,yield,""
144570.692282,0,sched_state,waiting
144570.693248,0,tick,""
144570.693259,0,reduction,""
144570.693262,0,sched_state,running
144570.694191,0,tick,""
144570.694197,0,reduction,""
144570.694198,0,sched_state,running
144570.695131,0,tick,""
144570.695856,0,channel_blocked,149
144570.695860,0,yield,""
144570.695862,0,sched_state,waiting
144570.696832,0,tick,""
144570.697446,2,channel_blocked,182
144570.697450,0,yield,""
144570.697452,0,sched_state,waiting
144570.698411,0,tick,""
144570.699067,0,channel_unblocked,73
144570.699073,0,yield,""
144570.699075,0,sched_state,waiting
144570.700042,0,tick,""
144570.700048,0,sched_state,running
144570.700895,0,tick,""
144570.700899,0,sched_state,running
144570.701595,0,tick,""
144570.702202,1,channel_blocked,101
144570.702206,0,yield,""
144570.702208,0,sched_state,waiting
144570.702917,0,tick,""
144570.702922,0,reduction,""
144570.702924,0,sched_state,running
144570.703617,0,tick,""
144570.703622,0,reduction,""
144570.703624,0,sched_state,running
144570.704327,0,tick,""
144570.704936,1,channel_unblocked,73
144570.704941,0,yield,""
144570.704943,0,sched_state,waiting
144570.705648,0,tick,""
144570.705653,0,sched_state,running
144570.706230,0,tick,""
144570.706839,0,channel_unblocked,149
144570.706844,0,yield,""
144570.706846,0,sched_state,waiting
144570.707476,0,tick,""
144570.708078,2,channel_blocked,182
144570.708082,0,yield,""
144570.708084,0,sched_state,waiting
144570.708671,0,tick,""
144570.708676,0,reduction,""
144570.708678,0,sched_state,running
144570.709258,0,tick,""
144570.709263,0,reduction,""
144570.709265,0,sched_state,running
144570.709839,0,tick,""
144570.710444,2,channel_unblocked,73
144570.710448,0,yield,""
144570.710450,0,sched_state,waiting
144570.711031,0,tick,""
144570.711662,1,channel_unblocked,101
144570.711666,0,yield,""
144570.711668,0,sched_state,waiting
144570.712284,0,tick,""
144570.712294,0,reduction,""
144570.712296,0,sched_state,running
144570.712870,0,tick,""
144570.712876,0,sched_state,stop
