timestamp,lpu,event,value
144572.031147,0,sched_state,startup
144572.031251,0,tick,""
144572.031256,0,reduction,""
144572.031257,0,sched_state,running
144572.031337,0,tick,""
144572.031341,0,reduction,""
144572.031342,0,sched_state,running
144572.031401,0,tick,""
144572.031403,0,reduction,""
144572.031404,0,sched_state,running
144572.031484,0,tick,""
144572.031486,0,reduction,""
144572.031487,0,sched_state,running
144572.031544,0,tick,""
144572.031546,0,reduction,""
144572.031547,0,sched_state,running
144572.031600,0,tick,""
144572.031603,0,reduction,""
144572.031604,0,sched_state,running
144572.031659,0,tick,""
144572.031662,0,reduction,""
144572.031663,0,sched_state,running
144572.031716,0,tick,""
144572.031720,0,reduction,""
144572.031721,0,sched_state,running
144572.031776,0,tick,""
144572.031783,0,reduction,""
144572.031784,0,sched_state,running
144572.031839,0,tick,""
144572.031842,0,reduction,""
144572.031843,0,sched_state,running
144572.031898,0,tick,""
144572.031901,0,reduction,""
144572.031904,0,sched_state,running
144572.031957,0,tick,""
144572.031963,0,reduction,""
144572.031964,0,sched_state,running
144572.032020,0,tick,""
144572.032023,0,reduction,""
144572.032024,0,sched_state,running
144572.032079,0,tick,""
144572.032081,0,reduction,""
144572.032082,0,sched_state,running
144572.032164,0,tick,""
144572.032168,0,reduction,""
144572.032169,0,sched_state,running
144572.032223,0,tick,""
144572.032310,0,reduction,""
144572.032311,0,sched_state,running
144572.032367,0,tick,""
144572.032379,0,reduction,""
144572.032380,0,sched_state,running
144572.032436,0,tick,""
144572.032438,0,reduction,""
144572.032439,0,sched_state,running
144572.032497,0,tick,""
144572.032500,0,reduction,""
144572.032501,0,sched_state,running
144572.032558,0,tick,""
144572.034897,0,reduction,""
144572.034899,0,sched_state,running
144572.035006,0,tick,""
144572.035021,0,reduction,""
144572.035022,0,sched_state,running
144572.035127,0,tick,""
144572.035131,0,spawn,""
144572.035132,0,reduction,""
144572.035133,0,sched_state,running
144572.035230,0,tick,""
144572.035233,0,reduction,""
144572.035234,0,sched_state,running
144572.035292,0,tick,""
144572.035295,0,reduction,""
144572.035296,0,sched_state,running
144572.035353,0,tick,""
144572.035357,0,reduction,""
144572.035358,0,sched_state,running
144572.035416,0,tick,""
144572.035420,0,reduction,""
144572.035421,0,sched_state,running
144572.035478,0,tick,""
144572.035481,0,reduction,""
144572.035482,0,sched_state,running
144572.035539,0,tick,""
144572.035574,0,reduction,""
144572.035576,0,sched_state,running
144572.035635,0,tick,""
144572.035639,0,reduction,""
144572.035640,0,sched_state,running
144572.035700,0,tick,""
144572.035703,0,spawn,""
144572.035705,0,reduction,""
144572.035706,0,sched_state,running
144572.035764,0,tick,""
144572.035766,0,reduction,""
144572.035767,0,sched_state,running
144572.035825,0,tick,""
144572.035830,0,reduction,""
144572.035831,0,sched_state,running
144572.035889,0,tick,""
144572.035892,0,reduction,""
144572.035893,0,sched_state,running
144572.035950,0,tick,""
144572.035952,0,reduction,""
144572.035953,0,sched_state,running
144572.036012,0,tick,""
144572.036015,0,reduction,""
144572.036016,0,sched_state,running
144572.036072,0,tick,""
144572.036075,0,reduction,""
144572.036076,0,sched_state,running
144572.036154,0,tick,""
144572.037219,0,channel_blocked,73
144572.037221,0,yield,""
144572.037223,0,sched_state,waiting
144572.037581,0,tick,""
144572.037593,0,reduction,""
144572.037594,0,sched_state,running
144572.037910,0,tick,""
144572.037916,0,spawn,""
144572.037917,0,reduction,""
144572.037918,0,sched_state,running
144572.038104,0,tick,""
144572.038107,0,reduction,""
144572.038108,0,sched_state,running
144572.038290,0,tick,""
144572.038294,0,reduction,""
144572.038295,0,sched_state,running
144572.038528,0,tick,""
144572.038531,0,reduction,""
144572.038532,0,sched_state,running
144572.038714,0,tick,""
144572.038717,0,reduction,""
144572.038718,0,sched_state,running
144572.038902,0,tick,""
144572.038905,0,reduction,""
144572.038906,0,sched_state,running
144572.039086,0,tick,""
144572.039121,0,reduction,""
144572.039122,0,sched_state,running
144572.039306,0,tick,""
144572.039310,0,reduction,""
144572.039311,0,sched_state,running
144572.039495,0,tick,""
144572.039498,0,spawn,""
144572.039499,0,reduction,""
144572.039500,0,sched_state,running
144572.039683,0,tick,""
144572.039686,0,reduction,""
144572.039687,0,sched_state,running
144572.039871,0,tick,""
144572.039875,0,reduction,""
144572.039876,0,sched_state,running
144572.040059,0,tick,""
144572.040061,0,reduction,""
144572.040062,0,sched_state,running
144572.040267,0,tick,""
144572.040270,0,reduction,""
144572.040271,0,sched_state,running
144572.040454,0,tick,""
144572.040457,0,reduction,""
144572.040458,0,sched_state,running
144572.040634,0,tick,""
144572.040638,0,reduction,""
144572.040638,0,sched_state,running
144572.040814,0,tick,""
144572.041516,0,channel_blocked,73
144572.041518,0,yield,""
144572.041519,0,sched_state,waiting
144572.042029,0,tick,""
144572.042033,0,reduction,""
144572.042034,0,sched_state,running
144572.042537,0,tick,""
144572.042540,0,reduction,""
144572.042541,0,sched_state,running
144572.043043,0,tick,""
144572.043047,0,reduction,""
144572.043048,0,sched_state,running
144572.043338,0,tick,""
144572.043341,0,reduction,""
144572.043342,0,sched_state,running
144572.043717,0,tick,""
144572.043747,0,reduction,""
144572.043751,0,sched_state,running
144572.044266,0,tick,""
144572.044272,0,reduction,""
144572.044273,0,sched_state,running
144572.044582,0,tick,""
144572.044605,0,reduction,""
144572.044606,0,sched_state,running
144572.044907,0,tick,""
144572.044914,0,reduction,""
144572.044916,0,sched_state,running
144572.045223,0,tick,""
144572.045247,0,reduction,""
144572.045249,0,sched_state,running
144572.045546,0,tick,""
144572.045561,0,reduction,""
144572.045570,0,sched_state,running
144572.045870,0,tick,""
144572.045877,0,reduction,""
144572.045878,0,sched_state,running
144572.046179,0,tick,""
144572.046293,0,reduction,""
144572.046296,0,sched_state,running
144572.046595,0,tick,""
144572.046610,0,reduction,""
144572.046612,0,sched_state,running
144572.046907,0,tick,""
144572.046912,0,reduction,""
144572.046913,0,sched_state,running
144572.047206,0,tick,""
144572.047217,0,reduction,""
144572.047218,0,sched_state,running
144572.047511,0,tick,""
144572.047556,0,reduction,""
144572.047557,0,sched_state,running
144572.047851,0,tick,""
144572.047861,0,reduction,""
144572.047862,0,sched_state,running
144572.048183,0,tick,""
144572.048187,0,spawn,""
144572.048189,0,reduction,""
144572.048190,0,sched_state,running
144572.048483,0,tick,""
144572.048487,0,reduction,""
144572.048488,0,sched_state,running
144572.048779,0,tick,""
144572.048784,0,reduction,""
144572.048785,0,sched_state,running
144572.049078,0,tick,""
144572.049082,0,reduction,""
144572.049083,0,sched_state,running
144572.049376,0,tick,""
144572.049379,0,reduction,""
144572.049380,0,sched_state,running
144572.049679,0,tick,""
144572.049684,0,reduction,""
144572.049685,0,sched_state,running
144572.049993,0,tick,""
144572.049997,0,reduction,""
144572.049998,0,sched_state,running
144572.050306,0,tick,""
144572.050310,0,reduction,""
144572.050311,0,sched_state,running
144572.050604,0,tick,""
144572.050676,0,reduction,""
144572.050678,0,sched_state,running
144572.050977,0,tick,""
144572.050984,0,reduction,""
144572.050985,0,sched_state,running
144572.051283,0,tick,""
144572.051352,0,reduction,""
144572.051354,0,sched_state,running
144572.051651,0,tick,""
144572.051657,0,reduction,""
144572.051658,0,sched_state,running
144572.051953,0,tick,""
144572.051965,0,reduction,""
144572.051967,0,sched_state,running
144572.052286,0,tick,""
144572.052580,0,reduction,""
144572.052584,0,sched_state,running
144572.052888,0,tick,""
144572.052900,0,reduction,""
144572.052901,0,sched_state,running
144572.053196,0,tick,""
144572.053402,0,reduction,""
144572.053405,0,sched_state,running
144572.053703,0,tick,""
144572.053712,0,reduction,""
144572.053713,0,sched_state,running
144572.054007,0,tick,""
144572.054015,0,reduction,""
144572.054016,0,sched_state,running
144572.054310,0,tick,""
144572.054318,0,reduction,""
144572.054319,0,sched_state,running
144572.054609,0,tick,""
144572.054617,0,reduction,""
144572.054618,0,sched_state,running
144572.054909,0,tick,""
144572.054916,0,reduction,""
144572.054917,0,sched_state,running
144572.055210,0,tick,""
144572.055217,0,reduction,""
144572.055218,0,sched_state,running
144572.055511,0,tick,""
144572.055517,0,reduction,""
144572.055518,0,sched_state,running
144572.055809,0,tick,""
144572.056452,0,channel_blocked,73
144572.056458,0,yield,""
144572.056460,0,sched_state,waiting
144572.056769,0,tick,""
144572.056774,0,reduction,""
144572.056775,0,sched_state,running
144572.057069,0,tick,""
144572.057074,0,reduction,""
144572.057075,0,sched_state,running
144572.057370,0,tick,""
144572.057375,0,reduction,""
144572.057376,0,sched_state,running
144572.057669,0,tick,""
144572.057673,0,reduction,""
144572.057674,0,sched_state,running
144572.057967,0,tick,""
144572.057971,0,reduction,""
144572.057972,0,sched_state,running
144572.058267,0,tick,""
144572.058272,0,reduction,""
144572.058273,0,sched_state,running
144572.058570,0,tick,""
144572.058581,0,reduction,""
144572.058582,0,sched_state,running
144572.058878,0,tick,""
144572.058883,0,reduction,""
144572.058884,0,sched_state,running
144572.059179,0,tick,""
144572.059190,0,reduction,""
144572.059192,0,sched_state,running
144572.059485,0,tick,""
144572.059496,0,reduction,""
144572.059498,0,sched_state,running
144572.059793,0,tick,""
144572.059799,0,reduction,""
144572.059800,0,sched_state,running
144572.060095,0,tick,""
144572.060201,0,reduction,""
144572.060206,0,sched_state,running
144572.060503,0,tick,""
144572.060517,0,reduction,""
144572.060518,0,sched_state,running
144572.060815,0,tick,""
144572.060820,0,reduction,""
144572.060821,0,sched_state,running
144572.061117,0,tick,""
144572.061127,0,reduction,""
144572.061129,0,sched_state,running
144572.061424,0,tick,""
144572.061461,0,reduction,""
144572.061463,0,sched_state,running
144572.061761,0,tick,""
144572.061771,0,reduction,""
144572.061773,0,sched_state,running
144572.062073,0,tick,""
144572.062077,0,spawn,""
144572.062079,0,reduction,""
144572.062080,0,sched_state,running
144572.062375,0,tick,""
144572.062380,0,reduction,""
144572.062381,0,sched_state,running
144572.062673,0,tick,""
144572.062678,0,reduction,""
144572.062680,0,sched_state,running
144572.062974,0,tick,""
144572.062977,0,reduction,""
144572.062978,0,sched_state,running
144572.063274,0,tick,""
144572.063278,0,reduction,""
144572.063279,0,sched_state,running
144572.063576,0,tick,""
144572.063581,0,reduction,""
144572.063582,0,sched_state,running
144572.063880,0,tick,""
144572.063883,0,reduction,""
144572.063884,0,sched_state,running
144572.064203,0,tick,""
144572.064210,0,reduction,""
144572.064211,0,sched_state,running
144572.064507,0,tick,""
144572.064579,0,reduction,""
144572.064583,0,sched_state,running
144572.064887,0,tick,""
144572.064891,0,reduction,""
144572.064893,0,sched_state,running
144572.065192,0,tick,""
144572.065263,0,reduction,""
144572.065265,0,sched_state,running
144572.065566,0,tick,""
144572.065572,0,reduction,""
144572.065573,0,sched_state,running
144572.065871,0,tick,""
144572.065883,0,reduction,""
144572.065885,0,sched_state,running
144572.066185,0,tick,""
144572.066198,0,reduction,""
144572.066200,0,sched_state,running
144572.066499,0,tick,""
144572.066511,0,reduction,""
144572.066512,0,sched_state,running
144572.066808,0,tick,""
144572.066995,0,reduction,""
144572.066999,0,sched_state,running
144572.067300,0,tick,""
144572.067309,0,reduction,""
144572.067311,0,sched_state,running
144572.067606,0,tick,""
144572.067615,0,reduction,""
144572.067616,0,sched_state,running
144572.067910,0,tick,""
144572.067918,0,reduction,""
144572.067920,0,sched_state,running
144572.068244,0,tick,""
144572.068253,0,reduction,""
144572.068255,0,sched_state,running
144572.068552,0,tick,""
144572.068560,0,reduction,""
144572.068561,0,sched_state,running
144572.068858,0,tick,""
144572.068865,0,reduction,""
144572.068867,0,sched_state,running
144572.069161,0,tick,""
144572.069168,0,reduction,""
144572.069170,0,sched_state,running
144572.069464,0,tick,""
144572.070268,0,channel_blocked,73
144572.070273,0,yield,""
144572.070275,0,sched_state,waiting
144572.070790,0,tick,""
144572.070796,0,reduction,""
144572.070797,0,sched_state,running
144572.071101,0,tick,""
144572.071106,0,reduction,""
144572.071107,0,sched_state,running
144572.071408,0,tick,""
144572.071413,0,reduction,""
144572.071414,0,sched_state,running
144572.071714,0,tick,""
144572.071718,0,reduction,""
144572.071719,0,sched_state,running
144572.072018,0,tick,""
144572.072023,0,reduction,""
144572.072024,0,sched_state,running
144572.072346,0,tick,""
144572.072353,0,reduction,""
144572.072354,0,sched_state,running
144572.072653,0,tick,""
144572.072669,0,reduction,""
144572.072672,0,sched_state,running
144572.072973,0,tick,""
144572.072978,0,reduction,""
144572.072980,0,sched_state,running
144572.073282,0,tick,""
144572.073294,0,reduction,""
144572.073296,0,sched_state,running
144572.073598,0,tick,""
144572.073610,0,reduction,""
144572.073612,0,sched_state,running
144572.073914,0,tick,""
144572.073919,0,reduction,""
144572.073921,0,sched_state,running
144572.074221,0,tick,""
144572.074307,0,reduction,""
144572.074310,0,sched_state,running
144572.074614,0,tick,""
144572.074628,0,reduction,""
144572.074629,0,sched_state,running
144572.074933,0,tick,""
144572.074938,0,reduction,""
144572.074939,0,sched_state,running
144572.075240,0,tick,""
144572.075251,0,reduction,""
144572.075253,0,sched_state,running
144572.075554,0,tick,""
144572.075589,0,reduction,""
144572.075590,0,sched_state,running
144572.075895,0,tick,""
144572.075907,0,reduction,""
144572.075908,0,sched_state,running
144572.076236,0,tick,""
144572.076241,0,spawn,""
144572.076242,0,reduction,""
144572.076243,0,sched_state,running
144572.076545,0,tick,""
144572.076551,0,reduction,""
144572.076552,0,sched_state,running
144572.076852,0,tick,""
144572.076858,0,reduction,""
144572.076859,0,sched_state,running
144572.077164,0,tick,""
144572.077168,0,reduction,""
144572.077170,0,sched_state,running
144572.077466,0,tick,""
144572.077471,0,reduction,""
144572.077473,0,sched_state,running
144572.077768,0,tick,""
144572.077774,0,reduction,""
144572.077775,0,sched_state,running
144572.078076,0,tick,""
144572.078113,0,reduction,""
144572.078114,0,sched_state,running
144572.078417,0,tick,""
144572.078423,0,reduction,""
144572.078424,0,sched_state,running
144572.078724,0,tick,""
144572.078728,0,spawn,""
144572.078729,0,reduction,""
144572.078730,0,sched_state,running
144572.079026,0,tick,""
144572.079031,0,reduction,""
144572.079032,0,sched_state,running
144572.079332,0,tick,""
144572.079337,0,reduction,""
144572.079338,0,sched_state,running
144572.079638,0,tick,""
144572.079643,0,reduction,""
144572.079644,0,sched_state,running
144572.079941,0,tick,""
144572.079946,0,reduction,""
144572.079947,0,sched_state,running
144572.080277,0,tick,""
144572.080283,0,reduction,""
144572.080284,0,sched_state,running
144572.080586,0,tick,""
144572.080592,0,reduction,""
144572.080593,0,sched_state,running
144572.080898,0,tick,""
144572.081948,3,channel_blocked,89
144572.081952,0,yield,""
144572.081953,0,sched_state,waiting
144572.082406,0,tick,""
144572.082417,0,reduction,""
144572.082419,0,sched_state,running
144572.083162,0,tick,""
144572.083172,0,reduction,""
144572.083175,0,sched_state,running
144572.083930,0,tick,""
144572.083940,0,reduction,""
144572.083942,0,sched_state,running
144572.084391,0,tick,""
144572.084399,0,reduction,""
144572.084401,0,sched_state,running
144572.084825,0,tick,""
144572.084831,0,reduction,""
144572.084833,0,sched_state,running
144572.085256,0,tick,""
144572.085262,0,reduction,""
144572.085264,0,sched_state,running
144572.085691,0,tick,""
144572.085697,0,reduction,""
144572.085698,0,sched_state,running
144572.086126,0,tick,""
144572.086132,0,reduction,""
144572.086133,0,sched_state,running
144572.086560,0,tick,""
144572.086565,0,reduction,""
144572.086567,0,sched_state,running
144572.086992,0,tick,""
144572.086997,0,reduction,""
144572.086998,0,sched_state,running
144572.087424,0,tick,""
144572.087429,0,reduction,""
144572.087430,0,sched_state,running
144572.087855,0,tick,""
144572.087860,0,reduction,""
144572.087861,0,sched_state,running
144572.088316,0,tick,""
144572.088321,0,reduction,""
144572.088322,0,sched_state,running
144572.088757,0,tick,""
144572.089698,1,channel_blocked,103
144572.089702,0,yield,""
144572.089704,0,sched_state,waiting
144572.090608,0,tick,""
144572.091214,0,channel_blocked,73
144572.091218,0,yield,""
144572.091220,0,sched_state,waiting
144572.091762,0,tick,""
144572.091768,0,reduction,""
144572.091769,0,sched_state,running
144572.092341,0,tick,""
144572.092347,0,reduction,""
144572.092349,0,sched_state,running
144572.092884,0,tick,""
144572.092890,0,reduction,""
144572.092891,0,sched_state,running
144572.093422,0,tick,""
144572.093427,0,reduction,""
144572.093428,0,sched_state,running
144572.093959,0,tick,""
144572.093964,0,reduction,""
144572.093965,0,sched_state,running
144572.094497,0,tick,""
144572.094502,0,reduction,""
144572.094504,0,sched_state,running
144572.095035,0,tick,""
144572.095050,0,reduction,""
144572.095052,0,sched_state,running
144572.095585,0,tick,""
144572.095591,0,reduction,""
144572.095593,0,sched_state,running
144572.096138,0,tick,""
144572.096169,0,reduction,""
144572.096170,0,sched_state,running
144572.096705,0,tick,""
144572.096717,0,reduction,""
144572.096718,0,sched_state,running
144572.097260,0,tick,""
144572.097266,0,reduction,""
144572.097268,0,sched_state,running
144572.097804,0,tick,""
144572.097909,0,reduction,""
144572.097911,0,sched_state,running
144572.098444,0,tick,""
144572.098458,0,reduction,""
144572.098467,0,sched_state,running
144572.098999,0,tick,""
144572.099005,0,reduction,""
144572.099006,0,sched_state,running
144572.099536,0,tick,""
144572.099547,0,reduction,""
144572.099549,0,sched_state,running
144572.100080,0,tick,""
144572.100135,0,reduction,""
144572.100137,0,sched_state,running
144572.100682,0,tick,""
144572.100694,0,reduction,""
144572.100695,0,sched_state,running
144572.101228,0,tick,""
144572.101233,0,spawn,""
144572.101235,0,reduction,""
144572.101236,0,sched_state,running
144572.101769,0,tick,""
144572.101774,0,reduction,""
144572.101775,0,sched_state,running
144572.102305,0,tick,""
144572.102309,0,reduction,""
144572.102311,0,sched_state,running
144572.102841,0,tick,""
144572.102847,0,reduction,""
144572.102849,0,sched_state,running
144572.103379,0,tick,""
144572.103385,0,reduction,""
144572.103386,0,sched_state,running
144572.103923,0,tick,""
144572.103927,0,reduction,""
144572.103928,0,sched_state,running
144572.104487,0,tick,""
144572.104524,0,reduction,""
144572.104525,0,sched_state,running
144572.105066,0,tick,""
144572.105072,0,reduction,""
144572.105074,0,sched_state,running
144572.105607,0,tick,""
144572.105611,0,spawn,""
144572.105613,0,reduction,""
144572.105614,0,sched_state,running
144572.106155,0,tick,""
144572.106160,0,reduction,""
144572.106161,0,sched_state,running
144572.106697,0,tick,""
144572.106702,0,reduction,""
144572.106704,0,sched_state,running
144572.107240,0,tick,""
144572.107246,0,reduction,""
144572.107247,0,sched_state,running
144572.107779,0,tick,""
144572.107785,0,reduction,""
144572.107786,0,sched_state,running
144572.108345,0,tick,""
144572.108349,0,reduction,""
144572.108351,0,sched_state,running
144572.108886,0,tick,""
144572.108892,0,reduction,""
144572.108893,0,sched_state,running
144572.109432,0,tick,""
144572.110534,4,channel_blocked,148
144572.110539,0,yield,""
144572.110540,0,sched_state,waiting
144572.111640,0,tick,""
144572.111651,0,reduction,""
144572.111653,0,sched_state,running
144572.112846,0,tick,""
144572.112858,0,reduction,""
144572.112860,0,sched_state,running
144572.114055,0,tick,""
144572.114065,0,reduction,""
144572.114067,0,sched_state,running
144572.114730,0,tick,""
144572.114737,0,reduction,""
144572.114738,0,sched_state,running
144572.115396,0,tick,""
144572.115403,0,reduction,""
144572.115404,0,sched_state,running
144572.116066,0,tick,""
144572.116072,0,reduction,""
144572.116073,0,sched_state,running
144572.116756,0,tick,""
144572.116763,0,reduction,""
144572.116764,0,sched_state,running
144572.117423,0,tick,""
144572.117429,0,reduction,""
144572.117431,0,sched_state,running
144572.118091,0,tick,""
144572.118096,0,reduction,""
144572.118098,0,sched_state,running
144572.118757,0,tick,""
144572.118762,0,reduction,""
144572.118763,0,sched_state,running
144572.119424,0,tick,""
144572.119430,0,reduction,""
144572.119431,0,sched_state,running
144572.120079,0,tick,""
144572.120084,0,reduction,""
144572.120085,0,sched_state,running
144572.120762,0,tick,""
144572.120767,0,reduction,""
144572.120768,0,sched_state,running
144572.121429,0,tick,""
144572.122365,2,channel_blocked,182
144572.122370,0,yield,""
144572.122372,0,sched_state,waiting
144572.123225,0,tick,""
144572.123830,0,channel_blocked,73
144572.123834,0,yield,""
144572.123836,0,sched_state,waiting
144572.124624,0,tick,""
144572.124630,0,reduction,""
144572.124632,0,sched_state,running
144572.125387,0,tick,""
144572.125392,0,reduction,""
144572.125394,0,sched_state,running
144572.126141,0,tick,""
144572.126147,0,reduction,""
144572.126148,0,sched_state,running
144572.126899,0,tick,""
144572.126904,0,reduction,""
144572.126905,0,sched_state,running
144572.127654,0,tick,""
144572.127659,0,reduction,""
144572.127660,0,sched_state,running
144572.128442,0,tick,""
144572.128448,0,reduction,""
144572.128450,0,sched_state,running
144572.129207,0,tick,""
144572.129227,0,reduction,""
144572.129229,0,sched_state,running
144572.129980,0,tick,""
144572.129986,0,reduction,""
144572.129988,0,sched_state,running
144572.130738,0,tick,""
144572.130764,0,reduction,""
144572.130765,0,sched_state,running
144572.131509,0,tick,""
144572.131522,0,reduction,""
144572.131524,0,sched_state,running
144572.132312,0,tick,""
144572.132319,0,reduction,""
144572.132320,0,sched_state,running
144572.133070,0,tick,""
144572.133170,0,reduction,""
144572.133173,0,sched_state,running
144572.133927,0,tick,""
144572.133941,0,reduction,""
144572.133943,0,sched_state,running
144572.134693,0,tick,""
144572.134698,0,reduction,""
144572.134699,0,sched_state,running
144572.135449,0,tick,""
144572.135454,0,reduction,""
144572.135455,0,sched_state,running
144572.136228,0,tick,""
144572.136233,0,reduction,""
144572.136235,0,sched_state,running
144572.136992,0,tick,""
144572.136998,0,reduction,""
144572.136999,0,sched_state,running
144572.137749,0,tick,""
144572.137822,0,reduction,""
144572.137826,0,sched_state,running
144572.138580,0,tick,""
144572.138587,0,reduction,""
144572.138588,0,sched_state,running
144572.139340,0,tick,""
144572.139413,0,reduction,""
144572.139415,0,sched_state,running
144572.140203,0,tick,""
144572.140210,0,reduction,""
144572.140212,0,sched_state,running
144572.141009,0,tick,""
144572.141016,0,reduction,""
144572.141017,0,sched_state,running
144572.141772,0,tick,""
144572.141778,0,reduction,""
144572.141779,0,sched_state,running
144572.142532,0,tick,""
144572.142579,0,reduction,""
144572.142581,0,sched_state,running
144572.143331,0,tick,""
144572.143337,0,reduction,""
144572.143339,0,sched_state,running
144572.144092,0,tick,""
144572.144096,0,spawn,""
144572.144098,0,reduction,""
144572.144099,0,sched_state,running
144572.144872,0,tick,""
144572.144878,0,reduction,""
144572.144879,0,sched_state,running
144572.145631,0,tick,""
144572.145636,0,reduction,""
144572.145638,0,sched_state,running
144572.146384,0,tick,""
144572.146390,0,reduction,""
144572.146391,0,sched_state,running
144572.147139,0,tick,""
144572.147145,0,reduction,""
144572.147146,0,sched_state,running
144572.147895,0,tick,""
144572.147898,0,reduction,""
144572.147900,0,sched_state,running
144572.148671,0,tick,""
144572.148678,0,reduction,""
144572.148679,0,sched_state,running
144572.149434,0,tick,""
144572.150723,5,channel_blocked,304
144572.150727,0,yield,""
144572.150729,0,sched_state,waiting
144572.152318,0,tick,""
144572.152327,0,reduction,""
144572.152329,0,sched_state,running
144572.153239,0,tick,""
144572.153246,0,reduction,""
144572.153247,0,sched_state,running
144572.154146,0,tick,""
144572.154153,0,reduction,""
144572.154154,0,sched_state,running
144572.155055,0,tick,""
144572.155061,0,reduction,""
144572.155062,0,sched_state,running
144572.155964,0,tick,""
144572.155971,0,reduction,""
144572.155973,0,sched_state,running
144572.156900,0,tick,""
144572.157008,0,reduction,""
144572.157012,0,sched_state,running
144572.157945,0,tick,""
144572.157953,0,reduction,""
144572.157956,0,sched_state,running
144572.158872,0,tick,""
144572.158951,0,reduction,""
144572.158954,0,sched_state,running
144572.159865,0,tick,""
144572.159872,0,reduction,""
144572.159874,0,sched_state,running
144572.160803,0,tick,""
144572.160821,0,reduction,""
144572.160823,0,sched_state,running
144572.161725,0,tick,""
144572.161743,0,reduction,""
144572.161745,0,sched_state,running
144572.162648,0,tick,""
144572.162664,0,reduction,""
144572.162666,0,sched_state,running
144572.163569,0,tick,""
144572.163786,0,reduction,""
144572.163790,0,sched_state,running
144572.164743,0,tick,""
144572.164756,0,reduction,""
144572.164758,0,sched_state,running
144572.165663,0,tick,""
144572.165673,0,reduction,""
144572.165674,0,sched_state,running
144572.166576,0,tick,""
144572.166585,0,reduction,""
144572.166587,0,sched_state,running
144572.167486,0,tick,""
144572.167495,0,reduction,""
144572.167497,0,sched_state,running
144572.168419,0,tick,""
144572.168429,0,reduction,""
144572.168431,0,sched_state,running
144572.169333,0,tick,""
144572.169342,0,reduction,""
144572.169344,0,sched_state,running
144572.170276,0,tick,""
144572.170287,0,reduction,""
144572.170289,0,sched_state,running
144572.171193,0,tick,""
144572.172303,3,channel_blocked,89
144572.172309,0,yield,""
144572.172310,0,sched_state,waiting
144572.173879,0,tick,""
144572.174725,1,channel_blocked,103
144572.174730,0,yield,""
144572.174732,0,sched_state,waiting
144572.175697,0,tick,""
144572.176323,0,channel_blocked,73
144572.176329,0,yield,""
144572.176330,0,sched_state,waiting
144572.177275,0,tick,""
144572.177281,0,reduction,""
144572.177283,0,sched_state,running
144572.178222,0,tick,""
144572.178229,0,reduction,""
144572.178230,0,sched_state,running
144572.179160,0,tick,""
144572.179166,0,reduction,""
144572.179168,0,sched_state,running
144572.180099,0,tick,""
144572.180105,0,reduction,""
144572.180106,0,sched_state,running
144572.181059,0,tick,""
144572.181068,0,reduction,""
144572.181069,0,sched_state,running
144572.182009,0,tick,""
144572.182016,0,reduction,""
144572.182017,0,sched_state,running
144572.182954,0,tick,""
144572.182971,0,reduction,""
144572.182973,0,sched_state,running
144572.183910,0,tick,""
144572.183917,0,reduction,""
144572.183919,0,sched_state,running
144572.184866,0,tick,""
144572.184894,0,reduction,""
144572.184895,0,sched_state,running
144572.185811,0,tick,""
144572.185826,0,reduction,""
144572.185835,0,sched_state,running
144572.186765,0,tick,""
144572.186773,0,reduction,""
144572.186775,0,sched_state,running
144572.187710,0,tick,""
144572.187820,0,reduction,""
144572.187823,0,sched_state,running
144572.188788,0,tick,""
144572.188808,0,reduction,""
144572.188810,0,sched_state,running
144572.189741,0,tick,""
144572.189747,0,reduction,""
144572.189748,0,sched_state,running
144572.190679,0,tick,""
144572.190686,0,reduction,""
144572.190688,0,sched_state,running
144572.191621,0,tick,""
144572.191627,0,reduction,""
144572.191628,0,sched_state,running
144572.192589,0,tick,""
144572.192598,0,reduction,""
144572.192600,0,sched_state,running
144572.193590,0,tick,""
144572.193674,0,reduction,""
144572.193678,0,sched_state,running
144572.194673,0,tick,""
144572.194681,0,reduction,""
144572.194683,0,sched_state,running
144572.195678,0,tick,""
144572.195760,0,reduction,""
144572.195766,0,sched_state,running
144572.196768,0,tick,""
144572.196778,0,reduction,""
144572.196780,0,sched_state,running
144572.197772,0,tick,""
144572.197779,0,reduction,""
144572.197781,0,sched_state,running
144572.198773,0,tick,""
144572.198781,0,reduction,""
144572.198783,0,sched_state,running
144572.199765,0,tick,""
144572.199831,0,reduction,""
144572.199835,0,sched_state,running
144572.200833,0,tick,""
144572.200843,0,reduction,""
144572.200844,0,sched_state,running
144572.201834,0,tick,""
144572.201840,0,spawn,""
144572.201842,0,reduction,""
144572.201844,0,sched_state,running
144572.202826,0,tick,""
144572.202833,0,reduction,""
144572.202834,0,sched_state,running
144572.203827,0,tick,""
144572.203834,0,reduction,""
144572.203836,0,sched_state,running
144572.204828,0,tick,""
144572.204836,0,reduction,""
144572.204838,0,sched_state,running
144572.205821,0,tick,""
144572.205829,0,reduction,""
144572.205830,0,sched_state,running
144572.206818,0,tick,""
144572.206822,0,reduction,""
144572.206824,0,sched_state,running
144572.207807,0,tick,""
144572.207814,0,reduction,""
144572.207815,0,sched_state,running
144572.208815,0,tick,""
144572.210036,7,channel_blocked,432
144572.210041,0,yield,""
144572.210042,0,sched_state,waiting
144572.211909,0,tick,""
144572.211920,0,reduction,""
144572.211922,0,sched_state,running
144572.213924,0,tick,""
144572.213939,0,reduction,""
144572.213941,0,sched_state,running
144572.215961,0,tick,""
144572.215973,0,reduction,""
144572.215975,0,sched_state,running
144572.217091,0,tick,""
144572.217100,0,reduction,""
144572.217101,0,sched_state,running
144572.218203,0,tick,""
144572.218213,0,reduction,""
144572.218214,0,sched_state,running
144572.219305,0,tick,""
144572.219446,0,reduction,""
144572.219450,0,sched_state,running
144572.220586,0,tick,""
144572.220597,0,reduction,""
144572.220599,0,sched_state,running
144572.221709,0,tick,""
144572.221804,0,reduction,""
144572.221806,0,sched_state,running
144572.222895,0,tick,""
144572.222905,0,reduction,""
144572.222906,0,sched_state,running
144572.224000,0,tick,""
144572.224028,0,reduction,""
144572.224029,0,sched_state,running
144572.225156,0,tick,""
144572.225183,0,reduction,""
144572.225185,0,sched_state,running
144572.226265,0,tick,""
144572.226292,0,reduction,""
144572.226294,0,sched_state,running
144572.227372,0,tick,""
144572.227611,0,reduction,""
144572.227615,0,sched_state,running
144572.228754,0,tick,""
144572.228766,0,reduction,""
144572.228769,0,sched_state,running
144572.229836,0,tick,""
144572.229848,0,reduction,""
144572.229850,0,sched_state,running
144572.230929,0,tick,""
144572.230940,0,reduction,""
144572.230942,0,sched_state,running
144572.232024,0,tick,""
144572.232036,0,reduction,""
144572.232037,0,sched_state,running
144572.233152,0,tick,""
144572.233164,0,reduction,""
144572.233166,0,sched_state,running
144572.234230,0,tick,""
144572.234241,0,reduction,""
144572.234243,0,sched_state,running
144572.235317,0,tick,""
144572.235327,0,reduction,""
144572.235328,0,sched_state,running
144572.236431,0,tick,""
144572.237793,4,channel_blocked,148
144572.237798,0,yield,""
144572.237800,0,sched_state,waiting
144572.239719,0,tick,""
144572.240680,2,channel_blocked,182
144572.240685,0,yield,""
144572.240687,0,sched_state,waiting
144572.241811,0,tick,""
144572.242852,0,channel_blocked,73
144572.242856,0,yield,""
144572.242859,0,sched_state,waiting
144572.244768,0,tick,""
144572.244783,0,reduction,""
144572.244785,0,sched_state,running
144572.245880,0,tick,""
144572.245911,0,reduction,""
144572.245913,0,sched_state,running
144572.246996,0,tick,""
144572.247029,0,reduction,""
144572.247031,0,sched_state,running
144572.248100,0,tick,""
144572.248139,0,reduction,""
144572.248142,0,sched_state,running
144572.249225,0,tick,""
144572.249477,0,reduction,""
144572.249482,0,sched_state,running
144572.250566,0,tick,""
144572.250578,0,reduction,""
144572.250580,0,sched_state,running
144572.251656,0,tick,""
144572.251667,0,reduction,""
144572.251669,0,sched_state,running
144572.252760,0,tick,""
144572.252771,0,reduction,""
144572.252773,0,sched_state,running
144572.253851,0,tick,""
144572.253861,0,reduction,""
144572.253863,0,sched_state,running
144572.254929,0,tick,""
144572.254940,0,reduction,""
144572.254941,0,sched_state,running
144572.256016,0,tick,""
144572.256027,0,reduction,""
144572.256028,0,sched_state,running
144572.257126,0,tick,""
144572.257137,0,reduction,""
144572.257139,0,sched_state,running
144572.258213,0,tick,""
144572.258223,0,reduction,""
144572.258224,0,sched_state,running
144572.259290,0,tick,""
144572.259300,0,reduction,""
144572.259301,0,sched_state,running
144572.260400,0,tick,""
144572.260410,0,reduction,""
144572.260412,0,sched_state,running
144572.261482,0,tick,""
144572.261492,0,reduction,""
144572.261493,0,sched_state,running
144572.262565,0,tick,""
144572.262574,0,reduction,""
144572.262576,0,sched_state,running
144572.263644,0,tick,""
144572.263653,0,reduction,""
144572.263655,0,sched_state,running
144572.264747,0,tick,""
144572.264756,0,reduction,""
144572.264757,0,sched_state,running
144572.265826,0,tick,""
144572.265834,0,reduction,""
144572.265836,0,sched_state,running
144572.266905,0,tick,""
144572.266912,0,reduction,""
144572.266913,0,sched_state,running
144572.267986,0,tick,""
144572.267993,0,reduction,""
144572.267995,0,sched_state,running
144572.269106,0,tick,""
144572.269114,0,reduction,""
144572.269115,0,sched_state,running
144572.270193,0,tick,""
144572.270200,0,reduction,""
144572.270202,0,sched_state,running
144572.271288,0,tick,""
144572.271297,0,reduction,""
144572.271298,0,sched_state,running
144572.272399,0,tick,""
144572.272492,0,reduction,""
144572.272495,0,sched_state,running
144572.273573,0,tick,""
144572.273583,0,reduction,""
144572.273585,0,sched_state,running
144572.274663,0,tick,""
144572.274753,0,reduction,""
144572.274756,0,sched_state,running
144572.275838,0,tick,""
144572.275848,0,reduction,""
144572.275849,0,sched_state,running
144572.276950,0,tick,""
144572.276977,0,reduction,""
144572.276979,0,sched_state,running
144572.278049,0,tick,""
144572.278077,0,reduction,""
144572.278079,0,sched_state,running
144572.279144,0,tick,""
144572.279169,0,reduction,""
144572.279171,0,sched_state,running
144572.280260,0,tick,""
144572.280468,0,reduction,""
144572.280472,0,sched_state,running
144572.281555,0,tick,""
144572.281567,0,reduction,""
144572.281569,0,sched_state,running
144572.282644,0,tick,""
144572.282655,0,reduction,""
144572.282656,0,sched_state,running
144572.283727,0,tick,""
144572.283739,0,reduction,""
144572.283740,0,sched_state,running
144572.284843,0,tick,""
144572.284854,0,reduction,""
144572.284856,0,sched_state,running
144572.285930,0,tick,""
144572.285941,0,reduction,""
144572.285942,0,sched_state,running
144572.287019,0,tick,""
144572.287029,0,reduction,""
144572.287031,0,sched_state,running
144572.288100,0,tick,""
144572.288116,0,reduction,""
144572.288117,0,sched_state,running
144572.289208,0,tick,""
144572.290679,5,channel_blocked,304
144572.290684,0,yield,""
144572.290686,0,sched_state,waiting
144572.292609,0,tick,""
144572.292626,0,reduction,""
144572.292636,0,sched_state,running
144572.293732,0,tick,""
144572.293744,0,reduction,""
144572.293746,0,sched_state,running
144572.294833,0,tick,""
144572.294844,0,reduction,""
144572.294845,0,sched_state,running
144572.295930,0,tick,""
144572.295940,0,reduction,""
144572.295941,0,sched_state,running
144572.297060,0,tick,""
144572.297071,0,reduction,""
144572.297072,0,sched_state,running
144572.298162,0,tick,""
144572.298173,0,reduction,""
144572.298174,0,sched_state,running
144572.299253,0,tick,""
144572.299263,0,reduction,""
144572.299265,0,sched_state,running
144572.300374,0,tick,""
144572.300383,0,reduction,""
144572.300385,0,sched_state,running
144572.301466,0,tick,""
144572.301476,0,reduction,""
144572.301478,0,sched_state,running
144572.302570,0,tick,""
144572.302578,0,reduction,""
144572.302580,0,sched_state,running
144572.303662,0,tick,""
144572.303671,0,reduction,""
144572.303672,0,sched_state,running
144572.304780,0,tick,""
144572.304788,0,reduction,""
144572.304790,0,sched_state,running
144572.305871,0,tick,""
144572.305879,0,reduction,""
144572.305880,0,sched_state,running
144572.306960,0,tick,""
144572.307707,6,channel_blocked,587
144572.307712,0,yield,""
144572.307714,0,sched_state,waiting
144572.309077,0,tick,""
144572.309953,3,channel_blocked,89
144572.309957,0,yield,""
144572.309959,0,sched_state,waiting
144572.311246,0,tick,""
144572.311963,1,channel_blocked,103
144572.311967,0,yield,""
144572.311969,0,sched_state,waiting
144572.313243,0,tick,""
144572.313906,0,channel_blocked,73
144572.313910,0,yield,""
144572.313912,0,sched_state,waiting
144572.315154,0,tick,""
144572.315168,0,reduction,""
144572.315170,0,sched_state,running
144572.316418,0,tick,""
144572.316456,0,reduction,""
144572.316460,0,sched_state,running
144572.317665,0,tick,""
144572.317698,0,reduction,""
144572.317700,0,sched_state,running
144572.318905,0,tick,""
144572.318933,0,reduction,""
144572.318935,0,sched_state,running
144572.320170,0,tick,""
144572.320397,0,reduction,""
144572.320401,0,sched_state,running
144572.321618,0,tick,""
144572.321633,0,reduction,""
144572.321635,0,sched_state,running
144572.322847,0,tick,""
144572.322861,0,reduction,""
144572.322863,0,sched_state,running
144572.324069,0,tick,""
144572.324083,0,reduction,""
144572.324084,0,sched_state,running
144572.325315,0,tick,""
144572.325329,0,reduction,""
144572.325330,0,sched_state,running
144572.326529,0,tick,""
144572.326542,0,reduction,""
144572.326543,0,sched_state,running
144572.327752,0,tick,""
144572.327764,0,reduction,""
144572.327765,0,sched_state,running
144572.328991,0,tick,""
144572.329004,0,reduction,""
144572.329005,0,sched_state,running
144572.330211,0,tick,""
144572.330223,0,reduction,""
144572.330224,0,sched_state,running
144572.331428,0,tick,""
144572.331440,0,reduction,""
144572.331442,0,sched_state,running
144572.332680,0,tick,""
144572.332691,0,reduction,""
144572.332693,0,sched_state,running
144572.333895,0,tick,""
144572.333906,0,reduction,""
144572.333908,0,sched_state,running
144572.335123,0,tick,""
144572.335134,0,reduction,""
144572.335136,0,sched_state,running
144572.336361,0,tick,""
144572.336373,0,reduction,""
144572.336374,0,sched_state,running
144572.337580,0,tick,""
144572.337590,0,reduction,""
144572.337592,0,sched_state,running
144572.338799,0,tick,""
144572.338810,0,reduction,""
144572.338812,0,sched_state,running
144572.340020,0,tick,""
144572.340030,0,reduction,""
144572.340031,0,sched_state,running
144572.341263,0,tick,""
144572.341273,0,reduction,""
144572.341275,0,sched_state,running
144572.342492,0,tick,""
144572.342502,0,reduction,""
144572.342503,0,sched_state,running
144572.343717,0,tick,""
144572.343726,0,reduction,""
144572.343727,0,sched_state,running
144572.344967,0,tick,""
144572.344978,0,reduction,""
144572.344980,0,sched_state,running
144572.346234,0,tick,""
144572.346335,0,reduction,""
144572.346337,0,sched_state,running
144572.347549,0,tick,""
144572.347561,0,reduction,""
144572.347563,0,sched_state,running
144572.348793,0,tick,""
144572.348888,0,reduction,""
144572.348891,0,sched_state,running
144572.350107,0,tick,""
144572.350119,0,reduction,""
144572.350120,0,sched_state,running
144572.351332,0,tick,""
144572.351361,0,reduction,""
144572.351363,0,sched_state,running
144572.352589,0,tick,""
144572.352620,0,reduction,""
144572.352622,0,sched_state,running
144572.353824,0,tick,""
144572.353852,0,reduction,""
144572.353854,0,sched_state,running
144572.355056,0,tick,""
144572.355270,0,reduction,""
144572.355274,0,sched_state,running
144572.356513,0,tick,""
144572.356527,0,reduction,""
144572.356529,0,sched_state,running
144572.357737,0,tick,""
144572.357750,0,reduction,""
144572.357752,0,sched_state,running
144572.358959,0,tick,""
144572.358973,0,reduction,""
144572.358975,0,sched_state,running
144572.360201,0,tick,""
144572.360215,0,reduction,""
144572.360216,0,sched_state,running
144572.361426,0,tick,""
144572.361438,0,reduction,""
144572.361440,0,sched_state,running
144572.362645,0,tick,""
144572.362657,0,reduction,""
144572.362659,0,sched_state,running
144572.363859,0,tick,""
144572.363871,0,reduction,""
144572.363873,0,sched_state,running
144572.365101,0,tick,""
144572.366359,7,channel_blocked,432
144572.366364,0,yield,""
144572.366366,0,sched_state,waiting
144572.368482,0,tick,""
144572.368500,0,reduction,""
144572.368509,0,sched_state,running
144572.369740,0,tick,""
144572.369753,0,reduction,""
144572.369754,0,sched_state,running
144572.370964,0,tick,""
144572.370976,0,reduction,""
144572.370977,0,sched_state,running
144572.372220,0,tick,""
144572.372231,0,reduction,""
144572.372233,0,sched_state,running
144572.373443,0,tick,""
144572.373454,0,reduction,""
144572.373456,0,sched_state,running
144572.374668,0,tick,""
144572.374679,0,reduction,""
144572.374681,0,sched_state,running
144572.375889,0,tick,""
144572.375899,0,reduction,""
144572.375901,0,sched_state,running
144572.377142,0,tick,""
144572.377153,0,reduction,""
144572.377155,0,sched_state,running
144572.378364,0,tick,""
144572.378373,0,reduction,""
144572.378375,0,sched_state,running
144572.379588,0,tick,""
144572.379597,0,reduction,""
144572.379599,0,sched_state,running
144572.380839,0,tick,""
144572.380849,0,reduction,""
144572.380850,0,sched_state,running
144572.382064,0,tick,""
144572.382073,0,reduction,""
144572.382075,0,sched_state,running
144572.383280,0,tick,""
144572.383288,0,reduction,""
144572.383290,0,sched_state,running
144572.384520,0,tick,""
144572.385280,8,channel_blocked,743
144572.385284,0,yield,""
144572.385286,0,sched_state,waiting
144572.386761,0,tick,""
144572.387655,4,channel_blocked,148
144572.387659,0,yield,""
144572.387661,0,sched_state,waiting
144572.389092,0,tick,""
144572.389837,2,channel_blocked,182
144572.389843,0,yield,""
144572.389845,0,sched_state,waiting
144572.391245,0,tick,""
144572.391930,0,channel_blocked,73
144572.391934,0,yield,""
144572.391936,0,sched_state,waiting
144572.393386,0,tick,""
144572.393401,0,reduction,""
144572.393402,0,sched_state,running
144572.394805,0,tick,""
144572.394816,0,reduction,""
144572.394817,0,sched_state,running
144572.396208,0,tick,""
144572.396218,0,reduction,""
144572.396220,0,sched_state,running
144572.397587,0,tick,""
144572.397597,0,reduction,""
144572.397599,0,sched_state,running
144572.398973,0,tick,""
144572.398983,0,reduction,""
144572.398985,0,sched_state,running
144572.400382,0,tick,""
144572.401156,5,channel_unblocked,560
144572.401161,0,yield,""
144572.401164,0,sched_state,waiting
144572.402759,0,tick,""
144572.402784,0,reduction,""
144572.402787,0,sched_state,running
144572.404393,0,tick,""
144572.404406,0,reduction,""
144572.404408,0,sched_state,running
144572.405995,0,tick,""
144572.406009,0,reduction,""
144572.406011,0,sched_state,running
144572.407570,0,tick,""
144572.407584,0,reduction,""
144572.407586,0,sched_state,running
144572.409187,0,tick,""
144572.409201,0,reduction,""
144572.409203,0,sched_state,running
144572.410748,0,tick,""
144572.410761,0,reduction,""
144572.410763,0,sched_state,running
144572.412342,0,tick,""
144572.412356,0,reduction,""
144572.412357,0,sched_state,running
144572.413913,0,tick,""
144572.413926,0,reduction,""
144572.413928,0,sched_state,running
144572.415470,0,tick,""
144572.415483,0,reduction,""
144572.415485,0,sched_state,running
144572.417057,0,tick,""
144572.417070,0,reduction,""
144572.417072,0,sched_state,running
144572.418603,0,tick,""
144572.418616,0,reduction,""
144572.418619,0,sched_state,running
144572.420175,0,tick,""
144572.420187,0,reduction,""
144572.420189,0,sched_state,running
144572.421710,0,tick,""
144572.421723,0,reduction,""
144572.421725,0,sched_state,running
144572.423247,0,tick,""
144572.424569,9,channel_blocked,896
144572.424575,0,yield,""
144572.424577,0,sched_state,waiting
144572.427461,0,tick,""
144572.428588,5,channel_unblocked,304
144572.428595,0,yield,""
144572.428599,0,sched_state,waiting
144572.431685,0,tick,""
144572.433341,6,channel_blocked,587
144572.433347,0,yield,""
144572.433349,0,sched_state,waiting
144572.436325,0,tick,""
144572.437284,3,channel_blocked,89
144572.437289,0,yield,""
144572.437291,0,sched_state,waiting
144572.439020,0,tick,""
144572.439880,1,channel_blocked,103
144572.439884,0,yield,""
144572.439887,0,sched_state,waiting
144572.441627,0,tick,""
144572.442353,0,channel_blocked,73
144572.442358,0,yield,""
144572.442360,0,sched_state,waiting
144572.444069,0,tick,""
144572.444087,0,reduction,""
144572.444090,0,sched_state,running
144572.445817,0,tick,""
144572.445837,0,reduction,""
144572.445839,0,sched_state,running
144572.447535,0,tick,""
144572.447553,0,reduction,""
144572.447555,0,sched_state,running
144572.449309,0,tick,""
144572.449329,0,reduction,""
144572.449331,0,sched_state,running
144572.451020,0,tick,""
144572.451037,0,reduction,""
144572.451039,0,sched_state,running
144572.452748,0,tick,""
144572.453558,7,channel_unblocked,716
144572.453564,0,yield,""
144572.453567,0,sched_state,waiting
144572.455441,0,tick,""
144572.455474,0,reduction,""
144572.455476,0,sched_state,running
144572.457341,0,tick,""
144572.457363,0,reduction,""
144572.457373,0,sched_state,running
144572.459213,0,tick,""
144572.459234,0,reduction,""
144572.459236,0,sched_state,running
144572.461097,0,tick,""
144572.461118,0,reduction,""
144572.461120,0,sched_state,running
144572.462969,0,tick,""
144572.462990,0,reduction,""
144572.462992,0,sched_state,running
144572.464866,0,tick,""
144572.464884,0,reduction,""
144572.464886,0,sched_state,running
144572.466739,0,tick,""
144572.466759,0,reduction,""
144572.466761,0,sched_state,running
144572.468618,0,tick,""
144572.468637,0,reduction,""
144572.468639,0,sched_state,running
144572.470482,0,tick,""
144572.470501,0,reduction,""
144572.470503,0,sched_state,running
144572.472377,0,tick,""
144572.472395,0,reduction,""
144572.472397,0,sched_state,running
144572.474244,0,tick,""
144572.474263,0,reduction,""
144572.474265,0,sched_state,running
144572.476149,0,tick,""
144572.476173,0,reduction,""
144572.476176,0,sched_state,running
144572.478018,0,tick,""
144572.478036,0,reduction,""
144572.478038,0,sched_state,running
144572.479881,0,tick,""
144572.481248,10,channel_blocked,1075
144572.481253,0,yield,""
144572.481255,0,sched_state,waiting
144572.483336,0,tick,""
144572.484472,7,channel_unblocked,432
144572.484479,0,yield,""
144572.484481,0,sched_state,waiting
144572.486463,0,tick,""
144572.487785,8,channel_blocked,743
144572.487790,0,yield,""
144572.487792,0,sched_state,waiting
144572.491167,0,tick,""
144572.492174,4,channel_blocked,148
144572.492178,0,yield,""
144572.492180,0,sched_state,waiting
144572.494178,0,tick,""
144572.495187,2,channel_blocked,182
144572.495192,0,yield,""
144572.495194,0,sched_state,waiting
144572.497295,0,tick,""
144572.498331,0,channel_blocked,73
144572.498336,0,yield,""
144572.498338,0,sched_state,waiting
144572.500365,0,tick,""
144572.500381,0,sched_state,running
144572.502212,0,tick,""
144572.503840,9,channel_blocked,896
144572.503845,0,yield,""
144572.503848,0,sched_state,waiting
144572.507025,0,tick,""
144572.507046,0,reduction,""
144572.507049,0,sched_state,running
144572.508884,0,tick,""
144572.508903,0,reduction,""
144572.508905,0,sched_state,running
144572.510705,0,tick,""
144572.511793,9,channel_unblocked,304
144572.511799,0,yield,""
144572.511803,0,sched_state,waiting
144572.513681,0,tick,""
144572.514529,6,channel_blocked,587
144572.514534,0,yield,""
144572.514536,0,sched_state,waiting
144572.516380,0,tick,""
144572.517418,3,channel_blocked,89
144572.517422,0,yield,""
144572.517424,0,sched_state,waiting
144572.519236,0,tick,""
144572.519963,1,channel_blocked,103
144572.519967,0,yield,""
144572.519970,0,sched_state,waiting
144572.521813,0,tick,""
144572.522550,0,channel_blocked,73
144572.522554,0,yield,""
144572.522556,0,sched_state,waiting
144572.524417,0,tick,""
144572.524432,0,sched_state,running
144572.526098,0,tick,""
144572.527536,10,channel_blocked,1075
144572.527541,0,yield,""
144572.527543,0,sched_state,waiting
144572.530431,0,tick,""
144572.530451,0,reduction,""
144572.530461,0,sched_state,running
144572.532205,0,tick,""
144572.532223,0,reduction,""
144572.532225,0,sched_state,running
144572.533885,0,tick,""
144572.534949,10,channel_unblocked,432
144572.534955,0,yield,""
144572.534958,0,sched_state,waiting
144572.536688,0,tick,""
144572.537527,8,channel_blocked,743
144572.537531,0,yield,""
144572.537533,0,sched_state,waiting
144572.539202,0,tick,""
144572.540236,4,channel_blocked,148
144572.540241,0,yield,""
144572.540244,0,sched_state,waiting
144572.541928,0,tick,""
144572.542645,2,channel_blocked,182
144572.542650,0,yield,""
144572.542652,0,sched_state,waiting
144572.544334,0,tick,""
144572.545074,0,channel_blocked,73
144572.545078,0,yield,""
144572.545080,0,sched_state,waiting
144572.546753,0,tick,""
144572.547707,9,channel_unblocked,896
144572.547713,0,yield,""
144572.547715,0,sched_state,waiting
144572.549428,0,tick,""
144572.549463,0,reduction,""
144572.549465,0,sched_state,running
144572.551158,0,tick,""
144572.551173,0,reduction,""
144572.551175,0,sched_state,running
144572.552835,0,tick,""
144572.553760,3,channel_unblocked,304
144572.553766,0,yield,""
144572.553769,0,sched_state,waiting
144572.555455,0,tick,""
144572.556309,6,channel_blocked,587
144572.556314,0,yield,""
144572.556316,0,sched_state,waiting
144572.558010,0,tick,""
144572.558857,3,channel_unblocked,89
144572.558864,0,yield,""
144572.558866,0,sched_state,waiting
144572.560585,0,tick,""
144572.561300,1,channel_blocked,103
144572.561304,0,yield,""
144572.561306,0,sched_state,waiting
144572.563057,0,tick,""
144572.563782,0,channel_blocked,73
144572.563786,0,yield,""
144572.563788,0,sched_state,waiting
144572.565480,0,tick,""
144572.566429,10,channel_unblocked,1075
144572.566435,0,yield,""
144572.566438,0,sched_state,waiting
144572.568119,0,tick,""
144572.568160,0,reduction,""
144572.568162,0,sched_state,running
144572.569815,0,tick,""
144572.569834,0,reduction,""
144572.569836,0,sched_state,running
144572.571494,0,tick,""
144572.572463,4,channel_unblocked,432
144572.572469,0,yield,""
144572.572472,0,sched_state,waiting
144572.574156,0,tick,""
144572.574975,8,channel_blocked,743
144572.574979,0,yield,""
144572.574982,0,sched_state,waiting
144572.576684,0,tick,""
144572.577520,4,channel_unblocked,148
144572.577528,0,yield,""
144572.577531,0,sched_state,waiting
144572.579200,0,tick,""
144572.579908,2,channel_blocked,182
144572.579912,0,yield,""
144572.579914,0,sched_state,waiting
144572.581611,0,tick,""
144572.582638,0,channel_blocked,73
144572.582643,0,yield,""
144572.582645,0,sched_state,waiting
144572.584352,0,tick,""
144572.584366,0,sched_state,running
144572.585867,0,tick,""
144572.585883,0,sched_state,running
144572.587263,0,tick,""
144572.588414,6,channel_blocked,587
144572.588419,0,yield,""
144572.588421,0,sched_state,waiting
144572.589768,0,tick,""
144572.589784,0,reduction,""
144572.589786,0,sched_state,running
144572.591084,0,tick,""
144572.591097,0,reduction,""
144572.591099,0,sched_state,running
144572.592416,0,tick,""
144572.593188,6,channel_unblocked,89
144572.593194,0,yield,""
144572.593196,0,sched_state,waiting
144572.594517,0,tick,""
144572.595180,1,channel_blocked,103
144572.595185,0,yield,""
144572.595187,0,sched_state,waiting
144572.596538,0,tick,""
144572.597209,0,channel_blocked,73
144572.597213,0,yield,""
144572.597215,0,sched_state,waiting
144572.598523,0,tick,""
144572.598534,0,sched_state,running
144572.599666,0,tick,""
144572.599677,0,sched_state,running
144572.600671,0,tick,""
144572.601634,8,channel_blocked,743
144572.601639,0,yield,""
144572.601641,0,sched_state,waiting
144572.602629,0,tick,""
144572.602640,0,reduction,""
144572.602641,0,sched_state,running
144572.603596,0,tick,""
144572.603606,0,reduction,""
144572.603607,0,sched_state,running
144572.604577,0,tick,""
144572.605312,8,channel_unblocked,148
144572.605318,0,yield,""
144572.605320,0,sched_state,waiting
144572.606287,0,tick,""
144572.606910,2,channel_blocked,182
144572.606915,0,yield,""
144572.606917,0,sched_state,waiting
144572.607885,0,tick,""
144572.608549,0,channel_blocked,73
144572.608554,0,yield,""
144572.608556,0,sched_state,waiting
144572.609518,0,tick,""
144572.610244,6,channel_unblocked,587
144572.610249,0,yield,""
144572.610251,0,sched_state,waiting
144572.611223,0,tick,""
144572.611236,0,reduction,""
144572.611238,0,sched_state,running
144572.612218,0,tick,""
144572.612226,0,reduction,""
144572.612227,0,sched_state,running
144572.613180,0,tick,""
144572.613912,0,channel_unblocked,89
144572.613917,0,yield,""
144572.613919,0,sched_state,waiting
144572.614892,0,tick,""
144572.615699,1,channel_blocked,103
144572.615704,0,yield,""
144572.615706,0,sched_state,waiting
144572.616726,0,tick,""
144572.617561,0,channel_unblocked,73
144572.617569,0,yield,""
144572.617571,0,sched_state,waiting
144572.618541,0,tick,""
144572.619272,8,channel_unblocked,743
144572.619277,0,yield,""
144572.619279,0,sched_state,waiting
144572.620287,0,tick,""
144572.620300,0,reduction,""
144572.620302,0,sched_state,running
144572.621252,0,tick,""
144572.621259,0,reduction,""
144572.621260,0,sched_state,running
144572.622212,0,tick,""
144572.622944,0,channel_blocked,148
144572.622948,0,yield,""
144572.622950,0,sched_state,waiting
144572.623915,0,tick,""
144572.624593,2,channel_blocked,182
144572.624598,0,yield,""
144572.624599,0,sched_state,waiting
144572.625588,0,tick,""
144572.626223,0,channel_unblocked,73
144572.626230,0,yield,""
144572.626232,0,sched_state,waiting
144572.627206,0,tick,""
144572.627213,0,sched_state,running
144572.628043,0,tick,""
144572.628049,0,sched_state,running
144572.629431,0,tick,""
144572.630152,1,channel_blocked,103
144572.630159,0,yield,""
144572.630162,0,sched_state,waiting
144572.631487,0,tick,""
144572.631496,0,reduction,""
144572.631498,0,sched_state,running
144572.632240,0,tick,""
144572.632248,0,reduction,""
144572.632249,0,sched_state,running
144572.632953,0,tick,""
144572.633658,1,channel_unblocked,73
144572.633664,0,yield,""
144572.633666,0,sched_state,waiting
144572.634375,0,tick,""
144572.634381,0,sched_state,running
144572.634961,0,tick,""
144572.635676,0,channel_unblocked,148
144572.635681,0,yield,""
144572.635683,0,sched_state,waiting
144572.636294,0,tick,""
144572.636810,2,channel_blocked,182
144572.636814,0,yield,""
144572.636816,0,sched_state,waiting
144572.637408,0,tick,""
144572.637414,0,reduction,""
144572.637415,0,sched_state,running
144572.637994,0,tick,""
144572.638000,0,reduction,""
144572.638001,0,sched_state,running
144572.638579,0,tick,""
144572.639098,2,channel_unblocked,73
144572.639103,0,yield,""
144572.639104,0,sched_state,waiting
144572.639691,0,tick,""
144572.640322,1,channel_unblocked,103
144572.640327,0,yield,""
144572.640329,0,sched_state,waiting
144572.640924,0,tick,""
144572.640933,0,reduction,""
144572.640934,0,sched_state,running
144572.641513,0,tick,""
144572.641518,0,sched_state,stop
