timestamp,lpu,event,value
156647.601203,7,sched_state,startup
156647.601205,3,sched_state,startup
156647.601205,6,sched_state,startup
156647.601205,1,sched_state,startup
156647.601205,5,sched_state,startup
156647.601234,4,sched_state,startup
156647.601745,4,tick,""
156647.601756,4,queue_length,0
156647.601761,4,sched_state,waiting
156647.601772,4,tick,""
156647.601789,0,sched_state,startup
156647.601794,2,sched_state,startup
156647.601808,4,sched_state,waiting
156647.601816,4,tick,""
156647.601831,3,tick,""
156647.601831,7,tick,""
156647.601843,7,queue_length,0
156647.601844,6,tick,""
156647.601845,1,tick,""
156647.601845,5,tick,""
156647.601848,7,sched_state,waiting
156647.601853,6,queue_length,0
156647.601856,1,queue_length,0
156647.601856,5,queue_length,0
156647.601859,6,sched_state,waiting
156647.601860,7,tick,""
156647.601863,1,sched_state,waiting
156647.601863,5,sched_state,waiting
156647.601872,6,tick,""
156647.601876,3,queue_length,0
156647.601877,1,tick,""
156647.601877,5,tick,""
156647.601881,3,sched_state,waiting
156647.601890,3,tick,""
156647.601913,3,sched_state,waiting
156647.601918,3,tick,""
156647.601918,5,sched_state,waiting
156647.601918,1,sched_state,waiting
156647.601922,3,sched_state,waiting
156647.601924,6,sched_state,waiting
156647.601926,3,tick,""
156647.601927,1,tick,""
156647.601927,5,tick,""
156647.601932,6,tick,""
156647.601938,6,sched_state,waiting
156647.601945,6,tick,""
156647.601951,6,sched_state,waiting
156647.601954,6,tick,""
156647.601974,7,sched_state,waiting
156647.601974,2,tick,""
156647.601984,7,tick,""
156647.601985,2,queue_length,0
156647.601991,2,sched_state,waiting
156647.602017,2,tick,""
156647.602044,2,sched_state,waiting
156647.602051,2,tick,""
156647.602077,0,tick,""
156647.602164,0,queue_length,1
156647.602170,0,queue_length,0
156647.602418,0,sched_state,running
156647.602529,0,tick,""
156647.602535,0,reduction,""
156647.602538,0,sched_state,running
156647.602879,0,tick,""
156647.602900,0,reduction,""
156647.602906,0,sched_state,running
156647.603380,0,tick,""
156647.603406,0,reduction,""
156647.603413,0,sched_state,running
156647.603686,0,tick,""
156647.603690,0,reduction,""
156647.603695,0,sched_state,running
156647.603764,0,tick,""
156647.603769,0,reduction,""
156647.603770,0,sched_state,running
156647.603897,0,tick,""
156647.603900,0,reduction,""
156647.603901,0,sched_state,running
156647.604017,0,tick,""
156647.604021,0,reduction,""
156647.604022,0,sched_state,running
156647.604086,0,tick,""
156647.604088,0,reduction,""
156647.604089,0,sched_state,running
156647.604169,0,tick,""
156647.604171,0,reduction,""
156647.604172,0,sched_state,running
156647.604236,0,tick,""
156647.606575,0,reduction,""
156647.606580,0,sched_state,running
156647.606747,0,tick,""
156647.606752,0,reduction,""
156647.606754,0,sched_state,running
156647.606920,0,tick,""
156647.606926,0,reduction,""
156647.606928,0,sched_state,running
156647.607164,0,tick,""
156647.607511,0,reduction,""
156647.607514,0,sched_state,running
156647.607597,0,tick,""
156647.607603,0,reduction,""
156647.607605,0,sched_state,running
156647.607786,0,tick,""
156647.607813,0,reduction,""
156647.607824,0,sched_state,running
156647.608044,0,tick,""
156647.608049,0,reduction,""
156647.608050,0,sched_state,running
156647.608156,0,tick,""
156647.608160,0,reduction,""
156647.608161,0,sched_state,running
156647.608212,0,tick,""
156647.608215,0,reduction,""
156647.608216,0,sched_state,running
156647.608265,0,tick,""
156647.608268,0,reduction,""
156647.608269,0,sched_state,running
156647.608318,0,tick,""
156647.608323,0,reduction,""
156647.608324,0,sched_state,running
156647.608371,0,tick,""
156647.608584,0,queue_length,0
156647.608729,0,sched_state,running
156647.608787,0,tick,""
156647.608793,0,reduction,""
156647.608794,0,sched_state,running
156647.608847,0,tick,""
156647.608852,0,reduction,""
156647.608852,0,sched_state,running
156647.608903,0,tick,""
156647.608907,0,reduction,""
156647.608908,0,sched_state,running
156647.608959,0,tick,""
156647.608963,0,reduction,""
156647.608964,0,sched_state,running
156647.609013,0,tick,""
156647.609018,0,reduction,""
156647.609019,0,sched_state,running
156647.609067,0,tick,""
156647.609111,0,reduction,""
156647.609112,0,sched_state,running
156647.609179,0,tick,""
156647.609186,0,reduction,""
156647.609188,0,sched_state,running
156647.609266,0,tick,""
156647.609274,0,reduction,""
156647.609276,0,sched_state,running
156647.609354,0,tick,""
156647.609362,0,reduction,""
156647.609363,0,sched_state,running
156647.609442,0,tick,""
156647.609457,0,reduction,""
156647.609460,0,sched_state,running
156647.609544,0,tick,""
156647.609551,0,reduction,""
156647.609553,0,sched_state,running
156647.609628,0,tick,""
156647.609639,0,reduction,""
156647.609641,0,sched_state,running
156647.609694,0,tick,""
156647.609699,0,spawn,""
156647.609701,0,reduction,""
156647.609702,0,sched_state,running
156647.609971,0,tick,""
156647.609976,0,reduction,""
156647.609978,0,sched_state,running
156647.609981,0,queue_length,1
156647.610032,0,tick,""
156647.610039,0,reduction,""
156647.610042,0,sched_state,running
156647.610104,0,tick,""
156647.610110,0,reduction,""
156647.610111,0,sched_state,running
156647.610165,0,tick,""
156647.610169,0,reduction,""
156647.610171,0,sched_state,running
156647.610222,0,tick,""
156647.610232,0,reduction,""
156647.610234,0,sched_state,running
156647.610286,0,tick,""
156647.610323,0,reduction,""
156647.610326,0,sched_state,running
156647.610408,0,tick,""
156647.610420,0,reduction,""
156647.610422,0,sched_state,running
156647.610500,0,tick,""
156647.610981,0,queue_length,1
156647.611202,0,sched_state,running
156647.611390,0,tick,""
156647.611397,0,reduction,""
156647.611399,0,sched_state,running
156647.611596,0,tick,""
156647.611600,0,reduction,""
156647.611602,0,sched_state,running
156647.611792,0,tick,""
156647.611796,0,reduction,""
156647.611799,0,sched_state,running
156647.611918,0,tick,""
156647.611922,0,reduction,""
156647.611924,0,sched_state,running
156647.612042,0,tick,""
156647.612046,0,reduction,""
156647.612048,0,sched_state,running
156647.612180,0,tick,""
156647.612184,0,reduction,""
156647.612186,0,sched_state,running
156647.612302,0,tick,""
156647.613849,0,channel_blocked,164
156647.613852,0,yield,""
156647.614046,4,sched_state,waiting
156647.614054,4,tick,""
156647.614134,0,sched_state,running
156647.614153,0,tick,""
156647.614172,4,sched_state,waiting
156647.614177,4,tick,""
156647.614180,4,sched_state,waiting
156647.614183,4,tick,""
156647.614427,0,queue_length,2
156647.614432,0,queue_length,1
156647.614662,0,sched_state,running
156647.614787,0,tick,""
156647.614798,0,reduction,""
156647.614801,0,sched_state,running
156647.614896,0,tick,""
156647.614903,0,reduction,""
156647.614905,0,sched_state,running
156647.615039,0,tick,""
156647.615060,0,reduction,""
156647.615063,0,sched_state,running
156647.615152,0,tick,""
156647.615159,0,reduction,""
156647.615160,0,sched_state,running
156647.615245,0,tick,""
156647.615267,0,reduction,""
156647.615268,0,sched_state,running
156647.615348,0,tick,""
156647.615355,0,spawn,""
156647.615357,0,reduction,""
156647.615358,0,sched_state,running
156647.615620,0,tick,""
156647.615623,0,queue_length,2
156647.615627,0,reduction,""
156647.615629,0,sched_state,running
156647.615711,0,tick,""
156647.615717,0,reduction,""
156647.615719,0,sched_state,running
156647.615796,0,tick,""
156647.615807,0,reduction,""
156647.615809,0,sched_state,running
156647.615887,0,tick,""
156647.615893,0,reduction,""
156647.615894,0,sched_state,running
156647.615970,0,tick,""
156647.615981,0,reduction,""
156647.615983,0,sched_state,running
156647.616011,7,sched_state,waiting
156647.616022,7,tick,""
156647.616043,7,sched_state,waiting
156647.616047,7,tick,""
156647.616051,5,sched_state,waiting
156647.616055,1,sched_state,waiting
156647.616054,2,sched_state,waiting
156647.616064,5,tick,""
156647.616068,1,tick,""
156647.616069,0,tick,""
156647.616069,2,tick,""
156647.616075,1,sched_state,waiting
156647.616070,3,sched_state,waiting
156647.616084,3,tick,""
156647.616084,1,tick,""
156647.616093,5,sched_state,waiting
156647.616100,5,tick,""
156647.616105,3,sched_state,waiting
156647.616115,3,tick,""
156647.616122,3,sched_state,waiting
156647.616126,3,tick,""
156647.616143,0,reduction,""
156647.616146,0,sched_state,running
156647.616241,0,tick,""
156647.616257,0,reduction,""
156647.616259,0,sched_state,running
156647.616351,0,tick,""
156647.616359,0,reduction,""
156647.616362,0,sched_state,running
156647.616449,0,tick,""
156647.616457,0,reduction,""
156647.616459,0,sched_state,running
156647.616544,0,tick,""
156647.616562,0,reduction,""
156647.616565,0,sched_state,running
156647.616652,0,tick,""
156647.616659,0,reduction,""
156647.616661,0,sched_state,running
156647.616746,0,tick,""
156647.616763,0,reduction,""
156647.616765,0,sched_state,running
156647.616851,0,tick,""
156647.616858,0,spawn,""
156647.616861,0,reduction,""
156647.616863,0,sched_state,running
156647.617248,0,tick,""
156647.617251,0,queue_length,3
156647.617254,0,reduction,""
156647.617256,0,sched_state,running
156647.617349,0,tick,""
156647.617561,0,queue_length,3
156647.618364,0,sched_state,running
156647.618758,0,tick,""
156647.620164,0,channel_blocked,164
156647.620167,0,yield,""
156647.620712,0,sched_state,running
156647.620715,0,queue_length,4
156647.620725,0,tick,""
156647.620731,0,queue_length,3
156647.621022,0,sched_state,running
156647.621137,0,tick,""
156647.621141,0,reduction,""
156647.621143,0,sched_state,running
156647.621265,0,tick,""
156647.621270,0,reduction,""
156647.621272,0,sched_state,running
156647.621389,0,tick,""
156647.621392,0,reduction,""
156647.621394,0,sched_state,running
156647.621508,0,tick,""
156647.621511,0,reduction,""
156647.621513,0,sched_state,running
156647.621624,0,tick,""
156647.621627,0,reduction,""
156647.621629,0,sched_state,running
156647.621740,0,tick,""
156647.621744,0,reduction,""
156647.621745,0,sched_state,running
156647.621855,0,tick,""
156647.623057,1,channel_blocked,269
156647.623060,0,yield,""
156647.623329,0,sched_state,running
156647.623342,0,tick,""
156647.624353,0,queue_length,4
156647.624366,0,queue_length,3
156647.624665,0,sched_state,running
156647.624765,0,tick,""
156647.624768,0,reduction,""
156647.624770,0,sched_state,running
156647.624859,0,tick,""
156647.624863,0,reduction,""
156647.624864,0,sched_state,running
156647.624945,0,tick,""
156647.624948,0,reduction,""
156647.624950,0,sched_state,running
156647.625018,4,sched_state,waiting
156647.625028,4,tick,""
156647.625030,0,tick,""
156647.625032,0,reduction,""
156647.625033,0,sched_state,running
156647.625053,4,sched_state,waiting
156647.625056,4,tick,""
156647.625144,0,tick,""
156647.625149,0,reduction,""
156647.625151,0,sched_state,running
156647.625271,0,tick,""
156647.625276,0,reduction,""
156647.625277,0,sched_state,running
156647.625397,0,tick,""
156647.626668,2,channel_blocked,294
156647.626671,0,yield,""
156647.627017,7,sched_state,waiting
156647.627021,2,sched_state,waiting
156647.627026,7,tick,""
156647.627029,2,tick,""
156647.627050,5,sched_state,waiting
156647.627051,7,sched_state,waiting
156647.627056,7,tick,""
156647.627056,2,sched_state,waiting
156647.627059,5,tick,""
156647.627061,2,tick,""
156647.627096,0,sched_state,running
156647.627096,0,queue_length,4
156647.627120,0,tick,""
156647.627127,0,queue_length,3
156647.627129,6,sched_state,waiting
156647.627136,6,tick,""
156647.627158,6,sched_state,waiting
156647.627163,6,tick,""
156647.627167,6,sched_state,waiting
156647.627170,6,tick,""
156647.627373,0,sched_state,running
156647.627496,0,tick,""
156647.627503,0,reduction,""
156647.627505,0,sched_state,running
156647.627645,0,tick,""
156647.627660,0,reduction,""
156647.627662,0,sched_state,running
156647.627749,0,tick,""
156647.627756,0,reduction,""
156647.627757,0,sched_state,running
156647.627840,0,tick,""
156647.627857,0,reduction,""
156647.627860,0,sched_state,running
156647.627942,0,tick,""
156647.628003,0,reduction,""
156647.628005,0,sched_state,running
156647.628090,0,tick,""
156647.628104,0,reduction,""
156647.628106,0,sched_state,running
156647.628205,0,tick,""
156647.628213,0,reduction,""
156647.628214,0,sched_state,running
156647.628302,0,tick,""
156647.628309,0,reduction,""
156647.628310,0,sched_state,running
156647.628395,0,tick,""
156647.628414,0,reduction,""
156647.628416,0,sched_state,running
156647.628502,0,tick,""
156647.628508,0,reduction,""
156647.628510,0,sched_state,running
156647.628595,0,tick,""
156647.628612,0,reduction,""
156647.628613,0,sched_state,running
156647.628699,0,tick,""
156647.628704,0,spawn,""
156647.628706,0,reduction,""
156647.628708,0,sched_state,running
156647.629103,0,tick,""
156647.629106,0,queue_length,4
156647.629110,0,reduction,""
156647.629113,0,sched_state,running
156647.629222,0,tick,""
156647.629227,0,reduction,""
156647.629229,0,sched_state,running
156647.629312,0,tick,""
156647.629322,0,reduction,""
156647.629323,0,sched_state,running
156647.629403,0,tick,""
156647.629410,0,reduction,""
156647.629411,0,sched_state,running
156647.629492,0,tick,""
156647.629505,0,reduction,""
156647.629507,0,sched_state,running
156647.629588,0,tick,""
156647.629653,0,reduction,""
156647.629656,0,sched_state,running
156647.629741,0,tick,""
156647.629757,0,reduction,""
156647.629759,0,sched_state,running
156647.629845,0,tick,""
156647.629852,0,reduction,""
156647.629853,0,sched_state,running
156647.629987,0,tick,""
156647.630291,0,queue_length,4
156647.631084,0,sched_state,running
156647.631555,0,tick,""
156647.632812,0,channel_blocked,164
156647.632815,0,yield,""
156647.633462,0,sched_state,running
156647.633463,0,queue_length,5
156647.633480,0,tick,""
156647.633488,0,queue_length,4
156647.634156,0,sched_state,running
156647.634625,0,tick,""
156647.635853,1,channel_blocked,269
156647.635857,0,yield,""
156647.636010,4,sched_state,waiting
156647.636019,4,tick,""
156647.636102,4,sched_state,waiting
156647.636114,4,tick,""
156647.636227,0,sched_state,running
156647.636268,0,tick,""
156647.637632,0,queue_length,5
156647.637638,0,queue_length,4
156647.638020,3,sched_state,waiting
156647.638021,7,sched_state,waiting
156647.638027,7,tick,""
156647.638027,3,tick,""
156647.638031,3,sched_state,waiting
156647.638035,3,tick,""
156647.638050,5,sched_state,waiting
156647.638058,3,sched_state,waiting
156647.638059,5,tick,""
156647.638063,3,tick,""
156647.638439,0,sched_state,running
156647.638870,0,tick,""
156647.640819,2,channel_blocked,294
156647.640823,0,yield,""
156647.641457,0,sched_state,running
156647.641475,0,tick,""
156647.641488,0,queue_length,5
156647.641492,0,queue_length,4
156647.642094,0,sched_state,running
156647.642293,0,tick,""
156647.642300,0,reduction,""
156647.642303,0,sched_state,running
156647.642503,0,tick,""
156647.642511,0,reduction,""
156647.642513,0,sched_state,running
156647.642702,0,tick,""
156647.642707,0,reduction,""
156647.642709,0,sched_state,running
156647.642833,0,tick,""
156647.642837,0,reduction,""
156647.642839,0,sched_state,running
156647.642959,0,tick,""
156647.642963,0,reduction,""
156647.642965,0,sched_state,running
156647.643086,0,tick,""
156647.643091,0,reduction,""
156647.643093,0,sched_state,running
156647.643211,0,tick,""
156647.644662,3,channel_blocked,494
156647.644664,0,yield,""
156647.645067,0,sched_state,running
156647.645093,0,tick,""
156647.645102,0,queue_length,5
156647.645104,0,queue_length,4
156647.645468,0,sched_state,running
156647.645613,0,tick,""
156647.645620,0,reduction,""
156647.645623,0,sched_state,running
156647.645756,0,tick,""
156647.645780,0,reduction,""
156647.645782,0,sched_state,running
156647.645883,0,tick,""
156647.645888,0,reduction,""
156647.645889,0,sched_state,running
156647.645975,0,tick,""
156647.645989,0,reduction,""
156647.645990,0,sched_state,running
156647.646071,0,tick,""
156647.646075,0,spawn,""
156647.646076,0,reduction,""
156647.646077,0,sched_state,running
156647.646371,0,tick,""
156647.646374,0,reduction,""
156647.646376,0,sched_state,running
156647.646433,0,tick,""
156647.646437,0,reduction,""
156647.646438,0,sched_state,running
156647.646493,0,tick,""
156647.646500,0,reduction,""
156647.646501,0,sched_state,running
156647.646554,0,tick,""
156647.646557,0,reduction,""
156647.646558,0,sched_state,running
156647.646610,0,tick,""
156647.646620,0,reduction,""
156647.646621,0,sched_state,running
156647.646673,0,tick,""
156647.646681,0,queue_length,5
156647.646731,0,reduction,""
156647.646733,0,sched_state,running
156647.646816,0,tick,""
156647.646832,0,reduction,""
156647.646836,0,sched_state,running
156647.646916,0,tick,""
156647.646922,0,reduction,""
156647.646924,0,sched_state,running
156647.647010,0,tick,""
156647.647015,0,reduction,""
156647.647016,0,sched_state,running
156647.647027,4,sched_state,waiting
156647.647034,4,tick,""
156647.647102,0,tick,""
156647.647122,0,reduction,""
156647.647124,0,sched_state,running
156647.647275,0,tick,""
156647.647283,0,reduction,""
156647.647286,0,sched_state,running
156647.647377,0,tick,""
156647.647400,0,reduction,""
156647.647403,0,sched_state,running
156647.647491,0,tick,""
156647.647497,0,spawn,""
156647.647499,0,reduction,""
156647.647500,0,sched_state,running
156647.647777,0,tick,""
156647.647781,0,reduction,""
156647.647784,0,sched_state,running
156647.647807,0,queue_length,6
156647.647841,0,tick,""
156647.647845,0,reduction,""
156647.647848,0,sched_state,running
156647.647903,0,tick,""
156647.648055,0,queue_length,6
156647.649014,3,sched_state,waiting
156647.649017,7,sched_state,waiting
156647.649021,3,tick,""
156647.649020,6,sched_state,waiting
156647.649020,2,sched_state,waiting
156647.649023,7,tick,""
156647.649027,0,sched_state,running
156647.649030,2,tick,""
156647.649030,6,tick,""
156647.649053,3,sched_state,waiting
156647.649053,7,sched_state,waiting
156647.649057,3,tick,""
156647.649057,7,tick,""
156647.649065,6,sched_state,waiting
156647.649071,6,tick,""
156647.649075,2,sched_state,waiting
156647.649080,2,tick,""
156647.649551,0,tick,""
156647.650742,0,channel_blocked,164
156647.650745,0,yield,""
156647.651315,0,sched_state,running
156647.651319,0,queue_length,7
156647.651332,0,tick,""
156647.651339,0,queue_length,6
156647.652387,0,sched_state,running
156647.652675,0,tick,""
156647.654264,1,channel_blocked,269
156647.654275,0,yield,""
156647.655043,0,sched_state,running
156647.655066,0,tick,""
156647.655168,0,queue_length,7
156647.655182,0,queue_length,6
156647.656421,0,sched_state,running
156647.656908,0,tick,""
156647.658029,4,sched_state,waiting
156647.658038,4,tick,""
156647.658042,4,sched_state,waiting
156647.658045,4,tick,""
156647.658047,4,sched_state,waiting
156647.658049,4,tick,""
156647.658143,2,channel_blocked,294
156647.658147,0,yield,""
156647.658822,0,sched_state,running
156647.658932,0,tick,""
156647.660028,7,sched_state,waiting
156647.660037,7,tick,""
156647.660038,6,sched_state,waiting
156647.660049,6,tick,""
156647.660067,7,sched_state,waiting
156647.660073,7,tick,""
156647.660077,6,sched_state,waiting
156647.660085,6,tick,""
156647.661124,3,sched_state,waiting
156647.661133,3,tick,""
156647.661149,0,queue_length,7
156647.661154,0,queue_length,6
156647.661633,3,sched_state,waiting
156647.661639,3,tick,""
156647.661644,3,sched_state,waiting
156647.661648,3,tick,""
156647.661825,0,sched_state,running
156647.662075,0,tick,""
156647.663181,3,channel_blocked,494
156647.663185,0,yield,""
156647.663625,0,sched_state,running
156647.663629,0,queue_length,7
156647.663682,0,tick,""
156647.663690,0,queue_length,6
156647.664087,0,sched_state,running
156647.664210,0,tick,""
156647.664213,0,reduction,""
156647.664215,0,sched_state,running
156647.664365,0,tick,""
156647.664370,0,reduction,""
156647.664371,0,sched_state,running
156647.664558,0,tick,""
156647.664562,0,reduction,""
156647.664567,0,sched_state,running
156647.664693,0,tick,""
156647.664698,0,reduction,""
156647.664700,0,sched_state,running
156647.664827,0,tick,""
156647.664831,0,reduction,""
156647.664833,0,sched_state,running
156647.664961,0,tick,""
156647.664967,0,reduction,""
156647.664968,0,sched_state,running
156647.665090,0,tick,""
156647.666328,4,channel_blocked,668
156647.666331,0,yield,""
156647.666728,0,sched_state,running
156647.666732,0,queue_length,7
156647.666743,0,tick,""
156647.666749,0,queue_length,6
156647.667143,0,sched_state,running
156647.667242,0,tick,""
156647.667244,0,reduction,""
156647.667246,0,sched_state,running
156647.667340,0,tick,""
156647.667344,0,reduction,""
156647.667345,0,sched_state,running
156647.667432,0,tick,""
156647.667436,0,reduction,""
156647.667437,0,sched_state,running
156647.667518,0,tick,""
156647.667521,0,reduction,""
156647.667523,0,sched_state,running
156647.667604,0,tick,""
156647.667607,0,reduction,""
156647.667608,0,sched_state,running
156647.667691,0,tick,""
156647.667695,0,reduction,""
156647.667696,0,sched_state,running
156647.667776,0,tick,""
156647.668840,5,channel_blocked,692
156647.668842,0,yield,""
156647.669025,4,sched_state,waiting
156647.669032,4,tick,""
156647.669326,0,sched_state,running
156647.669326,0,queue_length,7
156647.669350,0,tick,""
156647.669358,0,queue_length,6
156647.669629,0,sched_state,running
156647.669700,0,tick,""
156647.669713,0,reduction,""
156647.669715,0,sched_state,running
156647.669778,0,tick,""
156647.669781,0,reduction,""
156647.669782,0,sched_state,running
156647.669844,0,tick,""
156647.669847,0,reduction,""
156647.669849,0,sched_state,running
156647.669905,0,tick,""
156647.669908,0,reduction,""
156647.669909,0,sched_state,running
156647.669965,0,tick,""
156647.669969,0,reduction,""
156647.669970,0,sched_state,running
156647.670024,0,tick,""
156647.670040,0,reduction,""
156647.670043,0,sched_state,running
156647.670099,0,tick,""
156647.670102,0,reduction,""
156647.670103,0,sched_state,running
156647.670156,0,tick,""
156647.670168,0,reduction,""
156647.670169,0,sched_state,running
156647.670223,0,tick,""
156647.670226,0,reduction,""
156647.670227,0,sched_state,running
156647.670279,0,tick,""
156647.670283,0,reduction,""
156647.670284,0,sched_state,running
156647.670336,0,tick,""
156647.670886,0,channel_unblocked,87
156647.670890,0,yield,""
156647.670892,0,sched_state,running
156647.671016,6,sched_state,waiting
156647.671026,6,tick,""
156647.671026,0,tick,""
156647.671029,6,sched_state,waiting
156647.671031,0,reduction,""
156647.671032,0,sched_state,running
156647.671033,6,tick,""
156647.671042,7,sched_state,waiting
156647.671050,7,tick,""
156647.671059,6,sched_state,waiting
156647.671073,6,tick,""
156647.671123,0,tick,""
156647.671126,7,sched_state,waiting
156647.671129,0,reduction,""
156647.671132,7,tick,""
156647.671133,0,sched_state,running
156647.671223,0,tick,""
156647.671228,0,reduction,""
156647.671230,0,sched_state,running
156647.671319,0,tick,""
156647.671340,0,reduction,""
156647.671344,0,sched_state,running
156647.671433,0,tick,""
156647.671437,0,reduction,""
156647.671439,0,sched_state,running
156647.671526,0,tick,""
156647.671545,0,reduction,""
156647.671547,0,sched_state,running
156647.671623,0,tick,""
156647.671628,0,reduction,""
156647.671629,0,sched_state,running
156647.671685,0,tick,""
156647.671688,0,reduction,""
156647.671689,0,sched_state,running
156647.671745,0,tick,""
156647.671748,0,reduction,""
156647.671749,0,sched_state,running
156647.671804,0,tick,""
156647.671811,0,queue_length,5
156647.672062,3,sched_state,waiting
156647.672068,3,tick,""
156647.672106,3,sched_state,waiting
156647.672114,3,tick,""
156647.672118,3,sched_state,waiting
156647.672121,3,tick,""
156647.674560,0,queue_length,5
156647.676039,0,sched_state,running
156647.676564,0,tick,""
156647.678125,1,channel_blocked,269
156647.678131,0,yield,""
156647.678881,0,sched_state,running
156647.678899,0,tick,""
156647.678906,0,queue_length,6
156647.678908,0,queue_length,5
156647.680274,0,sched_state,running
156647.680853,0,tick,""
156647.682048,7,sched_state,waiting
156647.682057,6,sched_state,waiting
156647.682575,6,tick,""
156647.682620,6,sched_state,waiting
156647.682632,6,tick,""
156647.682901,7,tick,""
156647.682906,7,sched_state,running
156647.682952,5,sched_state,waiting
156647.683030,5,tick,""
156647.683404,3,sched_state,waiting
156647.683413,2,channel_blocked,294
156647.683414,3,tick,""
156647.683417,0,yield,""
156647.683440,3,sched_state,waiting
156647.683445,3,tick,""
156647.683594,7,tick,""
156647.684058,0,sched_state,running
156647.684078,0,queue_length,6
156647.684085,0,tick,""
156647.684092,0,queue_length,5
156647.684895,0,sched_state,running
156647.685243,0,tick,""
156647.686246,0,channel_unblocked,164
156647.686252,7,yield,""
156647.686253,7,sched_state,running
156647.686507,7,tick,""
156647.686512,7,reduction,""
156647.686514,7,sched_state,running
156647.686532,3,channel_blocked,494
156647.686535,0,yield,""
156647.686655,7,tick,""
156647.686661,7,reduction,""
156647.686663,7,sched_state,running
156647.686857,7,tick,""
156647.687068,7,reduction,""
156647.687071,7,sched_state,running
156647.687200,7,tick,""
156647.687204,7,reduction,""
156647.687205,7,sched_state,running
156647.687285,0,sched_state,running
156647.687286,0,queue_length,6
156647.687316,7,tick,""
156647.687319,7,reduction,""
156647.687321,7,sched_state,running
156647.687355,0,tick,""
156647.687363,0,queue_length,5
156647.687432,7,tick,""
156647.687434,7,reduction,""
156647.687436,7,sched_state,running
156647.687543,7,tick,""
156647.687548,7,reduction,""
156647.687549,7,sched_state,running
156647.687656,7,tick,""
156647.687751,7,reduction,""
156647.687753,7,sched_state,running
156647.687863,7,tick,""
156647.687867,7,reduction,""
156647.687868,7,sched_state,running
156647.688021,7,tick,""
156647.688037,7,reduction,""
156647.688039,7,sched_state,running
156647.688194,7,tick,""
156647.688199,7,reduction,""
156647.688202,7,sched_state,running
156647.688349,0,sched_state,running
156647.688353,7,tick,""
156647.688358,7,reduction,""
156647.688360,7,sched_state,running
156647.688487,7,tick,""
156647.688492,7,reduction,""
156647.688493,7,sched_state,running
156647.688588,7,tick,""
156647.688836,0,tick,""
156647.689360,1,channel_unblocked,164
156647.689365,7,yield,""
156647.689368,7,sched_state,running
156647.689529,7,tick,""
156647.689533,7,reduction,""
156647.689534,7,sched_state,running
156647.689637,7,tick,""
156647.689640,7,reduction,""
156647.689642,7,sched_state,running
156647.689744,7,tick,""
156647.689746,7,reduction,""
156647.689747,7,sched_state,running
156647.689844,7,tick,""
156647.689847,7,reduction,""
156647.689848,7,sched_state,running
156647.689945,7,tick,""
156647.689948,7,reduction,""
156647.689949,7,sched_state,running
156647.690046,7,tick,""
156647.690087,4,channel_blocked,668
156647.690090,0,yield,""
156647.690552,0,sched_state,running
156647.690572,0,tick,""
156647.690578,0,queue_length,6
156647.690580,0,queue_length,5
156647.690680,7,queue_length,0
156647.691063,7,sched_state,running
156647.691219,7,tick,""
156647.691233,7,reduction,""
156647.691235,7,sched_state,running
156647.691299,0,sched_state,running
156647.691381,7,tick,""
156647.691387,7,reduction,""
156647.691388,7,sched_state,running
156647.691544,0,tick,""
156647.691613,7,tick,""
156647.692724,0,channel_blocked,164
156647.692728,7,yield,""
156647.692748,5,channel_blocked,692
156647.692751,0,yield,""
156647.693017,2,sched_state,waiting
156647.693017,6,sched_state,waiting
156647.693107,6,tick,""
156647.693162,6,sched_state,waiting
156647.693170,6,tick,""
156647.693216,2,tick,""
156647.693485,7,sched_state,running
156647.693495,7,tick,""
156647.693580,0,sched_state,running
156647.693585,0,queue_length,6
156647.693672,0,tick,""
156647.693688,0,queue_length,5
156647.693924,7,queue_length,1
156647.693927,7,queue_length,0
156647.694014,3,sched_state,waiting
156647.694016,5,sched_state,waiting
156647.694023,3,tick,""
156647.694023,5,tick,""
156647.694045,3,sched_state,waiting
156647.694050,3,tick,""
156647.694385,0,sched_state,running
156647.694590,0,tick,""
156647.694598,0,reduction,""
156647.694598,7,sched_state,running
156647.694600,0,sched_state,running
156647.694890,0,tick,""
156647.694895,0,reduction,""
156647.694898,0,sched_state,running
156647.695015,7,tick,""
156647.695035,0,tick,""
156647.695040,0,reduction,""
156647.695042,0,sched_state,running
156647.695234,0,tick,""
156647.696229,0,channel_blocked,164
156647.696232,7,yield,""
156647.696428,6,channel_blocked,87
156647.696431,0,yield,""
156647.696751,7,sched_state,running
156647.696780,7,tick,""
156647.696789,7,queue_length,1
156647.696791,7,queue_length,0
156647.696866,0,sched_state,running
156647.696887,0,tick,""
156647.697633,7,sched_state,running
156647.697917,7,tick,""
156647.699429,0,queue_length,6
156647.699435,0,queue_length,5
156647.700060,0,channel_blocked,164
156647.700065,7,yield,""
156647.700418,0,sched_state,running
156647.700670,7,sched_state,running
156647.700695,7,tick,""
156647.700705,7,queue_length,1
156647.700707,7,queue_length,0
156647.700747,0,tick,""
156647.701689,7,sched_state,running
156647.701944,7,tick,""
156647.703030,1,channel_unblocked,269
156647.703039,0,yield,""
156647.703042,0,sched_state,running
156647.703320,0,tick,""
156647.703326,0,reduction,""
156647.703328,0,sched_state,running
156647.703514,0,tick,""
156647.703520,0,reduction,""
156647.703522,0,sched_state,running
156647.703716,0,tick,""
156647.703922,0,reduction,""
156647.703925,0,sched_state,running
156647.704020,6,sched_state,waiting
156647.704027,1,sched_state,waiting
156647.704030,6,tick,""
156647.704061,1,tick,""
156647.704063,0,tick,""
156647.704064,6,sched_state,waiting
156647.704068,0,reduction,""
156647.704069,6,tick,""
156647.704070,0,sched_state,running
156647.704244,0,channel_blocked,164
156647.704248,7,yield,""
156647.704266,0,tick,""
156647.704270,0,reduction,""
156647.704271,0,sched_state,running
156647.704445,0,tick,""
156647.704449,0,reduction,""
156647.704450,0,sched_state,running
156647.704602,0,tick,""
156647.704607,0,reduction,""
156647.704609,0,sched_state,running
156647.704719,0,tick,""
156647.704784,7,sched_state,running
156647.704819,0,reduction,""
156647.704821,0,sched_state,running
156647.704837,7,tick,""
156647.704935,0,tick,""
156647.704939,0,reduction,""
156647.704940,0,sched_state,running
156647.705015,3,sched_state,waiting
156647.705024,3,tick,""
156647.705049,3,sched_state,waiting
156647.705055,3,tick,""
156647.705064,0,tick,""
156647.705069,7,queue_length,1
156647.705072,7,queue_length,0
156647.705079,0,reduction,""
156647.705081,0,sched_state,running
156647.705237,0,tick,""
156647.705241,0,reduction,""
156647.705243,0,sched_state,running
156647.705396,0,tick,""
156647.705401,0,reduction,""
156647.705403,0,sched_state,running
156647.705545,0,tick,""
156647.705550,0,reduction,""
156647.705552,0,sched_state,running
156647.705651,0,tick,""
156647.705891,7,sched_state,running
156647.706155,7,tick,""
156647.706182,2,channel_unblocked,269
156647.706185,0,yield,""
156647.706187,0,sched_state,running
156647.706302,0,tick,""
156647.706306,0,reduction,""
156647.706307,0,sched_state,running
156647.706410,0,tick,""
156647.706414,0,reduction,""
156647.706416,0,sched_state,running
156647.706517,0,tick,""
156647.706519,0,reduction,""
156647.706520,0,sched_state,running
156647.706620,0,tick,""
156647.706623,0,reduction,""
156647.706624,0,sched_state,running
156647.706724,0,tick,""
156647.706728,0,reduction,""
156647.706729,0,sched_state,running
156647.706829,0,tick,""
156647.706838,0,queue_length,4
156647.707508,0,channel_blocked,164
156647.707511,7,yield,""
156647.708231,7,sched_state,running
156647.708330,7,tick,""
156647.708340,7,queue_length,1
156647.708342,7,queue_length,0
156647.708638,0,queue_length,4
156647.709471,7,sched_state,running
156647.709951,7,tick,""
156647.709992,0,sched_state,running
156647.710493,0,tick,""
156647.711723,3,channel_blocked,494
156647.711728,0,yield,""
156647.712392,0,sched_state,running
156647.712413,0,tick,""
156647.712424,0,queue_length,5
156647.712427,0,queue_length,4
156647.712755,0,channel_blocked,164
156647.712759,7,yield,""
156647.713515,0,sched_state,running
156647.713782,7,sched_state,running
156647.713865,7,tick,""
156647.713875,7,queue_length,1
156647.713879,7,queue_length,0
156647.713934,0,tick,""
156647.714998,7,sched_state,running
156647.715318,6,sched_state,running
156647.715397,4,channel_blocked,668
156647.715398,1,sched_state,waiting
156647.715401,0,yield,""
156647.715788,7,tick,""
156647.715907,1,tick,""
156647.715940,6,tick,""
156647.716321,3,sched_state,waiting
156647.716359,3,tick,""
156647.716395,3,sched_state,waiting
156647.716410,3,tick,""
156647.716424,0,sched_state,running
156647.716431,0,queue_length,5
156647.716573,0,tick,""
156647.716584,0,queue_length,4
156647.718380,0,sched_state,running
156647.718714,0,tick,""
156647.718811,0,channel_blocked,164
156647.718814,7,yield,""
156647.719598,2,channel_unblocked,294
156647.719606,6,yield,""
156647.719609,6,sched_state,running
156647.719911,7,sched_state,running
156647.719961,7,tick,""
156647.720082,6,tick,""
156647.720089,6,reduction,""
156647.720091,6,sched_state,running
156647.720146,5,channel_blocked,692
156647.720150,0,yield,""
156647.720307,6,tick,""
156647.720313,6,reduction,""
156647.720316,6,sched_state,running
156647.720515,6,tick,""
156647.720725,7,queue_length,1
156647.720731,7,queue_length,0
156647.720796,6,reduction,""
156647.720801,6,sched_state,running
156647.720924,6,tick,""
156647.720928,6,reduction,""
156647.720930,6,sched_state,running
156647.721044,6,tick,""
156647.721048,6,reduction,""
156647.721049,6,sched_state,running
156647.721221,6,tick,""
156647.721225,6,reduction,""
156647.721227,6,sched_state,running
156647.721253,0,sched_state,running
156647.721254,0,queue_length,5
156647.721365,0,tick,""
156647.721375,0,queue_length,4
156647.721384,6,tick,""
156647.721390,6,reduction,""
156647.721392,6,sched_state,running
156647.721564,6,tick,""
156647.721708,6,reduction,""
156647.721711,6,sched_state,running
156647.721886,6,tick,""
156647.721893,6,reduction,""
156647.721896,6,sched_state,running
156647.721900,7,sched_state,running
156647.722070,6,tick,""
156647.722088,6,reduction,""
156647.722090,6,sched_state,running
156647.722194,0,sched_state,running
156647.722251,6,tick,""
156647.722256,6,reduction,""
156647.722257,6,sched_state,running
156647.722343,7,tick,""
156647.722421,6,tick,""
156647.722426,6,reduction,""
156647.722427,6,sched_state,running
156647.722460,0,tick,""
156647.722594,6,tick,""
156647.722599,6,reduction,""
156647.722601,6,sched_state,running
156647.722760,6,tick,""
156647.723568,3,channel_unblocked,294
156647.723574,6,yield,""
156647.723576,6,sched_state,running
156647.723752,6,tick,""
156647.723757,6,reduction,""
156647.723758,6,sched_state,running
156647.723926,6,tick,""
156647.723931,6,reduction,""
156647.723933,6,sched_state,running
156647.724096,6,tick,""
156647.724100,6,reduction,""
156647.724102,6,sched_state,running
156647.724153,6,channel_blocked,87
156647.724156,0,yield,""
156647.724270,6,tick,""
156647.724274,6,reduction,""
156647.724276,6,sched_state,running
156647.724437,6,tick,""
156647.724441,6,reduction,""
156647.724443,6,sched_state,running
156647.724598,6,tick,""
156647.724607,6,queue_length,0
156647.725057,0,sched_state,running
156647.725058,0,queue_length,5
156647.725102,0,tick,""
156647.725111,0,queue_length,4
156647.725209,6,queue_length,0
156647.725626,6,sched_state,running
156647.725783,6,tick,""
156647.725798,6,reduction,""
156647.725801,6,sched_state,running
156647.725945,6,tick,""
156647.725950,6,reduction,""
156647.725952,6,sched_state,running
156647.726144,0,sched_state,running
156647.726176,6,tick,""
156647.726450,0,channel_blocked,164
156647.726453,7,yield,""
156647.726551,0,tick,""
156647.726565,0,reduction,""
156647.726567,0,sched_state,running
156647.727012,3,sched_state,waiting
156647.727021,3,tick,""
156647.727026,0,tick,""
156647.727032,0,reduction,""
156647.727034,0,sched_state,running
156647.727054,3,sched_state,waiting
156647.727059,3,tick,""
156647.727465,0,tick,""
156647.727710,2,channel_blocked,294
156647.727712,6,yield,""
156647.727714,7,sched_state,running
156647.727801,7,tick,""
156647.727810,7,queue_length,1
156647.727816,7,queue_length,0
156647.728038,6,sched_state,running
156647.728049,6,tick,""
156647.728822,6,queue_length,1
156647.728827,6,queue_length,0
156647.729303,7,sched_state,running
156647.729557,6,sched_state,running
156647.729678,1,channel_blocked,269
156647.729682,0,yield,""
156647.729824,7,tick,""
156647.730012,6,tick,""
156647.730321,0,sched_state,running
156647.730402,0,queue_length,5
156647.730521,0,tick,""
156647.730532,0,queue_length,4
156647.731484,2,channel_blocked,294
156647.731489,6,yield,""
156647.731742,0,sched_state,running
156647.732005,6,sched_state,running
156647.732035,6,tick,""
156647.732042,6,queue_length,1
156647.732044,6,queue_length,0
156647.732314,0,tick,""
156647.732589,6,sched_state,running
156647.732805,6,tick,""
156647.733500,0,channel_blocked,164
156647.733505,7,yield,""
156647.734364,7,sched_state,running
156647.734380,7,tick,""
156647.735095,2,channel_blocked,294
156647.735100,6,yield,""
156647.735305,7,queue_length,1
156647.735310,7,queue_length,0
156647.735494,3,channel_unblocked,494
156647.735500,0,yield,""
156647.735504,0,sched_state,running
156647.735713,6,sched_state,running
156647.735732,6,tick,""
156647.735739,6,queue_length,1
156647.735742,6,queue_length,0
156647.735971,0,tick,""
156647.735979,0,reduction,""
156647.735982,0,sched_state,running
156647.736203,0,tick,""
156647.736211,0,reduction,""
156647.736213,0,sched_state,running
156647.736397,0,tick,""
156647.736626,0,reduction,""
156647.736629,0,sched_state,running
156647.736734,6,sched_state,running
156647.736796,0,tick,""
156647.736802,0,reduction,""
156647.736804,0,sched_state,running
156647.736855,7,sched_state,running
156647.736968,0,tick,""
156647.736972,0,reduction,""
156647.736974,0,sched_state,running
156647.736997,6,tick,""
156647.737137,0,tick,""
156647.737141,0,reduction,""
156647.737142,0,sched_state,running
156647.737304,0,tick,""
156647.737310,0,reduction,""
156647.737312,0,sched_state,running
156647.737471,0,tick,""
156647.737616,7,tick,""
156647.737618,0,reduction,""
156647.737621,0,sched_state,running
156647.737784,0,tick,""
156647.737790,0,reduction,""
156647.737792,0,sched_state,running
156647.737951,0,tick,""
156647.737971,0,reduction,""
156647.737974,0,sched_state,running
156647.738116,0,tick,""
156647.738122,0,reduction,""
156647.738124,0,sched_state,running
156647.738266,0,tick,""
156647.738271,0,reduction,""
156647.738273,0,sched_state,running
156647.738414,0,tick,""
156647.738419,0,reduction,""
156647.738422,0,sched_state,running
156647.738562,0,tick,""
156647.739320,4,channel_unblocked,494
156647.739325,0,yield,""
156647.739329,0,sched_state,running
156647.739494,0,tick,""
156647.739499,0,reduction,""
156647.739500,0,sched_state,running
156647.739662,0,tick,""
156647.739667,0,reduction,""
156647.739669,0,sched_state,running
156647.739812,2,channel_blocked,294
156647.739815,6,yield,""
156647.739826,0,tick,""
156647.739829,0,reduction,""
156647.739831,0,sched_state,running
156647.739943,0,tick,""
156647.739946,0,reduction,""
156647.739947,0,sched_state,running
156647.740085,0,tick,""
156647.740089,0,reduction,""
156647.740090,0,sched_state,running
156647.740272,0,tick,""
156647.740282,0,queue_length,3
156647.740289,6,sched_state,running
156647.740428,6,tick,""
156647.740643,6,queue_length,1
156647.740647,6,queue_length,0
156647.741331,6,sched_state,running
156647.741591,6,tick,""
156647.742114,0,queue_length,3
156647.742741,0,channel_blocked,164
156647.742747,7,yield,""
156647.742969,2,channel_blocked,294
156647.742972,6,yield,""
156647.743717,0,sched_state,running
156647.743940,6,sched_state,running
156647.744072,0,tick,""
156647.744262,6,tick,""
156647.744270,6,queue_length,1
156647.744273,6,queue_length,0
156647.744688,7,sched_state,running
156647.745424,7,tick,""
156647.745433,7,queue_length,1
156647.745438,7,queue_length,0
156647.745622,6,sched_state,running
156647.745961,5,channel_blocked,692
156647.745965,0,yield,""
156647.746156,6,tick,""
156647.747575,0,sched_state,running
156647.747664,0,tick,""
156647.747676,0,queue_length,4
156647.747680,0,queue_length,3
156647.748477,7,sched_state,running
156647.748562,2,sched_state,running
156647.749137,7,tick,""
156647.749270,0,sched_state,running
156647.749274,2,tick,""
156647.749289,2,channel_blocked,294
156647.749292,6,yield,""
156647.749584,0,tick,""
156647.750694,6,sched_state,running
156647.750741,6,tick,""
156647.750752,6,queue_length,1
156647.750755,6,queue_length,0
156647.751218,6,channel_blocked,87
156647.751222,0,yield,""
156647.751456,4,channel_unblocked,668
156647.751465,2,yield,""
156647.751469,2,sched_state,running
156647.751686,2,tick,""
156647.751693,2,reduction,""
156647.751696,2,sched_state,running
156647.751895,2,tick,""
156647.751901,2,reduction,""
156647.751903,2,sched_state,running
156647.752000,0,sched_state,running
156647.752000,0,queue_length,4
156647.752101,0,tick,""
156647.752132,0,queue_length,3
156647.752353,2,tick,""
156647.752579,2,reduction,""
156647.752582,2,sched_state,running
156647.752756,6,sched_state,running
156647.752765,2,tick,""
156647.752770,2,reduction,""
156647.752772,2,sched_state,running
156647.752956,2,tick,""
156647.752961,2,reduction,""
156647.752962,2,sched_state,running
156647.753045,0,channel_blocked,164
156647.753048,7,yield,""
156647.753147,2,tick,""
156647.753150,2,reduction,""
156647.753151,2,sched_state,running
156647.753254,6,tick,""
156647.753334,2,tick,""
156647.753341,2,reduction,""
156647.753343,2,sched_state,running
156647.753366,0,sched_state,running
156647.753528,2,tick,""
156647.753632,0,tick,""
156647.753674,2,reduction,""
156647.753677,2,sched_state,running
156647.753839,2,tick,""
156647.753845,2,reduction,""
156647.753847,2,sched_state,running
156647.754022,2,tick,""
156647.754039,2,reduction,""
156647.754041,2,sched_state,running
156647.754197,2,tick,""
156647.754202,2,reduction,""
156647.754204,2,sched_state,running
156647.754356,2,tick,""
156647.754361,2,reduction,""
156647.754363,2,sched_state,running
156647.754517,2,tick,""
156647.754522,2,reduction,""
156647.754524,2,sched_state,running
156647.754680,2,tick,""
156647.754936,7,sched_state,running
156647.755075,7,tick,""
156647.755085,7,queue_length,1
156647.755090,7,queue_length,0
156647.755170,1,channel_blocked,269
156647.755174,0,yield,""
156647.755838,5,channel_unblocked,668
156647.755844,2,yield,""
156647.755846,2,sched_state,running
156647.756020,2,tick,""
156647.756024,2,reduction,""
156647.756026,2,sched_state,running
156647.756038,0,sched_state,running
156647.756106,0,tick,""
156647.756122,0,queue_length,4
156647.756125,0,queue_length,3
156647.756175,2,tick,""
156647.756180,2,reduction,""
156647.756182,2,sched_state,running
156647.756345,2,tick,""
156647.756348,2,reduction,""
156647.756350,2,sched_state,running
156647.756512,2,tick,""
156647.756516,2,reduction,""
156647.756517,2,sched_state,running
156647.756679,2,tick,""
156647.756683,2,reduction,""
156647.756685,2,sched_state,running
156647.756690,2,channel_blocked,294
156647.756692,6,yield,""
156647.756847,2,tick,""
156647.756866,0,sched_state,running
156647.757149,0,tick,""
156647.757163,0,reduction,""
156647.757166,0,sched_state,running
156647.757563,6,sched_state,running
156647.757603,0,tick,""
156647.757672,0,reduction,""
156647.757673,0,sched_state,running
156647.757734,6,tick,""
156647.757825,0,tick,""
156647.758145,2,queue_length,0
156647.758228,7,sched_state,running
156647.758550,2,sched_state,running
156647.758615,6,queue_length,1
156647.758620,6,queue_length,0
156647.758794,2,tick,""
156647.758808,2,reduction,""
156647.758812,2,sched_state,running
156647.758983,3,channel_blocked,494
156647.758986,0,yield,""
156647.759035,2,tick,""
156647.759041,2,reduction,""
156647.759043,2,sched_state,running
156647.759278,2,tick,""
156647.759426,7,tick,""
156647.759447,0,sched_state,running
156647.759497,0,tick,""
156647.759508,0,queue_length,4
156647.759511,0,queue_length,3
156647.760498,6,sched_state,running
156647.760844,0,sched_state,running
156647.760908,4,channel_blocked,668
156647.760912,2,yield,""
156647.761020,6,tick,""
156647.761093,0,tick,""
156647.761462,2,sched_state,running
156647.761476,2,tick,""
156647.761959,2,queue_length,1
156647.761964,2,queue_length,0
156647.762698,2,sched_state,running
156647.763232,2,tick,""
156647.763433,0,channel_blocked,164
156647.763437,7,yield,""
156647.763580,5,channel_unblocked,692
156647.763587,0,yield,""
156647.763591,0,sched_state,running
156647.764144,0,tick,""
156647.764150,0,reduction,""
156647.764152,0,sched_state,running
156647.764295,0,tick,""
156647.764301,0,reduction,""
156647.764302,0,sched_state,running
156647.764432,0,tick,""
156647.764598,0,reduction,""
156647.764600,0,sched_state,running
156647.764720,0,tick,""
156647.764724,0,reduction,""
156647.764725,0,sched_state,running
156647.764841,0,tick,""
156647.764844,0,reduction,""
156647.764845,0,sched_state,running
156647.764958,0,tick,""
156647.764960,0,reduction,""
156647.764961,0,sched_state,running
156647.765075,0,tick,""
156647.765079,0,reduction,""
156647.765080,0,sched_state,running
156647.765177,4,channel_blocked,668
156647.765181,2,yield,""
156647.765193,0,tick,""
156647.765294,0,reduction,""
156647.765296,0,sched_state,running
156647.765413,0,tick,""
156647.765418,0,reduction,""
156647.765419,0,sched_state,running
156647.765424,7,sched_state,running
156647.765534,0,tick,""
156647.765547,0,reduction,""
156647.765549,0,sched_state,running
156647.765583,7,tick,""
156647.765599,7,queue_length,1
156647.765602,7,queue_length,0
156647.765683,0,tick,""
156647.765689,0,reduction,""
156647.765691,0,sched_state,running
156647.765705,2,channel_blocked,294
156647.765711,6,yield,""
156647.765846,0,tick,""
156647.765851,0,reduction,""
156647.765853,0,sched_state,running
156647.766010,0,tick,""
156647.766015,0,reduction,""
156647.766016,0,sched_state,running
156647.766045,2,sched_state,running
156647.766076,2,tick,""
156647.766085,2,queue_length,1
156647.766088,2,queue_length,0
156647.766139,0,tick,""
156647.766802,2,sched_state,running
156647.766863,6,channel_unblocked,692
156647.766868,0,yield,""
156647.766869,0,sched_state,running
156647.766985,0,tick,""
156647.766989,0,reduction,""
156647.766991,0,sched_state,running
156647.767096,0,tick,""
156647.767101,0,reduction,""
156647.767102,0,sched_state,running
156647.767124,2,tick,""
156647.767205,0,tick,""
156647.767208,0,reduction,""
156647.767209,0,sched_state,running
156647.767281,6,sched_state,running
156647.767309,0,tick,""
156647.767312,0,reduction,""
156647.767313,0,sched_state,running
156647.767406,6,tick,""
156647.767416,6,queue_length,1
156647.767417,0,tick,""
156647.767419,6,queue_length,0
156647.767421,0,reduction,""
156647.767422,0,sched_state,running
156647.767522,0,tick,""
156647.767530,0,queue_length,2
156647.768205,7,sched_state,running
156647.768831,7,tick,""
156647.769644,6,sched_state,running
156647.769721,0,queue_length,2
156647.769983,4,channel_blocked,668
156647.769987,2,yield,""
156647.770243,6,tick,""
156647.770787,0,sched_state,running
156647.770946,2,sched_state,running
156647.770990,2,tick,""
156647.771002,2,queue_length,1
156647.771006,2,queue_length,0
156647.771016,0,tick,""
156647.772452,2,sched_state,running
156647.773388,1,channel_blocked,269
156647.773393,0,yield,""
156647.773741,2,tick,""
156647.774458,0,sched_state,running
156647.774558,0,queue_length,3
156647.774591,0,tick,""
156647.774606,0,queue_length,2
156647.775716,0,sched_state,running
156647.775837,2,channel_blocked,294
156647.775842,6,yield,""
156647.775969,0,tick,""
156647.776879,4,channel_blocked,668
156647.776885,2,yield,""
156647.777004,3,channel_blocked,494
156647.777007,0,yield,""
156647.777203,6,sched_state,running
156647.777687,0,sched_state,running
156647.777690,2,sched_state,running
156647.777715,2,tick,""
156647.777748,0,tick,""
156647.777756,0,queue_length,3
156647.777904,0,queue_length,2
156647.778012,0,channel_blocked,164
156647.778015,7,yield,""
156647.778123,6,tick,""
156647.778622,2,queue_length,1
156647.778626,2,queue_length,0
156647.778706,0,sched_state,running
156647.778954,0,tick,""
156647.778971,0,reduction,""
156647.778974,0,sched_state,running
156647.779023,4,sched_state,running
156647.779191,6,queue_length,1
156647.779197,6,queue_length,0
156647.779427,0,tick,""
156647.779433,0,reduction,""
156647.779434,0,sched_state,running
156647.779586,0,tick,""
156647.779670,4,tick,""
156647.779721,2,sched_state,running
156647.779728,7,sched_state,running
156647.780136,2,tick,""
156647.780274,7,tick,""
156647.781064,5,channel_blocked,692
156647.781068,0,yield,""
156647.781208,6,sched_state,running
156647.781394,7,queue_length,1
156647.781398,7,queue_length,0
156647.781790,0,sched_state,running
156647.781855,0,tick,""
156647.781864,0,queue_length,3
156647.781868,0,queue_length,2
156647.782020,6,channel_unblocked,87
156647.782027,4,yield,""
156647.782030,4,sched_state,running
156647.782177,4,tick,""
156647.782184,4,reduction,""
156647.782186,4,sched_state,running
156647.782397,4,channel_blocked,668
156647.782403,2,yield,""
156647.782410,6,tick,""
156647.782436,4,tick,""
156647.782441,4,reduction,""
156647.782442,4,sched_state,running
156647.782678,4,tick,""
156647.782961,4,reduction,""
156647.782966,4,sched_state,running
156647.783110,4,tick,""
156647.783117,4,reduction,""
156647.783118,4,sched_state,running
156647.783244,4,tick,""
156647.783262,4,reduction,""
156647.783265,4,sched_state,running
156647.783378,4,tick,""
156647.783383,4,reduction,""
156647.783384,4,sched_state,running
156647.783388,7,sched_state,running
156647.783496,4,tick,""
156647.783500,4,reduction,""
156647.783501,4,sched_state,running
156647.783610,4,tick,""
156647.783615,4,reduction,""
156647.783617,4,sched_state,running
156647.783690,0,sched_state,running
156647.783728,4,tick,""
156647.783732,4,reduction,""
156647.783733,4,sched_state,running
156647.783796,2,sched_state,running
156647.783817,2,tick,""
156647.783830,2,queue_length,1
156647.783833,2,queue_length,0
156647.783841,4,tick,""
156647.783845,4,reduction,""
156647.783847,4,sched_state,running
156647.783955,4,tick,""
156647.784040,0,tick,""
156647.784600,7,tick,""
156647.785022,0,channel_unblocked,87
156647.785030,4,yield,""
156647.785032,4,sched_state,running
156647.785162,4,tick,""
156647.785166,4,reduction,""
156647.785167,4,sched_state,running
156647.785281,4,tick,""
156647.785286,4,reduction,""
156647.785288,4,sched_state,running
156647.785399,4,tick,""
156647.785401,4,reduction,""
156647.785402,4,sched_state,running
156647.785512,4,tick,""
156647.785515,4,reduction,""
156647.785516,4,sched_state,running
156647.785519,2,sched_state,running
156647.785625,4,tick,""
156647.785629,4,reduction,""
156647.785630,4,sched_state,running
156647.785739,4,tick,""
156647.785751,4,reduction,""
156647.785752,4,sched_state,running
156647.785863,4,tick,""
156647.785867,4,reduction,""
156647.785868,4,sched_state,running
156647.785907,2,tick,""
156647.785976,4,tick,""
156647.786143,4,reduction,""
156647.786149,4,sched_state,running
156647.786266,4,tick,""
156647.786856,4,queue_length,0
156647.787252,4,sched_state,running
156647.787355,1,channel_blocked,269
156647.787359,0,yield,""
156647.787417,4,tick,""
156647.787435,4,reduction,""
156647.787437,4,sched_state,running
156647.787583,4,tick,""
156647.787589,4,reduction,""
156647.787590,4,sched_state,running
156647.787733,4,tick,""
156647.788357,2,channel_blocked,294
156647.788362,6,yield,""
156647.788408,4,channel_blocked,668
156647.788411,2,yield,""
156647.788416,0,sched_state,running
156647.788505,0,tick,""
156647.788515,0,queue_length,3
156647.788519,0,queue_length,2
156647.788811,6,channel_blocked,87
156647.788815,4,yield,""
156647.789165,4,sched_state,running
156647.789177,4,tick,""
156647.789260,0,channel_unblocked,164
156647.789268,7,yield,""
156647.789271,7,sched_state,running
156647.789337,4,queue_length,1
156647.789340,4,queue_length,0
156647.789718,7,tick,""
156647.789719,0,sched_state,running
156647.789736,7,reduction,""
156647.789737,7,sched_state,running
156647.789823,4,sched_state,running
156647.789830,2,sched_state,running
156647.789920,2,tick,""
156647.789932,2,queue_length,1
156647.789938,2,queue_length,0
156647.790022,4,tick,""
156647.790033,0,tick,""
156647.790075,7,tick,""
156647.790080,7,reduction,""
156647.790081,7,sched_state,running
156647.790225,7,tick,""
156647.790281,6,sched_state,running
156647.790668,6,tick,""
156647.790678,6,queue_length,1
156647.790681,6,queue_length,0
156647.790729,7,reduction,""
156647.790732,7,sched_state,running
156647.790869,7,tick,""
156647.790872,7,reduction,""
156647.790873,7,sched_state,running
156647.791003,7,tick,""
156647.791007,7,reduction,""
156647.791008,7,sched_state,running
156647.791137,7,tick,""
156647.791139,7,reduction,""
156647.791140,7,sched_state,running
156647.791273,7,tick,""
156647.791277,7,reduction,""
156647.791278,7,sched_state,running
156647.791408,7,tick,""
156647.791525,7,reduction,""
156647.791527,7,sched_state,running
156647.791572,6,channel_blocked,87
156647.791576,4,yield,""
156647.791662,7,tick,""
156647.791666,7,reduction,""
156647.791667,7,sched_state,running
156647.791796,7,tick,""
156647.791799,2,sched_state,running
156647.791810,7,reduction,""
156647.791812,7,sched_state,running
156647.791930,7,tick,""
156647.791945,7,reduction,""
156647.791947,7,sched_state,running
156647.792068,7,tick,""
156647.792073,7,reduction,""
156647.792074,7,sched_state,running
156647.792171,4,sched_state,running
156647.792220,7,tick,""
156647.792224,7,reduction,""
156647.792226,7,sched_state,running
156647.792330,4,tick,""
156647.792336,2,tick,""
156647.792342,4,queue_length,1
156647.792347,4,queue_length,0
156647.792346,7,tick,""
156647.792736,6,sched_state,running
156647.792870,3,channel_blocked,494
156647.792875,0,yield,""
156647.793117,1,channel_unblocked,164
156647.793123,7,yield,""
156647.793125,7,sched_state,running
156647.793239,4,sched_state,running
156647.793266,7,tick,""
156647.793270,7,reduction,""
156647.793272,7,sched_state,running
156647.793398,7,tick,""
156647.793402,7,reduction,""
156647.793404,7,sched_state,running
156647.793456,4,tick,""
156647.793525,7,tick,""
156647.793527,7,reduction,""
156647.793528,7,sched_state,running
156647.793538,0,sched_state,running
156647.793627,0,tick,""
156647.793648,7,tick,""
156647.793652,7,reduction,""
156647.793653,7,sched_state,running
156647.793773,7,tick,""
156647.793777,7,reduction,""
156647.793778,7,sched_state,running
156647.793897,7,tick,""
156647.794060,6,tick,""
156647.794752,7,queue_length,0
156647.795204,7,sched_state,running
156647.795389,7,tick,""
156647.795457,7,reduction,""
156647.795460,7,sched_state,running
156647.795627,7,tick,""
156647.795633,7,reduction,""
156647.795635,7,sched_state,running
156647.795681,6,channel_blocked,87
156647.795685,4,yield,""
156647.795795,7,tick,""
156647.796071,0,queue_length,3
156647.796078,0,queue_length,2
156647.796289,4,sched_state,running
156647.796338,4,tick,""
156647.796347,4,queue_length,1
156647.796349,4,queue_length,0
156647.796420,4,channel_blocked,668
156647.796423,2,yield,""
156647.797107,0,channel_blocked,164
156647.797112,7,yield,""
156647.797162,4,sched_state,running
156647.797162,0,sched_state,running
156647.797437,4,tick,""
156647.797438,0,tick,""
156647.797498,2,sched_state,running
156647.797544,2,tick,""
156647.797761,7,sched_state,running
156647.797837,7,tick,""
156647.797846,7,queue_length,1
156647.797848,7,queue_length,0
156647.797897,2,queue_length,1
156647.797901,2,queue_length,0
156647.799004,5,channel_blocked,692
156647.799009,0,yield,""
156647.799081,2,sched_state,running
156647.799421,7,sched_state,running
156647.799427,2,tick,""
156647.799656,7,tick,""
156647.799834,2,channel_blocked,294
156647.799842,6,yield,""
156647.799971,0,sched_state,running
156647.800065,0,tick,""
156647.800077,0,queue_length,3
156647.800081,0,queue_length,2
156647.800644,6,channel_blocked,87
156647.800649,4,yield,""
156647.801115,4,sched_state,running
156647.801205,4,tick,""
156647.801478,4,queue_length,1
156647.801483,4,queue_length,0
156647.801815,0,channel_blocked,164
156647.801819,7,yield,""
156647.802269,0,sched_state,running
156647.802312,4,sched_state,running
156647.802431,6,sched_state,running
156647.802599,6,tick,""
156647.802617,6,queue_length,1
156647.802621,6,queue_length,0
156647.802682,7,sched_state,running
156647.802717,4,tick,""
156647.802965,7,tick,""
156647.802977,7,queue_length,1
156647.802980,7,queue_length,0
156647.803505,4,channel_blocked,668
156647.803508,2,yield,""
156647.804267,2,sched_state,running
156647.804561,0,tick,""
156647.804666,2,tick,""
156647.804677,2,queue_length,1
156647.804681,2,queue_length,0
156647.805038,7,sched_state,running
156647.805310,7,tick,""
156647.805846,6,channel_blocked,87
156647.805854,4,yield,""
156647.806501,6,sched_state,running
156647.806765,2,sched_state,running
156647.807119,4,sched_state,running
156647.807207,6,tick,""
156647.807220,4,tick,""
156647.807230,4,queue_length,1
156647.807234,4,queue_length,0
156647.807366,2,tick,""
156647.807734,1,channel_unblocked,269
156647.807746,0,yield,""
156647.807750,0,sched_state,running
156647.808257,0,tick,""
156647.808282,0,reduction,""
156647.808285,0,sched_state,running
156647.808512,4,sched_state,running
156647.808514,0,tick,""
156647.808523,0,reduction,""
156647.808526,0,sched_state,running
156647.808584,0,channel_blocked,164
156647.808587,7,yield,""
156647.808804,4,tick,""
156647.808998,0,tick,""
156647.809245,0,reduction,""
156647.809249,0,sched_state,running
156647.809463,0,tick,""
156647.809465,7,sched_state,running
156647.809469,0,reduction,""
156647.809472,0,sched_state,running
156647.809568,7,tick,""
156647.809578,7,queue_length,1
156647.809582,7,queue_length,0
156647.809667,0,tick,""
156647.809672,0,reduction,""
156647.809674,0,sched_state,running
156647.809864,0,tick,""
156647.809868,0,reduction,""
156647.809870,0,sched_state,running
156647.810061,0,tick,""
156647.810067,0,reduction,""
156647.810068,0,sched_state,running
156647.810258,0,tick,""
156647.810381,7,sched_state,running
156647.810425,0,reduction,""
156647.810428,0,sched_state,running
156647.810601,6,channel_blocked,87
156647.810603,4,yield,""
156647.810621,0,tick,""
156647.810627,0,reduction,""
156647.810630,0,sched_state,running
156647.810822,0,tick,""
156647.810842,0,reduction,""
156647.810843,0,sched_state,running
156647.810865,7,tick,""
156647.811016,0,tick,""
156647.811028,0,reduction,""
156647.811031,0,sched_state,running
156647.811205,0,tick,""
156647.811210,0,reduction,""
156647.811212,0,sched_state,running
156647.811384,0,tick,""
156647.811390,0,reduction,""
156647.811392,0,sched_state,running
156647.811394,4,sched_state,running
156647.811447,4,tick,""
156647.811455,4,queue_length,1
156647.811458,4,queue_length,0
156647.811565,0,tick,""
156647.812573,2,channel_blocked,294
156647.812581,6,yield,""
156647.812751,4,sched_state,running
156647.812798,4,channel_blocked,668
156647.812800,2,yield,""
156647.812921,0,channel_blocked,164
156647.812923,7,yield,""
156647.813055,4,tick,""
156647.813657,2,channel_unblocked,269
156647.813664,0,yield,""
156647.813667,0,sched_state,running
156647.813730,7,sched_state,running
156647.813817,7,tick,""
156647.813826,7,queue_length,1
156647.813829,7,queue_length,0
156647.813840,2,sched_state,running
156647.813891,0,tick,""
156647.813897,0,reduction,""
156647.813898,0,sched_state,running
156647.814015,2,tick,""
156647.814412,0,tick,""
156647.814418,0,reduction,""
156647.814421,0,sched_state,running
156647.814550,0,tick,""
156647.814552,0,reduction,""
156647.814553,0,sched_state,running
156647.814680,0,tick,""
156647.814683,0,reduction,""
156647.814684,0,sched_state,running
156647.814810,0,tick,""
156647.814813,0,reduction,""
156647.814814,0,sched_state,running
156647.814940,0,tick,""
156647.814948,7,sched_state,running
156647.815079,2,queue_length,1
156647.815085,2,queue_length,0
156647.815238,7,tick,""
156647.815490,6,sched_state,running
156647.815554,6,tick,""
156647.815565,6,queue_length,1
156647.815570,6,queue_length,0
156647.815689,0,queue_length,2
156647.815982,6,channel_blocked,87
156647.815986,4,yield,""
156647.816576,4,sched_state,running
156647.816618,4,tick,""
156647.816730,0,channel_blocked,164
156647.816734,7,yield,""
156647.816910,4,queue_length,1
156647.816914,4,queue_length,0
156647.817130,0,sched_state,running
156647.817525,0,tick,""
156647.817610,2,sched_state,running
156647.817742,7,sched_state,running
156647.817828,7,tick,""
156647.818127,4,sched_state,running
156647.818238,2,tick,""
156647.818466,4,tick,""
156647.818702,7,queue_length,1
156647.818707,7,queue_length,0
156647.818927,6,sched_state,running
156647.819641,6,tick,""
156647.819716,7,sched_state,running
156647.820024,7,tick,""
156647.820868,3,channel_blocked,494
156647.820878,0,yield,""
156647.821455,6,channel_blocked,87
156647.821461,4,yield,""
156647.822098,4,sched_state,running
156647.822211,4,tick,""
156647.822221,4,queue_length,1
156647.822225,4,queue_length,0
156647.822241,0,sched_state,running
156647.822287,0,tick,""
156647.822296,0,queue_length,3
156647.822299,0,queue_length,2
156647.822721,0,channel_blocked,164
156647.822725,7,yield,""
156647.824028,0,sched_state,running
156647.824070,4,sched_state,running
156647.824181,7,sched_state,running
156647.824257,7,tick,""
156647.824273,7,queue_length,1
156647.824276,7,queue_length,0
156647.824357,0,tick,""
156647.824558,4,tick,""
156647.825181,4,channel_blocked,668
156647.825186,2,yield,""
156647.825653,7,sched_state,running
156647.825993,7,tick,""
156647.827126,5,channel_blocked,692
156647.827126,2,channel_unblocked,294
156647.827137,0,yield,""
156647.827144,6,yield,""
156647.827150,6,sched_state,running
156647.827154,2,sched_state,running
156647.827309,2,tick,""
156647.827326,2,queue_length,1
156647.827330,2,queue_length,0
156647.827780,6,tick,""
156647.827802,6,reduction,""
156647.827805,6,sched_state,running
156647.827995,6,channel_blocked,87
156647.827999,4,yield,""
156647.828035,0,sched_state,running
156647.828104,6,tick,""
156647.828119,6,reduction,""
156647.828121,6,sched_state,running
156647.828151,0,tick,""
156647.828160,0,queue_length,3
156647.828165,0,queue_length,2
156647.828331,6,tick,""
156647.828606,6,reduction,""
156647.828609,6,sched_state,running
156647.828838,6,tick,""
156647.828843,6,reduction,""
156647.828845,6,sched_state,running
156647.829017,4,sched_state,running
156647.829068,6,tick,""
156647.829073,6,reduction,""
156647.829074,6,sched_state,running
156647.829240,4,tick,""
156647.829254,6,tick,""
156647.829259,6,reduction,""
156647.829261,6,sched_state,running
156647.829490,6,tick,""
156647.829498,6,reduction,""
156647.829500,6,sched_state,running
156647.829726,6,tick,""
156647.829782,2,sched_state,running
156647.830003,4,queue_length,1
156647.830008,4,queue_length,0
156647.830010,0,sched_state,running
156647.830015,6,reduction,""
156647.830019,6,sched_state,running
156647.830259,6,tick,""
156647.830266,6,reduction,""
156647.830265,0,channel_blocked,164
156647.830268,6,sched_state,running
156647.830270,7,yield,""
156647.830306,0,tick,""
156647.830321,0,reduction,""
156647.830324,0,sched_state,running
156647.830470,6,tick,""
156647.830492,6,reduction,""
156647.830494,6,sched_state,running
156647.830597,0,tick,""
156647.830603,0,reduction,""
156647.830605,0,sched_state,running
156647.830677,6,tick,""
156647.830686,6,reduction,""
156647.830688,6,sched_state,running
156647.830864,0,tick,""
156647.830873,6,tick,""
156647.830879,6,reduction,""
156647.830881,6,sched_state,running
156647.831065,6,tick,""
156647.831070,6,reduction,""
156647.831072,6,sched_state,running
156647.831155,2,tick,""
156647.831249,6,tick,""
156647.831703,7,sched_state,running
156647.831818,4,sched_state,running
156647.831822,7,tick,""
156647.831833,7,queue_length,1
156647.831837,7,queue_length,0
156647.832140,3,channel_unblocked,294
156647.832148,6,yield,""
156647.832150,6,sched_state,running
156647.832219,4,tick,""
156647.832356,6,tick,""
156647.832361,6,reduction,""
156647.832363,6,sched_state,running
156647.832550,6,tick,""
156647.832555,6,reduction,""
156647.832557,6,sched_state,running
156647.832705,1,channel_blocked,269
156647.832708,0,yield,""
156647.832740,6,tick,""
156647.832744,6,reduction,""
156647.832746,6,sched_state,running
156647.832930,6,tick,""
156647.832934,6,reduction,""
156647.832936,6,sched_state,running
156647.833118,6,tick,""
156647.833122,6,reduction,""
156647.833124,6,sched_state,running
156647.833278,6,tick,""
156647.833288,6,queue_length,0
156647.833609,0,sched_state,running
156647.833612,0,queue_length,3
156647.833676,0,tick,""
156647.833685,0,queue_length,2
156647.834161,7,sched_state,running
156647.834345,6,queue_length,0
156647.834565,7,tick,""
156647.834919,6,sched_state,running
156647.835292,6,tick,""
156647.835331,6,reduction,""
156647.835334,6,sched_state,running
156647.835347,0,sched_state,running
156647.835534,6,tick,""
156647.835540,6,reduction,""
156647.835541,6,sched_state,running
156647.835577,6,channel_blocked,87
156647.835581,4,yield,""
156647.835772,6,tick,""
156647.835897,0,tick,""
156647.836412,4,channel_blocked,668
156647.836416,2,yield,""
156647.837307,4,sched_state,running
156647.837442,4,tick,""
156647.837453,4,queue_length,1
156647.837457,4,queue_length,0
156647.837734,2,channel_blocked,294
156647.837738,6,yield,""
156647.838056,3,channel_unblocked,494
156647.838065,0,yield,""
156647.838069,0,sched_state,running
156647.838642,0,tick,""
156647.838670,0,reduction,""
156647.838674,0,sched_state,running
156647.838722,6,sched_state,running
156647.838836,6,tick,""
156647.838854,6,queue_length,1
156647.838859,6,queue_length,0
156647.838888,4,sched_state,running
156647.838910,0,tick,""
156647.838918,0,reduction,""
156647.838921,0,sched_state,running
156647.838923,2,sched_state,running
156647.839138,2,tick,""
156647.839149,2,queue_length,1
156647.839151,2,queue_length,0
156647.839299,0,channel_blocked,164
156647.839302,7,yield,""
156647.839464,0,tick,""
156647.839860,0,reduction,""
156647.839863,0,sched_state,running
156647.840025,3,sched_state,waiting
156647.840066,0,tick,""
156647.840072,0,reduction,""
156647.840074,0,sched_state,running
156647.840147,3,tick,""
156647.840182,3,sched_state,waiting
156647.840204,3,tick,""
156647.840213,6,sched_state,running
156647.840282,0,tick,""
156647.840286,0,reduction,""
156647.840288,0,sched_state,running
156647.840346,7,sched_state,running
156647.840396,4,tick,""
156647.840420,7,tick,""
156647.840488,6,tick,""
156647.840499,0,tick,""
156647.840503,0,reduction,""
156647.840506,0,sched_state,running
156647.840721,0,tick,""
156647.840728,0,reduction,""
156647.840731,0,sched_state,running
156647.840943,0,tick,""
156647.841123,0,reduction,""
156647.841126,0,sched_state,running
156647.841350,0,tick,""
156647.841356,0,reduction,""
156647.841358,0,sched_state,running
156647.841511,7,queue_length,1
156647.841516,7,queue_length,0
156647.841569,0,tick,""
156647.841590,0,reduction,""
156647.841593,0,sched_state,running
156647.841784,0,tick,""
156647.841795,0,reduction,""
156647.841797,0,sched_state,running
156647.841991,0,tick,""
156647.841996,0,reduction,""
156647.841998,0,sched_state,running
156647.842188,0,tick,""
156647.842195,0,reduction,""
156647.842197,0,sched_state,running
156647.842395,0,tick,""
156647.842719,2,sched_state,running
156647.843394,6,channel_blocked,87
156647.843398,4,yield,""
156647.843494,2,tick,""
156647.843598,4,channel_unblocked,494
156647.843604,0,yield,""
156647.843607,0,sched_state,running
156647.843643,7,sched_state,running
156647.843824,2,channel_blocked,294
156647.843826,0,tick,""
156647.843828,6,yield,""
156647.843831,0,reduction,""
156647.843833,0,sched_state,running
156647.844029,0,tick,""
156647.844035,0,reduction,""
156647.844037,0,sched_state,running
156647.844241,0,tick,""
156647.844244,7,tick,""
156647.844246,0,reduction,""
156647.844248,0,sched_state,running
156647.844440,0,tick,""
156647.844445,0,reduction,""
156647.844447,0,sched_state,running
156647.844639,0,tick,""
156647.844644,0,reduction,""
156647.844646,0,sched_state,running
156647.844731,6,sched_state,running
156647.844837,0,tick,""
156647.844847,0,queue_length,1
156647.845076,6,tick,""
156647.845086,6,queue_length,1
156647.845090,6,queue_length,0
156647.845257,4,sched_state,running
156647.845359,4,tick,""
156647.845367,4,queue_length,1
156647.845369,4,queue_length,0
156647.846264,6,sched_state,running
156647.846659,6,tick,""
156647.847536,4,sched_state,running
156647.848086,0,queue_length,1
156647.848255,4,tick,""
156647.850244,4,channel_unblocked,668
156647.850266,2,yield,""
156647.850277,2,sched_state,running
156647.850716,0,sched_state,running
156647.850996,2,tick,""
156647.851015,2,reduction,""
156647.851019,2,sched_state,running
156647.851238,2,tick,""
156647.851247,2,reduction,""
156647.851249,2,sched_state,running
156647.851472,2,tick,""
156647.851525,0,tick,""
156647.851575,0,channel_blocked,164
156647.851579,7,yield,""
156647.851716,2,reduction,""
156647.851719,2,sched_state,running
156647.851922,2,tick,""
156647.851926,2,reduction,""
156647.851929,2,sched_state,running
156647.852127,2,tick,""
156647.852131,2,reduction,""
156647.852133,2,sched_state,running
156647.852273,2,tick,""
156647.852276,2,reduction,""
156647.852278,2,sched_state,running
156647.852385,2,channel_blocked,294
156647.852389,6,yield,""
156647.852463,2,tick,""
156647.852470,2,reduction,""
156647.852471,2,sched_state,running
156647.852671,2,tick,""
156647.852838,2,reduction,""
156647.852841,2,sched_state,running
156647.853070,2,tick,""
156647.853076,2,reduction,""
156647.853079,2,sched_state,running
156647.853341,6,sched_state,running
156647.853624,2,tick,""
156647.853660,2,reduction,""
156647.853663,2,sched_state,running
156647.853795,7,sched_state,running
156647.853874,2,tick,""
156647.853886,2,reduction,""
156647.853887,2,sched_state,running
156647.853921,6,tick,""
156647.854072,2,tick,""
156647.854079,2,reduction,""
156647.854083,2,sched_state,running
156647.854289,2,tick,""
156647.854298,2,reduction,""
156647.854300,2,sched_state,running
156647.854501,2,tick,""
156647.854720,6,channel_blocked,87
156647.854724,4,yield,""
156647.854782,7,tick,""
156647.854790,6,queue_length,1
156647.854793,7,queue_length,1
156647.854795,6,queue_length,0
156647.854796,7,queue_length,0
156647.854869,1,channel_blocked,269
156647.854872,0,yield,""
156647.855208,3,sched_state,running
156647.855633,6,sched_state,running
156647.855817,5,channel_unblocked,668
156647.855824,2,yield,""
156647.855828,2,sched_state,running
156647.855935,3,tick,""
156647.855964,0,sched_state,running
156647.855996,0,tick,""
156647.856008,0,queue_length,2
156647.856012,0,queue_length,1
156647.856040,2,tick,""
156647.856045,2,reduction,""
156647.856047,2,sched_state,running
156647.856052,6,tick,""
156647.856252,2,tick,""
156647.856258,2,reduction,""
156647.856259,2,sched_state,running
156647.856268,4,sched_state,running
156647.856446,2,tick,""
156647.856450,2,reduction,""
156647.856452,2,sched_state,running
156647.856648,2,tick,""
156647.856653,2,reduction,""
156647.856656,2,sched_state,running
156647.856820,2,tick,""
156647.856824,2,reduction,""
156647.856825,2,sched_state,running
156647.856845,4,tick,""
156647.856853,4,queue_length,1
156647.856855,4,queue_length,0
156647.856986,2,tick,""
156647.857374,0,sched_state,running
156647.857516,7,sched_state,running
156647.857736,2,queue_length,0
156647.857891,0,tick,""
156647.857963,0,reduction,""
156647.857968,0,sched_state,running
156647.858251,2,sched_state,running
156647.858259,7,tick,""
156647.858499,0,tick,""
156647.858507,0,reduction,""
156647.858509,0,sched_state,running
156647.858535,2,tick,""
156647.858555,2,reduction,""
156647.858557,2,sched_state,running
156647.858760,0,tick,""
156647.858846,2,tick,""
156647.858853,2,reduction,""
156647.858855,2,sched_state,running
156647.858942,2,channel_blocked,294
156647.858945,6,yield,""
156647.859111,2,tick,""
156647.859122,5,channel_unblocked,692
156647.859130,3,yield,""
156647.859132,3,sched_state,running
156647.859249,4,sched_state,running
156647.859790,3,tick,""
156647.859808,3,reduction,""
156647.859811,3,sched_state,running
156647.860054,3,tick,""
156647.860061,3,reduction,""
156647.860062,3,sched_state,running
156647.860258,3,channel_blocked,494
156647.860260,6,sched_state,running
156647.860261,0,yield,""
156647.860299,3,tick,""
156647.860379,6,tick,""
156647.860390,6,queue_length,1
156647.860394,6,queue_length,0
156647.860654,3,reduction,""
156647.860658,3,sched_state,running
156647.860806,3,tick,""
156647.860808,4,tick,""
156647.860812,3,reduction,""
156647.860814,3,sched_state,running
156647.860989,3,tick,""
156647.860994,3,reduction,""
156647.860995,3,sched_state,running
156647.861193,3,tick,""
156647.861197,3,reduction,""
156647.861199,3,sched_state,running
156647.861228,4,channel_blocked,668
156647.861231,2,yield,""
156647.861339,0,sched_state,running
156647.861368,0,tick,""
156647.861376,0,queue_length,2
156647.861380,0,queue_length,1
156647.861406,3,tick,""
156647.861413,3,reduction,""
156647.861414,3,sched_state,running
156647.861611,3,tick,""
156647.861769,3,reduction,""
156647.861772,3,sched_state,running
156647.861977,3,tick,""
156647.861982,3,reduction,""
156647.861984,3,sched_state,running
156647.862024,6,sched_state,running
156647.862034,2,sched_state,running
156647.862178,2,tick,""
156647.862179,3,tick,""
156647.862191,2,queue_length,1
156647.862194,2,queue_length,0
156647.862199,3,reduction,""
156647.862201,3,sched_state,running
156647.862391,3,tick,""
156647.862403,3,reduction,""
156647.862405,3,sched_state,running
156647.862432,6,tick,""
156647.862577,3,tick,""
156647.862582,3,reduction,""
156647.862584,3,sched_state,running
156647.862749,3,tick,""
156647.862755,3,reduction,""
156647.862758,3,sched_state,running
156647.862925,3,tick,""
156647.863551,0,sched_state,running
156647.863756,2,sched_state,running
156647.863945,0,tick,""
156647.864095,2,tick,""
156647.864951,0,channel_blocked,164
156647.864956,7,yield,""
156647.865556,2,channel_blocked,294
156647.865561,6,yield,""
156647.866452,7,sched_state,running
156647.866591,7,tick,""
156647.866605,7,queue_length,1
156647.866609,7,queue_length,0
156647.867031,6,channel_blocked,87
156647.867031,6,channel_unblocked,692
156647.867036,4,yield,""
156647.867041,3,yield,""
156647.867045,3,sched_state,running
156647.867062,6,sched_state,running
156647.867078,4,channel_blocked,668
156647.867081,2,yield,""
156647.867192,6,tick,""
156647.867205,6,queue_length,1
156647.867209,6,queue_length,0
156647.867245,1,channel_blocked,269
156647.867249,0,yield,""
156647.867253,3,tick,""
156647.867258,3,reduction,""
156647.867260,3,sched_state,running
156647.867437,3,tick,""
156647.867443,3,reduction,""
156647.867444,3,sched_state,running
156647.867617,3,tick,""
156647.867620,3,reduction,""
156647.867621,3,sched_state,running
156647.867751,2,sched_state,running
156647.867791,2,tick,""
156647.867810,3,tick,""
156647.867814,3,reduction,""
156647.867816,3,sched_state,running
156647.868020,3,tick,""
156647.868024,3,reduction,""
156647.868026,3,sched_state,running
156647.868236,3,tick,""
156647.868321,0,sched_state,running
156647.868483,0,tick,""
156647.868544,0,queue_length,2
156647.868549,0,queue_length,1
156647.868792,4,sched_state,running
156647.868801,2,queue_length,1
156647.868806,2,queue_length,0
156647.868848,4,tick,""
156647.868982,7,sched_state,running
156647.869464,3,queue_length,0
156647.869619,6,sched_state,running
156647.869711,0,sched_state,running
156647.869850,7,tick,""
156647.870031,0,tick,""
156647.870087,3,sched_state,running
156647.870188,6,tick,""
156647.870271,4,queue_length,1
156647.870277,4,queue_length,0
156647.870362,3,tick,""
156647.870380,3,reduction,""
156647.870382,3,sched_state,running
156647.870431,2,sched_state,running
156647.870621,3,tick,""
156647.870626,3,reduction,""
156647.870628,3,sched_state,running
156647.870794,2,tick,""
156647.870864,3,tick,""
156647.873136,4,sched_state,running
156647.873216,5,channel_blocked,692
156647.873222,3,yield,""
156647.873467,3,channel_blocked,494
156647.873471,0,yield,""
156647.873674,4,tick,""
156647.873950,3,sched_state,running
156647.873967,3,tick,""
156647.874094,0,sched_state,running
156647.874507,0,tick,""
156647.875160,3,queue_length,1
156647.875168,3,queue_length,0
156647.875192,2,channel_blocked,294
156647.875197,6,yield,""
156647.875371,0,channel_blocked,164
156647.875376,7,yield,""
156647.875844,4,channel_blocked,668
156647.875847,2,yield,""
156647.876051,3,sched_state,running
156647.876234,0,queue_length,2
156647.876239,0,queue_length,1
156647.876609,6,sched_state,running
156647.876671,6,tick,""
156647.876683,3,tick,""
156647.876966,2,sched_state,running
156647.877073,6,queue_length,1
156647.877079,6,queue_length,0
156647.877079,2,tick,""
156647.877088,2,queue_length,1
156647.877090,2,queue_length,0
156647.877654,6,channel_unblocked,87
156647.877664,4,yield,""
156647.877668,4,sched_state,running
156647.877910,0,sched_state,running
156647.877977,7,sched_state,running
156647.878224,7,tick,""
156647.878240,7,queue_length,1
156647.878245,7,queue_length,0
156647.878558,4,tick,""
156647.878579,4,reduction,""
156647.878582,4,sched_state,running
156647.878616,6,sched_state,running
156647.878618,2,sched_state,running
156647.878725,0,tick,""
156647.878757,4,tick,""
156647.878762,4,reduction,""
156647.878764,4,sched_state,running
156647.878908,4,tick,""
156647.879076,4,reduction,""
156647.879079,4,sched_state,running
156647.879111,6,tick,""
156647.879227,4,tick,""
156647.879231,4,reduction,""
156647.879233,4,sched_state,running
156647.879376,4,tick,""
156647.879389,4,reduction,""
156647.879391,4,sched_state,running
156647.879523,4,tick,""
156647.879532,4,reduction,""
156647.879534,4,sched_state,running
156647.879544,2,tick,""
156647.879665,4,tick,""
156647.879669,4,reduction,""
156647.879670,4,sched_state,running
156647.879760,5,channel_blocked,692
156647.879764,3,yield,""
156647.879800,4,tick,""
156647.879805,4,reduction,""
156647.879806,4,sched_state,running
156647.879934,4,tick,""
156647.879938,4,reduction,""
156647.879939,4,sched_state,running
156647.880072,4,tick,""
156647.880078,4,reduction,""
156647.880079,4,sched_state,running
156647.880296,4,tick,""
156647.880805,3,sched_state,running
156647.880843,3,tick,""
156647.880856,3,queue_length,1
156647.880860,3,queue_length,0
156647.882164,1,channel_blocked,269
156647.882175,0,yield,""
156647.882386,0,channel_unblocked,87
156647.882393,4,yield,""
156647.882400,4,sched_state,running
156647.882430,3,sched_state,running
156647.882556,7,sched_state,running
156647.882580,4,tick,""
156647.882585,4,reduction,""
156647.882586,4,sched_state,running
156647.882729,4,tick,""
156647.882734,4,reduction,""
156647.882735,4,sched_state,running
156647.882785,4,channel_blocked,668
156647.882789,2,yield,""
156647.882870,4,tick,""
156647.882874,4,reduction,""
156647.882875,4,sched_state,running
156647.882997,4,tick,""
156647.882997,3,tick,""
156647.883002,4,sched_state,stop
156647.883242,7,tick,""
