timestamp,lpu,event,value
183683.457730,5,sched_state,startup
183683.457732,7,sched_state,startup
183683.457732,3,sched_state,startup
183683.457736,1,sched_state,startup
183683.457759,4,sched_state,startup
183683.457759,6,sched_state,startup
183683.457763,2,sched_state,startup
183683.457886,3,tick,""
183683.457929,5,tick,""
183683.457929,1,tick,""
183683.457935,7,tick,""
183683.457937,0,sched_state,startup
183683.457946,4,tick,""
183683.457970,2,tick,""
183683.457970,6,tick,""
183683.458097,0,tick,""
183683.458182,3,queue_length,0
183683.458190,3,sched_state,waiting
183683.458201,3,tick,""
183683.459435,7,queue_length,0
183683.459443,7,sched_state,waiting
183683.459455,7,tick,""
183683.459469,6,queue_length,0
183683.459472,2,queue_length,0
183683.459481,2,sched_state,waiting
183683.459481,6,sched_state,waiting
183683.459486,4,queue_length,0
183683.459487,1,queue_length,0
183683.459483,5,queue_length,0
183683.459495,4,sched_state,waiting
183683.459495,2,tick,""
183683.459495,6,tick,""
183683.459496,5,sched_state,waiting
183683.459500,1,sched_state,waiting
183683.459507,4,tick,""
183683.459508,1,tick,""
183683.459509,5,tick,""
183683.459741,0,queue_length,0
183683.460081,1,sched_state,waiting
183683.460090,1,tick,""
183683.460094,5,sched_state,waiting
183683.460101,5,tick,""
183683.460132,2,sched_state,waiting
183683.460141,2,tick,""
183683.460176,1,sched_state,waiting
183683.460181,1,tick,""
183683.460200,2,sched_state,waiting
183683.460206,2,tick,""
183683.460212,1,sched_state,waiting
183683.460217,1,tick,""
183683.460241,2,sched_state,waiting
183683.460246,2,tick,""
183683.460265,1,sched_state,waiting
183683.460269,1,tick,""
183683.460288,2,sched_state,waiting
183683.460292,2,tick,""
183683.460303,1,sched_state,waiting
183683.460307,1,tick,""
183683.460324,0,sched_state,running
183683.460508,0,tick,""
183683.460517,0,reduction,""
183683.460520,0,sched_state,running
183683.460629,0,tick,""
183683.460635,0,reduction,""
183683.460637,0,sched_state,running
183683.460653,3,sched_state,waiting
183683.460655,6,sched_state,waiting
183683.460658,3,tick,""
183683.460661,6,tick,""
183683.460661,2,sched_state,waiting
183683.460662,5,sched_state,waiting
183683.460665,2,tick,""
183683.460669,4,sched_state,waiting
183683.460671,5,tick,""
183683.460674,4,tick,""
183683.460679,7,sched_state,waiting
183683.460687,7,tick,""
183683.460709,2,sched_state,waiting
183683.460714,2,tick,""
183683.460738,3,sched_state,waiting
183683.460741,5,sched_state,waiting
183683.460740,1,sched_state,waiting
183683.460744,3,tick,""
183683.460745,1,tick,""
183683.460747,5,tick,""
183683.460748,0,tick,""
183683.460752,0,reduction,""
183683.460754,0,sched_state,running
183683.460756,2,sched_state,waiting
183683.460761,2,tick,""
183683.460774,4,sched_state,waiting
183683.460775,6,sched_state,waiting
183683.460778,4,tick,""
183683.460778,3,sched_state,waiting
183683.460780,6,tick,""
183683.460789,3,tick,""
183683.460805,5,sched_state,waiting
183683.460815,5,tick,""
183683.460849,0,tick,""
183683.460849,4,sched_state,waiting
183683.460854,4,tick,""
183683.460854,0,reduction,""
183683.460856,5,sched_state,waiting
183683.460860,3,sched_state,waiting
183683.460856,0,sched_state,running
183683.460862,5,tick,""
183683.460866,3,tick,""
183683.460877,2,sched_state,waiting
183683.460886,2,tick,""
183683.460911,3,sched_state,waiting
183683.460916,3,tick,""
183683.460931,2,sched_state,waiting
183683.460936,2,tick,""
183683.460937,5,sched_state,waiting
183683.460943,5,tick,""
183683.460955,3,sched_state,waiting
183683.460960,3,tick,""
183683.460970,4,sched_state,waiting
183683.460974,4,tick,""
183683.460986,5,sched_state,waiting
183683.460990,5,tick,""
183683.460995,2,sched_state,waiting
183683.460999,2,tick,""
183683.461008,4,sched_state,waiting
183683.461011,4,tick,""
183683.461016,0,tick,""
183683.461016,7,sched_state,waiting
183683.461019,0,reduction,""
183683.461020,0,sched_state,running
183683.461021,7,tick,""
183683.461045,1,sched_state,waiting
183683.461046,2,sched_state,waiting
183683.461051,1,tick,""
183683.461052,2,tick,""
183683.461054,6,sched_state,waiting
183683.461059,6,tick,""
183683.461065,3,sched_state,waiting
183683.461069,3,tick,""
183683.461102,5,sched_state,waiting
183683.461107,5,tick,""
183683.461119,7,sched_state,waiting
183683.461126,1,sched_state,waiting
183683.461126,7,tick,""
183683.461132,1,tick,""
183683.461151,0,tick,""
183683.461156,0,reduction,""
183683.461161,0,sched_state,running
183683.461163,3,sched_state,waiting
183683.461168,3,tick,""
183683.461172,2,sched_state,waiting
183683.461174,1,sched_state,waiting
183683.461177,2,tick,""
183683.461178,5,sched_state,waiting
183683.461179,1,tick,""
183683.461181,4,sched_state,waiting
183683.461182,5,tick,""
183683.461184,4,tick,""
183683.461191,7,sched_state,waiting
183683.461196,7,tick,""
183683.461213,2,sched_state,waiting
183683.461217,2,tick,""
183683.461241,7,sched_state,waiting
183683.461246,7,tick,""
183683.461247,1,sched_state,waiting
183683.461251,1,tick,""
183683.461274,3,sched_state,waiting
183683.461276,4,sched_state,waiting
183683.461277,2,sched_state,waiting
183683.461279,3,tick,""
183683.461280,4,tick,""
183683.461282,2,tick,""
183683.461295,7,sched_state,waiting
183683.461299,7,tick,""
183683.461302,5,sched_state,waiting
183683.461306,5,tick,""
183683.461332,3,sched_state,waiting
183683.461334,4,sched_state,waiting
183683.461335,6,sched_state,waiting
183683.461336,3,tick,""
183683.461335,2,sched_state,waiting
183683.461338,4,tick,""
183683.461339,2,tick,""
183683.461339,6,tick,""
183683.461339,0,tick,""
183683.461346,0,reduction,""
183683.461352,0,sched_state,running
183683.461357,1,sched_state,waiting
183683.461361,1,tick,""
183683.461382,6,sched_state,waiting
183683.461387,6,tick,""
183683.461396,7,sched_state,waiting
183683.461398,1,sched_state,waiting
183683.461401,7,tick,""
183683.461402,1,tick,""
183683.461400,3,sched_state,waiting
183683.461406,3,tick,""
183683.461416,4,sched_state,waiting
183683.461419,4,tick,""
183683.461426,6,sched_state,waiting
183683.461430,6,tick,""
183683.461447,3,sched_state,waiting
183683.461452,3,tick,""
183683.461452,0,tick,""
183683.461452,2,sched_state,waiting
183683.461454,5,sched_state,waiting
183683.461456,0,reduction,""
183683.461458,0,sched_state,running
183683.461459,2,tick,""
183683.461459,5,tick,""
183683.461472,1,sched_state,waiting
183683.461477,1,tick,""
183683.461483,7,sched_state,waiting
183683.461487,7,tick,""
183683.461506,2,sched_state,waiting
183683.461510,2,tick,""
183683.461528,0,tick,""
183683.461531,7,sched_state,waiting
183683.461532,4,sched_state,waiting
183683.461535,4,tick,""
183683.461535,0,reduction,""
183683.461535,7,tick,""
183683.461538,0,sched_state,running
183683.461537,6,sched_state,waiting
183683.461542,6,tick,""
183683.461554,3,sched_state,waiting
183683.461557,5,sched_state,waiting
183683.461559,3,tick,""
183683.461560,2,sched_state,waiting
183683.461563,5,tick,""
183683.461564,2,tick,""
183683.461573,7,sched_state,waiting
183683.461577,7,tick,""
183683.461593,4,sched_state,waiting
183683.461596,4,tick,""
183683.461602,2,sched_state,waiting
183683.461606,2,tick,""
183683.461614,3,sched_state,waiting
183683.461619,3,tick,""
183683.461621,5,sched_state,waiting
183683.461626,5,tick,""
183683.461626,7,sched_state,waiting
183683.461630,7,tick,""
183683.461633,1,sched_state,waiting
183683.461636,0,tick,""
183683.461638,1,tick,""
183683.461641,0,reduction,""
183683.461643,0,sched_state,running
183683.461658,6,sched_state,waiting
183683.461663,6,tick,""
183683.461671,1,sched_state,waiting
183683.461676,1,tick,""
183683.461687,4,sched_state,waiting
183683.461691,4,tick,""
183683.461692,5,sched_state,waiting
183683.461699,5,tick,""
183683.461707,2,sched_state,waiting
183683.461707,6,sched_state,waiting
183683.461712,6,tick,""
183683.461712,2,tick,""
183683.461718,4,sched_state,waiting
183683.461721,4,tick,""
183683.461738,0,tick,""
183683.461752,0,reduction,""
183683.461755,0,sched_state,running
183683.461760,6,sched_state,waiting
183683.461765,6,tick,""
183683.461766,4,sched_state,waiting
183683.461765,5,sched_state,waiting
183683.461769,4,tick,""
183683.461770,5,tick,""
183683.461794,2,sched_state,waiting
183683.461795,1,sched_state,waiting
183683.461799,2,tick,""
183683.461800,1,tick,""
183683.461807,4,sched_state,waiting
183683.461810,4,tick,""
183683.461842,7,sched_state,waiting
183683.461845,0,tick,""
183683.461846,7,tick,""
183683.461847,1,sched_state,waiting
183683.461850,0,reduction,""
183683.461851,1,tick,""
183683.461852,0,sched_state,running
183683.461856,2,sched_state,waiting
183683.461861,2,tick,""
183683.461862,6,sched_state,waiting
183683.461866,6,tick,""
183683.461892,7,sched_state,waiting
183683.461897,7,tick,""
183683.461904,5,sched_state,waiting
183683.461909,5,tick,""
183683.461910,2,sched_state,waiting
183683.461915,2,tick,""
183683.461921,1,sched_state,waiting
183683.461930,1,tick,""
183683.461943,7,sched_state,waiting
183683.461948,7,tick,""
183683.461953,5,sched_state,waiting
183683.461957,5,tick,""
183683.461974,2,sched_state,waiting
183683.461979,2,tick,""
183683.461993,1,sched_state,waiting
183683.461997,1,tick,""
183683.462005,5,sched_state,waiting
183683.462009,5,tick,""
183683.462009,3,sched_state,waiting
183683.462009,0,tick,""
183683.462014,3,tick,""
183683.462015,0,reduction,""
183683.462017,0,sched_state,running
183683.462028,4,sched_state,waiting
183683.462032,4,tick,""
183683.462040,1,sched_state,waiting
183683.462042,6,sched_state,waiting
183683.462044,2,sched_state,waiting
183683.462047,6,tick,""
183683.462045,1,tick,""
183683.462047,2,tick,""
183683.462061,4,sched_state,waiting
183683.462063,4,tick,""
183683.462082,3,sched_state,waiting
183683.462087,3,tick,""
183683.462096,1,sched_state,waiting
183683.462101,1,tick,""
183683.462103,5,sched_state,waiting
183683.462107,5,tick,""
183683.462108,2,sched_state,waiting
183683.462108,0,tick,""
183683.462112,0,reduction,""
183683.462113,2,tick,""
183683.462115,0,sched_state,running
183683.462128,6,sched_state,waiting
183683.462132,6,tick,""
183683.462144,1,sched_state,waiting
183683.462144,5,sched_state,waiting
183683.462148,5,tick,""
183683.462148,1,tick,""
183683.462175,6,sched_state,waiting
183683.462180,6,tick,""
183683.462190,3,sched_state,waiting
183683.462195,3,tick,""
183683.462198,0,tick,""
183683.462199,7,sched_state,waiting
183683.462203,7,tick,""
183683.462204,2,sched_state,waiting
183683.462205,0,reduction,""
183683.462207,0,sched_state,running
183683.462209,2,tick,""
183683.462216,4,sched_state,waiting
183683.462219,4,tick,""
183683.462219,1,sched_state,waiting
183683.462223,1,tick,""
183683.462265,4,sched_state,waiting
183683.462268,4,tick,""
183683.462270,1,sched_state,waiting
183683.462278,1,tick,""
183683.462281,6,sched_state,waiting
183683.462286,6,tick,""
183683.462300,3,sched_state,waiting
183683.462300,7,sched_state,waiting
183683.462302,0,tick,""
183683.462305,3,tick,""
183683.462305,7,tick,""
183683.462306,5,sched_state,waiting
183683.462310,5,tick,""
183683.462323,2,sched_state,waiting
183683.462324,4,sched_state,waiting
183683.462327,2,tick,""
183683.462327,4,tick,""
183683.462357,5,sched_state,waiting
183683.462363,5,tick,""
183683.462379,7,sched_state,waiting
183683.462380,3,sched_state,waiting
183683.462383,7,tick,""
183683.462383,3,tick,""
183683.462398,6,sched_state,waiting
183683.462403,2,sched_state,waiting
183683.462404,6,tick,""
183683.462406,2,tick,""
183683.462429,5,sched_state,waiting
183683.462434,5,tick,""
183683.462443,7,sched_state,waiting
183683.462444,3,sched_state,waiting
183683.462447,3,tick,""
183683.462447,7,tick,""
183683.462453,6,sched_state,waiting
183683.462458,6,tick,""
183683.462477,2,sched_state,waiting
183683.462477,5,sched_state,waiting
183683.462482,5,tick,""
183683.462482,2,tick,""
183683.462482,1,sched_state,waiting
183683.462487,1,tick,""
183683.462479,0,reduction,""
183683.462494,0,sched_state,running
183683.462515,6,sched_state,waiting
183683.462520,6,tick,""
183683.462531,3,sched_state,waiting
183683.462536,3,tick,""
183683.462540,5,sched_state,waiting
183683.462544,2,sched_state,waiting
183683.462547,5,tick,""
183683.462549,2,tick,""
183683.462571,3,sched_state,waiting
183683.462575,3,tick,""
183683.462617,6,sched_state,waiting
183683.462622,6,tick,""
183683.462623,3,sched_state,waiting
183683.462622,5,sched_state,waiting
183683.462626,3,tick,""
183683.462627,5,tick,""
183683.462630,0,tick,""
183683.462652,7,sched_state,waiting
183683.462654,0,reduction,""
183683.462655,2,sched_state,waiting
183683.462657,0,sched_state,running
183683.462657,7,tick,""
183683.462657,4,sched_state,waiting
183683.462660,2,tick,""
183683.462661,4,tick,""
183683.462676,1,sched_state,waiting
183683.462681,1,tick,""
183683.462704,4,sched_state,waiting
183683.462708,4,tick,""
183683.462713,2,sched_state,waiting
183683.462718,2,tick,""
183683.462718,5,sched_state,waiting
183683.462724,5,tick,""
183683.462733,3,sched_state,waiting
183683.462735,7,sched_state,waiting
183683.462738,3,tick,""
183683.462739,7,tick,""
183683.462757,0,tick,""
183683.462761,0,reduction,""
183683.462763,0,sched_state,running
183683.462764,2,sched_state,waiting
183683.462765,5,sched_state,waiting
183683.462767,2,tick,""
183683.462770,5,tick,""
183683.462787,4,sched_state,waiting
183683.462791,4,tick,""
183683.462794,7,sched_state,waiting
183683.462798,7,tick,""
183683.462807,2,sched_state,waiting
183683.462811,2,tick,""
183683.462825,5,sched_state,waiting
183683.462829,5,tick,""
183683.462855,2,sched_state,waiting
183683.462858,7,sched_state,waiting
183683.462859,2,tick,""
183683.462862,0,tick,""
183683.462863,7,tick,""
183683.462863,4,sched_state,waiting
183683.462867,4,tick,""
183683.462867,0,reduction,""
183683.462872,0,sched_state,running
183683.462879,1,sched_state,waiting
183683.462883,1,tick,""
183683.462905,4,sched_state,waiting
183683.462908,4,tick,""
183683.462910,7,sched_state,waiting
183683.462911,2,sched_state,waiting
183683.462914,7,tick,""
183683.462916,2,tick,""
183683.462919,3,sched_state,waiting
183683.462924,3,tick,""
183683.462934,6,sched_state,waiting
183683.462938,4,sched_state,waiting
183683.462939,6,tick,""
183683.462941,4,tick,""
183683.462948,1,sched_state,waiting
183683.462953,1,tick,""
183683.462970,5,sched_state,waiting
183683.462971,0,tick,""
183683.462975,5,tick,""
183683.462994,2,sched_state,waiting
183683.462996,3,sched_state,waiting
183683.462998,4,sched_state,waiting
183683.462999,2,tick,""
183683.463001,3,tick,""
183683.463001,4,tick,""
183683.463005,1,sched_state,waiting
183683.463007,7,sched_state,waiting
183683.463010,1,tick,""
183683.463011,7,tick,""
183683.463029,5,sched_state,waiting
183683.463033,5,tick,""
183683.463046,1,sched_state,waiting
183683.463051,1,tick,""
183683.463068,6,sched_state,waiting
183683.463075,2,sched_state,waiting
183683.463077,3,sched_state,waiting
183683.463084,3,tick,""
183683.463084,2,tick,""
183683.463084,6,tick,""
183683.463091,1,sched_state,waiting
183683.463095,1,tick,""
183683.463109,5,sched_state,waiting
183683.463113,5,tick,""
183683.463132,3,sched_state,waiting
183683.463135,7,sched_state,waiting
183683.463137,3,tick,""
183683.463143,7,tick,""
183683.463156,5,sched_state,waiting
183683.463157,6,sched_state,waiting
183683.463160,5,tick,""
183683.463162,6,tick,""
183683.463192,1,sched_state,waiting
183683.463198,1,tick,""
183683.463207,6,sched_state,waiting
183683.463212,6,tick,""
183683.463225,2,sched_state,waiting
183683.463230,2,tick,""
183683.463234,1,sched_state,waiting
183683.463239,7,sched_state,waiting
183683.463239,1,tick,""
183683.463243,7,tick,""
183683.463260,2,sched_state,waiting
183683.463266,2,tick,""
183683.463273,1,sched_state,waiting
183683.463277,1,tick,""
183683.463309,1,sched_state,waiting
183683.463310,7,sched_state,waiting
183683.463313,1,tick,""
183683.463315,7,tick,""
183683.463610,4,sched_state,waiting
183683.463625,4,tick,""
183683.463666,3,sched_state,waiting
183683.463676,5,sched_state,waiting
183683.463699,3,tick,""
183683.463706,5,tick,""
183683.463720,6,sched_state,waiting
183683.463753,6,tick,""
183683.463776,2,sched_state,waiting
183683.463807,2,tick,""
183683.463826,7,sched_state,waiting
183683.463833,7,tick,""
183683.463853,3,sched_state,waiting
183683.463855,2,sched_state,waiting
183683.463858,3,tick,""
183683.463861,4,sched_state,waiting
183683.463861,2,tick,""
183683.463865,4,tick,""
183683.463878,7,sched_state,waiting
183683.463883,7,tick,""
183683.463886,5,sched_state,waiting
183683.463892,5,tick,""
183683.463905,3,sched_state,waiting
183683.463906,1,sched_state,waiting
183683.463911,3,tick,""
183683.463911,1,tick,""
183683.463929,4,sched_state,waiting
183683.463933,4,tick,""
183683.463936,6,sched_state,waiting
183683.463942,6,tick,""
183683.463963,2,sched_state,waiting
183683.463968,2,tick,""
183683.463968,1,sched_state,waiting
183683.463974,1,tick,""
183683.463978,5,sched_state,waiting
183683.463982,5,tick,""
183683.464012,5,sched_state,waiting
183683.464024,5,tick,""
183683.464065,5,sched_state,waiting
183683.464070,5,tick,""
183683.464070,6,sched_state,waiting
183683.464076,6,tick,""
183683.464350,4,sched_state,waiting
183683.464374,4,tick,""
183683.464376,2,sched_state,waiting
183683.464430,2,tick,""
183683.464456,1,sched_state,waiting
183683.464458,7,sched_state,waiting
183683.464477,0,reduction,""
183683.464482,7,tick,""
183683.464488,1,tick,""
183683.464493,0,sched_state,running
183683.464518,6,sched_state,waiting
183683.464525,6,tick,""
183683.464526,3,sched_state,waiting
183683.464534,3,tick,""
183683.464552,2,sched_state,waiting
183683.464558,2,tick,""
183683.464576,6,sched_state,waiting
183683.464582,7,sched_state,waiting
183683.464588,6,tick,""
183683.464591,7,tick,""
183683.464603,0,tick,""
183683.464605,2,sched_state,waiting
183683.464611,2,tick,""
183683.464608,5,sched_state,waiting
183683.464623,5,tick,""
183683.464631,1,sched_state,waiting
183683.464634,4,sched_state,waiting
183683.464639,4,tick,""
183683.464644,1,tick,""
183683.464654,6,sched_state,waiting
183683.464659,6,tick,""
183683.464665,7,sched_state,waiting
183683.464670,7,tick,""
183683.464671,2,sched_state,waiting
183683.464676,2,tick,""
183683.464679,4,sched_state,waiting
183683.464683,4,tick,""
183683.464710,2,sched_state,waiting
183683.464714,2,tick,""
183683.464733,6,sched_state,waiting
183683.464738,6,tick,""
183683.464749,2,sched_state,waiting
183683.464753,2,tick,""
183683.464753,5,sched_state,waiting
183683.464762,5,tick,""
183683.464792,2,sched_state,waiting
183683.464797,2,tick,""
183683.464800,6,sched_state,waiting
183683.464802,5,sched_state,waiting
183683.464806,6,tick,""
183683.464806,1,sched_state,waiting
183683.464808,5,tick,""
183683.464812,1,tick,""
183683.464860,6,sched_state,waiting
183683.464865,6,tick,""
183683.464911,6,sched_state,waiting
183683.464917,6,tick,""
183683.464964,2,sched_state,waiting
183683.464970,2,tick,""
183683.464969,3,sched_state,waiting
183683.464981,3,tick,""
183683.465005,7,sched_state,waiting
183683.465005,5,sched_state,waiting
183683.465009,6,sched_state,waiting
183683.465011,5,tick,""
183683.465012,7,tick,""
183683.465014,6,tick,""
183683.465028,4,sched_state,waiting
183683.465033,4,tick,""
183683.465035,3,sched_state,waiting
183683.465040,2,sched_state,waiting
183683.465040,3,tick,""
183683.465045,2,tick,""
183683.465059,5,sched_state,waiting
183683.465065,5,tick,""
183683.465083,3,sched_state,waiting
183683.465088,3,tick,""
183683.465090,6,sched_state,waiting
183683.465095,6,tick,""
183683.465129,7,sched_state,waiting
183683.465130,5,sched_state,waiting
183683.465134,7,tick,""
183683.465135,5,tick,""
183683.465144,2,sched_state,waiting
183683.465149,2,tick,""
183683.465182,5,sched_state,waiting
183683.465187,2,sched_state,waiting
183683.465188,5,tick,""
183683.465193,2,tick,""
183683.465203,7,sched_state,waiting
183683.465209,7,tick,""
183683.465238,2,sched_state,waiting
183683.465240,0,queue_length,0
183683.465241,1,sched_state,waiting
183683.465244,2,tick,""
183683.465247,1,tick,""
183683.465261,6,sched_state,waiting
183683.465267,6,tick,""
183683.465282,2,sched_state,waiting
183683.465283,5,sched_state,waiting
183683.465287,2,tick,""
183683.465288,5,tick,""
183683.465319,1,sched_state,waiting
183683.465325,1,tick,""
183683.465328,5,sched_state,waiting
183683.465333,5,tick,""
183683.465582,4,sched_state,waiting
183683.465586,4,tick,""
183683.465601,7,sched_state,waiting
183683.465601,2,sched_state,waiting
183683.465606,7,tick,""
183683.465608,2,tick,""
183683.465617,6,sched_state,waiting
183683.465619,5,sched_state,waiting
183683.465623,6,tick,""
183683.465625,5,tick,""
183683.465659,5,sched_state,waiting
183683.465663,1,sched_state,waiting
183683.465664,5,tick,""
183683.465670,1,tick,""
183683.465679,4,sched_state,waiting
183683.465683,4,tick,""
183683.465688,2,sched_state,waiting
183683.465694,2,tick,""
183683.465703,5,sched_state,waiting
183683.465708,5,tick,""
183683.465712,4,sched_state,waiting
183683.465716,4,tick,""
183683.465717,6,sched_state,waiting
183683.465722,6,tick,""
183683.465747,1,sched_state,waiting
183683.465753,1,tick,""
183683.465753,5,sched_state,waiting
183683.465757,2,sched_state,waiting
183683.465758,4,sched_state,waiting
183683.465759,5,tick,""
183683.465762,4,tick,""
183683.465763,2,tick,""
183683.465783,6,sched_state,waiting
183683.465788,6,tick,""
183683.465809,4,sched_state,waiting
183683.465812,4,tick,""
183683.465821,2,sched_state,waiting
183683.465826,2,tick,""
183683.465841,6,sched_state,waiting
183683.465844,4,sched_state,waiting
183683.465847,6,tick,""
183683.465847,4,tick,""
183683.465859,2,sched_state,waiting
183683.465865,2,tick,""
183683.465881,4,sched_state,waiting
183683.465884,4,tick,""
183683.465925,3,sched_state,waiting
183683.465928,0,sched_state,running
183683.465956,4,sched_state,waiting
183683.465960,4,tick,""
183683.466214,3,tick,""
183683.466217,0,tick,""
183683.466237,0,reduction,""
183683.466240,0,sched_state,running
183683.466494,0,tick,""
183683.466501,0,spawn,""
183683.466504,0,reduction,""
183683.466506,0,sched_state,running
183683.466515,7,sched_state,waiting
183683.466523,7,tick,""
183683.466527,6,sched_state,waiting
183683.466528,5,sched_state,waiting
183683.466531,2,sched_state,waiting
183683.466533,6,tick,""
183683.466535,5,tick,""
183683.466537,2,tick,""
183683.466561,3,sched_state,waiting
183683.466562,4,sched_state,waiting
183683.466567,3,tick,""
183683.466568,4,tick,""
183683.466596,2,sched_state,waiting
183683.466599,5,sched_state,waiting
183683.466600,7,sched_state,waiting
183683.466602,2,tick,""
183683.466605,5,tick,""
183683.466605,7,tick,""
183683.466619,6,sched_state,waiting
183683.466625,3,sched_state,waiting
183683.466626,6,tick,""
183683.466631,3,tick,""
183683.466657,4,sched_state,waiting
183683.466661,4,tick,""
183683.466660,2,sched_state,waiting
183683.466665,2,tick,""
183683.466677,5,sched_state,waiting
183683.466681,5,tick,""
183683.466696,3,sched_state,waiting
183683.466702,3,tick,""
183683.466713,6,sched_state,waiting
183683.466718,6,tick,""
183683.466731,4,sched_state,waiting
183683.466735,4,tick,""
183683.466742,2,sched_state,waiting
183683.466743,3,sched_state,waiting
183683.466747,3,tick,""
183683.466747,5,sched_state,waiting
183683.466748,2,tick,""
183683.466752,5,tick,""
183683.466767,6,sched_state,waiting
183683.466784,6,tick,""
183683.466792,5,sched_state,waiting
183683.466803,5,tick,""
183683.466806,1,sched_state,waiting
183683.466814,4,sched_state,waiting
183683.466818,4,tick,""
183683.466817,1,tick,""
183683.466821,3,sched_state,waiting
183683.466826,3,tick,""
183683.466828,7,sched_state,waiting
183683.466832,6,sched_state,waiting
183683.466833,7,tick,""
183683.466838,6,tick,""
183683.466853,2,sched_state,waiting
183683.466859,2,tick,""
183683.466893,3,sched_state,waiting
183683.466900,3,tick,""
183683.466907,5,sched_state,waiting
183683.466910,1,sched_state,waiting
183683.466910,2,sched_state,waiting
183683.466913,5,tick,""
183683.466913,7,sched_state,waiting
183683.466914,1,tick,""
183683.466915,2,tick,""
183683.466918,7,tick,""
183683.466940,4,sched_state,waiting
183683.466944,4,tick,""
183683.466955,3,sched_state,waiting
183683.466960,3,tick,""
183683.467129,1,sched_state,waiting
183683.467154,1,tick,""
183683.467160,6,sched_state,waiting
183683.467191,6,tick,""
183683.467249,7,sched_state,waiting
183683.467301,7,tick,""
183683.467317,2,sched_state,waiting
183683.467346,2,tick,""
183683.467409,6,sched_state,waiting
183683.467416,6,tick,""
183683.467417,2,sched_state,waiting
183683.467417,7,sched_state,waiting
183683.467421,2,tick,""
183683.467434,1,sched_state,waiting
183683.467436,7,tick,""
183683.467441,1,tick,""
183683.467457,6,sched_state,waiting
183683.467462,6,tick,""
183683.467472,2,sched_state,waiting
183683.467477,2,tick,""
183683.467483,1,sched_state,waiting
183683.467485,7,sched_state,waiting
183683.467488,1,tick,""
183683.467492,7,tick,""
183683.467522,1,sched_state,waiting
183683.467527,1,tick,""
183683.467558,6,sched_state,waiting
183683.467563,6,tick,""
183683.467571,1,sched_state,waiting
183683.467577,1,tick,""
183683.467579,0,tick,""
183683.467583,4,sched_state,waiting
183683.467588,0,reduction,""
183683.467589,4,tick,""
183683.467592,0,sched_state,running
183683.467599,5,sched_state,waiting
183683.467604,7,sched_state,waiting
183683.467604,5,tick,""
183683.467611,7,tick,""
183683.467626,4,sched_state,waiting
183683.467628,2,sched_state,waiting
183683.467630,4,tick,""
183683.467633,2,tick,""
183683.467656,7,sched_state,waiting
183683.467660,7,tick,""
183683.467679,2,sched_state,waiting
183683.467685,2,tick,""
183683.467709,7,sched_state,waiting
183683.467714,7,tick,""
183683.467720,5,sched_state,waiting
183683.467724,0,queue_length,1
183683.467724,2,sched_state,waiting
183683.467726,5,tick,""
183683.467728,3,sched_state,waiting
183683.467730,2,tick,""
183683.467733,3,tick,""
183683.467899,0,tick,""
183683.467906,0,reduction,""
183683.467908,0,sched_state,running
183683.467909,2,sched_state,waiting
183683.467915,2,tick,""
183683.468023,4,sched_state,waiting
183683.468028,4,tick,""
183683.468026,3,sched_state,waiting
183683.468032,3,tick,""
183683.468034,7,sched_state,waiting
183683.468038,2,sched_state,waiting
183683.468039,7,tick,""
183683.468043,2,tick,""
183683.468063,4,sched_state,waiting
183683.468066,4,tick,""
183683.468076,1,sched_state,waiting
183683.468083,1,tick,""
183683.468088,2,sched_state,waiting
183683.468094,2,tick,""
183683.468143,4,sched_state,waiting
183683.468147,4,tick,""
183683.468159,7,sched_state,waiting
183683.468165,7,tick,""
183683.468168,2,sched_state,waiting
183683.468170,3,sched_state,waiting
183683.468174,2,tick,""
183683.468177,3,tick,""
183683.468215,0,tick,""
183683.468217,2,sched_state,waiting
183683.468216,1,sched_state,waiting
183683.468219,5,sched_state,waiting
183683.468221,0,reduction,""
183683.468222,2,tick,""
183683.468223,0,sched_state,running
183683.468223,1,tick,""
183683.468224,5,tick,""
183683.468230,3,sched_state,waiting
183683.468234,3,tick,""
183683.468247,4,sched_state,waiting
183683.468251,4,tick,""
183683.468289,2,sched_state,waiting
183683.468295,2,tick,""
183683.468318,1,sched_state,waiting
183683.468323,1,tick,""
183683.468332,4,sched_state,waiting
183683.468335,4,tick,""
183683.468340,3,sched_state,waiting
183683.468346,3,tick,""
183683.468366,1,sched_state,waiting
183683.468371,1,tick,""
183683.468392,2,sched_state,waiting
183683.468398,2,tick,""
183683.468412,1,sched_state,waiting
183683.468416,4,sched_state,waiting
183683.468417,1,tick,""
183683.468419,4,tick,""
183683.468440,2,sched_state,waiting
183683.468443,4,sched_state,waiting
183683.468446,4,tick,""
183683.468446,2,tick,""
183683.468448,0,tick,""
183683.468456,0,reduction,""
183683.468467,0,sched_state,running
183683.468488,2,sched_state,waiting
183683.468493,2,tick,""
183683.468506,1,sched_state,waiting
183683.468512,1,tick,""
183683.468550,2,sched_state,waiting
183683.468555,2,tick,""
183683.468572,5,sched_state,waiting
183683.468578,5,tick,""
183683.468583,1,sched_state,waiting
183683.468588,1,tick,""
183683.468598,2,sched_state,waiting
183683.468604,2,tick,""
183683.468615,5,sched_state,waiting
183683.468621,5,tick,""
183683.468636,3,sched_state,waiting
183683.468643,3,tick,""
183683.468673,5,sched_state,waiting
183683.468679,5,tick,""
183683.468724,2,sched_state,waiting
183683.468725,5,sched_state,waiting
183683.468730,2,tick,""
183683.468730,5,tick,""
183683.468748,7,sched_state,waiting
183683.468754,7,tick,""
183683.468759,0,tick,""
183683.468765,0,reduction,""
183683.468768,0,sched_state,running
183683.468793,5,sched_state,waiting
183683.468796,1,sched_state,waiting
183683.468796,4,sched_state,waiting
183683.468799,5,tick,""
183683.468801,4,tick,""
183683.468801,1,tick,""
183683.468818,6,queue_length,1
183683.468823,7,sched_state,waiting
183683.468823,6,queue_length,0
183683.468828,7,tick,""
183683.468850,5,sched_state,waiting
183683.468856,5,tick,""
183683.468896,5,sched_state,waiting
183683.468902,5,tick,""
183683.468931,5,sched_state,waiting
183683.468936,5,tick,""
183683.468971,5,sched_state,waiting
183683.468978,5,tick,""
183683.469016,5,sched_state,waiting
183683.469021,5,tick,""
183683.469056,5,sched_state,waiting
183683.469057,0,tick,""
183683.469058,2,sched_state,waiting
183683.469061,5,tick,""
183683.469064,2,tick,""
183683.469078,7,sched_state,waiting
183683.469084,7,tick,""
183683.469097,5,sched_state,waiting
183683.469104,5,tick,""
183683.469107,2,sched_state,waiting
183683.469120,2,tick,""
183683.469122,0,reduction,""
183683.469122,1,sched_state,waiting
183683.469127,0,sched_state,running
183683.469129,1,tick,""
183683.469130,7,sched_state,waiting
183683.469136,7,tick,""
183683.469164,1,sched_state,waiting
183683.469170,1,tick,""
183683.469176,7,sched_state,waiting
183683.469194,7,tick,""
183683.469207,1,sched_state,waiting
183683.469212,1,tick,""
183683.469220,2,sched_state,waiting
183683.469226,2,tick,""
183683.469243,4,sched_state,waiting
183683.469248,4,tick,""
183683.469249,1,sched_state,waiting
183683.469252,7,sched_state,waiting
183683.469253,1,tick,""
183683.469257,7,tick,""
183683.469293,0,tick,""
183683.469294,3,sched_state,waiting
183683.469295,4,sched_state,waiting
183683.469298,4,tick,""
183683.469299,0,reduction,""
183683.469299,3,tick,""
183683.469301,0,sched_state,running
183683.469318,5,sched_state,waiting
183683.469324,5,tick,""
183683.469351,3,sched_state,waiting
183683.469358,3,tick,""
183683.469367,5,sched_state,waiting
183683.469372,5,tick,""
183683.469411,5,sched_state,waiting
183683.469417,5,tick,""
183683.469450,5,sched_state,waiting
183683.469454,5,tick,""
183683.469465,7,sched_state,waiting
183683.469471,7,tick,""
183683.469474,0,tick,""
183683.469480,0,spawn,""
183683.469483,0,reduction,""
183683.469485,3,sched_state,waiting
183683.469487,0,sched_state,running
183683.469494,6,sched_state,running
183683.469495,3,tick,""
183683.469502,5,sched_state,waiting
183683.469507,5,tick,""
183683.469549,3,sched_state,waiting
183683.469555,3,tick,""
183683.469585,3,sched_state,waiting
183683.469591,3,tick,""
183683.469642,3,sched_state,waiting
183683.469648,3,tick,""
183683.469685,3,sched_state,waiting
183683.469690,3,tick,""
183683.469813,7,sched_state,waiting
183683.469820,7,tick,""
183683.469825,6,tick,""
183683.469830,6,reduction,""
183683.469835,6,sched_state,running
183683.469852,7,sched_state,waiting
183683.469858,7,tick,""
183683.469860,5,sched_state,waiting
183683.469865,5,tick,""
183683.469905,5,sched_state,waiting
183683.469911,5,tick,""
183683.469943,5,sched_state,waiting
183683.469948,5,tick,""
183683.469951,7,sched_state,waiting
183683.469957,7,tick,""
183683.469996,7,sched_state,waiting
183683.470002,7,tick,""
183683.470004,6,tick,""
183683.470009,6,reduction,""
183683.470012,6,sched_state,running
183683.470035,7,sched_state,waiting
183683.470041,7,tick,""
183683.470177,6,tick,""
183683.470183,6,reduction,""
183683.470186,6,sched_state,running
183683.470253,0,tick,""
183683.470256,0,queue_length,1
183683.470258,0,reduction,""
183683.470261,0,sched_state,running
183683.470351,6,tick,""
183683.470356,6,reduction,""
183683.470358,6,sched_state,running
183683.470437,0,tick,""
183683.470447,0,reduction,""
183683.470449,0,sched_state,running
183683.470523,6,tick,""
183683.470529,6,reduction,""
183683.470532,6,sched_state,running
183683.470696,6,tick,""
183683.470702,6,reduction,""
183683.470704,6,sched_state,running
183683.470720,0,tick,""
183683.470725,0,reduction,""
183683.470729,0,sched_state,running
183683.470868,6,tick,""
183683.470889,6,reduction,""
183683.470892,0,tick,""
183683.470893,6,sched_state,running
183683.470897,0,reduction,""
183683.470899,0,sched_state,running
183683.471005,0,tick,""
183683.471009,0,reduction,""
183683.471010,0,sched_state,running
183683.471059,6,tick,""
183683.471066,6,reduction,""
183683.471069,6,sched_state,running
183683.471120,0,tick,""
183683.471130,0,reduction,""
183683.471135,0,sched_state,running
183683.471140,5,sched_state,waiting
183683.471147,5,tick,""
183683.471149,7,sched_state,waiting
183683.471155,7,tick,""
183683.471195,5,sched_state,waiting
183683.471201,5,tick,""
183683.471240,6,tick,""
183683.471264,6,reduction,""
183683.471266,6,sched_state,running
183683.471301,0,tick,""
183683.471441,6,tick,""
183683.471483,6,reduction,""
183683.471488,6,sched_state,running
183683.471656,6,tick,""
183683.471662,6,reduction,""
183683.471665,6,sched_state,running
183683.471831,6,tick,""
183683.472019,6,reduction,""
183683.472023,6,sched_state,running
183683.472201,6,tick,""
183683.472220,6,reduction,""
183683.472223,6,sched_state,running
183683.472240,0,channel_blocked,87
183683.472244,0,yield,""
183683.472393,6,tick,""
183683.472398,6,reduction,""
183683.472400,6,sched_state,running
183683.472437,7,queue_length,1
183683.472442,7,queue_length,0
183683.472882,6,tick,""
183683.472894,0,sched_state,running
183683.472895,6,reduction,""
183683.472897,6,sched_state,running
183683.472905,0,tick,""
183683.472924,0,queue_length,0
183683.472929,0,sched_state,waiting
183683.472939,0,tick,""
183683.473049,6,tick,""
183683.473065,2,sched_state,waiting
183683.473072,2,tick,""
183683.473074,1,sched_state,waiting
183683.473077,3,sched_state,waiting
183683.473081,1,tick,""
183683.473081,5,sched_state,waiting
183683.473086,5,tick,""
183683.473087,3,tick,""
183683.473110,6,reduction,""
183683.473113,6,sched_state,running
183683.473128,4,sched_state,waiting
183683.473134,4,tick,""
183683.473138,3,sched_state,waiting
183683.473146,3,tick,""
183683.473148,5,sched_state,waiting
183683.473155,5,tick,""
183683.473197,5,sched_state,waiting
183683.473200,2,sched_state,waiting
183683.473203,5,tick,""
183683.473207,2,tick,""
183683.473220,4,sched_state,waiting
183683.473222,3,sched_state,waiting
183683.473225,4,tick,""
183683.473227,3,tick,""
183683.473240,1,sched_state,waiting
183683.473246,7,sched_state,running
183683.473247,1,tick,""
183683.473249,2,sched_state,waiting
183683.473256,2,tick,""
183683.473272,6,tick,""
183683.473287,6,reduction,""
183683.473290,6,sched_state,running
183683.473290,5,sched_state,waiting
183683.473296,5,tick,""
183683.473298,4,sched_state,waiting
183683.473302,4,tick,""
183683.473317,3,sched_state,waiting
183683.473323,3,tick,""
183683.473339,5,sched_state,waiting
183683.473345,5,tick,""
183683.473368,4,sched_state,waiting
183683.473372,4,tick,""
183683.473391,5,sched_state,waiting
183683.473398,5,tick,""
183683.473404,4,sched_state,waiting
183683.473408,4,tick,""
183683.473437,5,sched_state,waiting
183683.473443,5,tick,""
183683.473447,6,tick,""
183683.473452,4,sched_state,waiting
183683.473454,6,spawn,""
183683.473455,4,tick,""
183683.473457,6,reduction,""
183683.473458,6,sched_state,running
183683.473637,7,tick,""
183683.473641,7,reduction,""
183683.473644,7,sched_state,running
183683.473881,7,tick,""
183683.473887,7,reduction,""
183683.473890,7,sched_state,running
183683.473993,6,tick,""
183683.474003,6,reduction,""
183683.474006,6,sched_state,running
183683.474124,6,tick,""
183683.474129,6,reduction,""
183683.474131,6,sched_state,running
183683.474242,6,tick,""
183683.474263,5,sched_state,waiting
183683.474263,1,sched_state,waiting
183683.474267,7,tick,""
183683.474269,1,tick,""
183683.474269,5,tick,""
183683.474274,7,reduction,""
183683.474277,7,sched_state,running
183683.474298,3,sched_state,waiting
183683.474305,3,tick,""
183683.474355,3,sched_state,waiting
183683.474361,3,tick,""
183683.474385,1,sched_state,waiting
183683.474391,1,tick,""
183683.474398,3,sched_state,waiting
183683.474405,3,tick,""
183683.474436,6,queue_length,1
183683.474491,7,tick,""
183683.474497,7,reduction,""
183683.474499,7,sched_state,running
183683.474717,7,tick,""
183683.474724,7,reduction,""
183683.474726,7,sched_state,running
183683.474843,3,sched_state,waiting
183683.474849,3,tick,""
183683.474942,7,tick,""
183683.475097,7,reduction,""
183683.475102,7,sched_state,running
183683.475219,6,queue_length,0
183683.475326,7,tick,""
183683.475335,7,reduction,""
183683.475338,7,sched_state,running
183683.475368,3,sched_state,waiting
183683.475374,3,tick,""
183683.475442,3,sched_state,waiting
183683.475447,3,tick,""
183683.475558,7,tick,""
183683.475640,6,sched_state,running
183683.475671,7,reduction,""
183683.475676,7,sched_state,running
183683.475679,1,queue_length,1
183683.475685,1,queue_length,0
183683.475797,6,tick,""
183683.475803,6,reduction,""
183683.475804,6,sched_state,running
183683.475895,7,tick,""
183683.475902,7,reduction,""
183683.475905,7,sched_state,running
183683.475941,6,tick,""
183683.475946,6,reduction,""
183683.475947,6,sched_state,running
183683.476088,6,tick,""
183683.476095,6,reduction,""
183683.476098,6,sched_state,running
183683.476137,7,tick,""
183683.476153,7,reduction,""
183683.476155,7,sched_state,running
183683.476256,6,tick,""
183683.476320,6,reduction,""
183683.476324,6,sched_state,running
183683.476349,7,tick,""
183683.476367,1,sched_state,running
183683.476373,7,reduction,""
183683.476376,7,sched_state,running
183683.476516,6,tick,""
183683.476523,6,reduction,""
183683.476525,6,sched_state,running
183683.476595,7,tick,""
183683.476609,7,reduction,""
183683.476612,7,sched_state,running
183683.476712,6,tick,""
183683.476718,6,spawn,""
183683.476720,6,reduction,""
183683.476722,6,sched_state,running
183683.476740,1,tick,""
183683.476745,1,reduction,""
183683.476747,1,sched_state,running
183683.476830,7,tick,""
183683.476961,1,tick,""
183683.476966,1,reduction,""
183683.476969,1,sched_state,running
183683.477206,7,reduction,""
183683.477210,7,sched_state,running
183683.477403,7,tick,""
183683.477404,1,tick,""
183683.477410,1,reduction,""
183683.477412,7,reduction,""
183683.477412,1,sched_state,running
183683.477413,7,sched_state,running
183683.477553,7,tick,""
183683.477560,7,reduction,""
183683.477562,7,sched_state,running
183683.477587,6,tick,""
183683.477593,6,reduction,""
183683.477595,6,sched_state,running
183683.477621,1,tick,""
183683.477627,1,reduction,""
183683.477629,1,sched_state,running
183683.477701,7,tick,""
183683.477712,7,reduction,""
183683.477714,7,sched_state,running
183683.477790,6,tick,""
183683.477798,6,reduction,""
183683.477801,6,sched_state,running
183683.477833,1,tick,""
183683.477839,1,reduction,""
183683.477841,1,sched_state,running
183683.477853,7,tick,""
183683.477860,7,reduction,""
183683.477862,7,sched_state,running
183683.477992,6,tick,""
183683.477998,6,reduction,""
183683.478000,6,sched_state,running
183683.478001,7,tick,""
183683.478008,7,reduction,""
183683.478009,7,sched_state,running
183683.478044,1,tick,""
183683.478050,1,reduction,""
183683.478053,1,sched_state,running
183683.478147,7,tick,""
183683.478153,7,reduction,""
183683.478155,7,sched_state,running
183683.478191,6,tick,""
183683.478197,6,reduction,""
183683.478200,6,sched_state,running
183683.478257,1,tick,""
183683.478281,1,reduction,""
183683.478284,1,sched_state,running
183683.478351,7,tick,""
183683.478360,7,reduction,""
183683.478362,7,sched_state,running
183683.478389,6,tick,""
183683.478396,6,reduction,""
183683.478399,6,sched_state,running
183683.478491,1,tick,""
183683.478497,1,reduction,""
183683.478499,1,sched_state,running
183683.478576,7,tick,""
183683.478585,6,tick,""
183683.478593,0,sched_state,waiting
183683.478595,6,reduction,""
183683.478597,6,sched_state,running
183683.478599,0,tick,""
183683.478601,2,sched_state,waiting
183683.478605,4,sched_state,waiting
183683.478608,4,tick,""
183683.478608,2,tick,""
183683.478612,3,sched_state,waiting
183683.478620,3,tick,""
183683.478649,4,sched_state,waiting
183683.478653,4,tick,""
183683.478657,0,sched_state,waiting
183683.478660,0,tick,""
183683.478677,5,sched_state,waiting
183683.478685,5,tick,""
183683.478688,4,sched_state,waiting
183683.478690,0,sched_state,waiting
183683.478691,4,tick,""
183683.478695,0,tick,""
183683.478699,3,sched_state,waiting
183683.478704,3,tick,""
183683.478705,1,tick,""
183683.478720,1,reduction,""
183683.478723,1,sched_state,running
183683.478733,4,sched_state,waiting
183683.478735,4,tick,""
183683.478743,5,sched_state,waiting
183683.478752,5,tick,""
183683.478790,6,tick,""
183683.478865,5,sched_state,waiting
183683.478872,5,tick,""
183683.478903,5,sched_state,waiting
183683.478908,5,tick,""
183683.478914,1,tick,""
183683.478940,1,reduction,""
183683.478944,1,sched_state,running
183683.478950,5,sched_state,waiting
183683.478956,5,tick,""
183683.479015,5,sched_state,waiting
183683.479020,5,tick,""
183683.479059,5,sched_state,waiting
183683.479066,5,tick,""
183683.479102,5,sched_state,waiting
183683.479107,5,tick,""
183683.479144,1,tick,""
183683.479151,1,reduction,""
183683.479154,1,sched_state,running
183683.479179,7,queue_length,0
183683.479303,1,tick,""
183683.479473,1,reduction,""
183683.479481,1,sched_state,running
183683.479677,5,sched_state,waiting
183683.479679,7,sched_state,running
183683.479683,5,tick,""
183683.479690,1,tick,""
183683.479701,2,channel_blocked,814
183683.479705,6,yield,""
183683.479708,1,reduction,""
183683.479710,6,sched_state,running
183683.479712,1,sched_state,running
183683.479721,6,tick,""
183683.479727,5,sched_state,waiting
183683.479730,6,queue_length,1
183683.479734,5,tick,""
183683.479918,1,tick,""
183683.479923,1,reduction,""
183683.479926,1,sched_state,running
183683.480134,1,tick,""
183683.480139,1,reduction,""
183683.480141,1,sched_state,running
183683.480220,7,tick,""
183683.480233,7,reduction,""
183683.480235,7,sched_state,running
183683.480341,1,tick,""
183683.480345,1,reduction,""
183683.480348,1,sched_state,running
183683.480439,7,tick,""
183683.480448,7,reduction,""
183683.480451,7,sched_state,running
183683.480515,0,sched_state,waiting
183683.480519,4,sched_state,waiting
183683.480523,0,tick,""
183683.480525,5,sched_state,waiting
183683.480526,4,tick,""
183683.480530,6,queue_length,0
183683.480532,5,tick,""
183683.480535,6,sched_state,waiting
183683.480546,6,tick,""
183683.480546,1,tick,""
183683.480553,1,reduction,""
183683.480559,1,sched_state,running
183683.480559,3,sched_state,waiting
183683.480566,3,tick,""
183683.480598,4,sched_state,waiting
183683.480605,4,tick,""
183683.480619,0,sched_state,waiting
183683.480630,0,tick,""
183683.480656,7,tick,""
183683.480665,7,reduction,""
183683.480668,7,sched_state,running
183683.480671,0,sched_state,waiting
183683.480676,0,tick,""
183683.480715,0,sched_state,waiting
183683.480730,0,tick,""
183683.480758,1,tick,""
183683.480770,0,sched_state,waiting
183683.480778,0,tick,""
183683.480877,1,reduction,""
183683.480881,1,sched_state,running
183683.480883,7,tick,""
183683.480891,7,reduction,""
183683.480893,7,sched_state,running
183683.481085,1,tick,""
183683.481092,1,reduction,""
183683.481094,1,sched_state,running
183683.481109,7,tick,""
183683.481117,7,reduction,""
183683.481120,7,sched_state,running
183683.481295,1,tick,""
183683.481336,7,tick,""
183683.481343,7,reduction,""
183683.481346,7,sched_state,running
183683.481405,1,reduction,""
183683.481408,1,sched_state,running
183683.481408,6,sched_state,waiting
183683.481416,6,tick,""
183683.481463,6,sched_state,waiting
183683.481469,6,tick,""
183683.481504,6,sched_state,waiting
183683.481511,6,tick,""
183683.481560,7,tick,""
183683.481573,7,reduction,""
183683.481576,7,sched_state,running
183683.481608,1,tick,""
183683.481628,4,sched_state,waiting
183683.481634,4,tick,""
183683.481644,2,queue_length,1
183683.481649,2,queue_length,0
183683.481724,4,sched_state,waiting
183683.481730,4,tick,""
183683.481786,7,tick,""
183683.481793,7,reduction,""
183683.481796,7,sched_state,running
183683.481935,7,tick,""
183683.481939,7,reduction,""
183683.481941,7,sched_state,running
183683.482078,7,tick,""
183683.482082,7,reduction,""
183683.482084,7,sched_state,running
183683.482125,4,sched_state,waiting
183683.482132,4,tick,""
183683.482241,7,tick,""
183683.482247,7,reduction,""
183683.482250,7,sched_state,running
183683.482365,1,queue_length,0
183683.482394,7,tick,""
183683.482398,7,reduction,""
183683.482400,7,sched_state,running
183683.482471,2,sched_state,running
183683.482542,7,tick,""
183683.482547,7,reduction,""
183683.482549,7,sched_state,running
183683.482690,7,tick,""
183683.482903,2,tick,""
183683.482907,2,reduction,""
183683.482909,2,sched_state,running
183683.483000,6,sched_state,waiting
183683.483002,0,sched_state,waiting
183683.483010,6,tick,""
183683.483014,0,tick,""
183683.483042,5,sched_state,waiting
183683.483050,5,tick,""
183683.483083,4,sched_state,waiting
183683.483088,1,sched_state,running
183683.483089,4,tick,""
183683.483096,6,sched_state,waiting
183683.483104,6,tick,""
183683.483113,0,sched_state,waiting
183683.483119,0,tick,""
183683.483135,4,sched_state,waiting
183683.483141,4,tick,""
183683.483145,6,sched_state,waiting
183683.483151,6,tick,""
183683.483156,3,sched_state,waiting
183683.483163,3,tick,""
183683.483165,1,channel_blocked,1109
183683.483167,7,yield,""
183683.483170,7,sched_state,running
183683.483173,5,sched_state,waiting
183683.483178,7,tick,""
183683.483179,5,tick,""
183683.483195,7,queue_length,0
183683.483200,7,sched_state,waiting
183683.483207,7,tick,""
183683.483234,5,sched_state,waiting
183683.483243,5,tick,""
183683.483248,6,sched_state,waiting
183683.483254,6,tick,""
183683.483264,3,sched_state,waiting
183683.483270,3,tick,""
183683.483350,6,sched_state,waiting
183683.483356,6,tick,""
183683.483425,2,tick,""
183683.483430,2,reduction,""
183683.483434,2,sched_state,running
183683.483572,1,tick,""
183683.483580,1,reduction,""
183683.483582,1,sched_state,running
183683.483674,2,tick,""
183683.483680,2,reduction,""
183683.483683,2,sched_state,running
183683.483770,1,tick,""
183683.483786,1,reduction,""
183683.483789,1,sched_state,running
183683.483929,2,tick,""
183683.483934,2,reduction,""
183683.483937,2,sched_state,running
183683.483968,1,tick,""
183683.483986,1,reduction,""
183683.483990,1,sched_state,running
183683.484170,1,tick,""
183683.484177,2,tick,""
183683.484182,1,reduction,""
183683.484185,2,reduction,""
183683.484188,2,sched_state,running
183683.484189,1,sched_state,running
183683.484351,1,tick,""
183683.484423,2,tick,""
183683.484564,2,reduction,""
183683.484565,1,reduction,""
183683.484567,2,sched_state,running
183683.484567,1,sched_state,running
183683.484729,1,tick,""
183683.484738,1,reduction,""
183683.484740,1,sched_state,running
183683.484819,2,tick,""
183683.484829,2,reduction,""
183683.484832,2,sched_state,running
183683.484892,1,tick,""
183683.484905,1,reduction,""
183683.484908,1,sched_state,running
183683.485055,1,tick,""
183683.485065,1,reduction,""
183683.485068,2,tick,""
183683.485068,1,sched_state,running
183683.485178,2,reduction,""
183683.485181,2,sched_state,running
183683.485217,1,tick,""
183683.485224,1,reduction,""
183683.485226,1,sched_state,running
183683.485371,1,tick,""
183683.485378,1,reduction,""
183683.485379,1,sched_state,running
183683.485417,2,tick,""
183683.485424,2,reduction,""
183683.485427,2,sched_state,running
183683.485528,1,tick,""
183683.485538,1,reduction,""
183683.485541,1,sched_state,running
183683.485658,2,tick,""
183683.485675,2,reduction,""
183683.485677,2,sched_state,running
183683.485690,1,tick,""
183683.485697,1,reduction,""
183683.485698,1,sched_state,running
183683.485843,1,tick,""
183683.485849,1,reduction,""
183683.485850,1,sched_state,running
183683.485913,2,tick,""
183683.485933,2,reduction,""
183683.485935,2,sched_state,running
183683.486000,1,tick,""
183683.486009,1,reduction,""
183683.486011,1,sched_state,running
183683.486158,1,tick,""
183683.486164,1,reduction,""
183683.486166,1,sched_state,running
183683.486170,2,tick,""
183683.486184,2,reduction,""
183683.486186,2,sched_state,running
183683.486315,1,tick,""
183683.486321,1,reduction,""
183683.486323,1,sched_state,running
183683.486419,2,tick,""
183683.486473,1,tick,""
183683.486481,1,reduction,""
183683.486485,1,sched_state,running
183683.486633,1,tick,""
183683.486638,1,reduction,""
183683.486640,1,sched_state,running
183683.486721,2,reduction,""
183683.486724,2,sched_state,running
183683.486788,1,tick,""
183683.486793,1,reduction,""
183683.486796,1,sched_state,running
183683.486941,1,tick,""
183683.486945,1,reduction,""
183683.486947,1,sched_state,running
183683.486966,2,tick,""
183683.486978,2,reduction,""
183683.486981,2,sched_state,running
183683.487097,1,tick,""
183683.487113,7,sched_state,waiting
183683.487114,3,sched_state,waiting
183683.487120,3,tick,""
183683.487120,7,tick,""
183683.487170,7,sched_state,waiting
183683.487176,7,tick,""
183683.487209,7,sched_state,waiting
183683.487215,7,tick,""
183683.487218,2,tick,""
183683.487229,2,reduction,""
183683.487233,2,sched_state,running
183683.487257,7,sched_state,waiting
183683.487262,7,tick,""
183683.487332,7,sched_state,waiting
183683.487337,7,tick,""
183683.487379,7,sched_state,waiting
183683.487385,7,tick,""
183683.487470,2,tick,""
183683.487482,2,reduction,""
183683.487484,2,sched_state,running
183683.487655,1,queue_length,0
183683.487739,2,tick,""
183683.487749,2,reduction,""
183683.487751,2,sched_state,running
183683.488007,2,tick,""
183683.488018,2,reduction,""
183683.488020,2,sched_state,running
183683.488068,1,sched_state,running
183683.488249,1,tick,""
183683.488257,1,reduction,""
183683.488260,1,sched_state,running
183683.488262,2,tick,""
183683.488272,2,reduction,""
183683.488274,2,sched_state,running
183683.488493,1,tick,""
183683.488499,1,reduction,""
183683.488502,1,sched_state,running
183683.488528,2,tick,""
183683.488540,2,reduction,""
183683.488543,2,sched_state,running
183683.488728,1,tick,""
183683.488733,1,reduction,""
183683.488735,1,sched_state,running
183683.488799,2,tick,""
183683.488817,4,sched_state,waiting
183683.488817,0,sched_state,waiting
183683.488820,6,sched_state,waiting
183683.488824,0,tick,""
183683.488826,4,tick,""
183683.488827,3,sched_state,waiting
183683.488828,6,tick,""
183683.488827,7,sched_state,waiting
183683.488830,5,sched_state,waiting
183683.488835,3,tick,""
183683.488835,7,tick,""
183683.488839,5,tick,""
183683.488875,4,sched_state,waiting
183683.488880,4,tick,""
183683.488913,5,sched_state,waiting
183683.488915,1,tick,""
183683.488921,5,tick,""
183683.488922,1,reduction,""
183683.488922,0,sched_state,waiting
183683.488924,1,sched_state,running
183683.488928,0,tick,""
183683.488940,7,sched_state,waiting
183683.488946,7,tick,""
183683.488959,5,sched_state,waiting
183683.488965,5,tick,""
183683.488981,7,sched_state,waiting
183683.488986,7,tick,""
183683.489000,5,sched_state,waiting
183683.489006,5,tick,""
183683.489036,5,sched_state,waiting
183683.489042,5,tick,""
183683.489072,5,sched_state,waiting
183683.489079,7,sched_state,waiting
183683.489080,5,tick,""
183683.489085,7,tick,""
183683.489133,5,sched_state,waiting
183683.489134,7,sched_state,waiting
183683.489139,5,tick,""
183683.489140,7,tick,""
183683.489146,1,tick,""
183683.489152,1,reduction,""
183683.489155,1,sched_state,running
183683.489182,5,sched_state,waiting
183683.489188,5,tick,""
183683.489315,3,sched_state,waiting
183683.489318,4,sched_state,waiting
183683.489321,3,tick,""
183683.489322,7,sched_state,waiting
183683.489323,4,tick,""
183683.489327,7,tick,""
183683.489356,6,sched_state,waiting
183683.489364,6,tick,""
183683.489373,3,sched_state,waiting
183683.489379,3,tick,""
183683.489379,1,tick,""
183683.489410,6,sched_state,waiting
183683.489416,6,tick,""
183683.489449,3,sched_state,waiting
183683.489454,3,tick,""
183683.489521,3,sched_state,waiting
183683.489526,3,tick,""
183683.489532,2,queue_length,0
183683.489590,3,sched_state,waiting
183683.489595,3,tick,""
183683.489626,3,sched_state,waiting
183683.489631,3,tick,""
183683.489662,3,sched_state,waiting
183683.489667,3,tick,""
183683.489693,3,sched_state,waiting
183683.489698,3,tick,""
183683.489728,3,sched_state,waiting
183683.489733,3,tick,""
183683.489889,3,sched_state,waiting
183683.489895,3,tick,""
183683.489980,3,sched_state,waiting
183683.489986,3,tick,""
183683.489993,0,sched_state,waiting
183683.489997,0,tick,""
183683.490031,0,sched_state,waiting
183683.490033,3,sched_state,waiting
183683.490037,0,tick,""
183683.490038,3,tick,""
183683.490069,0,sched_state,waiting
183683.490071,3,sched_state,waiting
183683.490075,0,tick,""
183683.490076,3,tick,""
183683.490142,7,sched_state,waiting
183683.490149,7,tick,""
183683.490190,7,sched_state,waiting
183683.490196,7,tick,""
183683.490197,3,sched_state,waiting
183683.490202,3,tick,""
183683.490220,0,sched_state,waiting
183683.490227,0,tick,""
183683.490254,3,sched_state,waiting
183683.490259,3,tick,""
183683.490265,0,sched_state,waiting
183683.490272,0,tick,""
183683.490296,4,sched_state,waiting
183683.490300,6,sched_state,waiting
183683.490301,4,tick,""
183683.490306,6,tick,""
183683.490313,0,sched_state,waiting
183683.490314,2,sched_state,running
183683.490318,0,tick,""
183683.490319,7,sched_state,waiting
183683.490325,7,tick,""
183683.490334,4,sched_state,waiting
183683.490338,4,tick,""
183683.490348,3,sched_state,waiting
183683.490351,6,sched_state,waiting
183683.490354,3,tick,""
183683.490357,6,tick,""
183683.490367,7,sched_state,waiting
183683.490370,4,sched_state,waiting
183683.490372,7,tick,""
183683.490373,4,tick,""
183683.490403,0,sched_state,waiting
183683.490408,3,sched_state,waiting
183683.490411,0,tick,""
183683.490415,3,tick,""
183683.490434,7,sched_state,waiting
183683.490439,7,tick,""
183683.490467,3,sched_state,waiting
183683.490472,3,tick,""
183683.490472,0,sched_state,waiting
183683.490476,0,tick,""
183683.490516,3,sched_state,waiting
183683.490522,3,tick,""
183683.490583,2,tick,""
183683.490594,2,reduction,""
183683.490597,2,sched_state,running
183683.490857,2,tick,""
183683.490866,2,reduction,""
183683.490868,2,sched_state,running
183683.490993,5,sched_state,waiting
183683.491000,5,tick,""
183683.491023,4,sched_state,waiting
183683.491029,4,tick,""
183683.491055,5,sched_state,waiting
183683.491061,5,tick,""
183683.491065,4,sched_state,waiting
183683.491071,4,tick,""
183683.491131,2,tick,""
183683.491140,2,reduction,""
183683.491143,2,sched_state,running
183683.491401,2,tick,""
183683.491409,2,reduction,""
183683.491411,2,sched_state,running
183683.491645,2,tick,""
183683.491651,2,reduction,""
183683.491653,2,sched_state,running
183683.491822,2,tick,""
183683.491827,2,reduction,""
183683.491829,2,sched_state,running
183683.491995,2,tick,""
183683.492000,2,reduction,""
183683.492001,2,sched_state,running
183683.492179,2,tick,""
183683.492184,2,reduction,""
183683.492185,2,sched_state,running
183683.492349,2,tick,""
183683.492353,2,reduction,""
183683.492354,2,sched_state,running
183683.492518,2,tick,""
183683.492522,2,reduction,""
183683.492523,2,sched_state,running
183683.492687,2,tick,""
183683.492691,2,reduction,""
183683.492692,2,sched_state,running
183683.492777,2,channel_unblocked,1236
183683.492790,1,yield,""
183683.492860,2,tick,""
183683.492866,2,reduction,""
183683.492868,2,sched_state,running
183683.493120,2,tick,""
183683.493125,2,reduction,""
183683.493127,2,sched_state,running
183683.493242,1,sched_state,running
183683.493365,2,tick,""
183683.493533,1,tick,""
183683.493537,1,sched_state,running
183683.493543,1,tick,""
183683.493558,5,sched_state,waiting
183683.493565,5,tick,""
183683.493645,5,sched_state,waiting
183683.493651,5,tick,""
183683.493683,5,sched_state,waiting
183683.493689,5,tick,""
183683.493719,5,sched_state,waiting
183683.493725,5,tick,""
183683.493757,6,sched_state,waiting
183683.493759,7,sched_state,waiting
183683.493766,6,tick,""
183683.493767,7,tick,""
183683.493765,4,sched_state,waiting
183683.493774,0,sched_state,waiting
183683.493774,4,tick,""
183683.493779,0,tick,""
183683.493780,3,sched_state,waiting
183683.493785,3,tick,""
183683.493845,3,sched_state,waiting
183683.493851,3,tick,""
183683.493872,6,sched_state,waiting
183683.493878,6,tick,""
183683.493883,4,sched_state,waiting
183683.493883,3,sched_state,waiting
183683.493888,3,tick,""
183683.493889,4,tick,""
183683.493924,4,sched_state,waiting
183683.493928,3,sched_state,waiting
183683.493935,3,tick,""
183683.493936,4,tick,""
183683.493937,6,sched_state,waiting
183683.493944,6,tick,""
183683.493955,5,sched_state,waiting
183683.493961,5,tick,""
183683.493969,4,sched_state,waiting
183683.493972,4,tick,""
183683.493994,3,channel_blocked,1306
183683.493997,2,yield,""
183683.494001,2,sched_state,running
183683.494007,5,sched_state,waiting
183683.494011,2,tick,""
183683.494014,5,tick,""
183683.494023,6,sched_state,waiting
183683.494029,6,tick,""
183683.494030,2,queue_length,0
183683.494033,3,sched_state,waiting
183683.494035,2,sched_state,waiting
183683.494039,3,tick,""
183683.494040,2,tick,""
183683.494058,5,sched_state,waiting
183683.494061,4,sched_state,waiting
183683.494065,4,tick,""
183683.494065,5,tick,""
183683.494081,6,sched_state,waiting
183683.494082,3,sched_state,waiting
183683.494087,6,tick,""
183683.494087,3,tick,""
183683.494092,1,queue_length,1
183683.494099,4,sched_state,waiting
183683.494103,4,tick,""
183683.494134,4,sched_state,waiting
183683.494138,4,tick,""
183683.494143,3,sched_state,waiting
183683.494146,6,sched_state,waiting
183683.494149,3,tick,""
183683.494151,6,tick,""
183683.494159,2,sched_state,waiting
183683.494165,2,tick,""
183683.494182,3,sched_state,waiting
183683.494187,3,tick,""
183683.494193,6,sched_state,waiting
183683.494199,6,tick,""
183683.494229,3,sched_state,waiting
183683.494234,3,tick,""
183683.494236,6,sched_state,waiting
183683.494241,6,tick,""
183683.494248,2,sched_state,waiting
183683.494255,2,tick,""
183683.494297,3,sched_state,waiting
183683.494301,6,sched_state,waiting
183683.494302,3,tick,""
183683.494306,6,tick,""
183683.494336,3,sched_state,waiting
183683.494341,3,tick,""
183683.494344,6,sched_state,waiting
183683.494350,6,tick,""
183683.494381,6,sched_state,waiting
183683.494381,3,sched_state,waiting
183683.494386,3,tick,""
183683.494387,6,tick,""
183683.494435,6,sched_state,waiting
183683.494440,6,tick,""
183683.494470,6,sched_state,waiting
183683.494475,6,tick,""
183683.494476,3,sched_state,waiting
183683.494482,3,tick,""
183683.494503,6,sched_state,waiting
183683.494509,6,tick,""
183683.494525,3,sched_state,waiting
183683.494531,3,tick,""
183683.494554,0,sched_state,waiting
183683.494559,0,tick,""
183683.494564,4,sched_state,waiting
183683.494563,3,sched_state,waiting
183683.494567,4,tick,""
183683.494569,3,tick,""
183683.494572,5,sched_state,waiting
183683.494578,5,tick,""
183683.494602,0,sched_state,waiting
183683.494607,4,sched_state,waiting
183683.494608,0,tick,""
183683.494610,4,tick,""
183683.494615,2,sched_state,waiting
183683.494617,5,sched_state,waiting
183683.494619,2,tick,""
183683.494622,5,tick,""
183683.494625,1,queue_length,0
183683.494630,1,sched_state,waiting
183683.494637,1,tick,""
183683.494644,4,sched_state,waiting
183683.494648,4,tick,""
183683.494656,0,sched_state,waiting
183683.494661,0,tick,""
183683.494667,2,sched_state,waiting
183683.494677,6,sched_state,waiting
183683.494679,2,tick,""
183683.494683,6,tick,""
183683.494716,0,sched_state,waiting
183683.494722,0,tick,""
183683.494727,3,sched_state,waiting
183683.494733,3,tick,""
183683.494739,2,sched_state,waiting
183683.494745,5,sched_state,waiting
183683.494746,2,tick,""
183683.494751,5,tick,""
183683.494761,4,sched_state,waiting
183683.494766,4,tick,""
183683.494773,0,sched_state,waiting
183683.494778,0,tick,""
183683.494783,6,sched_state,waiting
183683.494788,6,tick,""
183683.494817,2,sched_state,waiting
183683.494823,2,tick,""
183683.494835,0,sched_state,waiting
183683.494841,0,tick,""
183683.494846,4,sched_state,waiting
183683.494850,4,tick,""
183683.494860,6,sched_state,waiting
183683.494866,6,tick,""
183683.494885,0,sched_state,waiting
183683.494889,0,tick,""
183683.494888,2,sched_state,waiting
183683.494894,2,tick,""
183683.494899,5,sched_state,waiting
183683.494905,5,tick,""
183683.494917,4,sched_state,waiting
183683.494921,4,tick,""
183683.494937,2,sched_state,waiting
183683.494946,2,tick,""
183683.494949,5,sched_state,waiting
183683.494955,5,tick,""
183683.494992,5,sched_state,waiting
183683.494992,6,sched_state,waiting
183683.494997,5,tick,""
183683.494998,6,tick,""
183683.495035,5,sched_state,waiting
183683.495038,2,sched_state,waiting
183683.495041,5,tick,""
183683.495044,2,tick,""
183683.495081,5,sched_state,waiting
183683.495085,2,sched_state,waiting
183683.495086,5,tick,""
183683.495090,2,tick,""
183683.495125,2,sched_state,waiting
183683.495131,2,tick,""
183683.495136,5,sched_state,waiting
183683.495141,5,tick,""
183683.495162,2,sched_state,waiting
183683.495167,2,tick,""
183683.495177,5,sched_state,waiting
183683.495182,5,tick,""
183683.495196,2,sched_state,waiting
183683.495201,2,tick,""
183683.495234,2,sched_state,waiting
183683.495238,5,sched_state,waiting
183683.495239,2,tick,""
183683.495243,5,tick,""
183683.495270,2,sched_state,waiting
183683.495275,2,tick,""
183683.495280,5,sched_state,waiting
183683.495285,5,tick,""
183683.495318,5,sched_state,waiting
183683.495323,5,tick,""
183683.495364,5,sched_state,waiting
183683.495371,5,tick,""
183683.495667,3,sched_state,waiting
183683.495674,4,sched_state,waiting
183683.495674,3,tick,""
183683.495675,6,sched_state,waiting
183683.495678,4,tick,""
183683.495682,6,tick,""
183683.495682,7,queue_length,1
183683.495682,5,sched_state,waiting
183683.495683,0,sched_state,waiting
183683.495685,1,sched_state,waiting
183683.495687,0,tick,""
183683.495689,7,queue_length,0
183683.495689,5,tick,""
183683.495690,1,tick,""
183683.495721,4,sched_state,waiting
183683.495725,4,tick,""
183683.495724,0,sched_state,waiting
183683.495725,2,sched_state,waiting
183683.495729,0,tick,""
183683.495730,2,tick,""
183683.495747,6,sched_state,waiting
183683.495752,6,tick,""
183683.495754,1,sched_state,waiting
183683.495760,1,tick,""
183683.495768,3,sched_state,waiting
183683.495772,4,sched_state,waiting
183683.495774,3,tick,""
183683.495776,4,tick,""
183683.495780,5,sched_state,waiting
183683.495788,5,tick,""
183683.495794,0,sched_state,waiting
183683.495799,0,tick,""
183683.495822,4,sched_state,waiting
183683.495826,4,tick,""
183683.495832,2,sched_state,waiting
183683.495838,2,tick,""
183683.495837,0,sched_state,waiting
183683.495843,0,tick,""
183683.495852,5,sched_state,waiting
183683.495857,5,tick,""
183683.495869,4,sched_state,waiting
183683.495872,4,tick,""
183683.495886,6,sched_state,waiting
183683.495887,2,sched_state,waiting
183683.495891,0,sched_state,waiting
183683.495893,2,tick,""
183683.495893,6,tick,""
183683.495896,0,tick,""
183683.495913,4,sched_state,waiting
183683.495918,4,tick,""
183683.495960,5,sched_state,waiting
183683.495965,5,tick,""
183683.495973,4,sched_state,waiting
183683.495977,4,tick,""
183683.495989,2,sched_state,waiting
183683.495990,0,sched_state,waiting
183683.495995,2,tick,""
183683.496000,0,tick,""
183683.496014,5,sched_state,waiting
183683.496022,5,tick,""
183683.496039,2,sched_state,waiting
183683.496044,2,tick,""
183683.496044,0,sched_state,waiting
183683.496049,0,tick,""
183683.496057,5,sched_state,waiting
183683.496062,5,tick,""
183683.496079,2,sched_state,waiting
183683.496084,2,tick,""
183683.496093,0,sched_state,waiting
183683.496099,0,tick,""
183683.496141,2,sched_state,waiting
183683.496147,2,tick,""
183683.496150,0,sched_state,waiting
183683.496151,5,sched_state,waiting
183683.496155,0,tick,""
183683.496158,5,tick,""
183683.496171,3,sched_state,waiting
183683.496174,6,sched_state,waiting
183683.496174,1,sched_state,waiting
183683.496179,3,tick,""
183683.496180,6,tick,""
183683.496184,1,tick,""
183683.496205,2,sched_state,waiting
183683.496207,4,sched_state,waiting
183683.496211,2,tick,""
183683.496214,4,tick,""
183683.496273,0,sched_state,waiting
183683.496277,5,sched_state,waiting
183683.496282,5,tick,""
183683.496282,0,tick,""
183683.496293,3,sched_state,waiting
183683.496299,3,tick,""
183683.496316,4,sched_state,waiting
183683.496317,2,sched_state,waiting
183683.496320,4,tick,""
183683.496324,2,tick,""
183683.496336,6,sched_state,waiting
183683.496342,6,tick,""
183683.496352,0,sched_state,waiting
183683.496356,0,tick,""
183683.496371,2,sched_state,waiting
183683.496373,1,sched_state,waiting
183683.496377,2,tick,""
183683.496379,1,tick,""
183683.496389,6,sched_state,waiting
183683.496390,3,sched_state,waiting
183683.496394,6,tick,""
183683.496396,3,tick,""
183683.496421,2,sched_state,waiting
183683.496424,1,sched_state,waiting
183683.496427,2,tick,""
183683.496429,1,tick,""
183683.496451,5,sched_state,waiting
183683.496458,5,tick,""
183683.496466,2,sched_state,waiting
183683.496471,0,sched_state,waiting
183683.496473,2,tick,""
183683.496473,4,sched_state,waiting
183683.496477,4,tick,""
183683.496477,0,tick,""
183683.496505,4,sched_state,waiting
183683.496508,4,tick,""
183683.496529,1,sched_state,waiting
183683.496535,1,tick,""
183683.496566,0,sched_state,waiting
183683.496571,2,sched_state,waiting
183683.496573,0,tick,""
183683.496577,2,tick,""
183683.496577,5,sched_state,waiting
183683.496584,5,tick,""
183683.496600,1,sched_state,waiting
183683.496605,1,tick,""
183683.496628,2,sched_state,waiting
183683.496632,4,sched_state,waiting
183683.496634,2,tick,""
183683.496635,7,sched_state,running
183683.496641,4,tick,""
183683.496645,0,sched_state,waiting
183683.496659,0,tick,""
183683.496682,4,sched_state,waiting
183683.496684,1,sched_state,waiting
183683.496686,4,tick,""
183683.496690,1,tick,""
183683.496739,0,sched_state,waiting
183683.496742,1,sched_state,waiting
183683.496744,0,tick,""
183683.496749,1,tick,""
183683.496766,4,sched_state,waiting
183683.496770,4,tick,""
183683.496783,1,sched_state,waiting
183683.496788,1,tick,""
183683.496819,1,sched_state,waiting
183683.496824,1,tick,""
183683.496827,4,sched_state,waiting
183683.496835,4,tick,""
183683.496854,1,sched_state,waiting
183683.496859,1,tick,""
183683.496866,4,sched_state,waiting
183683.496870,4,tick,""
183683.496900,1,sched_state,waiting
183683.496902,4,sched_state,waiting
183683.496905,1,tick,""
183683.496905,4,tick,""
183683.496936,1,sched_state,waiting
183683.496942,1,tick,""
183683.496943,4,sched_state,waiting
183683.496947,4,tick,""
183683.496970,1,sched_state,waiting
183683.496975,1,tick,""
183683.496976,4,sched_state,waiting
183683.496979,4,tick,""
183683.497008,1,sched_state,waiting
183683.497014,1,tick,""
183683.497044,1,sched_state,waiting
183683.497050,1,tick,""
183683.497089,7,tick,""
183683.497098,7,reduction,""
183683.497101,7,sched_state,running
183683.497545,7,tick,""
183683.497551,7,reduction,""
183683.497555,7,sched_state,running
183683.497733,7,tick,""
183683.498216,6,sched_state,waiting
183683.498220,3,sched_state,waiting
183683.498223,6,tick,""
183683.498228,3,tick,""
183683.498230,0,sched_state,waiting
183683.498232,1,sched_state,waiting
183683.498234,0,tick,""
183683.498239,1,tick,""
183683.498238,4,sched_state,waiting
183683.498247,4,tick,""
183683.498267,5,sched_state,waiting
183683.498273,5,tick,""
183683.498281,3,sched_state,waiting
183683.498283,6,sched_state,waiting
183683.498288,6,tick,""
183683.498289,3,tick,""
183683.498304,5,sched_state,waiting
183683.498310,5,tick,""
183683.498328,0,sched_state,waiting
183683.498334,0,tick,""
183683.498334,3,sched_state,waiting
183683.498340,3,tick,""
183683.498385,0,sched_state,waiting
183683.498388,6,sched_state,waiting
183683.498391,4,sched_state,waiting
183683.498393,0,tick,""
183683.498394,6,tick,""
183683.498396,1,sched_state,waiting
183683.498398,4,tick,""
183683.498402,1,tick,""
183683.498420,5,sched_state,waiting
183683.498423,3,sched_state,waiting
183683.498427,5,tick,""
183683.498429,3,tick,""
183683.498457,1,sched_state,waiting
183683.498463,1,tick,""
183683.498469,5,sched_state,waiting
183683.498474,5,tick,""
183683.498486,0,sched_state,waiting
183683.498492,0,tick,""
183683.498496,1,sched_state,waiting
183683.498502,1,tick,""
183683.498503,5,sched_state,waiting
183683.498507,5,tick,""
183683.498527,3,sched_state,waiting
183683.498533,3,tick,""
183683.498534,0,sched_state,waiting
183683.498540,0,tick,""
183683.498572,3,sched_state,waiting
183683.498577,3,tick,""
183683.498604,3,sched_state,waiting
183683.498609,3,tick,""
183683.498661,1,sched_state,waiting
183683.498664,3,sched_state,waiting
183683.498667,1,tick,""
183683.498670,3,tick,""
183683.498696,1,sched_state,waiting
183683.498700,5,sched_state,waiting
183683.498702,1,tick,""
183683.498706,5,tick,""
183683.498706,3,sched_state,waiting
183683.498712,3,tick,""
183683.498741,1,sched_state,waiting
183683.498746,1,tick,""
183683.498754,5,sched_state,waiting
183683.498759,5,tick,""
183683.498780,1,sched_state,waiting
183683.498786,1,tick,""
183683.498800,3,sched_state,waiting
183683.498806,3,tick,""
183683.498829,1,sched_state,waiting
183683.498834,1,tick,""
183683.498840,3,sched_state,waiting
183683.498845,3,tick,""
183683.498867,1,sched_state,waiting
183683.498873,1,tick,""
183683.498880,3,sched_state,waiting
183683.498885,3,tick,""
183683.498908,1,sched_state,waiting
183683.498914,1,tick,""
183683.498922,3,sched_state,waiting
183683.498927,3,tick,""
183683.498958,3,sched_state,waiting
183683.498963,3,tick,""
183683.498991,3,sched_state,waiting
183683.498996,3,tick,""
183683.499024,3,sched_state,waiting
183683.499030,3,tick,""
183683.499058,3,sched_state,waiting
183683.499064,3,tick,""
183683.499100,3,sched_state,waiting
183683.499105,3,tick,""
183683.499134,3,sched_state,waiting
183683.499139,3,tick,""
183683.499171,3,sched_state,waiting
183683.499177,3,tick,""
183683.499201,2,sched_state,waiting
183683.499209,2,tick,""
183683.499216,3,sched_state,waiting
183683.499222,3,tick,""
183683.499224,4,sched_state,waiting
183683.499229,4,tick,""
183683.499230,0,sched_state,waiting
183683.499235,0,tick,""
183683.499240,1,sched_state,waiting
183683.499247,1,tick,""
183683.499251,5,sched_state,waiting
183683.499257,5,tick,""
183683.499277,4,sched_state,waiting
183683.499281,4,tick,""
183683.499284,3,sched_state,waiting
183683.499285,0,sched_state,waiting
183683.499290,3,tick,""
183683.499291,0,tick,""
183683.499315,2,sched_state,waiting
183683.499317,1,sched_state,waiting
183683.499327,2,tick,""
183683.499327,1,tick,""
183683.499336,0,sched_state,waiting
183683.499342,0,tick,""
183683.499367,1,sched_state,waiting
183683.499369,2,sched_state,waiting
183683.499373,1,tick,""
183683.499375,2,tick,""
183683.499382,5,sched_state,waiting
183683.499383,0,sched_state,waiting
183683.499387,0,tick,""
183683.499387,5,tick,""
183683.499409,4,sched_state,waiting
183683.499413,4,tick,""
183683.499434,5,sched_state,waiting
183683.499441,5,tick,""
183683.499447,0,sched_state,waiting
183683.499453,0,tick,""
183683.499453,1,sched_state,waiting
183683.499455,4,sched_state,waiting
183683.499459,4,tick,""
183683.499463,1,tick,""
183683.499476,2,sched_state,waiting
183683.499481,2,tick,""
183683.499505,4,sched_state,waiting
183683.499508,4,tick,""
183683.499534,4,sched_state,waiting
183683.499534,2,sched_state,waiting
183683.499539,4,tick,""
183683.499540,2,tick,""
183683.499575,2,sched_state,waiting
183683.499576,1,sched_state,waiting
183683.499582,2,tick,""
183683.499583,1,tick,""
183683.499593,4,sched_state,waiting
183683.499597,4,tick,""
183683.499628,2,sched_state,waiting
183683.499634,2,tick,""
183683.499635,1,sched_state,waiting
183683.499641,1,tick,""
183683.499674,2,sched_state,waiting
183683.499680,2,tick,""
183683.499714,4,sched_state,waiting
183683.499722,4,tick,""
183683.500403,6,sched_state,waiting
183683.500410,6,tick,""
183683.500424,0,sched_state,waiting
183683.500427,5,sched_state,waiting
183683.500431,0,tick,""
183683.500434,5,tick,""
183683.500433,1,sched_state,waiting
183683.500435,4,sched_state,waiting
183683.500435,2,sched_state,waiting
183683.500438,4,tick,""
183683.500438,1,tick,""
183683.500442,2,tick,""
183683.500467,3,sched_state,waiting
183683.500476,3,tick,""
183683.500485,2,sched_state,waiting
183683.500491,6,sched_state,waiting
183683.500492,2,tick,""
183683.500497,6,tick,""
183683.500519,4,sched_state,waiting
183683.500523,4,tick,""
183683.500524,3,sched_state,waiting
183683.500531,3,tick,""
183683.500540,1,sched_state,waiting
183683.500545,1,tick,""
183683.500547,6,sched_state,waiting
183683.500553,6,tick,""
183683.500567,3,sched_state,waiting
183683.500572,3,tick,""
183683.500589,6,sched_state,waiting
183683.500595,6,tick,""
183683.500611,4,sched_state,waiting
183683.500616,4,tick,""
183683.500615,2,sched_state,waiting
183683.500622,2,tick,""
183683.500642,4,sched_state,waiting
183683.500645,4,tick,""
183683.500670,4,sched_state,waiting
183683.500671,3,sched_state,waiting
183683.500674,4,tick,""
183683.500677,3,tick,""
183683.500686,6,sched_state,waiting
183683.500692,6,tick,""
183683.500700,4,sched_state,waiting
183683.500704,4,tick,""
183683.500716,2,sched_state,waiting
183683.500722,2,tick,""
183683.500735,6,sched_state,waiting
183683.500739,4,sched_state,waiting
183683.500740,6,tick,""
183683.500742,4,tick,""
183683.500762,2,sched_state,waiting
183683.500768,2,tick,""
183683.500773,6,sched_state,waiting
183683.500779,6,tick,""
183683.500789,4,sched_state,waiting
183683.500793,4,tick,""
183683.500804,2,sched_state,waiting
183683.500810,2,tick,""
183683.500823,6,sched_state,waiting
183683.500829,6,tick,""
183683.500838,4,sched_state,waiting
183683.500842,4,tick,""
183683.500879,4,sched_state,waiting
183683.500882,4,tick,""
183683.500884,6,sched_state,waiting
183683.500891,6,tick,""
183683.500915,4,sched_state,waiting
183683.500918,4,tick,""
183683.500944,4,sched_state,waiting
183683.500947,4,tick,""
183683.501084,6,sched_state,waiting
183683.501090,6,tick,""
183683.501172,6,sched_state,waiting
183683.501177,6,tick,""
183683.501223,6,sched_state,waiting
183683.501230,6,tick,""
183683.501303,6,sched_state,waiting
183683.501309,6,tick,""
183683.501340,6,sched_state,waiting
183683.501346,6,tick,""
183683.501378,6,sched_state,waiting
183683.501384,6,tick,""
183683.501392,3,channel_unblocked,814
183683.501402,7,yield,""
183683.501416,6,sched_state,waiting
183683.501422,6,tick,""
183683.501449,6,sched_state,waiting
183683.501456,6,tick,""
183683.501486,6,sched_state,waiting
183683.501491,6,tick,""
183683.501523,6,sched_state,waiting
183683.501529,6,tick,""
183683.501560,6,sched_state,waiting
183683.501565,6,tick,""
183683.501594,6,sched_state,waiting
183683.501601,6,tick,""
183683.501630,6,sched_state,waiting
183683.501636,6,tick,""
183683.501672,6,sched_state,waiting
183683.501684,6,tick,""
183683.501711,6,sched_state,waiting
183683.501717,6,tick,""
183683.502015,7,sched_state,running
183683.502471,7,tick,""
183683.502484,7,reduction,""
183683.502489,7,sched_state,running
183683.502760,7,tick,""
183683.502765,7,reduction,""
183683.502769,7,sched_state,running
183683.503031,7,tick,""
183683.503421,5,sched_state,waiting
183683.503429,5,tick,""
183683.503430,0,sched_state,waiting
183683.503434,1,sched_state,waiting
183683.503435,0,tick,""
183683.503437,3,sched_state,waiting
183683.503442,1,tick,""
183683.503445,3,tick,""
183683.503448,4,sched_state,waiting
183683.503451,4,tick,""
183683.503508,4,sched_state,waiting
183683.503508,1,sched_state,waiting
183683.503511,4,tick,""
183683.503513,1,tick,""
183683.503517,6,sched_state,waiting
183683.503525,6,tick,""
183683.503535,3,sched_state,waiting
183683.503544,3,tick,""
183683.503558,4,sched_state,waiting
183683.503562,4,tick,""
183683.503564,1,sched_state,waiting
183683.503570,1,tick,""
183683.503595,4,sched_state,waiting
183683.503599,4,tick,""
183683.503621,6,sched_state,waiting
183683.503628,6,tick,""
183683.503638,1,sched_state,waiting
183683.503644,1,tick,""
183683.503662,6,sched_state,waiting
183683.503668,6,tick,""
183683.503675,1,sched_state,waiting
183683.503680,1,tick,""
183683.503698,6,sched_state,waiting
183683.503703,6,tick,""
183683.503706,4,sched_state,waiting
183683.503710,4,tick,""
183683.503771,1,sched_state,waiting
183683.503777,1,tick,""
183683.503866,1,sched_state,waiting
183683.503866,7,queue_length,1
183683.503872,1,tick,""
183683.503958,1,sched_state,waiting
183683.503963,1,tick,""
183683.504304,2,sched_state,waiting
183683.504312,2,tick,""
183683.504326,5,sched_state,waiting
183683.504333,5,tick,""
183683.504334,4,sched_state,waiting
183683.504338,4,tick,""
183683.504354,2,sched_state,waiting
183683.504359,2,tick,""
183683.504368,6,sched_state,waiting
183683.504375,6,tick,""
183683.504395,2,sched_state,waiting
183683.504401,2,tick,""
183683.504411,6,sched_state,waiting
183683.504417,6,tick,""
183683.504423,4,sched_state,waiting
183683.504427,4,tick,""
183683.504459,4,sched_state,waiting
183683.504463,4,tick,""
183683.504482,4,sched_state,waiting
183683.504485,4,tick,""
183683.504497,2,sched_state,waiting
183683.504504,2,tick,""
183683.504534,2,sched_state,waiting
183683.504540,2,tick,""
183683.504565,2,sched_state,waiting
183683.504571,2,tick,""
183683.504580,3,sched_state,waiting
183683.504587,3,tick,""
183683.504599,6,sched_state,waiting
183683.504606,6,tick,""
183683.504609,2,sched_state,waiting
183683.504614,2,tick,""
183683.504648,3,sched_state,waiting
183683.504654,3,tick,""
183683.504902,4,sched_state,waiting
183683.504907,4,tick,""
183683.504939,4,sched_state,waiting
183683.504943,4,tick,""
183683.505162,1,sched_state,waiting
183683.505170,1,tick,""
183683.505187,6,sched_state,waiting
183683.505189,3,sched_state,waiting
183683.505190,4,sched_state,waiting
183683.505193,4,tick,""
183683.505194,6,tick,""
183683.505195,3,tick,""
183683.505214,5,sched_state,waiting
183683.505221,5,tick,""
183683.505222,1,sched_state,waiting
183683.505228,1,tick,""
183683.505253,2,sched_state,waiting
183683.505257,0,queue_length,1
183683.505261,2,tick,""
183683.505262,0,queue_length,0
183683.505270,4,sched_state,waiting
183683.505273,4,tick,""
183683.505276,5,sched_state,waiting
183683.505282,5,tick,""
183683.505326,3,sched_state,waiting
183683.505333,3,tick,""
183683.505343,2,sched_state,waiting
183683.505343,5,sched_state,waiting
183683.505349,2,tick,""
183683.505350,5,tick,""
183683.505383,5,sched_state,waiting
183683.505388,5,tick,""
183683.505418,2,sched_state,waiting
183683.505425,2,tick,""
183683.505421,5,sched_state,waiting
183683.505433,5,tick,""
183683.505457,2,sched_state,waiting
183683.505462,2,tick,""
183683.505474,5,sched_state,waiting
183683.505479,5,tick,""
183683.505799,0,channel_unblocked,814
183683.505807,7,yield,""
183683.505901,2,sched_state,waiting
183683.505906,1,sched_state,waiting
183683.505910,2,tick,""
183683.505914,1,tick,""
183683.505928,3,sched_state,waiting
183683.505936,3,tick,""
183683.505954,1,sched_state,waiting
183683.505961,1,tick,""
183683.505989,3,sched_state,waiting
183683.505996,3,tick,""
183683.506000,1,sched_state,waiting
183683.506006,1,tick,""
183683.506005,2,sched_state,waiting
183683.506012,2,tick,""
183683.506036,3,sched_state,waiting
183683.506043,3,tick,""
183683.506090,3,sched_state,waiting
183683.506096,3,tick,""
183683.506103,1,sched_state,waiting
183683.506109,1,tick,""
183683.506141,1,sched_state,waiting
183683.506147,1,tick,""
183683.506174,1,sched_state,waiting
183683.506179,1,tick,""
183683.506181,0,sched_state,running
183683.506211,1,sched_state,waiting
183683.506216,2,sched_state,waiting
183683.506217,1,tick,""
183683.506222,2,tick,""
183683.506261,2,sched_state,waiting
183683.506266,2,tick,""
183683.506301,2,sched_state,waiting
183683.506306,2,tick,""
183683.506346,7,sched_state,running
183683.506690,0,tick,""
183683.506695,0,sched_state,running
183683.506778,0,tick,""
183683.506793,1,sched_state,waiting
183683.506795,2,sched_state,waiting
183683.506799,1,tick,""
183683.506799,0,queue_length,0
183683.506801,2,tick,""
183683.506804,0,sched_state,waiting
183683.506809,0,tick,""
183683.506837,2,sched_state,waiting
183683.506843,2,tick,""
183683.506851,1,sched_state,waiting
183683.506857,1,tick,""
183683.506861,0,sched_state,waiting
183683.506867,0,tick,""
183683.506898,7,tick,""
183683.506905,7,sched_state,running
183683.506908,0,sched_state,waiting
183683.506912,7,tick,""
183683.506913,0,tick,""
183683.506927,4,sched_state,waiting
183683.506928,6,sched_state,waiting
183683.506934,4,tick,""
183683.506934,6,tick,""
183683.506935,5,sched_state,waiting
183683.506941,5,tick,""
183683.506942,2,sched_state,waiting
183683.506951,2,tick,""
183683.506953,3,sched_state,waiting
183683.506961,3,tick,""
183683.506972,0,sched_state,waiting
183683.506976,0,tick,""
183683.506986,6,sched_state,waiting
183683.506992,6,tick,""
183683.507036,6,sched_state,waiting
183683.507043,6,tick,""
183683.507062,2,sched_state,waiting
183683.507069,2,tick,""
183683.507079,0,sched_state,waiting
183683.507084,0,tick,""
183683.507089,6,sched_state,waiting
183683.507094,6,tick,""
183683.507099,2,sched_state,waiting
183683.507105,2,tick,""
183683.507121,5,sched_state,waiting
183683.507127,5,tick,""
183683.507131,6,sched_state,waiting
183683.507140,6,tick,""
183683.507175,0,sched_state,waiting
183683.507177,5,sched_state,waiting
183683.507180,0,tick,""
183683.507183,5,tick,""
183683.507186,6,sched_state,waiting
183683.507190,6,tick,""
183683.507210,0,sched_state,waiting
183683.507214,0,tick,""
183683.507238,7,queue_length,1
183683.507243,6,sched_state,waiting
183683.507250,6,tick,""
183683.507280,5,sched_state,waiting
183683.507287,5,tick,""
183683.507298,0,sched_state,waiting
183683.507303,0,tick,""
183683.507346,0,sched_state,waiting
183683.507351,0,tick,""
183683.507357,5,sched_state,waiting
183683.507361,5,tick,""
183683.507618,3,sched_state,waiting
183683.507626,3,tick,""
183683.507661,2,sched_state,waiting
183683.507664,3,sched_state,waiting
183683.507665,6,sched_state,waiting
183683.507668,2,tick,""
183683.507667,5,sched_state,waiting
183683.507670,3,tick,""
183683.507670,6,tick,""
183683.507674,5,tick,""
183683.507675,7,queue_length,0
183683.507676,0,sched_state,waiting
183683.507680,7,sched_state,waiting
183683.507681,0,tick,""
183683.507698,4,sched_state,waiting
183683.507704,4,tick,""
183683.507782,7,tick,""
183683.507800,5,sched_state,waiting
183683.507806,5,tick,""
183683.507815,0,sched_state,waiting
183683.507822,7,sched_state,waiting
183683.507822,0,tick,""
183683.507828,7,tick,""
183683.507828,2,sched_state,waiting
183683.507835,2,tick,""
183683.507869,7,sched_state,waiting
183683.507874,7,tick,""
183683.507878,4,sched_state,waiting
183683.507882,4,tick,""
183683.507882,2,sched_state,waiting
183683.507889,2,tick,""
183683.507890,6,sched_state,waiting
183683.507897,6,tick,""
183683.507920,2,sched_state,waiting
183683.507920,7,sched_state,waiting
183683.507925,7,tick,""
183683.507926,2,tick,""
183683.507948,6,sched_state,waiting
183683.507955,6,tick,""
183683.507966,2,sched_state,waiting
183683.507967,4,sched_state,waiting
183683.507971,4,tick,""
183683.507972,2,tick,""
183683.507979,7,sched_state,waiting
183683.507985,7,tick,""
183683.507991,6,sched_state,waiting
183683.507998,6,tick,""
183683.508008,2,sched_state,waiting
183683.508010,4,sched_state,waiting
183683.508014,4,tick,""
183683.508013,2,tick,""
183683.508039,6,sched_state,waiting
183683.508047,6,tick,""
183683.508057,4,sched_state,waiting
183683.508061,4,tick,""
183683.508096,6,sched_state,waiting
183683.508102,6,tick,""
183683.508121,4,sched_state,waiting
183683.508125,4,tick,""
183683.508141,6,sched_state,waiting
183683.508147,6,tick,""
183683.508155,4,sched_state,waiting
183683.508158,4,tick,""
183683.508180,4,sched_state,waiting
183683.508182,7,sched_state,waiting
183683.508183,4,tick,""
183683.508194,7,tick,""
183683.508204,6,sched_state,waiting
183683.508205,4,sched_state,waiting
183683.508208,4,tick,""
183683.508211,6,tick,""
183683.508233,7,sched_state,waiting
183683.508239,7,tick,""
183683.508247,4,sched_state,waiting
183683.508250,4,tick,""
183683.508253,6,sched_state,waiting
183683.508259,6,tick,""
183683.508275,7,sched_state,waiting
183683.508281,7,tick,""
183683.508289,4,sched_state,waiting
183683.508293,4,tick,""
183683.508312,7,sched_state,waiting
183683.508318,7,tick,""
183683.508344,4,sched_state,waiting
183683.508347,7,sched_state,waiting
183683.508348,4,tick,""
183683.508352,7,tick,""
183683.508394,6,sched_state,waiting
183683.508401,6,tick,""
183683.508440,6,sched_state,waiting
183683.508445,6,tick,""
183683.508497,4,sched_state,waiting
183683.508501,4,tick,""
183683.508513,6,sched_state,waiting
183683.508518,6,tick,""
183683.508530,4,sched_state,waiting
183683.508534,4,tick,""
183683.508582,3,sched_state,waiting
183683.508589,3,tick,""
183683.508591,6,sched_state,waiting
183683.508591,2,sched_state,waiting
183683.508595,0,sched_state,waiting
183683.508597,6,tick,""
183683.508598,2,tick,""
183683.508599,0,tick,""
183683.508600,7,sched_state,waiting
183683.508602,1,queue_length,1
183683.508605,7,tick,""
183683.508606,1,queue_length,0
183683.508619,4,sched_state,waiting
183683.508624,4,tick,""
183683.508653,3,sched_state,waiting
183683.508659,3,tick,""
183683.508664,7,sched_state,waiting
183683.508669,7,tick,""
183683.508673,6,sched_state,waiting
183683.508676,4,sched_state,waiting
183683.508679,6,tick,""
183683.508680,4,tick,""
183683.508689,2,sched_state,waiting
183683.508695,2,tick,""
183683.508700,3,sched_state,waiting
183683.508705,3,tick,""
183683.508715,4,sched_state,waiting
183683.508718,4,tick,""
183683.508743,2,sched_state,waiting
183683.508749,2,tick,""
183683.508749,5,sched_state,waiting
183683.508757,4,sched_state,waiting
183683.508758,5,tick,""
183683.508762,4,tick,""
183683.508774,0,sched_state,waiting
183683.508775,7,sched_state,waiting
183683.508778,6,sched_state,waiting
183683.508779,0,tick,""
183683.508782,7,tick,""
183683.508783,6,tick,""
183683.508786,2,sched_state,waiting
183683.508791,2,tick,""
183683.508801,4,sched_state,waiting
183683.508805,4,tick,""
183683.508810,5,sched_state,waiting
183683.508816,5,tick,""
183683.508825,0,sched_state,waiting
183683.508830,0,tick,""
183683.508847,3,sched_state,waiting
183683.508852,4,sched_state,waiting
183683.508855,4,tick,""
183683.508858,3,tick,""
183683.508866,5,sched_state,waiting
183683.508870,7,sched_state,waiting
183683.508873,5,tick,""
183683.508873,0,sched_state,waiting
183683.508876,7,tick,""
183683.508877,0,tick,""
183683.508886,2,sched_state,waiting
183683.508893,2,tick,""
183683.508907,6,sched_state,waiting
183683.508913,6,tick,""
183683.508926,4,sched_state,waiting
183683.508929,4,tick,""
183683.508930,3,sched_state,waiting
183683.508938,3,tick,""
183683.508948,5,sched_state,waiting
183683.508954,5,tick,""
183683.508959,0,sched_state,waiting
183683.508963,6,sched_state,waiting
183683.508967,0,tick,""
183683.508969,6,tick,""
183683.508976,2,sched_state,waiting
183683.508981,2,tick,""
183683.508993,7,sched_state,waiting
183683.508993,3,sched_state,waiting
183683.508999,7,tick,""
183683.508999,3,tick,""
183683.508999,5,sched_state,waiting
183683.509004,4,sched_state,waiting
183683.509005,5,tick,""
183683.509008,4,tick,""
183683.509019,0,sched_state,waiting
183683.509022,0,tick,""
183683.509053,3,sched_state,waiting
183683.509057,4,sched_state,waiting
183683.509058,5,sched_state,waiting
183683.509060,3,tick,""
183683.509062,4,tick,""
183683.509065,5,tick,""
183683.509069,0,sched_state,waiting
183683.509073,0,tick,""
183683.509086,6,sched_state,waiting
183683.509093,6,tick,""
183683.509101,2,sched_state,waiting
183683.509107,2,tick,""
183683.509119,7,sched_state,waiting
183683.509120,0,sched_state,waiting
183683.509124,7,tick,""
183683.509124,0,tick,""
183683.509135,3,sched_state,waiting
183683.509140,3,tick,""
183683.509140,6,sched_state,waiting
183683.509141,5,sched_state,waiting
183683.509146,6,tick,""
183683.509146,5,tick,""
183683.509150,2,sched_state,waiting
183683.509155,2,tick,""
183683.509178,0,sched_state,waiting
183683.509183,0,tick,""
183683.509197,4,sched_state,waiting
183683.509199,6,sched_state,waiting
183683.509206,6,tick,""
183683.509205,3,sched_state,waiting
183683.509209,4,tick,""
183683.509212,3,tick,""
183683.509228,5,sched_state,waiting
183683.509233,5,tick,""
183683.509252,4,sched_state,waiting
183683.509252,6,sched_state,waiting
183683.509255,4,tick,""
183683.509258,6,tick,""
183683.509282,2,sched_state,waiting
183683.509288,2,tick,""
183683.509294,6,sched_state,waiting
183683.509298,0,sched_state,waiting
183683.509300,6,tick,""
183683.509304,0,tick,""
183683.509323,3,sched_state,waiting
183683.509327,2,sched_state,waiting
183683.509330,3,tick,""
183683.509333,2,tick,""
183683.509343,0,sched_state,waiting
183683.509347,1,sched_state,running
183683.509349,0,tick,""
183683.509351,6,sched_state,waiting
183683.509358,6,tick,""
183683.509380,2,sched_state,waiting
183683.509382,4,sched_state,waiting
183683.509384,3,sched_state,waiting
183683.509387,2,tick,""
183683.509388,4,tick,""
183683.509390,3,tick,""
183683.509401,0,sched_state,waiting
183683.509408,0,tick,""
183683.509451,0,sched_state,waiting
183683.509457,0,tick,""
183683.509454,3,sched_state,waiting
183683.509466,3,tick,""
183683.509483,4,sched_state,waiting
183683.509487,4,tick,""
183683.509492,0,sched_state,waiting
183683.509496,0,tick,""
183683.509502,3,sched_state,waiting
183683.509509,3,tick,""
183683.509521,4,sched_state,waiting
183683.509525,4,tick,""
183683.509547,0,sched_state,waiting
183683.509553,0,tick,""
183683.509562,4,sched_state,waiting
183683.509566,4,tick,""
183683.509597,0,sched_state,waiting
183683.509598,4,sched_state,waiting
183683.509602,4,tick,""
183683.509603,0,tick,""
183683.509623,4,sched_state,waiting
183683.509626,4,tick,""
183683.509627,3,sched_state,waiting
183683.509633,3,tick,""
183683.509642,0,sched_state,waiting
183683.509647,0,tick,""
183683.509651,4,sched_state,waiting
183683.509654,4,tick,""
183683.509678,4,sched_state,waiting
183683.509682,4,tick,""
183683.509687,3,sched_state,waiting
183683.509692,3,tick,""
183683.509702,0,sched_state,waiting
183683.509707,0,tick,""
183683.509710,4,sched_state,waiting
183683.509714,4,tick,""
183683.509728,3,sched_state,waiting
183683.509740,1,tick,""
183683.509741,3,tick,""
183683.509747,1,reduction,""
183683.509750,1,sched_state,running
183683.509765,4,sched_state,waiting
183683.509769,4,tick,""
183683.509783,3,sched_state,waiting
183683.509789,3,tick,""
183683.509829,3,sched_state,waiting
183683.509835,3,tick,""
183683.509867,3,sched_state,waiting
183683.509872,3,tick,""
183683.509990,1,tick,""
183683.509997,1,reduction,""
183683.510000,1,sched_state,running
183683.510397,1,tick,""
183683.510835,7,sched_state,waiting
183683.510842,7,tick,""
183683.510880,6,sched_state,waiting
183683.510887,6,tick,""
183683.510889,0,sched_state,waiting
183683.510892,4,sched_state,waiting
183683.510891,3,sched_state,waiting
183683.510897,4,tick,""
183683.510900,3,tick,""
183683.510901,0,tick,""
183683.510932,4,sched_state,waiting
183683.510936,4,tick,""
183683.510940,6,sched_state,waiting
183683.510940,2,sched_state,waiting
183683.510947,6,tick,""
183683.510947,2,tick,""
183683.510948,3,sched_state,waiting
183683.510954,3,tick,""
183683.510968,4,sched_state,waiting
183683.510971,4,tick,""
183683.510988,2,sched_state,waiting
183683.510989,6,sched_state,waiting
183683.510993,6,tick,""
183683.510993,2,tick,""
183683.511018,0,sched_state,waiting
183683.511020,3,sched_state,waiting
183683.511026,3,tick,""
183683.511027,0,tick,""
183683.511030,2,sched_state,waiting
183683.511036,2,tick,""
183683.511054,4,sched_state,waiting
183683.511057,4,tick,""
183683.511072,3,sched_state,waiting
183683.511077,0,sched_state,waiting
183683.511078,3,tick,""
183683.511078,2,sched_state,waiting
183683.511081,0,tick,""
183683.511083,2,tick,""
183683.511085,4,sched_state,waiting
183683.511088,4,tick,""
183683.511103,6,sched_state,waiting
183683.511109,6,tick,""
183683.511114,0,sched_state,waiting
183683.511118,0,tick,""
183683.511125,4,sched_state,waiting
183683.511128,4,tick,""
183683.511130,3,sched_state,waiting
183683.511136,3,tick,""
183683.511156,2,sched_state,waiting
183683.511160,0,sched_state,waiting
183683.511162,2,tick,""
183683.511163,0,tick,""
183683.511175,4,sched_state,waiting
183683.511177,6,sched_state,waiting
183683.511178,4,tick,""
183683.511183,6,tick,""
183683.511219,0,sched_state,waiting
183683.511221,4,sched_state,waiting
183683.511221,6,sched_state,waiting
183683.511227,0,tick,""
183683.511230,4,tick,""
183683.511232,6,tick,""
183683.511252,3,sched_state,waiting
183683.511258,3,tick,""
183683.511271,6,sched_state,waiting
183683.511275,2,sched_state,waiting
183683.511276,6,tick,""
183683.511280,2,tick,""
183683.511288,0,sched_state,waiting
183683.511295,0,tick,""
183683.511328,3,sched_state,waiting
183683.511328,2,sched_state,waiting
183683.511334,2,tick,""
183683.511334,3,tick,""
183683.511338,4,sched_state,waiting
183683.511342,4,tick,""
183683.511349,6,sched_state,waiting
183683.511355,6,tick,""
183683.511392,6,sched_state,waiting
183683.511391,2,sched_state,waiting
183683.511397,6,tick,""
183683.511397,2,tick,""
183683.511423,4,sched_state,waiting
183683.511427,4,tick,""
183683.511434,6,sched_state,waiting
183683.511434,2,sched_state,waiting
183683.511440,2,tick,""
183683.511440,6,tick,""
183683.511458,4,sched_state,waiting
183683.511462,4,tick,""
183683.511494,2,sched_state,waiting
183683.511501,2,tick,""
183683.511531,4,sched_state,waiting
183683.511532,2,sched_state,waiting
183683.511536,4,tick,""
183683.511538,2,tick,""
183683.511560,4,sched_state,waiting
183683.511563,4,tick,""
183683.511574,2,sched_state,waiting
183683.511580,2,tick,""
183683.511594,4,sched_state,waiting
183683.511598,4,tick,""
183683.511604,5,sched_state,waiting
183683.511611,2,sched_state,waiting
183683.511613,5,tick,""
183683.511623,2,tick,""
183683.511631,7,sched_state,waiting
183683.511638,7,tick,""
183683.511644,0,sched_state,waiting
183683.511644,3,sched_state,waiting
183683.511649,3,tick,""
183683.511649,0,tick,""
183683.511649,6,sched_state,waiting
183683.511655,6,tick,""
183683.511657,2,sched_state,waiting
183683.511663,2,tick,""
183683.511678,5,sched_state,waiting
183683.511684,5,tick,""
183683.511689,4,sched_state,waiting
183683.511694,4,tick,""
183683.511715,7,sched_state,waiting
183683.511722,7,tick,""
183683.511723,4,sched_state,waiting
183683.511728,4,tick,""
183683.511744,3,sched_state,waiting
183683.511750,3,tick,""
183683.511773,7,sched_state,waiting
183683.511779,7,tick,""
183683.511794,3,sched_state,waiting
183683.511800,3,tick,""
183683.511807,5,sched_state,waiting
183683.511814,5,tick,""
183683.511820,7,sched_state,waiting
183683.511827,7,tick,""
183683.511851,3,sched_state,waiting
183683.511857,3,tick,""
183683.511870,5,sched_state,waiting
183683.511875,5,tick,""
183683.511889,3,sched_state,waiting
183683.511893,7,sched_state,waiting
183683.511896,3,tick,""
183683.511899,7,tick,""
183683.511943,5,sched_state,waiting
183683.511949,5,tick,""
183683.511982,3,sched_state,waiting
183683.511989,3,tick,""
183683.512018,3,sched_state,waiting
183683.512025,3,tick,""
183683.512048,5,sched_state,waiting
183683.512053,5,tick,""
183683.512085,5,sched_state,waiting
183683.512092,5,tick,""
183683.512125,3,sched_state,waiting
183683.512131,3,tick,""
183683.512136,5,sched_state,waiting
183683.512142,5,tick,""
183683.512183,5,sched_state,waiting
183683.512190,5,tick,""
183683.512220,3,sched_state,waiting
183683.512226,3,tick,""
183683.512229,5,sched_state,waiting
183683.512234,5,tick,""
183683.512257,3,sched_state,waiting
183683.512262,3,tick,""
183683.512369,5,sched_state,waiting
183683.512376,5,tick,""
183683.512410,5,sched_state,waiting
183683.512415,5,tick,""
183683.512447,5,sched_state,waiting
183683.512453,5,tick,""
183683.512519,5,sched_state,waiting
183683.512526,5,tick,""
183683.512559,5,sched_state,waiting
183683.512565,5,tick,""
183683.513328,1,channel_unblocked,87
183683.513334,1,yield,""
183683.513823,1,sched_state,running
183683.514203,1,tick,""
183683.514212,1,reduction,""
183683.514213,1,sched_state,running
183683.514376,1,tick,""
183683.514383,1,sched_state,stop
