timestamp,lpu,event,value
183682.582895,6,sched_state,startup
183682.582898,2,sched_state,startup
183682.582940,5,sched_state,startup
183682.582945,1,sched_state,startup
183682.582940,7,sched_state,startup
183682.582940,3,sched_state,startup
183682.582940,4,sched_state,startup
183682.583428,4,tick,""
183682.583442,0,sched_state,startup
183682.583443,6,tick,""
183682.583443,2,tick,""
183682.583487,5,tick,""
183682.583487,1,tick,""
183682.583492,7,tick,""
183682.583492,3,tick,""
183682.583561,0,tick,""
183682.583716,4,queue_length,0
183682.583719,2,queue_length,0
183682.583723,4,sched_state,waiting
183682.583727,2,sched_state,waiting
183682.583732,4,tick,""
183682.583736,2,tick,""
183682.583747,6,queue_length,0
183682.583757,6,sched_state,waiting
183682.583766,6,tick,""
183682.586901,5,queue_length,0
183682.586913,1,queue_length,0
183682.586944,5,sched_state,waiting
183682.586944,1,sched_state,waiting
183682.586966,3,queue_length,0
183682.586990,5,tick,""
183682.586990,1,tick,""
183682.587000,3,sched_state,waiting
183682.587047,3,tick,""
183682.587088,7,queue_length,0
183682.587096,7,sched_state,waiting
183682.587106,7,tick,""
183682.587294,0,queue_length,0
183682.588081,4,sched_state,waiting
183682.588089,4,tick,""
183682.588148,7,sched_state,waiting
183682.588151,5,sched_state,waiting
183682.588158,7,tick,""
183682.588159,5,tick,""
183682.588206,5,sched_state,waiting
183682.588213,5,tick,""
183682.588214,3,sched_state,waiting
183682.588221,3,tick,""
183682.588235,1,sched_state,waiting
183682.588240,1,tick,""
183682.588270,3,sched_state,waiting
183682.588275,3,tick,""
183682.588286,4,sched_state,waiting
183682.588291,4,tick,""
183682.588295,1,sched_state,waiting
183682.588297,0,sched_state,running
183682.588300,1,tick,""
183682.588322,3,sched_state,waiting
183682.588327,3,tick,""
183682.588347,1,sched_state,waiting
183682.588351,1,tick,""
183682.588363,4,sched_state,waiting
183682.588365,3,sched_state,waiting
183682.588367,4,tick,""
183682.588370,3,tick,""
183682.588387,1,sched_state,waiting
183682.588392,1,tick,""
183682.588411,3,sched_state,waiting
183682.588412,4,sched_state,waiting
183682.588416,4,tick,""
183682.588416,3,tick,""
183682.588427,1,sched_state,waiting
183682.588434,1,tick,""
183682.588455,3,sched_state,waiting
183682.588459,3,tick,""
183682.588473,0,tick,""
183682.588484,0,reduction,""
183682.588487,0,sched_state,running
183682.588489,2,sched_state,waiting
183682.588491,7,sched_state,waiting
183682.588494,5,sched_state,waiting
183682.588497,2,tick,""
183682.588497,7,tick,""
183682.588500,5,tick,""
183682.588502,4,sched_state,waiting
183682.588506,4,tick,""
183682.588544,7,sched_state,waiting
183682.588547,5,sched_state,waiting
183682.588548,7,tick,""
183682.588551,5,tick,""
183682.588575,2,sched_state,waiting
183682.588581,2,tick,""
183682.588592,4,sched_state,waiting
183682.588594,5,sched_state,waiting
183682.588598,4,tick,""
183682.588599,5,tick,""
183682.588601,7,sched_state,waiting
183682.588608,7,tick,""
183682.588625,2,sched_state,waiting
183682.588630,2,tick,""
183682.588636,4,sched_state,waiting
183682.588640,4,tick,""
183682.588652,7,sched_state,waiting
183682.588653,5,sched_state,waiting
183682.588658,5,tick,""
183682.588658,0,tick,""
183682.588659,7,tick,""
183682.588664,0,reduction,""
183682.588672,0,sched_state,running
183682.588672,1,sched_state,waiting
183682.588676,1,tick,""
183682.588686,6,sched_state,waiting
183682.588690,3,sched_state,waiting
183682.588690,2,sched_state,waiting
183682.588693,6,tick,""
183682.588695,2,tick,""
183682.588695,3,tick,""
183682.588722,4,sched_state,waiting
183682.588728,4,tick,""
183682.588731,1,sched_state,waiting
183682.588731,5,sched_state,waiting
183682.588736,1,tick,""
183682.588736,5,tick,""
183682.588751,3,sched_state,waiting
183682.588756,3,tick,""
183682.588762,4,sched_state,waiting
183682.588766,4,tick,""
183682.588772,2,sched_state,waiting
183682.588778,2,tick,""
183682.588786,1,sched_state,waiting
183682.588791,1,tick,""
183682.588807,4,sched_state,waiting
183682.588811,4,tick,""
183682.588815,3,sched_state,waiting
183682.588819,3,tick,""
183682.588830,6,sched_state,waiting
183682.588831,1,sched_state,waiting
183682.588833,2,sched_state,waiting
183682.588836,1,tick,""
183682.588836,6,tick,""
183682.588837,2,tick,""
183682.588853,0,tick,""
183682.588857,0,reduction,""
183682.588860,0,sched_state,running
183682.588882,4,sched_state,waiting
183682.588886,4,tick,""
183682.588888,1,sched_state,waiting
183682.588894,1,tick,""
183682.588902,5,sched_state,waiting
183682.588907,5,tick,""
183682.588925,7,sched_state,waiting
183682.588930,7,tick,""
183682.588959,1,sched_state,waiting
183682.588964,1,tick,""
183682.588974,2,sched_state,waiting
183682.588975,7,sched_state,waiting
183682.588979,2,tick,""
183682.588980,7,tick,""
183682.588995,5,sched_state,waiting
183682.589000,5,tick,""
183682.589013,2,sched_state,waiting
183682.589018,2,tick,""
183682.589024,1,sched_state,waiting
183682.589029,1,tick,""
183682.589040,0,tick,""
183682.589041,5,sched_state,waiting
183682.589043,3,sched_state,waiting
183682.589044,0,reduction,""
183682.589045,5,tick,""
183682.589048,3,tick,""
183682.589046,0,sched_state,running
183682.589064,7,sched_state,waiting
183682.589065,6,sched_state,waiting
183682.589069,7,tick,""
183682.589073,6,tick,""
183682.589110,3,sched_state,waiting
183682.589114,5,sched_state,waiting
183682.589115,3,tick,""
183682.589120,5,tick,""
183682.589134,1,sched_state,waiting
183682.589137,7,sched_state,waiting
183682.589138,1,tick,""
183682.589138,6,sched_state,waiting
183682.589141,7,tick,""
183682.589143,6,tick,""
183682.589157,5,sched_state,waiting
183682.589162,5,tick,""
183682.589165,3,sched_state,waiting
183682.589176,3,tick,""
183682.589178,0,tick,""
183682.589183,4,sched_state,waiting
183682.589185,4,tick,""
183682.589186,0,reduction,""
183682.589194,0,sched_state,running
183682.589200,2,sched_state,waiting
183682.589202,1,sched_state,waiting
183682.589205,2,tick,""
183682.589207,1,tick,""
183682.589236,5,sched_state,waiting
183682.589241,5,tick,""
183682.589249,6,sched_state,waiting
183682.589254,6,tick,""
183682.589257,1,sched_state,waiting
183682.589261,1,tick,""
183682.589279,2,sched_state,waiting
183682.589285,2,tick,""
183682.589290,5,sched_state,waiting
183682.589294,5,tick,""
183682.589295,0,tick,""
183682.589300,0,reduction,""
183682.589301,4,sched_state,waiting
183682.589301,0,sched_state,running
183682.589304,4,tick,""
183682.589308,7,sched_state,waiting
183682.589313,7,tick,""
183682.589328,5,sched_state,waiting
183682.589332,5,tick,""
183682.589333,2,sched_state,waiting
183682.589337,2,tick,""
183682.589362,3,sched_state,waiting
183682.589366,3,tick,""
183682.589377,7,sched_state,waiting
183682.589382,4,sched_state,waiting
183682.589382,7,tick,""
183682.589387,4,tick,""
183682.589407,0,tick,""
183682.589408,6,sched_state,waiting
183682.589412,6,tick,""
183682.589413,0,reduction,""
183682.589415,0,sched_state,running
183682.589425,4,sched_state,waiting
183682.589428,4,tick,""
183682.589433,2,sched_state,waiting
183682.589438,2,tick,""
183682.589439,1,sched_state,waiting
183682.589444,1,tick,""
183682.589458,6,sched_state,waiting
183682.589469,6,tick,""
183682.589480,2,sched_state,waiting
183682.589484,2,tick,""
183682.589492,1,sched_state,waiting
183682.589493,5,sched_state,waiting
183682.589496,1,tick,""
183682.589497,5,tick,""
183682.589522,6,sched_state,waiting
183682.589527,6,tick,""
183682.589542,5,sched_state,waiting
183682.589546,5,tick,""
183682.589558,2,sched_state,waiting
183682.589562,1,sched_state,waiting
183682.589564,2,tick,""
183682.589566,1,tick,""
183682.589566,0,tick,""
183682.589569,6,sched_state,waiting
183682.589573,0,reduction,""
183682.589574,6,tick,""
183682.589579,3,sched_state,waiting
183682.589583,3,tick,""
183682.589583,0,sched_state,running
183682.589604,7,sched_state,waiting
183682.589607,4,sched_state,waiting
183682.589607,2,sched_state,waiting
183682.589609,7,tick,""
183682.589610,4,tick,""
183682.589612,2,tick,""
183682.589652,6,sched_state,waiting
183682.589657,6,tick,""
183682.589662,1,sched_state,waiting
183682.589663,2,sched_state,waiting
183682.589667,2,tick,""
183682.589668,1,tick,""
183682.589689,3,sched_state,waiting
183682.589693,6,sched_state,waiting
183682.589695,3,tick,""
183682.589697,6,tick,""
183682.589712,7,sched_state,waiting
183682.589717,7,tick,""
183682.589723,2,sched_state,waiting
183682.589728,2,tick,""
183682.589737,3,sched_state,waiting
183682.589742,3,tick,""
183682.589753,5,sched_state,waiting
183682.589757,0,tick,""
183682.589758,5,tick,""
183682.589761,0,reduction,""
183682.589764,6,sched_state,waiting
183682.589765,0,sched_state,running
183682.589767,7,sched_state,waiting
183682.589769,6,tick,""
183682.589772,7,tick,""
183682.589787,3,sched_state,waiting
183682.589791,3,tick,""
183682.589814,6,sched_state,waiting
183682.589819,6,tick,""
183682.589826,3,sched_state,waiting
183682.589826,7,sched_state,waiting
183682.589830,3,tick,""
183682.589830,7,tick,""
183682.589835,1,sched_state,waiting
183682.589837,0,tick,""
183682.589840,1,tick,""
183682.589841,4,sched_state,waiting
183682.589843,0,reduction,""
183682.589844,4,tick,""
183682.589845,0,sched_state,running
183682.589856,6,sched_state,waiting
183682.589860,6,tick,""
183682.589860,5,sched_state,waiting
183682.589865,5,tick,""
183682.589879,7,sched_state,waiting
183682.589883,7,tick,""
183682.589894,4,sched_state,waiting
183682.589895,2,sched_state,waiting
183682.589897,4,tick,""
183682.589898,1,sched_state,waiting
183682.589900,2,tick,""
183682.589903,1,tick,""
183682.589919,5,sched_state,waiting
183682.589923,5,tick,""
183682.589925,6,sched_state,waiting
183682.589930,6,tick,""
183682.589930,7,sched_state,waiting
183682.589934,7,tick,""
183682.589946,2,sched_state,waiting
183682.589946,1,sched_state,waiting
183682.589950,1,tick,""
183682.589951,2,tick,""
183682.589951,0,tick,""
183682.589959,0,reduction,""
183682.589961,0,sched_state,running
183682.589970,4,sched_state,waiting
183682.589974,4,tick,""
183682.589984,6,sched_state,waiting
183682.589987,5,sched_state,waiting
183682.589988,6,tick,""
183682.589992,5,tick,""
183682.589995,2,sched_state,waiting
183682.590000,2,tick,""
183682.590018,1,sched_state,waiting
183682.590019,7,sched_state,waiting
183682.590023,1,tick,""
183682.590024,7,tick,""
183682.590028,6,sched_state,waiting
183682.590033,6,tick,""
183682.590045,4,sched_state,waiting
183682.590047,4,tick,""
183682.590053,0,tick,""
183682.590059,0,reduction,""
183682.590059,2,sched_state,waiting
183682.590061,0,sched_state,running
183682.590064,2,tick,""
183682.590074,5,sched_state,waiting
183682.590079,5,tick,""
183682.590086,7,sched_state,waiting
183682.590090,7,tick,""
183682.590114,5,sched_state,waiting
183682.590115,2,sched_state,waiting
183682.590124,2,tick,""
183682.590124,5,tick,""
183682.590131,1,sched_state,waiting
183682.590137,1,tick,""
183682.590147,6,sched_state,waiting
183682.590152,4,sched_state,waiting
183682.590152,6,tick,""
183682.590152,0,tick,""
183682.590155,4,tick,""
183682.590157,0,reduction,""
183682.590160,0,sched_state,running
183682.590176,1,sched_state,waiting
183682.590182,1,tick,""
183682.590210,2,sched_state,waiting
183682.590216,2,tick,""
183682.590233,4,sched_state,waiting
183682.590236,4,tick,""
183682.590243,1,sched_state,waiting
183682.590248,1,tick,""
183682.590250,0,tick,""
183682.590254,0,reduction,""
183682.590257,0,sched_state,running
183682.590264,4,sched_state,waiting
183682.590267,4,tick,""
183682.590309,4,sched_state,waiting
183682.590309,1,sched_state,waiting
183682.590312,4,tick,""
183682.590314,1,tick,""
183682.590318,2,sched_state,waiting
183682.590323,2,tick,""
183682.590336,4,sched_state,waiting
183682.590339,4,tick,""
183682.590349,0,tick,""
183682.590355,0,reduction,""
183682.590363,0,sched_state,running
183682.590376,2,sched_state,waiting
183682.590381,2,tick,""
183682.590381,7,sched_state,waiting
183682.590384,6,sched_state,waiting
183682.590387,7,tick,""
183682.590390,6,tick,""
183682.590402,1,sched_state,waiting
183682.590407,1,tick,""
183682.590421,4,sched_state,waiting
183682.590424,4,tick,""
183682.590429,2,sched_state,waiting
183682.590433,2,tick,""
183682.590448,1,sched_state,waiting
183682.590452,1,tick,""
183682.590463,5,sched_state,waiting
183682.590467,0,tick,""
183682.590467,5,tick,""
183682.590477,7,sched_state,waiting
183682.590482,7,tick,""
183682.590490,3,sched_state,waiting
183682.590495,3,tick,""
183682.590497,1,sched_state,waiting
183682.590501,1,tick,""
183682.590507,5,sched_state,waiting
183682.590512,5,tick,""
183682.590519,2,sched_state,waiting
183682.590523,2,tick,""
183682.590537,3,sched_state,waiting
183682.590542,3,tick,""
183682.590546,6,sched_state,waiting
183682.590551,6,tick,""
183682.590572,7,sched_state,waiting
183682.590577,7,tick,""
183682.590587,6,sched_state,waiting
183682.590592,6,tick,""
183682.590607,4,sched_state,waiting
183682.590611,4,tick,""
183682.590611,7,sched_state,waiting
183682.590613,0,reduction,""
183682.590615,0,sched_state,running
183682.590616,7,tick,""
183682.590620,5,sched_state,waiting
183682.590620,1,sched_state,waiting
183682.590625,5,tick,""
183682.590625,1,tick,""
183682.590631,3,sched_state,waiting
183682.590637,3,tick,""
183682.590642,4,sched_state,waiting
183682.590645,4,tick,""
183682.590673,7,sched_state,waiting
183682.590677,7,tick,""
183682.590693,1,sched_state,waiting
183682.590698,1,tick,""
183682.590709,7,sched_state,waiting
183682.590711,5,sched_state,waiting
183682.590714,7,tick,""
183682.590715,5,tick,""
183682.590725,0,tick,""
183682.590731,4,sched_state,waiting
183682.590735,4,tick,""
183682.590744,3,sched_state,waiting
183682.590746,0,reduction,""
183682.590749,3,tick,""
183682.590750,2,sched_state,waiting
183682.590754,2,tick,""
183682.590757,0,sched_state,running
183682.590778,1,sched_state,waiting
183682.590783,1,tick,""
183682.590792,4,sched_state,waiting
183682.590796,4,tick,""
183682.590797,3,sched_state,waiting
183682.590797,7,sched_state,waiting
183682.590802,7,tick,""
183682.590802,3,tick,""
183682.590821,1,sched_state,waiting
183682.590822,5,sched_state,waiting
183682.590826,1,tick,""
183682.590826,5,tick,""
183682.590849,7,sched_state,waiting
183682.590854,0,tick,""
183682.590854,7,tick,""
183682.590858,0,reduction,""
183682.590861,0,sched_state,running
183682.590869,3,sched_state,waiting
183682.590869,6,sched_state,waiting
183682.590872,4,sched_state,waiting
183682.590874,3,tick,""
183682.590874,6,tick,""
183682.590875,4,tick,""
183682.590878,1,sched_state,waiting
183682.590882,1,tick,""
183682.590899,2,sched_state,waiting
183682.590904,2,tick,""
183682.590945,2,sched_state,waiting
183682.590948,6,sched_state,waiting
183682.590949,2,tick,""
183682.590952,6,tick,""
183682.590955,4,sched_state,waiting
183682.590958,4,tick,""
183682.590960,3,sched_state,waiting
183682.590962,5,sched_state,waiting
183682.590963,0,tick,""
183682.590966,3,tick,""
183682.590967,5,tick,""
183682.590969,0,reduction,""
183682.590971,0,sched_state,running
183682.591003,1,sched_state,waiting
183682.591008,1,tick,""
183682.591013,3,sched_state,waiting
183682.591014,5,sched_state,waiting
183682.591017,3,tick,""
183682.591017,7,sched_state,waiting
183682.591019,5,tick,""
183682.591022,7,tick,""
183682.591025,2,sched_state,waiting
183682.591031,2,tick,""
183682.591038,4,sched_state,waiting
183682.591042,4,tick,""
183682.591053,1,sched_state,waiting
183682.591058,1,tick,""
183682.591065,0,tick,""
183682.591073,3,sched_state,waiting
183682.591077,3,tick,""
183682.591089,7,sched_state,waiting
183682.591093,7,tick,""
183682.591095,5,sched_state,waiting
183682.591099,5,tick,""
183682.591102,2,sched_state,waiting
183682.591107,2,tick,""
183682.591108,4,sched_state,waiting
183682.591112,4,tick,""
183682.591152,7,sched_state,waiting
183682.591153,3,sched_state,waiting
183682.591153,2,sched_state,waiting
183682.591154,1,sched_state,waiting
183682.591158,2,tick,""
183682.591158,7,tick,""
183682.591158,3,tick,""
183682.591160,1,tick,""
183682.591177,4,sched_state,waiting
183682.591180,4,tick,""
183682.591182,6,sched_state,waiting
183682.591187,6,tick,""
183682.591198,5,sched_state,waiting
183682.591203,5,tick,""
183682.591202,2,sched_state,waiting
183682.591210,2,tick,""
183682.591229,4,sched_state,waiting
183682.591233,4,tick,""
183682.591240,7,sched_state,waiting
183682.591246,7,tick,""
183682.591265,6,sched_state,waiting
183682.591268,4,sched_state,waiting
183682.591274,4,tick,""
183682.591274,3,sched_state,waiting
183682.591276,6,tick,""
183682.591279,3,tick,""
183682.591283,7,sched_state,waiting
183682.591287,7,tick,""
183682.591301,2,sched_state,waiting
183682.591306,2,tick,""
183682.591331,3,sched_state,waiting
183682.591336,3,tick,""
183682.591347,2,sched_state,waiting
183682.591352,2,tick,""
183682.591376,6,sched_state,waiting
183682.591378,7,sched_state,waiting
183682.591382,6,tick,""
183682.591384,7,tick,""
183682.591392,2,sched_state,waiting
183682.591397,2,tick,""
183682.591426,3,sched_state,waiting
183682.591432,3,tick,""
183682.591437,6,sched_state,waiting
183682.591442,6,tick,""
183682.591443,7,sched_state,waiting
183682.591447,7,tick,""
183682.591458,2,sched_state,waiting
183682.591464,2,tick,""
183682.591474,3,sched_state,waiting
183682.591480,3,tick,""
183682.591488,7,sched_state,waiting
183682.591661,7,tick,""
183682.591763,4,sched_state,waiting
183682.591775,3,sched_state,waiting
183682.591779,4,tick,""
183682.591794,2,sched_state,waiting
183682.591798,3,tick,""
183682.591832,2,tick,""
183682.591912,4,sched_state,waiting
183682.591932,4,tick,""
183682.591934,7,sched_state,waiting
183682.591941,7,tick,""
183682.591941,1,sched_state,waiting
183682.591948,5,sched_state,waiting
183682.591949,1,tick,""
183682.591953,5,tick,""
183682.591965,2,sched_state,waiting
183682.591969,4,sched_state,waiting
183682.591971,2,tick,""
183682.591972,4,tick,""
183682.591980,6,sched_state,waiting
183682.591986,6,tick,""
183682.592000,3,sched_state,waiting
183682.592002,5,sched_state,waiting
183682.592006,3,tick,""
183682.592008,5,tick,""
183682.592016,1,sched_state,waiting
183682.592021,1,tick,""
183682.592023,6,sched_state,waiting
183682.592024,2,sched_state,waiting
183682.592029,6,tick,""
183682.592029,2,tick,""
183682.592035,7,sched_state,waiting
183682.592041,7,tick,""
183682.592057,3,sched_state,waiting
183682.592062,3,tick,""
183682.592075,2,sched_state,waiting
183682.592080,2,tick,""
183682.592084,7,sched_state,waiting
183682.592089,7,tick,""
183682.592096,5,sched_state,waiting
183682.592112,5,tick,""
183682.592134,2,sched_state,waiting
183682.592140,2,tick,""
183682.592251,4,sched_state,waiting
183682.592268,4,tick,""
183682.592329,1,sched_state,waiting
183682.592363,1,tick,""
183682.592381,0,reduction,""
183682.592390,0,sched_state,running
183682.592432,6,sched_state,waiting
183682.592434,3,sched_state,waiting
183682.592483,6,tick,""
183682.592488,5,sched_state,waiting
183682.592489,3,tick,""
183682.592526,5,tick,""
183682.592602,7,sched_state,waiting
183682.592609,7,tick,""
183682.592616,3,sched_state,waiting
183682.592617,0,tick,""
183682.592621,3,tick,""
183682.592623,5,sched_state,waiting
183682.592622,4,sched_state,waiting
183682.592634,5,tick,""
183682.592635,1,sched_state,waiting
183682.592637,4,tick,""
183682.592641,1,tick,""
183682.592658,3,sched_state,waiting
183682.592659,7,sched_state,waiting
183682.592661,2,sched_state,waiting
183682.592664,7,tick,""
183682.592664,3,tick,""
183682.592670,2,tick,""
183682.592686,5,sched_state,waiting
183682.592691,5,tick,""
183682.592704,4,sched_state,waiting
183682.592708,4,tick,""
183682.592725,7,sched_state,waiting
183682.592731,3,sched_state,waiting
183682.592732,7,tick,""
183682.592740,3,tick,""
183682.592753,1,sched_state,waiting
183682.592756,2,sched_state,waiting
183682.592757,4,sched_state,waiting
183682.592759,1,tick,""
183682.592760,4,tick,""
183682.592762,2,tick,""
183682.592772,7,sched_state,waiting
183682.592774,3,sched_state,waiting
183682.592777,7,tick,""
183682.592778,3,tick,""
183682.592785,5,sched_state,waiting
183682.592794,5,tick,""
183682.592812,2,sched_state,waiting
183682.592817,2,tick,""
183682.592823,3,sched_state,waiting
183682.592829,3,tick,""
183682.592832,1,sched_state,waiting
183682.592837,1,tick,""
183682.592860,2,sched_state,waiting
183682.592862,7,sched_state,waiting
183682.592865,2,tick,""
183682.592867,7,tick,""
183682.592873,1,sched_state,waiting
183682.592878,1,tick,""
183682.592889,3,sched_state,waiting
183682.592894,3,tick,""
183682.592920,1,sched_state,waiting
183682.592926,1,tick,""
183682.592917,5,sched_state,waiting
183682.592935,5,tick,""
183682.592971,5,sched_state,waiting
183682.592977,5,tick,""
183682.592978,2,sched_state,waiting
183682.592982,2,tick,""
183682.592989,6,sched_state,waiting
183682.592994,6,tick,""
183682.593008,5,sched_state,waiting
183682.593008,4,sched_state,waiting
183682.593012,4,tick,""
183682.593014,5,tick,""
183682.593016,3,sched_state,waiting
183682.593018,1,sched_state,waiting
183682.593021,3,tick,""
183682.593023,1,tick,""
183682.593054,6,sched_state,waiting
183682.593056,5,sched_state,waiting
183682.593066,5,tick,""
183682.593068,6,tick,""
183682.593068,7,sched_state,waiting
183682.593071,1,sched_state,waiting
183682.593074,7,tick,""
183682.593076,1,tick,""
183682.593102,5,sched_state,waiting
183682.593107,5,tick,""
183682.593135,0,queue_length,0
183682.593145,1,sched_state,waiting
183682.593151,1,tick,""
183682.593155,3,sched_state,waiting
183682.593161,3,tick,""
183682.593172,7,sched_state,waiting
183682.593173,5,sched_state,waiting
183682.593176,7,tick,""
183682.593178,5,tick,""
183682.593188,1,sched_state,waiting
183682.593192,1,tick,""
183682.593196,2,sched_state,waiting
183682.593203,2,tick,""
183682.593228,5,sched_state,waiting
183682.593229,1,sched_state,waiting
183682.593233,5,tick,""
183682.593233,1,tick,""
183682.593238,7,sched_state,waiting
183682.593243,7,tick,""
183682.593280,5,sched_state,waiting
183682.593287,5,tick,""
183682.593326,5,sched_state,waiting
183682.593332,5,tick,""
183682.593333,2,sched_state,waiting
183682.593338,2,tick,""
183682.593499,2,sched_state,waiting
183682.593505,2,tick,""
183682.593534,4,sched_state,waiting
183682.593539,4,tick,""
183682.593543,1,sched_state,waiting
183682.593549,1,tick,""
183682.593549,6,sched_state,waiting
183682.593552,5,sched_state,waiting
183682.593555,6,tick,""
183682.593558,5,tick,""
183682.593570,7,sched_state,waiting
183682.593577,7,tick,""
183682.593601,1,sched_state,waiting
183682.593607,1,tick,""
183682.593633,7,sched_state,waiting
183682.593639,7,tick,""
183682.593652,1,sched_state,waiting
183682.593657,1,tick,""
183682.593666,2,sched_state,waiting
183682.593671,2,tick,""
183682.593673,7,sched_state,waiting
183682.593678,7,tick,""
183682.593697,1,sched_state,waiting
183682.593703,1,tick,""
183682.593710,2,sched_state,waiting
183682.593715,2,tick,""
183682.593741,1,sched_state,waiting
183682.593746,1,tick,""
183682.593787,2,sched_state,waiting
183682.593797,2,tick,""
183682.593831,2,sched_state,waiting
183682.593836,2,tick,""
183682.593850,1,sched_state,waiting
183682.593855,1,tick,""
183682.593879,2,sched_state,waiting
183682.593884,2,tick,""
183682.593892,0,sched_state,running
183682.593894,3,sched_state,waiting
183682.593900,3,tick,""
183682.593910,4,sched_state,waiting
183682.593914,4,tick,""
183682.593920,5,sched_state,waiting
183682.593921,7,sched_state,waiting
183682.593924,1,sched_state,waiting
183682.593927,7,tick,""
183682.593927,5,tick,""
183682.593928,1,tick,""
183682.593949,4,sched_state,waiting
183682.593952,3,sched_state,waiting
183682.593953,4,tick,""
183682.593956,3,tick,""
183682.593964,6,sched_state,waiting
183682.593970,6,tick,""
183682.593990,1,sched_state,waiting
183682.593995,1,tick,""
183682.593996,4,sched_state,waiting
183682.593999,4,tick,""
183682.594016,5,sched_state,waiting
183682.594022,5,tick,""
183682.594033,1,sched_state,waiting
183682.594038,1,tick,""
183682.594040,4,sched_state,waiting
183682.594044,4,tick,""
183682.594059,7,sched_state,waiting
183682.594060,5,sched_state,waiting
183682.594064,7,tick,""
183682.594065,5,tick,""
183682.594076,6,sched_state,waiting
183682.594082,6,tick,""
183682.594083,1,sched_state,waiting
183682.594088,1,tick,""
183682.594106,7,sched_state,waiting
183682.594111,7,tick,""
183682.594126,1,sched_state,waiting
183682.594129,0,tick,""
183682.594133,1,tick,""
183682.594138,4,sched_state,waiting
183682.594143,4,tick,""
183682.594149,0,reduction,""
183682.594153,0,sched_state,running
183682.594160,5,sched_state,waiting
183682.594165,5,tick,""
183682.594174,2,sched_state,waiting
183682.594175,3,sched_state,waiting
183682.594179,2,tick,""
183682.594181,3,tick,""
183682.594192,1,sched_state,waiting
183682.594196,4,sched_state,waiting
183682.594198,1,tick,""
183682.594200,4,tick,""
183682.594206,5,sched_state,waiting
183682.594212,5,tick,""
183682.594220,2,sched_state,waiting
183682.594226,7,sched_state,waiting
183682.594226,2,tick,""
183682.594224,3,sched_state,waiting
183682.594231,7,tick,""
183682.594232,3,tick,""
183682.594251,5,sched_state,waiting
183682.594255,5,tick,""
183682.594263,1,sched_state,waiting
183682.594269,1,tick,""
183682.594270,2,sched_state,waiting
183682.594276,2,tick,""
183682.594278,7,sched_state,waiting
183682.594279,3,sched_state,waiting
183682.594283,7,tick,""
183682.594283,3,tick,""
183682.594301,4,sched_state,waiting
183682.594304,4,tick,""
183682.594327,7,sched_state,waiting
183682.594332,7,tick,""
183682.594335,5,sched_state,waiting
183682.594340,5,tick,""
183682.594346,4,sched_state,waiting
183682.594347,2,sched_state,waiting
183682.594354,4,tick,""
183682.594355,2,tick,""
183682.594366,7,sched_state,waiting
183682.594371,7,tick,""
183682.594374,3,sched_state,waiting
183682.594379,3,tick,""
183682.594383,0,tick,""
183682.594383,6,sched_state,waiting
183682.594388,0,spawn,""
183682.594388,6,tick,""
183682.594389,5,sched_state,waiting
183682.594390,0,reduction,""
183682.594392,0,sched_state,running
183682.594394,5,tick,""
183682.594409,1,sched_state,waiting
183682.594415,1,tick,""
183682.594418,2,sched_state,waiting
183682.594423,2,tick,""
183682.594424,7,sched_state,waiting
183682.594429,7,tick,""
183682.594442,6,sched_state,waiting
183682.594446,5,sched_state,waiting
183682.594447,6,tick,""
183682.594451,5,tick,""
183682.594460,3,sched_state,waiting
183682.594466,3,tick,""
183682.594480,7,sched_state,waiting
183682.594490,7,tick,""
183682.594501,2,sched_state,waiting
183682.594506,2,tick,""
183682.594510,5,sched_state,waiting
183682.594516,5,tick,""
183682.594531,7,sched_state,waiting
183682.594536,7,tick,""
183682.594548,2,sched_state,waiting
183682.594553,2,tick,""
183682.594562,5,sched_state,waiting
183682.594567,5,tick,""
183682.594590,3,sched_state,waiting
183682.594592,2,sched_state,waiting
183682.594596,3,tick,""
183682.594598,2,tick,""
183682.594597,1,sched_state,waiting
183682.594606,5,sched_state,waiting
183682.594606,1,tick,""
183682.594610,4,sched_state,waiting
183682.594612,5,tick,""
183682.594615,4,tick,""
183682.594625,6,sched_state,waiting
183682.594631,6,tick,""
183682.594640,7,sched_state,waiting
183682.594646,7,tick,""
183682.594647,3,sched_state,waiting
183682.594651,3,tick,""
183682.594662,4,sched_state,waiting
183682.594663,2,sched_state,waiting
183682.594666,4,tick,""
183682.594668,2,tick,""
183682.594695,5,sched_state,waiting
183682.594704,4,sched_state,waiting
183682.594706,5,tick,""
183682.594708,4,tick,""
183682.594710,1,sched_state,waiting
183682.594716,1,tick,""
183682.594731,7,sched_state,waiting
183682.594738,7,tick,""
183682.594747,3,sched_state,waiting
183682.594750,6,sched_state,waiting
183682.594752,3,tick,""
183682.594755,6,tick,""
183682.594757,5,sched_state,waiting
183682.594762,5,tick,""
183682.594765,4,sched_state,waiting
183682.594768,4,tick,""
183682.594854,1,sched_state,waiting
183682.594859,2,sched_state,waiting
183682.594862,1,tick,""
183682.594868,2,tick,""
183682.594908,7,sched_state,waiting
183682.594917,7,tick,""
183682.594925,4,sched_state,waiting
183682.594929,4,tick,""
183682.594931,1,sched_state,waiting
183682.594936,1,tick,""
183682.594945,5,sched_state,waiting
183682.594951,5,tick,""
183682.594954,4,sched_state,waiting
183682.594958,4,tick,""
183682.594970,7,sched_state,waiting
183682.594971,1,sched_state,waiting
183682.594976,7,tick,""
183682.594977,1,tick,""
183682.594997,4,sched_state,waiting
183682.595001,4,tick,""
183682.595001,5,sched_state,waiting
183682.595002,2,sched_state,waiting
183682.595007,5,tick,""
183682.595008,2,tick,""
183682.595023,1,sched_state,waiting
183682.595028,1,tick,""
183682.595047,5,sched_state,waiting
183682.595053,5,tick,""
183682.595056,2,sched_state,waiting
183682.595061,1,sched_state,waiting
183682.595063,2,tick,""
183682.595067,1,tick,""
183682.595077,7,sched_state,waiting
183682.595083,7,tick,""
183682.595108,5,sched_state,waiting
183682.595113,5,tick,""
183682.595125,7,sched_state,waiting
183682.595128,4,sched_state,waiting
183682.595131,7,tick,""
183682.595134,4,tick,""
183682.595145,2,sched_state,waiting
183682.595151,2,tick,""
183682.595167,4,sched_state,waiting
183682.595169,0,tick,""
183682.595171,4,tick,""
183682.595176,6,sched_state,waiting
183682.595178,0,reduction,""
183682.595180,0,sched_state,running
183682.595182,6,tick,""
183682.595183,1,sched_state,waiting
183682.595190,1,tick,""
183682.595202,3,sched_state,waiting
183682.595208,3,tick,""
183682.595226,5,sched_state,waiting
183682.595231,6,sched_state,waiting
183682.595232,5,tick,""
183682.595236,6,tick,""
183682.595250,3,sched_state,waiting
183682.595255,3,tick,""
183682.595288,3,sched_state,waiting
183682.595293,3,tick,""
183682.595365,3,sched_state,waiting
183682.595370,3,tick,""
183682.595403,0,tick,""
183682.595410,0,reduction,""
183682.595412,0,sched_state,running
183682.595422,3,sched_state,waiting
183682.595429,4,sched_state,waiting
183682.595429,3,tick,""
183682.595433,4,tick,""
183682.595445,7,sched_state,waiting
183682.595451,7,tick,""
183682.595455,0,queue_length,1
183682.595469,2,sched_state,waiting
183682.595475,2,tick,""
183682.595485,3,sched_state,waiting
183682.595490,3,tick,""
183682.595511,7,sched_state,waiting
183682.595516,7,tick,""
183682.595563,2,sched_state,waiting
183682.595569,2,tick,""
183682.595656,2,sched_state,waiting
183682.595663,2,tick,""
183682.595697,2,sched_state,waiting
183682.595698,0,tick,""
183682.595698,6,sched_state,waiting
183682.595702,2,tick,""
183682.595704,0,reduction,""
183682.595706,0,sched_state,running
183682.595711,6,tick,""
183682.595713,5,sched_state,waiting
183682.595717,7,sched_state,waiting
183682.595719,4,sched_state,waiting
183682.595719,5,tick,""
183682.595724,4,tick,""
183682.595724,7,tick,""
183682.595796,5,sched_state,waiting
183682.595799,7,sched_state,waiting
183682.595803,5,tick,""
183682.595805,7,tick,""
183682.595848,5,sched_state,waiting
183682.595854,5,tick,""
183682.595898,5,sched_state,waiting
183682.595904,5,tick,""
183682.595906,7,sched_state,waiting
183682.595911,7,tick,""
183682.595996,3,sched_state,waiting
183682.596002,3,tick,""
183682.596005,0,tick,""
183682.596010,0,reduction,""
183682.596013,0,sched_state,running
183682.596013,4,sched_state,waiting
183682.596018,4,tick,""
183682.596043,3,sched_state,waiting
183682.596050,3,tick,""
183682.596080,3,sched_state,waiting
183682.596085,3,tick,""
183682.596127,3,sched_state,waiting
183682.596133,3,tick,""
183682.596317,0,tick,""
183682.596323,0,reduction,""
183682.596326,0,sched_state,running
183682.596350,2,sched_state,waiting
183682.596355,5,sched_state,waiting
183682.596357,2,tick,""
183682.596359,3,sched_state,waiting
183682.596361,5,tick,""
183682.596366,3,tick,""
183682.596367,6,sched_state,waiting
183682.596393,6,tick,""
183682.596414,3,sched_state,waiting
183682.596420,3,tick,""
183682.596448,6,sched_state,waiting
183682.596449,2,sched_state,waiting
183682.596454,2,tick,""
183682.596454,6,tick,""
183682.596459,3,sched_state,waiting
183682.596464,5,sched_state,waiting
183682.596465,3,tick,""
183682.596471,5,tick,""
183682.596503,3,sched_state,waiting
183682.596506,5,sched_state,waiting
183682.596508,3,tick,""
183682.596511,5,tick,""
183682.596549,5,sched_state,waiting
183682.596556,5,tick,""
183682.596563,3,sched_state,waiting
183682.596570,3,tick,""
183682.596621,6,sched_state,waiting
183682.596622,1,queue_length,1
183682.596626,6,tick,""
183682.596628,1,queue_length,0
183682.596643,7,sched_state,waiting
183682.596646,0,tick,""
183682.596651,7,tick,""
183682.596664,4,sched_state,waiting
183682.596668,4,tick,""
183682.596668,5,sched_state,waiting
183682.596674,5,tick,""
183682.596689,6,sched_state,waiting
183682.596696,6,tick,""
183682.596700,4,sched_state,waiting
183682.596704,4,tick,""
183682.596716,7,sched_state,waiting
183682.596721,7,tick,""
183682.596732,0,reduction,""
183682.596735,0,sched_state,running
183682.596752,5,sched_state,waiting
183682.596758,5,tick,""
183682.596769,6,sched_state,waiting
183682.596775,6,tick,""
183682.596902,0,tick,""
183682.596907,0,reduction,""
183682.596909,0,sched_state,running
183682.596911,5,sched_state,waiting
183682.596916,5,tick,""
183682.596927,4,sched_state,waiting
183682.596931,3,sched_state,waiting
183682.596932,4,tick,""
183682.596940,3,tick,""
183682.596945,6,sched_state,waiting
183682.596953,6,tick,""
183682.596973,5,sched_state,waiting
183682.596976,3,sched_state,waiting
183682.596980,5,tick,""
183682.596981,3,tick,""
183682.597014,5,sched_state,waiting
183682.597021,5,tick,""
183682.597055,5,sched_state,waiting
183682.597061,5,tick,""
183682.597067,6,sched_state,waiting
183682.597071,2,sched_state,waiting
183682.597072,6,tick,""
183682.597077,2,tick,""
183682.597082,0,tick,""
183682.597087,0,spawn,""
183682.597090,0,reduction,""
183682.597092,0,sched_state,running
183682.597108,3,sched_state,waiting
183682.597114,3,tick,""
183682.597118,5,sched_state,waiting
183682.597126,5,tick,""
183682.597147,3,sched_state,waiting
183682.597151,3,tick,""
183682.597177,3,sched_state,waiting
183682.597182,3,tick,""
183682.597201,1,sched_state,running
183682.597215,3,sched_state,waiting
183682.597220,3,tick,""
183682.597245,3,sched_state,waiting
183682.597250,3,tick,""
183682.597460,1,tick,""
183682.597464,1,reduction,""
183682.597467,1,sched_state,running
183682.597685,1,tick,""
183682.597690,1,reduction,""
183682.597691,1,sched_state,running
183682.597805,1,tick,""
183682.597809,1,reduction,""
183682.597810,1,sched_state,running
183682.597924,1,tick,""
183682.597928,1,reduction,""
183682.597929,1,sched_state,running
183682.597951,0,tick,""
183682.597954,0,queue_length,1
183682.597961,0,reduction,""
183682.597964,0,sched_state,running
183682.597966,6,sched_state,waiting
183682.597970,3,sched_state,waiting
183682.597976,3,tick,""
183682.597993,2,sched_state,waiting
183682.597994,7,sched_state,waiting
183682.597999,2,tick,""
183682.598000,7,tick,""
183682.598023,3,sched_state,waiting
183682.598029,3,tick,""
183682.598072,1,tick,""
183682.598079,1,reduction,""
183682.598083,1,sched_state,running
183682.598091,2,sched_state,waiting
183682.598097,2,tick,""
183682.598135,0,tick,""
183682.598138,6,tick,""
183682.598146,0,reduction,""
183682.598150,7,sched_state,waiting
183682.598150,0,sched_state,running
183682.598155,7,tick,""
183682.598172,6,sched_state,waiting
183682.598179,6,tick,""
183682.598179,2,sched_state,waiting
183682.598184,2,tick,""
183682.598199,7,sched_state,waiting
183682.598204,7,tick,""
183682.598235,1,tick,""
183682.598241,1,reduction,""
183682.598247,1,sched_state,running
183682.598250,6,sched_state,waiting
183682.598260,6,tick,""
183682.598303,6,sched_state,waiting
183682.598313,6,tick,""
183682.598323,0,tick,""
183682.598328,0,reduction,""
183682.598335,0,sched_state,running
183682.598346,6,sched_state,waiting
183682.598351,6,tick,""
183682.598369,2,sched_state,waiting
183682.598375,2,tick,""
183682.598407,1,tick,""
183682.598431,1,reduction,""
183682.598435,1,sched_state,running
183682.598466,2,sched_state,waiting
183682.598472,2,tick,""
183682.598514,0,tick,""
183682.598519,0,reduction,""
183682.598521,0,sched_state,running
183682.598607,1,tick,""
183682.598614,1,reduction,""
183682.598617,1,sched_state,running
183682.598794,0,tick,""
183682.598797,1,tick,""
183682.598799,0,reduction,""
183682.598803,0,sched_state,running
183682.598821,1,reduction,""
183682.598824,1,sched_state,running
183682.598918,0,tick,""
183682.598930,0,reduction,""
183682.598934,0,sched_state,running
183682.598993,1,tick,""
183682.599012,1,reduction,""
183682.599015,1,sched_state,running
183682.599147,0,tick,""
183682.599176,1,tick,""
183682.599183,1,reduction,""
183682.599185,1,sched_state,running
183682.599341,1,tick,""
183682.599533,1,reduction,""
183682.599538,1,sched_state,running
183682.599669,2,queue_length,1
183682.599673,2,queue_length,0
183682.599703,1,tick,""
183682.599722,1,reduction,""
183682.599725,1,sched_state,running
183682.599789,0,channel_blocked,87
183682.599791,0,yield,""
183682.599878,1,tick,""
183682.599883,1,reduction,""
183682.599886,1,sched_state,running
183682.600344,1,tick,""
183682.600369,0,sched_state,running
183682.600395,1,reduction,""
183682.600408,1,sched_state,running
183682.600494,0,tick,""
183682.600514,0,queue_length,0
183682.600519,0,sched_state,waiting
183682.600526,0,tick,""
183682.600613,1,tick,""
183682.600613,0,sched_state,waiting
183682.600619,1,reduction,""
183682.600621,1,sched_state,running
183682.600624,0,tick,""
183682.600658,0,sched_state,waiting
183682.600665,0,tick,""
183682.600756,2,sched_state,running
183682.600788,1,tick,""
183682.600794,1,reduction,""
183682.600796,1,sched_state,running
183682.600933,2,tick,""
183682.600937,2,reduction,""
183682.600939,2,sched_state,running
183682.600962,1,tick,""
183682.601079,1,reduction,""
183682.601082,1,sched_state,running
183682.601098,2,tick,""
183682.601103,2,reduction,""
183682.601105,2,sched_state,running
183682.601249,1,tick,""
183682.601257,1,reduction,""
183682.601260,1,sched_state,running
183682.601364,2,tick,""
183682.601369,2,reduction,""
183682.601371,2,sched_state,running
183682.601431,1,tick,""
183682.601506,1,reduction,""
183682.601508,1,sched_state,running
183682.601521,2,tick,""
183682.601526,2,reduction,""
183682.601527,2,sched_state,running
183682.601619,1,tick,""
183682.601635,5,sched_state,waiting
183682.601639,3,sched_state,waiting
183682.601643,5,tick,""
183682.601643,7,sched_state,waiting
183682.601647,3,tick,""
183682.601650,7,tick,""
183682.601650,0,sched_state,waiting
183682.601654,6,sched_state,waiting
183682.601658,0,tick,""
183682.601660,4,sched_state,waiting
183682.601662,6,tick,""
183682.601667,4,tick,""
183682.601680,2,tick,""
183682.601686,2,reduction,""
183682.601691,2,sched_state,running
183682.601692,5,sched_state,waiting
183682.601698,5,tick,""
183682.601716,6,sched_state,waiting
183682.601721,6,tick,""
183682.601759,6,sched_state,waiting
183682.601764,6,tick,""
183682.601769,0,sched_state,waiting
183682.601770,7,sched_state,waiting
183682.601773,0,tick,""
183682.601776,7,tick,""
183682.601792,3,sched_state,waiting
183682.601799,3,tick,""
183682.601808,4,sched_state,waiting
183682.601815,4,tick,""
183682.601829,3,sched_state,waiting
183682.601834,3,tick,""
183682.601866,3,sched_state,waiting
183682.601871,3,tick,""
183682.601878,7,sched_state,waiting
183682.601883,7,tick,""
183682.601894,4,sched_state,waiting
183682.601899,4,tick,""
183682.601901,3,sched_state,waiting
183682.601905,2,tick,""
183682.601907,3,tick,""
183682.601915,7,sched_state,waiting
183682.601920,7,tick,""
183682.601951,4,sched_state,waiting
183682.601956,4,tick,""
183682.602055,2,reduction,""
183682.602056,7,sched_state,waiting
183682.602059,2,sched_state,running
183682.602062,7,tick,""
183682.602268,5,sched_state,waiting
183682.602271,6,sched_state,waiting
183682.602272,0,sched_state,waiting
183682.602275,5,tick,""
183682.602278,0,tick,""
183682.602278,6,tick,""
183682.602280,2,tick,""
183682.602286,7,sched_state,waiting
183682.602287,2,reduction,""
183682.602289,2,sched_state,running
183682.602291,7,tick,""
183682.602328,6,sched_state,waiting
183682.602335,6,tick,""
183682.602387,7,sched_state,waiting
183682.602393,6,sched_state,waiting
183682.602395,7,tick,""
183682.602399,6,tick,""
183682.602506,2,tick,""
183682.602528,1,queue_length,0
183682.602619,2,reduction,""
183682.602622,2,sched_state,running
183682.602843,2,tick,""
183682.602850,2,reduction,""
183682.602852,2,sched_state,running
183682.603042,2,tick,""
183682.603054,2,reduction,""
183682.603056,2,sched_state,running
183682.603060,5,sched_state,waiting
183682.603068,5,tick,""
183682.603070,6,sched_state,waiting
183682.603069,7,sched_state,waiting
183682.603076,7,tick,""
183682.603076,6,tick,""
183682.603269,2,tick,""
183682.603291,2,reduction,""
183682.603294,2,sched_state,running
183682.603510,2,tick,""
183682.603525,2,reduction,""
183682.603527,2,sched_state,running
183682.603631,1,sched_state,running
183682.603748,2,tick,""
183682.603937,1,tick,""
183682.603948,1,reduction,""
183682.603951,1,sched_state,running
183682.604275,2,reduction,""
183682.604279,2,sched_state,running
183682.604403,1,tick,""
183682.604421,1,reduction,""
183682.604424,1,sched_state,running
183682.604511,2,tick,""
183682.604530,2,reduction,""
183682.604533,2,sched_state,running
183682.604582,1,tick,""
183682.604601,1,reduction,""
183682.604604,1,sched_state,running
183682.604750,1,tick,""
183682.604757,2,tick,""
183682.604765,1,reduction,""
183682.604769,1,sched_state,running
183682.604776,2,reduction,""
183682.604779,2,sched_state,running
183682.604979,1,tick,""
183682.604995,2,tick,""
183682.605013,2,reduction,""
183682.605015,2,sched_state,running
183682.605231,2,tick,""
183682.605249,2,reduction,""
183682.605252,2,sched_state,running
183682.605378,1,reduction,""
183682.605385,1,sched_state,running
183682.605469,2,tick,""
183682.605487,2,reduction,""
183682.605490,2,sched_state,running
183682.605589,1,tick,""
183682.605609,1,reduction,""
183682.605612,1,sched_state,running
183682.605705,2,tick,""
183682.605723,2,reduction,""
183682.605726,2,sched_state,running
183682.605796,1,tick,""
183682.605809,1,reduction,""
183682.605810,1,sched_state,running
183682.605936,1,tick,""
183682.605939,2,tick,""
183682.605955,1,reduction,""
183682.605958,1,sched_state,running
183682.605961,2,reduction,""
183682.605963,2,sched_state,running
183682.606151,1,tick,""
183682.606171,1,reduction,""
183682.606174,1,sched_state,running
183682.606180,2,tick,""
183682.606199,3,sched_state,waiting
183682.606206,3,tick,""
183682.606211,7,sched_state,waiting
183682.606212,0,sched_state,waiting
183682.606216,0,tick,""
183682.606216,7,tick,""
183682.606233,6,sched_state,waiting
183682.606234,4,sched_state,waiting
183682.606243,6,tick,""
183682.606245,4,tick,""
183682.606277,0,sched_state,waiting
183682.606285,0,tick,""
183682.606314,6,sched_state,waiting
183682.606320,6,tick,""
183682.606327,4,sched_state,waiting
183682.606334,0,sched_state,waiting
183682.606334,4,tick,""
183682.606334,3,sched_state,waiting
183682.606341,0,tick,""
183682.606344,3,tick,""
183682.606356,1,tick,""
183682.606373,1,reduction,""
183682.606376,1,sched_state,running
183682.606380,0,sched_state,waiting
183682.606385,0,tick,""
183682.606387,4,sched_state,waiting
183682.606391,4,tick,""
183682.606423,3,sched_state,waiting
183682.606429,3,tick,""
183682.606437,4,sched_state,waiting
183682.606442,4,tick,""
183682.606459,3,sched_state,waiting
183682.606465,3,tick,""
183682.606469,0,sched_state,waiting
183682.606474,0,tick,""
183682.606487,4,sched_state,waiting
183682.606493,4,tick,""
183682.606522,0,sched_state,waiting
183682.606544,0,tick,""
183682.606557,1,tick,""
183682.606562,3,sched_state,waiting
183682.606568,3,tick,""
183682.606575,1,reduction,""
183682.606578,1,sched_state,running
183682.606580,0,sched_state,waiting
183682.606584,0,tick,""
183682.606602,3,sched_state,waiting
183682.606607,3,tick,""
183682.606629,4,sched_state,waiting
183682.606632,4,tick,""
183682.606645,3,sched_state,waiting
183682.606650,3,tick,""
183682.606655,4,sched_state,waiting
183682.606656,7,sched_state,waiting
183682.606661,7,tick,""
183682.606664,4,tick,""
183682.606670,0,sched_state,waiting
183682.606673,0,tick,""
183682.606692,3,sched_state,waiting
183682.606697,3,tick,""
183682.606717,4,sched_state,waiting
183682.606721,4,tick,""
183682.606755,7,sched_state,waiting
183682.606762,7,tick,""
183682.606767,1,tick,""
183682.606785,1,reduction,""
183682.606787,1,sched_state,running
183682.606793,2,queue_length,0
183682.606804,7,sched_state,waiting
183682.606810,7,tick,""
183682.606837,4,sched_state,waiting
183682.606841,4,tick,""
183682.606980,1,tick,""
183682.606997,1,reduction,""
183682.607000,1,sched_state,running
183682.607193,1,tick,""
183682.607210,1,reduction,""
183682.607213,1,sched_state,running
183682.607250,3,sched_state,waiting
183682.607256,3,tick,""
183682.607255,4,sched_state,waiting
183682.607257,2,sched_state,running
183682.607260,4,tick,""
183682.607417,1,tick,""
183682.607421,4,sched_state,waiting
183682.607427,4,tick,""
183682.607434,1,reduction,""
183682.607437,1,sched_state,running
183682.607628,1,tick,""
183682.607642,2,tick,""
183682.607644,1,reduction,""
183682.607649,1,sched_state,running
183682.607663,2,reduction,""
183682.607666,2,sched_state,running
183682.607840,1,tick,""
183682.607856,1,reduction,""
183682.607859,1,sched_state,running
183682.607887,2,tick,""
183682.607902,2,reduction,""
183682.607906,2,sched_state,running
183682.608052,2,tick,""
183682.608053,1,tick,""
183682.608069,2,reduction,""
183682.608070,1,reduction,""
183682.608071,2,sched_state,running
183682.608072,1,sched_state,running
183682.608269,1,tick,""
183682.608284,1,reduction,""
183682.608287,1,sched_state,running
183682.608291,2,tick,""
183682.608306,2,reduction,""
183682.608309,2,sched_state,running
183682.608477,1,tick,""
183682.608492,1,reduction,""
183682.608495,1,sched_state,running
183682.608524,2,tick,""
183682.608536,2,reduction,""
183682.608538,2,sched_state,running
183682.608677,2,tick,""
183682.608686,2,reduction,""
183682.608688,2,sched_state,running
183682.608691,1,tick,""
183682.608707,6,sched_state,waiting
183682.608709,5,sched_state,waiting
183682.608714,0,sched_state,waiting
183682.608715,6,tick,""
183682.608716,5,tick,""
183682.608721,0,tick,""
183682.608722,7,sched_state,waiting
183682.608724,3,sched_state,waiting
183682.608728,3,tick,""
183682.608728,7,tick,""
183682.608748,4,sched_state,waiting
183682.608754,4,tick,""
183682.608771,0,sched_state,waiting
183682.608776,0,tick,""
183682.608780,3,sched_state,waiting
183682.608783,7,sched_state,waiting
183682.608784,3,tick,""
183682.608787,7,tick,""
183682.608793,5,sched_state,waiting
183682.608799,5,tick,""
183682.608805,6,sched_state,waiting
183682.608812,6,tick,""
183682.608838,3,sched_state,waiting
183682.608844,3,tick,""
183682.608887,5,sched_state,waiting
183682.608894,5,tick,""
183682.608895,2,tick,""
183682.608910,2,reduction,""
183682.608911,7,sched_state,waiting
183682.608914,2,sched_state,running
183682.608916,7,tick,""
183682.608928,5,sched_state,waiting
183682.608934,5,tick,""
183682.608959,7,sched_state,waiting
183682.608965,7,tick,""
183682.608972,5,sched_state,waiting
183682.608977,5,tick,""
183682.609015,5,sched_state,waiting
183682.609021,5,tick,""
183682.609052,7,sched_state,waiting
183682.609058,7,tick,""
183682.609059,5,sched_state,waiting
183682.609064,5,tick,""
183682.609126,2,tick,""
183682.609140,2,reduction,""
183682.609142,2,sched_state,running
183682.609236,6,sched_state,waiting
183682.609241,5,sched_state,waiting
183682.609241,1,queue_length,0
183682.609244,6,tick,""
183682.609246,5,tick,""
183682.609251,0,sched_state,waiting
183682.609255,0,tick,""
183682.609297,5,sched_state,waiting
183682.609297,0,sched_state,waiting
183682.609302,0,tick,""
183682.609302,5,tick,""
183682.609339,7,sched_state,waiting
183682.609346,7,tick,""
183682.609350,5,sched_state,waiting
183682.609353,2,tick,""
183682.609355,5,tick,""
183682.609367,2,reduction,""
183682.609369,2,sched_state,running
183682.609380,7,sched_state,waiting
183682.609385,7,tick,""
183682.609420,7,sched_state,waiting
183682.609426,7,tick,""
183682.609455,5,sched_state,waiting
183682.609460,5,tick,""
183682.609469,7,sched_state,waiting
183682.609474,7,tick,""
183682.609504,7,sched_state,waiting
183682.609505,5,sched_state,waiting
183682.609509,7,tick,""
183682.609511,5,tick,""
183682.609550,7,sched_state,waiting
183682.609557,7,tick,""
183682.609582,2,tick,""
183682.609592,5,sched_state,waiting
183682.609595,2,reduction,""
183682.609599,2,sched_state,running
183682.609599,5,tick,""
183682.609635,5,sched_state,waiting
183682.609640,5,tick,""
183682.609653,7,sched_state,waiting
183682.609653,0,sched_state,waiting
183682.609658,7,tick,""
183682.609659,1,sched_state,running
183682.609661,0,tick,""
183682.609676,6,sched_state,waiting
183682.609683,6,tick,""
183682.609727,6,sched_state,waiting
183682.609732,6,tick,""
183682.609740,0,sched_state,waiting
183682.609746,0,tick,""
183682.609804,2,tick,""
183682.609820,2,reduction,""
183682.609823,2,sched_state,running
183682.609833,0,sched_state,waiting
183682.609839,0,tick,""
183682.609868,1,tick,""
183682.609876,0,sched_state,waiting
183682.609883,0,tick,""
183682.609883,1,reduction,""
183682.609886,1,sched_state,running
183682.609915,0,sched_state,waiting
183682.609920,0,tick,""
183682.609955,0,sched_state,waiting
183682.609961,0,tick,""
183682.610030,2,tick,""
183682.610043,2,reduction,""
183682.610045,2,sched_state,running
183682.610084,1,tick,""
183682.610098,1,reduction,""
183682.610101,1,sched_state,running
183682.610259,2,tick,""
183682.610270,2,reduction,""
183682.610273,2,sched_state,running
183682.610298,1,tick,""
183682.610312,1,reduction,""
183682.610314,1,sched_state,running
183682.610479,2,tick,""
183682.610488,2,reduction,""
183682.610490,2,sched_state,running
183682.610515,1,tick,""
183682.610529,1,reduction,""
183682.610532,1,sched_state,running
183682.610692,2,tick,""
183682.610703,2,reduction,""
183682.610705,2,sched_state,running
183682.610726,1,tick,""
183682.610739,1,reduction,""
183682.610741,1,sched_state,running
183682.610920,2,tick,""
183682.610932,2,reduction,""
183682.610933,1,tick,""
183682.610935,2,sched_state,running
183682.610945,1,reduction,""
183682.610948,1,sched_state,running
183682.611142,2,tick,""
183682.611144,1,tick,""
183682.611152,2,reduction,""
183682.611155,2,sched_state,running
183682.611156,1,reduction,""
183682.611158,1,sched_state,running
183682.611349,1,tick,""
183682.611359,1,reduction,""
183682.611361,1,sched_state,running
183682.611368,2,tick,""
183682.611377,2,reduction,""
183682.611380,2,sched_state,running
183682.611556,1,tick,""
183682.611566,1,reduction,""
183682.611570,1,sched_state,running
183682.611593,2,tick,""
183682.611602,2,reduction,""
183682.611604,2,sched_state,running
183682.611744,2,tick,""
183682.611750,2,reduction,""
183682.611752,2,sched_state,running
183682.611760,1,tick,""
183682.611770,1,reduction,""
183682.611772,1,sched_state,running
183682.611963,1,tick,""
183682.611963,2,tick,""
183682.611973,1,reduction,""
183682.611975,1,sched_state,running
183682.611979,4,sched_state,waiting
183682.611983,3,sched_state,waiting
183682.611988,3,tick,""
183682.611988,4,tick,""
183682.611995,6,sched_state,waiting
183682.611999,7,sched_state,waiting
183682.612002,6,tick,""
183682.612004,7,tick,""
183682.612009,0,sched_state,waiting
183682.612013,0,tick,""
183682.612046,4,sched_state,waiting
183682.612052,4,tick,""
183682.612055,7,sched_state,waiting
183682.612061,7,tick,""
183682.612069,3,sched_state,waiting
183682.612070,0,sched_state,waiting
183682.612074,3,tick,""
183682.612075,0,tick,""
183682.612094,7,sched_state,waiting
183682.612100,7,tick,""
183682.612155,0,sched_state,waiting
183682.612161,0,tick,""
183682.612164,1,tick,""
183682.612174,1,reduction,""
183682.612177,1,sched_state,running
183682.612199,0,sched_state,waiting
183682.612208,0,tick,""
183682.612352,1,tick,""
183682.612361,1,reduction,""
183682.612365,1,sched_state,running
183682.612538,6,sched_state,waiting
183682.612541,3,sched_state,waiting
183682.612544,1,tick,""
183682.612545,6,tick,""
183682.612549,3,tick,""
183682.612550,2,queue_length,0
183682.612550,7,sched_state,waiting
183682.612551,0,sched_state,waiting
183682.612553,1,reduction,""
183682.612556,1,sched_state,running
183682.612557,0,tick,""
183682.612556,7,tick,""
183682.612592,6,sched_state,waiting
183682.612597,6,tick,""
183682.612606,0,sched_state,waiting
183682.612609,0,tick,""
183682.612635,6,sched_state,waiting
183682.612635,0,sched_state,waiting
183682.612641,6,tick,""
183682.612642,0,tick,""
183682.612680,6,sched_state,waiting
183682.612684,6,tick,""
183682.612694,0,sched_state,waiting
183682.612699,0,tick,""
183682.612734,1,tick,""
183682.612744,1,reduction,""
183682.612747,1,sched_state,running
183682.612770,0,sched_state,waiting
183682.612775,0,tick,""
183682.612935,1,tick,""
183682.612944,1,reduction,""
183682.612946,1,sched_state,running
183682.613074,3,sched_state,waiting
183682.613079,3,tick,""
183682.613079,0,sched_state,waiting
183682.613082,2,sched_state,running
183682.613085,0,tick,""
183682.613119,3,sched_state,waiting
183682.613123,3,tick,""
183682.613137,1,tick,""
183682.613145,1,reduction,""
183682.613148,1,sched_state,running
183682.613293,2,tick,""
183682.613304,2,reduction,""
183682.613307,2,sched_state,running
183682.613338,1,tick,""
183682.613345,1,reduction,""
183682.613347,1,sched_state,running
183682.613451,2,tick,""
183682.613458,2,reduction,""
183682.613459,2,sched_state,running
183682.613540,1,tick,""
183682.613548,1,reduction,""
183682.613551,1,sched_state,running
183682.613606,2,tick,""
183682.613613,2,reduction,""
183682.613615,2,sched_state,running
183682.613739,1,tick,""
183682.613746,1,reduction,""
183682.613747,1,sched_state,running
183682.613756,2,tick,""
183682.613761,2,reduction,""
183682.613764,2,sched_state,running
183682.613902,2,tick,""
183682.613907,2,reduction,""
183682.613909,2,sched_state,running
183682.613934,1,tick,""
183682.613945,5,sched_state,waiting
183682.613953,5,tick,""
183682.613956,4,sched_state,waiting
183682.613960,7,sched_state,waiting
183682.613963,4,tick,""
183682.613966,7,tick,""
183682.613971,6,sched_state,waiting
183682.613978,6,tick,""
183682.614010,3,sched_state,waiting
183682.614016,3,tick,""
183682.614045,3,sched_state,waiting
183682.614050,3,tick,""
183682.614054,7,sched_state,waiting
183682.614060,7,tick,""
183682.614069,6,sched_state,waiting
183682.614075,6,tick,""
183682.614095,2,tick,""
183682.614102,3,sched_state,waiting
183682.614103,2,reduction,""
183682.614105,2,sched_state,running
183682.614108,3,tick,""
183682.614109,6,sched_state,waiting
183682.614114,6,tick,""
183682.614215,4,sched_state,waiting
183682.614221,4,tick,""
183682.614255,4,sched_state,waiting
183682.614264,4,tick,""
183682.614297,4,sched_state,waiting
183682.614303,4,tick,""
183682.614316,2,tick,""
183682.614324,2,reduction,""
183682.614326,2,sched_state,running
183682.614338,4,sched_state,waiting
183682.614342,4,tick,""
183682.614372,4,sched_state,waiting
183682.614375,4,tick,""
183682.614398,4,sched_state,waiting
183682.614401,4,tick,""
183682.614422,4,sched_state,waiting
183682.614426,4,tick,""
183682.614445,4,sched_state,waiting
183682.614449,4,tick,""
183682.614467,5,sched_state,waiting
183682.614472,4,sched_state,waiting
183682.614472,6,sched_state,waiting
183682.614474,3,sched_state,waiting
183682.614475,4,tick,""
183682.614475,5,tick,""
183682.614478,6,tick,""
183682.614480,3,tick,""
183682.614507,7,sched_state,waiting
183682.614512,7,tick,""
183682.614518,5,sched_state,waiting
183682.614524,5,tick,""
183682.614526,2,tick,""
183682.614526,4,sched_state,waiting
183682.614530,6,sched_state,waiting
183682.614531,4,tick,""
183682.614533,2,reduction,""
183682.614536,2,sched_state,running
183682.614536,6,tick,""
183682.614580,6,sched_state,waiting
183682.614585,6,tick,""
183682.614598,3,sched_state,waiting
183682.614604,3,tick,""
183682.614608,7,sched_state,waiting
183682.614614,7,tick,""
183682.614651,7,sched_state,waiting
183682.614652,1,queue_length,0
183682.614657,7,tick,""
183682.614681,6,sched_state,waiting
183682.614686,6,tick,""
183682.614737,2,tick,""
183682.614744,2,reduction,""
183682.614747,2,sched_state,running
183682.614961,2,tick,""
183682.614967,2,reduction,""
183682.614970,2,sched_state,running
183682.615071,5,sched_state,waiting
183682.615078,5,tick,""
183682.615078,1,sched_state,running
183682.615093,4,sched_state,waiting
183682.615098,4,tick,""
183682.615123,4,sched_state,waiting
183682.615126,4,tick,""
183682.615136,5,sched_state,waiting
183682.615142,5,tick,""
183682.615147,4,sched_state,waiting
183682.615150,4,tick,""
183682.615182,2,tick,""
183682.615195,2,reduction,""
183682.615198,2,sched_state,running
183682.615283,1,tick,""
183682.615291,1,reduction,""
183682.615294,1,sched_state,running
183682.615411,2,tick,""
183682.615416,2,reduction,""
183682.615419,2,sched_state,running
183682.615492,1,tick,""
183682.615499,1,reduction,""
183682.615501,1,sched_state,running
183682.615633,2,tick,""
183682.615637,2,reduction,""
183682.615640,2,sched_state,running
183682.615693,1,tick,""
183682.615698,1,reduction,""
183682.615700,1,sched_state,running
183682.615817,2,tick,""
183682.615892,1,tick,""
183682.615897,1,reduction,""
183682.615899,1,sched_state,running
183682.616089,1,tick,""
183682.616094,1,reduction,""
183682.616095,1,sched_state,running
183682.616199,0,sched_state,waiting
183682.616207,0,tick,""
183682.616211,7,sched_state,waiting
183682.616213,6,sched_state,waiting
183682.616214,5,sched_state,waiting
183682.616219,7,tick,""
183682.616220,6,tick,""
183682.616223,5,tick,""
183682.616223,4,sched_state,waiting
183682.616227,4,tick,""
183682.616282,4,sched_state,waiting
183682.616290,1,tick,""
183682.616291,0,sched_state,waiting
183682.616292,4,tick,""
183682.616297,0,tick,""
183682.616342,4,sched_state,waiting
183682.616343,6,sched_state,waiting
183682.616348,4,tick,""
183682.616350,6,tick,""
183682.616366,5,sched_state,waiting
183682.616372,5,tick,""
183682.616379,4,sched_state,waiting
183682.616383,4,tick,""
183682.616395,7,sched_state,waiting
183682.616401,7,tick,""
183682.616420,4,sched_state,waiting
183682.616424,4,tick,""
183682.616437,7,sched_state,waiting
183682.616442,7,tick,""
183682.616450,4,sched_state,waiting
183682.616453,4,tick,""
183682.616476,4,sched_state,waiting
183682.616478,4,tick,""
183682.616502,4,sched_state,waiting
183682.616505,4,tick,""
183682.616533,3,sched_state,waiting
183682.616539,3,tick,""
183682.616556,7,sched_state,waiting
183682.616561,7,tick,""
183682.616566,5,sched_state,waiting
183682.616573,5,tick,""
183682.616576,1,channel_blocked,1200
183682.616580,2,yield,""
183682.616585,2,sched_state,running
183682.616595,2,tick,""
183682.616602,4,sched_state,waiting
183682.616606,4,tick,""
183682.616613,2,queue_length,0
183682.616614,7,sched_state,waiting
183682.616618,2,sched_state,waiting
183682.616620,7,tick,""
183682.616623,2,tick,""
183682.616661,2,sched_state,waiting
183682.616668,2,tick,""
183682.616677,0,sched_state,waiting
183682.616677,6,sched_state,waiting
183682.616682,6,tick,""
183682.616682,0,tick,""
183682.616685,4,sched_state,waiting
183682.616684,7,sched_state,waiting
183682.616685,5,sched_state,waiting
183682.616690,7,tick,""
183682.616691,4,tick,""
183682.616692,5,tick,""
183682.616729,2,sched_state,waiting
183682.616734,2,tick,""
183682.616764,4,sched_state,waiting
183682.616766,5,sched_state,waiting
183682.616771,4,tick,""
183682.616773,5,tick,""
183682.616798,6,sched_state,waiting
183682.616804,6,tick,""
183682.616814,4,sched_state,waiting
183682.616816,5,sched_state,waiting
183682.616818,4,tick,""
183682.616822,5,tick,""
183682.616849,4,sched_state,waiting
183682.616853,4,tick,""
183682.616854,5,sched_state,waiting
183682.616859,5,tick,""
183682.616862,6,sched_state,waiting
183682.616874,6,tick,""
183682.616901,5,sched_state,waiting
183682.616902,4,sched_state,waiting
183682.616906,5,tick,""
183682.616907,4,tick,""
183682.616919,6,sched_state,waiting
183682.616924,6,tick,""
183682.616947,4,sched_state,waiting
183682.616952,4,tick,""
183682.616967,6,sched_state,waiting
183682.616974,6,tick,""
183682.616996,4,sched_state,waiting
183682.617001,5,sched_state,waiting
183682.617002,4,tick,""
183682.617007,5,tick,""
183682.617051,4,sched_state,waiting
183682.617054,5,sched_state,waiting
183682.617058,4,tick,""
183682.617060,5,tick,""
183682.617105,4,sched_state,waiting
183682.617109,4,tick,""
183682.617132,4,sched_state,waiting
183682.617135,4,tick,""
183682.617155,4,sched_state,waiting
183682.617159,4,tick,""
183682.617192,4,sched_state,waiting
183682.617195,4,tick,""
183682.617391,3,sched_state,waiting
183682.617398,3,tick,""
183682.617410,0,sched_state,waiting
183682.617416,6,sched_state,waiting
183682.617416,0,tick,""
183682.617422,6,tick,""
183682.617422,4,sched_state,waiting
183682.617425,5,sched_state,waiting
183682.617427,4,tick,""
183682.617431,5,tick,""
183682.617452,7,sched_state,waiting
183682.617459,7,tick,""
183682.617465,0,sched_state,waiting
183682.617469,0,tick,""
183682.617490,4,sched_state,waiting
183682.617494,4,tick,""
183682.617496,5,sched_state,waiting
183682.617502,5,tick,""
183682.617512,3,sched_state,waiting
183682.617515,7,sched_state,waiting
183682.617518,0,sched_state,waiting
183682.617519,3,tick,""
183682.617520,7,tick,""
183682.617526,0,tick,""
183682.617557,5,sched_state,waiting
183682.617562,4,sched_state,waiting
183682.617564,5,tick,""
183682.617567,4,tick,""
183682.617571,3,sched_state,waiting
183682.617576,3,tick,""
183682.617578,0,sched_state,waiting
183682.617584,0,tick,""
183682.617614,7,sched_state,waiting
183682.617615,4,sched_state,waiting
183682.617620,7,tick,""
183682.617621,4,tick,""
183682.617626,5,sched_state,waiting
183682.617633,5,tick,""
183682.617641,3,sched_state,waiting
183682.617643,0,sched_state,waiting
183682.617647,3,tick,""
183682.617650,0,tick,""
183682.617691,0,sched_state,waiting
183682.617696,0,tick,""
183682.617710,4,sched_state,waiting
183682.617716,4,tick,""
183682.617727,5,sched_state,waiting
183682.617731,7,sched_state,waiting
183682.617734,5,tick,""
183682.617734,0,sched_state,waiting
183682.617736,7,tick,""
183682.617741,0,tick,""
183682.617753,3,sched_state,waiting
183682.617759,3,tick,""
183682.617783,0,sched_state,waiting
183682.617788,0,tick,""
183682.617790,5,sched_state,waiting
183682.617794,7,sched_state,waiting
183682.617796,5,tick,""
183682.617800,7,tick,""
183682.617826,0,sched_state,waiting
183682.617831,0,tick,""
183682.617860,0,sched_state,waiting
183682.617863,0,tick,""
183682.617875,4,sched_state,waiting
183682.617878,5,sched_state,waiting
183682.617885,5,tick,""
183682.617886,4,tick,""
183682.617927,4,sched_state,waiting
183682.617930,4,tick,""
183682.617930,5,sched_state,waiting
183682.617935,5,tick,""
183682.617955,4,sched_state,waiting
183682.617958,4,tick,""
183682.617977,5,sched_state,waiting
183682.617984,5,tick,""
183682.617987,4,sched_state,waiting
183682.617991,4,tick,""
183682.618022,4,sched_state,waiting
183682.618025,4,tick,""
183682.618035,5,sched_state,waiting
183682.618041,5,tick,""
183682.618056,4,sched_state,waiting
183682.618059,4,tick,""
183682.618123,4,sched_state,waiting
183682.618127,4,tick,""
183682.618145,5,sched_state,waiting
183682.618150,5,tick,""
183682.618187,5,sched_state,waiting
183682.618193,5,tick,""
183682.618214,4,sched_state,waiting
183682.618218,4,tick,""
183682.618243,4,sched_state,waiting
183682.618243,5,sched_state,waiting
183682.618247,4,tick,""
183682.618250,5,tick,""
183682.618271,4,sched_state,waiting
183682.618274,2,sched_state,waiting
183682.618277,4,tick,""
183682.618283,0,channel_unblocked,936
183682.618285,2,tick,""
183682.618289,1,yield,""
183682.618295,6,sched_state,waiting
183682.618301,6,tick,""
183682.618305,3,sched_state,waiting
183682.618307,0,sched_state,waiting
183682.618312,0,tick,""
183682.618312,3,tick,""
183682.618336,7,sched_state,waiting
183682.618342,7,tick,""
183682.618355,4,sched_state,waiting
183682.618358,6,sched_state,waiting
183682.618361,4,tick,""
183682.618359,5,sched_state,waiting
183682.618367,5,tick,""
183682.618367,6,tick,""
183682.618377,2,sched_state,waiting
183682.618383,2,tick,""
183682.618390,0,sched_state,waiting
183682.618395,0,tick,""
183682.618422,5,sched_state,waiting
183682.618427,5,tick,""
183682.618432,6,sched_state,waiting
183682.618436,7,sched_state,waiting
183682.618437,6,tick,""
183682.618443,7,tick,""
183682.618453,4,sched_state,waiting
183682.618459,0,sched_state,waiting
183682.618460,4,tick,""
183682.618461,5,sched_state,waiting
183682.618466,5,tick,""
183682.618466,0,tick,""
183682.618478,2,sched_state,waiting
183682.618485,2,tick,""
183682.618490,7,sched_state,waiting
183682.618496,7,tick,""
183682.618514,5,sched_state,waiting
183682.618519,5,tick,""
183682.618529,0,sched_state,waiting
183682.618531,4,sched_state,waiting
183682.618532,2,sched_state,waiting
183682.618534,0,tick,""
183682.618536,4,tick,""
183682.618538,2,tick,""
183682.618541,6,sched_state,waiting
183682.618546,6,tick,""
183682.618573,5,sched_state,waiting
183682.618580,5,tick,""
183682.618590,0,sched_state,waiting
183682.618594,0,tick,""
183682.618594,2,sched_state,waiting
183682.618600,2,tick,""
183682.618600,7,sched_state,waiting
183682.618606,7,tick,""
183682.618617,6,sched_state,waiting
183682.618622,6,tick,""
183682.618634,4,sched_state,waiting
183682.618636,5,sched_state,waiting
183682.618640,4,tick,""
183682.618642,5,tick,""
183682.618652,2,sched_state,waiting
183682.618654,0,sched_state,waiting
183682.618660,6,sched_state,waiting
183682.618661,2,tick,""
183682.618664,0,tick,""
183682.618665,6,tick,""
183682.618679,4,sched_state,waiting
183682.618684,4,tick,""
183682.618697,5,sched_state,waiting
183682.618703,5,tick,""
183682.618713,7,sched_state,waiting
183682.618718,7,tick,""
183682.618729,0,sched_state,waiting
183682.618732,4,sched_state,waiting
183682.618733,0,tick,""
183682.618736,4,tick,""
183682.618757,5,sched_state,waiting
183682.618762,5,tick,""
183682.618798,7,sched_state,waiting
183682.618803,7,tick,""
183682.618821,1,sched_state,running
183682.618849,7,sched_state,waiting
183682.618855,7,tick,""
183682.618863,5,sched_state,waiting
183682.618870,5,tick,""
183682.618880,2,sched_state,waiting
183682.618887,2,tick,""
183682.618910,5,sched_state,waiting
183682.618917,5,tick,""
183682.618949,5,sched_state,waiting
183682.618955,5,tick,""
183682.619031,1,tick,""
183682.619037,1,sched_state,running
183682.619044,1,tick,""
183682.619060,3,sched_state,waiting
183682.619066,3,tick,""
183682.619078,0,sched_state,waiting
183682.619080,1,queue_length,1
183682.619082,0,tick,""
183682.619087,4,sched_state,waiting
183682.619089,4,tick,""
183682.619097,6,sched_state,waiting
183682.619102,6,tick,""
183682.619128,4,sched_state,waiting
183682.619129,0,sched_state,waiting
183682.619132,4,tick,""
183682.619135,0,tick,""
183682.619148,6,sched_state,waiting
183682.619153,6,tick,""
183682.619160,4,sched_state,waiting
183682.619165,4,tick,""
183682.619172,3,sched_state,waiting
183682.619175,0,sched_state,waiting
183682.619177,3,tick,""
183682.619181,0,tick,""
183682.619198,6,sched_state,waiting
183682.619203,6,tick,""
183682.619216,3,sched_state,waiting
183682.619222,3,tick,""
183682.619228,4,sched_state,waiting
183682.619234,4,tick,""
183682.619245,6,sched_state,waiting
183682.619251,6,tick,""
183682.619340,4,sched_state,waiting
183682.619346,4,tick,""
183682.619378,4,sched_state,waiting
183682.619383,4,tick,""
183682.619388,3,sched_state,waiting
183682.619394,3,tick,""
183682.619410,6,sched_state,waiting
183682.619426,6,tick,""
183682.619490,3,sched_state,waiting
183682.619496,3,tick,""
183682.619533,3,sched_state,waiting
183682.619538,3,tick,""
183682.619569,3,sched_state,waiting
183682.619574,3,tick,""
183682.619609,3,sched_state,waiting
183682.619614,3,tick,""
183682.619758,5,sched_state,waiting
183682.619761,2,sched_state,waiting
183682.619766,5,tick,""
183682.619769,2,tick,""
183682.619772,0,sched_state,waiting
183682.619775,6,sched_state,waiting
183682.619777,0,tick,""
183682.619781,6,tick,""
183682.619782,3,sched_state,waiting
183682.619785,1,queue_length,0
183682.619787,3,tick,""
183682.619791,1,sched_state,waiting
183682.619796,1,tick,""
183682.619813,4,sched_state,waiting
183682.619817,2,sched_state,waiting
183682.619818,4,tick,""
183682.619823,2,tick,""
183682.619827,5,sched_state,waiting
183682.619832,5,tick,""
183682.619833,6,sched_state,waiting
183682.619833,0,sched_state,waiting
183682.619839,0,tick,""
183682.619839,6,tick,""
183682.619884,6,sched_state,waiting
183682.619889,6,tick,""
183682.619894,2,sched_state,waiting
183682.619899,2,tick,""
183682.619904,3,sched_state,waiting
183682.619908,0,sched_state,waiting
183682.619908,5,sched_state,waiting
183682.619910,3,tick,""
183682.619914,5,tick,""
183682.619914,0,tick,""
183682.619943,6,sched_state,waiting
183682.619950,6,tick,""
183682.619960,0,sched_state,waiting
183682.619966,0,tick,""
183682.619968,4,sched_state,waiting
183682.619975,4,tick,""
183682.620006,0,sched_state,waiting
183682.620009,0,tick,""
183682.620013,4,sched_state,waiting
183682.620015,4,tick,""
183682.620052,4,sched_state,waiting
183682.620056,4,tick,""
183682.620060,5,sched_state,waiting
183682.620068,5,tick,""
183682.620079,4,sched_state,waiting
183682.620083,4,tick,""
183682.620102,0,sched_state,waiting
183682.620113,0,tick,""
183682.620115,5,sched_state,waiting
183682.620116,4,sched_state,waiting
183682.620121,4,tick,""
183682.620121,5,tick,""
183682.620165,0,sched_state,waiting
183682.620172,0,tick,""
183682.620177,5,sched_state,waiting
183682.620184,5,tick,""
183682.620192,4,sched_state,waiting
183682.620196,4,tick,""
183682.620209,0,sched_state,waiting
183682.620214,0,tick,""
183682.620239,5,sched_state,waiting
183682.620245,5,tick,""
183682.620255,4,sched_state,waiting
183682.620263,4,tick,""
183682.620279,5,sched_state,waiting
183682.620285,5,tick,""
183682.620337,4,sched_state,waiting
183682.620341,4,tick,""
183682.620372,4,sched_state,waiting
183682.620384,4,tick,""
183682.620410,4,sched_state,waiting
183682.620414,4,tick,""
183682.620442,4,sched_state,waiting
183682.620446,4,tick,""
183682.620481,4,sched_state,waiting
183682.620484,4,tick,""
183682.620515,4,sched_state,waiting
183682.620518,4,tick,""
183682.620545,4,sched_state,waiting
183682.620549,4,tick,""
183682.620579,4,sched_state,waiting
183682.620582,4,tick,""
183682.620608,4,sched_state,waiting
183682.620611,4,tick,""
183682.620644,1,sched_state,waiting
183682.620647,2,sched_state,waiting
183682.620650,6,sched_state,waiting
183682.620653,1,tick,""
183682.620654,2,tick,""
183682.620657,6,tick,""
183682.620681,3,sched_state,waiting
183682.620689,3,tick,""
183682.620714,4,sched_state,waiting
183682.620716,2,sched_state,waiting
183682.620719,4,tick,""
183682.620723,2,tick,""
183682.620740,1,sched_state,waiting
183682.620748,1,tick,""
183682.620771,2,sched_state,waiting
183682.620777,2,tick,""
183682.620781,6,sched_state,waiting
183682.620787,6,tick,""
183682.620796,4,sched_state,waiting
183682.620802,4,tick,""
183682.620839,1,sched_state,waiting
183682.620843,4,sched_state,waiting
183682.620848,4,tick,""
183682.620848,1,tick,""
183682.620858,2,sched_state,waiting
183682.620865,2,tick,""
183682.620876,6,sched_state,waiting
183682.620881,6,tick,""
183682.620883,4,sched_state,waiting
183682.620889,4,tick,""
183682.620894,1,sched_state,waiting
183682.620900,1,tick,""
183682.620912,2,sched_state,waiting
183682.620918,2,tick,""
183682.620941,1,sched_state,waiting
183682.620947,1,tick,""
183682.620949,6,sched_state,waiting
183682.620961,6,tick,""
183682.620976,2,sched_state,waiting
183682.620978,0,sched_state,waiting
183682.620981,5,sched_state,waiting
183682.620983,2,tick,""
183682.620983,4,sched_state,waiting
183682.620983,7,queue_length,1
183682.620986,0,tick,""
183682.620988,5,tick,""
183682.620988,4,tick,""
183682.620993,7,queue_length,0
183682.620995,1,sched_state,waiting
183682.621000,1,tick,""
183682.621006,6,sched_state,waiting
183682.621012,6,tick,""
183682.621037,0,sched_state,waiting
183682.621042,0,tick,""
183682.621051,1,sched_state,waiting
183682.621057,1,tick,""
183682.621061,2,sched_state,waiting
183682.621071,2,tick,""
183682.621081,0,sched_state,waiting
183682.621086,0,tick,""
183682.621094,6,sched_state,waiting
183682.621098,6,tick,""
183682.621098,5,sched_state,waiting
183682.621104,5,tick,""
183682.621123,0,sched_state,waiting
183682.621129,0,tick,""
183682.621146,5,sched_state,waiting
183682.621153,5,tick,""
183682.621172,0,sched_state,waiting
183682.621173,6,sched_state,waiting
183682.621178,0,tick,""
183682.621179,6,tick,""
183682.621229,6,sched_state,waiting
183682.621235,6,tick,""
183682.621243,0,sched_state,waiting
183682.621249,0,tick,""
183682.621251,5,sched_state,waiting
183682.621258,5,tick,""
183682.621271,6,sched_state,waiting
183682.621276,6,tick,""
183682.621310,6,sched_state,waiting
183682.621315,6,tick,""
183682.621344,0,sched_state,waiting
183682.621350,0,tick,""
183682.621360,6,sched_state,waiting
183682.621366,6,tick,""
183682.621396,0,sched_state,waiting
183682.621404,0,tick,""
183682.621406,6,sched_state,waiting
183682.621412,6,tick,""
183682.621437,0,sched_state,waiting
183682.621441,0,tick,""
183682.621474,0,sched_state,waiting
183682.621478,0,tick,""
183682.621503,0,sched_state,waiting
183682.621508,0,tick,""
183682.621515,6,sched_state,waiting
183682.621522,6,tick,""
183682.621538,0,sched_state,waiting
183682.621545,0,tick,""
183682.621562,6,sched_state,waiting
183682.621564,3,sched_state,waiting
183682.621567,6,tick,""
183682.621570,3,tick,""
183682.621571,1,sched_state,waiting
183682.621579,1,tick,""
183682.621581,2,sched_state,waiting
183682.621584,5,sched_state,waiting
183682.621587,2,tick,""
183682.621589,0,sched_state,waiting
183682.621590,5,tick,""
183682.621593,0,tick,""
183682.621603,3,sched_state,waiting
183682.621609,3,tick,""
183682.621610,6,sched_state,waiting
183682.621616,6,tick,""
183682.621641,1,sched_state,waiting
183682.621645,0,sched_state,waiting
183682.621647,1,tick,""
183682.621648,5,sched_state,waiting
183682.621650,0,tick,""
183682.621653,5,tick,""
183682.621680,6,sched_state,waiting
183682.621686,6,tick,""
183682.621699,0,sched_state,waiting
183682.621705,0,tick,""
183682.621707,4,sched_state,waiting
183682.621711,1,sched_state,waiting
183682.621712,5,sched_state,waiting
183682.621715,4,tick,""
183682.621717,1,tick,""
183682.621717,5,tick,""
183682.621745,0,sched_state,waiting
183682.621749,3,sched_state,waiting
183682.621752,0,tick,""
183682.621756,3,tick,""
183682.621758,4,sched_state,waiting
183682.621762,4,tick,""
183682.621772,5,sched_state,waiting
183682.621774,6,sched_state,waiting
183682.621778,5,tick,""
183682.621779,6,tick,""
183682.621804,4,sched_state,waiting
183682.621809,4,tick,""
183682.621815,5,sched_state,waiting
183682.621820,1,sched_state,waiting
183682.621822,5,tick,""
183682.621826,1,tick,""
183682.621856,5,sched_state,waiting
183682.621861,4,sched_state,waiting
183682.621861,5,tick,""
183682.621866,4,tick,""
183682.621866,3,sched_state,waiting
183682.621873,3,tick,""
183682.621901,5,sched_state,waiting
183682.621907,5,tick,""
183682.621911,3,sched_state,waiting
183682.621917,3,tick,""
183682.621922,7,sched_state,running
183682.621926,1,sched_state,waiting
183682.621933,1,tick,""
183682.621945,5,sched_state,waiting
183682.621956,5,tick,""
183682.621968,3,sched_state,waiting
183682.621974,3,tick,""
183682.621983,1,sched_state,waiting
183682.621988,1,tick,""
183682.621997,5,sched_state,waiting
183682.622003,5,tick,""
183682.622042,5,sched_state,waiting
183682.622049,5,tick,""
183682.622064,1,sched_state,waiting
183682.622070,1,tick,""
183682.622082,5,sched_state,waiting
183682.622087,5,tick,""
183682.622100,1,sched_state,waiting
183682.622106,1,tick,""
183682.622140,1,sched_state,waiting
183682.622146,1,tick,""
183682.622223,1,sched_state,waiting
183682.622230,1,tick,""
183682.622260,1,sched_state,waiting
183682.622265,1,tick,""
183682.622295,7,tick,""
183682.622301,1,sched_state,waiting
183682.622304,7,reduction,""
183682.622306,1,tick,""
183682.622306,7,sched_state,running
183682.622338,1,sched_state,waiting
183682.622345,1,tick,""
183682.622411,1,sched_state,waiting
183682.622417,1,tick,""
183682.622452,1,sched_state,waiting
183682.622458,1,tick,""
183682.622492,1,sched_state,waiting
183682.622497,1,tick,""
183682.622530,1,sched_state,waiting
183682.622536,1,tick,""
183682.622536,7,tick,""
183682.622545,7,reduction,""
183682.622547,7,sched_state,running
183682.622609,1,sched_state,waiting
183682.622614,1,tick,""
183682.622649,1,sched_state,waiting
183682.622656,1,tick,""
183682.622720,1,sched_state,waiting
183682.622726,1,tick,""
183682.622759,1,sched_state,waiting
183682.622765,1,tick,""
183682.622847,1,sched_state,waiting
183682.622852,1,tick,""
183682.622897,7,tick,""
183682.622909,1,sched_state,waiting
183682.622916,1,tick,""
183682.622982,1,sched_state,waiting
183682.622988,1,tick,""
183682.623021,1,sched_state,waiting
183682.623026,1,tick,""
183682.623060,1,sched_state,waiting
183682.623080,1,tick,""
183682.623114,1,sched_state,waiting
183682.623120,1,tick,""
183682.623161,1,sched_state,waiting
183682.623166,1,tick,""
183682.623201,1,sched_state,waiting
183682.623207,1,tick,""
183682.623243,1,sched_state,waiting
183682.623249,1,tick,""
183682.623289,1,sched_state,waiting
183682.623296,1,tick,""
183682.623461,2,sched_state,waiting
183682.623465,0,sched_state,waiting
183682.623469,2,tick,""
183682.623470,0,tick,""
183682.623476,4,sched_state,waiting
183682.623477,5,sched_state,waiting
183682.623479,4,tick,""
183682.623484,1,sched_state,waiting
183682.623485,5,tick,""
183682.623490,1,tick,""
183682.623514,0,sched_state,waiting
183682.623517,0,tick,""
183682.623521,4,sched_state,waiting
183682.623520,6,sched_state,waiting
183682.623524,4,tick,""
183682.623527,6,tick,""
183682.623550,0,sched_state,waiting
183682.623556,0,tick,""
183682.623557,4,sched_state,waiting
183682.623560,4,tick,""
183682.623570,2,sched_state,waiting
183682.623575,2,tick,""
183682.623577,6,sched_state,waiting
183682.623582,6,tick,""
183682.623601,4,sched_state,waiting
183682.623605,4,tick,""
183682.623607,5,sched_state,waiting
183682.623613,5,tick,""
183682.623613,0,sched_state,waiting
183682.623616,0,tick,""
183682.623624,2,sched_state,waiting
183682.623630,2,tick,""
183682.623640,4,sched_state,waiting
183682.623643,4,tick,""
183682.623653,0,sched_state,waiting
183682.623658,0,tick,""
183682.623666,2,sched_state,waiting
183682.623672,2,tick,""
183682.623692,1,sched_state,waiting
183682.623698,0,sched_state,waiting
183682.623701,1,tick,""
183682.623703,0,tick,""
183682.623712,4,sched_state,waiting
183682.623712,2,sched_state,waiting
183682.623716,4,tick,""
183682.623718,2,tick,""
183682.623762,2,sched_state,waiting
183682.623762,1,sched_state,waiting
183682.623765,4,sched_state,waiting
183682.623767,2,tick,""
183682.623769,4,tick,""
183682.623769,1,tick,""
183682.623781,5,sched_state,waiting
183682.623787,5,tick,""
183682.623802,4,sched_state,waiting
183682.623806,4,tick,""
183682.623812,1,sched_state,waiting
183682.623817,2,sched_state,waiting
183682.623819,1,tick,""
183682.623823,2,tick,""
183682.623839,4,sched_state,waiting
183682.623842,4,tick,""
183682.623883,1,sched_state,waiting
183682.623886,5,sched_state,waiting
183682.623890,1,tick,""
183682.623891,5,tick,""
183682.623899,4,sched_state,waiting
183682.623903,4,tick,""
183682.623949,4,sched_state,waiting
183682.623953,4,tick,""
183682.623952,1,sched_state,waiting
183682.623959,1,tick,""
183682.623985,5,sched_state,waiting
183682.623993,5,tick,""
183682.624004,1,sched_state,waiting
183682.624010,1,tick,""
183682.624020,4,sched_state,waiting
183682.624023,5,sched_state,waiting
183682.624024,4,tick,""
183682.624028,5,tick,""
183682.624053,4,sched_state,waiting
183682.624056,4,tick,""
183682.624068,5,sched_state,waiting
183682.624074,5,tick,""
183682.624089,4,sched_state,waiting
183682.624093,4,tick,""
183682.624127,1,sched_state,waiting
183682.624140,1,tick,""
183682.624149,4,sched_state,waiting
183682.624153,4,tick,""
183682.624188,4,sched_state,waiting
183682.624192,4,tick,""
183682.624198,3,sched_state,waiting
183682.624205,3,tick,""
183682.624217,1,sched_state,waiting
183682.624218,4,sched_state,waiting
183682.624220,6,sched_state,waiting
183682.624221,4,tick,""
183682.624224,0,sched_state,waiting
183682.624224,1,tick,""
183682.624228,5,sched_state,waiting
183682.624229,6,tick,""
183682.624234,0,tick,""
183682.624235,5,tick,""
183682.624244,4,sched_state,waiting
183682.624248,4,tick,""
183682.624275,5,sched_state,waiting
183682.624280,5,tick,""
183682.624290,1,sched_state,waiting
183682.624296,1,tick,""
183682.624304,0,sched_state,waiting
183682.624307,0,tick,""
183682.624324,5,sched_state,waiting
183682.624330,5,tick,""
183682.624346,1,sched_state,waiting
183682.624353,1,tick,""
183682.624359,6,sched_state,waiting
183682.624365,6,tick,""
183682.624373,5,sched_state,waiting
183682.624379,5,tick,""
183682.624390,1,sched_state,waiting
183682.624396,1,tick,""
183682.624418,5,sched_state,waiting
183682.624425,5,tick,""
183682.624426,1,sched_state,waiting
183682.624433,1,tick,""
183682.624455,6,sched_state,waiting
183682.624460,6,tick,""
183682.624473,5,sched_state,waiting
183682.624474,1,sched_state,waiting
183682.624479,1,tick,""
183682.624479,5,tick,""
183682.624590,1,sched_state,waiting
183682.624595,1,tick,""
183682.625241,2,sched_state,waiting
183682.625247,2,tick,""
183682.625257,3,sched_state,waiting
183682.625261,0,sched_state,waiting
183682.625264,3,tick,""
183682.625266,0,tick,""
183682.625267,6,sched_state,waiting
183682.625272,1,sched_state,waiting
183682.625273,5,sched_state,waiting
183682.625274,6,tick,""
183682.625278,1,tick,""
183682.625279,5,tick,""
183682.625279,4,sched_state,waiting
183682.625285,4,tick,""
183682.625321,2,sched_state,waiting
183682.625329,2,tick,""
183682.625339,0,sched_state,waiting
183682.625345,0,tick,""
183682.625347,1,sched_state,waiting
183682.625347,4,sched_state,waiting
183682.625352,4,tick,""
183682.625353,1,tick,""
183682.625367,5,sched_state,waiting
183682.625374,5,tick,""
183682.625383,2,sched_state,waiting
183682.625390,2,tick,""
183682.625398,3,sched_state,waiting
183682.625405,3,tick,""
183682.625420,1,sched_state,waiting
183682.625420,5,sched_state,waiting
183682.625426,1,tick,""
183682.625426,5,tick,""
183682.625432,2,sched_state,waiting
183682.625438,2,tick,""
183682.625461,5,sched_state,waiting
183682.625466,5,tick,""
183682.625499,5,sched_state,waiting
183682.625506,5,tick,""
183682.625510,3,sched_state,waiting
183682.625513,2,sched_state,waiting
183682.625518,3,tick,""
183682.625519,2,tick,""
183682.625527,1,sched_state,waiting
183682.625533,1,tick,""
183682.625546,5,sched_state,waiting
183682.625552,5,tick,""
183682.625561,2,sched_state,waiting
183682.625566,2,tick,""
183682.625568,3,sched_state,waiting
183682.625575,3,tick,""
183682.625598,1,sched_state,waiting
183682.625605,1,tick,""
183682.625627,3,sched_state,waiting
183682.625633,3,tick,""
183682.625652,1,sched_state,waiting
183682.625660,1,tick,""
183682.625677,3,sched_state,waiting
183682.625683,3,tick,""
183682.625692,1,sched_state,waiting
183682.625698,1,tick,""
183682.625732,3,sched_state,waiting
183682.625739,3,tick,""
183682.625745,1,sched_state,waiting
183682.625750,1,tick,""
183682.625778,3,sched_state,waiting
183682.625784,3,tick,""
183682.625790,1,sched_state,waiting
183682.625796,1,tick,""
183682.625815,3,sched_state,waiting
183682.625821,3,tick,""
183682.625837,1,sched_state,waiting
183682.625843,1,tick,""
183682.625863,3,sched_state,waiting
183682.625869,3,tick,""
183682.625914,3,sched_state,waiting
183682.625921,3,tick,""
183682.625994,3,sched_state,waiting
183682.626001,3,tick,""
183682.626031,3,sched_state,waiting
183682.626036,3,tick,""
183682.626249,1,channel_unblocked,87
183682.626256,7,yield,""
183682.626627,7,sched_state,running
183682.626994,7,tick,""
183682.627006,7,reduction,""
183682.627013,7,sched_state,running
183682.627234,7,tick,""
183682.627240,7,sched_state,stop
