timestamp,lpu,event,value
183681.971800,7,sched_state,startup
183681.971801,3,sched_state,startup
183681.971804,6,sched_state,startup
183681.971816,4,sched_state,startup
183681.971935,5,sched_state,startup
183681.971940,1,sched_state,startup
183681.972024,2,sched_state,startup
183681.972037,4,tick,""
183681.972118,6,tick,""
183681.972155,5,tick,""
183681.972155,1,tick,""
183681.972166,7,tick,""
183681.972166,3,tick,""
183681.972206,2,tick,""
183681.972259,0,sched_state,startup
183681.972899,0,tick,""
183681.972932,4,queue_length,0
183681.972937,4,sched_state,waiting
183681.972948,4,tick,""
183681.973227,0,queue_length,0
183681.973672,0,sched_state,running
183681.973850,0,tick,""
183681.973862,0,reduction,""
183681.973864,0,sched_state,running
183681.973965,0,tick,""
183681.973969,0,reduction,""
183681.973974,0,sched_state,running
183681.974175,0,tick,""
183681.974180,0,reduction,""
183681.974182,0,sched_state,running
183681.974208,2,queue_length,0
183681.974213,2,sched_state,waiting
183681.974224,2,tick,""
183681.974231,5,queue_length,0
183681.974234,1,queue_length,0
183681.974241,7,queue_length,0
183681.974244,1,sched_state,waiting
183681.974244,5,sched_state,waiting
183681.974253,7,sched_state,waiting
183681.974254,3,queue_length,0
183681.974259,5,tick,""
183681.974259,1,tick,""
183681.974262,3,sched_state,waiting
183681.974268,7,tick,""
183681.974272,0,tick,""
183681.974274,3,tick,""
183681.974277,0,reduction,""
183681.974279,0,sched_state,running
183681.974378,0,tick,""
183681.974381,0,reduction,""
183681.974383,0,sched_state,running
183681.974583,0,tick,""
183681.974600,0,reduction,""
183681.974606,0,sched_state,running
183681.974865,3,sched_state,waiting
183681.974903,3,tick,""
183681.974914,1,sched_state,waiting
183681.974919,0,tick,""
183681.974920,1,tick,""
183681.974924,0,reduction,""
183681.974926,0,sched_state,running
183681.974925,2,sched_state,waiting
183681.974927,5,sched_state,waiting
183681.974931,2,tick,""
183681.974932,5,tick,""
183681.974938,6,queue_length,0
183681.974951,6,sched_state,waiting
183681.974951,3,sched_state,waiting
183681.974956,3,tick,""
183681.974960,6,tick,""
183681.974963,4,sched_state,waiting
183681.974968,4,tick,""
183681.974982,5,sched_state,waiting
183681.974984,1,sched_state,waiting
183681.974988,1,tick,""
183681.974989,5,tick,""
183681.975014,4,sched_state,waiting
183681.975018,4,tick,""
183681.975028,1,sched_state,waiting
183681.975033,1,tick,""
183681.975048,4,sched_state,waiting
183681.975052,4,tick,""
183681.975053,2,sched_state,waiting
183681.975054,6,sched_state,waiting
183681.975059,2,tick,""
183681.975061,6,tick,""
183681.975079,5,sched_state,waiting
183681.975084,5,tick,""
183681.975085,7,sched_state,waiting
183681.975087,1,sched_state,waiting
183681.975090,0,tick,""
183681.975092,1,tick,""
183681.975093,7,tick,""
183681.975094,0,reduction,""
183681.975096,0,sched_state,running
183681.975118,2,sched_state,waiting
183681.975123,2,tick,""
183681.975125,6,sched_state,waiting
183681.975127,4,sched_state,waiting
183681.975131,4,tick,""
183681.975131,6,tick,""
183681.975148,1,sched_state,waiting
183681.975153,1,tick,""
183681.975167,5,sched_state,waiting
183681.975171,5,tick,""
183681.975181,6,sched_state,waiting
183681.975183,2,sched_state,waiting
183681.975185,6,tick,""
183681.975187,2,tick,""
183681.975196,1,sched_state,waiting
183681.975200,1,tick,""
183681.975208,5,sched_state,waiting
183681.975212,5,tick,""
183681.975225,7,sched_state,waiting
183681.975232,7,tick,""
183681.975238,6,sched_state,waiting
183681.975243,6,tick,""
183681.975256,2,sched_state,waiting
183681.975257,3,sched_state,waiting
183681.975264,0,tick,""
183681.975264,3,tick,""
183681.975265,2,tick,""
183681.975269,0,reduction,""
183681.975274,0,sched_state,running
183681.975279,5,sched_state,waiting
183681.975283,5,tick,""
183681.975289,6,sched_state,waiting
183681.975293,6,tick,""
183681.975293,7,sched_state,waiting
183681.975298,7,tick,""
183681.975311,1,sched_state,waiting
183681.975316,1,tick,""
183681.975323,2,sched_state,waiting
183681.975324,5,sched_state,waiting
183681.975328,2,tick,""
183681.975328,5,tick,""
183681.975351,7,sched_state,waiting
183681.975354,6,sched_state,waiting
183681.975355,4,sched_state,waiting
183681.975356,7,tick,""
183681.975359,4,tick,""
183681.975359,6,tick,""
183681.975363,0,tick,""
183681.975366,0,reduction,""
183681.975368,0,sched_state,running
183681.975397,5,sched_state,waiting
183681.975401,5,tick,""
183681.975410,6,sched_state,waiting
183681.975414,6,tick,""
183681.975419,1,sched_state,waiting
183681.975423,1,tick,""
183681.975424,7,sched_state,waiting
183681.975429,7,tick,""
183681.975461,1,sched_state,waiting
183681.975465,7,sched_state,waiting
183681.975466,1,tick,""
183681.975470,7,tick,""
183681.975495,0,tick,""
183681.975499,1,sched_state,waiting
183681.975500,0,reduction,""
183681.975503,1,tick,""
183681.975506,7,sched_state,waiting
183681.975506,2,sched_state,waiting
183681.975507,0,sched_state,running
183681.975511,7,tick,""
183681.975511,5,sched_state,waiting
183681.975512,2,tick,""
183681.975516,5,tick,""
183681.975526,6,sched_state,waiting
183681.975531,6,tick,""
183681.975544,4,sched_state,waiting
183681.975548,4,tick,""
183681.975559,7,sched_state,waiting
183681.975560,2,sched_state,waiting
183681.975564,2,tick,""
183681.975564,7,tick,""
183681.975580,1,sched_state,waiting
183681.975585,1,tick,""
183681.975598,2,sched_state,waiting
183681.975602,2,tick,""
183681.975610,7,sched_state,waiting
183681.975615,7,tick,""
183681.975615,3,sched_state,waiting
183681.975616,0,tick,""
183681.975619,3,tick,""
183681.975624,0,reduction,""
183681.975626,0,sched_state,running
183681.975647,5,sched_state,waiting
183681.975653,5,tick,""
183681.975655,2,sched_state,waiting
183681.975659,2,tick,""
183681.975663,4,sched_state,waiting
183681.975667,4,tick,""
183681.975682,7,sched_state,waiting
183681.975687,7,tick,""
183681.975695,5,sched_state,waiting
183681.975699,5,tick,""
183681.975722,7,sched_state,waiting
183681.975722,3,sched_state,waiting
183681.975726,7,tick,""
183681.975726,3,tick,""
183681.975733,5,sched_state,waiting
183681.975738,5,tick,""
183681.975751,2,sched_state,waiting
183681.975755,2,tick,""
183681.975772,7,sched_state,waiting
183681.975777,7,tick,""
183681.975779,3,sched_state,waiting
183681.975783,3,tick,""
183681.975794,5,sched_state,waiting
183681.975799,5,tick,""
183681.975802,0,tick,""
183681.975807,2,sched_state,waiting
183681.975808,1,sched_state,waiting
183681.975812,1,tick,""
183681.975812,2,tick,""
183681.975809,0,reduction,""
183681.975822,0,sched_state,running
183681.975824,3,sched_state,waiting
183681.975828,3,tick,""
183681.975831,4,sched_state,waiting
183681.975834,4,tick,""
183681.975858,1,sched_state,waiting
183681.975863,1,tick,""
183681.975868,2,sched_state,waiting
183681.975873,2,tick,""
183681.975876,4,sched_state,waiting
183681.975879,4,tick,""
183681.975883,5,sched_state,waiting
183681.975888,5,tick,""
183681.975919,0,tick,""
183681.975920,6,sched_state,waiting
183681.975923,0,reduction,""
183681.975924,6,tick,""
183681.975926,0,sched_state,running
183681.975932,5,sched_state,waiting
183681.975935,7,sched_state,waiting
183681.975936,5,tick,""
183681.975938,3,sched_state,waiting
183681.975940,7,tick,""
183681.975943,3,tick,""
183681.975956,1,sched_state,waiting
183681.975962,1,tick,""
183681.975977,6,sched_state,waiting
183681.975981,6,tick,""
183681.975993,2,sched_state,waiting
183681.975995,0,tick,""
183681.975998,2,tick,""
183681.975999,4,sched_state,waiting
183681.976000,5,sched_state,waiting
183681.976002,4,tick,""
183681.976004,5,tick,""
183681.976008,0,reduction,""
183681.976011,0,sched_state,running
183681.976026,3,sched_state,waiting
183681.976031,3,tick,""
183681.976057,4,sched_state,waiting
183681.976060,4,tick,""
183681.976060,6,sched_state,waiting
183681.976065,6,tick,""
183681.976065,5,sched_state,waiting
183681.976069,5,tick,""
183681.976075,2,sched_state,waiting
183681.976080,2,tick,""
183681.976103,4,sched_state,waiting
183681.976106,4,tick,""
183681.976122,7,sched_state,waiting
183681.976124,0,tick,""
183681.976128,7,tick,""
183681.976131,5,sched_state,waiting
183681.976134,6,sched_state,waiting
183681.976137,5,tick,""
183681.976139,6,tick,""
183681.976140,2,sched_state,waiting
183681.976142,1,sched_state,waiting
183681.976144,2,tick,""
183681.976146,1,tick,""
183681.976163,4,sched_state,waiting
183681.976167,4,tick,""
183681.976200,7,sched_state,waiting
183681.976205,7,tick,""
183681.976223,6,sched_state,waiting
183681.976228,6,tick,""
183681.976229,4,sched_state,waiting
183681.976232,4,tick,""
183681.976233,3,sched_state,waiting
183681.976243,3,tick,""
183681.976255,5,sched_state,waiting
183681.976260,5,tick,""
183681.976267,6,sched_state,waiting
183681.976270,4,sched_state,waiting
183681.976271,6,tick,""
183681.976273,4,tick,""
183681.976282,3,sched_state,waiting
183681.976286,3,tick,""
183681.976293,2,sched_state,waiting
183681.976298,2,tick,""
183681.976307,6,sched_state,waiting
183681.976311,6,tick,""
183681.976311,5,sched_state,waiting
183681.976316,5,tick,""
183681.976345,2,sched_state,waiting
183681.976346,6,sched_state,waiting
183681.976350,6,tick,""
183681.976349,2,tick,""
183681.976350,0,reduction,""
183681.976354,0,sched_state,running
183681.976360,5,sched_state,waiting
183681.976365,5,tick,""
183681.976373,3,sched_state,waiting
183681.976378,3,tick,""
183681.976392,2,sched_state,waiting
183681.976397,2,tick,""
183681.976420,3,sched_state,waiting
183681.976424,3,tick,""
183681.976433,2,sched_state,waiting
183681.976437,2,tick,""
183681.976452,0,tick,""
183681.976453,7,sched_state,waiting
183681.976457,7,tick,""
183681.976471,0,reduction,""
183681.976471,1,sched_state,waiting
183681.976472,2,sched_state,waiting
183681.976474,0,sched_state,running
183681.976476,2,tick,""
183681.976477,1,tick,""
183681.976480,4,sched_state,waiting
183681.976484,4,tick,""
183681.976510,7,sched_state,waiting
183681.976515,7,tick,""
183681.976518,6,sched_state,waiting
183681.976523,6,tick,""
183681.976534,4,sched_state,waiting
183681.976534,5,sched_state,waiting
183681.976537,4,tick,""
183681.976540,5,tick,""
183681.976544,2,sched_state,waiting
183681.976548,2,tick,""
183681.976564,6,sched_state,waiting
183681.976565,0,tick,""
183681.976568,6,tick,""
183681.976570,0,reduction,""
183681.976570,3,sched_state,waiting
183681.976573,0,sched_state,running
183681.976578,3,tick,""
183681.976587,5,sched_state,waiting
183681.976591,5,tick,""
183681.976603,2,sched_state,waiting
183681.976608,2,tick,""
183681.976615,7,sched_state,waiting
183681.976620,7,tick,""
183681.976622,6,sched_state,waiting
183681.976625,3,sched_state,waiting
183681.976626,6,tick,""
183681.976629,3,tick,""
183681.976653,4,sched_state,waiting
183681.976656,4,tick,""
183681.976662,6,sched_state,waiting
183681.976667,6,tick,""
183681.976675,3,sched_state,waiting
183681.976679,7,sched_state,waiting
183681.976679,3,tick,""
183681.976681,0,tick,""
183681.976682,7,tick,""
183681.976685,1,sched_state,waiting
183681.976689,0,reduction,""
183681.976692,0,sched_state,running
183681.976692,1,tick,""
183681.976706,5,sched_state,waiting
183681.976709,4,sched_state,waiting
183681.976710,5,tick,""
183681.976712,4,tick,""
183681.976720,3,sched_state,waiting
183681.976724,3,tick,""
183681.976732,1,sched_state,waiting
183681.976736,1,tick,""
183681.976759,3,sched_state,waiting
183681.976760,4,sched_state,waiting
183681.976763,4,tick,""
183681.976763,3,tick,""
183681.976788,1,sched_state,waiting
183681.976788,5,sched_state,waiting
183681.976789,2,sched_state,waiting
183681.976790,6,sched_state,waiting
183681.976792,1,tick,""
183681.976793,5,tick,""
183681.976794,2,tick,""
183681.976794,6,tick,""
183681.976797,0,tick,""
183681.976826,7,sched_state,waiting
183681.976832,7,tick,""
183681.976843,4,sched_state,waiting
183681.976847,4,tick,""
183681.976872,2,sched_state,waiting
183681.976878,2,tick,""
183681.976883,5,sched_state,waiting
183681.976886,3,sched_state,waiting
183681.976888,5,tick,""
183681.976891,4,sched_state,waiting
183681.976893,3,tick,""
183681.976894,4,tick,""
183681.976900,7,sched_state,waiting
183681.976905,7,tick,""
183681.976905,1,sched_state,waiting
183681.976907,6,sched_state,waiting
183681.976910,1,tick,""
183681.976913,6,tick,""
183681.976936,3,sched_state,waiting
183681.976939,4,sched_state,waiting
183681.976940,3,tick,""
183681.976942,4,tick,""
183681.976943,5,sched_state,waiting
183681.976944,2,sched_state,waiting
183681.976948,5,tick,""
183681.976949,2,tick,""
183681.976967,1,sched_state,waiting
183681.976971,1,tick,""
183681.976976,6,sched_state,waiting
183681.976981,6,tick,""
183681.976984,3,sched_state,waiting
183681.976989,3,tick,""
183681.976990,5,sched_state,waiting
183681.976996,5,tick,""
183681.977011,2,sched_state,waiting
183681.977016,2,tick,""
183681.977056,1,sched_state,waiting
183681.977057,4,sched_state,waiting
183681.977060,4,tick,""
183681.977061,1,tick,""
183681.977067,5,sched_state,waiting
183681.977071,5,tick,""
183681.977075,3,sched_state,waiting
183681.977080,3,tick,""
183681.977085,4,sched_state,waiting
183681.977088,4,tick,""
183681.977109,5,sched_state,waiting
183681.977114,5,tick,""
183681.977119,6,sched_state,waiting
183681.977124,6,tick,""
183681.977125,3,sched_state,waiting
183681.977135,3,tick,""
183681.977136,1,sched_state,waiting
183681.977141,1,tick,""
183681.977157,6,sched_state,waiting
183681.977158,4,sched_state,waiting
183681.977161,4,tick,""
183681.977162,6,tick,""
183681.977176,3,sched_state,waiting
183681.977180,3,tick,""
183681.977181,1,sched_state,waiting
183681.977185,1,tick,""
183681.977194,5,sched_state,waiting
183681.977196,4,sched_state,waiting
183681.977199,4,tick,""
183681.977199,5,tick,""
183681.977207,6,sched_state,waiting
183681.977218,6,tick,""
183681.977281,1,sched_state,waiting
183681.977286,1,tick,""
183681.977321,5,sched_state,waiting
183681.977321,2,sched_state,waiting
183681.977326,5,tick,""
183681.977330,2,tick,""
183681.977347,4,sched_state,waiting
183681.977350,7,sched_state,waiting
183681.977354,4,tick,""
183681.977354,7,tick,""
183681.977375,6,sched_state,waiting
183681.977381,6,tick,""
183681.977382,5,sched_state,waiting
183681.977383,3,sched_state,waiting
183681.977386,5,tick,""
183681.977389,3,tick,""
183681.977397,4,sched_state,waiting
183681.977401,4,tick,""
183681.977418,1,sched_state,waiting
183681.977423,1,tick,""
183681.977427,2,sched_state,waiting
183681.977433,2,tick,""
183681.977438,5,sched_state,waiting
183681.977439,7,sched_state,waiting
183681.977443,7,tick,""
183681.977445,5,tick,""
183681.977449,3,sched_state,waiting
183681.977450,4,sched_state,waiting
183681.977453,3,tick,""
183681.977454,4,tick,""
183681.977479,6,sched_state,waiting
183681.977485,6,tick,""
183681.977511,4,sched_state,waiting
183681.977514,4,tick,""
183681.977516,2,sched_state,waiting
183681.977521,2,tick,""
183681.977537,5,sched_state,waiting
183681.977541,5,tick,""
183681.977543,4,sched_state,waiting
183681.977547,4,tick,""
183681.977577,4,sched_state,waiting
183681.977580,4,tick,""
183681.977580,7,sched_state,waiting
183681.977585,7,tick,""
183681.977600,2,sched_state,waiting
183681.977605,2,tick,""
183681.977617,5,sched_state,waiting
183681.977623,5,tick,""
183681.977642,2,sched_state,waiting
183681.977647,2,tick,""
183681.977706,1,sched_state,waiting
183681.977712,1,tick,""
183681.977723,3,sched_state,waiting
183681.977729,3,tick,""
183681.977730,7,sched_state,waiting
183681.977736,7,tick,""
183681.977736,4,sched_state,waiting
183681.977736,6,sched_state,waiting
183681.977741,0,reduction,""
183681.977744,4,tick,""
183681.977744,0,sched_state,running
183681.977746,6,tick,""
183681.977753,5,sched_state,waiting
183681.977765,5,tick,""
183681.977777,7,sched_state,waiting
183681.977782,7,tick,""
183681.977800,4,sched_state,waiting
183681.977805,4,tick,""
183681.977805,6,sched_state,waiting
183681.977811,6,tick,""
183681.977816,3,sched_state,waiting
183681.977822,3,tick,""
183681.977848,7,sched_state,waiting
183681.977849,0,tick,""
183681.977853,7,tick,""
183681.977864,3,sched_state,waiting
183681.977865,4,sched_state,waiting
183681.977869,3,tick,""
183681.977870,4,tick,""
183681.977871,6,sched_state,waiting
183681.977876,6,tick,""
183681.977895,1,sched_state,waiting
183681.977897,2,sched_state,waiting
183681.977901,1,tick,""
183681.977902,5,sched_state,waiting
183681.977904,2,tick,""
183681.977906,4,sched_state,waiting
183681.977907,5,tick,""
183681.977909,4,tick,""
183681.977928,3,sched_state,waiting
183681.977932,3,tick,""
183681.977963,1,sched_state,waiting
183681.977965,2,sched_state,waiting
183681.977968,1,tick,""
183681.977970,2,tick,""
183681.977974,3,sched_state,waiting
183681.977982,3,tick,""
183681.977988,6,sched_state,waiting
183681.977993,6,tick,""
183681.978002,4,sched_state,waiting
183681.978006,4,tick,""
183681.978008,1,sched_state,waiting
183681.978013,1,tick,""
183681.978025,2,sched_state,waiting
183681.978028,3,sched_state,waiting
183681.978030,2,tick,""
183681.978033,3,tick,""
183681.978043,6,sched_state,waiting
183681.978044,4,sched_state,waiting
183681.978048,6,tick,""
183681.978049,4,tick,""
183681.978087,3,sched_state,waiting
183681.978094,3,tick,""
183681.978103,4,sched_state,waiting
183681.978107,4,tick,""
183681.978111,6,sched_state,waiting
183681.978117,6,tick,""
183681.978134,2,sched_state,waiting
183681.978140,2,tick,""
183681.978144,4,sched_state,waiting
183681.978148,4,tick,""
183681.978149,3,sched_state,waiting
183681.978154,3,tick,""
183681.978168,6,sched_state,waiting
183681.978173,6,tick,""
183681.978175,4,sched_state,waiting
183681.978178,4,tick,""
183681.978183,2,sched_state,waiting
183681.978188,2,tick,""
183681.978214,4,sched_state,waiting
183681.978220,4,tick,""
183681.978227,2,sched_state,waiting
183681.978233,2,tick,""
183681.978247,5,sched_state,waiting
183681.978252,5,tick,""
183681.978254,6,sched_state,waiting
183681.978260,6,tick,""
183681.978280,7,sched_state,waiting
183681.978286,7,tick,""
183681.978326,3,sched_state,waiting
183681.978332,3,tick,""
183681.978345,2,sched_state,waiting
183681.978351,2,tick,""
183681.978387,2,sched_state,waiting
183681.978392,2,tick,""
183681.978419,0,queue_length,0
183681.978419,3,sched_state,waiting
183681.978421,1,sched_state,waiting
183681.978424,3,tick,""
183681.978428,1,tick,""
183681.978472,3,sched_state,waiting
183681.978478,3,tick,""
183681.978487,1,sched_state,waiting
183681.978492,1,tick,""
183681.978505,3,sched_state,waiting
183681.978512,3,tick,""
183681.978541,3,sched_state,waiting
183681.978546,3,tick,""
183681.978552,2,sched_state,waiting
183681.978561,2,tick,""
183681.978735,5,sched_state,waiting
183681.978740,3,sched_state,waiting
183681.978742,6,sched_state,waiting
183681.978742,5,tick,""
183681.978747,6,tick,""
183681.978748,3,tick,""
183681.978763,1,sched_state,waiting
183681.978765,4,sched_state,waiting
183681.978769,4,tick,""
183681.978770,1,tick,""
183681.978770,2,sched_state,waiting
183681.978776,2,tick,""
183681.978799,3,sched_state,waiting
183681.978804,3,tick,""
183681.978827,2,sched_state,waiting
183681.978834,2,tick,""
183681.978841,3,sched_state,waiting
183681.978842,4,sched_state,waiting
183681.978841,5,sched_state,waiting
183681.978846,4,tick,""
183681.978846,3,tick,""
183681.978847,5,tick,""
183681.978860,6,sched_state,waiting
183681.978865,6,tick,""
183681.978889,3,sched_state,waiting
183681.978894,3,tick,""
183681.978907,6,sched_state,waiting
183681.978911,6,tick,""
183681.978925,3,sched_state,waiting
183681.978934,3,tick,""
183681.978947,6,sched_state,waiting
183681.978952,6,tick,""
183681.978970,3,sched_state,waiting
183681.978975,3,tick,""
183681.978981,1,sched_state,waiting
183681.978987,1,tick,""
183681.978997,2,sched_state,waiting
183681.979003,2,tick,""
183681.979010,3,sched_state,waiting
183681.979016,3,tick,""
183681.979024,1,sched_state,waiting
183681.979030,1,tick,""
183681.979041,2,sched_state,waiting
183681.979042,6,sched_state,waiting
183681.979045,6,tick,""
183681.979045,2,tick,""
183681.979080,3,sched_state,waiting
183681.979086,3,tick,""
183681.979088,7,sched_state,waiting
183681.979088,0,sched_state,running
183681.979093,7,tick,""
183681.979125,4,sched_state,waiting
183681.979128,5,sched_state,waiting
183681.979130,4,tick,""
183681.979133,2,sched_state,waiting
183681.979134,5,tick,""
183681.979134,3,sched_state,waiting
183681.979139,2,tick,""
183681.979140,3,tick,""
183681.979161,7,sched_state,waiting
183681.979166,7,tick,""
183681.979164,6,sched_state,waiting
183681.979176,6,tick,""
183681.979203,2,sched_state,waiting
183681.979203,5,sched_state,waiting
183681.979208,5,tick,""
183681.979208,2,tick,""
183681.979245,5,sched_state,waiting
183681.979250,5,tick,""
183681.979252,6,sched_state,waiting
183681.979258,6,tick,""
183681.979271,2,sched_state,waiting
183681.979277,2,tick,""
183681.979291,6,sched_state,waiting
183681.979296,6,tick,""
183681.979361,5,sched_state,waiting
183681.979366,5,tick,""
183681.979407,1,sched_state,waiting
183681.979407,0,tick,""
183681.979413,1,tick,""
183681.979423,4,sched_state,waiting
183681.979427,4,tick,""
183681.979427,0,reduction,""
183681.979430,0,sched_state,running
183681.979430,6,sched_state,waiting
183681.979429,2,sched_state,waiting
183681.979431,5,sched_state,waiting
183681.979436,5,tick,""
183681.979435,6,tick,""
183681.979435,2,tick,""
183681.979446,7,sched_state,waiting
183681.979453,7,tick,""
183681.979456,1,sched_state,waiting
183681.979461,1,tick,""
183681.979495,4,sched_state,waiting
183681.979497,6,sched_state,waiting
183681.979498,2,sched_state,waiting
183681.979499,4,tick,""
183681.979503,2,tick,""
183681.979503,6,tick,""
183681.979528,4,sched_state,waiting
183681.979531,4,tick,""
183681.979530,7,sched_state,waiting
183681.979536,7,tick,""
183681.979562,4,sched_state,waiting
183681.979565,4,tick,""
183681.979565,6,sched_state,waiting
183681.979567,1,sched_state,waiting
183681.979570,6,tick,""
183681.979573,1,tick,""
183681.979584,7,sched_state,waiting
183681.979592,5,sched_state,waiting
183681.979595,7,tick,""
183681.979598,5,tick,""
183681.979606,4,sched_state,waiting
183681.979609,4,tick,""
183681.979619,6,sched_state,waiting
183681.979622,2,sched_state,waiting
183681.979624,6,tick,""
183681.979626,2,tick,""
183681.979639,4,sched_state,waiting
183681.979641,4,tick,""
183681.979645,7,sched_state,waiting
183681.979651,7,tick,""
183681.979655,1,sched_state,waiting
183681.979662,1,tick,""
183681.979673,5,sched_state,waiting
183681.979679,5,tick,""
183681.979682,6,sched_state,waiting
183681.979685,4,sched_state,waiting
183681.979688,4,tick,""
183681.979691,6,tick,""
183681.979708,1,sched_state,waiting
183681.979713,1,tick,""
183681.979714,2,sched_state,waiting
183681.979720,2,tick,""
183681.979730,0,tick,""
183681.979730,3,sched_state,waiting
183681.979735,3,tick,""
183681.979736,0,spawn,""
183681.979739,0,reduction,""
183681.979741,0,sched_state,running
183681.979740,6,sched_state,waiting
183681.979745,6,tick,""
183681.979750,7,sched_state,waiting
183681.979759,7,tick,""
183681.979768,1,sched_state,waiting
183681.979776,1,tick,""
183681.979786,4,sched_state,waiting
183681.979787,3,sched_state,waiting
183681.979788,6,sched_state,waiting
183681.979790,4,tick,""
183681.979792,3,tick,""
183681.979794,6,tick,""
183681.979814,7,sched_state,waiting
183681.979822,2,sched_state,waiting
183681.979822,7,tick,""
183681.979828,2,tick,""
183681.979833,1,sched_state,waiting
183681.979839,1,tick,""
183681.979844,3,sched_state,waiting
183681.979850,3,tick,""
183681.979861,4,sched_state,waiting
183681.979864,4,tick,""
183681.979873,6,sched_state,waiting
183681.979878,6,tick,""
183681.979886,7,sched_state,waiting
183681.979888,2,sched_state,waiting
183681.979891,7,tick,""
183681.979893,2,tick,""
183681.979905,4,sched_state,waiting
183681.979908,4,tick,""
183681.979935,2,sched_state,waiting
183681.979939,2,tick,""
183681.979949,4,sched_state,waiting
183681.979952,4,tick,""
183681.979953,7,sched_state,waiting
183681.979959,1,sched_state,waiting
183681.979960,7,tick,""
183681.979966,1,tick,""
183681.979983,4,sched_state,waiting
183681.979984,3,sched_state,waiting
183681.979986,4,tick,""
183681.979989,3,tick,""
183681.980001,6,sched_state,waiting
183681.980007,6,tick,""
183681.980012,1,sched_state,waiting
183681.980017,1,tick,""
183681.980017,4,sched_state,waiting
183681.980020,4,tick,""
183681.980034,3,sched_state,waiting
183681.980039,3,tick,""
183681.980039,7,sched_state,waiting
183681.980041,5,sched_state,waiting
183681.980044,7,tick,""
183681.980053,5,tick,""
183681.980063,1,sched_state,waiting
183681.980069,1,tick,""
183681.980083,7,sched_state,waiting
183681.980085,3,sched_state,waiting
183681.980089,7,tick,""
183681.980091,3,tick,""
183681.980098,6,sched_state,waiting
183681.980099,5,sched_state,waiting
183681.980105,5,tick,""
183681.980107,6,tick,""
183681.980125,2,sched_state,waiting
183681.980130,2,tick,""
183681.980132,1,sched_state,waiting
183681.980135,4,sched_state,waiting
183681.980138,1,tick,""
183681.980140,4,tick,""
183681.980168,5,sched_state,waiting
183681.980174,5,tick,""
183681.980201,3,sched_state,waiting
183681.980203,1,sched_state,waiting
183681.980206,3,tick,""
183681.980208,1,tick,""
183681.980209,5,sched_state,waiting
183681.980213,5,tick,""
183681.980332,7,sched_state,waiting
183681.980339,7,tick,""
183681.980352,4,sched_state,waiting
183681.980352,2,sched_state,waiting
183681.980358,4,tick,""
183681.980361,6,sched_state,waiting
183681.980369,2,tick,""
183681.980369,6,tick,""
183681.980414,1,sched_state,waiting
183681.980424,1,tick,""
183681.980434,7,sched_state,waiting
183681.980436,6,sched_state,waiting
183681.980436,2,sched_state,waiting
183681.980441,7,tick,""
183681.980442,6,tick,""
183681.980442,2,tick,""
183681.980447,3,sched_state,waiting
183681.980454,3,tick,""
183681.980460,1,sched_state,waiting
183681.980466,1,tick,""
183681.980516,3,sched_state,waiting
183681.980518,2,sched_state,waiting
183681.980521,3,tick,""
183681.980524,2,tick,""
183681.980536,7,sched_state,waiting
183681.980541,7,tick,""
183681.980562,6,sched_state,waiting
183681.980563,2,sched_state,waiting
183681.980566,3,sched_state,waiting
183681.980568,2,tick,""
183681.980568,6,tick,""
183681.980571,3,tick,""
183681.980582,7,sched_state,waiting
183681.980588,7,tick,""
183681.980619,1,sched_state,waiting
183681.980624,1,tick,""
183681.980623,2,sched_state,waiting
183681.980624,3,sched_state,waiting
183681.980629,2,tick,""
183681.980630,6,sched_state,waiting
183681.980630,3,tick,""
183681.980634,6,tick,""
183681.980664,2,sched_state,waiting
183681.980669,2,tick,""
183681.980672,1,sched_state,waiting
183681.980679,1,tick,""
183681.980679,0,tick,""
183681.980684,0,reduction,""
183681.980688,0,sched_state,running
183681.980702,2,sched_state,waiting
183681.980708,2,tick,""
183681.980742,6,sched_state,waiting
183681.980742,2,sched_state,waiting
183681.980747,6,tick,""
183681.980747,2,tick,""
183681.980796,6,sched_state,waiting
183681.980801,6,tick,""
183681.980831,6,sched_state,waiting
183681.980837,6,tick,""
183681.980874,6,sched_state,waiting
183681.980879,6,tick,""
183681.980965,6,sched_state,waiting
183681.980971,6,tick,""
183681.980976,3,sched_state,waiting
183681.980983,3,tick,""
183681.980984,0,queue_length,1
183681.980989,0,tick,""
183681.980995,0,reduction,""
183681.980998,0,sched_state,running
183681.981000,1,sched_state,waiting
183681.981006,1,tick,""
183681.981039,1,sched_state,waiting
183681.981044,1,tick,""
183681.981154,0,tick,""
183681.981159,0,reduction,""
183681.981162,0,sched_state,running
183681.981316,0,tick,""
183681.981322,0,reduction,""
183681.981324,0,sched_state,running
183681.981476,0,tick,""
183681.981481,0,reduction,""
183681.981483,0,sched_state,running
183681.981634,0,tick,""
183681.981655,4,sched_state,waiting
183681.981660,4,tick,""
183681.981662,7,sched_state,waiting
183681.981668,6,sched_state,waiting
183681.981670,7,tick,""
183681.981674,6,tick,""
183681.981680,2,sched_state,waiting
183681.981682,1,sched_state,waiting
183681.981686,2,tick,""
183681.981689,1,tick,""
183681.981698,5,sched_state,waiting
183681.981704,0,reduction,""
183681.981711,5,tick,""
183681.981713,0,sched_state,running
183681.981724,7,sched_state,waiting
183681.981733,7,tick,""
183681.981747,2,sched_state,waiting
183681.981753,2,tick,""
183681.981787,6,sched_state,waiting
183681.981791,5,sched_state,waiting
183681.981795,6,tick,""
183681.981800,5,tick,""
183681.981834,6,sched_state,waiting
183681.981835,5,sched_state,waiting
183681.981840,5,tick,""
183681.981840,6,tick,""
183681.981845,1,sched_state,waiting
183681.981849,2,sched_state,waiting
183681.981854,1,tick,""
183681.981855,2,tick,""
183681.981885,5,sched_state,waiting
183681.981890,5,tick,""
183681.981897,1,sched_state,waiting
183681.981902,1,tick,""
183681.981924,6,sched_state,waiting
183681.981930,6,tick,""
183681.981939,4,sched_state,waiting
183681.981942,0,tick,""
183681.981945,4,tick,""
183681.981949,0,reduction,""
183681.981951,0,sched_state,running
183681.981955,1,sched_state,waiting
183681.981960,1,tick,""
183681.981961,7,sched_state,waiting
183681.981967,7,tick,""
183681.981993,1,sched_state,waiting
183681.982005,1,tick,""
183681.982008,7,sched_state,waiting
183681.982014,7,tick,""
183681.982048,6,sched_state,waiting
183681.982054,6,tick,""
183681.982054,7,sched_state,waiting
183681.982059,7,tick,""
183681.982063,4,sched_state,waiting
183681.982067,4,tick,""
183681.982088,3,queue_length,1
183681.982094,3,queue_length,0
183681.982111,7,sched_state,waiting
183681.982117,7,tick,""
183681.982157,4,sched_state,waiting
183681.982161,4,tick,""
183681.982222,4,sched_state,waiting
183681.982225,4,tick,""
183681.982241,2,sched_state,waiting
183681.982246,0,tick,""
183681.982247,2,tick,""
183681.982252,0,spawn,""
183681.982255,0,reduction,""
183681.982258,0,sched_state,running
183681.982262,1,sched_state,waiting
183681.982268,1,tick,""
183681.982304,5,sched_state,waiting
183681.982310,5,tick,""
183681.982318,2,sched_state,waiting
183681.982324,2,tick,""
183681.982361,2,sched_state,waiting
183681.982367,2,tick,""
183681.982416,5,sched_state,waiting
183681.982421,5,tick,""
183681.982463,2,sched_state,waiting
183681.982469,2,tick,""
183681.982511,2,sched_state,waiting
183681.982515,4,sched_state,waiting
183681.982515,2,tick,""
183681.982518,1,sched_state,waiting
183681.982520,4,tick,""
183681.982524,1,tick,""
183681.982542,7,sched_state,waiting
183681.982546,6,sched_state,waiting
183681.982549,7,tick,""
183681.982552,6,tick,""
183681.982561,5,sched_state,waiting
183681.982567,5,tick,""
183681.982575,2,sched_state,waiting
183681.982581,2,tick,""
183681.982616,7,sched_state,waiting
183681.982618,6,sched_state,waiting
183681.982622,7,tick,""
183681.982623,6,tick,""
183681.982640,5,sched_state,waiting
183681.982645,5,tick,""
183681.982655,2,sched_state,waiting
183681.982668,2,tick,""
183681.982700,1,sched_state,waiting
183681.982705,1,tick,""
183681.982740,1,sched_state,waiting
183681.982746,1,tick,""
183681.982767,3,sched_state,running
183681.982782,1,sched_state,waiting
183681.982787,1,tick,""
183681.982938,0,tick,""
183681.982943,4,sched_state,waiting
183681.982945,0,reduction,""
183681.982947,4,tick,""
183681.982948,5,sched_state,waiting
183681.982949,0,queue_length,1
183681.982950,0,sched_state,running
183681.982954,6,sched_state,waiting
183681.982954,1,sched_state,waiting
183681.982956,5,tick,""
183681.982956,7,sched_state,waiting
183681.982959,6,tick,""
183681.982960,1,tick,""
183681.982964,7,tick,""
183681.982984,2,sched_state,waiting
183681.982992,2,tick,""
183681.983084,5,sched_state,waiting
183681.983091,5,tick,""
183681.983118,3,tick,""
183681.983123,3,reduction,""
183681.983126,3,sched_state,running
183681.983248,0,tick,""
183681.983258,0,reduction,""
183681.983260,0,sched_state,running
183681.983371,0,tick,""
183681.983375,0,reduction,""
183681.983376,0,sched_state,running
183681.983426,1,sched_state,waiting
183681.983433,1,tick,""
183681.983448,3,tick,""
183681.983455,3,reduction,""
183681.983457,3,sched_state,running
183681.983481,1,sched_state,waiting
183681.983484,0,tick,""
183681.983486,1,tick,""
183681.983488,0,reduction,""
183681.983490,0,sched_state,running
183681.983518,1,sched_state,waiting
183681.983522,1,tick,""
183681.983548,1,sched_state,waiting
183681.983553,1,tick,""
183681.983596,0,tick,""
183681.983599,0,reduction,""
183681.983602,0,sched_state,running
183681.983624,3,tick,""
183681.983630,3,reduction,""
183681.983634,3,sched_state,running
183681.983641,1,sched_state,waiting
183681.983645,1,tick,""
183681.983672,1,sched_state,waiting
183681.983676,1,tick,""
183681.983706,0,tick,""
183681.983716,0,reduction,""
183681.983718,0,sched_state,running
183681.983798,3,tick,""
183681.983803,3,reduction,""
183681.983807,3,sched_state,running
183681.983821,0,tick,""
183681.983978,3,tick,""
183681.983984,3,reduction,""
183681.983986,3,sched_state,running
183681.984158,3,tick,""
183681.984164,3,reduction,""
183681.984166,3,sched_state,running
183681.984236,2,sched_state,waiting
183681.984243,2,tick,""
183681.984324,4,sched_state,waiting
183681.984329,4,tick,""
183681.984332,3,tick,""
183681.984352,3,reduction,""
183681.984357,3,sched_state,running
183681.984365,1,sched_state,waiting
183681.984367,2,sched_state,waiting
183681.984372,1,tick,""
183681.984375,2,tick,""
183681.984416,2,sched_state,waiting
183681.984421,2,tick,""
183681.984525,3,tick,""
183681.984533,3,reduction,""
183681.984536,3,sched_state,running
183681.984552,2,sched_state,waiting
183681.984558,2,tick,""
183681.984566,0,channel_blocked,87
183681.984568,0,yield,""
183681.984667,2,sched_state,waiting
183681.984673,2,tick,""
183681.984695,7,queue_length,1
183681.984700,7,queue_length,0
183681.984705,3,tick,""
183681.984718,2,sched_state,waiting
183681.984724,2,tick,""
183681.984729,3,reduction,""
183681.984732,3,sched_state,running
183681.985200,4,sched_state,waiting
183681.985208,4,tick,""
183681.985209,2,sched_state,waiting
183681.985211,0,sched_state,running
183681.985217,2,tick,""
183681.985220,0,tick,""
183681.985227,3,tick,""
183681.985235,0,queue_length,0
183681.985239,0,sched_state,waiting
183681.985244,0,tick,""
183681.985258,3,reduction,""
183681.985263,3,sched_state,running
183681.985283,0,sched_state,waiting
183681.985287,0,tick,""
183681.985316,0,sched_state,waiting
183681.985323,0,tick,""
183681.985374,0,sched_state,waiting
183681.985379,0,tick,""
183681.985404,0,sched_state,waiting
183681.985409,0,tick,""
183681.985436,0,sched_state,waiting
183681.985440,3,tick,""
183681.985441,0,tick,""
183681.985447,3,reduction,""
183681.985451,3,sched_state,running
183681.985473,0,sched_state,waiting
183681.985478,0,tick,""
183681.985505,0,sched_state,waiting
183681.985509,0,tick,""
183681.985540,0,sched_state,waiting
183681.985548,0,tick,""
183681.985560,7,sched_state,running
183681.985570,0,sched_state,waiting
183681.985573,0,tick,""
183681.985601,0,sched_state,waiting
183681.985605,0,tick,""
183681.985618,3,tick,""
183681.985636,0,sched_state,waiting
183681.985639,0,tick,""
183681.985661,0,sched_state,waiting
183681.985664,0,tick,""
183681.985687,0,sched_state,waiting
183681.985690,0,tick,""
183681.985729,0,sched_state,waiting
183681.985732,0,tick,""
183681.985805,3,reduction,""
183681.985810,3,sched_state,running
183681.985974,7,tick,""
183681.985980,7,reduction,""
183681.985983,7,sched_state,running
183681.985988,3,tick,""
183681.986005,3,reduction,""
183681.986008,3,sched_state,running
183681.986179,3,tick,""
183681.986184,3,reduction,""
183681.986185,3,sched_state,running
183681.986207,7,tick,""
183681.986211,7,reduction,""
183681.986212,7,sched_state,running
183681.986353,3,tick,""
183681.986359,3,reduction,""
183681.986361,3,sched_state,running
183681.986521,3,tick,""
183681.986527,3,reduction,""
183681.986529,3,sched_state,running
183681.986597,7,tick,""
183681.986603,7,reduction,""
183681.986605,7,sched_state,running
183681.986703,3,tick,""
183681.986709,3,reduction,""
183681.986712,3,sched_state,running
183681.986835,7,tick,""
183681.986840,7,reduction,""
183681.986843,7,sched_state,running
183681.986879,3,tick,""
183681.986992,3,reduction,""
183681.986996,3,sched_state,running
183681.987065,7,tick,""
183681.987072,7,reduction,""
183681.987075,7,sched_state,running
183681.987169,3,tick,""
183681.987176,3,reduction,""
183681.987178,3,sched_state,running
183681.987303,7,tick,""
183681.987346,3,tick,""
183681.987447,7,reduction,""
183681.987452,3,reduction,""
183681.987451,7,sched_state,running
183681.987457,3,sched_state,running
183681.987628,3,tick,""
183681.987648,5,sched_state,waiting
183681.987652,1,sched_state,waiting
183681.987654,5,tick,""
183681.987659,1,tick,""
183681.987659,6,sched_state,waiting
183681.987665,6,tick,""
183681.987664,0,sched_state,waiting
183681.987669,0,tick,""
183681.987675,7,tick,""
183681.987685,7,reduction,""
183681.987687,7,sched_state,running
183681.987705,0,sched_state,waiting
183681.987708,0,tick,""
183681.987720,1,sched_state,waiting
183681.987740,1,tick,""
183681.987757,6,sched_state,waiting
183681.987763,6,tick,""
183681.987797,6,sched_state,waiting
183681.987799,5,sched_state,waiting
183681.987803,6,tick,""
183681.987805,5,tick,""
183681.987916,7,tick,""
183681.988031,7,reduction,""
183681.988035,7,sched_state,running
183681.988274,7,tick,""
183681.988281,7,reduction,""
183681.988283,7,sched_state,running
183681.988330,6,sched_state,waiting
183681.988330,0,sched_state,waiting
183681.988332,5,sched_state,waiting
183681.988337,6,tick,""
183681.988338,5,tick,""
183681.988340,0,tick,""
183681.988353,1,sched_state,waiting
183681.988359,1,tick,""
183681.988510,7,tick,""
183681.988527,7,reduction,""
183681.988530,7,sched_state,running
183681.988596,3,queue_length,0
183681.988762,7,tick,""
183681.988805,7,reduction,""
183681.988809,7,sched_state,running
183681.989035,7,tick,""
183681.989050,7,reduction,""
183681.989052,7,sched_state,running
183681.989237,5,sched_state,waiting
183681.989238,0,sched_state,waiting
183681.989244,5,tick,""
183681.989269,7,tick,""
183681.989282,5,sched_state,waiting
183681.989287,5,tick,""
183681.989290,1,sched_state,waiting
183681.989295,1,tick,""
183681.989311,0,tick,""
183681.989386,5,sched_state,waiting
183681.989392,5,tick,""
183681.989398,1,sched_state,waiting
183681.989403,1,tick,""
183681.989427,5,sched_state,waiting
183681.989433,5,tick,""
183681.989472,1,sched_state,waiting
183681.989472,5,sched_state,waiting
183681.989478,1,tick,""
183681.989478,5,tick,""
183681.989518,1,sched_state,waiting
183681.989520,5,sched_state,waiting
183681.989524,1,tick,""
183681.989525,5,tick,""
183681.989541,7,reduction,""
183681.989550,7,sched_state,running
183681.989567,5,sched_state,waiting
183681.989573,5,tick,""
183681.989583,1,sched_state,waiting
183681.989589,1,tick,""
183681.989605,5,sched_state,waiting
183681.989611,5,tick,""
183681.989622,1,sched_state,waiting
183681.989627,1,tick,""
183681.989660,5,sched_state,waiting
183681.989666,5,tick,""
183681.989699,5,sched_state,waiting
183681.989705,5,tick,""
183681.989706,1,sched_state,waiting
183681.989711,1,tick,""
183681.989749,1,sched_state,waiting
183681.989755,1,tick,""
183681.989771,7,tick,""
183681.989779,7,reduction,""
183681.989782,7,sched_state,running
183681.989788,5,sched_state,waiting
183681.989794,5,tick,""
183681.989951,3,sched_state,running
183681.989999,7,tick,""
183681.990007,7,reduction,""
183681.990010,7,sched_state,running
183681.990228,7,tick,""
183681.990237,7,reduction,""
183681.990239,7,sched_state,running
183681.990386,3,tick,""
183681.990395,3,reduction,""
183681.990400,3,sched_state,running
183681.990453,7,tick,""
183681.990462,7,reduction,""
183681.990464,7,sched_state,running
183681.990679,7,tick,""
183681.990685,7,reduction,""
183681.990688,7,sched_state,running
183681.990832,3,tick,""
183681.990854,3,reduction,""
183681.990857,3,sched_state,running
183681.990904,7,tick,""
183681.990911,7,reduction,""
183681.990914,7,sched_state,running
183681.991102,3,tick,""
183681.991121,3,reduction,""
183681.991123,3,sched_state,running
183681.991127,7,tick,""
183681.991132,7,reduction,""
183681.991135,7,sched_state,running
183681.991349,7,tick,""
183681.991352,3,tick,""
183681.991361,2,sched_state,waiting
183681.991363,4,sched_state,waiting
183681.991366,3,reduction,""
183681.991368,4,tick,""
183681.991369,2,tick,""
183681.991372,3,sched_state,running
183681.991374,6,sched_state,waiting
183681.991380,0,sched_state,waiting
183681.991382,6,tick,""
183681.991383,5,sched_state,waiting
183681.991389,0,tick,""
183681.991395,5,tick,""
183681.991426,2,sched_state,waiting
183681.991427,6,sched_state,waiting
183681.991431,2,tick,""
183681.991431,6,tick,""
183681.991453,5,sched_state,waiting
183681.991458,0,sched_state,waiting
183681.991463,5,tick,""
183681.991463,0,tick,""
183681.991482,2,sched_state,waiting
183681.991488,2,tick,""
183681.991495,0,sched_state,waiting
183681.991501,0,tick,""
183681.991537,2,sched_state,waiting
183681.991542,2,tick,""
183681.991586,6,sched_state,waiting
183681.991587,3,tick,""
183681.991592,6,tick,""
183681.991605,0,sched_state,waiting
183681.991609,0,tick,""
183681.991649,0,sched_state,waiting
183681.991655,0,tick,""
183681.991702,0,sched_state,waiting
183681.991708,0,tick,""
183681.991738,0,sched_state,waiting
183681.991743,0,tick,""
183681.991800,3,reduction,""
183681.991807,3,sched_state,running
183681.992015,3,tick,""
183681.992024,3,reduction,""
183681.992026,3,sched_state,running
183681.992164,7,queue_length,0
183681.992236,3,tick,""
183681.992244,3,reduction,""
183681.992247,3,sched_state,running
183681.992446,3,tick,""
183681.992454,3,reduction,""
183681.992456,3,sched_state,running
183681.992649,3,tick,""
183681.992655,3,reduction,""
183681.992658,3,sched_state,running
183681.992677,7,sched_state,running
183681.992857,3,tick,""
183681.992864,3,reduction,""
183681.992866,3,sched_state,running
183681.993052,3,tick,""
183681.993059,3,reduction,""
183681.993061,3,sched_state,running
183681.993063,7,tick,""
183681.993068,7,reduction,""
183681.993069,7,sched_state,running
183681.993260,3,tick,""
183681.993266,3,reduction,""
183681.993269,3,sched_state,running
183681.993281,7,tick,""
183681.993285,7,reduction,""
183681.993287,7,sched_state,running
183681.993476,3,tick,""
183681.993482,3,reduction,""
183681.993485,3,sched_state,running
183681.993497,7,tick,""
183681.993501,7,reduction,""
183681.993503,7,sched_state,running
183681.993686,3,tick,""
183681.993692,3,reduction,""
183681.993694,3,sched_state,running
183681.993716,7,tick,""
183681.993893,3,tick,""
183681.993899,3,reduction,""
183681.993901,3,sched_state,running
183681.994091,3,tick,""
183681.994561,1,channel_blocked,1059
183681.994564,7,yield,""
183681.994568,7,sched_state,running
183681.994577,7,tick,""
183681.994592,7,queue_length,0
183681.994596,7,sched_state,waiting
183681.994601,7,tick,""
183681.994610,1,sched_state,waiting
183681.994617,1,tick,""
183681.994618,4,sched_state,waiting
183681.994623,4,tick,""
183681.994622,6,sched_state,waiting
183681.994625,0,sched_state,waiting
183681.994629,6,tick,""
183681.994631,0,tick,""
183681.994647,7,sched_state,waiting
183681.994650,5,sched_state,waiting
183681.994654,7,tick,""
183681.994657,5,tick,""
183681.994668,4,sched_state,waiting
183681.994672,4,tick,""
183681.994681,6,sched_state,waiting
183681.994686,6,tick,""
183681.994697,0,sched_state,waiting
183681.994703,0,tick,""
183681.994705,4,sched_state,waiting
183681.994708,4,tick,""
183681.994709,7,sched_state,waiting
183681.994713,7,tick,""
183681.994723,6,sched_state,waiting
183681.994728,6,tick,""
183681.994738,5,sched_state,waiting
183681.994742,4,sched_state,waiting
183681.994743,5,tick,""
183681.994747,4,tick,""
183681.994754,0,sched_state,waiting
183681.994757,7,sched_state,waiting
183681.994762,7,tick,""
183681.994770,0,tick,""
183681.994773,6,sched_state,waiting
183681.994779,6,tick,""
183681.994797,5,sched_state,waiting
183681.994798,4,sched_state,waiting
183681.994802,4,tick,""
183681.994802,5,tick,""
183681.994807,7,sched_state,waiting
183681.994812,7,tick,""
183681.994835,0,sched_state,waiting
183681.994839,4,sched_state,waiting
183681.994842,0,tick,""
183681.994843,4,tick,""
183681.994860,7,sched_state,waiting
183681.994867,7,tick,""
183681.994869,5,sched_state,waiting
183681.994880,6,sched_state,waiting
183681.994880,5,tick,""
183681.994886,6,tick,""
183681.994898,0,sched_state,waiting
183681.994902,0,tick,""
183681.994950,0,sched_state,waiting
183681.994954,0,tick,""
183681.994962,7,sched_state,waiting
183681.994969,7,tick,""
183681.994981,5,sched_state,waiting
183681.994987,5,tick,""
183681.994993,0,sched_state,waiting
183681.994996,0,tick,""
183681.995030,7,sched_state,waiting
183681.995042,7,tick,""
183681.995047,0,sched_state,waiting
183681.995055,0,tick,""
183681.995064,5,sched_state,waiting
183681.995069,5,tick,""
183681.995079,7,sched_state,waiting
183681.995085,7,tick,""
183681.995101,5,sched_state,waiting
183681.995106,5,tick,""
183681.995142,5,sched_state,waiting
183681.995147,5,tick,""
183681.995162,0,sched_state,waiting
183681.995169,0,tick,""
183681.995185,5,sched_state,waiting
183681.995191,5,tick,""
183681.995237,0,sched_state,waiting
183681.995238,5,sched_state,waiting
183681.995243,0,tick,""
183681.995244,5,tick,""
183681.995306,0,sched_state,waiting
183681.995312,0,tick,""
183681.995351,0,sched_state,waiting
183681.995356,0,tick,""
183681.995377,2,sched_state,waiting
183681.995384,2,tick,""
183681.995405,6,sched_state,waiting
183681.995405,4,sched_state,waiting
183681.995410,4,tick,""
183681.995410,7,sched_state,waiting
183681.995412,6,tick,""
183681.995416,7,tick,""
183681.995416,5,sched_state,waiting
183681.995422,5,tick,""
183681.995439,2,sched_state,waiting
183681.995445,2,tick,""
183681.995445,4,sched_state,waiting
183681.995449,4,tick,""
183681.995480,4,sched_state,waiting
183681.995483,4,tick,""
183681.995495,2,sched_state,waiting
183681.995501,2,tick,""
183681.995504,5,sched_state,waiting
183681.995508,4,sched_state,waiting
183681.995511,5,tick,""
183681.995513,4,tick,""
183681.995526,7,sched_state,waiting
183681.995532,7,tick,""
183681.995534,2,sched_state,waiting
183681.995539,2,tick,""
183681.995550,4,sched_state,waiting
183681.995553,4,tick,""
183681.995557,5,sched_state,waiting
183681.995562,5,tick,""
183681.995612,2,sched_state,waiting
183681.995619,2,tick,""
183681.995624,4,sched_state,waiting
183681.995628,4,tick,""
183681.995634,5,sched_state,waiting
183681.995639,5,tick,""
183681.995659,4,sched_state,waiting
183681.995659,2,sched_state,waiting
183681.995662,4,tick,""
183681.995665,2,tick,""
183681.995677,5,sched_state,waiting
183681.995684,5,tick,""
183681.995689,4,sched_state,waiting
183681.995692,4,tick,""
183681.995702,2,sched_state,waiting
183681.995708,2,tick,""
183681.995726,4,sched_state,waiting
183681.995729,4,tick,""
183681.995730,5,sched_state,waiting
183681.995735,5,tick,""
183681.995744,2,sched_state,waiting
183681.995749,2,tick,""
183681.995752,4,sched_state,waiting
183681.995755,4,tick,""
183681.995772,5,sched_state,waiting
183681.995777,5,tick,""
183681.995787,2,sched_state,waiting
183681.995788,4,sched_state,waiting
183681.995791,4,tick,""
183681.995792,2,tick,""
183681.995930,4,sched_state,waiting
183681.995935,4,tick,""
183681.995959,4,sched_state,waiting
183681.995962,4,tick,""
183681.995986,4,sched_state,waiting
183681.995990,4,tick,""
183681.996010,4,sched_state,waiting
183681.996014,4,tick,""
183681.996043,4,sched_state,waiting
183681.996046,4,tick,""
183681.996073,4,sched_state,waiting
183681.996076,4,tick,""
183681.996100,4,sched_state,waiting
183681.996104,4,tick,""
183681.996156,4,sched_state,waiting
183681.996160,4,tick,""
183681.996183,4,sched_state,waiting
183681.996187,4,tick,""
183681.996333,1,sched_state,waiting
183681.996335,0,channel_unblocked,826
183681.996340,1,tick,""
183681.996343,3,yield,""
183681.996357,0,sched_state,waiting
183681.996362,0,tick,""
183681.996361,6,sched_state,waiting
183681.996367,7,sched_state,waiting
183681.996369,6,tick,""
183681.996371,5,sched_state,waiting
183681.996374,7,tick,""
183681.996376,4,sched_state,waiting
183681.996376,5,tick,""
183681.996379,4,tick,""
183681.996400,0,sched_state,waiting
183681.996406,0,tick,""
183681.996409,2,sched_state,waiting
183681.996409,1,sched_state,waiting
183681.996414,2,tick,""
183681.996415,1,tick,""
183681.996434,6,sched_state,waiting
183681.996440,6,tick,""
183681.996440,0,sched_state,waiting
183681.996444,0,tick,""
183681.996463,2,sched_state,waiting
183681.996467,1,sched_state,waiting
183681.996469,2,tick,""
183681.996473,1,tick,""
183681.996476,5,sched_state,waiting
183681.996481,5,tick,""
183681.996492,6,sched_state,waiting
183681.996498,6,tick,""
183681.996513,1,sched_state,waiting
183681.996518,1,tick,""
183681.996528,7,sched_state,waiting
183681.996535,7,tick,""
183681.996545,0,sched_state,waiting
183681.996549,0,tick,""
183681.996559,1,sched_state,waiting
183681.996565,1,tick,""
183681.996579,2,sched_state,waiting
183681.996585,2,tick,""
183681.996586,0,sched_state,waiting
183681.996589,0,tick,""
183681.996596,7,sched_state,waiting
183681.996602,7,tick,""
183681.996628,1,sched_state,waiting
183681.996635,1,tick,""
183681.996646,0,sched_state,waiting
183681.996650,0,tick,""
183681.996683,0,sched_state,waiting
183681.996687,1,sched_state,waiting
183681.996689,0,tick,""
183681.996693,1,tick,""
183681.996707,7,sched_state,waiting
183681.996712,7,tick,""
183681.996737,1,sched_state,waiting
183681.996744,1,tick,""
183681.996765,7,sched_state,waiting
183681.996770,7,tick,""
183681.996793,1,sched_state,waiting
183681.996799,1,tick,""
183681.996815,7,sched_state,waiting
183681.996820,7,tick,""
183681.996842,1,sched_state,waiting
183681.996847,1,tick,""
183681.996856,7,sched_state,waiting
183681.996861,7,tick,""
183681.996885,1,sched_state,waiting
183681.996891,3,sched_state,running
183681.996891,1,tick,""
183681.996924,1,sched_state,waiting
183681.996931,1,tick,""
183681.996971,7,sched_state,waiting
183681.996978,7,tick,""
183681.996988,1,sched_state,waiting
183681.996994,1,tick,""
183681.997013,7,sched_state,waiting
183681.997018,7,tick,""
183681.997048,7,sched_state,waiting
183681.997054,7,tick,""
183681.997086,7,sched_state,waiting
183681.997091,7,tick,""
183681.997102,3,tick,""
183681.997107,3,sched_state,running
183681.997114,3,tick,""
183681.997121,7,sched_state,waiting
183681.997126,7,tick,""
183681.997137,6,sched_state,waiting
183681.997138,5,sched_state,waiting
183681.997139,4,sched_state,waiting
183681.997140,2,sched_state,waiting
183681.997144,4,tick,""
183681.997144,6,tick,""
183681.997144,5,tick,""
183681.997145,2,tick,""
183681.997151,0,sched_state,waiting
183681.997152,3,queue_length,1
183681.997156,0,tick,""
183681.997166,7,sched_state,waiting
183681.997172,7,tick,""
183681.997220,4,sched_state,waiting
183681.997224,4,tick,""
183681.997225,7,sched_state,waiting
183681.997227,2,sched_state,waiting
183681.997230,7,tick,""
183681.997232,2,tick,""
183681.997270,2,sched_state,waiting
183681.997273,7,sched_state,waiting
183681.997275,2,tick,""
183681.997279,7,tick,""
183681.997321,7,sched_state,waiting
183681.997326,7,tick,""
183681.997366,7,sched_state,waiting
183681.997372,7,tick,""
183681.997407,7,sched_state,waiting
183681.997413,7,tick,""
183681.997444,7,sched_state,waiting
183681.997448,7,tick,""
183681.997800,6,sched_state,waiting
183681.997803,0,sched_state,waiting
183681.997804,5,sched_state,waiting
183681.997806,2,sched_state,waiting
183681.997809,0,tick,""
183681.997810,5,tick,""
183681.997809,7,sched_state,waiting
183681.997812,2,tick,""
183681.997816,7,tick,""
183681.997816,6,tick,""
183681.997816,3,queue_length,0
183681.997824,3,sched_state,waiting
183681.997830,3,tick,""
183681.997840,4,sched_state,waiting
183681.997845,4,tick,""
183681.997866,2,sched_state,waiting
183681.997872,2,tick,""
183681.997889,4,sched_state,waiting
183681.997894,4,tick,""
183681.997963,7,sched_state,waiting
183681.997964,2,sched_state,waiting
183681.997970,2,tick,""
183681.997973,7,tick,""
183681.997994,6,sched_state,waiting
183681.997999,6,tick,""
183681.998002,3,sched_state,waiting
183681.998011,3,tick,""
183681.998021,2,sched_state,waiting
183681.998027,2,tick,""
183681.998048,3,sched_state,waiting
183681.998051,7,sched_state,waiting
183681.998054,3,tick,""
183681.998056,7,tick,""
183681.998056,6,sched_state,waiting
183681.998061,6,tick,""
183681.998103,6,sched_state,waiting
183681.998109,6,tick,""
183681.998144,6,sched_state,waiting
183681.998147,3,sched_state,waiting
183681.998148,6,tick,""
183681.998153,3,tick,""
183681.998187,6,sched_state,waiting
183681.998192,6,tick,""
183681.998220,7,sched_state,waiting
183681.998225,6,sched_state,waiting
183681.998226,7,tick,""
183681.998230,6,tick,""
183681.998277,6,sched_state,waiting
183681.998282,6,tick,""
183681.998322,6,sched_state,waiting
183681.998327,6,tick,""
183681.998363,6,sched_state,waiting
183681.998368,6,tick,""
183681.998402,6,sched_state,waiting
183681.998407,6,tick,""
183681.998469,0,sched_state,waiting
183681.998476,0,tick,""
183681.998478,6,sched_state,waiting
183681.998478,4,sched_state,waiting
183681.998479,5,sched_state,waiting
183681.998483,4,tick,""
183681.998483,3,sched_state,waiting
183681.998483,6,tick,""
183681.998486,7,sched_state,waiting
183681.998487,5,tick,""
183681.998488,3,tick,""
183681.998492,7,tick,""
183681.998524,2,sched_state,waiting
183681.998525,0,sched_state,waiting
183681.998530,2,tick,""
183681.998537,0,tick,""
183681.998542,5,sched_state,waiting
183681.998547,4,sched_state,waiting
183681.998548,5,tick,""
183681.998551,4,tick,""
183681.998559,7,sched_state,waiting
183681.998565,7,tick,""
183681.998579,0,sched_state,waiting
183681.998584,3,sched_state,waiting
183681.998585,0,tick,""
183681.998589,3,tick,""
183681.998603,5,sched_state,waiting
183681.998609,5,tick,""
183681.998617,7,sched_state,waiting
183681.998624,7,tick,""
183681.998631,6,sched_state,waiting
183681.998633,0,sched_state,waiting
183681.998637,0,tick,""
183681.998637,6,tick,""
183681.998645,5,sched_state,waiting
183681.998650,5,tick,""
183681.998680,6,sched_state,waiting
183681.998685,6,tick,""
183681.998687,3,sched_state,waiting
183681.998689,5,sched_state,waiting
183681.998694,0,sched_state,waiting
183681.998694,3,tick,""
183681.998696,5,tick,""
183681.998700,0,tick,""
183681.998706,7,sched_state,waiting
183681.998711,7,tick,""
183681.998732,3,sched_state,waiting
183681.998737,3,tick,""
183681.998744,5,sched_state,waiting
183681.998749,5,tick,""
183681.998756,6,sched_state,waiting
183681.998762,6,tick,""
183681.998774,3,sched_state,waiting
183681.998780,3,tick,""
183681.998797,6,sched_state,waiting
183681.998803,6,tick,""
183681.998815,3,sched_state,waiting
183681.998818,7,sched_state,waiting
183681.998820,3,tick,""
183681.998820,1,queue_length,1
183681.998823,7,tick,""
183681.998825,1,queue_length,0
183681.998833,5,sched_state,waiting
183681.998838,5,tick,""
183681.998852,6,sched_state,waiting
183681.998857,6,tick,""
183681.998902,3,sched_state,waiting
183681.998903,7,sched_state,waiting
183681.998904,5,sched_state,waiting
183681.998907,3,tick,""
183681.998907,7,tick,""
183681.998909,5,tick,""
183681.998966,7,sched_state,waiting
183681.998972,3,sched_state,waiting
183681.998973,7,tick,""
183681.998973,5,sched_state,waiting
183681.998978,3,tick,""
183681.998980,5,tick,""
183681.999029,3,sched_state,waiting
183681.999030,5,sched_state,waiting
183681.999032,7,sched_state,waiting
183681.999035,5,tick,""
183681.999036,3,tick,""
183681.999038,7,tick,""
183681.999090,3,sched_state,waiting
183681.999096,3,tick,""
183681.999146,7,sched_state,waiting
183681.999147,3,sched_state,waiting
183681.999152,7,tick,""
183681.999152,3,tick,""
183681.999195,3,sched_state,waiting
183681.999196,7,sched_state,waiting
183681.999201,7,tick,""
183681.999201,3,tick,""
183681.999219,4,sched_state,waiting
183681.999224,4,tick,""
183681.999228,0,sched_state,waiting
183681.999228,2,sched_state,waiting
183681.999232,0,tick,""
183681.999235,6,sched_state,waiting
183681.999241,6,tick,""
183681.999241,2,tick,""
183681.999242,3,sched_state,waiting
183681.999248,3,tick,""
183681.999258,4,sched_state,waiting
183681.999261,4,tick,""
183681.999274,7,sched_state,waiting
183681.999280,7,tick,""
183681.999281,0,sched_state,waiting
183681.999286,0,tick,""
183681.999294,5,sched_state,waiting
183681.999302,5,tick,""
183681.999305,6,sched_state,waiting
183681.999311,6,tick,""
183681.999313,3,sched_state,waiting
183681.999314,2,sched_state,waiting
183681.999319,2,tick,""
183681.999320,3,tick,""
183681.999329,7,sched_state,waiting
183681.999331,4,sched_state,waiting
183681.999335,7,tick,""
183681.999335,4,tick,""
183681.999345,5,sched_state,waiting
183681.999350,5,tick,""
183681.999364,6,sched_state,waiting
183681.999370,6,tick,""
183681.999380,4,sched_state,waiting
183681.999383,4,tick,""
183681.999399,3,sched_state,waiting
183681.999405,3,tick,""
183681.999406,0,sched_state,waiting
183681.999409,0,tick,""
183681.999433,4,sched_state,waiting
183681.999434,7,sched_state,waiting
183681.999436,4,tick,""
183681.999440,7,tick,""
183681.999452,6,sched_state,waiting
183681.999458,6,tick,""
183681.999470,3,sched_state,waiting
183681.999475,3,tick,""
183681.999486,5,sched_state,waiting
183681.999492,5,tick,""
183681.999510,4,sched_state,waiting
183681.999514,4,tick,""
183681.999513,3,sched_state,waiting
183681.999519,3,tick,""
183681.999520,7,sched_state,waiting
183681.999525,7,tick,""
183681.999544,4,sched_state,waiting
183681.999547,4,tick,""
183681.999563,6,sched_state,waiting
183681.999570,6,tick,""
183681.999585,5,sched_state,waiting
183681.999593,4,sched_state,waiting
183681.999593,5,tick,""
183681.999598,4,tick,""
183681.999601,1,sched_state,running
183681.999616,3,sched_state,waiting
183681.999623,3,tick,""
183681.999678,6,sched_state,waiting
183681.999679,4,sched_state,waiting
183681.999683,4,tick,""
183681.999685,6,tick,""
183681.999700,5,sched_state,waiting
183681.999707,5,tick,""
183681.999710,3,sched_state,waiting
183681.999716,3,tick,""
183681.999734,6,sched_state,waiting
183681.999740,6,tick,""
183681.999744,5,sched_state,waiting
183681.999748,4,sched_state,waiting
183681.999749,5,tick,""
183681.999752,4,tick,""
183681.999790,4,sched_state,waiting
183681.999794,4,tick,""
183681.999827,4,sched_state,waiting
183681.999830,4,tick,""
183682.000013,1,tick,""
183682.000020,1,reduction,""
183682.000022,1,sched_state,running
183682.000265,1,tick,""
183682.000272,1,reduction,""
183682.000279,1,sched_state,running
183682.000694,1,tick,""
183682.001253,2,sched_state,waiting
183682.001260,6,sched_state,waiting
183682.001262,2,tick,""
183682.001264,0,sched_state,waiting
183682.001267,6,tick,""
183682.001268,5,sched_state,waiting
183682.001272,0,tick,""
183682.001275,5,tick,""
183682.001281,3,sched_state,waiting
183682.001283,4,sched_state,waiting
183682.001289,4,tick,""
183682.001290,3,tick,""
183682.001348,2,sched_state,waiting
183682.001349,3,sched_state,waiting
183682.001354,2,tick,""
183682.001355,3,tick,""
183682.001362,4,sched_state,waiting
183682.001365,4,tick,""
183682.001372,0,sched_state,waiting
183682.001377,0,tick,""
183682.001381,6,sched_state,waiting
183682.001386,6,tick,""
183682.001403,2,sched_state,waiting
183682.001407,2,tick,""
183682.001410,3,sched_state,waiting
183682.001415,3,tick,""
183682.001417,0,sched_state,waiting
183682.001425,0,tick,""
183682.001430,6,sched_state,waiting
183682.001437,6,tick,""
183682.001439,4,sched_state,waiting
183682.001443,4,tick,""
183682.001475,4,sched_state,waiting
183682.001479,4,tick,""
183682.001486,6,sched_state,waiting
183682.001491,6,tick,""
183682.001500,2,sched_state,waiting
183682.001506,2,tick,""
183682.001519,4,sched_state,waiting
183682.001521,3,sched_state,waiting
183682.001523,4,tick,""
183682.001527,3,tick,""
183682.001563,3,sched_state,waiting
183682.001567,3,tick,""
183682.001648,3,sched_state,waiting
183682.001653,3,tick,""
183682.001687,3,sched_state,waiting
183682.001692,3,tick,""
183682.001771,7,sched_state,waiting
183682.001777,7,tick,""
183682.001790,5,sched_state,waiting
183682.001796,6,sched_state,waiting
183682.001798,4,sched_state,waiting
183682.001799,0,sched_state,waiting
183682.001800,5,tick,""
183682.001802,3,sched_state,waiting
183682.001802,4,tick,""
183682.001802,6,tick,""
183682.001808,0,tick,""
183682.001814,3,tick,""
183682.001821,2,sched_state,waiting
183682.001825,7,sched_state,waiting
183682.001826,2,tick,""
183682.001831,7,tick,""
183682.001860,0,sched_state,waiting
183682.001865,0,tick,""
183682.001886,2,sched_state,waiting
183682.001893,2,tick,""
183682.001901,6,sched_state,waiting
183682.001907,6,tick,""
183682.001916,4,sched_state,waiting
183682.001920,4,tick,""
183682.001921,7,sched_state,waiting
183682.001927,7,tick,""
183682.001938,0,sched_state,waiting
183682.001944,0,tick,""
183682.001972,4,sched_state,waiting
183682.001973,7,sched_state,waiting
183682.001976,4,tick,""
183682.001979,7,tick,""
183682.001987,2,sched_state,waiting
183682.001993,2,tick,""
183682.002001,0,sched_state,waiting
183682.002008,0,tick,""
183682.002021,7,sched_state,waiting
183682.002027,7,tick,""
183682.002039,2,sched_state,waiting
183682.002044,2,tick,""
183682.002077,0,sched_state,waiting
183682.002086,0,tick,""
183682.002088,2,sched_state,waiting
183682.002094,2,tick,""
183682.002117,7,sched_state,waiting
183682.002124,0,sched_state,waiting
183682.002124,7,tick,""
183682.002128,0,tick,""
183682.002135,2,sched_state,waiting
183682.002140,2,tick,""
183682.002161,0,sched_state,waiting
183682.002166,0,tick,""
183682.002194,2,sched_state,waiting
183682.002199,2,tick,""
183682.002200,0,sched_state,waiting
183682.002202,7,sched_state,waiting
183682.002204,0,tick,""
183682.002207,7,tick,""
183682.002240,2,sched_state,waiting
183682.002245,2,tick,""
183682.002251,7,sched_state,waiting
183682.002257,7,tick,""
183682.002279,2,sched_state,waiting
183682.002289,2,tick,""
183682.002297,0,sched_state,waiting
183682.002298,7,sched_state,waiting
183682.002301,0,tick,""
183682.002304,7,tick,""
183682.002348,2,sched_state,waiting
183682.002355,2,tick,""
183682.002365,7,sched_state,waiting
183682.002372,7,tick,""
183682.002391,2,sched_state,waiting
183682.002396,2,tick,""
183682.002427,7,sched_state,waiting
183682.002433,7,tick,""
183682.002441,2,sched_state,waiting
183682.002448,2,tick,""
183682.002481,2,sched_state,waiting
183682.002486,2,tick,""
183682.002522,2,sched_state,waiting
183682.002528,2,tick,""
183682.002559,2,sched_state,waiting
183682.002564,2,tick,""
183682.002600,2,sched_state,waiting
183682.002605,2,tick,""
183682.002636,2,sched_state,waiting
183682.002641,2,tick,""
183682.002743,2,sched_state,waiting
183682.002749,2,tick,""
183682.002783,2,sched_state,waiting
183682.002788,2,tick,""
183682.003677,1,channel_unblocked,87
183682.003683,1,yield,""
183682.004063,1,sched_state,running
183682.004354,1,tick,""
183682.004366,1,reduction,""
183682.004371,1,sched_state,running
183682.004772,1,tick,""
183682.004778,1,sched_state,stop
