timestamp,lpu,event,value
183681.362519,6,sched_state,startup
183681.362541,2,sched_state,startup
183681.362545,3,sched_state,startup
183681.362538,1,sched_state,startup
183681.362557,5,sched_state,startup
183681.363151,6,tick,""
183681.363157,0,sched_state,startup
183681.363175,7,sched_state,startup
183681.363180,1,tick,""
183681.363180,5,tick,""
183681.363218,2,tick,""
183681.363227,3,tick,""
183681.363283,4,sched_state,startup
183681.363289,0,tick,""
183681.363342,7,tick,""
183681.363402,4,tick,""
183681.363475,6,queue_length,0
183681.363488,6,sched_state,waiting
183681.363497,6,tick,""
183681.364723,1,queue_length,0
183681.364733,1,sched_state,waiting
183681.364745,1,tick,""
183681.364744,5,queue_length,0
183681.364756,5,sched_state,waiting
183681.364766,5,tick,""
183681.364768,4,queue_length,0
183681.364773,4,sched_state,waiting
183681.364773,7,queue_length,0
183681.364773,2,queue_length,0
183681.364778,7,sched_state,waiting
183681.364779,2,sched_state,waiting
183681.364789,4,tick,""
183681.364788,3,queue_length,0
183681.364797,7,tick,""
183681.364797,2,tick,""
183681.364798,3,sched_state,waiting
183681.364812,3,tick,""
183681.365022,0,queue_length,0
183681.365574,6,sched_state,waiting
183681.365575,2,sched_state,waiting
183681.365578,1,sched_state,waiting
183681.365581,6,tick,""
183681.365583,2,tick,""
183681.365589,1,tick,""
183681.365601,7,sched_state,waiting
183681.365603,3,sched_state,waiting
183681.365608,7,tick,""
183681.365610,3,tick,""
183681.365641,6,sched_state,waiting
183681.365640,2,sched_state,waiting
183681.365646,2,tick,""
183681.365646,6,tick,""
183681.365682,1,sched_state,waiting
183681.365689,1,tick,""
183681.365709,0,sched_state,running
183681.365715,7,sched_state,waiting
183681.365721,7,tick,""
183681.365729,3,sched_state,waiting
183681.365731,2,sched_state,waiting
183681.365731,6,sched_state,waiting
183681.365737,3,tick,""
183681.365737,6,tick,""
183681.365737,2,tick,""
183681.365758,1,sched_state,waiting
183681.365763,1,tick,""
183681.365766,7,sched_state,waiting
183681.365771,7,tick,""
183681.365782,3,sched_state,waiting
183681.365789,3,tick,""
183681.365800,2,sched_state,waiting
183681.365805,2,tick,""
183681.365820,7,sched_state,waiting
183681.365824,7,tick,""
183681.365826,1,sched_state,waiting
183681.365831,1,tick,""
183681.365843,6,sched_state,waiting
183681.365849,6,tick,""
183681.365849,2,sched_state,waiting
183681.365853,2,tick,""
183681.365869,7,sched_state,waiting
183681.365869,1,sched_state,waiting
183681.365874,7,tick,""
183681.365875,1,tick,""
183681.365891,0,tick,""
183681.365901,0,reduction,""
183681.365904,4,sched_state,waiting
183681.365904,2,sched_state,waiting
183681.365904,0,sched_state,running
183681.365909,4,tick,""
183681.365909,2,tick,""
183681.365915,3,sched_state,waiting
183681.365920,3,tick,""
183681.365941,4,sched_state,waiting
183681.365945,4,tick,""
183681.365948,1,sched_state,waiting
183681.365952,1,tick,""
183681.365959,6,sched_state,waiting
183681.365965,6,tick,""
183681.365972,5,sched_state,waiting
183681.365979,5,tick,""
183681.365982,2,sched_state,waiting
183681.365991,2,tick,""
183681.366004,3,sched_state,waiting
183681.366006,1,sched_state,waiting
183681.366009,3,tick,""
183681.366011,0,tick,""
183681.366011,1,tick,""
183681.366017,0,reduction,""
183681.366023,0,sched_state,running
183681.366038,7,sched_state,waiting
183681.366042,7,tick,""
183681.366049,4,sched_state,waiting
183681.366050,2,sched_state,waiting
183681.366054,4,tick,""
183681.366056,2,tick,""
183681.366063,1,sched_state,waiting
183681.366070,1,tick,""
183681.366082,6,sched_state,waiting
183681.366087,6,tick,""
183681.366099,4,sched_state,waiting
183681.366102,4,tick,""
183681.366108,2,sched_state,waiting
183681.366111,1,sched_state,waiting
183681.366112,2,tick,""
183681.366116,1,tick,""
183681.366125,0,tick,""
183681.366125,5,sched_state,waiting
183681.366127,3,sched_state,waiting
183681.366128,0,reduction,""
183681.366130,0,sched_state,running
183681.366130,5,tick,""
183681.366131,6,sched_state,waiting
183681.366134,3,tick,""
183681.366136,6,tick,""
183681.366167,1,sched_state,waiting
183681.366172,1,tick,""
183681.366179,6,sched_state,waiting
183681.366183,6,tick,""
183681.366185,7,sched_state,waiting
183681.366190,7,tick,""
183681.366207,4,sched_state,waiting
183681.366210,0,tick,""
183681.366211,4,tick,""
183681.366215,0,reduction,""
183681.366217,0,sched_state,running
183681.366223,5,sched_state,waiting
183681.366225,1,sched_state,waiting
183681.366228,5,tick,""
183681.366229,1,tick,""
183681.366230,6,sched_state,waiting
183681.366235,6,tick,""
183681.366245,3,sched_state,waiting
183681.366251,3,tick,""
183681.366262,4,sched_state,waiting
183681.366265,4,tick,""
183681.366288,6,sched_state,waiting
183681.366292,1,sched_state,waiting
183681.366293,6,tick,""
183681.366296,1,tick,""
183681.366306,4,sched_state,waiting
183681.366308,4,tick,""
183681.366337,6,sched_state,waiting
183681.366338,4,sched_state,waiting
183681.366340,4,tick,""
183681.366341,6,tick,""
183681.366349,1,sched_state,waiting
183681.366354,1,tick,""
183681.366363,3,sched_state,waiting
183681.366368,3,tick,""
183681.366368,4,sched_state,waiting
183681.366375,4,tick,""
183681.366387,2,sched_state,waiting
183681.366388,0,tick,""
183681.366392,2,tick,""
183681.366393,0,reduction,""
183681.366395,0,sched_state,running
183681.366399,1,sched_state,waiting
183681.366403,1,tick,""
183681.366411,5,sched_state,waiting
183681.366415,4,sched_state,waiting
183681.366416,5,tick,""
183681.366418,4,tick,""
183681.366435,3,sched_state,waiting
183681.366440,3,tick,""
183681.366448,2,sched_state,waiting
183681.366452,4,sched_state,waiting
183681.366452,2,tick,""
183681.366455,4,tick,""
183681.366467,1,sched_state,waiting
183681.366472,1,tick,""
183681.366475,3,sched_state,waiting
183681.366479,3,tick,""
183681.366486,4,sched_state,waiting
183681.366488,2,sched_state,waiting
183681.366489,4,tick,""
183681.366490,6,sched_state,waiting
183681.366492,2,tick,""
183681.366494,6,tick,""
183681.366497,7,sched_state,waiting
183681.366498,0,tick,""
183681.366502,7,tick,""
183681.366503,0,reduction,""
183681.366505,0,sched_state,running
183681.366524,5,sched_state,waiting
183681.366524,3,sched_state,waiting
183681.366530,5,tick,""
183681.366531,3,tick,""
183681.366539,1,sched_state,waiting
183681.366543,4,sched_state,waiting
183681.366544,1,tick,""
183681.366546,4,tick,""
183681.366578,3,sched_state,waiting
183681.366583,3,tick,""
183681.366590,1,sched_state,waiting
183681.366590,5,sched_state,waiting
183681.366594,4,sched_state,waiting
183681.366595,5,tick,""
183681.366595,1,tick,""
183681.366596,0,tick,""
183681.366597,4,tick,""
183681.366607,0,reduction,""
183681.366609,0,sched_state,running
183681.366618,7,sched_state,waiting
183681.366623,7,tick,""
183681.366638,5,sched_state,waiting
183681.366642,5,tick,""
183681.366646,4,sched_state,waiting
183681.366649,4,tick,""
183681.366659,6,sched_state,waiting
183681.366662,2,sched_state,waiting
183681.366665,6,tick,""
183681.366665,2,tick,""
183681.366676,4,sched_state,waiting
183681.366679,4,tick,""
183681.366688,7,sched_state,waiting
183681.366692,7,tick,""
183681.366693,5,sched_state,waiting
183681.366697,5,tick,""
183681.366720,2,sched_state,waiting
183681.366726,2,tick,""
183681.366752,6,sched_state,waiting
183681.366756,6,tick,""
183681.366768,7,sched_state,waiting
183681.366771,5,sched_state,waiting
183681.366773,7,tick,""
183681.366773,0,tick,""
183681.366776,5,tick,""
183681.366783,0,reduction,""
183681.366785,0,sched_state,running
183681.366790,2,sched_state,waiting
183681.366794,2,tick,""
183681.366808,1,sched_state,waiting
183681.366809,4,sched_state,waiting
183681.366812,4,tick,""
183681.366813,1,tick,""
183681.366827,7,sched_state,waiting
183681.366832,7,tick,""
183681.366836,6,sched_state,waiting
183681.366841,6,tick,""
183681.366842,5,sched_state,waiting
183681.366847,5,tick,""
183681.366867,1,sched_state,waiting
183681.366872,1,tick,""
183681.366886,0,tick,""
183681.366887,3,sched_state,waiting
183681.366891,3,tick,""
183681.366892,0,reduction,""
183681.366894,7,sched_state,waiting
183681.366895,0,sched_state,running
183681.366895,2,sched_state,waiting
183681.366898,7,tick,""
183681.366900,2,tick,""
183681.366907,5,sched_state,waiting
183681.366912,5,tick,""
183681.366934,4,sched_state,waiting
183681.366937,4,tick,""
183681.366955,5,sched_state,waiting
183681.366956,7,sched_state,waiting
183681.366960,5,tick,""
183681.366960,7,tick,""
183681.366975,4,sched_state,waiting
183681.366979,4,tick,""
183681.366990,0,tick,""
183681.366990,6,sched_state,waiting
183681.366995,2,sched_state,waiting
183681.366995,6,tick,""
183681.366995,0,reduction,""
183681.366998,0,sched_state,running
183681.366999,2,tick,""
183681.367010,3,sched_state,waiting
183681.367012,1,sched_state,waiting
183681.367015,3,tick,""
183681.367017,1,tick,""
183681.367019,7,sched_state,waiting
183681.367023,7,tick,""
183681.367066,7,sched_state,waiting
183681.367070,3,sched_state,waiting
183681.367071,7,tick,""
183681.367073,1,sched_state,waiting
183681.367074,3,tick,""
183681.367078,1,tick,""
183681.367087,6,sched_state,waiting
183681.367093,6,tick,""
183681.367103,2,sched_state,waiting
183681.367107,2,tick,""
183681.367108,3,sched_state,waiting
183681.367113,3,tick,""
183681.367115,7,sched_state,waiting
183681.367119,7,tick,""
183681.367138,6,sched_state,waiting
183681.367142,6,tick,""
183681.367144,1,sched_state,waiting
183681.367150,1,tick,""
183681.367157,5,sched_state,waiting
183681.367158,0,tick,""
183681.367161,5,tick,""
183681.367164,0,reduction,""
183681.367166,0,sched_state,running
183681.367169,2,sched_state,waiting
183681.367174,2,tick,""
183681.367185,3,sched_state,waiting
183681.367190,3,tick,""
183681.367191,6,sched_state,waiting
183681.367193,7,sched_state,waiting
183681.367196,6,tick,""
183681.367198,7,tick,""
183681.367201,5,sched_state,waiting
183681.367206,5,tick,""
183681.367209,1,sched_state,waiting
183681.367213,1,tick,""
183681.367242,7,sched_state,waiting
183681.367247,7,tick,""
183681.367250,6,sched_state,waiting
183681.367254,6,tick,""
183681.367266,1,sched_state,waiting
183681.367270,1,tick,""
183681.367275,2,sched_state,waiting
183681.367280,2,tick,""
183681.367295,0,tick,""
183681.367301,4,sched_state,waiting
183681.367304,4,tick,""
183681.367307,0,reduction,""
183681.367310,0,sched_state,running
183681.367316,5,sched_state,waiting
183681.367322,5,tick,""
183681.367324,3,sched_state,waiting
183681.367328,3,tick,""
183681.367342,7,sched_state,waiting
183681.367348,7,tick,""
183681.367427,2,sched_state,waiting
183681.367431,2,tick,""
183681.367449,7,sched_state,waiting
183681.367454,7,tick,""
183681.367464,0,tick,""
183681.367472,0,reduction,""
183681.367474,6,sched_state,waiting
183681.367474,0,sched_state,running
183681.367479,6,tick,""
183681.367489,1,sched_state,waiting
183681.367491,4,sched_state,waiting
183681.367492,5,sched_state,waiting
183681.367494,1,tick,""
183681.367495,4,tick,""
183681.367495,5,tick,""
183681.367499,3,sched_state,waiting
183681.367504,3,tick,""
183681.367529,6,sched_state,waiting
183681.367541,6,tick,""
183681.367561,3,sched_state,waiting
183681.367562,1,sched_state,waiting
183681.367562,5,sched_state,waiting
183681.367566,3,tick,""
183681.367566,5,tick,""
183681.367566,1,tick,""
183681.367568,4,sched_state,waiting
183681.367568,2,sched_state,waiting
183681.367572,4,tick,""
183681.367573,2,tick,""
183681.367577,0,tick,""
183681.367581,0,reduction,""
183681.367583,0,sched_state,running
183681.367585,6,sched_state,waiting
183681.367590,6,tick,""
183681.367597,7,sched_state,waiting
183681.367602,7,tick,""
183681.367626,2,sched_state,waiting
183681.367632,2,tick,""
183681.367645,6,sched_state,waiting
183681.367650,6,tick,""
183681.367650,7,sched_state,waiting
183681.367655,7,tick,""
183681.367660,4,sched_state,waiting
183681.367664,4,tick,""
183681.367667,3,sched_state,waiting
183681.367672,3,tick,""
183681.367676,0,tick,""
183681.367690,0,reduction,""
183681.367692,0,sched_state,running
183681.367695,4,sched_state,waiting
183681.367696,5,sched_state,waiting
183681.367696,6,sched_state,waiting
183681.367698,4,tick,""
183681.367701,6,tick,""
183681.367701,5,tick,""
183681.367709,3,sched_state,waiting
183681.367713,3,tick,""
183681.367717,7,sched_state,waiting
183681.367721,7,tick,""
183681.367728,2,sched_state,waiting
183681.367733,2,tick,""
183681.367762,7,sched_state,waiting
183681.367762,3,sched_state,waiting
183681.367767,6,sched_state,waiting
183681.367768,7,tick,""
183681.367768,3,tick,""
183681.367772,6,tick,""
183681.367781,2,sched_state,waiting
183681.367782,5,sched_state,waiting
183681.367786,2,tick,""
183681.367788,5,tick,""
183681.367797,0,tick,""
183681.367801,1,sched_state,waiting
183681.367806,1,tick,""
183681.367807,4,sched_state,waiting
183681.367810,4,tick,""
183681.367832,2,sched_state,waiting
183681.367837,2,tick,""
183681.367862,1,sched_state,waiting
183681.367863,3,sched_state,waiting
183681.367867,1,tick,""
183681.367868,3,tick,""
183681.367877,4,sched_state,waiting
183681.367880,4,tick,""
183681.367883,2,sched_state,waiting
183681.367888,2,tick,""
183681.367888,5,sched_state,waiting
183681.367893,5,tick,""
183681.367908,6,sched_state,waiting
183681.367913,6,tick,""
183681.367921,1,sched_state,waiting
183681.367925,1,tick,""
183681.367926,4,sched_state,waiting
183681.367929,4,tick,""
183681.367943,5,sched_state,waiting
183681.367947,5,tick,""
183681.367957,6,sched_state,waiting
183681.367961,6,tick,""
183681.367970,4,sched_state,waiting
183681.367971,3,sched_state,waiting
183681.367974,4,tick,""
183681.367976,3,tick,""
183681.367987,1,sched_state,waiting
183681.367992,1,tick,""
183681.368002,4,sched_state,waiting
183681.368002,2,sched_state,waiting
183681.368004,4,tick,""
183681.368002,0,reduction,""
183681.368005,7,sched_state,waiting
183681.368007,2,tick,""
183681.368008,0,sched_state,running
183681.368010,7,tick,""
183681.368028,3,sched_state,waiting
183681.368033,3,tick,""
183681.368041,4,sched_state,waiting
183681.368045,4,tick,""
183681.368059,6,sched_state,waiting
183681.368063,2,sched_state,waiting
183681.368064,6,tick,""
183681.368067,2,tick,""
183681.368069,3,sched_state,waiting
183681.368073,3,tick,""
183681.368086,4,sched_state,waiting
183681.368089,4,tick,""
183681.368102,0,tick,""
183681.368123,3,sched_state,waiting
183681.368128,3,tick,""
183681.368130,6,sched_state,waiting
183681.368131,4,sched_state,waiting
183681.368130,0,reduction,""
183681.368134,0,sched_state,running
183681.368134,4,tick,""
183681.368135,6,tick,""
183681.368138,5,sched_state,waiting
183681.368142,5,tick,""
183681.368144,1,sched_state,waiting
183681.368147,1,tick,""
183681.368153,7,sched_state,waiting
183681.368156,2,sched_state,waiting
183681.368158,7,tick,""
183681.368160,2,tick,""
183681.368200,5,sched_state,waiting
183681.368203,3,sched_state,waiting
183681.368205,0,tick,""
183681.368205,5,tick,""
183681.368208,0,reduction,""
183681.368208,3,tick,""
183681.368210,0,sched_state,running
183681.368215,1,sched_state,waiting
183681.368219,1,tick,""
183681.368224,2,sched_state,waiting
183681.368229,2,tick,""
183681.368239,7,sched_state,waiting
183681.368244,7,tick,""
183681.368248,3,sched_state,waiting
183681.368252,3,tick,""
183681.368258,5,sched_state,waiting
183681.368262,5,tick,""
183681.368287,3,sched_state,waiting
183681.368292,3,tick,""
183681.368296,6,sched_state,waiting
183681.368300,6,tick,""
183681.368311,7,sched_state,waiting
183681.368316,7,tick,""
183681.368323,0,tick,""
183681.368324,3,sched_state,waiting
183681.368324,2,sched_state,waiting
183681.368328,3,tick,""
183681.368329,2,tick,""
183681.368330,0,reduction,""
183681.368334,1,sched_state,waiting
183681.368338,1,tick,""
183681.368339,0,sched_state,running
183681.368354,6,sched_state,waiting
183681.368354,7,sched_state,waiting
183681.368359,6,tick,""
183681.368359,7,tick,""
183681.368375,3,sched_state,waiting
183681.368379,3,tick,""
183681.368383,1,sched_state,waiting
183681.368388,1,tick,""
183681.368390,5,sched_state,waiting
183681.368392,2,sched_state,waiting
183681.368396,5,tick,""
183681.368397,2,tick,""
183681.368406,6,sched_state,waiting
183681.368410,6,tick,""
183681.368427,1,sched_state,waiting
183681.368432,1,tick,""
183681.368449,2,sched_state,waiting
183681.368453,5,sched_state,waiting
183681.368455,4,sched_state,waiting
183681.368456,2,tick,""
183681.368457,0,tick,""
183681.368458,5,tick,""
183681.368460,4,tick,""
183681.368461,0,reduction,""
183681.368463,0,sched_state,running
183681.368465,3,sched_state,waiting
183681.368467,6,sched_state,waiting
183681.368468,1,sched_state,waiting
183681.368469,3,tick,""
183681.368473,6,tick,""
183681.368472,1,tick,""
183681.368491,7,sched_state,waiting
183681.368497,7,tick,""
183681.368514,4,sched_state,waiting
183681.368518,4,tick,""
183681.368530,5,sched_state,waiting
183681.368535,7,sched_state,waiting
183681.368536,5,tick,""
183681.368540,7,tick,""
183681.368545,6,sched_state,waiting
183681.368551,6,tick,""
183681.368558,1,sched_state,waiting
183681.368563,0,tick,""
183681.368564,1,tick,""
183681.368584,5,sched_state,waiting
183681.368586,3,sched_state,waiting
183681.368587,7,sched_state,waiting
183681.368590,5,tick,""
183681.368591,7,tick,""
183681.368594,3,tick,""
183681.368594,6,sched_state,waiting
183681.368599,6,tick,""
183681.368623,2,sched_state,waiting
183681.368628,2,tick,""
183681.368632,1,sched_state,waiting
183681.368637,1,tick,""
183681.368652,7,sched_state,waiting
183681.368657,7,tick,""
183681.368658,3,sched_state,waiting
183681.368662,3,tick,""
183681.368685,5,sched_state,waiting
183681.368684,1,sched_state,waiting
183681.368689,5,tick,""
183681.368689,1,tick,""
183681.368703,2,sched_state,waiting
183681.368710,2,tick,""
183681.368716,6,sched_state,waiting
183681.368728,6,tick,""
183681.368730,7,sched_state,waiting
183681.368736,7,tick,""
183681.368740,5,sched_state,waiting
183681.368745,5,tick,""
183681.368756,2,sched_state,waiting
183681.368761,2,tick,""
183681.368772,3,sched_state,waiting
183681.368777,3,tick,""
183681.368798,2,sched_state,waiting
183681.368804,2,tick,""
183681.368807,1,sched_state,waiting
183681.368814,1,tick,""
183681.368815,3,sched_state,waiting
183681.368820,3,tick,""
183681.368862,1,sched_state,waiting
183681.368864,3,sched_state,waiting
183681.368866,7,sched_state,waiting
183681.368867,1,tick,""
183681.368868,2,sched_state,waiting
183681.368868,3,tick,""
183681.368871,7,tick,""
183681.368873,2,tick,""
183681.368884,4,sched_state,waiting
183681.368888,4,tick,""
183681.368897,5,sched_state,waiting
183681.368903,5,tick,""
183681.368931,7,sched_state,waiting
183681.368937,7,tick,""
183681.368959,3,sched_state,waiting
183681.368958,2,sched_state,waiting
183681.368964,3,tick,""
183681.368968,2,tick,""
183681.368987,7,sched_state,waiting
183681.368992,7,tick,""
183681.369021,7,sched_state,waiting
183681.369026,7,tick,""
183681.369070,4,sched_state,waiting
183681.369074,4,tick,""
183681.369080,7,sched_state,waiting
183681.369084,3,sched_state,waiting
183681.369085,7,tick,""
183681.369089,3,tick,""
183681.369106,4,sched_state,waiting
183681.369111,4,tick,""
183681.369123,7,sched_state,waiting
183681.369128,7,tick,""
183681.369132,0,queue_length,0
183681.369133,6,sched_state,waiting
183681.369139,6,tick,""
183681.369143,3,sched_state,waiting
183681.369149,3,tick,""
183681.369149,1,sched_state,waiting
183681.369154,1,tick,""
183681.369162,5,sched_state,waiting
183681.369168,5,tick,""
183681.369168,2,sched_state,waiting
183681.369174,2,tick,""
183681.369225,5,sched_state,waiting
183681.369230,5,tick,""
183681.369230,2,sched_state,waiting
183681.369235,2,tick,""
183681.369241,7,sched_state,waiting
183681.369247,7,tick,""
183681.369271,2,sched_state,waiting
183681.369276,2,tick,""
183681.369285,7,sched_state,waiting
183681.369291,7,tick,""
183681.369307,2,sched_state,waiting
183681.369311,2,tick,""
183681.369396,2,sched_state,waiting
183681.369401,2,tick,""
183681.369405,3,sched_state,waiting
183681.369406,1,sched_state,waiting
183681.369411,3,tick,""
183681.369411,7,sched_state,waiting
183681.369412,1,tick,""
183681.369412,4,sched_state,waiting
183681.369416,4,tick,""
183681.369416,7,tick,""
183681.369418,6,sched_state,waiting
183681.369424,6,tick,""
183681.369451,2,sched_state,waiting
183681.369456,2,tick,""
183681.369481,1,sched_state,waiting
183681.369481,6,sched_state,waiting
183681.369486,6,tick,""
183681.369486,1,tick,""
183681.369493,2,sched_state,waiting
183681.369497,2,tick,""
183681.369504,3,sched_state,waiting
183681.369509,3,tick,""
183681.369535,1,sched_state,waiting
183681.369541,1,tick,""
183681.369559,3,sched_state,waiting
183681.369566,3,tick,""
183681.369602,2,sched_state,waiting
183681.369610,2,tick,""
183681.369651,2,sched_state,waiting
183681.369655,1,sched_state,waiting
183681.369657,2,tick,""
183681.369661,1,tick,""
183681.369692,2,sched_state,waiting
183681.369698,2,tick,""
183681.369726,0,sched_state,running
183681.369735,7,sched_state,waiting
183681.369737,5,sched_state,waiting
183681.369737,6,sched_state,waiting
183681.369739,3,sched_state,waiting
183681.369741,7,tick,""
183681.369742,6,tick,""
183681.369743,3,tick,""
183681.369743,5,tick,""
183681.369780,4,sched_state,waiting
183681.369785,4,tick,""
183681.369795,1,sched_state,waiting
183681.369801,1,tick,""
183681.369802,3,sched_state,waiting
183681.369807,3,tick,""
183681.369819,7,sched_state,waiting
183681.369827,7,tick,""
183681.369844,3,sched_state,waiting
183681.369848,4,sched_state,waiting
183681.369843,1,sched_state,waiting
183681.369852,4,tick,""
183681.369853,3,tick,""
183681.369859,1,tick,""
183681.369875,6,sched_state,waiting
183681.369880,6,tick,""
183681.369898,4,sched_state,waiting
183681.369903,4,tick,""
183681.369910,3,sched_state,waiting
183681.369916,3,tick,""
183681.369935,7,sched_state,waiting
183681.369938,6,sched_state,waiting
183681.369944,6,tick,""
183681.369945,7,tick,""
183681.369962,1,sched_state,waiting
183681.369966,4,sched_state,waiting
183681.369967,1,tick,""
183681.369971,4,tick,""
183681.370007,4,sched_state,waiting
183681.370011,4,tick,""
183681.370036,4,sched_state,waiting
183681.370039,4,tick,""
183681.370047,6,sched_state,waiting
183681.370056,6,tick,""
183681.370066,4,sched_state,waiting
183681.370069,4,tick,""
183681.370110,6,sched_state,waiting
183681.370116,6,tick,""
183681.370116,2,sched_state,waiting
183681.370121,0,tick,""
183681.370123,2,tick,""
183681.370127,0,reduction,""
183681.370130,0,sched_state,running
183681.370143,3,sched_state,waiting
183681.370143,7,sched_state,waiting
183681.370149,3,tick,""
183681.370149,7,tick,""
183681.370150,5,sched_state,waiting
183681.370157,5,tick,""
183681.370168,4,sched_state,waiting
183681.370172,4,tick,""
183681.370194,2,sched_state,waiting
183681.370199,2,tick,""
183681.370214,5,sched_state,waiting
183681.370216,7,sched_state,waiting
183681.370217,6,sched_state,waiting
183681.370219,5,tick,""
183681.370221,7,tick,""
183681.370223,6,tick,""
183681.370243,2,sched_state,waiting
183681.370249,2,tick,""
183681.370267,7,sched_state,waiting
183681.370273,7,tick,""
183681.370287,2,sched_state,waiting
183681.370294,2,tick,""
183681.370317,5,sched_state,waiting
183681.370322,5,tick,""
183681.370324,2,sched_state,waiting
183681.370329,2,tick,""
183681.370354,5,sched_state,waiting
183681.370359,5,tick,""
183681.370396,5,sched_state,waiting
183681.370402,5,tick,""
183681.370433,5,sched_state,waiting
183681.370438,5,tick,""
183681.370476,5,sched_state,waiting
183681.370481,5,tick,""
183681.370520,1,sched_state,waiting
183681.370524,0,tick,""
183681.370529,1,tick,""
183681.370552,4,sched_state,waiting
183681.370552,7,sched_state,waiting
183681.370553,6,sched_state,waiting
183681.370554,2,sched_state,waiting
183681.370556,4,tick,""
183681.370559,7,tick,""
183681.370560,2,tick,""
183681.370560,6,tick,""
183681.370588,5,sched_state,waiting
183681.370594,5,tick,""
183681.370617,6,sched_state,waiting
183681.370617,2,sched_state,waiting
183681.370622,6,tick,""
183681.370622,2,tick,""
183681.370640,5,sched_state,waiting
183681.370645,5,tick,""
183681.370646,4,sched_state,waiting
183681.370650,4,tick,""
183681.370667,2,sched_state,waiting
183681.370668,6,sched_state,waiting
183681.370672,2,tick,""
183681.370672,6,tick,""
183681.370680,0,reduction,""
183681.370686,0,sched_state,running
183681.370688,4,sched_state,waiting
183681.370691,4,tick,""
183681.370691,5,sched_state,waiting
183681.370696,5,tick,""
183681.370710,6,sched_state,waiting
183681.370715,6,tick,""
183681.370719,7,sched_state,waiting
183681.370723,2,sched_state,waiting
183681.370725,7,tick,""
183681.370729,2,tick,""
183681.370751,6,sched_state,waiting
183681.370756,6,tick,""
183681.370757,7,sched_state,waiting
183681.370763,7,tick,""
183681.370783,4,sched_state,waiting
183681.370787,4,tick,""
183681.370800,6,sched_state,waiting
183681.370804,6,tick,""
183681.370808,5,sched_state,waiting
183681.370813,5,tick,""
183681.370824,4,sched_state,waiting
183681.370828,4,tick,""
183681.370851,6,sched_state,waiting
183681.370857,6,tick,""
183681.370878,4,sched_state,waiting
183681.370882,4,tick,""
183681.370896,7,sched_state,waiting
183681.370902,7,tick,""
183681.370911,4,sched_state,waiting
183681.370915,4,tick,""
183681.370942,4,sched_state,waiting
183681.370946,4,tick,""
183681.370956,7,sched_state,waiting
183681.370961,7,tick,""
183681.370988,4,sched_state,waiting
183681.370992,4,tick,""
183681.371002,7,sched_state,waiting
183681.371008,7,tick,""
183681.371021,4,sched_state,waiting
183681.371024,4,tick,""
183681.371050,3,sched_state,waiting
183681.371051,0,tick,""
183681.371056,3,tick,""
183681.371058,0,reduction,""
183681.371066,1,sched_state,waiting
183681.371068,0,sched_state,running
183681.371072,1,tick,""
183681.371072,2,sched_state,waiting
183681.371073,5,sched_state,waiting
183681.371078,2,tick,""
183681.371079,5,tick,""
183681.371088,4,sched_state,waiting
183681.371092,4,tick,""
183681.371118,7,sched_state,waiting
183681.371120,5,sched_state,waiting
183681.371124,7,tick,""
183681.371125,5,tick,""
183681.371134,3,sched_state,waiting
183681.371136,2,sched_state,waiting
183681.371139,3,tick,""
183681.371140,4,sched_state,waiting
183681.371141,2,tick,""
183681.371144,4,tick,""
183681.371157,1,sched_state,waiting
183681.371163,1,tick,""
183681.371168,7,sched_state,waiting
183681.371167,5,sched_state,waiting
183681.371173,7,tick,""
183681.371176,5,tick,""
183681.371195,2,sched_state,waiting
183681.371201,2,tick,""
183681.371203,4,sched_state,waiting
183681.371211,4,tick,""
183681.371231,7,sched_state,waiting
183681.371236,7,tick,""
183681.371247,5,sched_state,waiting
183681.371254,5,tick,""
183681.371284,4,sched_state,waiting
183681.371288,4,tick,""
183681.371301,7,sched_state,waiting
183681.371306,7,tick,""
183681.371317,5,sched_state,waiting
183681.371322,5,tick,""
183681.371325,4,sched_state,waiting
183681.371329,4,tick,""
183681.371340,7,sched_state,waiting
183681.371345,7,tick,""
183681.371360,5,sched_state,waiting
183681.371366,5,tick,""
183681.371400,6,sched_state,waiting
183681.371401,0,tick,""
183681.371405,7,sched_state,waiting
183681.371406,5,sched_state,waiting
183681.371406,6,tick,""
183681.371413,5,tick,""
183681.371414,7,tick,""
183681.371421,1,sched_state,waiting
183681.371427,1,tick,""
183681.371441,2,sched_state,waiting
183681.371452,2,tick,""
183681.371460,3,sched_state,waiting
183681.371466,3,tick,""
183681.371468,5,sched_state,waiting
183681.371469,7,sched_state,waiting
183681.371473,5,tick,""
183681.371473,7,tick,""
183681.371484,1,sched_state,waiting
183681.371489,1,tick,""
183681.371498,6,sched_state,waiting
183681.371503,0,reduction,""
183681.371504,6,tick,""
183681.371508,4,sched_state,waiting
183681.371509,2,sched_state,waiting
183681.371512,4,tick,""
183681.371514,0,sched_state,running
183681.371518,2,tick,""
183681.371535,7,sched_state,waiting
183681.371541,7,tick,""
183681.371565,6,sched_state,waiting
183681.371570,6,tick,""
183681.371581,7,sched_state,waiting
183681.371586,7,tick,""
183681.371600,1,sched_state,waiting
183681.371609,1,tick,""
183681.371620,6,sched_state,waiting
183681.371624,7,sched_state,waiting
183681.371625,6,tick,""
183681.371629,7,tick,""
183681.371643,1,sched_state,waiting
183681.371649,1,tick,""
183681.371665,0,tick,""
183681.371671,6,sched_state,waiting
183681.371671,0,reduction,""
183681.371674,0,sched_state,running
183681.371676,6,tick,""
183681.371679,3,sched_state,waiting
183681.371685,3,tick,""
183681.371686,7,sched_state,waiting
183681.371690,7,tick,""
183681.371694,2,sched_state,waiting
183681.371700,2,tick,""
183681.371703,4,sched_state,waiting
183681.371708,4,tick,""
183681.371744,4,sched_state,waiting
183681.371746,1,sched_state,waiting
183681.371747,4,tick,""
183681.371752,1,tick,""
183681.371757,3,sched_state,waiting
183681.371760,7,sched_state,waiting
183681.371762,3,tick,""
183681.371765,7,tick,""
183681.371795,1,sched_state,waiting
183681.371800,1,tick,""
183681.371807,7,sched_state,waiting
183681.371813,7,tick,""
183681.371816,3,sched_state,waiting
183681.371821,3,tick,""
183681.371826,6,sched_state,waiting
183681.371832,6,tick,""
183681.371853,7,sched_state,waiting
183681.371859,7,tick,""
183681.371869,6,sched_state,waiting
183681.371875,6,tick,""
183681.371880,1,sched_state,waiting
183681.371882,3,sched_state,waiting
183681.371886,1,tick,""
183681.371888,3,tick,""
183681.371898,7,sched_state,waiting
183681.371903,7,tick,""
183681.371924,3,sched_state,waiting
183681.371928,1,sched_state,waiting
183681.371929,3,tick,""
183681.371934,1,tick,""
183681.371956,7,sched_state,waiting
183681.371961,7,tick,""
183681.371962,6,sched_state,waiting
183681.371967,6,tick,""
183681.371981,1,sched_state,waiting
183681.371986,1,tick,""
183681.372008,6,sched_state,waiting
183681.372015,6,tick,""
183681.372040,5,sched_state,waiting
183681.372041,3,sched_state,waiting
183681.372046,5,tick,""
183681.372047,3,tick,""
183681.372048,0,tick,""
183681.372057,2,sched_state,waiting
183681.372064,2,tick,""
183681.372067,6,sched_state,waiting
183681.372072,6,tick,""
183681.372072,4,sched_state,waiting
183681.372076,0,reduction,""
183681.372077,4,tick,""
183681.372081,7,sched_state,waiting
183681.372085,0,sched_state,running
183681.372088,7,tick,""
183681.372095,3,sched_state,waiting
183681.372100,3,tick,""
183681.372133,1,sched_state,waiting
183681.372138,7,sched_state,waiting
183681.372140,1,tick,""
183681.372143,7,tick,""
183681.372148,3,sched_state,waiting
183681.372152,5,sched_state,waiting
183681.372153,3,tick,""
183681.372157,5,tick,""
183681.372168,6,sched_state,waiting
183681.372173,6,tick,""
183681.372185,1,sched_state,waiting
183681.372187,7,sched_state,waiting
183681.372190,1,tick,""
183681.372193,7,tick,""
183681.372200,5,sched_state,waiting
183681.372205,5,tick,""
183681.372225,1,sched_state,waiting
183681.372229,1,tick,""
183681.372236,7,sched_state,waiting
183681.372241,7,tick,""
183681.372245,5,sched_state,waiting
183681.372249,5,tick,""
183681.372263,3,sched_state,waiting
183681.372269,3,tick,""
183681.372272,7,sched_state,waiting
183681.372283,7,tick,""
183681.372301,3,sched_state,waiting
183681.372312,3,tick,""
183681.372321,1,sched_state,waiting
183681.372327,1,tick,""
183681.372336,7,sched_state,waiting
183681.372337,0,tick,""
183681.372341,7,tick,""
183681.372345,6,sched_state,waiting
183681.372350,6,tick,""
183681.372354,5,sched_state,waiting
183681.372354,3,sched_state,waiting
183681.372358,0,reduction,""
183681.372361,5,tick,""
183681.372361,3,tick,""
183681.372365,0,sched_state,running
183681.372367,4,sched_state,waiting
183681.372399,1,sched_state,waiting
183681.372399,2,sched_state,waiting
183681.372404,1,tick,""
183681.372406,2,tick,""
183681.372412,6,sched_state,waiting
183681.372416,6,tick,""
183681.372426,3,sched_state,waiting
183681.372431,3,tick,""
183681.372438,5,sched_state,waiting
183681.372437,1,sched_state,waiting
183681.372442,5,tick,""
183681.372442,1,tick,""
183681.372448,2,sched_state,waiting
183681.372452,2,tick,""
183681.372466,3,sched_state,waiting
183681.372471,3,tick,""
183681.372490,5,sched_state,waiting
183681.372493,1,sched_state,waiting
183681.372493,2,sched_state,waiting
183681.372495,5,tick,""
183681.372497,1,tick,""
183681.372499,2,tick,""
183681.372532,3,sched_state,waiting
183681.372537,3,tick,""
183681.372537,6,sched_state,waiting
183681.372537,1,sched_state,waiting
183681.372542,6,tick,""
183681.372543,1,tick,""
183681.372596,0,tick,""
183681.372597,4,tick,""
183681.372603,1,sched_state,waiting
183681.372608,1,tick,""
183681.372611,5,sched_state,waiting
183681.372616,5,tick,""
183681.372617,0,reduction,""
183681.372619,3,sched_state,waiting
183681.372620,0,sched_state,running
183681.372623,7,sched_state,waiting
183681.372625,3,tick,""
183681.372628,7,tick,""
183681.372641,4,sched_state,waiting
183681.372645,4,tick,""
183681.372669,6,sched_state,waiting
183681.372674,6,tick,""
183681.372677,3,sched_state,waiting
183681.372682,3,tick,""
183681.372687,7,sched_state,waiting
183681.372687,5,sched_state,waiting
183681.372692,7,tick,""
183681.372692,5,tick,""
183681.372698,4,sched_state,waiting
183681.372701,4,tick,""
183681.372746,3,sched_state,waiting
183681.372751,5,sched_state,waiting
183681.372752,3,tick,""
183681.372752,7,sched_state,waiting
183681.372753,4,sched_state,waiting
183681.372756,4,tick,""
183681.372757,7,tick,""
183681.372757,5,tick,""
183681.372795,7,sched_state,waiting
183681.372801,7,tick,""
183681.372805,4,sched_state,waiting
183681.372806,5,sched_state,waiting
183681.372809,4,tick,""
183681.372810,5,tick,""
183681.372823,3,sched_state,waiting
183681.372829,3,tick,""
183681.372847,5,sched_state,waiting
183681.372850,7,sched_state,waiting
183681.372853,5,tick,""
183681.372856,7,tick,""
183681.372867,3,sched_state,waiting
183681.372868,4,sched_state,waiting
183681.372872,4,tick,""
183681.372873,3,tick,""
183681.372916,7,sched_state,waiting
183681.372922,7,tick,""
183681.372929,2,sched_state,waiting
183681.372932,5,sched_state,waiting
183681.372932,0,tick,""
183681.372933,3,sched_state,waiting
183681.372936,2,tick,""
183681.372937,3,tick,""
183681.372937,5,tick,""
183681.372951,4,sched_state,waiting
183681.372955,4,tick,""
183681.372955,6,sched_state,waiting
183681.372961,6,tick,""
183681.372986,2,sched_state,waiting
183681.372988,3,sched_state,waiting
183681.372992,2,tick,""
183681.372994,3,tick,""
183681.373001,1,sched_state,waiting
183681.373006,1,tick,""
183681.373009,5,sched_state,waiting
183681.373014,5,tick,""
183681.373026,2,sched_state,waiting
183681.373030,2,tick,""
183681.373045,1,sched_state,waiting
183681.373050,1,tick,""
183681.373060,5,sched_state,waiting
183681.373065,5,tick,""
183681.373073,4,sched_state,waiting
183681.373082,4,tick,""
183681.373090,1,sched_state,waiting
183681.373095,1,tick,""
183681.373098,6,sched_state,waiting
183681.373104,6,tick,""
183681.373123,2,sched_state,waiting
183681.373129,2,tick,""
183681.373138,3,sched_state,waiting
183681.373139,4,sched_state,waiting
183681.373143,4,tick,""
183681.373144,3,tick,""
183681.373148,6,sched_state,waiting
183681.373153,6,tick,""
183681.373163,7,sched_state,waiting
183681.373169,7,tick,""
183681.373176,1,sched_state,waiting
183681.373182,1,tick,""
183681.373190,6,sched_state,waiting
183681.373196,2,sched_state,waiting
183681.373196,6,tick,""
183681.373196,3,sched_state,waiting
183681.373201,2,tick,""
183681.373202,3,tick,""
183681.373215,4,sched_state,waiting
183681.373219,4,tick,""
183681.373220,7,sched_state,waiting
183681.373223,1,sched_state,waiting
183681.373225,7,tick,""
183681.373228,1,tick,""
183681.373248,2,sched_state,waiting
183681.373253,2,tick,""
183681.373261,5,sched_state,waiting
183681.373268,5,tick,""
183681.373274,4,sched_state,waiting
183681.373278,4,tick,""
183681.373279,7,sched_state,waiting
183681.373287,7,tick,""
183681.373294,3,sched_state,waiting
183681.373300,0,reduction,""
183681.373300,3,tick,""
183681.373305,0,sched_state,running
183681.373310,4,sched_state,waiting
183681.373311,6,sched_state,waiting
183681.373313,4,tick,""
183681.373317,6,tick,""
183681.373327,7,sched_state,waiting
183681.373328,1,sched_state,waiting
183681.373332,7,tick,""
183681.373333,1,tick,""
183681.373350,2,sched_state,waiting
183681.373356,2,tick,""
183681.373358,4,sched_state,waiting
183681.373361,4,tick,""
183681.373379,7,sched_state,waiting
183681.373384,7,tick,""
183681.373398,2,sched_state,waiting
183681.373403,2,tick,""
183681.373420,7,sched_state,waiting
183681.373425,7,tick,""
183681.373431,2,sched_state,waiting
183681.373436,2,tick,""
183681.373445,6,sched_state,waiting
183681.373449,4,sched_state,waiting
183681.373451,6,tick,""
183681.373453,4,tick,""
183681.373473,5,sched_state,waiting
183681.373475,0,tick,""
183681.373485,4,sched_state,waiting
183681.373487,5,tick,""
183681.373487,1,sched_state,waiting
183681.373488,4,tick,""
183681.373491,0,reduction,""
183681.373492,1,tick,""
183681.373494,0,sched_state,running
183681.373503,6,sched_state,waiting
183681.373507,6,tick,""
183681.373529,4,sched_state,waiting
183681.373529,7,sched_state,waiting
183681.373533,4,tick,""
183681.373534,7,tick,""
183681.373535,3,sched_state,waiting
183681.373539,3,tick,""
183681.373565,4,sched_state,waiting
183681.373569,4,tick,""
183681.373580,3,sched_state,waiting
183681.373583,1,sched_state,waiting
183681.373585,3,tick,""
183681.373585,7,sched_state,waiting
183681.373589,1,tick,""
183681.373590,7,tick,""
183681.373599,4,sched_state,waiting
183681.373602,4,tick,""
183681.373628,5,sched_state,waiting
183681.373634,5,tick,""
183681.373641,3,sched_state,waiting
183681.373643,4,sched_state,waiting
183681.373647,3,tick,""
183681.373647,4,tick,""
183681.373669,5,sched_state,waiting
183681.373674,4,sched_state,waiting
183681.373675,5,tick,""
183681.373677,4,tick,""
183681.373684,3,sched_state,waiting
183681.373690,3,tick,""
183681.373699,7,sched_state,waiting
183681.373703,7,tick,""
183681.373723,1,sched_state,waiting
183681.373728,3,sched_state,waiting
183681.373729,1,tick,""
183681.373733,3,tick,""
183681.373755,4,sched_state,waiting
183681.373759,4,tick,""
183681.373769,5,sched_state,waiting
183681.373776,5,tick,""
183681.373781,0,tick,""
183681.373783,2,sched_state,waiting
183681.373790,2,tick,""
183681.373790,7,sched_state,waiting
183681.373796,7,tick,""
183681.373798,0,reduction,""
183681.373800,6,sched_state,waiting
183681.373801,0,sched_state,running
183681.373805,6,tick,""
183681.373815,3,sched_state,waiting
183681.373823,3,tick,""
183681.373839,4,sched_state,waiting
183681.373843,4,tick,""
183681.373845,6,sched_state,waiting
183681.373856,6,tick,""
183681.373860,3,sched_state,waiting
183681.373866,3,tick,""
183681.373893,6,sched_state,waiting
183681.373894,7,sched_state,waiting
183681.373898,6,tick,""
183681.373900,7,tick,""
183681.373938,7,sched_state,waiting
183681.373943,6,sched_state,waiting
183681.373944,7,tick,""
183681.373949,6,tick,""
183681.373983,6,sched_state,waiting
183681.373989,6,tick,""
183681.374025,6,sched_state,waiting
183681.374030,6,tick,""
183681.374101,0,tick,""
183681.374101,1,sched_state,waiting
183681.374107,1,tick,""
183681.374116,0,reduction,""
183681.374120,5,sched_state,waiting
183681.374120,4,sched_state,waiting
183681.374122,0,sched_state,running
183681.374125,4,tick,""
183681.374127,5,tick,""
183681.374128,3,sched_state,waiting
183681.374128,7,sched_state,waiting
183681.374129,6,sched_state,waiting
183681.374134,6,tick,""
183681.374135,3,tick,""
183681.374135,7,tick,""
183681.374142,2,sched_state,waiting
183681.374148,2,tick,""
183681.374164,1,sched_state,waiting
183681.374171,1,tick,""
183681.374197,7,sched_state,waiting
183681.374202,7,tick,""
183681.374211,2,sched_state,waiting
183681.374215,6,sched_state,waiting
183681.374218,2,tick,""
183681.374217,1,sched_state,waiting
183681.374222,6,tick,""
183681.374224,1,tick,""
183681.374241,7,sched_state,waiting
183681.374246,7,tick,""
183681.374264,6,sched_state,waiting
183681.374269,2,sched_state,waiting
183681.374270,6,tick,""
183681.374274,2,tick,""
183681.374275,1,sched_state,waiting
183681.374281,1,tick,""
183681.374314,2,sched_state,waiting
183681.374321,2,tick,""
183681.374330,1,sched_state,waiting
183681.374335,1,tick,""
183681.374421,0,tick,""
183681.374436,0,reduction,""
183681.374439,0,sched_state,running
183681.374699,0,tick,""
183681.374711,0,reduction,""
183681.374713,0,sched_state,running
183681.374857,0,tick,""
183681.374867,0,reduction,""
183681.374869,0,sched_state,running
183681.375011,0,tick,""
183681.375020,0,reduction,""
183681.375023,0,sched_state,running
183681.375163,0,tick,""
183681.375170,0,reduction,""
183681.375173,4,sched_state,waiting
183681.375174,0,sched_state,running
183681.375172,3,sched_state,waiting
183681.375177,4,tick,""
183681.375178,6,sched_state,waiting
183681.375179,3,tick,""
183681.375179,2,sched_state,waiting
183681.375180,7,sched_state,waiting
183681.375185,2,tick,""
183681.375186,6,tick,""
183681.375186,7,tick,""
183681.375210,1,sched_state,waiting
183681.375217,1,tick,""
183681.375236,7,sched_state,waiting
183681.375239,6,sched_state,waiting
183681.375241,7,tick,""
183681.375245,6,tick,""
183681.375254,1,sched_state,waiting
183681.375259,1,tick,""
183681.375275,7,sched_state,waiting
183681.375280,7,tick,""
183681.375297,1,sched_state,waiting
183681.375303,1,tick,""
183681.375326,2,sched_state,waiting
183681.375338,2,tick,""
183681.375373,2,sched_state,waiting
183681.375376,7,sched_state,waiting
183681.375379,2,tick,""
183681.375380,0,tick,""
183681.375383,7,tick,""
183681.375385,5,sched_state,waiting
183681.375387,3,sched_state,waiting
183681.375390,5,tick,""
183681.375393,0,reduction,""
183681.375393,3,tick,""
183681.375395,0,sched_state,running
183681.375408,1,sched_state,waiting
183681.375412,1,tick,""
183681.375435,5,sched_state,waiting
183681.375440,5,tick,""
183681.375444,1,sched_state,waiting
183681.375450,1,tick,""
183681.375455,4,sched_state,waiting
183681.375460,4,tick,""
183681.375461,3,sched_state,waiting
183681.375471,3,tick,""
183681.375487,7,sched_state,waiting
183681.375487,2,sched_state,waiting
183681.375493,7,tick,""
183681.375493,2,tick,""
183681.375514,4,sched_state,waiting
183681.375518,4,tick,""
183681.375531,2,sched_state,waiting
183681.375536,2,tick,""
183681.375537,1,sched_state,waiting
183681.375543,1,tick,""
183681.375585,2,sched_state,waiting
183681.375590,2,tick,""
183681.375627,2,sched_state,waiting
183681.375633,2,tick,""
183681.375656,6,sched_state,waiting
183681.375660,0,tick,""
183681.375663,6,tick,""
183681.375672,0,reduction,""
183681.375675,0,sched_state,running
183681.375675,2,sched_state,waiting
183681.375679,3,sched_state,waiting
183681.375680,2,tick,""
183681.375680,7,sched_state,waiting
183681.375683,1,sched_state,waiting
183681.375685,3,tick,""
183681.375685,7,tick,""
183681.375691,1,tick,""
183681.375718,6,sched_state,waiting
183681.375722,2,sched_state,waiting
183681.375724,6,tick,""
183681.375727,2,tick,""
183681.375741,5,sched_state,waiting
183681.375744,1,sched_state,waiting
183681.375746,5,tick,""
183681.375749,1,tick,""
183681.375762,7,sched_state,waiting
183681.375771,7,tick,""
183681.375781,6,sched_state,waiting
183681.375786,3,sched_state,waiting
183681.375787,6,tick,""
183681.375792,3,tick,""
183681.375805,5,sched_state,waiting
183681.375807,1,sched_state,waiting
183681.375810,5,tick,""
183681.375811,1,tick,""
183681.375819,6,sched_state,waiting
183681.375823,6,tick,""
183681.375829,3,sched_state,waiting
183681.375834,3,tick,""
183681.375837,2,sched_state,waiting
183681.375843,2,tick,""
183681.375857,1,sched_state,waiting
183681.375863,1,tick,""
183681.375865,0,tick,""
183681.375865,4,sched_state,waiting
183681.375870,4,tick,""
183681.375875,0,reduction,""
183681.375879,0,sched_state,running
183681.375879,3,sched_state,waiting
183681.375883,5,sched_state,waiting
183681.375884,7,sched_state,waiting
183681.375888,5,tick,""
183681.375891,7,tick,""
183681.375908,1,sched_state,waiting
183681.375913,1,tick,""
183681.375884,3,tick,""
183681.375927,5,sched_state,waiting
183681.375932,5,tick,""
183681.375936,4,sched_state,waiting
183681.375940,4,tick,""
183681.375946,2,sched_state,waiting
183681.375955,2,tick,""
183681.375971,3,sched_state,waiting
183681.375978,3,tick,""
183681.375981,1,sched_state,waiting
183681.375988,1,tick,""
183681.375989,7,sched_state,waiting
183681.375991,4,sched_state,waiting
183681.375994,4,tick,""
183681.375996,7,tick,""
183681.376016,3,sched_state,waiting
183681.376021,3,tick,""
183681.376043,1,sched_state,waiting
183681.376049,1,tick,""
183681.376049,7,sched_state,waiting
183681.376050,2,sched_state,waiting
183681.376051,5,sched_state,waiting
183681.376055,7,tick,""
183681.376056,2,tick,""
183681.376057,5,tick,""
183681.376081,3,sched_state,waiting
183681.376083,4,sched_state,waiting
183681.376086,3,tick,""
183681.376087,4,tick,""
183681.376123,5,sched_state,waiting
183681.376125,1,sched_state,waiting
183681.376129,1,tick,""
183681.376129,5,tick,""
183681.376138,4,sched_state,waiting
183681.376142,4,tick,""
183681.376152,7,sched_state,waiting
183681.376158,3,sched_state,waiting
183681.376159,7,tick,""
183681.376164,3,tick,""
183681.376176,5,sched_state,waiting
183681.376182,5,tick,""
183681.376194,1,sched_state,waiting
183681.376200,1,tick,""
183681.376202,2,sched_state,waiting
183681.376206,6,sched_state,waiting
183681.376208,2,tick,""
183681.376207,3,sched_state,waiting
183681.376210,0,tick,""
183681.376211,6,tick,""
183681.376214,3,tick,""
183681.376253,7,sched_state,waiting
183681.376256,6,sched_state,waiting
183681.376259,2,sched_state,waiting
183681.376260,7,tick,""
183681.376263,6,tick,""
183681.376264,2,tick,""
183681.376275,5,sched_state,waiting
183681.376277,3,sched_state,waiting
183681.376280,5,tick,""
183681.376282,3,tick,""
183681.376301,1,sched_state,waiting
183681.376307,1,tick,""
183681.376329,5,sched_state,waiting
183681.376335,5,tick,""
183681.376335,3,sched_state,waiting
183681.376339,7,sched_state,waiting
183681.376341,3,tick,""
183681.376343,7,tick,""
183681.376410,1,sched_state,waiting
183681.376416,1,tick,""
183681.376430,5,sched_state,waiting
183681.376435,5,tick,""
183681.376448,1,sched_state,waiting
183681.376453,1,tick,""
183681.376463,5,sched_state,waiting
183681.376468,5,tick,""
183681.376495,5,sched_state,waiting
183681.376499,5,tick,""
183681.376530,2,sched_state,waiting
183681.376537,2,tick,""
183681.376547,6,sched_state,waiting
183681.376549,3,sched_state,waiting
183681.376554,6,tick,""
183681.376555,3,tick,""
183681.376555,4,sched_state,waiting
183681.376560,4,tick,""
183681.376577,5,sched_state,waiting
183681.376583,5,tick,""
183681.376586,1,sched_state,waiting
183681.376592,1,tick,""
183681.376603,3,sched_state,waiting
183681.376608,3,tick,""
183681.376629,5,sched_state,waiting
183681.376634,5,tick,""
183681.376640,2,sched_state,waiting
183681.376646,2,tick,""
183681.376669,5,sched_state,waiting
183681.376674,5,tick,""
183681.376689,7,sched_state,waiting
183681.376689,3,sched_state,waiting
183681.376695,7,tick,""
183681.376695,3,tick,""
183681.376697,2,sched_state,waiting
183681.376700,0,queue_length,0
183681.376702,2,tick,""
183681.376715,1,sched_state,waiting
183681.376721,1,tick,""
183681.376729,4,sched_state,waiting
183681.376733,4,tick,""
183681.376767,3,sched_state,waiting
183681.376768,4,sched_state,waiting
183681.376771,4,tick,""
183681.376774,3,tick,""
183681.376775,5,sched_state,waiting
183681.376782,5,tick,""
183681.376785,7,sched_state,waiting
183681.376790,7,tick,""
183681.376800,4,sched_state,waiting
183681.376803,4,tick,""
183681.376828,2,sched_state,waiting
183681.376834,2,tick,""
183681.376844,3,sched_state,waiting
183681.376850,3,tick,""
183681.376871,2,sched_state,waiting
183681.376875,7,sched_state,waiting
183681.376877,2,tick,""
183681.376881,7,tick,""
183681.376890,3,sched_state,waiting
183681.376896,3,tick,""
183681.376931,3,sched_state,waiting
183681.376937,3,tick,""
183681.376970,3,sched_state,waiting
183681.376970,7,sched_state,waiting
183681.376975,3,tick,""
183681.376975,7,tick,""
183681.377012,3,sched_state,waiting
183681.377012,7,sched_state,waiting
183681.377017,3,tick,""
183681.377017,7,tick,""
183681.377057,3,sched_state,waiting
183681.377063,0,sched_state,running
183681.377064,3,tick,""
183681.377075,1,sched_state,waiting
183681.377081,1,tick,""
183681.377083,7,sched_state,waiting
183681.377085,6,sched_state,waiting
183681.377088,7,tick,""
183681.377091,6,tick,""
183681.377119,5,sched_state,waiting
183681.377126,5,tick,""
183681.377149,1,sched_state,waiting
183681.377156,1,tick,""
183681.377160,2,sched_state,waiting
183681.377166,2,tick,""
183681.377175,5,sched_state,waiting
183681.377177,6,sched_state,waiting
183681.377178,4,sched_state,waiting
183681.377180,5,tick,""
183681.377182,4,tick,""
183681.377182,6,tick,""
183681.377186,0,tick,""
183681.377191,3,sched_state,waiting
183681.377193,0,reduction,""
183681.377196,0,sched_state,running
183681.377198,3,tick,""
183681.377207,2,sched_state,waiting
183681.377212,2,tick,""
183681.377220,7,sched_state,waiting
183681.377226,7,tick,""
183681.377232,6,sched_state,waiting
183681.377237,4,sched_state,waiting
183681.377239,6,tick,""
183681.377241,4,tick,""
183681.377283,2,sched_state,waiting
183681.377284,7,sched_state,waiting
183681.377289,2,tick,""
183681.377290,7,tick,""
183681.377328,6,sched_state,waiting
183681.377335,6,tick,""
183681.377339,2,sched_state,waiting
183681.377345,2,tick,""
183681.377361,1,sched_state,waiting
183681.377367,0,tick,""
183681.377375,1,tick,""
183681.377376,0,reduction,""
183681.377378,0,sched_state,running
183681.377379,6,sched_state,waiting
183681.377385,6,tick,""
183681.377392,5,sched_state,waiting
183681.377398,5,tick,""
183681.377405,3,sched_state,waiting
183681.377411,3,tick,""
183681.377415,7,sched_state,waiting
183681.377420,7,tick,""
183681.377433,1,sched_state,waiting
183681.377434,2,sched_state,waiting
183681.377439,1,tick,""
183681.377441,2,tick,""
183681.377452,3,sched_state,waiting
183681.377458,3,tick,""
183681.377475,7,sched_state,waiting
183681.377481,7,tick,""
183681.377483,0,tick,""
183681.377484,4,sched_state,waiting
183681.377488,4,tick,""
183681.377490,0,reduction,""
183681.377493,0,sched_state,running
183681.377508,3,sched_state,waiting
183681.377509,5,sched_state,waiting
183681.377513,3,tick,""
183681.377514,7,sched_state,waiting
183681.377515,5,tick,""
183681.377518,7,tick,""
183681.377534,4,sched_state,waiting
183681.377538,4,tick,""
183681.377541,1,sched_state,waiting
183681.377547,1,tick,""
183681.377564,5,sched_state,waiting
183681.377570,5,tick,""
183681.377576,3,sched_state,waiting
183681.377582,3,tick,""
183681.377587,2,sched_state,waiting
183681.377592,7,sched_state,waiting
183681.377593,2,tick,""
183681.377598,7,tick,""
183681.377607,5,sched_state,waiting
183681.377610,1,sched_state,waiting
183681.377612,5,tick,""
183681.377615,1,tick,""
183681.377632,4,sched_state,waiting
183681.377636,4,tick,""
183681.377644,2,sched_state,waiting
183681.377646,7,sched_state,waiting
183681.377650,2,tick,""
183681.377651,7,tick,""
183681.377649,6,sched_state,waiting
183681.377655,0,tick,""
183681.377660,1,sched_state,waiting
183681.377661,0,reduction,""
183681.377664,0,sched_state,running
183681.377666,1,tick,""
183681.377667,6,tick,""
183681.377680,3,sched_state,waiting
183681.377686,3,tick,""
183681.377700,2,sched_state,waiting
183681.377705,2,tick,""
183681.377716,4,sched_state,waiting
183681.377720,4,tick,""
183681.377727,7,sched_state,waiting
183681.377733,7,tick,""
183681.377747,4,sched_state,waiting
183681.377751,4,tick,""
183681.377756,2,sched_state,waiting
183681.377763,2,tick,""
183681.377766,6,sched_state,waiting
183681.377772,6,tick,""
183681.377781,3,sched_state,waiting
183681.377784,4,sched_state,waiting
183681.377787,4,tick,""
183681.377787,3,tick,""
183681.377805,2,sched_state,waiting
183681.377810,2,tick,""
183681.377822,0,tick,""
183681.377821,5,sched_state,waiting
183681.377823,6,sched_state,waiting
183681.377828,5,tick,""
183681.377828,6,tick,""
183681.377828,0,reduction,""
183681.377830,4,sched_state,waiting
183681.377831,0,sched_state,running
183681.377835,4,tick,""
183681.377837,3,sched_state,waiting
183681.377842,1,sched_state,waiting
183681.377844,3,tick,""
183681.377848,1,tick,""
183681.377864,7,sched_state,waiting
183681.377870,7,tick,""
183681.377874,4,sched_state,waiting
183681.377876,6,sched_state,waiting
183681.377877,4,tick,""
183681.377880,5,sched_state,waiting
183681.377881,6,tick,""
183681.377886,5,tick,""
183681.377888,3,sched_state,waiting
183681.377894,3,tick,""
183681.377907,4,sched_state,waiting
183681.377910,4,tick,""
183681.377937,7,sched_state,waiting
183681.377943,7,tick,""
183681.377952,4,sched_state,waiting
183681.377956,4,tick,""
183681.377967,1,sched_state,waiting
183681.377967,6,sched_state,waiting
183681.377973,6,tick,""
183681.377973,1,tick,""
183681.377986,0,tick,""
183681.377986,5,sched_state,waiting
183681.377992,5,tick,""
183681.377992,0,reduction,""
183681.377994,0,sched_state,running
183681.378001,3,sched_state,waiting
183681.378001,7,sched_state,waiting
183681.378007,3,tick,""
183681.378007,7,tick,""
183681.378029,5,sched_state,waiting
183681.378034,5,tick,""
183681.378052,3,sched_state,waiting
183681.378057,3,tick,""
183681.378062,7,sched_state,waiting
183681.378067,7,tick,""
183681.378072,5,sched_state,waiting
183681.378077,5,tick,""
183681.378092,3,sched_state,waiting
183681.378097,3,tick,""
183681.378124,4,sched_state,waiting
183681.378127,4,tick,""
183681.378143,3,sched_state,waiting
183681.378143,2,sched_state,waiting
183681.378145,0,tick,""
183681.378150,3,tick,""
183681.378153,0,reduction,""
183681.378153,2,tick,""
183681.378160,4,sched_state,waiting
183681.378162,0,sched_state,running
183681.378164,4,tick,""
183681.378173,5,sched_state,waiting
183681.378179,5,tick,""
183681.378185,1,sched_state,waiting
183681.378191,1,tick,""
183681.378197,3,sched_state,waiting
183681.378202,3,tick,""
183681.378206,6,sched_state,waiting
183681.378206,2,sched_state,waiting
183681.378212,6,tick,""
183681.378212,2,tick,""
183681.378228,5,sched_state,waiting
183681.378229,1,sched_state,waiting
183681.378229,4,sched_state,waiting
183681.378233,4,tick,""
183681.378235,5,tick,""
183681.378235,1,tick,""
183681.378248,3,sched_state,waiting
183681.378255,3,tick,""
183681.378257,6,sched_state,waiting
183681.378262,6,tick,""
183681.378271,4,sched_state,waiting
183681.378275,4,tick,""
183681.378286,5,sched_state,waiting
183681.378291,5,tick,""
183681.378305,6,sched_state,waiting
183681.378309,3,sched_state,waiting
183681.378310,6,tick,""
183681.378315,3,tick,""
183681.378329,1,sched_state,waiting
183681.378336,1,tick,""
183681.378346,4,sched_state,waiting
183681.378354,4,tick,""
183681.378362,6,sched_state,waiting
183681.378368,6,tick,""
183681.378375,1,sched_state,waiting
183681.378382,1,tick,""
183681.378389,3,sched_state,waiting
183681.378397,3,tick,""
183681.378400,6,sched_state,waiting
183681.378406,6,tick,""
183681.378419,1,sched_state,waiting
183681.378423,2,sched_state,waiting
183681.378425,1,tick,""
183681.378428,7,sched_state,waiting
183681.378429,2,tick,""
183681.378431,0,tick,""
183681.378435,7,tick,""
183681.378437,0,reduction,""
183681.378439,0,sched_state,running
183681.378450,6,sched_state,waiting
183681.378455,6,tick,""
183681.378464,4,sched_state,waiting
183681.378468,4,tick,""
183681.378474,2,sched_state,waiting
183681.378480,2,tick,""
183681.378493,7,sched_state,waiting
183681.378498,7,tick,""
183681.378505,1,sched_state,waiting
183681.378506,4,sched_state,waiting
183681.378510,4,tick,""
183681.378512,1,tick,""
183681.378512,3,sched_state,waiting
183681.378519,3,tick,""
183681.378539,4,sched_state,waiting
183681.378543,4,tick,""
183681.378565,3,sched_state,waiting
183681.378568,2,sched_state,waiting
183681.378571,3,tick,""
183681.378575,2,tick,""
183681.378580,1,sched_state,waiting
183681.378586,4,sched_state,waiting
183681.378586,1,tick,""
183681.378589,4,tick,""
183681.378594,5,sched_state,waiting
183681.378595,0,tick,""
183681.378599,5,tick,""
183681.378600,0,reduction,""
183681.378603,0,sched_state,running
183681.378612,6,sched_state,waiting
183681.378617,6,tick,""
183681.378617,7,sched_state,waiting
183681.378623,2,sched_state,waiting
183681.378624,7,tick,""
183681.378631,2,tick,""
183681.378645,5,sched_state,waiting
183681.378651,5,tick,""
183681.378662,4,sched_state,waiting
183681.378666,4,tick,""
183681.378685,6,sched_state,waiting
183681.378690,7,sched_state,waiting
183681.378691,6,tick,""
183681.378690,5,sched_state,waiting
183681.378697,5,tick,""
183681.378697,7,tick,""
183681.378709,4,sched_state,waiting
183681.378713,4,tick,""
183681.378730,6,sched_state,waiting
183681.378735,6,tick,""
183681.378740,7,sched_state,waiting
183681.378746,7,tick,""
183681.378760,5,sched_state,waiting
183681.378765,5,tick,""
183681.378768,2,sched_state,waiting
183681.378775,2,tick,""
183681.378785,7,sched_state,waiting
183681.378791,7,tick,""
183681.378791,6,sched_state,waiting
183681.378798,6,tick,""
183681.378803,5,sched_state,waiting
183681.378805,4,sched_state,waiting
183681.378808,5,tick,""
183681.378809,4,tick,""
183681.378853,4,sched_state,waiting
183681.378856,4,tick,""
183681.378878,4,sched_state,waiting
183681.378880,0,tick,""
183681.378882,4,tick,""
183681.378881,3,sched_state,waiting
183681.378891,3,tick,""
183681.378891,0,sched_state,stop
183681.378902,2,sched_state,waiting
