timestamp,lpu,event,value
183682.271653,3,sched_state,startup
183682.271654,2,sched_state,startup
183682.271654,6,sched_state,startup
183682.271656,7,sched_state,startup
183682.271655,1,sched_state,startup
183682.271655,5,sched_state,startup
183682.271686,4,sched_state,startup
183682.272479,4,tick,""
183682.272492,0,sched_state,startup
183682.272546,7,tick,""
183682.272546,3,tick,""
183682.272571,5,tick,""
183682.272571,1,tick,""
183682.272574,2,tick,""
183682.272574,6,tick,""
183682.272615,0,tick,""
183682.272820,4,queue_length,0
183682.272826,4,sched_state,waiting
183682.272835,4,tick,""
183682.272839,7,queue_length,0
183682.272847,7,sched_state,waiting
183682.272859,3,queue_length,0
183682.272859,7,tick,""
183682.272864,3,sched_state,waiting
183682.272875,3,tick,""
183682.274155,2,queue_length,0
183682.274158,6,queue_length,0
183682.274159,5,queue_length,0
183682.274162,1,queue_length,0
183682.274166,2,sched_state,waiting
183682.274170,6,sched_state,waiting
183682.274172,5,sched_state,waiting
183682.274172,1,sched_state,waiting
183682.274182,6,tick,""
183682.274182,2,tick,""
183682.274186,1,tick,""
183682.274186,5,tick,""
183682.274515,0,queue_length,0
183682.275211,7,sched_state,waiting
183682.275219,5,sched_state,waiting
183682.275220,2,sched_state,waiting
183682.275223,7,tick,""
183682.275228,5,tick,""
183682.275230,2,tick,""
183682.275240,4,sched_state,waiting
183682.275246,4,tick,""
183682.275252,6,sched_state,waiting
183682.275254,1,sched_state,waiting
183682.275260,6,tick,""
183682.275262,1,tick,""
183682.275304,2,sched_state,waiting
183682.275309,2,tick,""
183682.275310,0,sched_state,running
183682.275326,1,sched_state,waiting
183682.275331,1,tick,""
183682.275335,7,sched_state,waiting
183682.275341,7,tick,""
183682.275346,2,sched_state,waiting
183682.275351,2,tick,""
183682.275369,6,sched_state,waiting
183682.275374,6,tick,""
183682.275385,7,sched_state,waiting
183682.275388,2,sched_state,waiting
183682.275390,1,sched_state,waiting
183682.275391,7,tick,""
183682.275393,2,tick,""
183682.275395,1,tick,""
183682.275430,7,sched_state,waiting
183682.275435,7,tick,""
183682.275436,6,sched_state,waiting
183682.275441,6,tick,""
183682.275465,7,sched_state,waiting
183682.275469,7,tick,""
183682.275491,1,sched_state,waiting
183682.275494,6,sched_state,waiting
183682.275498,6,tick,""
183682.275499,1,tick,""
183682.275505,0,tick,""
183682.275514,0,reduction,""
183682.275517,0,sched_state,running
183682.275521,4,sched_state,waiting
183682.275527,4,tick,""
183682.275526,7,sched_state,waiting
183682.275529,5,sched_state,waiting
183682.275533,7,tick,""
183682.275535,5,tick,""
183682.275547,6,sched_state,waiting
183682.275551,6,tick,""
183682.275578,3,sched_state,waiting
183682.275578,7,sched_state,waiting
183682.275583,7,tick,""
183682.275584,3,tick,""
183682.275599,2,sched_state,waiting
183682.275602,4,sched_state,waiting
183682.275605,4,tick,""
183682.275606,2,tick,""
183682.275620,6,sched_state,waiting
183682.275624,6,tick,""
183682.275630,5,sched_state,waiting
183682.275633,3,sched_state,waiting
183682.275635,5,tick,""
183682.275640,3,tick,""
183682.275654,4,sched_state,waiting
183682.275658,4,tick,""
183682.275683,5,sched_state,waiting
183682.275683,7,sched_state,waiting
183682.275688,5,tick,""
183682.275688,0,tick,""
183682.275689,7,tick,""
183682.275693,0,reduction,""
183682.275697,0,sched_state,running
183682.275702,2,sched_state,waiting
183682.275706,2,tick,""
183682.275720,5,sched_state,waiting
183682.275726,3,sched_state,waiting
183682.275727,5,tick,""
183682.275732,3,tick,""
183682.275737,2,sched_state,waiting
183682.275741,2,tick,""
183682.275763,5,sched_state,waiting
183682.275767,5,tick,""
183682.275788,3,sched_state,waiting
183682.275793,3,tick,""
183682.275794,2,sched_state,waiting
183682.275799,2,tick,""
183682.275801,0,tick,""
183682.275805,0,reduction,""
183682.275808,0,sched_state,running
183682.275817,6,sched_state,waiting
183682.275822,4,sched_state,waiting
183682.275823,6,tick,""
183682.275826,4,tick,""
183682.275856,7,sched_state,waiting
183682.275857,2,sched_state,waiting
183682.275861,7,tick,""
183682.275862,2,tick,""
183682.275864,4,sched_state,waiting
183682.275867,4,tick,""
183682.275880,3,sched_state,waiting
183682.275889,3,tick,""
183682.275907,4,sched_state,waiting
183682.275914,4,tick,""
183682.275915,7,sched_state,waiting
183682.275920,7,tick,""
183682.275924,2,sched_state,waiting
183682.275928,2,tick,""
183682.275932,3,sched_state,waiting
183682.275936,3,tick,""
183682.275938,6,sched_state,waiting
183682.275944,6,tick,""
183682.275958,4,sched_state,waiting
183682.275961,4,tick,""
183682.275969,5,sched_state,waiting
183682.275974,5,tick,""
183682.275976,3,sched_state,waiting
183682.275976,0,tick,""
183682.275980,3,tick,""
183682.275981,0,reduction,""
183682.275983,0,sched_state,running
183682.275997,6,sched_state,waiting
183682.276001,1,sched_state,waiting
183682.276002,6,tick,""
183682.276005,1,tick,""
183682.276009,4,sched_state,waiting
183682.276013,4,tick,""
183682.276020,2,sched_state,waiting
183682.276025,2,tick,""
183682.276027,5,sched_state,waiting
183682.276032,5,tick,""
183682.276045,3,sched_state,waiting
183682.276051,3,tick,""
183682.276061,6,sched_state,waiting
183682.276066,6,tick,""
183682.276076,4,sched_state,waiting
183682.276077,2,sched_state,waiting
183682.276077,1,sched_state,waiting
183682.276079,4,tick,""
183682.276080,2,tick,""
183682.276081,1,tick,""
183682.276086,7,sched_state,waiting
183682.276088,0,tick,""
183682.276090,7,tick,""
183682.276096,0,reduction,""
183682.276098,0,sched_state,running
183682.276103,3,sched_state,waiting
183682.276124,3,tick,""
183682.276146,6,sched_state,waiting
183682.276152,6,tick,""
183682.276161,1,sched_state,waiting
183682.276178,1,tick,""
183682.276188,7,sched_state,waiting
183682.276191,3,sched_state,waiting
183682.276194,7,tick,""
183682.276195,3,tick,""
183682.276204,5,sched_state,waiting
183682.276210,5,tick,""
183682.276222,0,tick,""
183682.276223,2,sched_state,waiting
183682.276226,0,reduction,""
183682.276228,2,tick,""
183682.276229,0,sched_state,running
183682.276231,6,sched_state,waiting
183682.276235,6,tick,""
183682.276236,3,sched_state,waiting
183682.276240,3,tick,""
183682.276247,4,sched_state,waiting
183682.276250,4,tick,""
183682.276257,5,sched_state,waiting
183682.276262,5,tick,""
183682.276277,1,sched_state,waiting
183682.276281,1,tick,""
183682.276283,4,sched_state,waiting
183682.276286,4,tick,""
183682.276297,6,sched_state,waiting
183682.276303,6,tick,""
183682.276306,2,sched_state,waiting
183682.276310,2,tick,""
183682.276320,4,sched_state,waiting
183682.276326,4,tick,""
183682.276348,2,sched_state,waiting
183682.276351,6,sched_state,waiting
183682.276354,2,tick,""
183682.276354,6,tick,""
183682.276355,1,sched_state,waiting
183682.276359,1,tick,""
183682.276383,4,sched_state,waiting
183682.276386,0,tick,""
183682.276386,4,tick,""
183682.276391,7,sched_state,waiting
183682.276393,0,reduction,""
183682.276396,0,sched_state,running
183682.276395,7,tick,""
183682.276406,3,sched_state,waiting
183682.276409,5,sched_state,waiting
183682.276410,3,tick,""
183682.276411,6,sched_state,waiting
183682.276416,6,tick,""
183682.276417,5,tick,""
183682.276430,4,sched_state,waiting
183682.276433,4,tick,""
183682.276439,1,sched_state,waiting
183682.276444,1,tick,""
183682.276458,5,sched_state,waiting
183682.276462,5,tick,""
183682.276476,3,sched_state,waiting
183682.276480,3,tick,""
183682.276482,1,sched_state,waiting
183682.276484,6,sched_state,waiting
183682.276486,1,tick,""
183682.276489,6,tick,""
183682.276496,7,sched_state,waiting
183682.276501,7,tick,""
183682.276506,5,sched_state,waiting
183682.276511,5,tick,""
183682.276512,4,sched_state,waiting
183682.276515,4,tick,""
183682.276530,6,sched_state,waiting
183682.276534,6,tick,""
183682.276537,3,sched_state,waiting
183682.276542,3,tick,""
183682.276557,7,sched_state,waiting
183682.276559,1,sched_state,waiting
183682.276562,7,tick,""
183682.276563,1,tick,""
183682.276567,2,sched_state,waiting
183682.276572,0,tick,""
183682.276572,2,tick,""
183682.276577,0,reduction,""
183682.276579,0,sched_state,running
183682.276587,4,sched_state,waiting
183682.276591,4,tick,""
183682.276600,6,sched_state,waiting
183682.276605,6,tick,""
183682.276629,1,sched_state,waiting
183682.276635,2,sched_state,waiting
183682.276636,4,sched_state,waiting
183682.276637,1,tick,""
183682.276639,4,tick,""
183682.276640,2,tick,""
183682.276652,7,sched_state,waiting
183682.276657,7,tick,""
183682.276675,0,tick,""
183682.276677,3,sched_state,waiting
183682.276681,3,tick,""
183682.276681,0,reduction,""
183682.276684,0,sched_state,running
183682.276688,1,sched_state,waiting
183682.276691,5,sched_state,waiting
183682.276694,1,tick,""
183682.276695,5,tick,""
183682.276718,3,sched_state,waiting
183682.276722,3,tick,""
183682.276737,1,sched_state,waiting
183682.276742,1,tick,""
183682.276753,3,sched_state,waiting
183682.276753,7,sched_state,waiting
183682.276755,2,sched_state,waiting
183682.276758,7,tick,""
183682.276758,3,tick,""
183682.276761,2,tick,""
183682.276767,5,sched_state,waiting
183682.276772,5,tick,""
183682.276777,1,sched_state,waiting
183682.276781,1,tick,""
183682.276792,7,sched_state,waiting
183682.276797,7,tick,""
183682.276818,5,sched_state,waiting
183682.276823,5,tick,""
183682.276844,2,sched_state,waiting
183682.276846,0,tick,""
183682.276849,2,tick,""
183682.276853,0,reduction,""
183682.276856,0,sched_state,running
183682.276859,3,sched_state,waiting
183682.276864,5,sched_state,waiting
183682.276865,3,tick,""
183682.276868,7,sched_state,waiting
183682.276869,5,tick,""
183682.276873,7,tick,""
183682.276922,7,sched_state,waiting
183682.276927,7,tick,""
183682.276931,3,sched_state,waiting
183682.276930,5,sched_state,waiting
183682.276936,3,tick,""
183682.276937,5,tick,""
183682.276957,6,sched_state,waiting
183682.276961,0,tick,""
183682.276962,6,tick,""
183682.276966,0,reduction,""
183682.276968,0,sched_state,running
183682.276970,3,sched_state,waiting
183682.276972,4,sched_state,waiting
183682.276974,3,tick,""
183682.276977,4,tick,""
183682.276977,1,sched_state,waiting
183682.276982,1,tick,""
183682.276996,7,sched_state,waiting
183682.276999,5,sched_state,waiting
183682.277000,7,tick,""
183682.277005,5,tick,""
183682.277035,1,sched_state,waiting
183682.277039,6,sched_state,waiting
183682.277040,1,tick,""
183682.277044,6,tick,""
183682.277056,3,sched_state,waiting
183682.277062,5,sched_state,waiting
183682.277061,3,tick,""
183682.277067,5,tick,""
183682.277067,2,sched_state,waiting
183682.277068,0,tick,""
183682.277072,2,tick,""
183682.277073,0,reduction,""
183682.277077,0,sched_state,running
183682.277093,6,sched_state,waiting
183682.277095,4,sched_state,waiting
183682.277097,6,tick,""
183682.277098,4,tick,""
183682.277126,5,sched_state,waiting
183682.277134,5,tick,""
183682.277152,4,sched_state,waiting
183682.277157,4,tick,""
183682.277172,6,sched_state,waiting
183682.277172,5,sched_state,waiting
183682.277177,5,tick,""
183682.277177,6,tick,""
183682.277177,7,sched_state,waiting
183682.277178,0,tick,""
183682.277182,7,tick,""
183682.277183,0,reduction,""
183682.277184,4,sched_state,waiting
183682.277184,2,sched_state,waiting
183682.277185,0,sched_state,running
183682.277187,4,tick,""
183682.277190,2,tick,""
183682.277217,1,sched_state,waiting
183682.277218,5,sched_state,waiting
183682.277222,1,tick,""
183682.277222,5,tick,""
183682.277259,1,sched_state,waiting
183682.277263,1,tick,""
183682.277268,5,sched_state,waiting
183682.277272,5,tick,""
183682.277279,3,sched_state,waiting
183682.277279,0,tick,""
183682.277283,7,sched_state,waiting
183682.277284,3,tick,""
183682.277284,0,reduction,""
183682.277287,0,sched_state,running
183682.277287,7,tick,""
183682.277294,4,sched_state,waiting
183682.277297,1,sched_state,waiting
183682.277298,4,tick,""
183682.277302,1,tick,""
183682.277303,6,sched_state,waiting
183682.277308,6,tick,""
183682.277328,7,sched_state,waiting
183682.277334,7,tick,""
183682.277355,6,sched_state,waiting
183682.277360,6,tick,""
183682.277374,3,sched_state,waiting
183682.277380,3,tick,""
183682.277383,0,tick,""
183682.277390,0,reduction,""
183682.277392,0,sched_state,running
183682.277393,1,sched_state,waiting
183682.277397,1,tick,""
183682.277403,6,sched_state,waiting
183682.277407,6,tick,""
183682.277419,3,sched_state,waiting
183682.277424,3,tick,""
183682.277458,3,sched_state,waiting
183682.277462,3,tick,""
183682.277484,1,sched_state,waiting
183682.277489,1,tick,""
183682.277500,0,tick,""
183682.277510,7,sched_state,waiting
183682.277512,6,sched_state,waiting
183682.277515,7,tick,""
183682.277515,2,sched_state,waiting
183682.277517,6,tick,""
183682.277519,2,tick,""
183682.277528,4,sched_state,waiting
183682.277537,4,tick,""
183682.277566,1,sched_state,waiting
183682.277568,7,sched_state,waiting
183682.277571,1,tick,""
183682.277573,7,tick,""
183682.277581,6,sched_state,waiting
183682.277581,2,sched_state,waiting
183682.277585,2,tick,""
183682.277585,6,tick,""
183682.277590,4,sched_state,waiting
183682.277595,4,tick,""
183682.277617,7,sched_state,waiting
183682.277621,7,tick,""
183682.277632,6,sched_state,waiting
183682.277636,6,tick,""
183682.277644,2,sched_state,waiting
183682.277645,4,sched_state,waiting
183682.277649,4,tick,""
183682.277648,2,tick,""
183682.277654,1,sched_state,waiting
183682.277658,1,tick,""
183682.277675,7,sched_state,waiting
183682.277680,7,tick,""
183682.277695,6,sched_state,waiting
183682.277698,2,sched_state,waiting
183682.277700,6,tick,""
183682.277702,2,tick,""
183682.277706,3,sched_state,waiting
183682.277711,3,tick,""
183682.277711,4,sched_state,waiting
183682.277714,0,reduction,""
183682.277715,4,tick,""
183682.277716,0,sched_state,running
183682.277737,1,sched_state,waiting
183682.277741,1,tick,""
183682.277758,5,sched_state,waiting
183682.277764,5,tick,""
183682.277764,3,sched_state,waiting
183682.277767,6,sched_state,waiting
183682.277769,3,tick,""
183682.277772,6,tick,""
183682.277788,1,sched_state,waiting
183682.277793,1,tick,""
183682.277812,0,tick,""
183682.277817,7,sched_state,waiting
183682.277821,7,tick,""
183682.277822,6,sched_state,waiting
183682.277827,6,tick,""
183682.277833,1,sched_state,waiting
183682.277833,4,sched_state,waiting
183682.277835,2,sched_state,waiting
183682.277835,0,reduction,""
183682.277837,4,tick,""
183682.277838,1,tick,""
183682.277839,0,sched_state,running
183682.277843,2,tick,""
183682.277844,3,sched_state,waiting
183682.277846,5,sched_state,waiting
183682.277848,3,tick,""
183682.277851,5,tick,""
183682.277875,6,sched_state,waiting
183682.277879,6,tick,""
183682.277892,7,sched_state,waiting
183682.277901,7,tick,""
183682.277918,1,sched_state,waiting
183682.277922,1,tick,""
183682.277923,4,sched_state,waiting
183682.277927,4,tick,""
183682.277927,5,sched_state,waiting
183682.277932,5,tick,""
183682.277947,0,tick,""
183682.277951,0,reduction,""
183682.277955,6,sched_state,waiting
183682.277959,0,sched_state,running
183682.277959,6,tick,""
183682.277973,5,sched_state,waiting
183682.277978,5,tick,""
183682.277979,3,sched_state,waiting
183682.277979,1,sched_state,waiting
183682.277984,3,tick,""
183682.277984,1,tick,""
183682.277996,4,sched_state,waiting
183682.277999,4,tick,""
183682.278010,2,sched_state,waiting
183682.278013,6,sched_state,waiting
183682.278015,2,tick,""
183682.278017,6,tick,""
183682.278042,1,sched_state,waiting
183682.278047,1,tick,""
183682.278050,0,tick,""
183682.278051,7,sched_state,waiting
183682.278055,0,reduction,""
183682.278056,7,tick,""
183682.278059,0,sched_state,running
183682.278065,3,sched_state,waiting
183682.278069,4,sched_state,waiting
183682.278070,3,tick,""
183682.278072,4,tick,""
183682.278077,2,sched_state,waiting
183682.278082,2,tick,""
183682.278120,6,sched_state,waiting
183682.278125,6,tick,""
183682.278127,7,sched_state,waiting
183682.278130,1,sched_state,waiting
183682.278132,7,tick,""
183682.278135,1,tick,""
183682.278138,2,sched_state,waiting
183682.278144,2,tick,""
183682.278149,4,sched_state,waiting
183682.278152,4,tick,""
183682.278158,5,sched_state,waiting
183682.278160,6,sched_state,waiting
183682.278160,0,tick,""
183682.278164,5,tick,""
183682.278167,6,tick,""
183682.278177,1,sched_state,waiting
183682.278182,1,tick,""
183682.278184,3,sched_state,waiting
183682.278187,2,sched_state,waiting
183682.278190,3,tick,""
183682.278191,2,tick,""
183682.278223,4,sched_state,waiting
183682.278226,1,sched_state,waiting
183682.278227,4,tick,""
183682.278231,1,tick,""
183682.278245,7,sched_state,waiting
183682.278251,5,sched_state,waiting
183682.278252,7,tick,""
183682.278257,5,tick,""
183682.278260,2,sched_state,waiting
183682.278266,2,tick,""
183682.278279,6,sched_state,waiting
183682.278283,1,sched_state,waiting
183682.278284,6,tick,""
183682.278287,1,tick,""
183682.278310,5,sched_state,waiting
183682.278315,5,tick,""
183682.278318,4,sched_state,waiting
183682.278322,4,tick,""
183682.278351,7,sched_state,waiting
183682.278357,7,tick,""
183682.278357,5,sched_state,waiting
183682.278363,5,tick,""
183682.278370,6,sched_state,waiting
183682.278375,2,sched_state,waiting
183682.278376,6,tick,""
183682.278380,2,tick,""
183682.278396,4,sched_state,waiting
183682.278401,4,tick,""
183682.278408,5,sched_state,waiting
183682.278413,6,sched_state,waiting
183682.278414,5,tick,""
183682.278419,6,tick,""
183682.278421,2,sched_state,waiting
183682.278427,2,tick,""
183682.278454,5,sched_state,waiting
183682.278459,5,tick,""
183682.278465,6,sched_state,waiting
183682.278470,6,tick,""
183682.278476,4,sched_state,waiting
183682.278480,4,tick,""
183682.278496,5,sched_state,waiting
183682.278502,5,tick,""
183682.278527,4,sched_state,waiting
183682.278531,4,tick,""
183682.278539,2,sched_state,waiting
183682.278544,2,tick,""
183682.278548,5,sched_state,waiting
183682.278553,5,tick,""
183682.278553,6,sched_state,waiting
183682.278557,4,sched_state,waiting
183682.278561,4,tick,""
183682.278562,6,tick,""
183682.278588,4,sched_state,waiting
183682.278592,4,tick,""
183682.278675,3,sched_state,waiting
183682.278682,3,tick,""
183682.278696,7,sched_state,waiting
183682.278705,7,tick,""
183682.278703,1,sched_state,waiting
183682.278713,1,tick,""
183682.278727,3,sched_state,waiting
183682.278728,4,sched_state,waiting
183682.278731,4,tick,""
183682.278731,3,tick,""
183682.278734,2,sched_state,waiting
183682.278742,2,tick,""
183682.278744,6,sched_state,waiting
183682.278750,6,tick,""
183682.278773,1,sched_state,waiting
183682.278775,7,sched_state,waiting
183682.278780,1,tick,""
183682.278781,7,tick,""
183682.278786,2,sched_state,waiting
183682.278792,2,tick,""
183682.278796,5,sched_state,waiting
183682.278803,5,tick,""
183682.278803,6,sched_state,waiting
183682.278808,6,tick,""
183682.278819,3,sched_state,waiting
183682.278823,4,sched_state,waiting
183682.278825,3,tick,""
183682.278829,4,tick,""
183682.278841,7,sched_state,waiting
183682.278850,2,sched_state,waiting
183682.278853,7,tick,""
183682.278855,2,tick,""
183682.278863,4,sched_state,waiting
183682.278865,3,sched_state,waiting
183682.278866,4,tick,""
183682.278871,3,tick,""
183682.278883,1,sched_state,waiting
183682.278891,1,tick,""
183682.278905,2,sched_state,waiting
183682.278910,2,tick,""
183682.278911,4,sched_state,waiting
183682.278915,4,tick,""
183682.278922,7,sched_state,waiting
183682.278928,7,tick,""
183682.278935,1,sched_state,waiting
183682.278940,1,tick,""
183682.278960,2,sched_state,waiting
183682.278966,2,tick,""
183682.278976,1,sched_state,waiting
183682.278987,1,tick,""
183682.278987,7,sched_state,waiting
183682.278992,7,tick,""
183682.278993,4,sched_state,waiting
183682.278996,4,tick,""
183682.279009,2,sched_state,waiting
183682.279014,2,tick,""
183682.279118,4,sched_state,waiting
183682.279122,4,tick,""
183682.279122,1,sched_state,waiting
183682.279126,5,sched_state,waiting
183682.279129,1,tick,""
183682.279131,5,tick,""
183682.279134,7,sched_state,waiting
183682.279140,7,tick,""
183682.279147,0,reduction,""
183682.279145,6,sched_state,waiting
183682.279149,0,sched_state,running
183682.279156,3,sched_state,waiting
183682.279156,6,tick,""
183682.279162,3,tick,""
183682.279177,2,sched_state,waiting
183682.279182,1,sched_state,waiting
183682.279190,2,tick,""
183682.279192,1,tick,""
183682.279193,7,sched_state,waiting
183682.279210,3,sched_state,waiting
183682.279212,7,tick,""
183682.279215,3,tick,""
183682.279224,0,tick,""
183682.279247,6,sched_state,waiting
183682.279254,6,tick,""
183682.279254,4,sched_state,waiting
183682.279257,1,sched_state,waiting
183682.279260,4,tick,""
183682.279263,1,tick,""
183682.279283,3,sched_state,waiting
183682.279289,3,tick,""
183682.279300,6,sched_state,waiting
183682.279303,4,sched_state,waiting
183682.279306,6,tick,""
183682.279307,4,tick,""
183682.279307,2,sched_state,waiting
183682.279312,2,tick,""
183682.279326,7,sched_state,waiting
183682.279331,7,tick,""
183682.279342,1,sched_state,waiting
183682.279349,1,tick,""
183682.279355,4,sched_state,waiting
183682.279362,4,tick,""
183682.279368,7,sched_state,waiting
183682.279370,2,sched_state,waiting
183682.279372,7,tick,""
183682.279377,2,tick,""
183682.279392,4,sched_state,waiting
183682.279396,4,tick,""
183682.279398,3,sched_state,waiting
183682.279403,3,tick,""
183682.279410,7,sched_state,waiting
183682.279413,1,sched_state,waiting
183682.279414,7,tick,""
183682.279419,1,tick,""
183682.279423,2,sched_state,waiting
183682.279428,2,tick,""
183682.279434,6,sched_state,waiting
183682.279439,6,tick,""
183682.279447,3,sched_state,waiting
183682.279459,3,tick,""
183682.279465,2,sched_state,waiting
183682.279471,2,tick,""
183682.279474,6,sched_state,waiting
183682.279475,7,sched_state,waiting
183682.279478,6,tick,""
183682.279480,7,tick,""
183682.279526,7,sched_state,waiting
183682.279529,3,sched_state,waiting
183682.279531,7,tick,""
183682.279534,3,tick,""
183682.279544,6,sched_state,waiting
183682.279547,2,sched_state,waiting
183682.279550,6,tick,""
183682.279551,2,tick,""
183682.279562,5,sched_state,waiting
183682.279572,5,tick,""
183682.279574,7,sched_state,waiting
183682.279579,3,sched_state,waiting
183682.279579,7,tick,""
183682.279584,3,tick,""
183682.279588,1,sched_state,waiting
183682.279593,4,sched_state,waiting
183682.279593,1,tick,""
183682.279597,4,tick,""
183682.279621,6,sched_state,waiting
183682.279633,6,tick,""
183682.279645,4,sched_state,waiting
183682.279646,7,sched_state,waiting
183682.279648,4,tick,""
183682.279650,1,sched_state,waiting
183682.279652,7,tick,""
183682.279664,1,tick,""
183682.279668,5,sched_state,waiting
183682.279674,5,tick,""
183682.279681,4,sched_state,waiting
183682.279677,3,sched_state,waiting
183682.279684,4,tick,""
183682.279686,3,tick,""
183682.279700,7,sched_state,waiting
183682.279705,7,tick,""
183682.279711,1,sched_state,waiting
183682.279716,1,tick,""
183682.279724,3,sched_state,waiting
183682.279729,3,tick,""
183682.279737,5,sched_state,waiting
183682.279742,5,tick,""
183682.279745,7,sched_state,waiting
183682.279750,7,tick,""
183682.279755,1,sched_state,waiting
183682.279756,0,queue_length,0
183682.279760,1,tick,""
183682.279781,6,sched_state,waiting
183682.279788,6,tick,""
183682.279789,5,sched_state,waiting
183682.279796,2,sched_state,waiting
183682.279797,5,tick,""
183682.279801,2,tick,""
183682.279804,7,sched_state,waiting
183682.279812,3,sched_state,waiting
183682.279817,3,tick,""
183682.279817,7,tick,""
183682.279851,2,sched_state,waiting
183682.279856,2,tick,""
183682.279864,3,sched_state,waiting
183682.279870,3,tick,""
183682.279872,1,sched_state,waiting
183682.279878,1,tick,""
183682.279883,5,sched_state,waiting
183682.279888,5,tick,""
183682.279896,7,sched_state,waiting
183682.279902,7,tick,""
183682.279947,1,sched_state,waiting
183682.279952,1,tick,""
183682.279981,1,sched_state,waiting
183682.279987,1,tick,""
183682.280025,7,sched_state,waiting
183682.280030,7,tick,""
183682.280042,1,sched_state,waiting
183682.280047,1,tick,""
183682.280060,6,sched_state,waiting
183682.280067,6,tick,""
183682.280089,4,sched_state,waiting
183682.280094,4,tick,""
183682.280111,2,sched_state,waiting
183682.280112,3,sched_state,waiting
183682.280116,6,sched_state,waiting
183682.280117,2,tick,""
183682.280120,3,tick,""
183682.280121,6,tick,""
183682.280136,4,sched_state,waiting
183682.280139,4,tick,""
183682.280149,1,sched_state,waiting
183682.280155,1,tick,""
183682.280166,6,sched_state,waiting
183682.280172,6,tick,""
183682.280192,1,sched_state,waiting
183682.280197,1,tick,""
183682.280221,6,sched_state,waiting
183682.280226,6,tick,""
183682.280234,3,sched_state,waiting
183682.280235,4,sched_state,waiting
183682.280239,4,tick,""
183682.280240,3,tick,""
183682.280251,1,sched_state,waiting
183682.280258,1,tick,""
183682.280280,4,sched_state,waiting
183682.280281,3,sched_state,waiting
183682.280288,3,tick,""
183682.280288,4,tick,""
183682.280292,1,sched_state,waiting
183682.280296,1,tick,""
183682.280318,4,sched_state,waiting
183682.280321,4,tick,""
183682.280336,3,sched_state,waiting
183682.280337,1,sched_state,waiting
183682.280345,1,tick,""
183682.280345,3,tick,""
183682.280349,4,sched_state,waiting
183682.280387,4,tick,""
183682.280391,3,sched_state,waiting
183682.280396,3,tick,""
183682.280413,1,sched_state,waiting
183682.280418,1,tick,""
183682.280424,0,sched_state,running
183682.280425,5,sched_state,waiting
183682.280431,5,tick,""
183682.280445,2,sched_state,waiting
183682.280448,6,sched_state,waiting
183682.280451,2,tick,""
183682.280453,6,tick,""
183682.280467,1,sched_state,waiting
183682.280468,7,sched_state,waiting
183682.280473,1,tick,""
183682.280473,7,tick,""
183682.280485,2,sched_state,waiting
183682.280491,2,tick,""
183682.280492,3,sched_state,waiting
183682.280497,3,tick,""
183682.280500,6,sched_state,waiting
183682.280505,6,tick,""
183682.280505,5,sched_state,waiting
183682.280510,5,tick,""
183682.280536,7,sched_state,waiting
183682.280541,7,tick,""
183682.280559,6,sched_state,waiting
183682.280565,6,tick,""
183682.280575,3,sched_state,waiting
183682.280580,3,tick,""
183682.280588,2,sched_state,waiting
183682.280594,2,tick,""
183682.280604,7,sched_state,waiting
183682.280607,6,sched_state,waiting
183682.280610,7,tick,""
183682.280613,6,tick,""
183682.280623,3,sched_state,waiting
183682.280629,3,tick,""
183682.280654,4,sched_state,waiting
183682.280650,0,tick,""
183682.280662,4,tick,""
183682.280673,3,sched_state,waiting
183682.280676,5,sched_state,waiting
183682.280677,2,sched_state,waiting
183682.280677,0,reduction,""
183682.280679,3,tick,""
183682.280680,0,sched_state,running
183682.280682,2,tick,""
183682.280682,5,tick,""
183682.280683,7,sched_state,waiting
183682.280689,7,tick,""
183682.280704,4,sched_state,waiting
183682.280706,1,sched_state,waiting
183682.280708,4,tick,""
183682.280713,1,tick,""
183682.280735,2,sched_state,waiting
183682.280736,3,sched_state,waiting
183682.280740,3,tick,""
183682.280742,2,tick,""
183682.280751,7,sched_state,waiting
183682.280762,7,tick,""
183682.280765,4,sched_state,waiting
183682.280769,4,tick,""
183682.280769,1,sched_state,waiting
183682.280774,1,tick,""
183682.280783,5,sched_state,waiting
183682.280788,5,tick,""
183682.280801,4,sched_state,waiting
183682.280804,4,tick,""
183682.280809,7,sched_state,waiting
183682.280815,7,tick,""
183682.280829,2,sched_state,waiting
183682.280831,5,sched_state,waiting
183682.280836,2,tick,""
183682.280837,4,sched_state,waiting
183682.280836,5,tick,""
183682.280840,4,tick,""
183682.280869,1,sched_state,waiting
183682.280875,1,tick,""
183682.280877,4,sched_state,waiting
183682.280881,4,tick,""
183682.280904,5,sched_state,waiting
183682.280909,5,tick,""
183682.280911,2,sched_state,waiting
183682.280920,2,tick,""
183682.280921,4,sched_state,waiting
183682.280923,1,sched_state,waiting
183682.280925,4,tick,""
183682.280929,1,tick,""
183682.280963,2,sched_state,waiting
183682.280968,2,tick,""
183682.280981,5,sched_state,waiting
183682.280986,0,tick,""
183682.280987,5,tick,""
183682.280987,6,sched_state,waiting
183682.280992,0,spawn,""
183682.280993,6,tick,""
183682.280996,0,reduction,""
183682.281000,0,sched_state,running
183682.281005,2,sched_state,waiting
183682.281009,7,sched_state,waiting
183682.281010,2,tick,""
183682.281012,4,sched_state,waiting
183682.281014,7,tick,""
183682.281017,4,tick,""
183682.281024,1,sched_state,waiting
183682.281029,1,tick,""
183682.281040,6,sched_state,waiting
183682.281045,6,tick,""
183682.281062,2,sched_state,waiting
183682.281065,5,sched_state,waiting
183682.281067,2,tick,""
183682.281070,5,tick,""
183682.281075,1,sched_state,waiting
183682.281082,1,tick,""
183682.281088,6,sched_state,waiting
183682.281094,6,tick,""
183682.281106,2,sched_state,waiting
183682.281112,5,sched_state,waiting
183682.281113,2,tick,""
183682.281118,5,tick,""
183682.281118,7,sched_state,waiting
183682.281124,7,tick,""
183682.281135,6,sched_state,waiting
183682.281140,6,tick,""
183682.281141,1,sched_state,waiting
183682.281146,1,tick,""
183682.281163,7,sched_state,waiting
183682.281169,7,tick,""
183682.281173,2,sched_state,waiting
183682.281178,2,tick,""
183682.281202,7,sched_state,waiting
183682.281207,7,tick,""
183682.281222,2,sched_state,waiting
183682.281226,3,sched_state,waiting
183682.281228,2,tick,""
183682.281231,3,tick,""
183682.281239,6,sched_state,waiting
183682.281244,6,tick,""
183682.281244,4,sched_state,waiting
183682.281248,4,tick,""
183682.281249,7,sched_state,waiting
183682.281250,5,sched_state,waiting
183682.281254,7,tick,""
183682.281255,5,tick,""
183682.281279,2,sched_state,waiting
183682.281284,2,tick,""
183682.281304,5,sched_state,waiting
183682.281309,5,tick,""
183682.281316,1,sched_state,waiting
183682.281321,1,tick,""
183682.281322,3,sched_state,waiting
183682.281328,3,tick,""
183682.281346,6,sched_state,waiting
183682.281349,7,sched_state,waiting
183682.281351,6,tick,""
183682.281355,7,tick,""
183682.281414,4,sched_state,waiting
183682.281419,4,tick,""
183682.281437,5,sched_state,waiting
183682.281439,1,sched_state,waiting
183682.281445,1,tick,""
183682.281445,5,tick,""
183682.281469,3,sched_state,waiting
183682.281474,3,tick,""
183682.281480,2,sched_state,waiting
183682.281490,2,tick,""
183682.281501,7,sched_state,waiting
183682.281506,7,tick,""
183682.281523,3,sched_state,waiting
183682.281529,3,tick,""
183682.281535,2,sched_state,waiting
183682.281542,2,tick,""
183682.281545,5,sched_state,waiting
183682.281551,5,tick,""
183682.281594,5,sched_state,waiting
183682.281599,5,tick,""
183682.281608,2,sched_state,waiting
183682.281614,2,tick,""
183682.281634,3,sched_state,waiting
183682.281634,5,sched_state,waiting
183682.281640,5,tick,""
183682.281640,3,tick,""
183682.281668,2,sched_state,waiting
183682.281674,2,tick,""
183682.281687,3,sched_state,waiting
183682.281689,5,sched_state,waiting
183682.281692,3,tick,""
183682.281694,5,tick,""
183682.281712,2,sched_state,waiting
183682.281717,2,tick,""
183682.281723,0,tick,""
183682.281727,0,reduction,""
183682.281729,0,sched_state,running
183682.281730,5,sched_state,waiting
183682.281736,5,tick,""
183682.281750,6,sched_state,waiting
183682.281756,6,tick,""
183682.281765,2,sched_state,waiting
183682.281770,4,sched_state,waiting
183682.281770,2,tick,""
183682.281775,4,tick,""
183682.281781,3,sched_state,waiting
183682.281787,3,tick,""
183682.281818,2,sched_state,waiting
183682.281820,5,sched_state,waiting
183682.281824,2,tick,""
183682.281826,5,tick,""
183682.281839,3,sched_state,waiting
183682.281845,3,tick,""
183682.281882,3,sched_state,waiting
183682.281887,3,tick,""
183682.281898,5,sched_state,waiting
183682.281904,5,tick,""
183682.281921,3,sched_state,waiting
183682.281927,3,tick,""
183682.281946,5,sched_state,waiting
183682.281951,5,tick,""
183682.281983,5,sched_state,waiting
183682.281989,5,tick,""
183682.282016,3,sched_state,waiting
183682.282017,1,sched_state,waiting
183682.282020,0,queue_length,1
183682.282023,1,tick,""
183682.282024,3,tick,""
183682.282034,6,sched_state,waiting
183682.282038,5,sched_state,waiting
183682.282040,6,tick,""
183682.282043,5,tick,""
183682.282061,7,sched_state,waiting
183682.282062,0,tick,""
183682.282069,7,tick,""
183682.282070,0,reduction,""
183682.282072,0,sched_state,running
183682.282075,3,sched_state,waiting
183682.282080,4,sched_state,waiting
183682.282085,4,tick,""
183682.282090,1,sched_state,waiting
183682.282097,1,tick,""
183682.282107,2,sched_state,waiting
183682.282114,2,tick,""
183682.282204,7,sched_state,waiting
183682.282211,7,tick,""
183682.282419,3,tick,""
183682.282424,0,tick,""
183682.282428,0,reduction,""
183682.282430,0,sched_state,running
183682.282432,4,sched_state,waiting
183682.282437,4,tick,""
183682.282443,2,sched_state,waiting
183682.282450,2,tick,""
183682.282449,7,sched_state,waiting
183682.282455,7,tick,""
183682.282460,5,sched_state,waiting
183682.282466,5,tick,""
183682.282477,3,sched_state,waiting
183682.282482,3,tick,""
183682.282483,1,sched_state,waiting
183682.282489,1,tick,""
183682.282491,7,sched_state,waiting
183682.282498,7,tick,""
183682.282511,4,sched_state,waiting
183682.282515,4,tick,""
183682.282533,3,sched_state,waiting
183682.282538,3,tick,""
183682.282555,2,sched_state,waiting
183682.282556,4,sched_state,waiting
183682.282557,1,sched_state,waiting
183682.282560,4,tick,""
183682.282561,2,tick,""
183682.282562,1,tick,""
183682.282583,5,sched_state,waiting
183682.282585,7,sched_state,waiting
183682.282590,7,tick,""
183682.282593,5,tick,""
183682.282604,0,tick,""
183682.282609,0,reduction,""
183682.282611,0,sched_state,running
183682.282649,5,sched_state,waiting
183682.282651,2,sched_state,waiting
183682.282654,5,tick,""
183682.282657,2,tick,""
183682.282676,1,sched_state,waiting
183682.282682,1,tick,""
183682.282692,7,sched_state,waiting
183682.282698,7,tick,""
183682.282708,2,sched_state,waiting
183682.282714,2,tick,""
183682.282728,5,sched_state,waiting
183682.282730,1,sched_state,waiting
183682.282734,1,tick,""
183682.282734,5,tick,""
183682.282735,4,sched_state,waiting
183682.282737,0,tick,""
183682.282739,4,tick,""
183682.282743,0,reduction,""
183682.282745,0,sched_state,running
183682.282763,2,sched_state,waiting
183682.282767,2,tick,""
183682.282789,5,sched_state,waiting
183682.282795,2,sched_state,waiting
183682.282795,5,tick,""
183682.282804,2,tick,""
183682.282835,1,sched_state,waiting
183682.282840,1,tick,""
183682.282850,2,sched_state,waiting
183682.282855,2,tick,""
183682.282876,1,sched_state,waiting
183682.282881,1,tick,""
183682.282903,2,sched_state,waiting
183682.282909,2,tick,""
183682.283129,0,tick,""
183682.283153,4,sched_state,waiting
183682.283158,4,tick,""
183682.283199,0,reduction,""
183682.283202,0,sched_state,running
183682.283202,4,sched_state,waiting
183682.283207,4,tick,""
183682.283378,3,sched_state,waiting
183682.283380,1,sched_state,waiting
183682.283382,4,sched_state,waiting
183682.283381,2,sched_state,waiting
183682.283385,4,tick,""
183682.283386,3,tick,""
183682.283387,1,tick,""
183682.283389,2,tick,""
183682.283398,5,sched_state,waiting
183682.283406,5,tick,""
183682.283427,4,sched_state,waiting
183682.283429,3,sched_state,waiting
183682.283431,4,tick,""
183682.283435,3,tick,""
183682.283435,7,sched_state,waiting
183682.283440,7,tick,""
183682.283441,0,tick,""
183682.283446,0,reduction,""
183682.283452,0,sched_state,running
183682.283455,2,sched_state,waiting
183682.283461,2,tick,""
183682.283484,3,sched_state,waiting
183682.283489,3,tick,""
183682.283511,2,sched_state,waiting
183682.283512,5,sched_state,waiting
183682.283516,1,sched_state,waiting
183682.283517,2,tick,""
183682.283519,5,tick,""
183682.283521,1,tick,""
183682.283566,1,sched_state,waiting
183682.283571,1,tick,""
183682.283590,3,sched_state,waiting
183682.283595,3,tick,""
183682.283603,2,sched_state,waiting
183682.283609,2,tick,""
183682.283633,6,queue_length,1
183682.283638,6,queue_length,0
183682.283651,2,sched_state,waiting
183682.283656,2,tick,""
183682.283672,4,sched_state,waiting
183682.283677,4,tick,""
183682.283681,0,tick,""
183682.283685,0,spawn,""
183682.283687,0,reduction,""
183682.283688,0,sched_state,running
183682.284051,1,sched_state,waiting
183682.284057,1,tick,""
183682.284057,2,sched_state,waiting
183682.284062,3,sched_state,waiting
183682.284064,2,tick,""
183682.284068,3,tick,""
183682.284069,7,sched_state,waiting
183682.284073,7,tick,""
183682.284127,3,sched_state,waiting
183682.284130,1,sched_state,waiting
183682.284132,3,tick,""
183682.284136,1,tick,""
183682.284171,1,sched_state,waiting
183682.284176,1,tick,""
183682.284210,1,sched_state,waiting
183682.284215,1,tick,""
183682.284261,6,sched_state,running
183682.284293,0,tick,""
183682.284298,0,reduction,""
183682.284300,0,sched_state,running
183682.284301,1,sched_state,waiting
183682.284301,0,queue_length,1
183682.284305,1,tick,""
183682.284308,2,sched_state,waiting
183682.284314,2,tick,""
183682.284340,7,sched_state,waiting
183682.284346,7,tick,""
183682.284356,1,sched_state,waiting
183682.284363,1,tick,""
183682.284385,7,sched_state,waiting
183682.284389,7,tick,""
183682.284408,1,sched_state,waiting
183682.284413,0,tick,""
183682.284414,1,tick,""
183682.284421,0,reduction,""
183682.284422,0,sched_state,running
183682.284461,1,sched_state,waiting
183682.284468,1,tick,""
183682.284484,7,sched_state,waiting
183682.284489,7,tick,""
183682.284504,1,sched_state,waiting
183682.284509,1,tick,""
183682.284532,0,tick,""
183682.284535,0,reduction,""
183682.284537,0,sched_state,running
183682.284548,6,tick,""
183682.284554,6,reduction,""
183682.284557,6,sched_state,running
183682.284575,1,sched_state,waiting
183682.284582,1,tick,""
183682.284647,0,tick,""
183682.284651,0,reduction,""
183682.284653,0,sched_state,running
183682.284758,0,tick,""
183682.284761,0,reduction,""
183682.284763,0,sched_state,running
183682.284846,6,tick,""
183682.284852,6,reduction,""
183682.284855,6,sched_state,running
183682.284867,0,tick,""
183682.284871,0,reduction,""
183682.284873,0,sched_state,running
183682.284976,0,tick,""
183682.285026,6,tick,""
183682.285032,6,reduction,""
183682.285034,6,sched_state,running
183682.285157,6,tick,""
183682.285162,6,reduction,""
183682.285164,6,sched_state,running
183682.285272,6,tick,""
183682.285276,6,reduction,""
183682.285278,6,sched_state,running
183682.285286,5,sched_state,waiting
183682.285291,5,tick,""
183682.285299,2,sched_state,waiting
183682.285303,1,sched_state,waiting
183682.285309,1,tick,""
183682.285309,2,tick,""
183682.285318,3,sched_state,waiting
183682.285324,3,tick,""
183682.285352,4,sched_state,waiting
183682.285356,4,tick,""
183682.285365,5,sched_state,waiting
183682.285371,5,tick,""
183682.285382,2,sched_state,waiting
183682.285394,2,tick,""
183682.285431,6,tick,""
183682.285438,6,reduction,""
183682.285440,6,sched_state,running
183682.285514,1,sched_state,waiting
183682.285519,1,tick,""
183682.285529,3,sched_state,waiting
183682.285535,3,tick,""
183682.285535,0,channel_blocked,87
183682.285538,0,yield,""
183682.285560,1,sched_state,waiting
183682.285566,1,tick,""
183682.285572,3,sched_state,waiting
183682.285578,3,tick,""
183682.285594,6,tick,""
183682.285617,6,reduction,""
183682.285620,6,sched_state,running
183682.285635,3,sched_state,waiting
183682.285641,3,tick,""
183682.285674,3,sched_state,waiting
183682.285679,3,tick,""
183682.285779,6,tick,""
183682.285784,3,sched_state,waiting
183682.285785,4,sched_state,waiting
183682.285786,6,reduction,""
183682.285788,6,sched_state,running
183682.285790,4,tick,""
183682.285790,3,tick,""
183682.286021,1,sched_state,waiting
183682.286021,6,tick,""
183682.286028,1,tick,""
183682.286033,2,sched_state,waiting
183682.286037,0,sched_state,running
183682.286042,2,tick,""
183682.286076,6,reduction,""
183682.286081,6,sched_state,running
183682.286089,0,tick,""
183682.286108,0,queue_length,0
183682.286114,0,sched_state,waiting
183682.286120,0,tick,""
183682.286126,1,sched_state,waiting
183682.286131,1,tick,""
183682.286139,2,sched_state,waiting
183682.286145,2,tick,""
183682.286171,1,sched_state,waiting
183682.286177,1,tick,""
183682.286191,2,sched_state,waiting
183682.286196,2,tick,""
183682.286215,1,sched_state,waiting
183682.286220,1,tick,""
183682.286257,6,tick,""
183682.286280,6,reduction,""
183682.286283,2,sched_state,waiting
183682.286283,6,sched_state,running
183682.286288,2,tick,""
183682.286453,6,tick,""
183682.286460,6,reduction,""
183682.286462,6,sched_state,running
183682.286564,1,sched_state,waiting
183682.286570,1,tick,""
183682.286606,1,sched_state,waiting
183682.286612,1,tick,""
183682.286617,3,sched_state,waiting
183682.286625,3,tick,""
183682.286630,6,tick,""
183682.286815,6,reduction,""
183682.286818,6,sched_state,running
183682.286898,5,queue_length,1
183682.286903,5,queue_length,0
183682.286991,6,tick,""
183682.287008,6,reduction,""
183682.287011,6,sched_state,running
183682.287159,6,tick,""
183682.287163,6,reduction,""
183682.287165,6,sched_state,running
183682.287273,6,tick,""
183682.287277,6,reduction,""
183682.287278,6,sched_state,running
183682.287285,1,sched_state,waiting
183682.287292,1,tick,""
183682.287335,1,sched_state,waiting
183682.287347,1,tick,""
183682.287420,6,tick,""
183682.287426,6,reduction,""
183682.287428,6,sched_state,running
183682.287592,6,tick,""
183682.287598,6,reduction,""
183682.287600,6,sched_state,running
183682.287612,5,sched_state,running
183682.287764,6,tick,""
183682.287874,6,reduction,""
183682.287878,6,sched_state,running
183682.287985,5,tick,""
183682.287989,5,reduction,""
183682.287993,5,sched_state,running
183682.288043,6,tick,""
183682.288050,6,reduction,""
183682.288053,6,sched_state,running
183682.288228,6,tick,""
183682.288234,5,tick,""
183682.288240,5,reduction,""
183682.288242,5,sched_state,running
183682.288310,6,reduction,""
183682.288319,6,sched_state,running
183682.288429,6,tick,""
183682.288447,4,sched_state,waiting
183682.288453,4,tick,""
183682.288453,3,sched_state,waiting
183682.288454,2,sched_state,waiting
183682.288455,1,sched_state,waiting
183682.288459,0,sched_state,waiting
183682.288460,3,tick,""
183682.288461,2,tick,""
183682.288462,0,tick,""
183682.288463,1,tick,""
183682.288503,4,sched_state,waiting
183682.288507,4,tick,""
183682.288513,0,sched_state,waiting
183682.288516,0,tick,""
183682.288516,7,sched_state,waiting
183682.288523,7,tick,""
183682.288534,2,sched_state,waiting
183682.288540,2,tick,""
183682.288563,7,sched_state,waiting
183682.288567,3,sched_state,waiting
183682.288569,7,tick,""
183682.288572,3,tick,""
183682.288585,2,sched_state,waiting
183682.288590,2,tick,""
183682.288611,3,sched_state,waiting
183682.288611,5,tick,""
183682.288617,3,tick,""
183682.288618,5,reduction,""
183682.288625,5,sched_state,running
183682.288635,2,sched_state,waiting
183682.288640,2,tick,""
183682.288660,3,sched_state,waiting
183682.288664,7,sched_state,waiting
183682.288665,3,tick,""
183682.288669,7,tick,""
183682.288704,3,sched_state,waiting
183682.288709,3,tick,""
183682.288715,7,sched_state,waiting
183682.288720,7,tick,""
183682.288752,3,sched_state,waiting
183682.288758,3,tick,""
183682.288767,7,sched_state,waiting
183682.288773,7,tick,""
183682.288795,3,sched_state,waiting
183682.288800,3,tick,""
183682.288845,5,tick,""
183682.288851,5,reduction,""
183682.288853,5,sched_state,running
183682.288869,3,sched_state,waiting
183682.288874,3,tick,""
183682.288900,3,sched_state,waiting
183682.288905,3,tick,""
183682.288937,3,sched_state,waiting
183682.288943,3,tick,""
183682.288975,3,sched_state,waiting
183682.288980,3,tick,""
183682.289012,3,sched_state,waiting
183682.289017,3,tick,""
183682.289048,5,tick,""
183682.289055,5,reduction,""
183682.289057,5,sched_state,running
183682.289082,0,sched_state,waiting
183682.289088,3,sched_state,waiting
183682.289092,0,tick,""
183682.289093,3,tick,""
183682.289128,2,sched_state,waiting
183682.289134,2,tick,""
183682.289147,0,sched_state,waiting
183682.289151,0,tick,""
183682.289216,0,sched_state,waiting
183682.289222,0,tick,""
183682.289251,0,sched_state,waiting
183682.289253,5,tick,""
183682.289255,0,tick,""
183682.289335,6,queue_length,0
183682.289398,5,reduction,""
183682.289403,5,sched_state,running
183682.289628,5,tick,""
183682.289635,5,reduction,""
183682.289637,5,sched_state,running
183682.289840,5,tick,""
183682.289916,5,reduction,""
183682.289918,5,sched_state,running
183682.289927,2,sched_state,waiting
183682.289933,0,sched_state,waiting
183682.289936,2,tick,""
183682.289940,0,tick,""
183682.289988,0,sched_state,waiting
183682.289989,2,sched_state,waiting
183682.289994,0,tick,""
183682.289995,2,tick,""
183682.290031,2,sched_state,waiting
183682.290036,2,tick,""
183682.290126,2,sched_state,waiting
183682.290131,5,tick,""
183682.290132,2,tick,""
183682.290138,5,reduction,""
183682.290140,5,sched_state,running
183682.290291,2,sched_state,waiting
183682.290297,2,tick,""
183682.290355,5,tick,""
183682.290371,5,reduction,""
183682.290373,5,sched_state,running
183682.290475,6,sched_state,running
183682.290593,5,tick,""
183682.290613,5,reduction,""
183682.290616,5,sched_state,running
183682.290822,5,tick,""
183682.290834,5,reduction,""
183682.290836,5,sched_state,running
183682.290906,6,tick,""
183682.290916,6,reduction,""
183682.290921,6,sched_state,running
183682.291021,5,tick,""
183682.291330,5,reduction,""
183682.291334,6,tick,""
183682.291335,5,sched_state,running
183682.291356,6,reduction,""
183682.291359,6,sched_state,running
183682.291493,5,tick,""
183682.291502,5,reduction,""
183682.291503,5,sched_state,running
183682.291599,6,tick,""
183682.291618,6,reduction,""
183682.291621,6,sched_state,running
183682.291669,5,tick,""
183682.291682,5,reduction,""
183682.291684,5,sched_state,running
183682.291830,6,tick,""
183682.291844,6,reduction,""
183682.291847,6,sched_state,running
183682.291899,5,tick,""
183682.291910,5,reduction,""
183682.291912,5,sched_state,running
183682.292055,6,tick,""
183682.292132,5,tick,""
183682.292142,5,reduction,""
183682.292146,5,sched_state,running
183682.292342,6,reduction,""
183682.292345,6,sched_state,running
183682.292361,5,tick,""
183682.292371,5,reduction,""
183682.292374,5,sched_state,running
183682.292542,6,tick,""
183682.292555,6,reduction,""
183682.292557,6,sched_state,running
183682.292577,5,tick,""
183682.292587,5,reduction,""
183682.292589,5,sched_state,running
183682.292722,6,tick,""
183682.292733,6,reduction,""
183682.292737,6,sched_state,running
183682.292804,5,tick,""
183682.292814,5,reduction,""
183682.292816,5,sched_state,running
183682.292932,6,tick,""
183682.292942,6,reduction,""
183682.292944,6,sched_state,running
183682.293023,5,tick,""
183682.293039,1,sched_state,waiting
183682.293045,4,sched_state,waiting
183682.293046,1,tick,""
183682.293048,3,sched_state,waiting
183682.293050,4,tick,""
183682.293055,3,tick,""
183682.293055,2,sched_state,waiting
183682.293057,0,sched_state,waiting
183682.293062,2,tick,""
183682.293063,0,tick,""
183682.293089,7,sched_state,waiting
183682.293095,7,tick,""
183682.293121,4,sched_state,waiting
183682.293126,4,tick,""
183682.293130,6,tick,""
183682.293135,7,sched_state,waiting
183682.293140,7,tick,""
183682.293142,6,reduction,""
183682.293145,6,sched_state,running
183682.293160,4,sched_state,waiting
183682.293163,4,tick,""
183682.293177,1,sched_state,waiting
183682.293183,1,tick,""
183682.293192,4,sched_state,waiting
183682.293196,4,tick,""
183682.293219,1,sched_state,waiting
183682.293224,1,tick,""
183682.293233,4,sched_state,waiting
183682.293236,4,tick,""
183682.293263,1,sched_state,waiting
183682.293268,1,tick,""
183682.293282,4,sched_state,waiting
183682.293285,4,tick,""
183682.293302,1,sched_state,waiting
183682.293307,1,tick,""
183682.293332,6,tick,""
183682.293335,1,sched_state,waiting
183682.293341,1,tick,""
183682.293343,6,reduction,""
183682.293346,6,sched_state,running
183682.293358,4,sched_state,waiting
183682.293362,4,tick,""
183682.293380,1,sched_state,waiting
183682.293386,1,tick,""
183682.293535,6,tick,""
183682.293545,6,reduction,""
183682.293548,6,sched_state,running
183682.293609,0,sched_state,waiting
183682.293614,4,sched_state,waiting
183682.293616,0,tick,""
183682.293615,1,sched_state,waiting
183682.293618,4,tick,""
183682.293620,1,tick,""
183682.293660,1,sched_state,waiting
183682.293666,1,tick,""
183682.293709,4,sched_state,waiting
183682.293712,4,tick,""
183682.293730,6,tick,""
183682.293740,6,reduction,""
183682.293742,6,sched_state,running
183682.293789,5,queue_length,0
183682.293920,6,tick,""
183682.293929,6,reduction,""
183682.293931,6,sched_state,running
183682.294104,6,tick,""
183682.294113,6,reduction,""
183682.294116,6,sched_state,running
183682.294272,1,sched_state,waiting
183682.294273,4,sched_state,waiting
183682.294275,5,sched_state,running
183682.294278,4,tick,""
183682.294278,1,tick,""
183682.294288,6,tick,""
183682.294297,6,reduction,""
183682.294301,6,sched_state,running
183682.294310,4,sched_state,waiting
183682.294314,4,tick,""
183682.294348,1,sched_state,waiting
183682.294354,1,tick,""
183682.294393,1,sched_state,waiting
183682.294399,1,tick,""
183682.294434,1,sched_state,waiting
183682.294441,1,tick,""
183682.294481,6,tick,""
183682.294490,6,reduction,""
183682.294492,6,sched_state,running
183682.294668,5,tick,""
183682.294680,5,reduction,""
183682.294682,6,tick,""
183682.294685,5,sched_state,running
183682.294689,6,reduction,""
183682.294691,6,sched_state,running
183682.294877,6,tick,""
183682.294884,6,reduction,""
183682.294887,6,sched_state,running
183682.294903,5,tick,""
183682.294912,5,reduction,""
183682.294914,5,sched_state,running
183682.295060,5,tick,""
183682.295066,5,reduction,""
183682.295068,5,sched_state,running
183682.295079,6,tick,""
183682.295086,6,reduction,""
183682.295088,6,sched_state,running
183682.295247,6,tick,""
183682.295252,6,reduction,""
183682.295253,6,sched_state,running
183682.295278,5,tick,""
183682.295287,5,reduction,""
183682.295289,5,sched_state,running
183682.295376,6,tick,""
183682.295387,3,sched_state,waiting
183682.295393,3,tick,""
183682.295393,2,sched_state,waiting
183682.295400,7,sched_state,waiting
183682.295403,0,sched_state,waiting
183682.295404,2,tick,""
183682.295405,7,tick,""
183682.295408,0,tick,""
183682.295409,1,sched_state,waiting
183682.295416,1,tick,""
183682.295443,3,sched_state,waiting
183682.295448,3,tick,""
183682.295456,0,sched_state,waiting
183682.295457,1,sched_state,waiting
183682.295460,0,tick,""
183682.295463,1,tick,""
183682.295486,3,sched_state,waiting
183682.295492,3,tick,""
183682.295498,5,tick,""
183682.295511,5,reduction,""
183682.295512,1,sched_state,waiting
183682.295515,5,sched_state,running
183682.295519,1,tick,""
183682.295522,7,sched_state,waiting
183682.295529,7,tick,""
183682.295539,0,sched_state,waiting
183682.295539,3,sched_state,waiting
183682.295543,3,tick,""
183682.295543,0,tick,""
183682.295595,0,sched_state,waiting
183682.295600,0,tick,""
183682.295612,1,sched_state,waiting
183682.295619,1,tick,""
183682.295627,7,sched_state,waiting
183682.295631,7,tick,""
183682.295702,1,sched_state,waiting
183682.295702,7,sched_state,waiting
183682.295703,0,sched_state,waiting
183682.295707,7,tick,""
183682.295707,1,tick,""
183682.295710,0,tick,""
183682.295717,5,tick,""
183682.295725,5,reduction,""
183682.295727,5,sched_state,running
183682.295740,1,sched_state,waiting
183682.295746,1,tick,""
183682.295782,0,sched_state,waiting
183682.295787,0,tick,""
183682.295822,0,sched_state,waiting
183682.295827,0,tick,""
183682.295881,0,sched_state,waiting
183682.295886,0,tick,""
183682.295900,3,sched_state,waiting
183682.295905,3,tick,""
183682.295906,1,sched_state,waiting
183682.295907,6,queue_length,0
183682.295912,1,tick,""
183682.295930,5,tick,""
183682.295937,5,reduction,""
183682.295941,5,sched_state,running
183682.295994,3,sched_state,waiting
183682.295996,0,sched_state,waiting
183682.295999,3,tick,""
183682.296001,0,tick,""
183682.296036,3,sched_state,waiting
183682.296040,3,tick,""
183682.296082,3,sched_state,waiting
183682.296088,3,tick,""
183682.296142,5,tick,""
183682.296150,5,reduction,""
183682.296152,5,sched_state,running
183682.296322,1,sched_state,waiting
183682.296322,6,sched_state,running
183682.296329,1,tick,""
183682.296334,0,sched_state,waiting
183682.296338,0,tick,""
183682.296347,5,tick,""
183682.296354,5,reduction,""
183682.296356,5,sched_state,running
183682.296373,1,sched_state,waiting
183682.296378,1,tick,""
183682.296421,1,sched_state,waiting
183682.296427,1,tick,""
183682.296523,1,sched_state,waiting
183682.296524,6,tick,""
183682.296529,1,tick,""
183682.296531,6,reduction,""
183682.296533,6,sched_state,running
183682.296558,5,tick,""
183682.296564,5,reduction,""
183682.296568,5,sched_state,running
183682.296727,6,tick,""
183682.296734,6,reduction,""
183682.296737,6,sched_state,running
183682.296761,5,tick,""
183682.296768,5,reduction,""
183682.296771,5,sched_state,running
183682.296930,6,tick,""
183682.296936,6,reduction,""
183682.296939,6,sched_state,running
183682.296966,5,tick,""
183682.296972,5,reduction,""
183682.296974,5,sched_state,running
183682.297130,6,tick,""
183682.297135,6,reduction,""
183682.297137,6,sched_state,running
183682.297168,5,tick,""
183682.297174,5,reduction,""
183682.297176,5,sched_state,running
183682.297280,6,tick,""
183682.297285,6,reduction,""
183682.297287,6,sched_state,running
183682.297377,5,tick,""
183682.297480,6,tick,""
183682.297911,0,sched_state,waiting
183682.297917,0,tick,""
183682.297940,1,sched_state,waiting
183682.297947,1,tick,""
183682.297957,0,sched_state,waiting
183682.297962,0,tick,""
183682.297967,4,sched_state,waiting
183682.297972,4,tick,""
183682.297972,2,sched_state,waiting
183682.297980,2,tick,""
183682.297990,3,sched_state,waiting
183682.297998,3,tick,""
183682.298008,1,sched_state,waiting
183682.298014,1,tick,""
183682.298025,4,sched_state,waiting
183682.298029,4,tick,""
183682.298043,0,sched_state,waiting
183682.298048,0,tick,""
183682.298055,1,sched_state,waiting
183682.298060,1,tick,""
183682.298089,2,sched_state,waiting
183682.298096,2,tick,""
183682.298105,0,sched_state,waiting
183682.298109,0,tick,""
183682.298136,0,sched_state,waiting
183682.298139,0,tick,""
183682.298182,2,sched_state,waiting
183682.298187,2,tick,""
183682.298198,0,sched_state,waiting
183682.298203,0,tick,""
183682.298222,2,sched_state,waiting
183682.298228,2,tick,""
183682.298231,0,sched_state,waiting
183682.298236,0,tick,""
183682.298259,2,sched_state,waiting
183682.298264,2,tick,""
183682.298315,0,sched_state,waiting
183682.298320,0,tick,""
183682.298355,0,sched_state,waiting
183682.298360,0,tick,""
183682.298371,1,sched_state,waiting
183682.298375,2,sched_state,waiting
183682.298376,1,tick,""
183682.298380,2,tick,""
183682.298385,1,channel_blocked,1277
183682.298388,5,yield,""
183682.298391,5,sched_state,running
183682.298400,5,tick,""
183682.298414,0,sched_state,waiting
183682.298415,5,queue_length,0
183682.298420,0,tick,""
183682.298420,5,sched_state,waiting
183682.298426,5,tick,""
183682.298431,1,sched_state,waiting
183682.298437,1,tick,""
183682.298454,0,sched_state,waiting
183682.298462,0,tick,""
183682.298470,5,sched_state,waiting
183682.298471,1,sched_state,waiting
183682.298476,5,tick,""
183682.298476,1,tick,""
183682.298493,0,sched_state,waiting
183682.298500,0,tick,""
183682.298528,5,sched_state,waiting
183682.298536,5,tick,""
183682.298566,5,sched_state,waiting
183682.298571,5,tick,""
183682.298576,1,sched_state,waiting
183682.298582,1,tick,""
183682.298616,1,sched_state,waiting
183682.298622,1,tick,""
183682.298654,5,sched_state,waiting
183682.298655,7,sched_state,waiting
183682.298660,5,tick,""
183682.298663,7,tick,""
183682.298678,4,sched_state,waiting
183682.298682,4,tick,""
183682.298687,0,sched_state,waiting
183682.298690,1,sched_state,waiting
183682.298694,0,tick,""
183682.298695,1,tick,""
183682.298702,2,sched_state,waiting
183682.298708,2,tick,""
183682.298721,5,sched_state,waiting
183682.298725,7,sched_state,waiting
183682.298726,5,tick,""
183682.298730,7,tick,""
183682.298741,4,sched_state,waiting
183682.298746,4,tick,""
183682.298761,0,sched_state,waiting
183682.298767,0,tick,""
183682.298783,7,sched_state,waiting
183682.298788,7,tick,""
183682.298806,2,sched_state,waiting
183682.298813,2,tick,""
183682.298824,5,sched_state,waiting
183682.298825,4,sched_state,waiting
183682.298829,4,tick,""
183682.298829,5,tick,""
183682.298848,1,sched_state,waiting
183682.298854,1,tick,""
183682.298865,4,sched_state,waiting
183682.298865,0,sched_state,waiting
183682.298868,4,tick,""
183682.298871,0,tick,""
183682.298878,5,sched_state,waiting
183682.298882,5,tick,""
183682.298901,0,sched_state,waiting
183682.298905,0,tick,""
183682.298904,1,sched_state,waiting
183682.298911,1,tick,""
183682.298930,0,sched_state,waiting
183682.298932,5,sched_state,waiting
183682.298933,0,tick,""
183682.298938,5,tick,""
183682.298950,4,sched_state,waiting
183682.298953,4,tick,""
183682.298959,1,sched_state,waiting
183682.298964,1,tick,""
183682.298969,0,sched_state,waiting
183682.298975,0,tick,""
183682.298985,5,sched_state,waiting
183682.298990,5,tick,""
183682.299008,1,sched_state,waiting
183682.299014,1,tick,""
183682.299021,5,sched_state,waiting
183682.299024,0,sched_state,waiting
183682.299026,4,sched_state,waiting
183682.299027,5,tick,""
183682.299030,4,tick,""
183682.299030,0,tick,""
183682.299063,5,sched_state,waiting
183682.299071,5,tick,""
183682.299080,0,sched_state,waiting
183682.299086,0,tick,""
183682.299111,4,sched_state,waiting
183682.299115,4,tick,""
183682.299117,5,sched_state,waiting
183682.299123,5,tick,""
183682.299147,4,sched_state,waiting
183682.299150,4,tick,""
183682.299172,1,sched_state,waiting
183682.299176,4,sched_state,waiting
183682.299179,1,tick,""
183682.299180,4,tick,""
183682.299189,0,sched_state,waiting
183682.299195,0,tick,""
183682.299219,5,sched_state,waiting
183682.299219,1,sched_state,waiting
183682.299225,5,tick,""
183682.299225,1,tick,""
183682.299260,0,sched_state,waiting
183682.299264,0,tick,""
183682.299272,1,sched_state,waiting
183682.299278,1,tick,""
183682.299294,0,sched_state,waiting
183682.299298,0,tick,""
183682.299357,1,sched_state,waiting
183682.299363,1,tick,""
183682.299405,1,sched_state,waiting
183682.299411,1,tick,""
183682.299441,1,sched_state,waiting
183682.299445,1,tick,""
183682.299486,1,sched_state,waiting
183682.299493,1,tick,""
183682.299507,3,sched_state,waiting
183682.299514,3,tick,""
183682.299524,1,sched_state,waiting
183682.299529,1,tick,""
183682.299530,7,sched_state,waiting
183682.299532,2,sched_state,waiting
183682.299536,7,tick,""
183682.299538,2,tick,""
183682.299549,0,channel_unblocked,1007
183682.299551,4,sched_state,waiting
183682.299552,0,sched_state,waiting
183682.299556,4,tick,""
183682.299556,6,yield,""
183682.299558,0,tick,""
183682.299566,1,sched_state,waiting
183682.299571,1,tick,""
183682.299584,5,sched_state,waiting
183682.299590,5,tick,""
183682.299593,3,sched_state,waiting
183682.299599,3,tick,""
183682.299601,0,sched_state,waiting
183682.299603,7,sched_state,waiting
183682.299606,0,tick,""
183682.299608,7,tick,""
183682.299618,4,sched_state,waiting
183682.299622,4,tick,""
183682.299642,7,sched_state,waiting
183682.299646,5,sched_state,waiting
183682.299647,7,tick,""
183682.299651,5,tick,""
183682.299682,3,sched_state,waiting
183682.299682,0,sched_state,waiting
183682.299685,7,sched_state,waiting
183682.299687,3,tick,""
183682.299688,0,tick,""
183682.299689,7,tick,""
183682.299697,4,sched_state,waiting
183682.299700,4,tick,""
183682.299711,5,sched_state,waiting
183682.299717,5,tick,""
183682.299726,0,sched_state,waiting
183682.299731,0,tick,""
183682.299742,4,sched_state,waiting
183682.299745,3,sched_state,waiting
183682.299747,4,tick,""
183682.299746,7,sched_state,waiting
183682.299752,7,tick,""
183682.299752,3,tick,""
183682.299755,5,sched_state,waiting
183682.299761,5,tick,""
183682.299784,0,sched_state,waiting
183682.299786,3,sched_state,waiting
183682.299790,0,tick,""
183682.299792,3,tick,""
183682.299809,4,sched_state,waiting
183682.299813,4,tick,""
183682.299818,5,sched_state,waiting
183682.299826,5,tick,""
183682.299869,7,sched_state,waiting
183682.299874,7,tick,""
183682.299876,3,sched_state,waiting
183682.299882,3,tick,""
183682.299920,5,sched_state,waiting
183682.299922,7,sched_state,waiting
183682.299927,5,tick,""
183682.299927,7,tick,""
183682.299960,7,sched_state,waiting
183682.299964,7,tick,""
183682.299995,7,sched_state,waiting
183682.300001,7,tick,""
183682.300011,3,sched_state,waiting
183682.300017,3,tick,""
183682.300064,3,sched_state,waiting
183682.300071,3,tick,""
183682.300105,3,sched_state,waiting
183682.300123,3,tick,""
183682.300146,6,sched_state,running
183682.300158,3,sched_state,waiting
183682.300163,3,tick,""
183682.300221,3,sched_state,waiting
183682.300226,3,tick,""
183682.300360,6,tick,""
183682.300368,6,sched_state,running
183682.300377,6,tick,""
183682.300393,2,sched_state,waiting
183682.300399,2,tick,""
183682.300400,1,sched_state,waiting
183682.300402,4,sched_state,waiting
183682.300405,0,sched_state,waiting
183682.300405,5,sched_state,waiting
183682.300406,4,tick,""
183682.300407,7,sched_state,waiting
183682.300411,0,tick,""
183682.300411,5,tick,""
183682.300412,7,tick,""
183682.300421,1,tick,""
183682.300437,4,sched_state,waiting
183682.300440,4,tick,""
183682.300474,5,sched_state,waiting
183682.300476,0,sched_state,waiting
183682.300477,4,sched_state,waiting
183682.300480,5,tick,""
183682.300481,4,tick,""
183682.300483,0,tick,""
183682.300515,7,sched_state,waiting
183682.300520,7,tick,""
183682.300528,5,sched_state,waiting
183682.300533,1,sched_state,waiting
183682.300533,5,tick,""
183682.300537,1,tick,""
183682.300552,4,sched_state,waiting
183682.300556,4,tick,""
183682.300578,5,sched_state,waiting
183682.300585,5,tick,""
183682.300585,6,queue_length,1
183682.300597,4,sched_state,waiting
183682.300601,4,tick,""
183682.300630,7,sched_state,waiting
183682.300636,7,tick,""
183682.300640,5,sched_state,waiting
183682.300645,5,tick,""
183682.300680,7,sched_state,waiting
183682.300686,7,tick,""
183682.300689,4,sched_state,waiting
183682.300692,4,tick,""
183682.300702,5,sched_state,waiting
183682.300706,5,tick,""
183682.300721,4,sched_state,waiting
183682.300722,7,sched_state,waiting
183682.300725,4,tick,""
183682.300727,7,tick,""
183682.300739,5,sched_state,waiting
183682.300744,5,tick,""
183682.300769,4,sched_state,waiting
183682.300769,7,sched_state,waiting
183682.300774,4,tick,""
183682.300774,7,tick,""
183682.300788,5,sched_state,waiting
183682.300793,5,tick,""
183682.300800,4,sched_state,waiting
183682.300803,4,tick,""
183682.300810,7,sched_state,waiting
183682.300814,7,tick,""
183682.300832,5,sched_state,waiting
183682.300837,5,tick,""
183682.300846,7,sched_state,waiting
183682.300851,7,tick,""
183682.300869,5,sched_state,waiting
183682.300874,5,tick,""
183682.300910,5,sched_state,waiting
183682.300915,5,tick,""
183682.300976,0,sched_state,waiting
183682.300977,1,sched_state,waiting
183682.300979,2,sched_state,waiting
183682.300982,0,tick,""
183682.300983,1,tick,""
183682.300986,4,sched_state,waiting
183682.300988,7,sched_state,waiting
183682.300989,4,tick,""
183682.300987,2,tick,""
183682.300990,5,sched_state,waiting
183682.300992,7,tick,""
183682.300995,5,tick,""
183682.300996,6,queue_length,0
183682.301002,6,sched_state,waiting
183682.301008,6,tick,""
183682.301027,0,sched_state,waiting
183682.301031,0,tick,""
183682.301058,5,sched_state,waiting
183682.301064,5,tick,""
183682.301066,2,sched_state,waiting
183682.301074,2,tick,""
183682.301088,1,sched_state,waiting
183682.301094,7,sched_state,waiting
183682.301095,1,tick,""
183682.301098,5,sched_state,waiting
183682.301100,7,tick,""
183682.301103,5,tick,""
183682.301115,2,sched_state,waiting
183682.301120,2,tick,""
183682.301140,4,sched_state,waiting
183682.301145,4,tick,""
183682.301186,7,sched_state,waiting
183682.301192,7,tick,""
183682.301201,1,sched_state,waiting
183682.301202,5,sched_state,waiting
183682.301203,4,sched_state,waiting
183682.301206,4,tick,""
183682.301206,5,tick,""
183682.301206,1,tick,""
183682.301226,7,sched_state,waiting
183682.301231,7,tick,""
183682.301235,4,sched_state,waiting
183682.301238,4,tick,""
183682.301251,5,sched_state,waiting
183682.301261,4,sched_state,waiting
183682.301263,1,sched_state,waiting
183682.301261,5,tick,""
183682.301269,4,tick,""
183682.301270,1,tick,""
183682.301306,4,sched_state,waiting
183682.301309,4,tick,""
183682.301314,7,sched_state,waiting
183682.301319,7,tick,""
183682.301352,5,sched_state,waiting
183682.301351,1,sched_state,waiting
183682.301358,5,tick,""
183682.301359,1,tick,""
183682.301388,1,sched_state,waiting
183682.301394,1,tick,""
183682.301407,5,sched_state,waiting
183682.301412,5,tick,""
183682.301426,7,sched_state,waiting
183682.301431,7,tick,""
183682.301433,1,sched_state,waiting
183682.301438,1,tick,""
183682.301457,5,sched_state,waiting
183682.301463,5,tick,""
183682.301477,1,sched_state,waiting
183682.301488,1,tick,""
183682.301503,7,sched_state,waiting
183682.301509,7,tick,""
183682.301522,1,sched_state,waiting
183682.301522,5,sched_state,waiting
183682.301527,5,tick,""
183682.301527,1,tick,""
183682.301541,7,sched_state,waiting
183682.301548,7,tick,""
183682.301563,1,sched_state,waiting
183682.301568,1,tick,""
183682.301586,7,sched_state,waiting
183682.301592,7,tick,""
183682.301608,1,sched_state,waiting
183682.301613,1,tick,""
183682.301632,7,sched_state,waiting
183682.301637,7,tick,""
183682.301650,1,sched_state,waiting
183682.301657,1,tick,""
183682.301672,7,sched_state,waiting
183682.301677,7,tick,""
183682.301690,1,sched_state,waiting
183682.301695,1,tick,""
183682.301710,7,sched_state,waiting
183682.301715,7,tick,""
183682.301723,1,sched_state,waiting
183682.301729,1,tick,""
183682.301744,7,sched_state,waiting
183682.301750,7,tick,""
183682.301766,1,sched_state,waiting
183682.301771,1,tick,""
183682.301790,7,sched_state,waiting
183682.301796,7,tick,""
183682.301832,7,sched_state,waiting
183682.301832,1,sched_state,waiting
183682.301837,0,sched_state,waiting
183682.301837,7,tick,""
183682.301838,1,tick,""
183682.301841,0,tick,""
183682.301841,2,sched_state,waiting
183682.301846,4,sched_state,waiting
183682.301848,2,tick,""
183682.301849,4,tick,""
183682.301850,5,sched_state,waiting
183682.301856,5,tick,""
183682.301890,4,sched_state,waiting
183682.301892,0,sched_state,waiting
183682.301894,4,tick,""
183682.301898,0,tick,""
183682.301916,2,sched_state,waiting
183682.301921,2,tick,""
183682.301933,6,sched_state,waiting
183682.301937,4,sched_state,waiting
183682.301940,6,tick,""
183682.301941,4,tick,""
183682.301947,0,sched_state,waiting
183682.301953,0,tick,""
183682.301960,2,sched_state,waiting
183682.301966,2,tick,""
183682.301970,5,sched_state,waiting
183682.301976,5,tick,""
183682.301987,4,sched_state,waiting
183682.301990,4,tick,""
183682.301992,0,sched_state,waiting
183682.301997,0,tick,""
183682.302020,2,sched_state,waiting
183682.302021,4,sched_state,waiting
183682.302024,4,tick,""
183682.302026,2,tick,""
183682.302032,0,sched_state,waiting
183682.302038,0,tick,""
183682.302066,0,sched_state,waiting
183682.302067,2,sched_state,waiting
183682.302070,5,sched_state,waiting
183682.302071,2,tick,""
183682.302071,0,tick,""
183682.302077,5,tick,""
183682.302111,0,sched_state,waiting
183682.302117,0,tick,""
183682.302122,2,sched_state,waiting
183682.302127,2,tick,""
183682.302161,2,sched_state,waiting
183682.302167,2,tick,""
183682.302174,5,sched_state,waiting
183682.302180,5,tick,""
183682.302210,5,sched_state,waiting
183682.302209,3,queue_length,1
183682.302215,5,tick,""
183682.302216,3,queue_length,0
183682.302243,5,sched_state,waiting
183682.302250,5,tick,""
183682.302338,5,sched_state,waiting
183682.302344,5,tick,""
183682.302373,5,sched_state,waiting
183682.302378,5,tick,""
183682.302609,1,sched_state,waiting
183682.302612,6,sched_state,waiting
183682.302615,4,sched_state,waiting
183682.302615,1,tick,""
183682.302614,7,sched_state,waiting
183682.302618,6,tick,""
183682.302619,4,tick,""
183682.302622,7,tick,""
183682.302624,0,sched_state,waiting
183682.302627,0,tick,""
183682.302627,5,sched_state,waiting
183682.302633,5,tick,""
183682.302649,2,sched_state,waiting
183682.302658,2,tick,""
183682.302665,6,sched_state,waiting
183682.302670,6,tick,""
183682.302686,7,sched_state,waiting
183682.302692,7,tick,""
183682.302704,2,sched_state,waiting
183682.302709,2,tick,""
183682.302709,6,sched_state,waiting
183682.302714,6,tick,""
183682.302734,0,sched_state,waiting
183682.302739,0,tick,""
183682.302745,6,sched_state,waiting
183682.302752,6,tick,""
183682.302759,5,sched_state,waiting
183682.302762,2,sched_state,waiting
183682.302766,5,tick,""
183682.302767,2,tick,""
183682.302772,0,sched_state,waiting
183682.302775,0,tick,""
183682.302794,6,sched_state,waiting
183682.302799,6,tick,""
183682.302804,0,sched_state,waiting
183682.302808,0,tick,""
183682.302816,5,sched_state,waiting
183682.302821,5,tick,""
183682.302823,2,sched_state,waiting
183682.302828,2,tick,""
183682.302837,0,sched_state,waiting
183682.302841,0,tick,""
183682.302873,5,sched_state,waiting
183682.302879,5,tick,""
183682.302882,2,sched_state,waiting
183682.302885,0,sched_state,waiting
183682.302887,2,tick,""
183682.302889,0,tick,""
183682.302923,0,sched_state,waiting
183682.302929,0,tick,""
183682.302932,2,sched_state,waiting
183682.302938,2,tick,""
183682.302958,0,sched_state,waiting
183682.302964,0,tick,""
183682.302965,3,sched_state,running
183682.302969,5,sched_state,waiting
183682.302975,5,tick,""
183682.302987,2,sched_state,waiting
183682.302993,2,tick,""
183682.302995,0,sched_state,waiting
183682.303000,0,tick,""
183682.303041,2,sched_state,waiting
183682.303048,2,tick,""
183682.303081,2,sched_state,waiting
183682.303082,0,sched_state,waiting
183682.303086,2,tick,""
183682.303088,0,tick,""
183682.303121,2,sched_state,waiting
183682.303126,2,tick,""
183682.303139,0,sched_state,waiting
183682.303145,0,tick,""
183682.303160,2,sched_state,waiting
183682.303166,2,tick,""
183682.303193,0,sched_state,waiting
183682.303200,0,tick,""
183682.303204,2,sched_state,waiting
183682.303210,2,tick,""
183682.303252,2,sched_state,waiting
183682.303258,2,tick,""
183682.303276,0,sched_state,waiting
183682.303281,0,tick,""
183682.303287,2,sched_state,waiting
183682.303292,2,tick,""
183682.303334,0,sched_state,waiting
183682.303340,0,tick,""
183682.303369,0,sched_state,waiting
183682.303373,0,tick,""
183682.303372,2,sched_state,waiting
183682.303378,2,tick,""
183682.303381,3,tick,""
183682.303390,3,reduction,""
183682.303392,3,sched_state,running
183682.303401,0,sched_state,waiting
183682.303404,0,tick,""
183682.303431,0,sched_state,waiting
183682.303435,0,tick,""
183682.303460,0,sched_state,waiting
183682.303464,0,tick,""
183682.303471,2,sched_state,waiting
183682.303477,2,tick,""
183682.303494,0,sched_state,waiting
183682.303497,0,tick,""
183682.303511,2,sched_state,waiting
183682.303516,2,tick,""
183682.303530,0,sched_state,waiting
183682.303537,0,tick,""
183682.303544,2,sched_state,waiting
183682.303550,2,tick,""
183682.303572,0,sched_state,waiting
183682.303577,0,tick,""
183682.303582,2,sched_state,waiting
183682.303588,2,tick,""
183682.303610,0,sched_state,waiting
183682.303615,0,tick,""
183682.303619,3,tick,""
183682.303637,2,sched_state,waiting
183682.303642,2,tick,""
183682.303651,0,sched_state,waiting
183682.303657,0,tick,""
183682.303675,2,sched_state,waiting
183682.303681,2,tick,""
183682.303683,0,sched_state,waiting
183682.303687,0,tick,""
183682.303722,3,reduction,""
183682.303723,0,sched_state,waiting
183682.303728,3,sched_state,running
183682.303728,0,tick,""
183682.303762,0,sched_state,waiting
183682.303767,0,tick,""
183682.303773,2,sched_state,waiting
183682.303777,2,tick,""
183682.303812,0,sched_state,waiting
183682.303817,0,tick,""
183682.303822,2,sched_state,waiting
183682.303832,2,tick,""
183682.303911,2,sched_state,waiting
183682.303917,2,tick,""
183682.303946,2,sched_state,waiting
183682.303951,2,tick,""
183682.303981,2,sched_state,waiting
183682.303986,2,tick,""
183682.304118,3,tick,""
183682.304632,1,sched_state,waiting
183682.304639,6,sched_state,waiting
183682.304641,1,tick,""
183682.304643,7,sched_state,waiting
183682.304647,6,tick,""
183682.304653,7,tick,""
183682.304661,5,sched_state,waiting
183682.304668,5,tick,""
183682.304676,0,sched_state,waiting
183682.304683,0,tick,""
183682.304707,6,sched_state,waiting
183682.304713,6,tick,""
183682.304717,2,sched_state,waiting
183682.304723,2,tick,""
183682.304733,1,sched_state,waiting
183682.304734,7,sched_state,waiting
183682.304736,0,sched_state,waiting
183682.304740,7,tick,""
183682.304742,1,tick,""
183682.304742,0,tick,""
183682.304766,6,sched_state,waiting
183682.304772,6,tick,""
183682.304786,0,sched_state,waiting
183682.304791,0,tick,""
183682.304797,1,sched_state,waiting
183682.304797,7,sched_state,waiting
183682.304802,1,tick,""
183682.304803,7,tick,""
183682.304823,0,sched_state,waiting
183682.304824,5,sched_state,waiting
183682.304829,0,tick,""
183682.304830,5,tick,""
183682.304852,1,sched_state,waiting
183682.304853,7,sched_state,waiting
183682.304858,1,tick,""
183682.304859,7,tick,""
183682.304868,2,sched_state,waiting
183682.304873,2,tick,""
183682.304879,5,sched_state,waiting
183682.304886,5,tick,""
183682.304900,1,sched_state,waiting
183682.304906,1,tick,""
183682.304963,7,sched_state,waiting
183682.304969,7,tick,""
183682.305013,7,sched_state,waiting
183682.305018,7,tick,""
183682.305072,1,sched_state,waiting
183682.305078,1,tick,""
183682.305160,4,sched_state,waiting
183682.305161,1,sched_state,waiting
183682.305165,4,tick,""
183682.305167,1,tick,""
183682.305181,0,sched_state,waiting
183682.305182,2,sched_state,waiting
183682.305182,5,sched_state,waiting
183682.305186,0,tick,""
183682.305188,2,tick,""
183682.305188,5,tick,""
183682.305191,7,sched_state,waiting
183682.305196,7,tick,""
183682.305206,1,sched_state,waiting
183682.305211,1,tick,""
183682.305220,4,sched_state,waiting
183682.305224,4,tick,""
183682.305224,6,sched_state,waiting
183682.305231,6,tick,""
183682.305244,0,sched_state,waiting
183682.305248,2,sched_state,waiting
183682.305253,2,tick,""
183682.305253,0,tick,""
183682.305278,7,sched_state,waiting
183682.305281,4,sched_state,waiting
183682.305284,7,tick,""
183682.305285,4,tick,""
183682.305314,2,sched_state,waiting
183682.305314,6,sched_state,waiting
183682.305320,2,tick,""
183682.305320,6,tick,""
183682.305330,5,sched_state,waiting
183682.305336,1,sched_state,waiting
183682.305336,5,tick,""
183682.305341,1,tick,""
183682.305368,6,sched_state,waiting
183682.305374,6,tick,""
183682.305387,1,sched_state,waiting
183682.305389,4,sched_state,waiting
183682.305393,4,tick,""
183682.305393,1,tick,""
183682.305423,6,sched_state,waiting
183682.305429,6,tick,""
183682.305429,2,sched_state,waiting
183682.305431,4,sched_state,waiting
183682.305434,2,tick,""
183682.305435,4,tick,""
183682.305462,4,sched_state,waiting
183682.305464,2,sched_state,waiting
183682.305470,4,tick,""
183682.305471,2,tick,""
183682.305477,6,sched_state,waiting
183682.305482,6,tick,""
183682.305507,2,sched_state,waiting
183682.305513,2,tick,""
183682.305522,6,sched_state,waiting
183682.305527,6,tick,""
183682.305537,1,sched_state,waiting
183682.305544,1,tick,""
183682.305550,2,sched_state,waiting
183682.305556,2,tick,""
183682.305571,6,sched_state,waiting
183682.305577,6,tick,""
183682.305585,1,sched_state,waiting
183682.305591,1,tick,""
183682.305597,2,sched_state,waiting
183682.305602,2,tick,""
183682.305614,6,sched_state,waiting
183682.305619,6,tick,""
183682.305625,1,sched_state,waiting
183682.305629,1,tick,""
183682.305639,2,sched_state,waiting
183682.305646,2,tick,""
183682.305653,6,sched_state,waiting
183682.305659,6,tick,""
183682.305675,1,sched_state,waiting
183682.305681,1,tick,""
183682.305693,2,sched_state,waiting
183682.305698,2,tick,""
183682.305734,2,sched_state,waiting
183682.305735,6,sched_state,waiting
183682.305741,2,tick,""
183682.305746,6,tick,""
183682.305782,6,sched_state,waiting
183682.305785,2,sched_state,waiting
183682.305786,6,tick,""
183682.305790,2,tick,""
183682.305819,2,sched_state,waiting
183682.305830,2,tick,""
183682.305862,2,sched_state,waiting
183682.305868,2,tick,""
183682.305888,6,sched_state,waiting
183682.305894,6,tick,""
183682.305926,6,sched_state,waiting
183682.305932,6,tick,""
183682.306999,1,channel_unblocked,87
183682.307006,3,yield,""
183682.307501,3,sched_state,running
183682.307783,3,tick,""
183682.307793,3,reduction,""
183682.307797,3,sched_state,running
183682.307960,3,tick,""
183682.307966,3,sched_state,stop
