timestamp,lpu,event,value
183681.627863,7,sched_state,startup
183681.627867,3,sched_state,startup
183681.627867,1,sched_state,startup
183681.627867,5,sched_state,startup
183681.627867,2,sched_state,startup
183681.627872,6,sched_state,startup
183681.627965,4,sched_state,startup
183681.628140,2,tick,""
183681.628140,6,tick,""
183681.628150,1,tick,""
183681.628156,0,sched_state,startup
183681.628150,7,tick,""
183681.628150,3,tick,""
183681.628150,5,tick,""
183681.628163,4,tick,""
183681.628284,0,tick,""
183681.629749,6,queue_length,0
183681.629752,2,queue_length,0
183681.629755,3,queue_length,0
183681.629757,7,queue_length,0
183681.629760,3,sched_state,waiting
183681.629760,4,queue_length,0
183681.629762,6,sched_state,waiting
183681.629762,2,sched_state,waiting
183681.629761,5,queue_length,0
183681.629764,1,queue_length,0
183681.629766,4,sched_state,waiting
183681.629766,7,sched_state,waiting
183681.629771,5,sched_state,waiting
183681.629771,1,sched_state,waiting
183681.629772,3,tick,""
183681.629774,2,tick,""
183681.629774,6,tick,""
183681.629777,7,tick,""
183681.629778,4,tick,""
183681.629783,1,tick,""
183681.629783,5,tick,""
183681.630005,0,queue_length,0
183681.630807,1,sched_state,waiting
183681.630810,3,sched_state,waiting
183681.630815,1,tick,""
183681.630816,3,tick,""
183681.630843,4,sched_state,waiting
183681.630843,2,sched_state,waiting
183681.630845,6,sched_state,waiting
183681.630849,4,tick,""
183681.630851,6,tick,""
183681.630851,2,tick,""
183681.630859,7,sched_state,waiting
183681.630867,7,tick,""
183681.630879,1,sched_state,waiting
183681.630886,1,tick,""
183681.630886,3,sched_state,waiting
183681.630891,3,tick,""
183681.630913,4,sched_state,waiting
183681.630923,4,tick,""
183681.630928,6,sched_state,waiting
183681.630928,2,sched_state,waiting
183681.630934,2,tick,""
183681.630935,6,tick,""
183681.630948,1,sched_state,waiting
183681.630953,1,tick,""
183681.630961,4,sched_state,waiting
183681.630965,4,tick,""
183681.630976,2,sched_state,waiting
183681.630981,2,tick,""
183681.630995,6,sched_state,waiting
183681.630998,1,sched_state,waiting
183681.631000,6,tick,""
183681.631003,1,tick,""
183681.631013,4,sched_state,waiting
183681.631018,4,tick,""
183681.631019,0,sched_state,running
183681.631028,2,sched_state,waiting
183681.631036,2,tick,""
183681.631065,6,sched_state,waiting
183681.631066,4,sched_state,waiting
183681.631070,6,tick,""
183681.631070,4,tick,""
183681.631087,1,sched_state,waiting
183681.631090,2,sched_state,waiting
183681.631092,1,tick,""
183681.631095,2,tick,""
183681.631124,4,sched_state,waiting
183681.631126,6,sched_state,waiting
183681.631129,4,tick,""
183681.631131,6,tick,""
183681.631145,1,sched_state,waiting
183681.631149,1,tick,""
183681.631151,2,sched_state,waiting
183681.631156,2,tick,""
183681.631175,4,sched_state,waiting
183681.631180,4,tick,""
183681.631180,6,sched_state,waiting
183681.631186,6,tick,""
183681.631186,1,sched_state,waiting
183681.631190,1,tick,""
183681.631192,2,sched_state,waiting
183681.631197,2,tick,""
183681.631204,0,tick,""
183681.631215,0,reduction,""
183681.631216,7,sched_state,waiting
183681.631218,0,sched_state,running
183681.631219,6,sched_state,waiting
183681.631221,7,tick,""
183681.631219,3,sched_state,waiting
183681.631229,3,tick,""
183681.631229,6,tick,""
183681.631231,4,sched_state,waiting
183681.631241,4,tick,""
183681.631276,5,sched_state,waiting
183681.631278,3,sched_state,waiting
183681.631286,5,tick,""
183681.631286,3,tick,""
183681.631305,6,sched_state,waiting
183681.631310,6,tick,""
183681.631316,7,sched_state,waiting
183681.631320,4,sched_state,waiting
183681.631322,7,tick,""
183681.631326,4,tick,""
183681.631351,5,sched_state,waiting
183681.631351,3,sched_state,waiting
183681.631360,3,tick,""
183681.631362,5,tick,""
183681.631366,2,sched_state,waiting
183681.631371,2,tick,""
183681.631374,7,sched_state,waiting
183681.631379,7,tick,""
183681.631382,0,tick,""
183681.631383,4,sched_state,waiting
183681.631388,4,tick,""
183681.631388,0,reduction,""
183681.631395,0,sched_state,running
183681.631414,6,sched_state,waiting
183681.631419,6,tick,""
183681.631420,5,sched_state,waiting
183681.631426,5,tick,""
183681.631431,3,sched_state,waiting
183681.631438,3,tick,""
183681.631444,7,sched_state,waiting
183681.631449,7,tick,""
183681.631451,4,sched_state,waiting
183681.631456,4,tick,""
183681.631474,6,sched_state,waiting
183681.631480,6,tick,""
183681.631501,7,sched_state,waiting
183681.631502,5,sched_state,waiting
183681.631505,7,tick,""
183681.631507,5,tick,""
183681.631509,4,sched_state,waiting
183681.631515,4,tick,""
183681.631523,6,sched_state,waiting
183681.631528,6,tick,""
183681.631543,5,sched_state,waiting
183681.631548,5,tick,""
183681.631564,0,tick,""
183681.631568,0,reduction,""
183681.631571,0,sched_state,running
183681.631573,7,sched_state,waiting
183681.631577,7,tick,""
183681.631595,5,sched_state,waiting
183681.631600,5,tick,""
183681.631605,6,sched_state,waiting
183681.631610,6,tick,""
183681.631637,5,sched_state,waiting
183681.631641,5,tick,""
183681.631675,0,tick,""
183681.631680,0,reduction,""
183681.631682,7,sched_state,waiting
183681.631682,0,sched_state,running
183681.631687,7,tick,""
183681.631699,4,sched_state,waiting
183681.631702,3,sched_state,waiting
183681.631703,6,sched_state,waiting
183681.631705,4,tick,""
183681.631707,3,tick,""
183681.631707,6,tick,""
183681.631730,7,sched_state,waiting
183681.631735,7,tick,""
183681.631756,1,sched_state,waiting
183681.631762,1,tick,""
183681.631768,6,sched_state,waiting
183681.631774,6,tick,""
183681.631774,4,sched_state,waiting
183681.631777,3,sched_state,waiting
183681.631779,4,tick,""
183681.631782,3,tick,""
183681.631821,4,sched_state,waiting
183681.631826,4,tick,""
183681.631829,3,sched_state,waiting
183681.631833,3,tick,""
183681.631840,1,sched_state,waiting
183681.631841,0,tick,""
183681.631842,5,sched_state,waiting
183681.631845,1,tick,""
183681.631846,0,reduction,""
183681.631845,5,tick,""
183681.631846,6,sched_state,waiting
183681.631850,6,tick,""
183681.631848,0,sched_state,running
183681.631855,2,sched_state,waiting
183681.631861,2,tick,""
183681.631864,7,sched_state,waiting
183681.631868,7,tick,""
183681.631891,1,sched_state,waiting
183681.631896,1,tick,""
183681.631908,7,sched_state,waiting
183681.631909,2,sched_state,waiting
183681.631913,7,tick,""
183681.631915,2,tick,""
183681.631936,5,sched_state,waiting
183681.631936,1,sched_state,waiting
183681.631940,5,tick,""
183681.631940,1,tick,""
183681.631967,2,sched_state,waiting
183681.631972,2,tick,""
183681.631996,1,sched_state,waiting
183681.632001,1,tick,""
183681.632014,2,sched_state,waiting
183681.632016,0,tick,""
183681.632018,6,sched_state,waiting
183681.632019,2,tick,""
183681.632022,0,reduction,""
183681.632023,6,tick,""
183681.632026,0,sched_state,running
183681.632032,5,sched_state,waiting
183681.632036,1,sched_state,waiting
183681.632037,5,tick,""
183681.632039,1,tick,""
183681.632061,2,sched_state,waiting
183681.632065,2,tick,""
183681.632070,5,sched_state,waiting
183681.632075,5,tick,""
183681.632081,1,sched_state,waiting
183681.632085,1,tick,""
183681.632104,2,sched_state,waiting
183681.632113,2,tick,""
183681.632129,0,tick,""
183681.632134,0,reduction,""
183681.632136,0,sched_state,running
183681.632141,5,sched_state,waiting
183681.632146,5,tick,""
183681.632149,4,sched_state,waiting
183681.632153,7,sched_state,waiting
183681.632155,4,tick,""
183681.632158,7,tick,""
183681.632160,2,sched_state,waiting
183681.632164,2,tick,""
183681.632194,6,sched_state,waiting
183681.632199,6,tick,""
183681.632209,7,sched_state,waiting
183681.632210,3,sched_state,waiting
183681.632214,3,tick,""
183681.632214,7,tick,""
183681.632215,5,sched_state,waiting
183681.632220,5,tick,""
183681.632229,2,sched_state,waiting
183681.632233,2,tick,""
183681.632235,0,tick,""
183681.632235,1,sched_state,waiting
183681.632239,0,reduction,""
183681.632239,1,tick,""
183681.632242,0,sched_state,running
183681.632243,4,sched_state,waiting
183681.632249,4,tick,""
183681.632257,7,sched_state,waiting
183681.632262,7,tick,""
183681.632278,3,sched_state,waiting
183681.632282,3,tick,""
183681.632298,6,sched_state,waiting
183681.632299,1,sched_state,waiting
183681.632303,6,tick,""
183681.632304,1,tick,""
183681.632314,7,sched_state,waiting
183681.632318,7,tick,""
183681.632318,4,sched_state,waiting
183681.632322,4,tick,""
183681.632335,3,sched_state,waiting
183681.632336,0,tick,""
183681.632339,3,tick,""
183681.632341,0,reduction,""
183681.632344,0,sched_state,running
183681.632346,6,sched_state,waiting
183681.632356,6,tick,""
183681.632356,7,sched_state,waiting
183681.632361,7,tick,""
183681.632373,5,sched_state,waiting
183681.632377,5,tick,""
183681.632385,2,sched_state,waiting
183681.632389,3,sched_state,waiting
183681.632390,2,tick,""
183681.632394,3,tick,""
183681.632401,4,sched_state,waiting
183681.632405,4,tick,""
183681.632405,7,sched_state,waiting
183681.632410,7,tick,""
183681.632415,6,sched_state,waiting
183681.632419,6,tick,""
183681.632430,3,sched_state,waiting
183681.632434,3,tick,""
183681.632434,2,sched_state,waiting
183681.632441,2,tick,""
183681.632456,7,sched_state,waiting
183681.632460,7,tick,""
183681.632468,6,sched_state,waiting
183681.632470,4,sched_state,waiting
183681.632473,4,tick,""
183681.632473,6,tick,""
183681.632492,0,tick,""
183681.632492,1,sched_state,waiting
183681.632496,7,sched_state,waiting
183681.632497,1,tick,""
183681.632497,0,reduction,""
183681.632499,0,sched_state,running
183681.632500,7,tick,""
183681.632513,2,sched_state,waiting
183681.632517,3,sched_state,waiting
183681.632518,2,tick,""
183681.632521,3,tick,""
183681.632525,6,sched_state,waiting
183681.632530,4,sched_state,waiting
183681.632534,4,tick,""
183681.632535,6,tick,""
183681.632555,1,sched_state,waiting
183681.632560,1,tick,""
183681.632566,3,sched_state,waiting
183681.632570,4,sched_state,waiting
183681.632570,3,tick,""
183681.632578,4,tick,""
183681.632578,6,sched_state,waiting
183681.632582,6,tick,""
183681.632589,0,tick,""
183681.632595,0,reduction,""
183681.632597,0,sched_state,running
183681.632615,7,sched_state,waiting
183681.632617,2,sched_state,waiting
183681.632620,7,tick,""
183681.632624,2,tick,""
183681.632635,6,sched_state,waiting
183681.632639,6,tick,""
183681.632656,2,sched_state,waiting
183681.632661,2,tick,""
183681.632665,4,sched_state,waiting
183681.632667,7,sched_state,waiting
183681.632669,4,tick,""
183681.632672,7,tick,""
183681.632675,3,sched_state,waiting
183681.632680,3,tick,""
183681.632692,6,sched_state,waiting
183681.632695,5,sched_state,waiting
183681.632697,6,tick,""
183681.632698,0,tick,""
183681.632700,5,tick,""
183681.632704,0,reduction,""
183681.632707,0,sched_state,running
183681.632716,2,sched_state,waiting
183681.632721,2,tick,""
183681.632722,7,sched_state,waiting
183681.632727,7,tick,""
183681.632741,4,sched_state,waiting
183681.632745,4,tick,""
183681.632753,3,sched_state,waiting
183681.632757,3,tick,""
183681.632765,2,sched_state,waiting
183681.632769,2,tick,""
183681.632770,7,sched_state,waiting
183681.632774,7,tick,""
183681.632795,3,sched_state,waiting
183681.632798,0,tick,""
183681.632798,1,sched_state,waiting
183681.632799,3,tick,""
183681.632802,0,reduction,""
183681.632803,1,tick,""
183681.632804,0,sched_state,running
183681.632813,5,sched_state,waiting
183681.632818,5,tick,""
183681.632829,6,sched_state,waiting
183681.632831,2,sched_state,waiting
183681.632834,6,tick,""
183681.632834,2,tick,""
183681.632842,3,sched_state,waiting
183681.632843,1,sched_state,waiting
183681.632846,3,tick,""
183681.632847,1,tick,""
183681.632848,4,sched_state,waiting
183681.632851,4,tick,""
183681.632853,5,sched_state,waiting
183681.632857,5,tick,""
183681.632878,2,sched_state,waiting
183681.632883,2,tick,""
183681.632891,6,sched_state,waiting
183681.632895,6,tick,""
183681.632911,3,sched_state,waiting
183681.632916,3,tick,""
183681.632924,4,sched_state,waiting
183681.632928,4,tick,""
183681.632935,5,sched_state,waiting
183681.632937,1,sched_state,waiting
183681.632940,5,tick,""
183681.632941,1,tick,""
183681.632956,6,sched_state,waiting
183681.632956,2,sched_state,waiting
183681.632961,6,tick,""
183681.632961,2,tick,""
183681.632973,0,tick,""
183681.632979,7,sched_state,waiting
183681.632982,7,tick,""
183681.632982,0,reduction,""
183681.632985,4,sched_state,waiting
183681.632985,1,sched_state,waiting
183681.632991,4,tick,""
183681.632991,0,sched_state,running
183681.632993,1,tick,""
183681.632993,5,sched_state,waiting
183681.632997,5,tick,""
183681.633020,3,sched_state,waiting
183681.633021,7,sched_state,waiting
183681.633024,7,tick,""
183681.633024,3,tick,""
183681.633042,5,sched_state,waiting
183681.633047,5,tick,""
183681.633050,1,sched_state,waiting
183681.633054,1,tick,""
183681.633071,3,sched_state,waiting
183681.633075,3,tick,""
183681.633086,5,sched_state,waiting
183681.633095,4,sched_state,waiting
183681.633096,5,tick,""
183681.633099,4,tick,""
183681.633101,1,sched_state,waiting
183681.633106,1,tick,""
183681.633115,7,sched_state,waiting
183681.633120,7,tick,""
183681.633127,3,sched_state,waiting
183681.633132,3,tick,""
183681.633135,1,sched_state,waiting
183681.633140,1,tick,""
183681.633141,5,sched_state,waiting
183681.633145,5,tick,""
183681.633154,4,sched_state,waiting
183681.633157,4,tick,""
183681.633156,0,tick,""
183681.633166,0,reduction,""
183681.633167,7,sched_state,waiting
183681.633168,0,sched_state,running
183681.633171,7,tick,""
183681.633171,3,sched_state,waiting
183681.633175,3,tick,""
183681.633181,5,sched_state,waiting
183681.633186,5,tick,""
183681.633187,2,sched_state,waiting
183681.633192,2,tick,""
183681.633194,4,sched_state,waiting
183681.633196,4,tick,""
183681.633218,6,sched_state,waiting
183681.633219,7,sched_state,waiting
183681.633223,6,tick,""
183681.633223,7,tick,""
183681.633230,2,sched_state,waiting
183681.633234,2,tick,""
183681.633251,5,sched_state,waiting
183681.633255,5,tick,""
183681.633263,6,sched_state,waiting
183681.633265,0,tick,""
183681.633267,6,tick,""
183681.633272,7,sched_state,waiting
183681.633277,7,tick,""
183681.633296,5,sched_state,waiting
183681.633301,5,tick,""
183681.633304,1,sched_state,waiting
183681.633303,6,sched_state,waiting
183681.633308,1,tick,""
183681.633308,6,tick,""
183681.633326,3,sched_state,waiting
183681.633332,3,tick,""
183681.633351,2,sched_state,waiting
183681.633356,2,tick,""
183681.633360,5,sched_state,waiting
183681.633365,5,tick,""
183681.633395,2,sched_state,waiting
183681.633400,2,tick,""
183681.633400,5,sched_state,waiting
183681.633406,5,tick,""
183681.633410,1,sched_state,waiting
183681.633415,1,tick,""
183681.633420,0,reduction,""
183681.633424,0,sched_state,running
183681.633427,2,sched_state,waiting
183681.633432,2,tick,""
183681.633447,5,sched_state,waiting
183681.633447,1,sched_state,waiting
183681.633452,5,tick,""
183681.633452,1,tick,""
183681.633485,5,sched_state,waiting
183681.633489,5,tick,""
183681.633507,4,sched_state,waiting
183681.633511,0,tick,""
183681.633512,4,tick,""
183681.633524,6,sched_state,waiting
183681.633525,7,sched_state,waiting
183681.633527,2,sched_state,waiting
183681.633530,7,tick,""
183681.633530,2,tick,""
183681.633529,0,reduction,""
183681.633530,6,tick,""
183681.633534,3,sched_state,waiting
183681.633536,1,sched_state,waiting
183681.633537,0,sched_state,running
183681.633538,3,tick,""
183681.633542,1,tick,""
183681.633546,5,sched_state,waiting
183681.633548,4,sched_state,waiting
183681.633550,5,tick,""
183681.633552,4,tick,""
183681.633579,3,sched_state,waiting
183681.633584,3,tick,""
183681.633597,4,sched_state,waiting
183681.633600,4,tick,""
183681.633610,7,sched_state,waiting
183681.633615,7,tick,""
183681.633634,0,tick,""
183681.633637,0,reduction,""
183681.633640,0,sched_state,running
183681.633644,4,sched_state,waiting
183681.633647,4,tick,""
183681.633655,7,sched_state,waiting
183681.633658,3,sched_state,waiting
183681.633660,7,tick,""
183681.633662,3,tick,""
183681.633692,3,sched_state,waiting
183681.633697,3,tick,""
183681.633700,1,sched_state,waiting
183681.633705,1,tick,""
183681.633715,7,sched_state,waiting
183681.633720,7,tick,""
183681.633737,0,tick,""
183681.633742,0,reduction,""
183681.633745,0,sched_state,running
183681.633756,6,sched_state,waiting
183681.633763,6,tick,""
183681.633762,1,sched_state,waiting
183681.633763,5,sched_state,waiting
183681.633768,5,tick,""
183681.633768,1,tick,""
183681.633802,3,sched_state,waiting
183681.633807,3,tick,""
183681.633818,5,sched_state,waiting
183681.633818,0,tick,""
183681.633822,0,reduction,""
183681.633824,0,sched_state,running
183681.633823,5,tick,""
183681.633827,7,sched_state,waiting
183681.633833,7,tick,""
183681.633851,1,sched_state,waiting
183681.633857,1,tick,""
183681.633867,5,sched_state,waiting
183681.633872,5,tick,""
183681.633872,7,sched_state,waiting
183681.633878,7,tick,""
183681.633895,4,sched_state,waiting
183681.633897,0,tick,""
183681.633899,4,tick,""
183681.633905,1,sched_state,waiting
183681.633909,1,tick,""
183681.633910,2,sched_state,waiting
183681.633912,5,sched_state,waiting
183681.633916,2,tick,""
183681.633916,5,tick,""
183681.633919,6,sched_state,waiting
183681.633924,6,tick,""
183681.633934,4,sched_state,waiting
183681.633937,4,tick,""
183681.633966,2,sched_state,waiting
183681.633967,4,sched_state,waiting
183681.633967,3,sched_state,waiting
183681.633970,4,tick,""
183681.633971,2,tick,""
183681.633973,3,tick,""
183681.633985,6,sched_state,waiting
183681.633989,6,tick,""
183681.633993,5,sched_state,waiting
183681.633997,1,sched_state,waiting
183681.633998,5,tick,""
183681.634001,4,sched_state,waiting
183681.634002,1,tick,""
183681.634005,4,tick,""
183681.634011,3,sched_state,waiting
183681.634016,3,tick,""
183681.634038,4,sched_state,waiting
183681.634040,1,sched_state,waiting
183681.634042,4,tick,""
183681.634045,1,tick,""
183681.634055,5,sched_state,waiting
183681.634061,5,tick,""
183681.634071,2,sched_state,waiting
183681.634083,2,tick,""
183681.634085,6,sched_state,waiting
183681.634089,6,tick,""
183681.634099,4,sched_state,waiting
183681.634103,4,tick,""
183681.634116,1,sched_state,waiting
183681.634122,1,tick,""
183681.634134,6,sched_state,waiting
183681.634138,2,sched_state,waiting
183681.634140,6,tick,""
183681.634143,2,tick,""
183681.634143,4,sched_state,waiting
183681.634147,4,tick,""
183681.634158,5,sched_state,waiting
183681.634163,5,tick,""
183681.634173,4,sched_state,waiting
183681.634176,4,tick,""
183681.634185,1,sched_state,waiting
183681.634190,1,tick,""
183681.634191,2,sched_state,waiting
183681.634199,2,tick,""
183681.634209,4,sched_state,waiting
183681.634212,4,tick,""
183681.634217,6,sched_state,waiting
183681.634219,5,sched_state,waiting
183681.634222,6,tick,""
183681.634225,5,tick,""
183681.634240,2,sched_state,waiting
183681.634244,2,tick,""
183681.634245,1,sched_state,waiting
183681.634250,1,tick,""
183681.634251,4,sched_state,waiting
183681.634255,4,tick,""
183681.634299,1,sched_state,waiting
183681.634303,2,sched_state,waiting
183681.634304,1,tick,""
183681.634310,2,tick,""
183681.634324,5,sched_state,waiting
183681.634329,5,tick,""
183681.634336,1,sched_state,waiting
183681.634345,1,tick,""
183681.634353,6,sched_state,waiting
183681.634359,6,tick,""
183681.634358,7,sched_state,waiting
183681.634365,7,tick,""
183681.634373,5,sched_state,waiting
183681.634379,5,tick,""
183681.634380,3,sched_state,waiting
183681.634385,3,tick,""
183681.634389,1,sched_state,waiting
183681.634393,1,tick,""
183681.634396,4,sched_state,waiting
183681.634400,4,tick,""
183681.634408,6,sched_state,waiting
183681.634413,6,tick,""
183681.634434,1,sched_state,waiting
183681.634434,5,sched_state,waiting
183681.634438,5,tick,""
183681.634438,1,tick,""
183681.634462,6,sched_state,waiting
183681.634467,6,tick,""
183681.634477,1,sched_state,waiting
183681.634483,1,tick,""
183681.634488,7,sched_state,waiting
183681.634491,5,sched_state,waiting
183681.634495,7,tick,""
183681.634495,5,tick,""
183681.634507,6,sched_state,waiting
183681.634512,6,tick,""
183681.634527,5,sched_state,waiting
183681.634532,5,tick,""
183681.634548,1,sched_state,waiting
183681.634554,1,tick,""
183681.634564,7,sched_state,waiting
183681.634570,7,tick,""
183681.634587,1,sched_state,waiting
183681.634592,1,tick,""
183681.634614,6,sched_state,waiting
183681.634616,7,sched_state,waiting
183681.634620,6,tick,""
183681.634621,7,tick,""
183681.634650,6,sched_state,waiting
183681.634650,0,queue_length,0
183681.634651,2,sched_state,waiting
183681.634655,2,tick,""
183681.634655,6,tick,""
183681.634659,7,sched_state,waiting
183681.634664,7,tick,""
183681.634670,5,sched_state,waiting
183681.634675,5,tick,""
183681.634698,1,sched_state,waiting
183681.634704,1,tick,""
183681.634704,6,sched_state,waiting
183681.634715,6,tick,""
183681.634729,7,sched_state,waiting
183681.634734,7,tick,""
183681.634759,6,sched_state,waiting
183681.634765,6,tick,""
183681.634767,7,sched_state,waiting
183681.634772,7,tick,""
183681.634785,5,sched_state,waiting
183681.634791,5,tick,""
183681.634824,1,sched_state,waiting
183681.634830,1,tick,""
183681.634840,5,sched_state,waiting
183681.634846,5,tick,""
183681.634863,1,sched_state,waiting
183681.634868,1,tick,""
183681.634878,6,sched_state,waiting
183681.634884,6,tick,""
183681.634892,5,sched_state,waiting
183681.634897,5,tick,""
183681.634905,1,sched_state,waiting
183681.634909,1,tick,""
183681.634924,2,sched_state,waiting
183681.634924,7,sched_state,waiting
183681.634929,7,tick,""
183681.634930,2,tick,""
183681.634994,1,sched_state,waiting
183681.635020,1,tick,""
183681.635044,3,sched_state,waiting
183681.635067,3,tick,""
183681.635148,5,sched_state,waiting
183681.635160,4,sched_state,waiting
183681.635168,5,tick,""
183681.635180,4,tick,""
183681.635181,7,sched_state,waiting
183681.635207,7,tick,""
183681.635246,3,sched_state,waiting
183681.635229,2,sched_state,waiting
183681.635268,3,tick,""
183681.635295,2,tick,""
183681.635302,5,sched_state,waiting
183681.635308,5,tick,""
183681.635341,2,sched_state,waiting
183681.635341,3,sched_state,waiting
183681.635346,7,sched_state,waiting
183681.635346,2,tick,""
183681.635346,3,tick,""
183681.635352,7,tick,""
183681.635373,5,sched_state,waiting
183681.635378,5,tick,""
183681.635397,7,sched_state,waiting
183681.635402,7,tick,""
183681.635405,3,sched_state,waiting
183681.635409,3,tick,""
183681.635420,5,sched_state,waiting
183681.635425,5,tick,""
183681.635445,3,sched_state,waiting
183681.635455,3,tick,""
183681.635465,5,sched_state,waiting
183681.635470,5,tick,""
183681.635493,7,sched_state,waiting
183681.635503,7,tick,""
183681.635515,5,sched_state,waiting
183681.635519,5,tick,""
183681.635544,7,sched_state,waiting
183681.635555,7,tick,""
183681.635595,7,sched_state,waiting
183681.635600,7,tick,""
183681.635607,5,sched_state,waiting
183681.635612,5,tick,""
183681.635638,6,sched_state,waiting
183681.635640,0,sched_state,running
183681.635644,5,sched_state,waiting
183681.635644,6,tick,""
183681.635649,5,tick,""
183681.635659,4,sched_state,waiting
183681.635662,2,sched_state,waiting
183681.635664,4,tick,""
183681.635666,3,sched_state,waiting
183681.635668,2,tick,""
183681.635672,3,tick,""
183681.635689,5,sched_state,waiting
183681.635694,5,tick,""
183681.635706,7,sched_state,waiting
183681.635712,7,tick,""
183681.635712,6,sched_state,waiting
183681.635717,6,tick,""
183681.635727,4,sched_state,waiting
183681.635733,4,tick,""
183681.635746,5,sched_state,waiting
183681.635747,2,sched_state,waiting
183681.635752,5,tick,""
183681.635753,2,tick,""
183681.635767,3,sched_state,waiting
183681.635765,6,sched_state,waiting
183681.635769,7,sched_state,waiting
183681.635769,4,sched_state,waiting
183681.635772,3,tick,""
183681.635773,4,tick,""
183681.635774,7,tick,""
183681.635774,6,tick,""
183681.635814,5,sched_state,waiting
183681.635820,5,tick,""
183681.635831,4,sched_state,waiting
183681.635835,4,tick,""
183681.635848,7,sched_state,waiting
183681.635854,7,tick,""
183681.635862,2,sched_state,waiting
183681.635869,2,tick,""
183681.635874,6,sched_state,waiting
183681.635879,6,tick,""
183681.635900,3,sched_state,waiting
183681.635906,2,sched_state,waiting
183681.635908,3,tick,""
183681.635912,2,tick,""
183681.635945,3,sched_state,waiting
183681.635948,2,sched_state,waiting
183681.635951,3,tick,""
183681.635953,2,tick,""
183681.635954,5,sched_state,waiting
183681.635960,5,tick,""
183681.635970,7,sched_state,waiting
183681.635975,7,tick,""
183681.635991,2,sched_state,waiting
183681.635994,5,sched_state,waiting
183681.635997,2,tick,""
183681.636000,5,tick,""
183681.636017,3,sched_state,waiting
183681.636022,3,tick,""
183681.636033,1,sched_state,waiting
183681.636034,0,tick,""
183681.636040,0,reduction,""
183681.636040,1,tick,""
183681.636043,0,sched_state,running
183681.636059,4,sched_state,waiting
183681.636061,6,sched_state,waiting
183681.636062,4,tick,""
183681.636067,6,tick,""
183681.636077,7,sched_state,waiting
183681.636059,3,sched_state,waiting
183681.636082,7,tick,""
183681.636091,3,tick,""
183681.636096,4,sched_state,waiting
183681.636096,1,sched_state,waiting
183681.636099,4,tick,""
183681.636101,1,tick,""
183681.636112,5,sched_state,waiting
183681.636118,5,tick,""
183681.636147,1,sched_state,waiting
183681.636151,4,sched_state,waiting
183681.636156,4,tick,""
183681.636158,1,tick,""
183681.636163,5,sched_state,waiting
183681.636164,3,sched_state,waiting
183681.636168,5,tick,""
183681.636170,3,tick,""
183681.636175,6,sched_state,waiting
183681.636181,6,tick,""
183681.636205,1,sched_state,waiting
183681.636206,3,sched_state,waiting
183681.636211,1,tick,""
183681.636211,3,tick,""
183681.636250,1,sched_state,waiting
183681.636255,1,tick,""
183681.636255,3,sched_state,waiting
183681.636258,5,sched_state,waiting
183681.636260,3,tick,""
183681.636263,5,tick,""
183681.636273,4,sched_state,waiting
183681.636277,4,tick,""
183681.636299,3,sched_state,waiting
183681.636304,3,tick,""
183681.636320,4,sched_state,waiting
183681.636320,5,sched_state,waiting
183681.636324,4,tick,""
183681.636325,5,tick,""
183681.636343,3,sched_state,waiting
183681.636348,3,tick,""
183681.636355,6,sched_state,waiting
183681.636361,6,tick,""
183681.636379,3,sched_state,waiting
183681.636387,3,tick,""
183681.636395,4,sched_state,waiting
183681.636401,4,tick,""
183681.636409,5,sched_state,waiting
183681.636414,5,tick,""
183681.636418,3,sched_state,waiting
183681.636422,3,tick,""
183681.636451,0,tick,""
183681.636452,2,sched_state,waiting
183681.636459,2,tick,""
183681.636469,4,sched_state,waiting
183681.636473,4,tick,""
183681.636476,7,sched_state,waiting
183681.636482,7,tick,""
183681.636482,1,sched_state,waiting
183681.636487,1,tick,""
183681.636488,3,sched_state,waiting
183681.636493,3,tick,""
183681.636506,5,sched_state,waiting
183681.636513,5,tick,""
183681.636529,3,sched_state,waiting
183681.636535,3,tick,""
183681.636542,1,sched_state,waiting
183681.636547,1,tick,""
183681.636547,2,sched_state,waiting
183681.636552,2,tick,""
183681.636564,5,sched_state,waiting
183681.636568,5,tick,""
183681.636575,3,sched_state,waiting
183681.636580,3,tick,""
183681.636588,1,sched_state,waiting
183681.636593,1,tick,""
183681.636595,2,sched_state,waiting
183681.636600,2,tick,""
183681.636608,0,reduction,""
183681.636609,5,sched_state,waiting
183681.636614,5,tick,""
183681.636616,4,sched_state,waiting
183681.636617,6,sched_state,waiting
183681.636621,4,tick,""
183681.636622,6,tick,""
183681.636623,0,sched_state,running
183681.636639,3,sched_state,waiting
183681.636639,7,sched_state,waiting
183681.636644,3,tick,""
183681.636644,7,tick,""
183681.636674,4,sched_state,waiting
183681.636674,5,sched_state,waiting
183681.636672,6,sched_state,waiting
183681.636678,4,tick,""
183681.636679,5,tick,""
183681.636683,6,tick,""
183681.636697,7,sched_state,waiting
183681.636702,7,tick,""
183681.636716,4,sched_state,waiting
183681.636719,4,tick,""
183681.636730,2,sched_state,waiting
183681.636735,2,tick,""
183681.636739,7,sched_state,waiting
183681.636744,7,tick,""
183681.636750,6,sched_state,waiting
183681.636751,5,sched_state,waiting
183681.636756,5,tick,""
183681.636758,6,tick,""
183681.636776,2,sched_state,waiting
183681.636782,2,tick,""
183681.636785,4,sched_state,waiting
183681.636788,4,tick,""
183681.636800,7,sched_state,waiting
183681.636805,7,tick,""
183681.636819,3,sched_state,waiting
183681.636825,3,tick,""
183681.636836,5,sched_state,waiting
183681.636842,5,tick,""
183681.636849,7,sched_state,waiting
183681.636852,4,sched_state,waiting
183681.636854,7,tick,""
183681.636856,4,tick,""
183681.636862,3,sched_state,waiting
183681.636867,3,tick,""
183681.636879,5,sched_state,waiting
183681.636884,5,tick,""
183681.636897,2,sched_state,waiting
183681.636902,2,tick,""
183681.636907,3,sched_state,waiting
183681.636912,3,tick,""
183681.636913,7,sched_state,waiting
183681.636917,7,tick,""
183681.636929,4,sched_state,waiting
183681.636932,4,tick,""
183681.636943,5,sched_state,waiting
183681.636944,3,sched_state,waiting
183681.636948,5,tick,""
183681.636949,3,tick,""
183681.636968,2,sched_state,waiting
183681.636974,2,tick,""
183681.636984,4,sched_state,waiting
183681.636988,4,tick,""
183681.636995,1,sched_state,waiting
183681.636999,0,tick,""
183681.637002,1,tick,""
183681.637008,2,sched_state,waiting
183681.637006,0,reduction,""
183681.637012,0,sched_state,running
183681.637013,2,tick,""
183681.637017,6,sched_state,waiting
183681.637020,4,sched_state,waiting
183681.637021,6,tick,""
183681.637023,4,tick,""
183681.637047,3,sched_state,waiting
183681.637052,3,tick,""
183681.637057,1,sched_state,waiting
183681.637062,1,tick,""
183681.637079,2,sched_state,waiting
183681.637084,2,tick,""
183681.637085,7,sched_state,waiting
183681.637094,4,sched_state,waiting
183681.637097,7,tick,""
183681.637098,4,tick,""
183681.637101,3,sched_state,waiting
183681.637112,3,tick,""
183681.637143,6,sched_state,waiting
183681.637149,6,tick,""
183681.637151,7,sched_state,waiting
183681.637155,2,sched_state,waiting
183681.637156,7,tick,""
183681.637159,3,sched_state,waiting
183681.637160,2,tick,""
183681.637164,3,tick,""
183681.637175,4,sched_state,waiting
183681.637178,4,tick,""
183681.637197,3,sched_state,waiting
183681.637202,3,tick,""
183681.637215,4,sched_state,waiting
183681.637216,2,sched_state,waiting
183681.637219,4,tick,""
183681.637222,2,tick,""
183681.637237,3,sched_state,waiting
183681.637237,6,sched_state,waiting
183681.637241,3,tick,""
183681.637242,6,tick,""
183681.637254,4,sched_state,waiting
183681.637257,4,tick,""
183681.637258,7,sched_state,waiting
183681.637263,7,tick,""
183681.637268,2,sched_state,waiting
183681.637273,2,tick,""
183681.637280,3,sched_state,waiting
183681.637285,3,tick,""
183681.637291,6,sched_state,waiting
183681.637297,6,tick,""
183681.637299,7,sched_state,waiting
183681.637305,7,tick,""
183681.637320,2,sched_state,waiting
183681.637325,2,tick,""
183681.637327,4,sched_state,waiting
183681.637330,4,tick,""
183681.637341,6,sched_state,waiting
183681.637346,6,tick,""
183681.637362,7,sched_state,waiting
183681.637367,7,tick,""
183681.637380,0,tick,""
183681.637381,5,sched_state,waiting
183681.637384,6,sched_state,waiting
183681.637388,5,tick,""
183681.637396,6,tick,""
183681.637395,2,sched_state,waiting
183681.637400,2,tick,""
183681.637402,1,sched_state,waiting
183681.637407,1,tick,""
183681.637408,3,sched_state,waiting
183681.637414,3,tick,""
183681.637418,7,sched_state,waiting
183681.637422,7,tick,""
183681.637448,2,sched_state,waiting
183681.637457,2,tick,""
183681.637470,7,sched_state,waiting
183681.637477,0,reduction,""
183681.637481,7,tick,""
183681.637482,0,sched_state,running
183681.637483,4,sched_state,waiting
183681.637486,4,tick,""
183681.637497,2,sched_state,waiting
183681.637497,3,sched_state,waiting
183681.637501,5,sched_state,waiting
183681.637503,3,tick,""
183681.637503,2,tick,""
183681.637503,1,sched_state,waiting
183681.637507,5,tick,""
183681.637510,1,tick,""
183681.637525,4,sched_state,waiting
183681.637529,4,tick,""
183681.637562,5,sched_state,waiting
183681.637566,2,sched_state,waiting
183681.637572,2,tick,""
183681.637573,5,tick,""
183681.637582,3,sched_state,waiting
183681.637588,3,tick,""
183681.637590,4,sched_state,waiting
183681.637594,4,tick,""
183681.637601,1,sched_state,waiting
183681.637607,1,tick,""
183681.637622,7,sched_state,waiting
183681.637624,2,sched_state,waiting
183681.637628,7,tick,""
183681.637629,2,tick,""
183681.637637,5,sched_state,waiting
183681.637644,5,tick,""
183681.637657,1,sched_state,waiting
183681.637662,1,tick,""
183681.637675,5,sched_state,waiting
183681.637679,7,sched_state,waiting
183681.637680,5,tick,""
183681.637684,7,tick,""
183681.637690,3,sched_state,waiting
183681.637694,1,sched_state,waiting
183681.637695,3,tick,""
183681.637699,1,tick,""
183681.637700,6,sched_state,waiting
183681.637706,6,tick,""
183681.637709,4,sched_state,waiting
183681.637712,0,tick,""
183681.637713,4,tick,""
183681.637718,0,reduction,""
183681.637720,0,sched_state,running
183681.637773,2,sched_state,waiting
183681.637779,2,tick,""
183681.637783,6,sched_state,waiting
183681.637783,7,sched_state,waiting
183681.637788,6,tick,""
183681.637789,7,tick,""
183681.637792,4,sched_state,waiting
183681.637796,4,tick,""
183681.637801,3,sched_state,waiting
183681.637807,3,tick,""
183681.637822,2,sched_state,waiting
183681.637826,1,sched_state,waiting
183681.637827,2,tick,""
183681.637832,1,tick,""
183681.637856,4,sched_state,waiting
183681.637858,3,sched_state,waiting
183681.637860,4,tick,""
183681.637865,3,tick,""
183681.637873,2,sched_state,waiting
183681.637875,7,sched_state,waiting
183681.637878,2,tick,""
183681.637881,7,tick,""
183681.637901,4,sched_state,waiting
183681.637905,4,tick,""
183681.637912,6,sched_state,waiting
183681.637917,6,tick,""
183681.637926,2,sched_state,waiting
183681.637931,2,tick,""
183681.637935,7,sched_state,waiting
183681.637939,4,sched_state,waiting
183681.637940,7,tick,""
183681.637942,4,tick,""
183681.637951,1,sched_state,waiting
183681.637956,1,tick,""
183681.637970,4,sched_state,waiting
183681.637973,4,tick,""
183681.637977,7,sched_state,waiting
183681.637977,6,sched_state,waiting
183681.637981,7,tick,""
183681.637984,6,tick,""
183681.637993,1,sched_state,waiting
183681.637999,1,tick,""
183681.638003,2,sched_state,waiting
183681.638004,3,sched_state,waiting
183681.638008,2,tick,""
183681.638010,3,tick,""
183681.638024,7,sched_state,waiting
183681.638029,7,tick,""
183681.638039,2,sched_state,waiting
183681.638041,6,sched_state,waiting
183681.638045,2,tick,""
183681.638046,6,tick,""
183681.638081,0,tick,""
183681.638084,5,sched_state,waiting
183681.638090,6,sched_state,waiting
183681.638092,5,tick,""
183681.638095,6,tick,""
183681.638096,2,sched_state,waiting
183681.638100,2,tick,""
183681.638109,4,sched_state,waiting
183681.638113,4,tick,""
183681.638114,7,sched_state,waiting
183681.638118,0,reduction,""
183681.638119,7,tick,""
183681.638122,0,sched_state,running
183681.638128,6,sched_state,waiting
183681.638132,6,tick,""
183681.638134,3,sched_state,waiting
183681.638139,3,tick,""
183681.638149,4,sched_state,waiting
183681.638153,4,tick,""
183681.638164,5,sched_state,waiting
183681.638170,5,tick,""
183681.638174,7,sched_state,waiting
183681.638176,3,sched_state,waiting
183681.638180,7,tick,""
183681.638180,3,tick,""
183681.638184,2,sched_state,waiting
183681.638189,2,tick,""
183681.638208,6,sched_state,waiting
183681.638214,6,tick,""
183681.638215,4,sched_state,waiting
183681.638220,4,tick,""
183681.638232,7,sched_state,waiting
183681.638237,3,sched_state,waiting
183681.638239,7,tick,""
183681.638243,3,tick,""
183681.638244,5,sched_state,waiting
183681.638250,5,tick,""
183681.638261,4,sched_state,waiting
183681.638264,4,tick,""
183681.638268,6,sched_state,waiting
183681.638275,6,tick,""
183681.638313,0,tick,""
183681.638315,1,sched_state,waiting
183681.638316,7,sched_state,waiting
183681.638321,1,tick,""
183681.638321,7,tick,""
183681.638322,2,sched_state,waiting
183681.638323,4,sched_state,waiting
183681.638326,4,tick,""
183681.638326,2,tick,""
183681.638334,0,reduction,""
183681.638339,0,sched_state,running
183681.638339,3,sched_state,waiting
183681.638344,3,tick,""
183681.638350,5,sched_state,waiting
183681.638355,5,tick,""
183681.638366,6,sched_state,waiting
183681.638372,6,tick,""
183681.638374,7,sched_state,waiting
183681.638380,7,tick,""
183681.638398,4,sched_state,waiting
183681.638402,4,tick,""
183681.638413,3,sched_state,waiting
183681.638419,3,tick,""
183681.638430,4,sched_state,waiting
183681.638434,4,tick,""
183681.638433,7,sched_state,waiting
183681.638438,7,tick,""
183681.638450,2,sched_state,waiting
183681.638455,2,tick,""
183681.638467,3,sched_state,waiting
183681.638469,4,sched_state,waiting
183681.638470,7,sched_state,waiting
183681.638471,6,sched_state,waiting
183681.638473,4,tick,""
183681.638472,3,tick,""
183681.638474,7,tick,""
183681.638477,6,tick,""
183681.638514,7,sched_state,waiting
183681.638516,6,sched_state,waiting
183681.638523,6,tick,""
183681.638524,7,tick,""
183681.638553,6,sched_state,waiting
183681.638557,7,sched_state,waiting
183681.638557,6,tick,""
183681.638562,7,tick,""
183681.638573,3,sched_state,waiting
183681.638578,3,tick,""
183681.638593,6,sched_state,waiting
183681.638600,6,tick,""
183681.638631,6,sched_state,waiting
183681.638636,6,tick,""
183681.638644,3,sched_state,waiting
183681.638649,3,tick,""
183681.638668,0,tick,""
183681.638668,6,sched_state,waiting
183681.638674,6,tick,""
183681.638680,5,sched_state,waiting
183681.638683,0,reduction,""
183681.638683,7,sched_state,waiting
183681.638687,5,tick,""
183681.638687,0,sched_state,running
183681.638688,4,sched_state,waiting
183681.638689,7,tick,""
183681.638691,4,tick,""
183681.638701,3,sched_state,waiting
183681.638707,3,tick,""
183681.638710,1,sched_state,waiting
183681.638715,1,tick,""
183681.638724,2,sched_state,waiting
183681.638730,2,tick,""
183681.638742,4,sched_state,waiting
183681.638745,4,tick,""
183681.638749,7,sched_state,waiting
183681.638754,7,tick,""
183681.638769,3,sched_state,waiting
183681.638774,3,tick,""
183681.638781,2,sched_state,waiting
183681.638787,2,tick,""
183681.638817,1,sched_state,waiting
183681.638823,1,tick,""
183681.638832,2,sched_state,waiting
183681.638837,2,tick,""
183681.638837,4,sched_state,waiting
183681.638839,7,sched_state,waiting
183681.638840,4,tick,""
183681.638840,3,sched_state,waiting
183681.638844,3,tick,""
183681.638844,7,tick,""
183681.638864,0,tick,""
183681.638893,6,sched_state,waiting
183681.638893,1,sched_state,waiting
183681.638898,1,tick,""
183681.638899,6,tick,""
183681.638902,2,sched_state,waiting
183681.638907,2,tick,""
183681.638907,7,sched_state,waiting
183681.638912,7,tick,""
183681.638914,4,sched_state,waiting
183681.638918,4,tick,""
183681.638960,7,sched_state,waiting
183681.638966,7,tick,""
183681.638968,1,sched_state,waiting
183681.638974,1,tick,""
183681.638997,7,sched_state,waiting
183681.638998,2,sched_state,waiting
183681.639002,7,tick,""
183681.639004,2,tick,""
183681.639010,1,sched_state,waiting
183681.639015,1,tick,""
183681.639017,5,sched_state,waiting
183681.639019,6,sched_state,waiting
183681.639022,5,tick,""
183681.639024,6,tick,""
183681.639034,4,sched_state,waiting
183681.639038,4,tick,""
183681.639049,3,sched_state,waiting
183681.639055,3,tick,""
183681.639078,4,sched_state,waiting
183681.639082,4,tick,""
183681.639097,7,sched_state,waiting
183681.639097,5,sched_state,waiting
183681.639102,7,tick,""
183681.639103,5,tick,""
183681.639116,1,sched_state,waiting
183681.639121,1,tick,""
183681.639131,6,sched_state,waiting
183681.639138,6,tick,""
183681.639141,7,sched_state,waiting
183681.639148,7,tick,""
183681.639149,3,sched_state,waiting
183681.639154,3,tick,""
183681.639161,1,sched_state,waiting
183681.639167,1,tick,""
183681.639177,6,sched_state,waiting
183681.639186,6,tick,""
183681.639194,7,sched_state,waiting
183681.639199,7,tick,""
183681.639200,2,sched_state,waiting
183681.639205,2,tick,""
183681.639227,5,sched_state,waiting
183681.639231,3,sched_state,waiting
183681.639234,5,tick,""
183681.639236,4,sched_state,waiting
183681.639236,7,sched_state,waiting
183681.639237,3,tick,""
183681.639240,4,tick,""
183681.639242,7,tick,""
183681.639249,2,sched_state,waiting
183681.639255,2,tick,""
183681.639278,6,sched_state,waiting
183681.639284,6,tick,""
183681.639293,3,sched_state,waiting
183681.639298,3,tick,""
183681.639308,7,sched_state,waiting
183681.639312,5,sched_state,waiting
183681.639313,7,tick,""
183681.639315,4,sched_state,waiting
183681.639319,4,tick,""
183681.639320,5,tick,""
183681.639323,0,reduction,""
183681.639329,1,sched_state,waiting
183681.639331,0,sched_state,running
183681.639331,6,sched_state,waiting
183681.639336,1,tick,""
183681.639336,6,tick,""
183681.639351,4,sched_state,waiting
183681.639354,4,tick,""
183681.639361,5,sched_state,waiting
183681.639362,2,sched_state,waiting
183681.639366,5,tick,""
183681.639368,2,tick,""
183681.639380,3,sched_state,waiting
183681.639385,3,tick,""
183681.639386,4,sched_state,waiting
183681.639389,4,tick,""
183681.639409,7,sched_state,waiting
183681.639415,7,tick,""
183681.639421,4,sched_state,waiting
183681.639425,4,tick,""
183681.639452,7,sched_state,waiting
183681.639458,7,tick,""
183681.639458,5,sched_state,waiting
183681.639463,5,tick,""
183681.639465,4,sched_state,waiting
183681.639468,4,tick,""
183681.639495,0,tick,""
183681.639496,7,sched_state,waiting
183681.639501,7,tick,""
183681.639502,2,sched_state,waiting
183681.639506,6,sched_state,waiting
183681.639508,2,tick,""
183681.639510,5,sched_state,waiting
183681.639511,6,tick,""
183681.639514,0,reduction,""
183681.639517,5,tick,""
183681.639518,3,sched_state,waiting
183681.639519,0,sched_state,running
183681.639524,3,tick,""
183681.639537,1,sched_state,waiting
183681.639539,4,sched_state,waiting
183681.639544,4,tick,""
183681.639545,1,tick,""
183681.639566,3,sched_state,waiting
183681.639572,3,tick,""
183681.639592,7,sched_state,waiting
183681.639599,7,tick,""
183681.639611,4,sched_state,waiting
183681.639614,3,sched_state,waiting
183681.639615,4,tick,""
183681.639620,3,tick,""
183681.639637,1,sched_state,waiting
183681.639640,7,sched_state,waiting
183681.639643,4,sched_state,waiting
183681.639643,1,tick,""
183681.639646,4,tick,""
183681.639645,7,tick,""
183681.639661,5,sched_state,waiting
183681.639666,5,tick,""
183681.639679,3,sched_state,waiting
183681.639681,7,sched_state,waiting
183681.639685,3,tick,""
183681.639685,7,tick,""
183681.639702,5,sched_state,waiting
183681.639708,5,tick,""
183681.639710,4,sched_state,waiting
183681.639714,4,tick,""
183681.639723,1,sched_state,waiting
183681.639728,1,tick,""
183681.639737,4,sched_state,waiting
183681.639740,4,tick,""
183681.639751,5,sched_state,waiting
183681.639756,5,tick,""
183681.639759,7,sched_state,waiting
183681.639767,7,tick,""
183681.639768,4,sched_state,waiting
183681.639772,4,tick,""
183681.639785,0,tick,""
183681.639811,0,reduction,""
183681.639813,7,sched_state,waiting
183681.639814,0,sched_state,running
183681.639814,4,sched_state,waiting
183681.639815,5,sched_state,waiting
183681.639818,4,tick,""
183681.639818,7,tick,""
183681.639820,5,tick,""
183681.639844,6,sched_state,waiting
183681.639850,6,tick,""
183681.639861,1,sched_state,waiting
183681.639866,1,tick,""
183681.639870,4,sched_state,waiting
183681.639874,4,tick,""
183681.639899,6,sched_state,waiting
183681.639901,1,sched_state,waiting
183681.639905,6,tick,""
183681.639906,1,tick,""
183681.639943,6,sched_state,waiting
183681.639948,6,tick,""
183681.639949,1,sched_state,waiting
183681.639954,1,tick,""
183681.639978,6,sched_state,waiting
183681.639983,6,tick,""
183681.640006,3,sched_state,waiting
183681.640013,3,tick,""
183681.640018,6,sched_state,waiting
183681.640023,6,tick,""
183681.640027,4,sched_state,waiting
183681.640029,1,sched_state,waiting
183681.640031,4,tick,""
183681.640035,1,tick,""
183681.640050,5,sched_state,waiting
183681.640051,3,sched_state,waiting
183681.640056,3,tick,""
183681.640056,5,tick,""
183681.640082,1,sched_state,waiting
183681.640087,1,tick,""
183681.640091,4,sched_state,waiting
183681.640095,4,tick,""
183681.640097,0,tick,""
183681.640098,2,sched_state,waiting
183681.640104,2,tick,""
183681.640127,5,sched_state,waiting
183681.640131,3,sched_state,waiting
183681.640136,5,tick,""
183681.640138,3,tick,""
183681.640142,0,reduction,""
183681.640146,0,sched_state,running
183681.640146,7,sched_state,waiting
183681.640152,7,tick,""
183681.640159,6,sched_state,waiting
183681.640165,6,tick,""
183681.640168,1,sched_state,waiting
183681.640174,1,tick,""
183681.640177,5,sched_state,waiting
183681.640181,5,tick,""
183681.640190,2,sched_state,waiting
183681.640195,2,tick,""
183681.640256,5,sched_state,waiting
183681.640257,2,sched_state,waiting
183681.640261,5,tick,""
183681.640262,2,tick,""
183681.640302,5,sched_state,waiting
183681.640307,5,tick,""
183681.640323,6,sched_state,waiting
183681.640329,6,tick,""
183681.640338,2,sched_state,waiting
183681.640343,2,tick,""
183681.640401,5,sched_state,waiting
183681.640407,5,tick,""
183681.640422,2,sched_state,waiting
183681.640426,2,tick,""
183681.640433,0,tick,""
183681.640442,4,sched_state,waiting
183681.640445,7,sched_state,waiting
183681.640446,4,tick,""
183681.640447,1,sched_state,waiting
183681.640449,6,sched_state,waiting
183681.640451,7,tick,""
183681.640452,1,tick,""
183681.640455,6,tick,""
183681.640456,0,reduction,""
183681.640464,0,sched_state,running
183681.640475,3,sched_state,waiting
183681.640480,3,tick,""
183681.640495,2,sched_state,waiting
183681.640500,2,tick,""
183681.640509,6,sched_state,waiting
183681.640511,7,sched_state,waiting
183681.640514,6,tick,""
183681.640515,4,sched_state,waiting
183681.640516,7,tick,""
183681.640519,4,tick,""
183681.640528,3,sched_state,waiting
183681.640535,3,tick,""
183681.640542,2,sched_state,waiting
183681.640548,2,tick,""
183681.640565,5,sched_state,waiting
183681.640571,5,tick,""
183681.640580,4,sched_state,waiting
183681.640581,3,sched_state,waiting
183681.640582,6,sched_state,waiting
183681.640583,4,tick,""
183681.640587,3,tick,""
183681.640588,6,tick,""
183681.640607,5,sched_state,waiting
183681.640612,5,tick,""
183681.640626,3,sched_state,waiting
183681.640628,6,sched_state,waiting
183681.640632,3,tick,""
183681.640634,6,tick,""
183681.640660,4,sched_state,waiting
183681.640663,4,tick,""
183681.640670,3,sched_state,waiting
183681.640673,6,sched_state,waiting
183681.640675,3,tick,""
183681.640678,6,tick,""
183681.640692,4,sched_state,waiting
183681.640695,4,tick,""
183681.640718,6,sched_state,waiting
183681.640724,6,tick,""
183681.640753,0,tick,""
183681.640762,4,sched_state,waiting
183681.640766,4,tick,""
183681.640771,2,sched_state,waiting
183681.640776,2,tick,""
183681.640777,0,reduction,""
183681.640780,0,sched_state,running
183681.640784,3,sched_state,waiting
183681.640790,3,tick,""
183681.640802,1,sched_state,waiting
183681.640803,7,sched_state,waiting
183681.640808,1,tick,""
183681.640809,7,tick,""
183681.640820,2,sched_state,waiting
183681.640821,6,sched_state,waiting
183681.640826,2,tick,""
183681.640826,6,tick,""
183681.640833,4,sched_state,waiting
183681.640834,3,sched_state,waiting
183681.640837,4,tick,""
183681.640839,3,tick,""
183681.640852,7,sched_state,waiting
183681.640853,1,sched_state,waiting
183681.640857,7,tick,""
183681.640858,1,tick,""
183681.640875,3,sched_state,waiting
183681.640880,4,sched_state,waiting
183681.640880,3,tick,""
183681.640884,4,tick,""
183681.640900,7,sched_state,waiting
183681.640905,7,tick,""
183681.640913,2,sched_state,waiting
183681.640919,2,tick,""
183681.640926,1,sched_state,waiting
183681.640931,4,sched_state,waiting
183681.640932,1,tick,""
183681.640935,4,tick,""
183681.640938,6,sched_state,waiting
183681.640944,6,tick,""
183681.640961,3,sched_state,waiting
183681.640967,3,tick,""
183681.640972,2,sched_state,waiting
183681.640977,2,tick,""
183681.640987,1,sched_state,waiting
183681.640988,7,sched_state,waiting
183681.640993,1,tick,""
183681.641000,7,tick,""
183681.641011,3,sched_state,waiting
183681.641017,3,tick,""
183681.641021,6,sched_state,waiting
183681.641024,2,sched_state,waiting
183681.641026,6,tick,""
183681.641028,2,tick,""
183681.641045,1,sched_state,waiting
183681.641050,1,tick,""
183681.641054,5,sched_state,waiting
183681.641057,0,tick,""
183681.641060,5,tick,""
183681.641073,6,sched_state,waiting
183681.641077,7,sched_state,waiting
183681.641078,0,reduction,""
183681.641081,6,tick,""
183681.641084,0,sched_state,running
183681.641084,7,tick,""
183681.641086,2,sched_state,waiting
183681.641090,2,tick,""
183681.641099,4,sched_state,waiting
183681.641103,4,tick,""
183681.641112,5,sched_state,waiting
183681.641118,5,tick,""
183681.641129,2,sched_state,waiting
183681.641135,2,tick,""
183681.641141,6,sched_state,waiting
183681.641146,6,tick,""
183681.641151,4,sched_state,waiting
183681.641155,4,tick,""
183681.641175,2,sched_state,waiting
183681.641181,2,tick,""
183681.641194,6,sched_state,waiting
183681.641200,6,tick,""
183681.641200,4,sched_state,waiting
183681.641204,4,tick,""
183681.641223,2,sched_state,waiting
183681.641228,2,tick,""
183681.641234,6,sched_state,waiting
183681.641236,4,sched_state,waiting
183681.641239,4,tick,""
183681.641239,6,tick,""
183681.641263,2,sched_state,waiting
183681.641269,2,tick,""
183681.641270,4,sched_state,waiting
183681.641273,4,tick,""
183681.641282,6,sched_state,waiting
183681.641291,6,tick,""
183681.641313,2,sched_state,waiting
183681.641316,4,sched_state,waiting
183681.641318,2,tick,""
183681.641319,4,tick,""
183681.641326,6,sched_state,waiting
183681.641331,6,tick,""
183681.641349,4,sched_state,waiting
183681.641351,2,sched_state,waiting
183681.641353,4,tick,""
183681.641355,1,sched_state,waiting
183681.641357,2,tick,""
183681.641362,0,tick,""
183681.641364,1,tick,""
183681.641374,3,sched_state,waiting
183681.641377,7,sched_state,waiting
183681.641377,0,reduction,""
183681.641379,0,sched_state,running
183681.641381,3,tick,""
183681.641382,7,tick,""
183681.641388,5,sched_state,waiting
183681.641389,6,sched_state,waiting
183681.641394,5,tick,""
183681.641395,6,tick,""
183681.641419,2,sched_state,waiting
183681.641423,1,sched_state,waiting
183681.641425,2,tick,""
183681.641429,1,tick,""
183681.641439,6,sched_state,waiting
183681.641445,6,tick,""
183681.641456,5,sched_state,waiting
183681.641459,2,sched_state,waiting
183681.641461,5,tick,""
183681.641469,2,tick,""
183681.641475,4,sched_state,waiting
183681.641478,1,sched_state,waiting
183681.641479,4,tick,""
183681.641483,1,tick,""
183681.641517,5,sched_state,waiting
183681.641522,5,tick,""
183681.641524,7,sched_state,waiting
183681.641527,2,sched_state,waiting
183681.641530,7,tick,""
183681.641533,2,tick,""
183681.641548,4,sched_state,waiting
183681.641552,4,tick,""
183681.641552,6,sched_state,waiting
183681.641557,6,tick,""
183681.641574,7,sched_state,waiting
183681.641579,7,tick,""
183681.641584,4,sched_state,waiting
183681.641587,4,tick,""
183681.641598,2,sched_state,waiting
183681.641600,6,sched_state,waiting
183681.641604,2,tick,""
183681.641604,6,tick,""
183681.641609,5,sched_state,waiting
183681.641612,7,sched_state,waiting
183681.641616,5,tick,""
183681.641617,7,tick,""
183681.641656,0,tick,""
183681.641670,0,reduction,""
183681.641671,7,sched_state,waiting
183681.641672,0,sched_state,running
183681.641676,7,tick,""
183681.641677,2,sched_state,waiting
183681.641676,6,sched_state,waiting
183681.641682,6,tick,""
183681.641682,2,tick,""
183681.641692,3,sched_state,waiting
183681.641697,3,tick,""
183681.641698,1,sched_state,waiting
183681.641708,1,tick,""
183681.641719,5,sched_state,waiting
183681.641725,5,tick,""
183681.641739,7,sched_state,waiting
183681.641746,7,tick,""
183681.641747,3,sched_state,waiting
183681.641752,3,tick,""
183681.641774,6,sched_state,waiting
183681.641778,2,sched_state,waiting
183681.641779,6,tick,""
183681.641782,2,tick,""
183681.641808,1,sched_state,waiting
183681.641815,1,tick,""
183681.641818,3,sched_state,waiting
183681.641823,3,tick,""
183681.641839,2,sched_state,waiting
183681.641839,6,sched_state,waiting
183681.641845,2,tick,""
183681.641845,6,tick,""
183681.641865,4,sched_state,waiting
183681.641865,0,tick,""
183681.641869,4,tick,""
183681.641881,7,sched_state,waiting
183681.641886,0,reduction,""
183681.641888,7,tick,""
183681.641889,0,sched_state,running
183681.641892,6,sched_state,waiting
183681.641898,6,tick,""
183681.641905,1,sched_state,waiting
183681.641911,1,tick,""
183681.641919,7,sched_state,waiting
183681.641922,3,sched_state,waiting
183681.641925,7,tick,""
183681.641928,3,tick,""
183681.641947,2,sched_state,waiting
183681.641953,2,tick,""
183681.641963,4,sched_state,waiting
183681.641966,4,tick,""
183681.641968,7,sched_state,waiting
183681.641972,6,sched_state,waiting
183681.641974,7,tick,""
183681.641978,6,tick,""
183681.641990,2,sched_state,waiting
183681.641996,2,tick,""
183681.642004,4,sched_state,waiting
183681.642008,4,tick,""
183681.642010,7,sched_state,waiting
183681.642016,7,tick,""
183681.642039,4,sched_state,waiting
183681.642042,4,tick,""
183681.642052,7,sched_state,waiting
183681.642057,7,tick,""
183681.642060,2,sched_state,waiting
183681.642066,2,tick,""
183681.642070,4,sched_state,waiting
183681.642073,4,tick,""
183681.642080,6,sched_state,waiting
183681.642085,6,tick,""
183681.642103,4,sched_state,waiting
183681.642106,4,tick,""
183681.642108,7,sched_state,waiting
183681.642113,7,tick,""
183681.642123,2,sched_state,waiting
183681.642131,2,tick,""
183681.642151,7,sched_state,waiting
183681.642157,7,tick,""
183681.642188,7,sched_state,waiting
183681.642193,7,tick,""
183681.642200,0,tick,""
183681.642200,5,sched_state,waiting
183681.642207,5,tick,""
183681.642219,0,reduction,""
183681.642221,0,sched_state,running
183681.642222,1,sched_state,waiting
183681.642251,1,tick,""
183681.642263,5,sched_state,waiting
183681.642268,5,tick,""
183681.642302,5,sched_state,waiting
183681.642307,5,tick,""
183681.642336,5,sched_state,waiting
183681.642340,5,tick,""
183681.642392,4,sched_state,waiting
183681.642394,2,sched_state,waiting
183681.642396,4,tick,""
183681.642400,2,tick,""
183681.642413,3,sched_state,waiting
183681.642419,3,tick,""
183681.642423,6,sched_state,waiting
183681.642429,6,tick,""
183681.642440,2,sched_state,waiting
183681.642445,2,tick,""
183681.642469,3,sched_state,waiting
183681.642473,6,sched_state,waiting
183681.642474,3,tick,""
183681.642478,6,tick,""
183681.642489,2,sched_state,waiting
183681.642494,2,tick,""
183681.642506,0,tick,""
183681.642517,3,sched_state,waiting
183681.642521,3,tick,""
183681.642525,0,reduction,""
183681.642526,1,sched_state,waiting
183681.642527,4,sched_state,waiting
183681.642528,0,sched_state,running
183681.642532,4,tick,""
183681.642532,1,tick,""
183681.642556,5,sched_state,waiting
183681.642563,5,tick,""
183681.642572,7,sched_state,waiting
183681.642579,7,tick,""
183681.642587,3,sched_state,waiting
183681.642593,3,tick,""
183681.642605,1,sched_state,waiting
183681.642610,1,tick,""
183681.642633,5,sched_state,waiting
183681.642639,5,tick,""
183681.642642,4,sched_state,waiting
183681.642645,4,tick,""
183681.642649,7,sched_state,waiting
183681.642666,7,tick,""
183681.642671,5,sched_state,waiting
183681.642677,5,tick,""
183681.642680,3,sched_state,waiting
183681.642685,1,sched_state,waiting
183681.642686,3,tick,""
183681.642690,1,tick,""
183681.642693,6,sched_state,waiting
183681.642699,6,tick,""
183681.642700,0,tick,""
183681.642704,7,sched_state,waiting
183681.642709,7,tick,""
183681.642716,5,sched_state,waiting
183681.642716,3,sched_state,waiting
183681.642721,5,tick,""
183681.642721,3,tick,""
183681.642739,2,sched_state,waiting
183681.642747,6,sched_state,waiting
183681.642748,2,tick,""
183681.642753,6,tick,""
183681.642766,4,sched_state,waiting
183681.642770,4,tick,""
183681.642781,5,sched_state,waiting
183681.642786,5,tick,""
183681.642804,2,sched_state,waiting
183681.642807,6,sched_state,waiting
183681.642809,2,tick,""
183681.642812,6,tick,""
183681.642844,4,sched_state,waiting
183681.642848,4,tick,""
183681.642867,6,sched_state,waiting
183681.642872,6,tick,""
183681.642873,2,sched_state,waiting
183681.642877,2,tick,""
183681.642927,6,sched_state,waiting
183681.642929,2,sched_state,waiting
183681.642933,2,tick,""
183681.642933,6,tick,""
183681.642981,6,sched_state,waiting
183681.642987,6,tick,""
183681.643016,6,sched_state,waiting
183681.643025,2,sched_state,waiting
183681.643028,6,tick,""
183681.643030,2,tick,""
183681.643076,6,sched_state,waiting
183681.643083,6,tick,""
183681.643120,2,sched_state,waiting
183681.643126,2,tick,""
183681.643130,7,sched_state,waiting
183681.643134,4,sched_state,waiting
183681.643137,7,tick,""
183681.643139,4,tick,""
183681.643138,6,sched_state,waiting
183681.643144,6,tick,""
183681.643174,3,sched_state,waiting
183681.643180,3,tick,""
183681.643187,6,sched_state,waiting
183681.643193,6,tick,""
183681.643197,7,sched_state,waiting
183681.643204,7,tick,""
183681.643227,6,sched_state,waiting
183681.643227,3,sched_state,waiting
183681.643232,6,tick,""
183681.643233,3,tick,""
183681.643248,7,sched_state,waiting
183681.643254,7,tick,""
183681.643271,3,sched_state,waiting
183681.643279,3,tick,""
183681.643287,7,sched_state,waiting
183681.643293,7,tick,""
183681.643313,3,sched_state,waiting
183681.643320,3,tick,""
183681.643351,3,sched_state,waiting
183681.643356,3,tick,""
183681.643377,6,sched_state,waiting
183681.643380,5,sched_state,waiting
183681.643383,6,tick,""
183681.643383,0,queue_length,0
183681.643387,5,tick,""
183681.643399,4,sched_state,waiting
183681.643403,4,tick,""
183681.643425,6,sched_state,waiting
183681.643430,6,tick,""
183681.643437,4,sched_state,waiting
183681.643441,4,tick,""
183681.643464,6,sched_state,waiting
183681.643470,6,tick,""
183681.643500,6,sched_state,waiting
183681.643505,6,tick,""
183681.643533,6,sched_state,waiting
183681.643538,6,tick,""
183681.643744,0,sched_state,running
183681.643748,2,sched_state,waiting
183681.643754,2,tick,""
183681.643756,7,sched_state,waiting
183681.643762,3,sched_state,waiting
183681.643763,7,tick,""
183681.643768,3,tick,""
183681.643780,4,sched_state,waiting
183681.643783,5,sched_state,waiting
183681.643785,4,tick,""
183681.643790,5,tick,""
183681.643797,6,sched_state,waiting
183681.643803,6,tick,""
183681.643811,3,sched_state,waiting
183681.643817,3,tick,""
183681.643821,7,sched_state,waiting
183681.643826,7,tick,""
183681.643827,4,sched_state,waiting
183681.643830,4,tick,""
183681.643832,5,sched_state,waiting
183681.643838,5,tick,""
183681.643858,3,sched_state,waiting
183681.643864,3,tick,""
183681.643883,7,sched_state,waiting
183681.643890,7,tick,""
183681.643892,6,sched_state,waiting
183681.643898,6,tick,""
183681.643908,4,sched_state,waiting
183681.643912,4,tick,""
183681.643922,0,tick,""
183681.643923,1,sched_state,waiting
183681.643929,1,tick,""
183681.643936,0,reduction,""
183681.643938,0,sched_state,running
183681.643947,2,sched_state,waiting
183681.643947,6,sched_state,waiting
183681.643948,3,sched_state,waiting
183681.643952,2,tick,""
183681.643952,6,tick,""
183681.643954,3,tick,""
183681.643982,1,sched_state,waiting
183681.643988,5,sched_state,waiting
183681.643990,2,sched_state,waiting
183681.643991,1,tick,""
183681.643993,5,tick,""
183681.643996,2,tick,""
183681.644016,3,sched_state,waiting
183681.644019,6,sched_state,waiting
183681.644021,3,tick,""
183681.644024,6,tick,""
183681.644036,4,sched_state,waiting
183681.644038,1,sched_state,waiting
183681.644038,2,sched_state,waiting
183681.644041,4,tick,""
183681.644043,1,tick,""
183681.644043,2,tick,""
183681.644068,3,sched_state,waiting
183681.644080,3,tick,""
183681.644081,4,sched_state,waiting
183681.644084,4,tick,""
183681.644085,5,sched_state,waiting
183681.644090,2,sched_state,waiting
183681.644091,5,tick,""
183681.644096,2,tick,""
183681.644099,7,sched_state,waiting
183681.644101,0,tick,""
183681.644105,7,tick,""
183681.644120,0,reduction,""
183681.644122,0,sched_state,running
183681.644127,4,sched_state,waiting
183681.644131,4,tick,""
183681.644145,6,sched_state,waiting
183681.644150,3,sched_state,waiting
183681.644151,2,sched_state,waiting
183681.644152,6,tick,""
183681.644155,2,tick,""
183681.644162,3,tick,""
183681.644195,6,sched_state,waiting
183681.644198,2,sched_state,waiting
183681.644203,2,tick,""
183681.644203,6,tick,""
183681.644288,0,tick,""
183681.644297,6,sched_state,waiting
183681.644303,0,reduction,""
183681.644303,6,tick,""
183681.644306,0,sched_state,running
183681.644335,6,sched_state,waiting
183681.644340,6,tick,""
183681.644374,6,sched_state,waiting
183681.644380,6,tick,""
183681.644438,6,sched_state,waiting
183681.644444,6,tick,""
183681.644460,0,tick,""
183681.644474,0,reduction,""
183681.644477,0,sched_state,running
183681.644632,0,tick,""
183681.644645,0,reduction,""
183681.644647,0,sched_state,running
183681.644799,0,tick,""
183681.644812,0,reduction,""
183681.644815,0,sched_state,running
183681.644826,3,sched_state,waiting
183681.644827,4,sched_state,waiting
183681.644827,7,sched_state,waiting
183681.644828,2,sched_state,waiting
183681.644832,3,tick,""
183681.644832,4,tick,""
183681.644832,7,tick,""
183681.644833,6,sched_state,waiting
183681.644834,2,tick,""
183681.644838,6,tick,""
183681.644879,7,sched_state,waiting
183681.644885,7,tick,""
183681.644897,6,sched_state,waiting
183681.644899,5,sched_state,waiting
183681.644906,5,tick,""
183681.644907,6,tick,""
183681.644917,4,sched_state,waiting
183681.644917,2,sched_state,waiting
183681.644920,4,tick,""
183681.644923,2,tick,""
183681.644941,3,sched_state,waiting
183681.644949,3,tick,""
183681.644966,0,tick,""
183681.644966,5,sched_state,waiting
183681.644966,1,sched_state,waiting
183681.644972,5,tick,""
183681.644972,1,tick,""
183681.644974,0,reduction,""
183681.644976,0,sched_state,running
183681.644993,6,sched_state,waiting
183681.644996,3,sched_state,waiting
183681.644999,6,tick,""
183681.645001,3,tick,""
183681.645019,5,sched_state,waiting
183681.645024,5,tick,""
183681.645033,1,sched_state,waiting
183681.645038,1,tick,""
183681.645057,5,sched_state,waiting
183681.645062,5,tick,""
183681.645070,1,sched_state,waiting
183681.645075,1,tick,""
183681.645089,0,tick,""
183681.645097,0,reduction,""
183681.645098,0,sched_state,running
183681.645101,5,sched_state,waiting
183681.645107,5,tick,""
183681.645196,7,sched_state,waiting
183681.645202,7,tick,""
183681.645212,2,sched_state,waiting
183681.645214,6,sched_state,waiting
183681.645219,2,tick,""
183681.645219,6,tick,""
183681.645225,5,sched_state,waiting
183681.645232,5,tick,""
183681.645236,3,sched_state,waiting
183681.645242,3,tick,""
183681.645271,5,sched_state,waiting
183681.645276,5,tick,""
183681.645313,2,sched_state,waiting
183681.645314,3,sched_state,waiting
183681.645314,5,sched_state,waiting
183681.645319,2,tick,""
183681.645319,3,tick,""
183681.645320,5,tick,""
183681.645330,0,tick,""
183681.645331,4,sched_state,waiting
183681.645336,4,tick,""
183681.645338,7,sched_state,waiting
183681.645345,7,tick,""
183681.645345,0,reduction,""
183681.645347,0,sched_state,running
183681.645364,3,sched_state,waiting
183681.645370,3,tick,""
183681.645378,5,sched_state,waiting
183681.645384,5,tick,""
183681.645387,7,sched_state,waiting
183681.645392,7,tick,""
183681.645395,2,sched_state,waiting
183681.645399,6,sched_state,waiting
183681.645401,2,tick,""
183681.645404,6,tick,""
183681.645418,4,sched_state,waiting
183681.645423,4,tick,""
183681.645428,7,sched_state,waiting
183681.645429,5,sched_state,waiting
183681.645434,5,tick,""
183681.645434,7,tick,""
183681.645455,2,sched_state,waiting
183681.645461,2,tick,""
183681.645489,3,sched_state,waiting
183681.645497,0,tick,""
183681.645498,3,tick,""
183681.645498,1,sched_state,waiting
183681.645503,1,tick,""
183681.645506,6,sched_state,waiting
183681.645509,0,reduction,""
183681.645513,0,sched_state,running
183681.645514,6,tick,""
183681.645513,7,sched_state,waiting
183681.645518,7,tick,""
183681.645545,3,sched_state,waiting
183681.645551,5,sched_state,waiting
183681.645553,3,tick,""
183681.645557,5,tick,""
183681.645578,2,sched_state,waiting
183681.645579,7,sched_state,waiting
183681.645583,2,tick,""
183681.645584,7,tick,""
183681.645594,6,sched_state,waiting
183681.645599,3,sched_state,waiting
183681.645600,6,tick,""
183681.645603,5,sched_state,waiting
183681.645604,3,tick,""
183681.645609,5,tick,""
183681.645617,4,sched_state,waiting
183681.645620,0,tick,""
183681.645620,1,sched_state,waiting
183681.645623,4,tick,""
183681.645625,1,tick,""
183681.645631,0,reduction,""
183681.645634,0,sched_state,running
183681.645651,5,sched_state,waiting
183681.645656,5,tick,""
183681.645674,1,sched_state,waiting
183681.645679,1,tick,""
183681.645684,2,sched_state,waiting
183681.645690,2,tick,""
183681.645721,4,sched_state,waiting
183681.645725,4,tick,""
183681.645733,6,sched_state,waiting
183681.645736,2,sched_state,waiting
183681.645739,6,tick,""
183681.645741,2,tick,""
183681.645769,1,sched_state,waiting
183681.645774,1,tick,""
183681.645792,7,sched_state,waiting
183681.645798,7,tick,""
183681.645798,0,tick,""
183681.645809,0,reduction,""
183681.645811,0,sched_state,running
183681.645816,5,sched_state,waiting
183681.645818,4,sched_state,waiting
183681.645821,4,tick,""
183681.645821,5,tick,""
183681.645832,6,sched_state,waiting
183681.645839,6,tick,""
183681.645850,2,sched_state,waiting
183681.645855,2,tick,""
183681.645860,5,sched_state,waiting
183681.645867,5,tick,""
183681.645869,3,sched_state,waiting
183681.645873,6,sched_state,waiting
183681.645875,3,tick,""
183681.645878,6,tick,""
183681.645890,4,sched_state,waiting
183681.645894,4,tick,""
183681.645901,2,sched_state,waiting
183681.645906,2,tick,""
183681.645922,3,sched_state,waiting
183681.645928,3,tick,""
183681.645932,7,sched_state,waiting
183681.645938,7,tick,""
183681.645957,3,sched_state,waiting
183681.645963,3,tick,""
183681.645968,1,sched_state,waiting
183681.645970,0,tick,""
183681.645974,7,sched_state,waiting
183681.645974,1,tick,""
183681.645976,6,sched_state,waiting
183681.645980,7,tick,""
183681.645981,0,reduction,""
183681.645983,0,sched_state,running
183681.645983,6,tick,""
183681.645993,4,sched_state,waiting
183681.645995,2,sched_state,waiting
183681.645997,4,tick,""
183681.646000,2,tick,""
183681.646021,6,sched_state,waiting
183681.646026,6,tick,""
183681.646027,1,sched_state,waiting
183681.646032,1,tick,""
183681.646041,7,sched_state,waiting
183681.646046,7,tick,""
183681.646062,6,sched_state,waiting
183681.646068,6,tick,""
183681.646071,2,sched_state,waiting
183681.646076,2,tick,""
183681.646077,1,sched_state,waiting
183681.646082,1,tick,""
183681.646087,7,sched_state,waiting
183681.646093,7,tick,""
183681.646106,3,sched_state,waiting
183681.646112,3,tick,""
183681.646119,2,sched_state,waiting
183681.646121,1,sched_state,waiting
183681.646126,1,tick,""
183681.646124,2,tick,""
183681.646132,5,sched_state,waiting
183681.646134,0,tick,""
183681.646137,5,tick,""
183681.646140,7,sched_state,waiting
183681.646143,0,reduction,""
183681.646146,0,sched_state,running
183681.646146,7,tick,""
183681.646168,6,sched_state,waiting
183681.646172,3,sched_state,waiting
183681.646174,6,tick,""
183681.646177,3,tick,""
183681.646190,2,sched_state,waiting
183681.646195,2,tick,""
183681.646200,5,sched_state,waiting
183681.646200,7,sched_state,waiting
183681.646205,5,tick,""
183681.646206,7,tick,""
183681.646220,6,sched_state,waiting
183681.646225,6,tick,""
183681.646236,1,sched_state,waiting
183681.646242,1,tick,""
183681.646249,7,sched_state,waiting
183681.646253,3,sched_state,waiting
183681.646254,2,sched_state,waiting
183681.646258,3,tick,""
183681.646258,7,tick,""
183681.646260,2,tick,""
183681.646292,6,sched_state,waiting
183681.646298,6,tick,""
183681.646314,4,sched_state,waiting
183681.646315,5,sched_state,waiting
183681.646318,4,tick,""
183681.646317,0,tick,""
183681.646321,5,tick,""
183681.646323,3,sched_state,waiting
183681.646329,3,tick,""
183681.646332,0,reduction,""
183681.646336,0,sched_state,running
183681.646339,7,sched_state,waiting
183681.646348,7,tick,""
183681.646348,1,sched_state,waiting
183681.646354,1,tick,""
183681.646359,4,sched_state,waiting
183681.646367,4,tick,""
183681.646374,3,sched_state,waiting
183681.646375,5,sched_state,waiting
183681.646381,3,tick,""
183681.646382,5,tick,""
183681.646392,6,sched_state,waiting
183681.646404,6,tick,""
183681.646414,4,sched_state,waiting
183681.646416,7,sched_state,waiting
183681.646418,4,tick,""
183681.646422,7,tick,""
183681.646468,7,sched_state,waiting
183681.646471,5,sched_state,waiting
183681.646474,7,tick,""
183681.646478,5,tick,""
183681.646489,4,sched_state,waiting
183681.646493,4,tick,""
183681.646495,2,sched_state,waiting
183681.646498,0,tick,""
183681.646500,3,sched_state,waiting
183681.646503,2,tick,""
183681.646508,0,reduction,""
183681.646508,3,tick,""
183681.646510,0,sched_state,running
183681.646520,6,sched_state,waiting
183681.646536,6,tick,""
183681.646543,4,sched_state,waiting
183681.646547,4,tick,""
183681.646549,3,sched_state,waiting
183681.646554,3,tick,""
183681.646572,7,sched_state,waiting
183681.646580,7,tick,""
183681.646591,4,sched_state,waiting
183681.646595,4,tick,""
183681.646598,5,sched_state,waiting
183681.646605,5,tick,""
183681.646610,2,sched_state,waiting
183681.646617,2,tick,""
183681.646629,3,sched_state,waiting
183681.646631,6,sched_state,waiting
183681.646635,3,tick,""
183681.646636,6,tick,""
183681.646664,0,tick,""
183681.646664,1,sched_state,waiting
183681.646669,1,tick,""
183681.646673,0,reduction,""
183681.646675,5,sched_state,waiting
183681.646675,0,sched_state,running
183681.646680,5,tick,""
183681.646680,7,sched_state,waiting
183681.646686,7,tick,""
183681.646703,4,sched_state,waiting
183681.646710,4,tick,""
183681.646719,6,sched_state,waiting
183681.646724,3,sched_state,waiting
183681.646725,6,tick,""
183681.646730,3,tick,""
183681.646737,4,sched_state,waiting
183681.646740,4,tick,""
183681.646740,7,sched_state,waiting
183681.646746,7,tick,""
183681.646778,1,sched_state,waiting
183681.646784,1,tick,""
183681.646786,3,sched_state,waiting
183681.646792,3,tick,""
183681.646803,7,sched_state,waiting
183681.646804,5,sched_state,waiting
183681.646810,7,tick,""
183681.646810,5,tick,""
183681.646816,6,sched_state,waiting
183681.646823,6,tick,""
183681.646832,4,sched_state,waiting
183681.646836,4,tick,""
183681.646839,3,sched_state,waiting
183681.646844,3,tick,""
183681.646859,7,sched_state,waiting
183681.646864,7,tick,""
183681.646884,1,sched_state,waiting
183681.646891,1,tick,""
183681.646904,4,sched_state,waiting
183681.646904,3,sched_state,waiting
183681.646908,4,tick,""
183681.646910,3,tick,""
183681.646918,7,sched_state,waiting
183681.646923,7,tick,""
183681.646946,3,sched_state,waiting
183681.646951,3,tick,""
183681.646956,2,sched_state,waiting
183681.646961,0,tick,""
183681.646963,2,tick,""
183681.646972,0,reduction,""
183681.646976,0,sched_state,running
183681.646977,4,sched_state,waiting
183681.646979,1,sched_state,waiting
183681.646979,6,sched_state,waiting
183681.646981,4,tick,""
183681.646985,1,tick,""
183681.646987,6,tick,""
183681.647012,5,sched_state,waiting
183681.647014,2,sched_state,waiting
183681.647018,5,tick,""
183681.647020,2,tick,""
183681.647024,1,sched_state,waiting
183681.647030,1,tick,""
183681.647033,4,sched_state,waiting
183681.647036,4,tick,""
183681.647065,2,sched_state,waiting
183681.647069,1,sched_state,waiting
183681.647070,2,tick,""
183681.647074,1,tick,""
183681.647078,4,sched_state,waiting
183681.647081,3,sched_state,waiting
183681.647084,4,tick,""
183681.647088,3,tick,""
183681.647116,5,sched_state,waiting
183681.647118,4,sched_state,waiting
183681.647120,1,sched_state,waiting
183681.647121,4,tick,""
183681.647122,5,tick,""
183681.647124,1,tick,""
183681.647132,3,sched_state,waiting
183681.647136,2,sched_state,waiting
183681.647138,3,tick,""
183681.647138,7,sched_state,waiting
183681.647142,2,tick,""
183681.647145,7,tick,""
183681.647147,0,tick,""
183681.647153,0,reduction,""
183681.647154,0,sched_state,running
183681.647186,6,sched_state,waiting
183681.647196,6,tick,""
183681.647200,2,sched_state,waiting
183681.647206,2,tick,""
183681.647208,3,sched_state,waiting
183681.647216,3,tick,""
183681.647223,5,sched_state,waiting
183681.647230,5,tick,""
183681.647232,6,sched_state,waiting
183681.647238,6,tick,""
183681.647249,2,sched_state,waiting
183681.647254,2,tick,""
183681.647260,4,sched_state,waiting
183681.647262,0,tick,""
183681.647264,4,tick,""
183681.647269,0,reduction,""
183681.647271,0,sched_state,running
183681.647281,1,sched_state,waiting
183681.647282,5,sched_state,waiting
183681.647287,5,tick,""
183681.647287,1,tick,""
183681.647292,7,sched_state,waiting
183681.647300,7,tick,""
183681.647303,4,sched_state,waiting
183681.647307,4,tick,""
183681.647325,3,sched_state,waiting
183681.647326,1,sched_state,waiting
183681.647331,3,tick,""
183681.647331,1,tick,""
183681.647332,6,sched_state,waiting
183681.647340,6,tick,""
183681.647366,1,sched_state,waiting
183681.647366,7,sched_state,waiting
183681.647371,1,tick,""
183681.647371,7,tick,""
183681.647392,6,sched_state,waiting
183681.647398,6,tick,""
183681.647411,7,sched_state,waiting
183681.647411,1,sched_state,waiting
183681.647416,7,tick,""
183681.647417,1,tick,""
183681.647418,0,tick,""
183681.647430,5,sched_state,waiting
183681.647436,5,tick,""
183681.647442,3,sched_state,waiting
183681.647448,3,tick,""
183681.647450,6,sched_state,waiting
183681.647456,6,tick,""
183681.647471,1,sched_state,waiting
183681.647476,1,tick,""
183681.647477,7,sched_state,waiting
183681.647483,7,tick,""
183681.647484,5,sched_state,waiting
183681.647490,5,tick,""
183681.647514,2,sched_state,waiting
183681.647520,2,tick,""
183681.647531,7,sched_state,waiting
183681.647538,7,tick,""
183681.647539,5,sched_state,waiting
183681.647541,3,sched_state,waiting
183681.647545,5,tick,""
183681.647548,3,tick,""
183681.647553,6,sched_state,waiting
183681.647560,6,tick,""
183681.647580,7,sched_state,waiting
183681.647586,7,tick,""
183681.647591,3,sched_state,waiting
183681.647601,3,tick,""
183681.647624,2,sched_state,waiting
183681.647627,4,sched_state,waiting
183681.647632,4,tick,""
183681.647633,2,tick,""
183681.647648,5,sched_state,waiting
183681.647648,6,sched_state,waiting
183681.647649,3,sched_state,waiting
183681.647654,5,tick,""
183681.647654,6,tick,""
183681.647655,3,tick,""
183681.647670,2,sched_state,waiting
183681.647675,2,tick,""
183681.647693,3,sched_state,waiting
183681.647699,3,tick,""
183681.647709,2,sched_state,waiting
183681.647714,2,tick,""
183681.647750,2,sched_state,waiting
183681.647756,2,tick,""
183681.647864,1,sched_state,waiting
183681.647871,1,tick,""
183681.647880,6,sched_state,waiting
183681.647881,0,queue_length,0
183681.647886,6,tick,""
183681.647914,6,sched_state,waiting
183681.647920,6,tick,""
183681.647945,6,sched_state,waiting
183681.647950,6,tick,""
183681.647974,6,sched_state,waiting
183681.647980,6,tick,""
183681.648005,6,sched_state,waiting
183681.648011,6,tick,""
183681.648040,6,sched_state,waiting
183681.648045,6,tick,""
183681.648073,6,sched_state,waiting
183681.648079,6,tick,""
183681.648242,7,sched_state,waiting
183681.648245,0,sched_state,running
183681.648248,2,sched_state,waiting
183681.648249,7,tick,""
183681.648254,2,tick,""
183681.648256,3,sched_state,waiting
183681.648262,3,tick,""
183681.648274,1,sched_state,waiting
183681.648277,6,sched_state,waiting
183681.648280,1,tick,""
183681.648283,6,tick,""
183681.648298,3,sched_state,waiting
183681.648303,3,tick,""
183681.648310,5,sched_state,waiting
183681.648316,5,tick,""
183681.648332,6,sched_state,waiting
183681.648339,6,tick,""
183681.648353,3,sched_state,waiting
183681.648353,5,sched_state,waiting
183681.648354,1,sched_state,waiting
183681.648356,4,sched_state,waiting
183681.648358,0,tick,""
183681.648359,3,tick,""
183681.648359,1,tick,""
183681.648359,5,tick,""
183681.648360,4,tick,""
183681.648366,0,reduction,""
183681.648368,0,sched_state,running
183681.648390,6,sched_state,waiting
183681.648396,6,tick,""
183681.648415,1,sched_state,waiting
183681.648416,4,sched_state,waiting
183681.648416,7,sched_state,waiting
183681.648420,4,tick,""
183681.648422,1,tick,""
183681.648423,7,tick,""
183681.648440,6,sched_state,waiting
183681.648443,5,sched_state,waiting
183681.648447,6,tick,""
183681.648449,5,tick,""
183681.648472,7,sched_state,waiting
183681.648478,7,tick,""
183681.648481,1,sched_state,waiting
183681.648483,3,sched_state,waiting
183681.648486,1,tick,""
183681.648488,3,tick,""
183681.648505,4,sched_state,waiting
183681.648506,5,sched_state,waiting
183681.648509,4,tick,""
183681.648512,5,tick,""
183681.648526,1,sched_state,waiting
183681.648528,2,sched_state,waiting
183681.648532,1,tick,""
183681.648533,0,tick,""
183681.648535,2,tick,""
183681.648540,0,reduction,""
183681.648542,6,sched_state,waiting
183681.648543,0,sched_state,running
183681.648548,6,tick,""
183681.648565,1,sched_state,waiting
183681.648570,1,tick,""
183681.648574,2,sched_state,waiting
183681.648585,2,tick,""
183681.648595,7,sched_state,waiting
183681.648600,4,sched_state,waiting
183681.648601,7,tick,""
183681.648604,4,tick,""
183681.648613,1,sched_state,waiting
183681.648618,1,tick,""
183681.648639,4,sched_state,waiting
183681.648641,5,sched_state,waiting
183681.648643,4,tick,""
183681.648648,5,tick,""
183681.648682,5,sched_state,waiting
183681.648687,5,tick,""
183681.648708,3,sched_state,waiting
183681.648714,0,tick,""
183681.648714,3,tick,""
183681.648716,5,sched_state,waiting
183681.648717,6,sched_state,waiting
183681.648722,0,reduction,""
183681.648723,5,tick,""
183681.648723,6,tick,""
183681.648725,0,sched_state,running
183681.648739,4,sched_state,waiting
183681.648743,4,tick,""
183681.648744,1,sched_state,waiting
183681.648750,1,tick,""
183681.648750,2,sched_state,waiting
183681.648756,2,tick,""
183681.648775,6,sched_state,waiting
183681.648778,3,sched_state,waiting
183681.648782,6,tick,""
183681.648784,3,tick,""
183681.648807,2,sched_state,waiting
183681.648812,5,sched_state,waiting
183681.648813,2,tick,""
183681.648819,5,tick,""
183681.648845,1,sched_state,waiting
183681.648851,1,tick,""
183681.648852,6,sched_state,waiting
183681.648858,6,tick,""
183681.648864,2,sched_state,waiting
183681.648869,5,sched_state,waiting
183681.648869,2,tick,""
183681.648875,5,tick,""
183681.648880,7,sched_state,waiting
183681.648884,0,tick,""
183681.648886,7,tick,""
183681.648890,0,reduction,""
183681.648892,0,sched_state,running
183681.648896,1,sched_state,waiting
183681.648897,3,sched_state,waiting
183681.648901,1,tick,""
183681.648901,4,sched_state,waiting
183681.648903,3,tick,""
183681.648906,4,tick,""
183681.648924,5,sched_state,waiting
183681.648936,5,tick,""
183681.648938,1,sched_state,waiting
183681.648942,1,tick,""
183681.648956,7,sched_state,waiting
183681.648962,7,tick,""
183681.648976,5,sched_state,waiting
183681.648981,5,tick,""
183681.648983,2,sched_state,waiting
183681.648989,2,tick,""
183681.649010,3,sched_state,waiting
183681.649016,5,sched_state,waiting
183681.649017,3,tick,""
183681.649022,5,tick,""
183681.649034,4,sched_state,waiting
183681.649038,4,tick,""
183681.649043,6,sched_state,waiting
183681.649048,1,sched_state,waiting
183681.649049,6,tick,""
183681.649051,0,tick,""
183681.649055,1,tick,""
183681.649057,0,reduction,""
183681.649059,0,sched_state,running
183681.649068,2,sched_state,waiting
183681.649069,7,sched_state,waiting
183681.649073,2,tick,""
183681.649075,7,tick,""
183681.649082,4,sched_state,waiting
183681.649086,4,tick,""
183681.649100,1,sched_state,waiting
183681.649106,1,tick,""
183681.649116,2,sched_state,waiting
183681.649122,2,tick,""
183681.649130,7,sched_state,waiting
183681.649136,7,tick,""
183681.649144,1,sched_state,waiting
183681.649149,1,tick,""
183681.649171,7,sched_state,waiting
183681.649177,7,tick,""
183681.649209,7,sched_state,waiting
183681.649215,7,tick,""
183681.649224,5,sched_state,waiting
183681.649231,5,tick,""
183681.649236,0,tick,""
183681.649241,0,reduction,""
183681.649242,6,sched_state,waiting
183681.649243,0,sched_state,running
183681.649248,6,tick,""
183681.649266,5,sched_state,waiting
183681.649272,5,tick,""
183681.649295,6,sched_state,waiting
183681.649301,6,tick,""
183681.649302,3,sched_state,waiting
183681.649309,3,tick,""
183681.649313,5,sched_state,waiting
183681.649320,5,tick,""
183681.649323,2,sched_state,waiting
183681.649327,1,sched_state,waiting
183681.649329,2,tick,""
183681.649333,1,tick,""
183681.649344,6,sched_state,waiting
183681.649350,6,tick,""
183681.649374,4,sched_state,waiting
183681.649379,4,tick,""
183681.649385,1,sched_state,waiting
183681.649392,1,tick,""
183681.649393,5,sched_state,waiting
183681.649399,5,tick,""
183681.649404,6,sched_state,waiting
183681.649409,4,sched_state,waiting
183681.649411,6,tick,""
183681.649413,4,tick,""
183681.649419,3,sched_state,waiting
183681.649425,3,tick,""
183681.649427,1,sched_state,waiting
183681.649432,1,tick,""
183681.649447,4,sched_state,waiting
183681.649451,4,tick,""
183681.649456,6,sched_state,waiting
183681.649462,6,tick,""
183681.649483,4,sched_state,waiting
183681.649485,3,sched_state,waiting
183681.649487,4,tick,""
183681.649491,3,tick,""
183681.649499,6,sched_state,waiting
183681.649506,6,tick,""
183681.649514,4,sched_state,waiting
183681.649519,4,tick,""
183681.649528,3,sched_state,waiting
183681.649532,0,tick,""
183681.649531,7,sched_state,waiting
183681.649534,3,tick,""
183681.649537,7,tick,""
183681.649538,0,reduction,""
183681.649539,0,sched_state,running
183681.649544,6,sched_state,waiting
183681.649550,6,tick,""
183681.649554,5,sched_state,waiting
183681.649561,5,tick,""
183681.649561,1,sched_state,waiting
183681.649566,1,tick,""
183681.649593,6,sched_state,waiting
183681.649594,2,sched_state,waiting
183681.649600,2,tick,""
183681.649600,6,tick,""
183681.649613,1,sched_state,waiting
183681.649620,1,tick,""
183681.649631,5,sched_state,waiting
183681.649631,3,sched_state,waiting
183681.649637,5,tick,""
183681.649638,3,tick,""
183681.649643,2,sched_state,waiting
183681.649649,2,tick,""
183681.649651,0,tick,""
183681.649653,7,sched_state,waiting
183681.649656,0,reduction,""
183681.649658,0,sched_state,running
183681.649659,7,tick,""
183681.649676,5,sched_state,waiting
183681.649682,5,tick,""
183681.649704,4,sched_state,waiting
183681.649704,6,sched_state,waiting
183681.649709,4,tick,""
183681.649711,6,tick,""
183681.649720,7,sched_state,waiting
183681.649726,7,tick,""
183681.649732,4,sched_state,waiting
183681.649734,3,sched_state,waiting
183681.649736,4,tick,""
183681.649740,3,tick,""
183681.649795,4,sched_state,waiting
183681.649796,3,sched_state,waiting
183681.649799,4,tick,""
183681.649802,3,tick,""
183681.649804,5,sched_state,waiting
183681.649811,5,tick,""
183681.649819,6,sched_state,waiting
183681.649822,0,tick,""
183681.649822,1,sched_state,waiting
183681.649827,6,tick,""
183681.649827,1,tick,""
183681.649832,0,reduction,""
183681.649834,0,sched_state,running
183681.649838,2,sched_state,waiting
183681.649838,3,sched_state,waiting
183681.649842,7,sched_state,waiting
183681.649844,3,tick,""
183681.649844,2,tick,""
183681.649847,7,tick,""
183681.649898,3,sched_state,waiting
183681.649904,3,tick,""
183681.649928,1,sched_state,waiting
183681.649935,1,tick,""
183681.649939,4,sched_state,waiting
183681.649941,0,tick,""
183681.649944,4,tick,""
183681.649946,0,sched_state,stop
183681.649946,5,sched_state,waiting
183681.649952,5,tick,""
183681.649954,7,sched_state,waiting
